<?xml version="1.0"?>
<opencv_storage>
<L2_diff>9.3946793452464362e+01</L2_diff>
<test_hist type_id="opencv-matrix">
  <rows>256</rows>
  <cols>1</cols>
  <dt>f</dt>
  <data>
    9.11948364e+02 4.77756836e+02 9.59427368e+02 8.57227600e+02
    6.48518188e+02 3.75261536e+02 8.85280029e+02 4.05471436e+02
    5.06729401e+02 3.77082214e+02 1.77258484e+02 4.16037048e+02
    7.40042419e+02 3.93654602e+02 4.80952148e+02 5.51051086e+02
    3.51933014e+02 1.18369843e+02 8.72325928e+02 6.33552673e+02
    6.73097046e+02 2.61417725e+02 3.93435364e+02 9.01129028e+02
    6.30576294e+02 4.55526367e+02 5.77903992e+02 6.33048279e+02
    3.06449158e+02 4.30693115e+02 9.23622437e+02 2.60372345e+02
    8.64593262e+02 6.67484802e+02 4.54871826e+01 8.08309937e+01
    5.54864197e+02 2.42030487e+02 5.72285156e+02 5.95411499e+02
    8.60757141e+02 7.81936340e+01 4.15090240e+02 3.78524414e+02
    8.02614136e+01 2.20337036e+02 3.44747742e+02 9.62441162e+02
    7.46547546e+01 6.16788513e+02 4.28373383e+02 2.94545044e+02
    6.35760498e+00 1.34363007e+02 2.97416290e+02 8.28866272e+02
    7.53767395e+01 7.57832275e+02 5.15703735e+01 7.27950012e+02
    2.06153259e+01 5.08233734e+02 7.57192261e+02 2.23033447e+01
    1.61470612e+02 4.55645172e+02 3.58107178e+02 9.44678650e+02
    5.71003723e+02 3.48053345e+02 4.38954437e+02 8.42601135e+02
    4.45997711e+02 6.92144470e+02 3.15266327e+02 2.85614929e+02
    7.65850708e+02 9.87750488e+02 2.06252594e+02 3.05070923e+02
    4.99114563e+02 4.83532104e+01 2.68224304e+02 5.54868225e+02
    9.82999023e+02 8.26649902e+02 8.87316833e+02 9.08578003e+02
    8.92856201e+02 6.73034363e+02 2.77378082e+02 3.95470947e+02
    5.42698303e+02 5.96006348e+02 9.00681458e+02 4.05901001e+02
    6.78212708e+02 4.44070496e+02 8.39823120e+02 6.23786133e+02
    2.71953491e+02 1.53522125e+02 1.34174683e+02 3.13930420e+02
    4.79266785e+02 9.54123413e+02 8.53244568e+02 5.37034180e+02
    3.91594727e+02 2.13217560e+02 5.31367310e+02 1.87040344e+02
    2.43318848e+02 7.12419006e+02 8.26834534e+02 4.89797241e+02
    1.12460327e+01 5.18528503e+02 2.46202621e+02 1.73960571e+01
    8.31612183e+02 2.57437988e+02 4.53426758e+02 2.06661896e+02
    2.11361816e+02 9.34493530e+02 2.22251678e+02 7.41837952e+02
    9.06324341e+02 6.52591248e+02 6.27362000e+02 5.31324097e+02
    4.08821442e+02 1.57998596e+02 9.28688660e+02 7.09245911e+01
    6.08675659e+02 5.75026123e+02 8.56682251e+02 1.46562714e+02
    2.26219269e+02 8.31287659e+02 8.31612366e+02 7.02656128e+02
    6.47066101e+02 6.17607727e+02 4.61785248e+02 2.99861755e+01
    1.59853516e+01 6.42718384e+02 4.49110291e+02 6.13348022e+02
    9.32644409e+02 4.93638733e+02 3.13150879e+02 2.51746674e+02
    6.96638916e+02 1.42875671e+01 7.49585632e+02 8.16545776e+02
    1.88593567e+02 8.84618286e+02 2.22605743e+02 1.01575012e+02
    3.03571655e+02 9.60591248e+02 9.71219177e+01 8.12909058e+02
    3.93787537e+02 1.35313660e+02 9.01160889e+01 7.76512207e+02
    6.90497070e+02 5.63965515e+02 5.05474213e+02 5.82523376e+02
    5.83172241e+02 4.18660461e+02 8.22296997e+02 3.28769165e+02
    8.69140137e+02 7.83444214e+02 9.93675415e+02 3.26395355e+02
    4.67707825e+02 7.07552612e+02 1.28993347e+02 8.94602905e+02
    3.78175354e+01 6.38252563e+01 8.34115234e+02 2.87311462e+02
    1.86256958e+02 4.88981934e+02 3.14893341e+02 8.81557861e+02
    2.80072662e+02 5.02015564e+02 7.18224121e+02 9.47703430e+02
    7.66039673e+02 8.73313843e+02 4.69344299e+02 7.49065918e+02
    3.88786530e+02 6.69607666e+02 8.24983032e+02 9.43136597e+02
    9.90728027e+02 6.59273010e+02 8.37582886e+02 6.35443909e+02
    8.71101746e+02 3.99546234e+02 3.65188904e+02 8.14039551e+02
    5.84789246e+02 5.27287781e+02 2.21529846e+01 6.27546326e+02
    8.18696228e+02 1.08052063e+01 7.05223022e+02 8.27856140e+01
    8.59736023e+01 1.40103149e+00 1.76375793e+02 8.15546753e+02
    3.70483337e+02 7.33236694e+02 1.73830353e+02 9.15862549e+02
    7.23101318e+02 8.46703491e+02 6.81097656e+02 9.88847656e+02
    7.54388550e+02 7.07865723e+02 7.09147217e+02 5.05252075e+02
    3.55177246e+02 8.11911499e+02 3.61249634e+02 2.16354370e+02
    6.00836121e+02 5.01156525e+02 7.55809814e+02 4.66877625e+02
    4.50376068e+02 8.86057251e+02 5.51901489e+02 2.64257111e+02
    6.44326965e+02 1.13256104e+02 7.07432251e+02 5.02780426e+02</data></test_hist>
<my_lkt type_id="opencv-matrix">
  <rows>256</rows>
  <cols>1</cols>
  <dt>u</dt>
  <data>
    2 3 5 6 8 9 10 11 12 13 13 14 16 16 17 19 19 19 21 23 24 24 25 27 28
    29 30 32 32 33 35 36 37 39 39 39 40 41 42 43 45 45 46 46 47 47 48 50
    50 51 52 53 53 53 53 55 55 57 57 58 58 59 61 61 61 62 63 65 66 67 68
    69 70 72 72 73 74 76 77 77 78 79 79 80 82 84 86 87 89 91 91 92 93 94
    96 97 98 99 101 102 103 103 103 104 105 107 109 110 110 111 112 112
    113 114 116 117 117 118 119 119 120 121 122 122 123 124 125 126 128
    130 131 132 133 133 135 135 136 137 139 139 139 141 142 144 145 146
    147 147 147 148 149 150 152 153 153 154 155 155 157 158 158 160 161
    161 161 163 163 165 165 166 166 167 169 170 171 172 173 174 175 176
    177 179 181 181 182 183 184 185 185 185 187 188 188 189 189 191 192
    192 194 196 197 199 199 201 202 203 204 206 208 209 211 212 214 214
    215 216 218 219 219 220 221 221 223 223 223 223 223 225 225 227 227
    229 230 232 233 235 236 238 239 240 240 242 243 243 244 245 246 247
    248 250 251 251 253 253 254 255</data></my_lkt>
<your_lkt type_id="opencv-matrix">
  <rows>256</rows>
  <cols>1</cols>
  <dt>u</dt>
  <data>
    2 3 5 5 6 6 7 8 8 9 10 10 10 11 12 12 12 12 13 14 15 17 18 19 20 21
    23 23 25 25 25 25 26 26 26 28 30 30 32 33 33 34 34 36 36 37 38 40 40
    41 43 45 46 47 48 49 49 51 51 51 52 54 55 57 57 58 59 60 61 62 64 64
    66 68 70 70 72 72 73 74 74 75 75 77 77 79 80 81 81 82 83 85 86 87 89
    89 90 90 91 93 93 93 94 94 96 98 99 100 101 103 105 105 106 108 109
    109 111 113 114 116 117 117 118 119 119 121 121 123 125 125 126 126
    127 127 129 129 130 130 131 133 135 135 135 137 138 139 141 142 143
    144 144 146 148 149 151 152 152 154 154 155 155 155 156 157 158 159
    159 159 160 161 162 162 163 164 164 166 167 168 170 171 172 173 175
    177 177 179 180 181 183 183 183 184 185 186 187 187 188 190 191 193
    195 196 197 197 199 201 201 203 204 205 207 208 209 210 212 213 215
    215 216 217 219 220 220 221 222 224 224 224 225 226 227 227 228 228
    229 230 231 232 234 235 237 237 239 240 241 242 244 246 246 248 249
    251 251 253 254 255</data></your_lkt>
</opencv_storage>
