<?xml version="1.0"?>
<opencv_storage>
<L2_diff>2.9362050337127346e+02</L2_diff>
<r>9</r>
<test_img type_id="opencv-matrix">
  <rows>50</rows>
  <cols>100</cols>
  <dt>u</dt>
  <data>
    25 95 98 181 113 62 243 234 235 88 89 196 109 43 139 166 89 5 117 89
    58 175 10 234 218 201 51 236 112 125 175 0 12 222 249 39 113 125 63
    118 122 142 144 169 168 135 111 57 195 74 151 38 180 152 129 137 158
    177 213 150 49 162 66 211 236 165 166 249 120 155 157 116 5 188 230
    245 181 213 9 100 33 193 6 148 113 154 20 69 112 237 225 179 201 166
    50 151 15 167 96 240 30 213 176 251 202 19 206 162 61 132 123 144 65
    180 217 169 240 155 80 179 72 220 56 178 22 240 2 151 51 25 51 27
    185 241 186 0 189 56 175 33 215 150 1 35 132 31 248 130 55 124 79
    213 104 235 173 106 123 59 70 234 237 201 118 130 204 149 59 53 75
    31 249 26 78 33 233 243 26 123 86 139 3 26 232 74 144 116 251 132
    236 162 249 231 119 39 202 210 168 213 100 72 24 88 80 243 189 84 80
    199 160 122 93 184 56 214 185 72 80 59 170 95 133 74 204 240 142 241
    75 244 43 225 212 212 227 123 223 161 186 140 227 242 231 1 14 235
    81 252 169 196 100 243 21 223 65 140 76 184 8 30 142 33 83 14 218 27
    75 164 5 121 62 143 56 26 202 0 56 171 184 110 161 83 249 32 112 215
    17 173 129 109 140 77 23 77 104 232 138 37 191 245 166 107 80 83 247
    107 237 150 245 69 154 224 250 217 186 144 101 66 235 151 22 128 17
    165 217 8 243 159 186 22 99 65 135 220 137 66 249 0 76 54 8 92 37 57
    247 194 171 72 27 122 78 189 79 153 102 57 237 111 79 229 59 161 95
    8 255 216 248 2 238 205 130 208 230 227 50 251 85 49 235 45 206 75
    198 46 124 214 72 231 44 3 170 73 231 247 249 231 111 244 233 203
    192 17 239 0 195 19 49 161 2 3 116 12 169 88 127 163 226 73 237 55
    79 34 1 176 177 156 252 127 133 63 178 98 172 82 94 191 77 220 176
    75 88 36 160 226 169 134 93 67 229 221 20 132 122 130 78 239 245 49
    161 129 223 1 248 241 237 144 254 87 183 123 244 14 61 0 194 48 47
    37 47 35 172 163 17 121 244 74 110 150 68 90 190 206 155 234 243 88
    84 179 225 121 255 206 24 227 97 134 246 229 71 6 176 55 151 118 198
    113 216 86 198 222 45 91 209 116 226 67 138 102 223 201 140 143 43
    117 225 38 109 35 231 189 74 147 65 67 143 78 226 163 110 140 161 9
    127 214 155 151 124 96 161 10 164 58 38 68 180 173 214 202 156 77
    241 82 172 141 134 140 96 89 205 83 121 194 122 54 68 18 11 255 86
    108 15 210 114 93 251 27 120 176 181 135 230 188 1 89 39 240 81 246
    97 47 251 134 229 186 221 248 225 157 47 209 176 153 157 89 120 253
    192 143 7 44 254 54 238 250 19 154 198 175 183 68 89 241 73 95 140
    206 194 48 86 111 87 14 66 102 235 68 128 197 227 225 167 82 155 197
    75 101 45 195 172 91 6 131 135 102 75 128 86 208 223 173 223 52 226
    105 226 44 197 80 174 129 90 202 12 94 212 175 167 24 216 135 235
    207 147 99 204 250 189 99 74 137 44 22 49 184 195 240 115 199 111
    249 60 123 69 95 146 16 5 253 11 2 236 183 157 227 18 146 89 199 191
    208 35 172 34 38 113 187 246 244 117 13 234 185 164 114 175 91 248
    171 212 56 101 74 192 97 221 15 63 140 215 145 198 59 139 168 16 212
    180 128 0 22 115 72 187 231 207 60 248 203 2 60 222 86 253 25 44 208
    80 167 69 1 177 189 250 114 162 166 241 156 71 136 62 246 98 189 206
    182 128 216 55 145 17 128 173 61 83 162 78 10 222 201 20 102 67 119
    129 206 200 251 167 198 25 187 102 55 22 230 40 232 211 187 182 7 5
    10 212 121 27 66 222 24 19 154 7 207 25 214 171 113 51 168 107 149
    170 231 7 179 226 20 161 80 118 51 152 50 173 167 18 30 164 108 53
    112 17 47 159 196 119 243 105 183 124 108 62 20 188 62 196 114 162
    163 210 3 204 145 170 63 206 150 244 247 228 142 78 48 30 24 226 62
    159 155 98 18 139 42 36 107 145 126 230 93 58 149 135 211 237 204 85
    246 5 97 12 161 34 214 27 187 171 97 111 81 92 61 165 167 32 10 203
    251 54 91 74 123 76 124 162 72 84 206 172 90 200 239 165 203 76 145
    91 58 225 61 243 215 168 149 100 235 233 236 142 125 231 21 206 22
    72 188 31 60 146 125 226 202 43 255 163 20 142 62 104 114 22 87 57
    209 95 57 70 134 33 85 50 88 25 93 55 86 244 230 215 61 179 92 102
    114 201 79 222 129 26 86 240 212 66 240 4 33 132 117 214 17 230 152
    83 141 129 23 75 91 104 200 208 228 161 101 199 23 86 37 153 226 21
    197 164 170 87 73 142 22 228 97 206 225 178 107 230 174 238 226 107
    188 255 109 37 39 63 20 120 209 96 27 252 199 243 98 47 214 108 149
    216 52 154 138 133 7 132 222 245 110 51 248 110 20 253 19 120 158
    138 46 127 183 156 191 152 23 120 116 101 247 7 198 106 230 199 251
    96 190 8 72 145 142 190 255 28 243 28 130 10 64 9 51 94 161 194 130
    187 64 161 87 29 197 38 93 109 211 218 144 202 8 119 66 154 80 58 7
    138 121 204 27 159 101 245 200 6 109 248 228 208 16 55 107 118 115
    224 252 237 8 109 207 45 13 65 4 125 231 218 241 77 116 245 45 179
    68 11 217 216 17 160 82 187 226 199 151 243 178 161 126 12 47 129
    127 156 122 253 158 202 213 89 4 143 100 18 208 124 85 4 137 72 161
    131 250 179 68 25 166 139 115 136 133 118 223 73 180 200 156 212 107
    56 172 251 114 28 13 199 219 89 158 60 89 48 218 160 242 183 231 1
    55 248 184 255 27 234 152 228 246 23 33 205 120 206 197 226 103 82 5
    49 116 211 83 228 162 105 33 239 34 132 111 15 102 227 181 22 104 46
    29 15 231 219 179 33 2 239 145 211 104 177 77 149 93 232 101 22 97
    70 130 32 163 135 229 5 47 150 14 103 0 220 238 45 243 61 88 178 43
    41 191 234 103 225 233 142 196 242 73 43 221 60 151 114 194 50 207
    50 23 228 149 249 183 27 254 81 142 219 180 132 167 245 108 7 17 62
    10 42 84 100 201 95 49 188 26 217 185 29 196 246 27 92 54 214 148 32
    174 37 67 53 140 3 156 1 26 132 145 24 120 192 186 239 249 249 20 75
    226 84 60 176 51 160 155 83 64 16 123 242 86 217 234 96 50 1 134 82
    202 227 251 36 244 67 170 233 127 48 215 53 23 207 0 44 171 199 252
    122 133 155 215 132 105 215 142 38 55 200 138 250 229 3 198 39 252
    48 141 225 188 10 11 190 205 191 145 80 166 133 154 6 85 143 179 5
    96 204 195 77 255 119 214 18 56 60 242 135 128 112 204 32 139 56 210
    138 106 34 23 106 91 92 234 197 161 122 36 166 0 24 100 126 13 106
    77 46 74 110 204 234 151 98 191 59 227 108 115 199 151 60 107 91 243
    246 48 253 242 35 221 89 176 29 158 69 227 179 28 3 121 57 15 169 66
    157 157 221 103 70 39 227 228 36 3 2 168 231 197 27 219 143 156 98
    107 232 146 15 56 139 147 165 133 68 124 24 110 10 165 88 187 100 75
    130 81 21 225 134 181 116 81 133 75 0 167 72 157 239 95 167 159 216
    127 249 178 84 51 41 203 197 129 175 141 40 120 135 244 72 68 255
    203 39 75 56 42 106 209 173 119 34 41 205 70 70 198 87 158 118 24
    253 0 140 211 238 216 213 213 140 133 244 204 249 119 2 222 145 155
    132 37 99 131 79 87 185 43 169 138 218 229 181 37 38 128 26 24 130
    64 131 174 17 111 112 122 248 69 193 185 82 224 94 238 105 179 195
    88 251 139 4 236 28 25 40 235 32 167 9 228 107 249 234 168 174 239
    24 94 153 27 73 129 181 179 109 176 208 217 177 95 120 231 115 73
    124 111 94 68 5 199 139 7 227 30 244 109 252 68 169 60 97 221 237 88
    190 40 153 35 211 132 187 11 45 249 34 52 30 179 45 133 86 99 254 54
    166 98 169 201 152 26 242 173 52 216 179 250 171 41 28 149 96 14 104
    147 188 227 215 25 232 230 181 57 207 71 142 69 222 92 59 41 41 137
    80 191 32 238 66 63 245 16 25 174 51 233 44 64 241 56 80 84 53 210
    177 10 152 76 10 148 121 175 204 231 187 71 48 44 88 205 108 21 232
    195 42 221 13 20 77 56 97 0 111 95 247 34 243 237 64 12 89 145 67
    175 181 7 162 2 79 38 207 170 114 170 230 191 159 182 157 186 86 152
    0 251 72 51 16 139 164 146 149 4 224 70 195 130 100 109 155 21 54
    127 201 61 177 197 78 9 164 171 0 46 232 189 201 52 77 45 6 189 12
    14 230 182 0 250 171 232 251 234 193 207 84 117 215 248 4 94 237 19
    29 143 235 134 86 176 1 193 42 192 65 105 141 44 97 63 146 6 203 2
    76 140 220 234 96 62 72 160 204 94 81 112 47 68 120 106 38 122 140
    103 83 86 82 165 52 50 112 87 225 196 232 40 221 10 100 93 120 131
    42 66 246 148 152 251 7 133 68 14 119 3 210 134 231 16 170 171 56
    211 195 236 211 41 148 219 166 143 123 120 106 181 40 124 82 156 170
    97 0 255 177 43 53 108 70 170 207 249 2 6 30 49 200 9 60 228 6 249
    249 121 200 184 221 100 195 236 158 94 54 109 145 181 48 137 245 224
    180 194 134 176 99 199 0 39 242 84 174 119 228 80 9 149 102 217 207
    168 76 221 208 217 8 48 36 1 93 61 45 111 131 179 125 9 181 6 97 124
    148 97 33 105 70 214 18 224 38 207 197 250 98 132 121 238 51 202 60
    198 103 99 95 82 143 176 191 25 58 0 214 109 113 131 176 99 202 87
    11 99 59 58 198 236 117 154 211 196 93 240 100 197 124 20 166 188
    231 105 87 130 185 17 39 116 194 48 77 184 76 137 63 109 128 42 0
    243 232 194 225 109 73 169 237 59 189 193 68 11 13 187 59 7 121 187
    203 12 110 197 63 171 255 200 81 140 42 165 189 64 197 170 175 187
    106 154 41 97 106 172 109 72 143 22 68 186 159 92 207 246 225 47 172
    92 8 224 242 228 236 152 245 25 152 54 211 29 145 67 241 160 17 182
    40 204 193 66 64 154 235 59 204 11 87 170 143 109 69 18 86 21 116
    179 166 223 170 136 37 210 8 243 7 228 62 251 11 86 9 244 2 192 251
    236 36 190 57 186 13 233 115 43 247 45 112 44 193 92 20 224 221 239
    64 151 48 11 250 253 189 91 148 113 3 202 17 113 113 229 177 88 60
    228 33 159 181 106 92 243 19 102 187 115 2 31 118 112 219 46 83 20
    44 204 81 19 114 155 176 85 217 46 205 104 173 13 161 131 46 40 200
    199 154 248 81 40 125 162 248 101 125 20 105 94 238 64 172 216 135
    191 245 249 99 53 0 137 151 84 104 108 172 210 204 50 72 168 236 18
    246 106 77 157 49 66 71 202 112 123 250 207 74 64 60 162 147 71 27
    239 157 46 62 134 176 42 245 194 69 53 147 240 206 138 98 4 244 66
    131 233 242 133 81 192 244 203 250 82 194 235 53 134 251 188 124 93
    99 234 222 15 207 109 94 196 37 56 124 205 7 154 23 120 187 240 120
    72 202 81 75 116 230 106 143 194 190 225 80 159 139 103 226 218 168
    153 149 216 68 127 221 180 30 210 160 188 241 42 79 4 133 96 236 136
    242 246 119 95 25 32 132 217 169 198 77 18 93 248 97 57 79 139 130
    105 255 27 15 163 220 75 124 136 132 13 116 207 9 200 152 179 67 22
    182 212 123 65 94 202 121 48 139 110 166 26 51 15 119 114 89 37 236
    194 200 142 145 199 132 243 35 182 129 251 149 147 66 163 125 81 59
    189 102 113 232 24 188 49 137 76 10 254 2 129 241 165 9 177 41 134
    246 112 57 71 71 39 145 157 229 69 102 1 173 235 44 63 46 136 211
    111 154 68 130 124 66 216 244 187 67 255 44 168 22 157 57 104 72 224
    126 245 125 57 122 254 90 72 212 96 189 11 49 213 45 44 221 164 173
    109 136 62 196 68 48 105 172 33 90 207 232 162 223 67 21 189 230 194
    238 245 30 250 167 110 226 144 39 212 71 47 127 153 241 41 116 102
    230 13 234 75 215 99 120 25 213 148 214 176 133 30 14 245 152 73 145
    14 201 2 45 11 138 49 109 77 125 172 56 44 179 7 195 122 37 96 135
    175 100 101 158 45 69 61 56 135 140 209 27 32 250 73 179 183 8 120
    69 6 43 244 60 24 124 4 120 73 194 45 113 154 225 68 26 71 184 149
    204 112 227 14 31 227 228 124 55 225 214 95 209 185 34 5 77 250 149
    48 141 119 149 27 177 132 226 19 47 66 120 154 209 31 36 111 162 208
    240 49 10 80 187 199 22 166 40 208 195 232 233 202 12 108 254 91 6
    180 113 247 27 154 190 25 42 225 162 187 204 14 189 131 197 183 67
    60 134 33 241 27 62 167 204 161 12 6 6 202 113 50 109 242 233 134
    124 88 161 47 118 115 221 170 118 61 135 56 16 223 199 151 81 233
    210 212 41 165 149 86 222 82 47 108 255 126 125 79 189 52 173 84 12
    104 193 169 241 118 219 249 122 61 126 3 170 13 5 56 158 111 180 52
    83 58 107 148 42 57 71 57 243 25 38 25 143 42 222 185 212 25 183 70
    23 61 141 1 87 43 96 67 240 139 110 198 23 32 213 177 111 95 209 75
    172 38 217 158 7 161 73 156 161 177 232 150 222 57 245 39 102 230
    237 68 218 230 61 91 237 218 46 195 109 195 75 143 98 129 161 82 59
    212 106 1 92 6 229 16 8 171 107 236 94 211 178 198 81 115 30 228 206
    67 102 73 130 75 31 135 84 119 151 45 104 235 195 155 147 111 126
    180 68 146 79 102 176 47 111 82 188 87 79 215 203 64 59 31 191 53 30
    141 229 24 65 146 10 189 94 100 28 135 23 82 95 188 99 15 38 55 186
    222 119 71 224 39 17 91 170 0 133 70 185 239 152 98 226 54 151 121
    215 28 92 11 210 221 145 231 52 236 44 134 103 251 115 254 207 100
    54 243 157 89 204 214 69 33 31 124 230 33 91 187 229 40 162 47 178
    212 47 48 232 7 30 87 134 75 13 229 252 110 46 209 228 97 221 110
    199 197 117 179 250 152 144 109 198 46 91 182 231 154 159 31 83 222
    209 140 209 58 68 230 170 76 102 219 126 217 197 142 63 166 153 129
    21 224 62 247 210 207 244 243 104 117 94 184 4 95 65 76 120 106 17
    55 83 198 84 160 249 89 213 119 190 161 225 39 115 38 83 34 35 110
    23 132 91 227 103 92 30 122 119 100 189 228 225 151 244 164 55 14
    121 62 75 158 184 168 169 237 118 213 167 67 193 44 156 74 207 185
    130 140 189 19 65 149 234 74 241 122 5 107 183 205 182 78 0 157 130
    20 186 182 37 63 112 173 204 72 26 66 221 106 145 241 50 120 126 80
    184 183 250 251 228 199 45 145 17 65 140 101 190 105 155 60 66 159
    49 240 181 78 138 238 124 157 77 109 106 39 196 17 24 201 251 89 68
    143 188 176 61 23 195 75 243 236 0 227 83 251 239 58 214 4 31 57 177
    5 230 243 84 221 34 145 194 90 35 235 184 71 246 173 199 109 167 211
    41 231 168 120 9 125 83 112 137 221 213 158 123 83 170 146 127 86 59
    230 125 207 62 208 89 239 182 115 129 45 140 44 178 136 7 142 196 0
    41 181 225 74 220 136 181 131 155 158 197 111 68 156 235 121 46 133
    193 161 84 109 156 244 128 71 235 240 10 102 139 235 195 110 253 209
    230 25 34 68 229 118 148 212 201 27 52 20 207 70 99 77 165 76 203
    114 105 35 59 26 203 91 41 195 239 223 129 246 240 143 189 59 164 73
    44 127 156 186 127 81 136 2 222 27 14 156 38 160 106 123 83 66 199
    222 95 138 137 244 47 86 75 171 86 85 248 125 169 252 248 234 30 253
    45 215 29 224 235 110 232 204 174 156 34 177 185 80 119 51 15 22 45
    232 15 254 227 168 223 227 253 178 71 211 177 236 64 252 177 119 130
    122 199 122 142 30 59 122 209 192 33 47 154 228 216 70 89 218 122 68
    184 154 215 103 112 43 241 4 126 150 122 10 68 118 201 238 170 68
    128 65 43 183 244 166 27 67 126 35 80 120 109 132 240 189 232 191 25
    18 6 63 128 92 124 53 105 153 62 47 2 81 122 186 96 71 105 163 120
    148 43 94 246 167 28 240 152 58 238 118 152 72 54 90 87 217 237 20
    252 14 59 232 5 163 105 205 22 4 153 183 64 221 41 113 37 22 252 192
    221 191 64 191 200 243 64 141 155 242 125 26 218 80 220 34 201 8 54
    191 225 34 199 96 146 16 15 17 241 251 197 95 198 219 3 215 147 170
    189 38 200 124 13 15 185 140 145 104 64 213 58 71 25 249 234 104 153
    7 188 193 180 18 173 196 157 118 40 83 239 181 206 236 95 82 227 206
    113 215 191 48 50 143 61 93 188 216 91 79 73 228 21 111 30 198 14 1
    176 13 76 254 216 43 154 55 203 226 186 203 219 123 225 232 17 5 41
    180 60 223 146 127 12 69 137 134 58 53 186 112 252 204 151 53 216
    194 135 203 27 120 199 218 245 11 64 43 167 158 146 146 154 136 30
    106 127 56 13 80 221 44 134 147 150 216 154 22 106 250 198 239 207
    96 158 182 103 246 20 165 111 26 139 170 16 36 14 30 114 148 208 169
    127 6 193 96 203 121 250 178 40 54 170 217 110 140 254 20 220 207
    100 52 103 253 209 99 119 93 90 114 109 208 193 18 72 38 227 0 174
    189 149 30 32 248 225 88 175 179 80 9 52 156 229 168 144 178 52 62
    203 234 84 228 242 32 101 110 36 172 169 212 235 242 27 148 248 100
    22 214 49 153 147 174 16 163 171 224 228 196 253 112 8 196 7 187 55
    145 166 186 82 198 144 110 21 9 135 65 89 26 44 199 219 124 91 201
    252 155 228 225 54 8 135 129 223 153 202 119 2 34 231 106 88 8 214
    81 159 188 232 172 160 118 133 132 37 201 34 163 122 69 194 171 76
    252 172 189 136 249 149 171 173 226 193 147 200 135 50 199 72 15 252
    11 218 182 163 53 253 152 96 163 15 178 54 175 197 201 29 247 111
    111 148 85 188 82 215 162 239 235 168 112 121 142 144 239 113 229
    196 247 176 4 138 169 117 86 200 150 171 78 117 160 18 157 77 56 220
    119 205 233 163 227 29 109 127 221 8 162 14 189 17 182 253 129 96
    172 213 46 219 211 175 95 63 143 27 52 252 251 195 86 142 229 165
    131 116 57 86 174 171 105 203 42 1 244 242 167 5 146 152 177 86 149
    133 90 18 222 89 238 68 117 153 126 29 244 53 237 122 194 105 199 76
    199 99 162 139 1 12 91 225 174 190 217 118 4 189 152 48 114 76 76
    206 243 17 185 255 34 171 5 42 50 112 191 218 100 157 235 200 85 112
    205 102 130 66 56 54 59 88 153 145 142 48 53 16 22 106 253 67 66 49
    14 35 4 199 198 44 238 191 180 154 85 48 70 232 149 42 95 10 199 202
    23 233 117 163 96 7 11 101 208 28 107 165 19 68 127 219 2 187 97 147
    67 183 122 87 218 60 18 112 24 57 185 236 187 237 229 153 199 166
    125 124 51 82 157 220 164 123 52 144 26 72 40 17 128 107 177 185 102
    248 163 98 160 0 163 232 102 43 163 166 180 166 217 251 178 115 219
    9 114 144 87 29 91 195 228 7 99 234 84 30 120 2 250 163 97 70 170 15
    37 15 192 94 151 187 167 154 125 61 35 182 184 134 227 141 228 167
    227 159 77 71 133 3 137 177 198 108 150 230 139 130 211 110 8 172
    142 199 180 39 138 121 0 201 143 19 124 200 52 75 132 235 19 227 117
    0 69 177 122 201 221 236 197 201 128 118 24 146 59 212 241 23 165
    250 181 100 210 204 220 236 194 112 44 221 248 249 197 104 109 124
    232 65 172 190 159 23 248 128 55 127 218 139 251 130 84 9 236 122 87
    247 131 63 20 103 106 33 113 84 136 111 98 89 49 116 84 19 196 250
    247 208 122 49 164 184 144 21 54 221 101 79 240 15 186 83 117 198
    124 242 48 250 154 57 166 64 195 43 72 30 87 40 108 3 69 162 153 72
    183 165 13 10 62 13 14 2 53 52 173 223 38 168 253 234 55 112 48 80
    97 145 178 166 113 248 211 157 175 170 208 96 189 196 69 156 138 228
    51 246 155 147 232 52 121 240 14 108 109 152 169 152 178 85 46 16
    106 71 203 167 210 172 85 125 83 111 146 161 60 122 188 55 188 215
    19 226 180 132 132 238 94 254 5 116 30 185 7 106 244 93 200 47 201
    195 6 64 170 80 199 50 190 76 231 215 66 34 182 5 95 100 248 215 238
    131 111 63 54 76 96 115 231 152 9 14 48 41 60 27 203 241 179 4 44
    249 230 8 15 60 197 161 65 27 65 240 215 83 243 217 197 250 208 111
    30 171 248 144 203 107 179 108 251 129 59 93 112 223 196 53 2 198 17
    19 201 138 230 124 108 23 162 250 184 241 21 86 187 174 168 136 45
    183 168 13 105 206 5 248 91 126 34 128 229 41 30 137 106 86 253 168
    50 138 93 11 100 255 69 180 51 20 33 225 94 245 119 165 122 185 4 39
    1 155 100 207 250 173 244 68 235 73 121 26 157 223 5 12 213 128 3
    247 10 18 9 25 159 32 83 140 155 191 68 200 102 179 0 64 0 164 181
    125 186 238 148 193 121 88 208 145 137 117 217 253 190 130 15 53 2
    26 22 69 21 244 221 200 46 44 57 90 149 68 108 212 152 6 233 186 51
    133 12 24 10 243 204 172 208 113 198 152 219 54 133 223 192 231 117
    123 230 178 58 76 70 185 204 251 250 11 203 179 11 210 66 162 143
    173 228 52 73 253 150 91 186 192 26 56 58 104 42 128 66 79 164 116
    145 111 152 6 2 125 228 146 57 246 39 211 98 97 64 18 226 178 13 80
    19 70 7 116 96 45 176 76 80 172 145 187 27 84 97 219 101 74 220 197
    63 146 247 230 74 121 153</data></test_img>
<my_img type_id="opencv-matrix">
  <rows>50</rows>
  <cols>100</cols>
  <dt>u</dt>
  <data>
    25 95 98 181 113 62 243 234 235 88 89 196 109 43 139 166 89 5 117 89
    58 175 10 234 218 201 51 236 112 125 175 0 12 222 249 39 113 125 63
    118 122 142 144 169 168 135 111 57 195 74 151 38 180 152 129 137 158
    177 213 150 49 162 66 211 236 165 166 249 120 155 157 116 5 188 230
    245 181 213 9 100 33 193 6 148 113 154 20 69 112 237 225 179 201 166
    50 151 15 167 96 240 30 213 176 251 202 19 206 162 61 132 123 144 65
    180 217 169 240 155 80 179 72 220 56 178 22 240 2 151 51 25 51 27
    185 241 186 0 189 56 175 33 215 150 1 35 132 31 248 130 55 124 79
    213 104 235 173 106 123 59 70 234 237 201 118 130 204 149 59 53 75
    31 249 26 78 33 233 243 26 123 86 139 3 26 232 74 144 116 251 132
    236 162 249 231 119 39 202 210 168 213 100 72 24 88 80 243 189 84 80
    199 160 122 93 184 56 214 185 72 80 59 170 95 133 74 204 240 142 241
    75 244 43 225 212 212 227 123 223 161 186 140 227 242 231 1 14 235
    81 252 169 196 100 243 21 223 65 140 76 184 8 30 142 33 83 14 218 27
    75 164 5 121 62 143 56 26 202 0 56 171 184 110 161 83 249 32 112 215
    17 173 129 109 140 77 23 77 104 232 138 37 191 245 166 107 80 83 247
    107 237 150 245 69 154 224 250 217 186 144 101 66 235 151 22 128 17
    165 217 8 243 159 186 22 99 65 135 220 137 66 249 0 76 54 8 92 37 57
    247 194 171 72 27 122 78 189 79 153 102 57 237 111 79 229 59 161 95
    8 255 216 248 2 238 205 130 208 230 227 50 251 85 49 235 45 206 75
    198 46 124 214 72 231 44 3 170 73 231 247 249 231 111 244 233 203
    192 17 239 0 195 19 49 161 2 3 116 12 169 88 127 163 226 73 237 55
    79 34 1 176 177 156 252 127 133 63 178 98 172 82 94 191 77 220 176
    75 88 36 160 226 169 134 93 67 229 221 20 132 122 130 78 239 245 49
    161 129 223 1 248 241 237 144 254 87 183 123 244 14 61 0 194 48 47
    37 47 35 172 163 17 121 244 74 110 150 68 90 190 206 155 234 243 88
    84 179 225 121 255 206 24 227 97 134 246 229 71 6 176 55 151 118 198
    113 216 86 198 222 45 91 209 116 226 67 138 102 223 201 140 143 43
    117 225 38 109 35 231 189 74 147 65 67 143 78 226 163 110 140 161 9
    127 214 155 151 124 96 161 10 164 58 38 68 180 173 214 202 156 77
    241 82 172 141 134 140 96 89 205 83 121 194 122 54 68 18 11 255 86
    108 15 210 114 93 251 27 120 176 181 135 230 188 1 89 39 240 81 246
    97 47 251 134 229 186 221 248 225 157 47 209 176 153 157 89 120 253
    192 143 7 44 254 54 238 250 19 154 198 175 183 68 89 241 73 95 140
    206 194 48 86 111 87 14 66 102 235 68 128 197 227 225 167 82 155 197
    75 101 45 195 172 91 6 131 135 102 75 128 86 208 223 173 223 52 226
    105 226 44 197 80 174 129 90 202 12 94 212 175 167 24 216 135 235
    207 147 99 204 250 189 99 74 137 44 22 49 184 195 240 115 199 111
    249 60 123 69 95 146 16 5 253 11 2 236 183 157 227 18 146 89 199 191
    208 35 172 34 38 113 187 246 244 117 13 234 185 164 114 175 91 248
    171 212 56 101 74 192 97 221 15 63 140 215 145 198 59 139 168 16 212
    180 128 0 22 115 72 187 231 207 60 248 203 2 60 222 86 253 25 44 208
    80 167 69 1 177 189 250 114 162 166 241 156 71 136 62 246 98 189 206
    182 128 216 55 145 17 128 173 61 83 162 78 10 222 201 20 102 67 119
    129 206 200 251 167 198 25 187 102 55 22 230 40 232 211 187 182 7 5
    10 212 121 27 66 222 24 19 154 7 207 25 214 171 113 51 168 107 149
    170 231 7 179 226 20 161 80 118 51 152 50 173 167 18 30 164 108 53
    112 17 47 159 196 119 243 105 183 124 108 62 20 188 62 196 114 162
    163 210 7 189 136 162 59 196 141 241 244 227 135 78 51 35 30 227 71
    168 159 101 20 136 45 41 112 148 126 230 95 62 151 139 213 236 207
    82 247 6 93 13 168 40 213 29 189 174 96 110 81 93 54 168 176 37 16
    206 253 56 100 76 123 80 126 162 73 89 208 172 96 202 241 162 199 78
    142 91 53 215 58 240 204 153 149 100 235 233 236 142 125 231 21 206
    22 72 188 31 60 146 125 226 183 40 255 155 22 136 61 97 103 27 86 61
    203 102 67 81 139 40 92 52 93 27 97 64 93 246 233 215 67 181 90 100
    112 204 76 220 126 30 83 239 210 61 239 6 41 136 116 215 23 230 155
    83 147 134 28 85 101 117 202 213 229 165 109 202 20 95 35 154 223 18
    195 160 163 97 74 136 18 218 95 194 210 163 107 230 174 238 226 107
    188 255 109 37 39 63 20 120 209 96 27 252 182 234 96 48 204 106 146
    208 50 150 134 135 11 134 221 246 119 59 248 114 23 253 18 126 164
    138 51 127 189 158 194 154 24 116 112 97 248 8 203 109 231 203 253
    93 191 12 67 148 146 194 255 35 244 36 138 17 67 14 55 104 167 196
    135 192 65 165 93 26 195 32 100 114 213 216 142 191 7 120 63 142 76
    52 7 138 121 204 27 159 101 245 200 6 109 248 228 208 16 55 107 118
    110 210 251 231 16 109 197 49 20 72 7 126 229 214 239 87 126 243 54
    183 73 15 217 217 16 167 84 194 229 207 153 245 181 163 122 13 45
    136 131 162 128 254 158 202 209 85 7 143 104 23 204 125 87 8 143 73
    167 137 250 186 69 30 170 147 119 146 138 117 221 80 184 197 153 212
    113 57 161 251 112 25 11 180 219 89 158 60 89 48 218 160 242 183 231
    1 55 248 184 255 27 234 143 223 240 31 37 198 125 198 182 224 105 85
    9 59 127 212 89 231 172 113 33 239 34 134 117 12 105 229 187 20 98
    44 30 13 237 223 182 34 3 240 155 211 101 176 69 152 92 234 105 25
    101 63 135 37 172 142 232 8 50 154 20 112 4 227 242 45 245 64 97 186
    40 38 188 238 107 224 235 131 184 240 69 32 221 60 151 114 194 50
    207 50 23 228 149 249 183 27 254 81 142 219 163 123 154 238 106 13
    23 69 16 45 85 106 193 102 61 186 35 214 186 31 195 246 28 96 58 216
    148 32 176 37 63 50 145 4 155 2 28 140 153 28 128 199 189 240 251
    251 25 72 228 88 57 182 51 165 164 90 67 25 125 244 94 222 239 105
    49 4 140 85 206 230 253 32 246 72 161 235 128 49 210 52 19 197 0 44
    171 199 252 122 133 155 215 132 105 215 142 38 55 200 138 250 223 8
    183 42 251 54 139 217 172 18 21 185 198 188 158 90 174 142 162 10 90
    144 179 4 102 210 196 76 255 119 218 18 58 57 244 137 130 116 212 32
    150 55 210 138 109 41 28 113 94 97 235 198 167 127 42 172 4 32 109
    126 22 114 86 50 81 116 208 237 148 102 190 60 228 113 122 189 139
    63 106 88 240 244 48 253 242 35 221 89 176 29 158 69 227 179 28 3
    121 57 15 169 72 150 152 213 105 80 42 220 223 42 7 6 169 230 194 38
    215 151 165 106 115 232 150 11 60 138 146 164 136 69 119 25 107 8
    162 84 194 98 70 137 77 26 224 136 180 118 81 137 75 4 173 69 163
    241 103 175 162 216 130 250 183 90 55 44 207 201 128 173 137 36 124
    133 246 77 74 255 198 32 78 53 32 100 209 173 119 34 41 205 70 70
    198 87 158 118 24 253 0 140 211 238 209 204 205 137 131 240 194 249
    121 5 217 155 165 141 47 112 138 85 97 187 44 174 142 223 230 184 37
    40 130 31 24 131 63 133 176 17 110 116 129 251 67 198 188 75 225 93
    239 109 182 196 90 254 147 7 238 36 33 43 236 35 172 15 231 112 250
    236 169 175 240 25 99 150 26 79 129 176 174 107 169 201 209 168 95
    120 231 115 73 124 111 94 68 5 199 139 7 227 30 244 109 252 76 162
    66 100 213 232 93 180 42 155 40 206 141 184 19 56 251 42 59 33 181
    47 139 90 104 254 54 170 99 172 206 156 28 245 177 51 227 188 252
    180 44 32 157 91 15 102 155 190 225 215 28 230 228 184 56 205 69 148
    69 215 95 60 45 42 143 83 189 29 237 67 66 247 16 24 167 49 232 43
    64 239 51 80 84 53 210 177 10 152 76 10 148 121 175 204 231 187 71
    48 44 88 196 114 29 229 186 47 216 20 25 84 64 105 1 124 105 248 42
    241 236 69 13 92 151 71 178 186 6 168 2 79 37 219 176 116 175 236
    203 169 191 171 197 84 161 3 254 69 51 16 144 170 150 152 7 216 70
    193 130 102 112 153 23 57 129 203 63 174 194 81 13 160 170 2 47 230
    184 194 55 85 45 6 181 10 14 230 182 0 250 171 232 251 234 193 207
    84 117 215 248 4 94 237 25 37 148 231 136 90 171 2 182 48 185 75 113
    148 53 102 72 152 10 207 4 77 142 225 233 95 64 79 163 215 90 81 115
    51 70 124 109 40 131 155 102 81 82 77 170 54 49 112 86 224 197 230
    42 212 16 101 93 119 133 42 67 248 148 155 255 9 133 73 18 121 6 207
    131 227 18 160 163 61 210 187 232 204 41 148 219 166 143 123 120 106
    181 40 124 82 156 170 97 0 255 177 49 62 119 85 166 203 249 6 11 37
    61 197 16 73 229 12 251 251 126 205 183 225 109 200 237 159 98 60
    112 150 187 53 148 249 235 190 209 150 186 100 212 3 42 246 81 181
    121 230 73 13 151 99 211 201 172 77 210 201 206 11 45 35 4 94 63 45
    112 131 172 126 12 176 6 95 124 141 100 29 105 71 210 17 224 38 207
    197 250 98 132 121 238 51 202 60 198 103 99 95 82 143 172 184 33 71
    3 211 124 126 134 179 106 203 96 18 107 70 69 201 237 125 160 218
    203 98 242 106 203 132 20 169 197 239 115 97 142 198 18 44 130 210
    55 81 192 77 145 61 114 133 45 4 247 232 195 219 115 74 169 238 59
    179 186 73 16 18 177 64 10 121 178 199 15 112 191 66 165 255 194 88
    138 37 159 182 64 197 170 175 187 106 154 41 97 106 172 109 72 143
    22 68 186 159 97 205 245 223 57 174 104 13 220 239 227 236 160 247
    30 162 64 214 33 152 73 240 166 13 185 37 213 199 67 65 157 242 62
    221 11 96 181 159 115 72 20 86 22 121 184 172 225 174 138 35 209 8
    245 7 225 59 255 15 88 11 246 4 186 255 235 34 180 56 176 16 232 113
    37 249 44 112 43 187 93 21 219 215 239 64 151 48 11 250 253 189 91
    148 113 3 202 17 113 113 229 177 95 69 228 40 162 182 119 102 241 20
    111 189 127 6 37 125 119 218 53 88 20 44 211 86 16 114 158 177 84
    225 40 220 108 179 11 167 146 45 36 215 214 163 252 78 40 129 167
    251 100 129 18 101 92 241 60 169 203 131 181 248 251 97 49 4 138 151
    90 103 108 170 209 201 48 73 162 236 19 247 107 80 157 47 66 71 202
    112 123 250 207 74 64 60 162 147 71 27 239 157 46 62 143 178 47 246
    194 82 64 158 238 206 153 107 7 246 73 139 232 240 139 87 195 244
    207 251 84 194 236 49 135 253 192 128 97 106 239 231 16 221 112 95
    208 37 57 130 211 11 155 22 120 185 243 116 66 195 78 71 107 228 100
    132 185 182 223 81 155 138 100 225 212 165 158 147 215 69 129 223
    178 30 208 158 183 239 42 79 4 133 96 236 136 242 246 119 95 25 32
    132 217 169 198 77 20 97 249 105 62 89 153 138 112 255 24 16 175 219
    78 133 147 140 13 123 210 9 203 155 173 65 17 178 215 122 62 94 207
    128 50 147 118 167 24 52 15 124 117 93 37 242 196 205 141 145 197
    129 247 32 172 121 255 144 138 61 149 121 83 59 182 100 108 232 24
    184 48 135 74 10 254 4 133 244 164 10 176 34 134 246 112 57 71 71 39
    145 157 229 69 102 1 173 235 44 63 46 144 213 126 158 76 146 140 76
    213 242 188 76 255 49 172 21 166 65 114 81 220 134 245 129 52 120
    255 93 74 212 96 186 10 52 220 43 41 225 155 173 107 137 64 203 66
    50 105 174 30 89 208 236 158 220 60 19 177 231 184 241 249 24 252
    160 108 225 139 33 206 73 47 127 155 247 37 116 103 230 18 232 76
    211 99 120 25 213 148 214 176 133 30 14 245 152 73 145 14 201 2 45
    12 150 53 124 87 146 181 64 48 186 9 201 134 37 99 147 177 107 109
    165 47 75 59 49 132 136 206 26 28 250 75 174 182 8 129 74 8 39 246
    59 24 131 4 129 76 199 46 115 157 228 65 24 69 175 145 196 105 225
    16 27 225 229 114 49 223 206 88 201 174 30 8 73 251 147 48 141 117
    150 28 175 135 221 19 47 66 120 154 209 31 36 111 162 208 240 49 10
    80 187 199 22 172 38 215 200 231 230 209 13 117 254 95 8 185 121 247
    28 161 190 28 41 222 165 182 206 11 184 128 194 172 65 54 134 31 243
    27 64 164 204 154 10 6 7 206 121 53 112 247 239 136 133 90 156 45
    114 110 212 160 113 57 126 46 20 220 190 142 80 234 201 201 35 162
    145 82 222 82 45 105 255 126 125 79 187 52 173 84 12 104 193 169 241
    118 219 249 122 61 126 3 170 13 5 55 167 121 186 57 93 68 114 157 45
    63 79 60 242 23 37 28 145 42 220 182 214 25 177 61 18 53 135 1 85 36
    97 71 241 140 115 196 22 30 218 177 114 100 218 81 174 42 224 158 10
    160 73 150 151 167 233 138 215 51 247 33 90 232 239 68 210 230 57 83
    236 213 39 190 104 190 73 146 97 138 166 85 59 212 106 1 92 6 229 16
    8 171 107 236 94 211 178 198 81 115 30 228 210 68 106 78 141 83 30
    142 88 129 161 46 105 235 198 165 148 114 131 179 71 138 73 94 164
    41 110 79 178 88 81 215 199 69 61 32 186 52 28 141 235 30 73 153 13
    192 97 100 32 139 23 81 90 175 90 15 37 49 165 214 107 66 218 32 18
    83 159 2 126 62 172 240 149 91 230 50 154 119 214 28 95 11 210 221
    145 231 52 236 44 134 103 251 115 254 207 100 54 243 157 88 208 216
    72 31 29 129 227 31 91 192 226 38 171 48 181 213 53 55 229 6 32 89
    128 69 9 223 251 104 43 205 226 100 217 109 192 191 117 170 250 148
    144 105 203 49 92 182 234 155 161 32 81 223 207 131 202 49 61 230
    154 68 88 210 112 203 182 127 54 155 146 126 19 222 57 252 206 201
    247 244 100 115 96 184 4 95 65 76 120 106 17 55 83 198 84 160 249 89
    213 119 190 163 224 35 119 35 88 32 33 112 17 141 91 225 99 88 29
    128 123 101 196 224 222 144 242 155 46 10 119 58 73 147 176 159 160
    234 119 211 156 64 185 42 155 76 215 183 131 139 190 18 64 151 238
    66 244 116 6 95 171 196 162 68 2 141 118 17 172 162 25 49 99 167 191
    64 23 59 223 104 148 244 49 123 131 80 184 183 250 251 228 199 45
    145 17 65 140 101 190 105 155 60 66 162 46 241 188 85 147 237 127
    162 81 114 109 35 201 12 18 208 250 90 71 142 188 171 57 23 189 72
    240 232 1 221 83 250 238 59 210 4 31 52 171 4 234 249 89 227 38 146
    198 85 38 242 179 64 250 167 195 95 157 202 35 235 152 102 8 114 77
    96 130 216 198 154 111 76 168 144 129 84 57 232 128 206 62 208 89
    239 182 115 129 45 140 44 178 136 7 142 196 0 41 181 225 71 223 142
    188 138 162 167 201 118 73 168 239 123 49 134 202 170 85 114 162 245
    130 73 234 240 7 100 132 233 187 105 254 205 228 28 37 71 229 114
    143 213 203 31 52 20 215 68 95 76 165 75 209 107 93 32 52 26 198 85
    37 182 241 222 120 248 242 134 180 49 160 64 37 127 154 181 130 79
    145 5 223 30 17 156 38 160 106 123 83 66 199 222 95 138 137 244 47
    86 75 171 86 83 245 127 167 252 247 233 28 254 47 216 25 221 238 110
    230 214 182 164 37 182 189 81 114 49 15 20 44 229 13 255 223 164 216
    223 254 170 69 208 171 238 61 254 182 121 129 125 208 124 141 32 57
    122 210 186 31 44 144 230 207 61 79 209 108 65 170 146 204 93 102 36
    244 4 125 149 121 12 66 117 205 242 177 68 128 65 43 183 244 166 27
    67 126 35 80 120 109 132 240 189 232 186 19 18 6 66 134 97 126 54
    108 155 64 48 2 73 120 193 95 76 104 167 117 142 42 82 247 165 29
    240 145 52 237 120 149 75 52 90 85 217 239 20 254 16 57 238 6 165
    100 214 25 5 150 179 55 223 38 102 35 23 252 182 220 178 61 178 191
    246 59 136 153 244 121 25 217 77 223 32 206 13 54 194 228 34 199 96
    146 16 15 17 241 251 197 95 198 219 3 215 147 170 189 32 200 126 12
    15 186 142 143 105 69 213 64 74 23 250 233 102 153 6 191 196 177 22
    165 190 148 110 37 73 235 172 201 230 90 77 220 198 109 213 182 38
    44 138 57 90 191 223 87 74 70 232 22 103 29 196 12 3 167 12 73 254
    208 38 142 52 198 227 179 198 212 114 225 232 18 8 38 180 59 227 153
    139 16 69 137 134 58 53 186 112 252 204 151 53 216 194 135 203 27
    120 199 213 241 11 65 42 171 163 146 146 156 142 29 105 125 55 11 81
    219 49 131 142 143 209 146 25 97 249 193 236 198 93 153 176 98 244
    22 151 105 23 129 168 16 40 15 32 111 148 217 165 124 8 194 88 208
    110 251 165 41 50 157 212 93 128 254 22 217 198 90 47 93 253 203 95
    118 94 89 116 112 209 194 25 81 38 227 0 174 189 149 30 32 248 225
    88 175 179 80 9 52 156 229 162 140 175 47 59 205 232 81 221 239 31
    96 105 34 171 170 214 235 239 31 139 245 95 27 201 44 143 132 168 16
    155 167 213 221 189 254 110 7 190 8 186 48 146 172 189 76 206 146
    104 25 11 130 61 78 30 43 196 219 119 88 200 251 146 232 227 52 9
    136 131 225 150 199 119 4 38 239 108 88 12 215 86 161 188 232 172
    160 118 133 132 37 201 34 163 122 69 194 171 76 252 172 189 136 249
    149 171 173 226 193 147 200 135 50 199 72 15 252 11 218 182 163 53
    253 152 96 163 15 178 54 175 197 201 29 247 111 111 148 85 188 82
    215 162 239 235 168 112 121 142 144 239 113 229 196 247 176 4 138
    169 117 86 200 150 171 78 117 160 18 157 77 56 220 119 205 233 163
    227 29 109 127 221 8 162 14 189 17 182 253 129 96 172 213 46 219 211
    175 95 63 143 27 52 252 251 195 86 142 229 165 131 116 57 86 174 171
    105 203 42 1 244 242 167 5 146 152 177 86 149 133 90 18 222 89 238
    68 117 153 126 29 244 53 237 122 194 105 199 76 199 99 162 139 1 12
    91 225 174 190 217 118 4 189 152 48 114 76 76 206 243 17 185 255 34
    171 5 42 50 112 191 218 100 157 235 200 85 112 205 102 130 66 56 54
    59 88 153 145 142 48 53 16 22 106 253 67 66 49 14 35 4 199 198 44
    238 191 180 154 85 48 70 232 149 42 95 10 199 202 23 233 117 163 96
    7 11 101 208 28 107 165 19 68 127 219 2 187 97 147 67 183 122 87 218
    60 18 112 24 57 185 236 187 237 229 153 199 166 125 124 51 82 157
    220 164 123 52 144 26 72 40 17 128 107 177 185 102 248 163 98 160 0
    163 232 102 43 163 166 180 166 217 251 178 115 219 9 114 144 87 29
    91 195 228 7 99 234 84 30 120 2 250 163 97 70 170 15 37 15 192 94
    151 187 167 154 125 61 35 182 184 134 227 141 228 167 227 159 77 71
    133 3 137 177 198 108 150 230 139 130 211 110 8 172 142 199 180 39
    138 121 0 201 143 19 124 200 52 75 132 235 19 227 117 0 69 177 122
    201 221 236 197 201 128 118 24 146 59 212 241 23 165 250 181 100 210
    204 220 236 194 112 44 221 248 249 197 104 109 124 232 65 172 190
    159 23 248 128 55 127 218 139 251 130 84 9 236 122 87 247 131 63 20
    103 106 33 113 84 136 111 98 89 49 116 84 19 196 250 247 208 122 49
    164 184 144 21 54 221 101 79 240 15 186 83 117 198 124 242 48 250
    154 57 166 64 195 43 72 30 87 40 108 3 69 162 153 72 183 165 13 10
    62 13 14 2 53 52 173 223 38 168 253 234 55 112 48 80 97 145 178 166
    113 248 211 157 175 170 208 96 189 196 69 156 138 228 51 246 155 147
    232 52 121 240 14 108 109 152 169 152 178 85 46 16 106 71 203 167
    210 172 85 125 83 111 146 161 60 122 188 55 188 215 19 226 180 132
    132 238 94 254 5 116 30 185 7 106 244 93 200 47 201 195 6 64 170 80
    199 50 190 76 231 215 66 34 182 5 95 100 248 215 238 131 111 63 54
    76 96 115 231 152 9 14 48 41 60 27 203 241 179 4 44 249 230 8 15 60
    197 161 65 27 65 240 215 83 243 217 197 250 208 111 30 171 248 144
    203 107 179 108 251 129 59 93 112 223 196 53 2 198 17 19 201 138 230
    124 108 23 162 250 184 241 21 86 187 174 168 136 45 183 168 13 105
    206 5 248 91 126 34 128 229 41 30 137 106 86 253 168 50 138 93 11
    100 255 69 180 51 20 33 225 94 245 119 165 122 185 4 39 1 155 100
    207 250 173 244 68 235 73 121 26 157 223 5 12 213 128 3 247 10 18 9
    25 159 32 83 140 155 191 68 200 102 179 0 64 0 164 181 125 186 238
    148 193 121 88 208 145 137 117 217 253 190 130 15 53 2 26 22 69 21
    244 221 200 46 44 57 90 149 68 108 212 152 6 233 186 51 133 12 24 10
    243 204 172 208 113 198 152 219 54 133 223 192 231 117 123 230 178
    58 76 70 185 204 251 250 11 203 179 11 210 66 162 143 173 228 52 73
    253 150 91 186 192 26 56 58 104 42 128 66 79 164 116 145 111 152 6 2
    125 228 146 57 246 39 211 98 97 64 18 226 178 13 80 19 70 7 116 96
    45 176 76 80 172 145 187 27 84 97 219 101 74 220 197 63 146 247 230
    74 121 153</data></my_img>
<your_img type_id="opencv-matrix">
  <rows>50</rows>
  <cols>100</cols>
  <dt>u</dt>
  <data>
    25 95 98 181 113 62 243 234 235 88 89 196 109 43 139 166 89 5 117 89
    58 175 10 234 218 201 51 236 112 125 175 0 12 222 249 39 113 125 63
    118 122 142 144 169 168 135 111 57 195 74 151 38 180 152 129 137 158
    177 213 150 49 162 66 211 236 165 166 249 120 155 157 116 5 188 230
    245 181 213 9 100 33 193 6 148 113 154 20 69 112 237 225 179 201 166
    50 151 15 167 96 240 30 213 176 251 202 19 206 162 61 132 123 144 65
    180 217 169 240 155 80 179 72 220 56 178 22 240 2 151 51 25 51 27
    185 241 186 0 189 56 175 33 215 150 1 35 132 31 248 130 55 124 79
    213 104 235 173 106 123 59 70 234 237 201 118 130 204 149 59 53 75
    31 249 26 78 33 233 243 26 123 86 139 3 26 232 74 144 116 251 132
    236 162 249 231 119 39 202 210 168 213 100 72 24 88 80 243 189 84 80
    199 160 122 93 184 56 214 185 72 80 59 170 95 133 74 204 240 142 241
    75 244 43 225 212 212 227 123 223 161 186 140 227 242 231 1 14 235
    81 252 169 196 100 243 21 223 65 140 76 184 8 30 142 33 83 14 218 27
    75 164 5 121 62 143 56 26 202 0 56 171 184 110 161 83 249 32 112 215
    17 173 129 109 140 77 23 77 104 232 138 37 191 245 166 107 80 83 247
    107 237 150 245 69 154 224 250 217 186 144 101 66 235 151 22 128 17
    165 217 8 243 159 186 22 99 65 135 220 137 66 249 0 76 54 8 92 37 57
    247 194 171 72 27 122 78 189 79 153 102 57 237 111 79 229 59 161 95
    8 255 216 248 2 238 205 130 208 230 227 50 251 85 49 235 45 206 75
    198 46 124 214 72 231 44 3 170 73 231 247 249 231 111 244 233 203
    192 17 239 0 195 19 49 161 2 3 116 12 169 88 127 163 226 73 237 55
    79 34 1 176 177 156 252 127 133 63 178 98 172 82 94 191 77 220 176
    75 88 36 160 226 169 134 93 67 229 221 20 132 122 130 78 239 245 49
    161 129 223 1 248 241 237 144 254 87 183 123 244 14 61 0 194 48 47
    37 47 35 172 163 17 121 244 74 110 150 68 90 190 206 155 234 243 88
    84 179 225 121 255 206 24 227 97 134 246 229 71 6 176 55 151 118 198
    113 216 86 198 222 45 91 209 116 226 67 138 102 223 201 140 143 43
    117 225 38 109 35 231 189 74 147 65 67 143 78 226 163 110 140 161 9
    127 214 155 151 124 96 161 10 164 58 38 68 180 173 214 202 156 77
    241 82 172 141 134 140 96 89 205 83 121 194 122 54 68 18 11 255 86
    108 15 210 114 93 251 27 120 176 181 135 230 188 1 89 39 240 81 246
    97 47 251 134 229 186 221 248 225 157 47 209 176 153 157 89 120 253
    192 143 7 44 254 54 238 250 19 154 198 175 183 68 89 241 73 95 140
    206 194 48 86 111 87 14 66 102 235 68 128 197 227 225 167 82 155 197
    75 101 45 195 172 91 6 131 135 102 75 128 86 208 223 173 223 52 226
    105 226 44 197 80 174 129 90 202 12 94 212 175 167 24 216 135 235
    207 147 99 204 250 189 99 74 137 44 22 49 184 195 240 115 199 111
    249 60 123 69 95 146 16 5 253 11 2 236 183 157 227 18 146 89 199 191
    208 35 172 34 38 113 187 246 244 117 13 234 185 164 114 175 91 248
    171 212 56 101 74 192 97 221 15 63 140 215 145 198 59 139 168 16 212
    180 128 0 22 115 72 187 231 207 60 248 203 2 60 222 86 253 25 44 208
    80 167 69 1 177 189 250 114 162 166 241 156 71 136 62 246 98 189 206
    182 128 216 55 145 17 128 173 61 83 162 78 10 222 201 20 102 67 119
    129 206 200 251 167 198 25 187 102 55 22 230 40 232 211 187 182 7 5
    10 212 121 27 66 222 24 19 154 7 207 25 214 171 113 51 168 107 149
    170 231 7 179 226 20 161 80 118 51 152 50 173 167 18 30 164 108 53
    112 17 47 159 196 119 243 105 183 124 108 62 20 188 62 196 114 162
    163 210 4 203 143 167 62 204 147 244 246 226 140 77 47 31 25 223 61
    156 153 96 20 137 41 35 105 143 125 228 91 57 147 134 209 236 203 84
    246 7 95 14 158 34 212 29 184 168 95 110 80 90 60 162 164 32 12 201
    252 53 90 73 122 75 123 159 71 83 204 170 88 198 238 162 201 75 143
    90 57 222 60 242 213 165 149 100 235 233 236 142 125 231 21 206 22
    72 188 31 60 146 125 226 200 42 255 160 21 140 61 102 113 23 86 56
    207 93 56 69 133 33 84 49 87 26 91 54 85 244 228 213 60 176 90 100
    113 199 78 219 128 27 85 239 210 65 239 5 33 131 115 212 19 228 150
    82 139 128 24 74 90 102 198 206 226 158 99 197 24 85 36 151 223 22
    194 161 167 86 72 140 23 226 95 204 222 175 107 230 174 238 226 107
    188 255 109 37 39 63 20 120 209 96 27 252 197 242 96 46 212 106 147
    214 51 152 136 132 9 131 219 245 108 50 248 108 21 254 20 119 156
    136 45 126 180 154 188 150 24 119 114 99 246 9 195 104 228 197 252
    94 187 10 71 143 140 187 255 29 242 29 129 12 63 11 50 92 158 191
    129 184 63 158 86 30 194 37 91 107 209 215 142 200 10 117 65 152 79
    57 7 138 121 204 27 159 101 245 200 6 109 248 228 208 16 55 107 118
    113 221 253 236 10 107 205 44 14 63 5 125 230 215 240 76 114 245 44
    176 67 13 215 214 19 157 81 184 223 197 148 242 175 158 125 14 46
    128 126 154 121 254 156 200 211 88 5 141 98 20 206 123 84 5 136 71
    158 130 250 176 67 26 163 137 113 135 132 116 220 72 177 198 154 210
    105 55 170 252 113 29 14 197 219 89 158 60 89 48 218 160 242 183 231
    1 55 248 184 255 27 234 150 226 246 24 33 203 119 204 194 223 101 81
    7 48 114 209 82 226 159 103 33 238 34 131 110 17 100 225 178 23 102
    45 30 17 230 216 176 33 4 238 143 209 102 174 76 147 91 231 99 23 95
    69 129 32 160 134 227 7 46 147 16 101 2 217 237 44 242 60 87 175 42
    40 188 233 101 222 232 140 193 241 72 42 221 60 151 114 194 50 207
    50 23 228 149 249 183 27 254 81 142 219 177 131 164 245 106 9 19 61
    12 41 83 98 199 93 48 185 27 215 182 30 193 246 29 90 53 212 146 32
    171 36 66 52 139 4 154 2 27 131 143 25 119 189 183 238 249 249 21 74
    223 83 59 173 50 157 153 82 63 17 122 241 85 215 233 94 49 2 133 81
    200 225 252 35 244 66 167 232 126 47 213 52 24 205 0 44 171 199 252
    122 133 155 215 132 105 215 142 38 55 200 138 250 227 4 195 38 253
    47 139 222 185 12 13 187 203 188 143 79 163 132 152 8 84 141 176 7
    94 203 192 76 255 117 212 20 55 59 241 134 127 111 203 32 137 55 208
    136 104 34 24 104 90 90 233 194 158 121 35 163 2 25 98 125 14 104 76
    45 73 108 203 233 148 96 188 58 225 106 113 197 148 59 105 90 242
    246 48 253 242 35 221 89 176 29 158 69 227 179 28 3 121 57 15 169 65
    155 155 218 101 69 38 225 226 35 4 4 165 230 194 29 216 141 154 96
    105 231 144 17 55 137 145 162 132 67 123 25 108 12 162 87 184 98 74
    129 80 22 222 133 178 114 80 132 74 2 164 71 155 238 93 164 156 214
    126 249 175 83 50 40 201 194 128 172 139 39 119 134 244 71 67 255
    201 38 74 55 41 104 209 173 119 34 41 205 70 70 198 87 158 118 24
    253 0 140 211 238 214 211 211 139 132 244 203 249 117 4 219 143 153
    131 36 97 130 78 86 182 42 166 136 215 227 178 36 37 127 27 25 129
    63 130 171 19 110 111 121 248 68 190 182 81 221 92 237 103 176 192
    87 252 137 5 235 29 26 39 234 32 164 11 226 105 249 233 165 171 238
    25 92 151 29 72 128 178 176 107 173 206 215 174 95 120 231 115 73
    124 111 94 68 5 199 139 7 227 30 244 109 252 67 166 59 95 218 236 87
    187 39 151 35 209 131 184 13 44 249 34 51 31 176 44 132 85 97 254 53
    163 96 166 199 150 27 241 171 51 214 176 250 168 40 29 147 94 16 102
    145 185 225 213 26 231 228 178 56 205 70 140 68 219 90 58 40 40 136
    79 188 32 237 65 62 245 17 26 171 50 232 43 63 240 55 79 84 53 210
    177 10 152 76 10 148 121 175 204 231 187 71 48 44 88 203 106 22 231
    192 41 218 14 21 76 55 95 2 110 93 246 34 242 236 63 14 88 143 66
    172 178 9 159 4 78 37 205 167 113 167 228 188 156 179 155 183 85 150
    2 252 71 50 17 137 161 144 147 5 221 69 192 129 98 107 153 22 53 126
    199 60 174 194 77 11 161 168 2 45 231 186 199 51 76 44 8 186 14 14
    230 182 0 250 171 232 251 234 193 207 84 117 215 248 4 94 237 20 30
    141 234 133 85 173 2 190 41 189 63 103 139 43 95 62 144 8 201 4 75
    139 217 233 94 61 71 157 203 92 80 111 46 67 119 104 37 121 139 101
    82 85 81 162 51 49 111 86 222 193 231 39 218 12 98 91 119 130 41 65
    246 146 150 252 9 132 67 16 117 4 208 133 230 17 167 168 55 209 192
    235 209 41 148 219 166 143 123 120 106 181 40 124 82 156 170 97 0
    255 177 42 52 106 69 167 205 249 4 8 31 48 198 11 59 226 8 249 249
    120 198 181 218 98 192 235 156 92 53 107 143 178 47 136 245 221 177
    191 133 173 97 197 2 38 241 83 171 117 226 79 11 147 100 215 205 165
    75 218 206 215 10 47 35 2 91 60 44 110 130 176 125 11 178 8 95 123
    146 95 33 103 69 212 20 224 38 207 197 250 98 132 121 238 51 202 60
    198 103 99 95 82 143 173 188 26 57 2 212 107 112 130 173 97 200 86
    13 97 58 57 195 235 115 152 209 193 91 239 98 194 123 21 163 185 230
    103 86 129 182 19 38 114 191 47 76 181 75 136 62 107 127 41 2 242
    231 191 222 107 72 166 236 58 186 190 67 13 14 184 58 9 120 184 201
    14 108 194 62 168 255 198 80 139 41 162 186 64 197 170 175 187 106
    154 41 97 106 172 109 72 143 22 68 186 159 90 205 246 222 46 170 90
    10 221 241 226 235 150 245 26 150 53 209 30 143 66 240 157 19 179 39
    203 190 65 63 152 234 58 203 13 86 167 141 107 68 20 85 22 114 176
    163 220 167 135 36 208 10 242 9 226 61 252 13 85 11 244 4 189 252
    235 35 187 56 183 14 232 113 42 246 44 111 43 190 90 21 221 218 239
    64 151 48 11 250 253 189 91 148 113 3 202 17 113 113 229 177 87 59
    226 33 156 178 104 90 242 20 100 184 113 4 32 116 111 216 45 82 21
    43 203 80 20 113 153 173 84 215 45 203 102 171 14 158 130 45 39 198
    197 152 248 80 39 125 159 248 99 125 21 103 92 237 63 170 214 134
    188 245 249 97 52 2 136 148 83 102 106 170 208 203 49 71 165 235 20
    246 104 76 155 48 66 71 202 112 123 250 207 74 64 60 162 147 71 27
    239 157 46 62 133 173 41 245 191 68 52 145 239 204 136 96 5 244 65
    130 232 241 132 80 189 244 201 250 81 191 234 52 133 252 185 123 91
    97 233 219 17 205 107 92 193 36 55 123 203 9 152 24 119 184 239 119
    71 200 80 74 114 228 104 141 191 187 222 79 156 137 101 223 215 165
    151 147 214 67 126 218 177 31 208 157 185 240 42 79 4 133 96 236 136
    242 246 119 95 25 32 132 217 169 198 77 20 91 248 95 56 78 137 129
    103 255 29 17 160 217 74 123 135 131 14 114 205 11 198 150 176 66 23
    179 210 122 63 92 200 120 47 137 108 163 27 50 17 117 113 88 36 235
    191 198 140 143 197 131 242 35 179 128 252 147 145 65 160 125 80 58
    186 100 112 231 25 185 48 136 75 12 254 4 128 240 162 11 174 40 134
    246 112 57 71 71 39 145 157 229 69 102 1 173 235 44 63 46 135 209
    110 152 67 129 123 65 214 244 184 66 255 43 165 23 155 56 102 71 221
    125 245 125 56 121 254 88 71 210 94 186 13 48 211 44 43 218 161 171
    107 135 61 193 67 47 103 170 33 88 205 231 159 220 66 22 186 228 191
    237 245 31 250 164 108 223 142 38 210 70 46 126 151 240 40 114 100
    228 14 233 74 213 99 120 25 213 148 214 176 133 30 14 245 152 73 145
    14 201 2 45 13 136 48 107 76 125 170 55 43 176 9 192 121 36 94 134
    172 98 99 156 44 68 60 55 134 139 207 29 32 250 72 176 180 10 119 68
    8 42 244 59 25 123 5 119 72 191 44 112 152 222 67 27 70 181 147 203
    111 225 16 32 225 226 123 54 222 212 93 207 182 34 7 76 250 147 47
    139 117 147 29 174 131 223 19 47 66 120 154 209 31 36 111 162 208
    240 49 10 80 187 199 22 163 39 206 192 231 232 200 14 106 254 90 8
    177 112 246 29 152 187 26 41 222 159 184 203 16 186 130 194 180 66
    59 133 33 240 29 61 164 203 158 14 8 8 200 112 49 107 241 232 133
    123 87 158 46 116 113 218 167 116 60 134 55 17 220 197 148 80 232
    208 210 40 162 147 85 219 81 46 106 255 125 125 78 186 52 173 84 12
    104 193 169 241 118 219 249 122 61 126 3 170 13 5 55 156 110 177 51
    82 57 105 146 41 56 70 56 242 26 37 26 141 41 219 182 210 26 180 69
    24 60 139 2 86 42 94 66 239 137 108 195 24 32 211 174 110 93 207 74
    170 37 215 156 9 158 72 154 158 174 231 147 219 56 245 38 100 228
    236 67 215 228 60 90 236 215 45 192 107 192 74 141 96 128 158 81 58
    212 106 1 92 6 229 16 8 171 107 236 94 211 178 198 81 115 30 226 204
    66 100 72 129 74 32 134 83 117 148 44 102 234 192 153 145 110 125
    177 67 144 78 100 173 46 110 81 185 86 78 213 201 63 58 32 188 52 31
    139 227 25 63 144 12 186 92 98 29 134 24 81 93 185 97 17 37 54 183
    219 117 70 221 38 19 90 167 2 132 69 182 238 150 96 223 53 148 120
    213 29 90 11 210 221 145 231 52 236 44 134 103 251 115 254 207 100
    54 243 157 88 203 212 68 33 32 123 228 33 90 184 227 39 159 46 175
    210 46 47 231 9 31 86 133 74 14 227 253 108 45 207 226 95 218 108
    197 194 115 176 250 150 142 107 195 45 90 179 230 152 156 32 82 219
    207 139 207 57 67 228 167 75 100 216 125 215 194 140 62 163 151 128
    22 221 61 246 208 205 244 242 102 115 92 184 4 95 65 76 120 106 17
    55 83 198 84 160 249 89 213 119 190 158 222 38 113 37 82 34 35 108
    24 131 90 225 101 90 31 121 117 98 186 226 222 148 244 161 54 16 120
    61 74 156 181 165 166 236 116 211 164 66 190 43 154 73 205 182 129
    139 186 20 63 147 233 73 240 121 7 105 180 203 179 77 2 155 129 21
    183 179 36 62 111 171 203 71 27 65 218 104 143 240 49 119 125 80 184
    183 250 251 228 199 45 145 17 65 140 101 190 105 155 60 66 156 48
    239 178 77 136 237 123 155 76 107 104 38 193 19 25 199 252 88 67 141
    185 173 60 24 192 74 242 235 2 225 82 252 238 57 212 5 32 56 174 7
    228 242 83 218 34 143 191 88 35 234 181 70 246 171 197 107 164 209
    40 230 165 119 11 125 82 111 136 218 211 156 122 82 167 144 126 85
    58 228 125 205 61 208 89 239 182 115 129 45 140 44 178 136 7 142 196
    0 41 181 225 73 217 135 178 130 153 156 194 110 67 154 234 120 45
    132 190 158 83 107 154 244 127 70 234 239 12 100 137 234 192 108 254
    207 228 26 34 67 227 116 146 210 199 29 51 21 205 69 97 76 162 75
    201 113 103 35 58 27 201 90 40 192 238 220 128 246 239 141 186 58
    161 72 43 126 154 183 126 80 135 4 219 29 16 156 38 160 106 123 83
    66 199 222 95 138 137 244 47 86 75 171 86 84 248 125 166 253 248 233
    31 254 44 213 30 221 234 108 231 203 171 154 34 174 182 79 117 50 17
    23 44 231 17 254 225 165 220 225 254 175 70 209 174 235 63 253 174
    117 129 121 197 121 140 31 58 121 207 189 33 46 152 226 214 69 88
    215 121 67 181 152 213 101 111 42 240 5 125 147 121 12 67 116 199
    237 167 68 128 65 43 183 244 166 27 67 126 35 80 120 109 132 240 189
    232 188 26 20 8 62 127 90 123 52 103 151 61 46 4 80 121 183 94 70
    103 160 119 146 42 92 246 164 29 239 150 57 237 116 150 71 53 88 86
    215 236 21 253 16 58 231 7 160 103 203 23 5 151 180 63 218 40 112 36
    23 253 189 218 188 63 188 198 242 63 139 153 241 125 27 215 79 217
    34 199 10 53 188 222 34 199 96 146 16 15 17 241 251 197 95 198 219 3
    215 147 170 189 37 198 123 14 17 182 139 143 102 63 211 57 70 26 249
    233 102 151 9 185 190 177 20 171 193 155 116 39 82 238 178 204 235
    93 81 225 204 112 213 188 47 49 141 60 91 185 214 90 78 72 226 22
    110 31 195 16 2 173 14 75 254 214 42 152 54 201 223 183 201 216 122
    222 231 19 7 40 177 59 220 144 126 14 69 137 134 58 53 186 112 252
    204 151 53 216 194 135 203 27 120 199 215 245 13 63 42 164 156 144
    144 152 135 31 104 126 55 14 79 218 43 133 145 147 214 152 23 104
    250 195 238 205 94 156 179 101 246 21 162 110 27 137 167 17 35 16 31
    113 146 206 166 126 8 190 94 201 120 250 175 39 53 167 215 108 139
    254 21 217 205 98 51 101 254 207 97 117 91 88 113 107 206 190 20 71
    38 227 0 174 189 149 30 32 248 225 88 175 179 80 9 52 156 229 165
    142 175 51 61 201 233 83 226 241 32 99 108 35 170 166 210 234 241 29
    146 248 98 23 212 48 151 145 171 17 160 168 221 226 193 254 111 10
    193 9 184 54 143 163 183 81 195 142 108 22 11 134 63 88 27 43 197
    216 123 90 199 253 153 226 222 53 10 134 128 220 151 200 117 4 34
    230 104 87 10 212 80 156 188 232 172 160 118 133 132 37 201 34 163
    122 69 194 171 76 252 172 189 136 249 149 171 173 226 193 147 200
    135 50 199 72 15 252 11 218 182 163 53 253 152 96 163 15 178 54 175
    197 201 29 247 111 111 148 85 188 82 215 162 239 235 168 112 121 142
    144 239 113 229 196 247 176 4 138 169 117 86 200 150 171 78 117 160
    18 157 77 56 220 119 205 233 163 227 29 109 127 221 8 162 14 189 17
    182 253 129 96 172 213 46 219 211 175 95 63 143 27 52 252 251 195 86
    142 229 165 131 116 57 86 174 171 105 203 42 1 244 242 167 5 146 152
    177 86 149 133 90 18 222 89 238 68 117 153 126 29 244 53 237 122 194
    105 199 76 199 99 162 139 1 12 91 225 174 190 217 118 4 189 152 48
    114 76 76 206 243 17 185 255 34 171 5 42 50 112 191 218 100 157 235
    200 85 112 205 102 130 66 56 54 59 88 153 145 142 48 53 16 22 106
    253 67 66 49 14 35 4 199 198 44 238 191 180 154 85 48 70 232 149 42
    95 10 199 202 23 233 117 163 96 7 11 101 208 28 107 165 19 68 127
    219 2 187 97 147 67 183 122 87 218 60 18 112 24 57 185 236 187 237
    229 153 199 166 125 124 51 82 157 220 164 123 52 144 26 72 40 17 128
    107 177 185 102 248 163 98 160 0 163 232 102 43 163 166 180 166 217
    251 178 115 219 9 114 144 87 29 91 195 228 7 99 234 84 30 120 2 250
    163 97 70 170 15 37 15 192 94 151 187 167 154 125 61 35 182 184 134
    227 141 228 167 227 159 77 71 133 3 137 177 198 108 150 230 139 130
    211 110 8 172 142 199 180 39 138 121 0 201 143 19 124 200 52 75 132
    235 19 227 117 0 69 177 122 201 221 236 197 201 128 118 24 146 59
    212 241 23 165 250 181 100 210 204 220 236 194 112 44 221 248 249
    197 104 109 124 232 65 172 190 159 23 248 128 55 127 218 139 251 130
    84 9 236 122 87 247 131 63 20 103 106 33 113 84 136 111 98 89 49 116
    84 19 196 250 247 208 122 49 164 184 144 21 54 221 101 79 240 15 186
    83 117 198 124 242 48 250 154 57 166 64 195 43 72 30 87 40 108 3 69
    162 153 72 183 165 13 10 62 13 14 2 53 52 173 223 38 168 253 234 55
    112 48 80 97 145 178 166 113 248 211 157 175 170 208 96 189 196 69
    156 138 228 51 246 155 147 232 52 121 240 14 108 109 152 169 152 178
    85 46 16 106 71 203 167 210 172 85 125 83 111 146 161 60 122 188 55
    188 215 19 226 180 132 132 238 94 254 5 116 30 185 7 106 244 93 200
    47 201 195 6 64 170 80 199 50 190 76 231 215 66 34 182 5 95 100 248
    215 238 131 111 63 54 76 96 115 231 152 9 14 48 41 60 27 203 241 179
    4 44 249 230 8 15 60 197 161 65 27 65 240 215 83 243 217 197 250 208
    111 30 171 248 144 203 107 179 108 251 129 59 93 112 223 196 53 2
    198 17 19 201 138 230 124 108 23 162 250 184 241 21 86 187 174 168
    136 45 183 168 13 105 206 5 248 91 126 34 128 229 41 30 137 106 86
    253 168 50 138 93 11 100 255 69 180 51 20 33 225 94 245 119 165 122
    185 4 39 1 155 100 207 250 173 244 68 235 73 121 26 157 223 5 12 213
    128 3 247 10 18 9 25 159 32 83 140 155 191 68 200 102 179 0 64 0 164
    181 125 186 238 148 193 121 88 208 145 137 117 217 253 190 130 15 53
    2 26 22 69 21 244 221 200 46 44 57 90 149 68 108 212 152 6 233 186
    51 133 12 24 10 243 204 172 208 113 198 152 219 54 133 223 192 231
    117 123 230 178 58 76 70 185 204 251 250 11 203 179 11 210 66 162
    143 173 228 52 73 253 150 91 186 192 26 56 58 104 42 128 66 79 164
    116 145 111 152 6 2 125 228 146 57 246 39 211 98 97 64 18 226 178 13
    80 19 70 7 116 96 45 176 76 80 172 145 187 27 84 97 219 101 74 220
    197 63 146 247 230 74 121 153</data></your_img>
</opencv_storage>
