<?xml version="1.0"?>
<opencv_storage>
<L2_diff>6.8051451123396333e+01</L2_diff>
<test_hist type_id="opencv-matrix">
  <rows>256</rows>
  <cols>1</cols>
  <dt>f</dt>
  <data>
    4.41171527e-01 4.45994377e-01 4.47418451e-01 4.48882461e-01
    4.50479478e-01 4.57944483e-01 4.63031709e-01 4.67898428e-01
    4.73350525e-01 4.74350333e-01 4.81816322e-01 4.87936527e-01
    4.92681116e-01 4.95898545e-01 5.02903342e-01 5.09361982e-01
    5.12698233e-01 5.13364315e-01 5.15094876e-01 5.22280991e-01
    5.22738039e-01 5.24319887e-01 5.26602447e-01 5.27632773e-01
    5.31933665e-01 5.34397066e-01 5.41529715e-01 5.47315955e-01
    5.47676325e-01 5.49750507e-01 5.53710639e-01 5.59896171e-01
    5.63294828e-01 5.67889452e-01 5.73295295e-01 5.79376042e-01
    5.85634530e-01 5.92194736e-01 5.92849314e-01 5.99213004e-01
    6.02206349e-01 6.05679512e-01 6.07435167e-01 6.12197697e-01
    6.19128823e-01 6.23532772e-01 6.27995253e-01 6.33316934e-01
    6.33336067e-01 6.34799421e-01 6.38893962e-01 6.45633817e-01
    6.50258005e-01 6.51177466e-01 6.52144909e-01 6.57333851e-01
    6.57713532e-01 6.63950741e-01 6.69453800e-01 6.76415145e-01
    6.81567669e-01 6.83886170e-01 6.89533830e-01 6.96335793e-01
    7.03730762e-01 7.09486008e-01 7.12436855e-01 6.72754395e+02
    5.29112122e+02 4.32858154e+02 3.21358917e+02 7.53270264e+01
    9.75982666e+01 1.45117767e+02 1.82464294e+01 4.96673096e+02
    8.93737183e+02 5.74178467e+02 5.47875488e+02 1.53943939e+02
    1.84607758e+02 4.08794983e+02 4.30267090e+02 1.74857056e+02
    7.70359497e+02 5.67007141e+02 2.92307617e+02 2.42745392e+02
    2.11439209e+02 9.37439148e+02 6.39761047e+02 1.46379425e+02
    2.96149719e+02 9.03880615e+02 6.01822876e+02 2.58150024e+01
    8.46430664e+02 6.59770508e+02 4.26692932e+02 8.82627380e+02
    7.72721680e+02 4.80770203e+02 4.38258331e+02 1.05345459e+01
    5.99428833e+02 3.13360779e+02 7.83085327e+02 1.99262787e+02
    5.95356201e+02 7.86862732e+02 1.00999390e+02 4.24083893e+02
    1.42576538e+02 6.37882874e+02 1.88350525e+02 1.93632385e+02
    2.11224182e+02 9.87340942e+02 6.72852417e+02 6.43687256e+02
    7.21110352e+02 1.32238708e+02 9.87472351e+02 8.09475037e+02
    6.27530884e+02 4.25546082e+02 9.26472412e+02 8.54238770e+02
    4.41260651e+02 8.80999451e+01 2.28890106e+02 9.50457764e+02
    6.04518738e+01 2.09223206e+02 3.01898315e+02 1.36270233e+02
    5.68845642e+02 3.25814636e+02 9.43385681e+02 7.65308167e+02
    4.76669617e+01 2.74340485e+02 5.23781250e+02 8.18118164e+02
    4.49513397e+02 6.07699646e+02 7.14992859e+02 8.04255676e+02
    8.27762451e+02 8.67671326e+02 8.65748596e+01 8.41675720e+02
    3.95908203e+02 4.59373657e+02 2.32208984e+02 6.29907471e+02
    9.16730225e+02 5.82478027e+02 5.90220459e+02 7.03861938e+02
    2.53298950e+00 1.93546936e+02 5.41553101e+02 8.91433655e+02
    6.11604492e+02 1.21613983e+02 1.27954376e+02 6.86300781e+02
    5.02199402e+01 8.24948059e+02 7.27848877e+02 9.20727417e+02
    6.81489929e+02 3.06649902e+02 7.46975891e+02 8.99643555e+02
    9.78075806e+02 7.61205811e+02 3.90286926e+02 6.37186157e+02
    2.36011322e+02 1.71754303e+02 2.58535583e+02 9.09905884e+02
    2.14572845e+02 7.10974060e+02 1.77672546e+02 3.03088257e+02
    7.46796997e+02 8.06074829e+02 2.19751831e+02 3.05286072e+02
    6.62950317e+02 9.51977295e+02 2.81093658e+02 1.00599304e+02
    5.25241150e+02 3.90824188e+02 2.29351654e+02 2.59764099e+01
    4.22778534e+02 3.68984680e+02 7.30517822e+02 3.62063599e+00
    6.93843628e+02 1.49744324e+02 5.48505981e+02 8.74072998e+02
    4.80698547e+02 2.18199005e+02 6.86676880e+02 1.00441284e+02
    9.70015259e+02 5.33635803e+02 7.00691956e+02 3.91049683e+02
    6.04551575e+02 5.80369263e+02 9.36283325e+02 7.45510803e+02
    1.69497711e+02 4.93827393e+02 4.26532501e+02 3.52840790e+02
    5.06449249e+02 7.92012695e+02 2.72904144e+02 1.89234131e+02
    5.50375549e+02 5.62948608e+02 4.31694946e+01 6.81993530e+02
    9.86169128e+02 6.14081848e+02 5.99718201e+02 8.68659912e+02
    7.33589233e+02 6.32636292e+02 8.89426880e+02 3.05645813e+02
    4.02347443e+02 1.95875549e+01 1.90294708e+02 6.98966309e+02
    9.78505554e+02 1.33525848e+02 9.62821533e+02 8.41125366e+02
    1.21082458e+01 3.76875885e+02 6.43976074e+02 7.51721924e+02
    5.95831177e+02 1.80400177e+02 8.77914246e+02 9.03569946e+01</data></test_hist>
<my_lkt type_id="opencv-matrix">
  <rows>256</rows>
  <cols>1</cols>
  <dt>u</dt>
  <data>
    0 2 3 4 5 6 7 7 8 8 9 11 12 14 15 15 16 18 20 22 23 24 26 27 28 30
    30 31 33 34 36 37 38 38 39 40 41 42 43 44 46 47 48 50 51 52 53 54 55
    56 56 57 58 60 61 63 65 66 66 67 67 68 68 68 69 70 72 73 74 75 76 76
    76 76 77 77 79 80 81 82 82 83 83 84 85 86 87 87 88 90 91 91 92 93 94
    95 96 97 98 100 101 102 103 103 104 105 106 107 108 109 109 110 111
    112 112 112 113 115 116 117 119 119 121 122 123 124 126 128 129 129
    129 131 131 132 132 132 134 134 136 138 138 138 139 141 142 143 144
    146 147 149 149 151 152 153 153 154 156 157 158 160 160 160 161 163
    164 164 165 166 166 168 169 171 172 173 174 176 178 180 180 182 182
    182 183 185 185 187 187 187 189 191 191 192 193 195 195 195 197 197
    198 198 199 199 201 201 202 202 203 205 206 207 208 208 210 211 212
    213 214 216 217 219 219 220 221 222 223 224 225 225 226 227 227 229
    231 232 233 235 236 237 239 240 241 241 241 242 244 245 246 248 248
    249 250 252 253 253 255 255</data></my_lkt>
<your_lkt type_id="opencv-matrix">
  <rows>256</rows>
  <cols>1</cols>
  <dt>u</dt>
  <data>
    1 2 3 3 4 5 6 7 8 9 11 13 13 15 17 18 18 20 21 22 24 25 25 27 28 29
    31 32 32 32 33 35 36 36 37 39 40 41 43 44 45 46 47 49 50 52 53 55 56
    58 58 59 60 61 63 64 64 66 66 68 69 70 71 71 72 72 74 75 76 77 78 78
    78 80 80 81 81 82 84 84 85 86 87 88 89 89 90 92 93 94 94 96 97 99 99
    100 101 101 102 103 104 105 107 107 108 110 110 111 113 113 114 116
    117 117 119 119 120 121 122 124 125 126 127 127 129 130 131 132 134
    136 137 137 138 140 141 142 144 144 144 144 145 145 147 148 150 151
    153 154 155 156 156 156 156 157 159 160 162 163 165 166 166 166 167
    169 169 171 171 173 173 175 175 176 177 178 180 182 182 183 184 184
    186 187 187 189 189 191 192 192 194 195 196 197 197 198 198 199 201
    202 203 203 204 205 205 207 208 209 210 210 212 212 213 213 214 214
    215 216 216 218 219 220 221 221 221 222 223 225 225 225 226 227 228
    229 231 233 233 234 236 236 237 239 240 241 243 244 246 247 248 249
    251 252 252 254 254 254 255 255</data></your_lkt>
</opencv_storage>
