<?xml version="1.0"?>
<opencv_storage>
<L2_diff>5.8210394260819089e+02</L2_diff>
<r>5</r>
<test_img type_id="opencv-matrix">
  <rows>50</rows>
  <cols>100</cols>
  <dt>u</dt>
  <data>
    78 228 0 21 240 137 97 23 228 67 149 40 149 26 222 250 5 79 250 186
    168 76 214 87 13 191 172 160 125 215 1 6 163 227 249 173 230 50 187
    97 79 23 78 53 70 2 71 235 39 2 146 57 57 54 73 234 132 220 174 62
    87 152 200 25 79 131 241 150 1 100 168 60 19 162 222 163 135 211 222
    4 120 184 162 209 83 174 242 199 23 115 155 194 218 254 33 20 142 9
    63 147 151 52 160 30 162 249 138 238 140 46 136 140 201 167 23 35
    212 1 141 15 57 169 106 24 183 26 183 31 199 47 50 255 251 14 42 9
    43 117 172 110 23 56 132 138 169 142 214 11 17 80 118 201 63 124 63
    215 20 183 100 84 11 175 98 125 57 142 23 29 152 62 137 240 196 63
    47 60 32 205 253 25 240 15 122 223 154 189 50 116 243 138 233 218
    156 83 86 232 221 10 97 253 194 11 174 18 3 59 203 211 145 178 156
    93 200 94 61 120 148 6 12 220 56 183 8 178 166 242 91 127 0 51 236
    187 247 153 115 183 226 225 18 193 103 162 154 16 49 70 107 237 184
    154 126 144 111 232 73 212 71 110 53 39 67 237 16 235 196 165 236 43
    156 223 135 202 233 48 196 198 131 202 80 40 174 216 116 80 118 0 70
    94 102 196 248 123 33 70 48 140 187 48 88 215 91 178 64 50 199 233
    183 216 235 52 75 23 193 197 99 126 83 252 116 62 68 231 34 169 12
    32 25 33 136 149 87 41 89 248 207 40 226 51 40 131 98 0 212 135 185
    85 187 209 81 230 181 119 115 187 124 246 176 166 191 218 133 112 72
    29 120 167 50 133 217 95 171 93 181 182 83 62 86 88 77 120 18 61 201
    229 218 15 145 184 25 197 69 68 112 152 19 18 230 194 123 142 121 4
    86 69 29 36 9 213 117 31 178 25 57 20 128 199 122 192 196 157 14 44
    154 143 119 205 126 59 211 244 242 191 130 187 201 85 77 125 133 44
    126 87 207 29 98 124 29 28 37 0 71 41 19 215 50 14 83 192 220 180
    153 96 49 57 150 147 82 1 184 196 172 213 254 41 99 211 172 36 211
    207 149 90 190 56 182 41 170 64 169 119 151 31 231 226 124 56 113
    192 27 62 208 47 23 51 105 145 207 118 228 101 185 155 209 166 247
    45 190 128 160 173 193 204 99 197 237 28 242 81 138 86 97 74 179 149
    177 215 142 200 1 161 183 48 188 182 42 68 91 203 215 117 118 100
    145 131 78 201 215 216 12 116 14 133 122 232 171 202 56 53 171 76 29
    116 149 81 124 151 57 241 171 218 117 104 237 48 43 10 131 153 58 33
    20 4 193 174 197 227 66 249 192 85 163 41 12 30 129 214 216 90 254
    124 78 70 59 170 1 68 232 232 151 157 177 68 11 58 229 80 98 152 184
    1 196 241 179 50 95 126 109 242 209 140 177 34 82 108 233 14 189 136
    212 19 136 64 39 196 192 234 47 140 143 3 30 133 7 146 174 190 155
    114 25 46 64 191 93 185 159 73 19 188 68 20 27 168 124 87 2 157 45
    58 116 84 212 209 93 192 234 175 224 32 236 225 238 225 166 229 168
    141 138 134 89 8 60 81 219 71 241 43 216 196 225 43 109 215 181 225
    124 37 202 233 155 118 200 130 144 74 141 220 116 46 157 153 220 40
    134 109 181 250 36 236 10 224 37 251 184 233 146 44 182 41 242 69
    237 94 154 32 82 70 228 48 196 19 232 13 223 208 90 55 90 170 175
    196 159 36 145 239 143 203 176 70 119 45 33 170 180 145 182 54 15
    145 192 157 213 224 93 17 68 195 1 65 73 43 40 55 153 185 79 78 34
    253 6 254 10 169 120 39 156 35 225 115 209 97 59 161 229 112 243 61
    178 106 223 204 50 45 222 84 142 67 33 146 215 204 170 20 144 141
    128 26 24 204 62 42 247 89 252 130 41 84 102 73 136 10 167 93 108 79
    62 224 194 224 138 97 155 176 137 157 180 135 104 99 243 77 160 172
    35 229 154 179 29 134 172 221 182 250 231 39 64 50 196 30 232 82 139
    151 237 163 110 17 125 140 254 249 168 83 240 239 4 187 129 152 43
    20 12 239 199 218 189 52 196 100 205 1 186 182 94 95 32 125 226 131
    120 161 151 228 169 199 201 13 199 165 90 74 48 82 254 150 139 255
    161 65 13 127 199 83 83 45 197 135 212 223 229 110 61 92 94 51 177
    87 232 181 93 1 92 51 35 36 104 180 51 203 117 80 108 55 173 202 47
    247 204 120 144 209 179 28 67 88 165 48 253 169 233 147 229 179 76
    64 89 146 90 217 128 92 99 254 38 172 236 242 246 169 218 39 155 50
    96 45 240 157 30 188 160 104 86 186 144 51 162 39 86 140 104 43 144
    175 243 31 25 147 241 90 98 101 117 131 246 102 25 196 146 110 211
    161 144 241 27 122 97 4 223 34 236 252 175 29 214 211 147 55 44 223
    37 229 208 179 129 90 75 227 255 79 15 241 29 4 179 234 168 229 122
    106 103 121 140 215 241 254 9 206 251 156 79 240 243 229 98 190 33
    149 159 150 12 137 165 252 123 226 122 206 12 85 166 111 255 33 145
    5 123 184 214 41 156 191 101 63 214 46 9 67 140 218 156 63 9 44 26
    206 71 231 243 247 155 224 76 124 14 100 115 244 36 147 46 212 77
    251 160 79 26 64 45 155 227 57 44 211 34 78 116 23 253 84 231 219 69
    163 232 37 8 157 115 77 102 251 248 69 134 113 39 254 30 200 69 50
    46 143 244 56 73 110 254 201 198 142 200 91 85 164 166 219 127 78
    251 39 37 0 109 237 205 170 48 117 211 84 163 236 5 19 192 33 29 127
    143 4 227 155 160 44 22 4 216 35 170 78 181 108 160 244 24 139 33
    253 93 178 57 68 145 26 149 236 12 230 240 42 109 166 190 248 3 168
    69 40 126 1 165 180 104 60 21 115 0 40 245 1 69 161 164 41 137 246
    172 212 52 104 49 190 180 101 66 92 184 137 167 103 191 179 140 84
    53 218 134 95 137 66 175 62 226 222 236 173 170 104 217 107 35 93
    118 100 253 125 214 238 26 77 200 193 64 254 164 24 117 180 110 18 4
    60 205 96 89 179 21 221 146 54 250 191 81 91 50 247 224 209 96 204
    61 208 199 2 153 31 137 126 245 168 236 249 224 131 148 175 91 236
    71 177 201 197 222 185 27 7 145 121 100 141 76 113 131 202 41 41 195
    200 13 241 2 238 20 55 55 28 27 171 46 73 235 153 255 70 188 56 78
    110 210 28 28 234 22 109 227 246 68 248 128 163 209 113 49 43 171
    177 238 231 209 169 255 232 191 30 0 28 8 110 215 158 246 112 22 115
    171 146 33 227 40 24 183 10 200 44 151 199 107 30 213 17 251 111 247
    2 159 80 8 150 187 19 130 245 126 74 56 121 7 112 22 212 48 161 120
    197 249 27 134 85 246 35 211 13 205 161 160 173 39 144 179 93 248 80
    186 3 199 56 124 186 129 151 101 23 194 81 36 41 103 109 119 204 20
    122 55 8 66 211 146 247 172 141 164 104 73 150 158 38 20 108 192 239
    86 38 175 229 42 135 82 92 190 17 143 87 100 250 187 134 45 187 176
    200 181 45 4 90 136 174 254 123 114 191 51 96 45 253 89 202 44 62
    201 247 105 185 244 49 184 39 98 224 91 39 235 239 254 95 99 0 189
    47 42 10 252 81 255 141 103 10 141 159 54 189 147 167 159 105 243 40
    179 58 252 99 15 118 80 116 52 132 114 159 51 5 48 221 238 87 14 128
    185 194 159 150 123 192 63 74 8 38 66 166 49 185 66 119 91 110 129
    34 133 171 198 42 78 16 72 175 165 218 203 115 201 143 24 172 161
    128 81 195 52 177 110 108 67 89 13 196 121 122 173 26 85 13 8 59 251
    13 66 37 138 7 0 210 154 224 1 230 145 90 120 247 177 97 115 214 2
    34 210 113 20 250 206 211 121 64 23 170 222 67 3 134 168 36 242 231
    245 190 238 250 103 54 99 88 217 95 152 240 202 168 33 119 82 229
    155 206 23 198 121 174 89 208 95 184 216 185 104 104 47 67 232 66 10
    27 222 228 132 126 121 109 141 210 23 35 83 142 54 104 167 108 160
    187 36 123 112 72 187 153 209 55 78 57 231 127 38 70 132 74 98 26
    173 159 42 133 87 228 146 172 23 212 149 134 4 54 225 83 143 32 46
    12 202 131 236 44 127 247 185 98 55 7 203 225 222 38 254 195 250 245
    139 108 202 6 44 212 158 216 80 21 171 191 142 69 172 54 115 211 111
    41 108 40 117 131 156 239 247 43 241 187 54 48 144 157 195 239 208
    205 195 120 169 88 238 126 228 103 75 32 143 142 81 88 72 234 210
    185 39 223 51 144 71 34 30 24 130 192 189 91 8 245 60 94 254 51 18
    167 193 164 181 199 5 19 81 49 196 23 106 143 29 122 100 138 191 69
    91 243 6 49 190 133 105 233 217 146 36 22 79 172 246 63 234 49 47
    233 131 62 194 146 76 143 31 6 28 128 170 227 12 236 7 129 156 103
    81 174 162 255 194 102 44 168 97 238 27 239 83 122 58 105 141 35 226
    35 29 159 82 152 27 99 177 73 117 17 156 153 190 4 26 70 43 227 144
    156 204 16 18 249 67 172 58 17 178 207 236 154 240 13 21 63 203 32
    130 31 5 205 228 132 45 206 1 23 23 3 191 110 250 117 160 82 156 192
    206 235 214 193 19 1 15 2 16 151 165 73 40 34 210 152 37 116 173 170
    94 64 253 191 231 40 109 252 250 205 26 166 233 249 1 176 128 246 34
    125 174 159 222 188 156 97 157 205 163 146 111 193 52 35 145 121 97
    119 168 165 164 224 128 109 154 106 232 230 183 174 99 188 242 235
    104 15 32 4 149 100 155 254 59 161 162 38 124 177 30 51 2 0 209 208
    88 42 59 29 170 219 213 123 136 224 123 101 166 51 57 88 191 88 120
    121 180 150 147 125 157 40 34 231 7 95 115 205 113 189 28 175 89 188
    107 210 209 249 193 29 140 13 171 235 186 243 58 109 168 130 220 31
    113 58 104 214 148 125 96 167 254 50 171 241 19 35 57 228 196 103
    210 246 253 181 228 72 173 228 235 27 140 114 232 117 218 12 232 106
    77 47 5 182 236 228 28 193 188 76 62 94 239 129 163 131 119 48 215
    60 176 231 21 77 82 164 195 58 221 111 30 31 179 233 209 212 227 138
    205 134 65 66 250 164 210 56 29 2 205 183 198 109 16 74 87 248 13
    197 112 153 208 198 160 161 34 113 37 127 6 87 80 214 60 121 144 38
    85 213 29 38 62 182 250 3 45 111 125 42 139 155 211 34 112 221 211
    73 155 148 62 241 69 69 166 161 99 191 51 107 110 220 38 209 233 210
    201 105 31 199 154 152 32 122 67 64 71 223 184 60 141 117 91 214 203
    63 157 126 62 172 162 236 231 99 0 21 119 106 247 59 167 193 124 149
    191 173 2 192 152 133 66 228 50 35 221 126 13 172 230 111 27 99 196
    253 201 123 39 212 93 166 245 178 88 62 140 211 74 192 200 196 164
    94 142 33 57 82 88 71 238 123 208 133 73 27 211 46 252 101 134 104
    88 138 28 117 191 131 161 77 208 167 211 99 137 174 161 215 160 142
    84 255 138 119 239 150 38 44 36 147 157 198 51 252 186 242 38 103
    252 3 186 247 122 225 217 27 62 135 244 245 63 58 30 159 206 108 183
    51 121 152 60 229 71 63 66 83 20 100 211 23 153 111 158 255 42 54 26
    7 162 34 47 102 0 39 253 180 174 124 15 244 229 54 38 116 246 34 191
    151 33 71 40 51 231 70 90 159 162 201 102 143 225 111 98 131 229 118
    138 62 98 24 38 151 71 121 174 207 62 134 194 200 49 170 41 244 128
    192 46 195 150 214 137 0 93 2 142 47 165 184 222 115 20 94 211 30 75
    220 235 232 2 1 193 75 164 249 73 170 48 231 63 219 204 107 216 80
    123 75 244 213 197 48 102 222 181 185 206 220 129 80 25 117 62 248
    252 250 241 48 177 58 65 82 139 71 68 137 41 27 78 87 209 12 193 137
    121 155 151 253 241 253 103 137 114 199 124 129 54 164 77 90 32 61
    100 196 95 86 255 209 146 216 50 250 116 70 78 247 164 209 120 151
    153 172 247 10 103 117 245 121 108 17 249 102 138 110 79 183 102 119
    170 40 137 114 177 102 180 169 95 177 98 145 62 115 100 43 201 21
    187 131 0 163 70 189 27 57 137 82 146 247 161 55 186 128 8 124 123
    163 213 53 150 230 28 148 162 78 107 57 31 100 24 151 2 18 251 56
    135 132 200 66 141 183 143 195 19 124 14 60 149 215 220 160 209 241
    230 79 151 10 246 4 232 81 89 136 202 127 17 203 247 101 8 90 80 188
    118 232 205 184 116 46 151 20 230 231 159 198 40 143 126 142 104 38
    194 61 5 155 53 60 19 93 41 79 103 210 171 160 254 184 48 149 49 176
    193 221 213 248 110 245 118 162 5 236 237 64 22 159 87 22 45 73 82
    119 20 173 64 43 21 193 22 31 36 7 171 9 21 241 114 68 145 157 67
    213 250 134 162 251 141 66 224 228 157 225 53 151 87 115 239 57 185
    201 255 25 78 188 181 3 121 192 83 109 78 73 20 66 105 59 90 113 172
    240 106 233 84 101 127 193 13 214 46 5 226 182 113 81 185 50 207 30
    227 217 54 87 234 165 36 67 117 180 192 164 75 108 55 247 232 181 67
    5 65 186 208 215 118 79 72 249 230 96 223 98 51 129 136 217 22 166
    185 220 197 24 215 108 172 166 128 53 194 89 90 229 102 104 221 32
    231 214 135 71 93 90 33 30 236 204 127 173 159 10 137 94 77 171 213
    253 152 162 54 167 171 249 144 226 84 54 114 165 122 38 217 59 131
    74 210 152 252 192 77 195 230 140 224 228 161 33 64 1 152 199 19 246
    200 3 148 162 60 149 22 52 85 173 3 60 154 106 154 246 13 36 90 255
    46 22 204 59 178 52 125 63 205 104 15 136 110 98 37 230 64 0 137 191
    23 246 95 101 245 166 79 163 206 84 70 255 145 147 154 56 227 45 85
    189 195 86 211 191 71 50 101 50 12 167 226 251 147 173 70 106 203
    144 81 143 151 241 49 213 175 85 132 235 165 49 28 205 34 67 74 222
    182 222 32 163 107 16 194 11 34 65 115 210 138 154 117 205 68 42 101
    5 204 191 68 99 230 184 74 79 28 89 73 175 71 84 27 145 246 52 28
    108 30 155 213 6 63 193 140 132 241 136 92 57 138 185 106 178 4 118
    129 206 47 185 177 185 234 244 95 222 29 53 30 117 10 79 127 67 151
    55 146 115 233 155 210 70 166 117 238 188 192 90 87 161 63 149 247
    33 75 196 88 113 149 237 197 216 172 245 48 64 115 135 116 88 95 22
    123 128 211 102 157 125 233 170 109 249 11 94 135 104 124 237 60 45
    180 63 25 75 151 82 201 235 224 172 201 244 133 202 128 253 0 84 116
    81 246 208 218 204 32 40 226 170 200 164 224 200 115 46 109 171 31
    166 82 132 102 177 85 177 114 52 94 9 1 15 251 207 167 141 240 232
    77 211 244 141 141 190 28 179 96 75 43 35 183 67 39 88 110 16 220
    180 169 11 129 27 165 199 133 64 36 110 181 85 178 204 27 188 117
    208 41 60 124 229 115 224 90 82 33 106 47 223 243 85 224 115 81 134
    58 175 119 150 135 112 246 250 176 205 70 38 160 249 251 241 190 177
    222 120 223 111 217 143 119 69 216 185 47 254 22 209 64 162 250 216
    74 34 11 31 178 123 80 119 236 35 227 199 3 46 139 144 37 126 205
    116 49 219 20 119 224 128 231 145 75 89 123 100 50 227 74 207 175
    149 135 201 142 101 67 117 227 32 71 246 51 101 18 146 162 143 57 16
    104 63 79 187 166 121 241 96 224 24 247 160 135 135 103 85 116 187
    196 29 88 159 138 18 247 53 143 232 76 130 58 25 118 204 228 46 255
    139 130 9 123 87 119 132 59 206 251 11 171 72 144 65 18 223 112 241
    248 174 174 169 248 221 165 103 211 208 228 181 49 26 33 200 228 172
    221 56 218 139 178 32 143 152 217 36 168 82 101 201 40 30 0 72 124
    171 206 202 241 151 185 113 220 143 251 215 117 166 225 173 102 237
    107 46 11 95 189 113 238 3 224 229 249 206 34 146 152 79 151 49 140
    203 206 215 255 243 85 78 135 233 189 49 27 254 233 238 67 169 73
    179 203 91 128 244 100 215 83 29 3 249 70 96 194 94 63 129 133 81 57
    45 151 2 212 83 121 56 76 90 215 35 226 111 204 189 42 68 160 20 196
    242 1 247 28 165 49 25 80 83 53 224 10 134 107 122 246 70 234 226 72
    97 216 179 255 200 213 64 8 157 59 98 185 98 229 135 6 121 236 230
    229 233 75 148 184 244 179 109 212 249 192 233 20 61 180 7 186 241
    65 75 198 226 76 37 64 242 103 24 138 238 169 232 23 109 131 73 208
    98 153 180 151 209 173 119 61 228 33 112 128 134 167 51 212 89 203
    83 202 146 241 150 95 152 43 114 194 22 97 107 22 106 12 182 87 75
    13 189 167 176 153 9 236 43 190 199 227 62 205 208 125 237 228 170
    24 38 6 137 117 219 152 0 0 180 129 1 115 66 65 132 94 23 2 43 69 59
    128 205 124 172 157 53 82 204 167 107 216 182 189 4 81 226 171 52
    209 31 196 181 21 159 121 113 58 86 179 165 53 183 169 169 215 105
    52 81 73 179 105 105 179 29 44 36 120 225 122 150 79 232 153 69 247
    236 54 130 128 27 16 48 116 6 9 94 187 157 0 79 40 129 58 167 20 172
    175 253 254 137 126 51 0 157 209 237 190 119 214 46 27 26 15 51 245
    210 191 151 84 66 225 143 143 122 70 1 241 238 220 138 251 31 148 35
    95 186 148 57 233 82 195 203 134 174 222 213 115 79 194 0 27 65 2
    241 34 105 165 119 49 29 50 93 194 244 83 32 63 53 12 65 189 199 235
    132 34 211 10 222 69 184 85 66 204 88 232 197 61 211 241 79 38 238
    15 120 144 15 152 146 179 116 210 80 52 99 142 57 37 224 24 104 219
    64 146 232 22 25 162 39 168 193 249 153 23 97 108 40 137 195 192 63
    184 158 15 7 183 225 23 222 123 119 26 196 67 92 224 75 191 181 24
    21 105 25 213 108 105 194 114 182 67 150 10 123 199 32 239 121 140
    245 77 141 62 148 178 46 38 71 150 246 27 9 5 63 92 111 123 189 9
    105 163 231 233 19 246 134 175 138 70 238 229 229 83 194 214 223 152
    91 230 228 163 212 226 169 88 45 44 117 250 155 168 182 229 148 13
    91 53 241 151 252 225 158 141 172 146 244 73 136 58 239 185 51 31 42
    54 128 187 144 49 140 10 48 65 231 8 121 136 72 92 59 91 5 126 16
    127 127 243 19 139 66 16 106 149 46 236 137 81 116 194 238 197 209
    65 36 154 223 179 61 117 7 142 82 82 17 15 144 81 107 133 119 98 200
    87 176 221 145 240 137 148 221 49 20 168 24 210 127 77 61 171 34 12
    90 75 189 104 161 86 115 18 100 245 49 2 90 143 89 189 97 88 54 129
    244 155 201 127 131 23 136 51 64 135 144 209 180 161 171 142 178 211
    192 232 9 179 141 188 238 231 176 210 142 14 4 255 70 7 11 121 126
    109 195 143 131 168 92 168 230 40 111 84 43 254 5 205 82 38 252 217
    56 199 169 171 178 174 214 118 36 163 54 190 115 177 82 8 146 110
    155 25 46 243 212 201 17 52 131 189 187 224 41 48 90 31 86 65 42 134
    87 241 123 23 255 57 175 7 89 195 204 116 193 179 229 17 92 241 62
    45 47 246 202 178 165 248 146 194 13 105 225 37 212 175 79 213 45
    153 3 240 57 102 77 221 91 243 83 220 63 121 98 244 28 251 228 84 85
    139 237 182 199 40 103 246 250 246 40 7 252 69 147 5 245 164 198 139
    196 61 64 61 107 65 44 215 133 85 193 129 180 236 2 138 168 70 198
    163 251 187 62 188 104 10 187 166 111 2 120 222 243 127 160 220 115
    80 72 108 76 186 46 60 152 136 147 77 50 73 90 45 153 83 93 110 166
    32 155 93 34 53 143 233 88 174 71 223 130 103 93 123 255 10 48 50
    243 18 131 190 98 174 234 99 37 220 118 59 202 254 197 175 105 240
    163 12 168 83 170 112 178 46 155 167 127 143 45 234 58 141 14 191 22
    17 139 235 43 148 185 56 149 117 138 254 249 9 142 251 46 215 131
    100 188 20 159 97 34 31 248 240 84 165 195 85 186 249 235 251 193
    115 187 16 255 34 224 141 180 183 68 237 250 11 154 246 110 119 65
    61 55 127 242 152 168 211 154 146 166 6 143 4 89 190 44 126 225 137
    174 79 3 252 220 252 119 209 24 144 254 227 118 3 179 218 13 212 117
    204 134 225 225 40 194 102 72 9 118 251 243 189 144 228 208 0 194 1
    48 72 185 168 22 194 171 131 169 91 203 71 213 237 169 56 240 112
    166 18 132 223 47 154 189 162 224 124 88 0 189 121 175 148 68 167
    199 184 75 163 102 7 151 140 204 133 54 38 178 60 104 169 197 124
    103 114 175 251 12 174 111 22 216 184 175 121 54 127 66 136 127 54
    21 30 71 102 74 86 109 115 26 53 8 26 44 161 47 226 64 181 66 164
    220 249 200 172 37 34 231 180 205 30 228 89 244 46 178 150 73 113 85
    16 125 149 62 217 249 254 218 161 253 171 25 205 102 201 186 248 67
    247 43 26 235 26 6 185 169 0 220 247 194 27 220 87 64 155 109 66 141
    204 68 133 148 37 232 254 109 89 65 220 104 167 37 113 253 153 99
    195 25 89 108 145 65 4 80 119 199 69 201 43 191 189 132 243 135 25 7
    189 247 23 132 29 66 35 132 33 185 44 169 34 222 152 238 32 10 75
    174 94 240 23 57 97 151 9 93 160 192 38 200 64 186 153 143 19 32 223
    166 143 20 12 166 32 147 110 97 97 240 27 103 57 37 103 83 220 23
    112 234 77 149 159 209 103 63 66 32 8 207 186 14 133 88 156 163 109
    130 90 137 200 55 116 173 147 54 134 183 124 131 185 144 190 140 147
    146 113 134 74 8 199 46 217 64 144 8 150 216 121 121 126 85 188 130
    184 46 57 128 239 204 91 93 70 147 254 152</data></test_img>
<my_img type_id="opencv-matrix">
  <rows>50</rows>
  <cols>100</cols>
  <dt>u</dt>
  <data>
    78 228 0 21 240 137 97 23 228 67 149 40 149 26 222 250 5 79 250 186
    168 76 214 87 13 191 172 160 125 215 1 6 163 227 249 173 230 50 187
    97 79 23 78 53 70 2 71 235 39 2 146 57 57 54 73 234 132 220 174 62
    87 152 200 25 79 131 241 150 1 100 168 60 19 162 222 163 135 211 222
    4 120 184 162 209 83 174 242 199 23 115 155 194 218 254 33 20 142 9
    63 147 151 52 160 30 162 249 138 238 140 46 136 140 201 167 23 35
    212 1 141 15 57 169 106 24 183 26 183 31 199 47 50 255 251 14 42 9
    43 117 172 110 23 56 132 138 169 142 214 11 17 80 118 201 63 124 63
    215 20 183 100 84 11 175 98 125 57 142 23 29 152 62 137 240 196 63
    47 60 32 205 253 25 240 15 122 223 154 189 50 116 243 138 233 218
    156 83 86 232 221 10 97 253 194 11 174 18 3 59 203 211 145 178 156
    93 200 94 61 120 148 6 12 220 56 183 8 178 166 242 91 127 0 51 236
    187 247 153 115 183 226 225 18 193 103 162 154 16 49 70 107 237 184
    154 126 144 111 232 73 212 71 110 53 39 67 237 16 235 196 165 236 43
    156 223 135 202 233 48 196 198 131 202 80 40 174 216 116 80 118 0 70
    94 102 196 248 123 33 70 48 140 187 48 88 215 91 178 64 50 199 233
    183 216 235 52 75 23 193 197 99 126 83 252 116 62 68 231 34 169 12
    32 25 33 136 149 87 41 89 248 207 40 226 51 40 131 98 0 212 135 185
    85 187 209 81 230 181 119 115 187 124 246 176 166 191 218 133 112 72
    29 120 167 50 133 217 95 171 93 181 182 83 62 86 88 77 120 18 61 201
    229 218 15 145 184 25 197 69 68 112 152 19 18 230 194 123 142 121 4
    86 69 29 36 9 213 117 31 178 25 57 20 128 199 122 192 196 157 14 44
    154 143 119 205 126 59 211 244 242 191 130 187 201 85 77 125 133 44
    126 87 207 29 98 124 29 28 37 0 71 41 19 215 50 14 83 192 220 180
    153 96 49 57 150 147 82 1 184 196 172 213 254 41 99 211 172 36 211
    207 149 90 190 56 182 41 170 64 169 119 151 31 231 226 124 56 113
    192 27 62 208 47 23 51 105 150 209 122 234 105 188 162 209 169 238
    48 183 118 143 166 190 198 95 198 240 34 249 76 129 70 91 57 162 129
    154 200 124 194 6 158 196 55 204 188 55 74 105 213 228 110 114 99
    141 126 84 215 223 223 8 124 15 137 129 230 198 221 53 53 188 72 25
    126 150 70 120 139 42 249 166 225 103 95 242 44 44 11 135 150 63 36
    21 4 190 164 196 227 66 249 192 85 163 41 12 30 129 215 221 110 253
    118 84 70 57 175 4 72 232 228 135 148 166 65 17 59 225 80 97 143 169
    4 179 228 162 44 76 101 89 242 215 137 181 32 76 107 244 13 202 141
    217 19 135 67 40 198 200 242 51 141 150 2 32 137 6 160 198 209 173
    116 21 42 65 192 105 175 148 61 8 177 61 13 27 162 126 82 6 173 48
    67 122 89 217 207 103 188 242 175 224 32 236 225 238 225 166 229 168
    143 148 141 110 13 63 86 219 70 238 40 209 188 211 40 93 196 169 215
    116 40 190 215 148 105 185 116 124 57 116 211 91 32 148 141 225 38
    133 107 179 249 38 242 8 225 44 253 179 240 152 51 181 38 244 78 240
    105 171 36 101 82 232 57 211 17 242 15 232 209 91 42 86 162 175 198
    156 36 145 244 152 219 192 84 135 59 38 173 183 139 177 54 15 145
    192 157 213 224 93 17 68 185 4 78 93 51 46 59 158 185 89 84 32 251 8
    255 13 158 101 38 154 34 213 105 200 91 51 150 221 99 242 44 158 89
    234 209 42 42 236 72 152 59 32 160 217 202 166 21 133 124 120 23 21
    204 65 46 247 93 249 137 46 97 120 82 145 11 179 110 120 76 53 234
    198 234 137 99 152 181 131 166 196 143 122 114 242 86 162 171 40 225
    141 179 29 134 172 221 182 250 231 39 64 61 194 38 232 97 139 152
    238 154 103 19 110 118 255 242 150 65 228 228 6 177 120 145 34 13 6
    228 190 217 173 38 188 80 215 4 185 181 91 99 32 133 232 139 122 162
    152 234 162 192 204 11 200 162 97 80 65 86 253 166 158 255 175 74 15
    137 207 95 91 46 190 116 211 219 228 103 59 82 86 53 192 91 230 198
    112 4 97 63 38 40 107 180 51 203 117 80 108 55 173 202 47 242 198
    120 145 202 179 30 65 89 160 46 251 156 219 131 213 162 59 51 80 148
    86 209 126 84 95 255 15 158 225 238 247 148 221 27 137 57 95 51 247
    150 23 200 158 89 82 183 131 48 160 40 89 133 110 55 158 188 240 38
    30 166 240 101 114 118 135 148 247 101 30 192 135 105 209 156 129
    242 30 126 105 11 223 44 234 253 175 27 209 200 133 55 44 223 37 229
    208 179 129 90 75 221 255 91 19 238 32 15 188 223 166 211 116 93 93
    114 135 194 228 255 13 202 247 156 76 232 238 221 78 175 17 124 131
    133 6 124 156 251 112 230 120 204 11 86 169 97 255 34 139 6 116 181
    221 40 164 200 118 67 215 55 11 78 158 219 181 72 8 44 36 207 74 238
    244 251 143 228 63 118 17 101 122 244 40 152 55 219 82 251 160 84 19
    64 45 155 227 57 44 211 34 78 116 21 253 97 223 219 76 160 228 38 21
    150 110 61 82 240 234 61 120 99 34 255 19 194 67 48 38 139 244 48 63
    99 255 194 192 139 196 89 93 166 179 215 133 76 247 48 48 4 97 236
    207 169 46 107 217 84 177 230 4 11 196 44 38 150 171 2 230 162 162
    44 27 6 211 30 162 65 179 91 152 247 25 133 32 255 97 183 65 84 137
    15 143 236 12 230 240 42 109 166 190 248 3 154 76 46 129 4 158 183
    105 57 32 116 2 36 234 4 61 158 158 40 137 242 179 213 55 107 46 190
    173 101 63 82 166 126 156 105 190 175 145 93 65 219 141 105 137 67
    185 67 228 223 240 183 179 99 230 114 40 93 129 103 251 133 215 230
    34 95 207 192 70 255 166 27 116 175 101 19 11 57 196 84 82 171 19
    213 141 63 247 183 80 95 59 247 224 209 96 204 61 208 199 2 153 27
    126 120 238 166 236 244 221 129 143 177 80 223 59 181 190 188 211
    173 25 6 150 122 97 143 72 112 124 204 40 40 185 202 17 238 6 236 25
    70 67 25 21 183 51 78 238 158 255 67 196 59 72 110 221 32 32 232 15
    120 221 240 78 242 148 173 215 116 59 46 177 179 236 225 200 166 255
    223 190 36 2 30 13 122 207 160 238 124 13 122 164 146 33 227 40 24
    183 10 200 44 151 196 95 30 213 19 251 112 247 6 156 82 17 150 192
    21 131 234 114 67 55 120 6 112 11 223 38 156 110 194 249 19 129 76
    244 32 209 19 211 175 179 185 51 154 194 107 244 97 204 8 213 63 129
    198 139 158 112 21 200 84 55 61 110 120 135 204 32 133 70 13 82 217
    145 251 169 135 162 101 80 150 160 51 19 114 188 230 91 48 164 219
    53 135 82 92 190 17 143 87 100 250 187 126 53 179 171 207 188 61 15
    93 143 181 255 124 99 200 53 89 42 251 80 198 30 57 200 240 101 179
    240 46 175 34 86 213 84 44 228 238 255 112 112 4 200 55 51 17 249 95
    255 135 99 13 143 171 59 202 154 179 169 103 238 55 179 72 249 105
    17 120 91 107 67 131 116 145 67 15 61 207 230 86 21 133 175 196 166
    156 124 190 65 80 15 38 66 166 49 185 66 119 91 110 129 34 120 160
    200 46 86 25 80 190 177 221 213 116 215 150 21 183 166 122 80 198 51
    181 112 112 65 78 2 190 120 124 156 21 78 17 8 65 253 23 78 44 139
    11 6 209 158 228 6 234 150 84 124 249 200 91 118 223 2 44 207 116 27
    247 198 207 124 76 34 154 215 82 2 122 152 53 240 215 242 181 234
    247 103 61 107 95 207 105 145 238 196 168 33 119 82 229 155 206 23
    198 121 171 76 209 91 194 232 200 114 110 59 74 236 70 15 25 223 225
    129 114 110 103 139 215 13 23 70 139 44 97 154 107 139 177 46 131
    124 80 185 158 215 67 89 63 236 120 42 72 131 76 91 19 192 177 48
    150 84 236 150 185 25 204 143 137 4 63 223 93 139 36 51 15 196 120
    230 51 120 249 181 91 70 13 194 223 219 48 255 192 253 242 145 108
    202 6 44 212 158 216 80 21 171 181 126 67 169 55 120 219 116 42 110
    46 124 137 156 244 251 42 247 188 53 44 141 156 194 238 215 211 188
    120 156 80 228 129 221 105 84 46 143 145 95 103 84 234 217 188 51
    230 53 148 70 38 32 25 152 213 200 82 8 240 67 93 255 55 17 162 190
    152 173 190 8 23 86 61 188 25 99 139 34 118 101 139 183 72 97 240 15
    59 179 139 116 233 217 146 36 22 79 172 246 63 234 42 40 240 129 59
    211 152 84 152 34 8 30 133 181 230 11 236 6 120 150 91 67 169 156
    255 181 84 38 150 80 228 30 228 72 120 61 105 137 44 225 42 30 154
    91 148 25 105 190 80 116 15 177 173 217 4 27 70 51 234 145 156 198
    11 19 242 91 169 74 21 177 209 236 150 238 15 25 70 200 38 133 25 4
    200 219 133 55 202 4 21 25 3 191 110 250 117 160 82 156 192 206 249
    223 194 15 2 11 4 15 166 188 80 42 32 217 158 30 99 179 166 76 63
    253 177 225 25 99 251 247 196 23 148 221 244 4 175 133 240 42 135
    177 171 221 185 152 99 166 211 181 152 112 213 48 42 162 139 103 114
    179 169 158 219 129 112 143 107 232 228 179 162 103 183 242 228 105
    21 40 6 148 99 158 255 59 158 164 44 129 166 30 67 6 0 209 208 88 42
    59 29 170 219 213 112 122 232 114 86 181 46 48 91 211 91 122 126 198
    158 154 120 164 32 21 230 4 89 107 207 103 173 23 160 76 173 103 213
    213 249 196 38 137 23 173 238 188 242 59 105 179 139 223 34 116 59
    107 228 173 148 97 175 255 53 177 238 15 34 57 230 190 107 207 247
    253 171 223 84 162 225 230 32 141 110 223 116 202 15 219 116 91 53
    11 177 230 228 28 193 188 76 62 94 239 129 163 120 95 34 228 51 200
    242 19 86 89 185 207 59 225 103 19 19 188 242 211 215 221 122 204
    114 55 55 244 139 192 40 32 11 200 173 192 97 23 67 78 255 11 194
    105 152 213 207 177 181 36 129 40 148 8 95 82 221 53 124 141 32 80
    213 27 38 72 183 251 4 48 118 124 59 145 169 221 46 118 217 209 80
    164 148 72 228 82 86 162 158 103 191 51 107 110 220 38 209 233 210
    201 97 30 198 162 166 40 143 80 78 82 232 207 67 156 118 97 228 217
    67 158 116 57 160 145 228 219 72 4 15 93 78 236 55 154 181 103 135
    181 171 4 190 145 114 57 225 46 42 225 135 15 179 240 124 32 107 213
    251 209 139 34 215 91 162 244 177 80 63 135 213 74 183 202 196 166
    103 158 46 72 95 97 78 232 126 207 137 93 27 209 46 255 101 134 104
    88 138 28 117 191 131 161 72 204 171 211 99 152 196 188 232 188 158
    93 255 154 122 249 164 42 48 36 141 150 196 48 249 158 230 25 82 251
    13 156 238 103 211 198 27 55 122 240 244 57 48 30 158 209 105 185 48
    129 158 53 234 70 59 61 80 19 103 213 15 143 107 145 255 34 44 15 8
    148 30 57 107 4 44 253 177 177 126 17 238 223 53 34 110 238 38 185
    152 32 71 40 51 231 70 90 159 162 201 102 137 230 105 93 137 240 131
    158 72 110 27 40 173 78 131 190 217 76 135 198 202 46 160 42 238 112
    175 34 173 129 198 116 6 74 13 126 42 145 171 211 97 17 76 202 27 61
    219 238 238 4 2 207 67 179 251 63 179 36 242 53 230 207 105 211 65
    120 65 240 213 200 46 101 223 183 194 211 221 126 82 19 112 61 244
    251 244 234 48 175 63 67 82 139 71 68 137 41 27 78 87 209 11 198 137
    120 173 171 255 242 253 112 150 116 209 139 141 55 177 89 95 30 63
    107 196 97 80 255 204 137 215 40 249 107 74 65 244 154 196 103 143
    148 164 253 6 93 118 242 124 101 19 251 99 150 112 78 188 97 120 169
    34 141 126 183 105 183 166 97 192 95 150 63 116 95 42 207 17 192 129
    4 154 59 177 17 48 124 86 122 242 164 53 181 128 8 124 123 163 213
    53 150 230 28 152 175 78 105 48 34 105 25 171 2 11 247 53 152 141
    209 78 152 190 156 194 11 124 8 53 143 213 213 154 194 230 225 78
    137 19 240 15 225 63 78 126 192 118 15 190 244 95 11 86 76 185 118
    238 219 185 112 36 143 11 236 242 158 207 38 141 137 156 116 32 215
    65 11 171 57 67 21 89 36 76 95 194 162 141 255 162 30 141 44 175 196
    221 213 248 110 245 118 162 5 236 237 70 25 171 89 23 46 78 84 133
    15 190 55 42 17 207 19 30 38 2 179 4 13 247 122 74 143 152 59 196
    247 120 156 253 124 53 211 213 156 221 36 143 67 103 225 51 177 183
    255 19 70 177 164 6 120 188 65 91 67 63 8 53 101 51 82 112 183 240
    116 238 89 110 135 198 19 230 46 11 228 173 101 76 175 42 190 17 213
    209 61 97 234 165 36 67 117 180 192 164 75 108 55 255 242 200 67 6
    65 215 225 232 118 74 63 247 236 99 230 107 57 150 160 223 19 179
    194 230 196 19 207 112 169 162 120 51 177 74 74 213 86 91 204 25 221
    204 133 55 86 82 34 27 230 196 120 162 152 11 122 80 72 169 217 251
    152 166 53 171 185 244 160 232 91 63 124 175 129 38 228 59 129 78
    200 133 253 183 67 181 217 120 215 221 148 33 64 1 152 199 19 246
    200 3 148 179 61 164 25 48 89 202 4 59 177 110 169 244 11 44 101 255
    53 27 221 61 183 63 137 67 202 99 6 126 103 84 32 228 44 4 124 175
    23 247 78 76 238 162 53 162 198 67 51 255 122 124 135 48 221 27 65
    179 188 78 211 194 55 36 89 36 6 179 225 249 160 175 74 112 207 156
    89 139 139 238 40 200 160 78 112 219 141 44 13 200 23 67 74 222 182
    222 32 163 107 16 194 13 42 76 124 219 156 179 131 215 72 42 97 8
    215 202 80 118 234 196 97 101 32 118 89 190 74 86 19 143 242 32 23
    99 19 137 185 8 34 177 139 112 230 137 74 42 139 173 97 160 6 97 114
    202 40 173 156 177 238 249 82 221 13 38 21 110 6 72 133 67 162 55
    156 129 238 171 213 67 158 118 234 175 183 84 82 141 51 137 244 23
    72 196 88 113 149 237 197 216 172 245 48 80 129 156 133 103 110 21
    143 141 228 110 164 133 238 175 124 251 13 105 164 129 148 247 74 48
    196 67 23 72 150 74 188 232 207 148 181 236 110 185 116 253 2 59 110
    65 240 204 211 190 30 42 219 152 194 150 217 190 95 30 105 171 23
    164 84 137 107 192 86 190 116 48 107 13 2 19 253 202 156 135 236 223
    61 196 244 116 116 173 19 171 86 75 43 35 183 67 39 88 110 16 220
    196 183 15 150 21 179 215 150 59 36 120 185 86 181 221 27 196 139
    217 53 74 145 236 143 234 110 93 34 110 42 217 242 82 215 101 63 116
    40 166 110 135 126 97 238 242 166 194 57 38 139 244 247 240 183 162
    217 105 221 105 217 148 124 67 213 185 38 251 17 204 61 162 244 215
    78 25 15 23 162 120 70 99 228 27 213 181 4 44 133 135 34 126 205 116
    49 219 20 119 224 128 231 156 82 101 143 107 40 249 72 217 183 152
    137 200 148 112 67 129 221 38 84 247 55 126 15 171 179 164 59 19 110
    61 74 185 156 118 238 82 211 25 249 150 129 129 89 70 103 183 192 23
    76 143 114 17 247 48 124 232 67 116 61 23 114 196 225 42 255 141 129
    11 126 97 114 129 48 204 253 11 160 63 126 46 15 207 99 236 251 162
    171 160 253 221 165 103 211 208 228 181 49 26 33 217 247 192 240 59
    242 158 196 23 150 162 230 38 175 86 112 209 46 32 2 93 143 190 223
    217 247 183 200 139 217 156 255 213 122 152 211 150 84 230 93 34 13
    74 173 93 230 6 215 223 244 185 25 118 137 59 124 42 114 181 190 202
    255 238 99 86 137 232 192 46 34 253 228 234 61 166 63 171 190 93 99
    244 82 198 78 27 4 255 72 95 185 94 63 129 133 81 57 45 151 2 212 93
    143 65 93 99 238 30 249 112 223 202 40 74 175 21 207 242 4 253 30
    185 51 27 101 112 63 228 11 150 114 133 253 76 234 219 61 84 207 175
    255 192 209 48 6 154 48 84 179 72 221 95 15 91 238 230 225 234 63
    133 171 244 169 114 215 247 200 234 17 63 194 8 190 240 59 72 192
    215 76 38 48 236 95 21 129 228 154 230 15 99 122 73 208 98 153 180
    151 209 173 119 61 247 34 116 148 148 177 42 232 76 215 76 209 154
    242 162 97 162 53 126 202 30 107 129 25 124 15 194 101 78 19 192 164
    177 145 17 230 42 177 185 219 55 196 196 110 225 217 152 19 32 11 97
    76 196 139 6 6 171 107 6 114 67 67 137 107 21 2 40 72 61 133 207 129
    169 156 51 82 202 166 120 202 171 177 8 78 213 158 53 211 27 198 181
    21 159 121 113 58 86 179 165 53 202 175 173 225 107 48 72 63 181 105
    101 179 30 59 44 124 221 135 171 101 232 175 84 253 238 61 150 148
    30 23 42 122 6 19 95 175 143 2 67 40 120 48 143 21 156 160 253 255
    107 99 38 6 135 190 238 175 105 200 38 32 30 8 61 244 204 190 150 82
    72 221 141 143 114 70 2 236 232 217 145 253 38 141 38 99 183 148 61
    232 67 188 203 134 174 222 213 115 79 194 0 27 76 6 251 32 114 173
    118 34 15 48 97 200 251 91 38 70 67 15 82 204 207 230 152 44 215 13
    223 70 188 82 67 202 91 230 188 53 192 238 72 40 236 19 105 133 17
    135 137 173 89 194 59 42 78 124 55 38 223 23 95 217 70 145 232 23 30
    166 40 169 202 249 154 30 99 110 30 122 200 194 57 175 152 17 11 183
    215 25 215 116 101 21 196 67 92 224 75 191 181 24 21 105 19 221 114
    114 200 114 188 55 150 6 122 207 38 238 124 137 247 93 152 70 164
    185 57 42 78 166 249 30 8 2 63 89 112 133 183 19 107 152 221 228 30
    244 118 156 120 59 228 223 221 61 166 185 202 139 76 236 230 158 207
    223 160 91 53 48 122 251 158 166 175 221 141 13 95 48 238 141 253
    215 158 131 164 135 238 78 137 63 236 183 40 30 42 54 128 187 144 49
    140 10 48 65 234 8 129 141 70 95 57 82 4 126 15 131 135 244 25 131
    70 19 114 162 51 232 154 93 131 204 238 213 213 65 38 164 223 190 59
    122 13 137 84 82 25 21 126 67 86 116 99 72 190 65 162 200 131 247
    129 148 221 51 21 177 27 207 141 105 82 183 42 13 103 95 190 105 148
    84 101 19 91 240 53 8 89 126 95 198 97 82 59 126 251 145 201 127 131
    23 136 51 64 135 144 209 183 145 169 131 171 217 198 230 6 175 137
    192 236 230 179 213 129 19 6 255 82 13 17 129 135 124 202 171 150
    181 101 181 230 44 120 89 51 255 6 202 82 36 242 200 48 188 143 154
    177 164 202 95 34 162 57 196 120 192 97 15 158 118 175 36 65 247 223
    215 21 67 124 196 181 217 40 51 89 25 91 67 46 114 91 236 120 25 255
    63 173 4 89 195 204 116 193 179 229 17 92 241 63 34 40 242 211 177
    164 247 145 207 13 112 228 57 217 183 89 209 57 169 4 240 57 103 86
    219 97 249 86 223 65 129 103 247 30 249 221 89 93 150 236 185 194 38
    80 236 238 236 30 8 244 51 141 8 249 171 204 135 207 74 72 70 107 86
    53 228 131 97 204 124 177 236 4 129 164 80 207 164 251 183 63 190
    105 17 196 154 110 2 116 225 243 127 160 220 115 80 72 108 76 186 46
    60 152 136 147 77 50 73 90 45 153 83 93 110 166 32 155 93 34 53 143
    233 88 174 71 223 130 103 93 123 255 10 48 50 243 18 131 190 98 174
    234 99 37 220 118 59 202 254 197 175 105 240 163 12 168 83 170 112
    178 46 155 167 127 143 45 234 58 141 14 191 22 17 139 235 43 148 185
    56 149 117 138 254 249 9 142 251 46 215 131 100 188 20 159 97 34 31
    248 240 84 165 195 85 186 249 235 251 193 115 187 16 255 34 224 141
    180 183 68 237 250 11 154 246 110 119 65 61 55 127 242 152 168 211
    154 146 166 6 143 4 89 190 44 126 225 137 174 79 3 252 220 252 119
    209 24 144 254 227 118 3 179 218 13 212 117 204 134 225 225 40 194
    102 72 9 118 251 243 189 144 228 208 0 194 1 48 72 185 168 22 194
    171 131 169 91 203 71 213 237 169 56 240 112 166 18 132 223 47 154
    189 162 224 124 88 0 189 121 175 148 68 167 199 184 75 163 102 7 151
    140 204 133 54 38 178 60 104 169 197 124 103 114 175 251 12 174 111
    22 216 184 175 121 54 127 66 136 127 54 21 30 71 102 74 86 109 115
    26 53 8 26 44 161 47 226 64 181 66 164 220 249 200 172 37 34 231 180
    205 30 228 89 244 46 178 150 73 113 85 16 125 149 62 217 249 254 218
    161 253 171 25 205 102 201 186 248 67 247 43 26 235 26 6 185 169 0
    220 247 194 27 220 87 64 155 109 66 141 204 68 133 148 37 232 254
    109 89 65 220 104 167 37 113 253 153 99 195 25 89 108 145 65 4 80
    119 199 69 201 43 191 189 132 243 135 25 7 189 247 23 132 29 66 35
    132 33 185 44 169 34 222 152 238 32 10 75 174 94 240 23 57 97 151 9
    93 160 192 38 200 64 186 153 143 19 32 223 166 143 20 12 166 32 147
    110 97 97 240 27 103 57 37 103 83 220 23 112 234 77 149 159 209 103
    63 66 32 8 207 186 14 133 88 156 163 109 130 90 137 200 55 116 173
    147 54 134 183 124 131 185 144 190 140 147 146 113 134 74 8 199 46
    217 64 144 8 150 216 121 121 126 85 188 130 184 46 57 128 239 204 91
    93 70 147 254 152</data></my_img>
<your_img type_id="opencv-matrix">
  <rows>50</rows>
  <cols>100</cols>
  <dt>u</dt>
  <data>
    78 228 0 21 240 137 97 23 228 67 149 40 149 26 222 250 5 79 250 186
    168 76 214 87 13 191 172 160 125 215 1 6 163 227 249 173 230 50 187
    97 79 23 78 53 70 2 71 235 39 2 146 57 57 54 73 234 132 220 174 62
    87 152 200 25 79 131 241 150 1 100 168 60 19 162 222 163 135 211 222
    4 120 184 162 209 83 174 242 199 23 115 155 194 218 254 33 20 142 9
    63 147 151 52 160 30 162 249 138 238 140 46 136 140 201 167 23 35
    212 1 141 15 57 169 106 24 183 26 183 31 199 47 50 255 251 14 42 9
    43 117 172 110 23 56 132 138 169 142 214 11 17 80 118 201 63 124 63
    215 20 183 100 84 11 175 98 125 57 142 23 29 152 62 137 240 196 63
    47 60 32 205 253 25 240 15 122 223 154 189 50 116 243 138 233 218
    156 83 86 232 221 10 97 253 194 11 174 18 3 59 203 211 145 178 156
    93 200 94 61 120 148 6 12 220 56 183 8 178 166 242 91 127 0 51 236
    187 247 153 115 183 226 225 18 193 103 162 154 16 49 70 107 237 184
    154 126 144 111 232 73 212 71 110 53 39 67 237 16 235 196 165 236 43
    156 223 135 202 233 48 196 198 131 202 80 40 174 216 116 80 118 0 70
    94 102 196 248 123 33 70 48 140 187 48 88 215 91 178 64 50 199 233
    183 216 235 52 75 23 193 197 99 126 83 252 116 62 68 231 34 169 12
    32 25 33 136 149 87 41 89 248 207 40 226 51 40 131 98 0 212 135 185
    85 187 209 81 230 181 119 115 187 124 246 176 166 191 218 133 112 72
    29 120 167 50 133 217 95 171 93 181 182 83 62 86 88 77 120 18 61 201
    229 218 15 145 184 25 197 69 68 112 152 19 18 230 194 123 142 121 4
    86 69 29 36 9 213 117 31 178 25 57 20 128 199 122 192 196 157 14 44
    154 143 119 205 126 59 211 244 242 191 130 187 201 85 77 125 133 44
    126 87 207 29 98 124 29 28 37 0 71 41 19 215 50 14 83 192 220 180
    153 96 49 57 150 147 82 1 184 196 172 213 254 41 99 211 172 36 211
    207 149 90 190 56 182 41 170 64 169 119 151 31 231 226 124 56 113
    192 27 62 208 47 23 51 105 144 207 116 227 99 185 154 209 165 247 44
    189 126 159 172 193 204 98 197 236 27 241 80 136 85 96 74 178 148
    176 215 140 200 2 160 182 48 187 181 41 68 91 203 215 115 116 98 144
    129 77 201 215 216 12 114 14 131 120 232 170 202 56 53 170 75 28 114
    148 80 123 150 57 241 170 218 115 103 236 48 42 11 129 152 58 32 19
    5 193 174 197 227 66 249 192 85 163 41 12 30 129 214 216 90 254 123
    77 70 59 169 2 68 232 232 150 156 176 68 11 58 228 79 97 151 183 2
    196 241 178 50 94 124 107 241 209 138 176 33 82 106 233 14 189 134
    212 17 134 64 38 196 192 233 47 138 142 4 29 131 8 145 174 189 154
    111 23 46 64 191 92 185 157 73 17 187 68 19 26 167 123 87 4 156 44
    58 114 84 212 209 92 192 233 175 224 32 236 225 238 225 166 229 168
    139 136 132 89 9 60 80 218 71 241 42 216 196 224 42 107 215 180 224
    123 36 202 233 154 116 200 128 143 74 139 219 114 46 156 152 219 40
    132 107 180 250 35 236 11 223 36 251 183 233 145 43 181 40 241 69
    236 93 153 31 82 70 227 48 196 17 232 13 222 207 90 55 90 169 175
    196 157 35 144 238 142 203 175 70 117 44 32 169 179 144 181 54 15
    145 192 157 213 224 93 17 68 195 2 65 73 42 40 55 152 185 78 77 33
    253 7 254 11 168 118 38 155 34 224 113 209 96 59 160 228 110 242 60
    177 104 222 204 50 44 221 84 140 67 32 145 215 204 169 19 143 139
    126 24 22 204 62 41 247 89 252 128 40 84 100 73 134 11 166 92 106 78
    62 223 194 223 136 96 154 175 135 156 179 133 103 98 242 76 159 172
    34 228 153 179 29 134 172 221 182 250 231 39 64 50 196 29 232 82 137
    150 236 162 108 16 123 138 254 248 167 83 239 238 5 187 127 151 42
    19 12 238 199 218 189 52 196 98 205 2 185 181 93 94 31 123 225 129
    118 160 150 227 168 199 201 13 199 163 90 74 48 82 254 149 137 255
    160 65 13 125 199 83 83 44 197 133 212 222 228 108 60 91 93 51 176
    87 232 180 92 2 91 51 34 35 103 180 51 203 117 80 108 55 173 202 47
    247 204 118 143 209 178 27 67 88 163 48 253 168 233 146 228 178 75
    64 89 145 90 217 126 91 98 254 37 172 236 241 245 168 218 38 154 50
    95 44 239 156 29 187 159 103 85 185 143 51 161 38 85 138 103 42 143
    175 242 30 23 146 241 90 97 99 115 129 245 100 23 196 145 108 211
    160 143 241 26 120 96 5 222 33 236 252 175 28 214 211 146 55 44 223
    37 229 208 179 129 90 75 226 255 78 14 241 28 5 178 233 167 228 120
    104 101 119 138 215 241 254 9 206 251 155 78 239 242 228 97 189 32
    148 157 149 12 135 163 252 121 225 120 206 12 85 165 109 255 32 144
    6 121 183 214 40 155 191 99 63 214 46 9 67 138 218 155 63 9 43 24
    206 71 230 242 247 154 223 75 123 14 98 113 243 35 146 46 212 76 251
    159 78 24 64 45 155 227 57 44 211 34 78 116 22 253 84 230 218 69 162
    232 36 9 156 113 76 100 251 247 69 132 110 38 254 29 200 69 50 46
    142 243 56 73 108 254 201 198 140 200 91 85 162 165 218 125 77 251
    38 36 1 107 236 205 169 48 115 211 84 162 236 6 17 192 32 28 125 142
    5 226 154 159 43 20 5 216 34 169 77 180 106 159 243 22 137 32 253 92
    177 57 68 144 24 148 236 12 230 240 42 109 166 190 248 3 167 69 40
    124 2 163 179 103 60 19 113 1 40 244 2 69 160 162 40 135 245 172 212
    52 103 49 189 179 99 66 91 183 135 166 101 191 178 138 84 53 218 132
    94 135 66 175 62 225 221 236 172 169 103 217 105 34 92 116 98 253
    123 214 237 24 76 200 193 64 254 162 22 115 179 108 17 5 60 205 95
    89 178 19 220 145 54 250 191 80 91 50 247 224 209 96 204 61 208 199
    2 153 30 135 124 244 167 236 248 223 129 147 175 91 236 71 176 201
    197 221 185 26 8 144 119 98 139 75 110 129 202 40 40 195 200 13 241
    4 237 19 55 55 27 26 170 46 73 234 152 255 70 187 56 77 108 210 27
    27 233 20 107 226 245 68 247 126 162 209 110 49 42 170 176 237 230
    209 168 255 232 191 29 1 27 9 108 215 156 245 110 20 113 170 146 33
    227 40 24 183 10 200 44 151 199 105 29 213 16 251 109 247 4 157 79 9
    149 187 17 128 244 124 74 56 119 8 110 20 212 48 160 118 197 248 26
    132 85 245 34 211 13 205 160 159 172 38 143 178 92 247 79 185 4 199
    56 123 185 127 150 99 22 194 80 35 40 101 107 117 204 19 120 55 9 66
    211 145 247 172 139 162 103 73 149 156 37 19 106 192 238 85 37 175
    228 41 135 82 92 190 17 143 87 100 250 187 132 44 187 175 200 180 44
    5 90 134 174 254 121 111 191 51 95 44 253 89 202 43 62 201 247 103
    185 243 49 183 38 97 223 91 38 234 238 254 94 98 1 189 47 41 11 252
    80 255 139 101 11 139 157 54 189 146 166 157 103 242 40 178 58 252
    98 14 116 79 114 52 130 111 157 51 6 48 220 237 87 14 126 185 194
    157 149 121 192 63 74 9 38 66 166 49 185 66 119 91 110 129 33 131
    170 198 41 77 15 72 175 163 218 203 113 201 142 22 172 160 126 80
    195 52 176 108 106 67 89 13 196 119 120 172 24 85 13 9 59 251 13 66
    36 136 8 1 210 153 223 2 229 144 90 118 247 176 96 113 214 4 33 210
    110 19 250 206 211 119 64 22 169 221 67 4 132 167 35 241 230 244 189
    237 250 101 54 98 88 217 94 151 239 202 168 33 119 82 229 155 206 23
    198 121 174 89 207 94 183 216 185 103 103 47 67 232 66 11 26 221 227
    130 124 119 107 139 210 22 34 83 140 54 103 166 106 159 187 35 121
    110 72 187 152 209 55 77 57 230 125 37 70 130 74 97 24 172 157 41
    131 87 227 145 172 22 212 148 132 5 54 224 83 142 31 46 12 202 129
    236 43 125 247 185 97 55 8 203 224 221 37 254 195 250 244 137 108
    202 6 44 212 158 216 80 21 171 191 140 69 172 54 113 211 109 40 106
    40 115 129 155 238 247 42 241 187 54 48 143 156 195 238 207 205 195
    118 168 88 237 124 227 101 75 31 142 140 80 88 72 233 210 185 38 222
    51 143 71 33 29 22 128 192 189 91 9 244 60 93 254 51 17 166 193 162
    180 199 6 17 80 49 196 22 104 142 28 120 98 136 191 69 91 242 7 49
    189 131 103 233 217 146 36 22 79 172 246 63 234 49 47 233 129 62 194
    145 75 142 30 7 27 126 169 226 12 236 8 127 155 101 80 174 161 255
    194 100 43 167 96 237 26 238 83 120 58 103 139 34 225 34 28 157 82
    151 26 98 176 73 115 16 155 152 189 5 24 70 42 226 143 155 204 15 17
    248 67 172 58 16 177 207 236 153 239 13 19 63 203 31 128 30 6 205
    227 130 44 206 2 22 22 3 191 110 250 117 160 82 156 192 206 234 214
    193 17 2 14 4 15 150 163 73 40 33 210 151 36 114 172 169 93 64 253
    191 230 40 107 252 250 205 24 165 233 248 2 175 126 245 33 123 174
    157 221 187 155 96 156 205 162 145 109 193 52 34 144 119 96 117 167
    163 162 223 126 107 153 104 232 229 182 174 98 187 241 234 103 14 31
    5 148 98 154 254 59 160 161 37 123 176 29 51 4 0 209 208 88 42 59 29
    170 219 213 121 134 223 121 99 165 51 57 88 191 88 118 119 179 149
    146 123 156 40 33 230 8 94 113 205 110 189 27 175 89 187 105 210 209
    248 193 28 138 13 170 234 185 242 58 107 167 128 219 30 110 58 103
    214 147 123 95 166 254 50 170 241 17 34 57 227 196 101 210 245 253
    180 227 72 172 227 234 26 138 111 232 115 218 12 232 104 76 47 6 181
    236 228 28 193 188 76 62 94 239 129 163 129 117 48 215 60 175 230 19
    76 82 162 195 58 220 109 29 30 178 233 209 212 226 136 205 132 65 66
    250 162 210 56 28 4 205 182 198 107 15 74 87 247 13 197 110 152 207
    198 159 160 33 110 36 125 7 87 79 214 60 119 143 37 85 213 28 37 62
    181 250 4 44 109 123 41 137 154 211 33 110 220 211 73 154 147 62 241
    69 69 165 160 98 191 51 107 110 220 38 209 233 210 201 103 30 199
    153 151 31 120 67 64 71 222 183 60 139 115 91 214 203 63 156 124 62
    172 161 236 230 98 1 19 117 104 247 59 166 193 123 148 191 172 4 192
    151 131 66 227 50 34 220 124 13 172 229 109 26 98 196 253 201 121 38
    212 92 165 244 177 88 62 138 211 74 192 200 196 162 93 140 32 57 82
    88 71 237 121 207 131 73 26 211 46 252 101 134 104 88 138 28 117 191
    131 161 76 207 166 211 98 135 174 160 215 159 140 84 255 136 117 238
    149 37 43 35 146 156 198 51 252 185 241 37 101 252 4 185 247 120 224
    217 26 62 133 243 244 63 58 29 157 206 106 182 51 119 151 60 228 71
    63 66 83 19 98 211 22 152 109 156 255 41 54 24 8 161 33 47 100 1 38
    253 179 174 123 14 243 228 54 37 114 245 33 191 150 32 71 40 51 231
    70 90 159 162 201 102 142 224 109 97 129 228 116 136 62 97 22 37 150
    71 119 174 207 62 132 194 200 49 169 40 243 126 192 46 195 149 214
    135 1 92 4 140 47 163 183 221 113 19 93 211 29 75 219 234 232 4 2
    193 75 162 248 73 169 48 230 63 218 204 105 216 79 121 75 243 213
    197 48 100 221 180 185 206 219 127 79 23 115 62 247 252 250 241 48
    176 58 65 82 139 71 68 137 41 27 78 87 209 12 193 135 119 154 150
    253 241 253 101 135 111 199 123 127 54 162 76 90 31 60 98 196 94 85
    255 209 145 216 50 250 114 70 77 247 162 209 118 150 152 172 247 11
    101 115 244 119 106 16 248 100 136 108 78 182 100 117 169 40 135 111
    176 100 179 168 94 176 97 144 62 113 98 42 201 19 187 129 1 162 70
    189 26 57 135 82 145 247 160 55 185 128 8 124 123 163 213 53 150 230
    28 147 161 77 105 57 30 98 22 150 4 17 251 56 133 130 200 66 139 182
    142 195 17 123 14 60 148 215 219 159 209 241 229 78 150 11 245 5 232
    80 89 134 202 125 16 203 247 99 9 90 79 187 116 232 205 183 114 46
    150 19 229 230 157 198 40 142 124 140 103 37 194 60 6 154 53 60 17
    92 40 78 101 210 170 159 254 183 48 148 49 175 193 221 213 248 110
    245 118 162 5 236 237 64 20 157 87 20 44 73 82 117 19 172 64 42 19
    193 20 30 35 8 170 9 19 241 111 68 144 156 67 213 250 132 161 251
    139 66 223 227 156 224 53 150 87 113 238 57 185 201 255 23 77 187
    180 4 119 192 83 107 77 73 19 66 103 59 90 110 172 239 104 233 84 99
    125 193 13 214 46 6 225 181 110 80 185 50 207 29 226 217 54 87 233
    165 36 67 117 180 192 164 75 108 55 247 232 180 67 6 65 185 207 215
    116 78 72 248 229 95 222 97 51 127 134 217 20 165 185 219 197 22 215
    106 172 165 126 53 194 89 90 228 100 103 220 31 230 214 133 71 92 90
    32 29 236 204 125 172 157 11 135 93 76 170 213 253 151 161 54 166
    170 248 143 225 84 54 111 163 120 37 217 59 129 74 210 151 252 192
    76 195 229 138 223 227 160 33 64 1 152 199 19 246 200 3 148 161 60
    148 20 52 85 172 4 60 153 104 153 245 13 35 90 255 46 20 204 59 177
    52 123 63 205 103 14 134 108 97 36 229 64 1 135 191 22 245 94 99 244
    165 78 162 206 84 70 255 144 146 153 56 226 44 85 189 195 85 211 191
    71 50 99 50 12 166 225 251 146 172 70 104 203 143 80 142 150 241 49
    213 175 85 130 234 163 49 27 205 33 67 74 222 182 222 32 163 107 16
    194 11 33 65 113 210 136 153 115 205 68 41 99 6 204 191 68 98 229
    183 74 78 27 89 73 175 71 84 26 144 245 52 27 106 29 154 213 7 63
    193 138 130 241 134 91 57 136 185 104 177 5 116 127 206 47 185 176
    185 233 243 94 221 28 53 29 115 11 78 125 67 150 55 145 113 233 154
    210 70 165 115 237 187 192 90 87 160 63 148 247 32 75 196 88 113 149
    237 197 216 172 245 48 64 113 133 114 88 94 20 121 126 211 100 156
    123 233 169 107 248 11 93 133 103 123 236 60 44 179 63 23 75 150 82
    201 234 223 172 201 243 131 202 126 253 1 84 114 80 245 207 218 204
    31 40 225 169 200 162 223 200 113 46 107 170 30 165 82 130 100 176
    85 176 111 52 93 9 2 14 251 207 166 139 239 232 76 211 243 139 139
    189 27 178 95 75 43 35 183 67 39 88 110 16 220 179 168 11 127 26 163
    199 131 64 35 108 180 85 177 204 26 187 115 207 40 60 123 228 113
    223 90 82 32 104 47 222 242 85 223 113 80 132 58 175 117 149 133 110
    245 250 175 205 70 37 159 248 251 241 189 176 221 118 222 109 217
    142 117 69 216 185 47 254 20 209 64 161 250 216 74 33 11 30 177 121
    79 117 236 34 226 199 4 46 137 143 36 126 205 116 49 219 20 119 224
    128 231 144 75 89 121 98 50 226 74 207 175 148 133 201 140 99 67 115
    226 31 71 245 51 99 17 145 161 142 57 15 103 63 78 187 165 119 241
    95 223 22 247 159 133 133 101 85 114 187 196 28 88 157 136 17 247 53
    142 232 75 128 58 23 116 204 227 46 255 137 128 9 121 87 117 130 59
    206 251 11 170 72 143 65 17 222 110 241 247 174 174 168 247 221 165
    103 211 208 228 181 49 26 33 200 227 172 220 56 218 137 177 31 142
    151 217 35 167 82 99 201 40 29 1 72 123 170 206 202 241 150 185 110
    219 142 251 215 115 165 224 172 100 236 105 46 11 94 189 110 237 4
    223 228 248 206 33 145 151 78 150 49 138 203 206 215 255 242 85 77
    133 233 189 49 26 254 233 237 67 168 73 178 203 91 126 243 98 215 83
    28 4 248 70 95 194 94 63 129 133 81 57 45 151 2 212 83 119 56 75 90
    215 34 225 109 204 189 41 68 159 19 196 241 2 247 27 163 49 23 79 83
    53 223 11 132 105 120 245 70 233 225 72 96 216 178 255 200 213 64 9
    156 59 97 185 97 228 133 7 119 236 229 228 233 75 147 183 243 178
    107 212 248 192 233 19 60 179 8 185 241 65 75 198 225 75 36 64 241
    101 22 136 237 168 232 22 107 129 73 208 98 153 180 151 209 173 119
    61 227 32 110 126 132 166 51 212 89 203 83 202 145 241 149 94 151 42
    111 194 20 96 105 20 104 12 181 87 75 13 189 166 175 152 9 236 42
    189 199 226 62 205 207 123 236 227 169 22 37 7 135 115 218 151 1 1
    179 127 2 113 66 65 130 93 22 4 42 69 59 126 205 123 172 156 53 82
    204 166 105 216 181 189 5 80 225 170 52 209 30 196 181 21 159 121
    113 58 86 179 165 53 182 168 168 215 103 52 80 73 178 103 103 178 28
    43 35 118 224 120 149 78 232 152 69 247 236 54 128 126 26 15 48 114
    7 9 93 187 156 1 78 40 127 58 166 19 172 175 253 254 135 124 51 1
    156 209 236 189 117 214 46 26 24 14 51 244 210 191 150 84 66 224 142
    142 120 70 2 241 237 219 136 251 30 147 34 94 185 147 57 233 82 195
    203 134 174 222 213 115 79 194 0 27 65 4 241 33 103 163 117 49 28 50
    92 194 243 83 31 63 53 12 65 189 199 234 130 33 211 11 221 69 183 85
    66 204 88 232 197 60 211 241 78 37 237 14 118 143 14 151 145 178 114
    210 79 52 98 140 57 36 223 22 103 218 64 145 232 20 23 161 38 167
    193 248 152 22 96 106 40 135 195 192 63 183 156 14 8 182 224 22 221
    121 117 24 196 67 92 224 75 191 181 24 21 105 23 213 106 103 194 111
    181 67 149 11 121 199 31 238 119 138 244 76 139 62 147 177 46 37 71
    149 245 26 9 6 63 91 109 121 189 9 103 162 230 233 17 245 132 175
    136 70 237 228 228 83 194 214 222 151 91 229 227 162 212 225 168 88
    44 43 115 250 154 167 181 228 147 13 91 53 241 150 252 224 156 139
    172 145 243 73 134 58 238 185 51 30 42 54 128 187 144 49 140 10 48
    65 230 9 119 134 72 91 59 91 6 124 15 125 125 242 17 137 66 15 104
    148 46 236 135 80 114 194 237 197 209 65 35 153 222 178 60 115 8 140
    82 82 16 14 143 80 105 131 117 97 200 87 175 220 144 239 135 147 220
    49 19 167 22 210 125 76 60 170 33 12 90 75 189 103 160 85 113 17 98
    244 49 4 90 142 89 189 96 88 54 127 243 154 201 127 131 23 136 51 64
    135 144 209 179 160 170 140 177 211 192 232 9 178 139 187 237 230
    175 210 140 14 5 255 70 8 11 119 124 107 195 142 129 167 91 167 229
    40 109 84 42 254 6 205 82 37 252 217 56 199 168 170 177 174 214 116
    35 162 54 189 113 176 82 9 145 108 154 23 46 242 212 201 16 52 129
    189 187 223 40 48 90 30 85 65 41 132 87 241 121 22 255 57 175 8 89
    195 204 116 193 179 229 17 92 241 62 44 47 245 202 177 163 247 145
    194 13 103 224 36 212 175 78 213 44 152 4 239 57 100 76 220 91 242
    83 219 63 119 97 243 27 251 227 84 85 137 236 181 199 40 101 245 250
    245 40 8 252 69 146 6 244 162 198 137 196 60 64 60 105 65 43 215 131
    85 193 127 179 236 4 136 167 70 198 162 251 187 62 187 103 11 187
    165 109 4 118 221 243 127 160 220 115 80 72 108 76 186 46 60 152 136
    147 77 50 73 90 45 153 83 93 110 166 32 155 93 34 53 143 233 88 174
    71 223 130 103 93 123 255 10 48 50 243 18 131 190 98 174 234 99 37
    220 118 59 202 254 197 175 105 240 163 12 168 83 170 112 178 46 155
    167 127 143 45 234 58 141 14 191 22 17 139 235 43 148 185 56 149 117
    138 254 249 9 142 251 46 215 131 100 188 20 159 97 34 31 248 240 84
    165 195 85 186 249 235 251 193 115 187 16 255 34 224 141 180 183 68
    237 250 11 154 246 110 119 65 61 55 127 242 152 168 211 154 146 166
    6 143 4 89 190 44 126 225 137 174 79 3 252 220 252 119 209 24 144
    254 227 118 3 179 218 13 212 117 204 134 225 225 40 194 102 72 9 118
    251 243 189 144 228 208 0 194 1 48 72 185 168 22 194 171 131 169 91
    203 71 213 237 169 56 240 112 166 18 132 223 47 154 189 162 224 124
    88 0 189 121 175 148 68 167 199 184 75 163 102 7 151 140 204 133 54
    38 178 60 104 169 197 124 103 114 175 251 12 174 111 22 216 184 175
    121 54 127 66 136 127 54 21 30 71 102 74 86 109 115 26 53 8 26 44
    161 47 226 64 181 66 164 220 249 200 172 37 34 231 180 205 30 228 89
    244 46 178 150 73 113 85 16 125 149 62 217 249 254 218 161 253 171
    25 205 102 201 186 248 67 247 43 26 235 26 6 185 169 0 220 247 194
    27 220 87 64 155 109 66 141 204 68 133 148 37 232 254 109 89 65 220
    104 167 37 113 253 153 99 195 25 89 108 145 65 4 80 119 199 69 201
    43 191 189 132 243 135 25 7 189 247 23 132 29 66 35 132 33 185 44
    169 34 222 152 238 32 10 75 174 94 240 23 57 97 151 9 93 160 192 38
    200 64 186 153 143 19 32 223 166 143 20 12 166 32 147 110 97 97 240
    27 103 57 37 103 83 220 23 112 234 77 149 159 209 103 63 66 32 8 207
    186 14 133 88 156 163 109 130 90 137 200 55 116 173 147 54 134 183
    124 131 185 144 190 140 147 146 113 134 74 8 199 46 217 64 144 8 150
    216 121 121 126 85 188 130 184 46 57 128 239 204 91 93 70 147 254
    152</data></your_img>
</opencv_storage>
