<?xml version="1.0"?>
<opencv_storage>
<L2_diff>3.0614539029683266e+02</L2_diff>
<r>8</r>
<test_img type_id="opencv-matrix">
  <rows>50</rows>
  <cols>100</cols>
  <dt>u</dt>
  <data>
    138 78 226 207 32 143 117 176 115 172 103 93 88 201 39 65 38 117 166
    21 137 242 86 27 46 18 230 45 186 127 217 231 64 42 44 246 116 130
    164 248 145 177 35 190 184 241 219 86 141 65 187 231 103 170 151 133
    66 69 226 118 170 59 105 162 105 181 77 220 161 217 133 162 98 151
    164 120 121 184 176 43 143 81 2 31 176 128 48 224 115 3 11 205 211
    26 119 95 159 21 201 146 113 90 235 53 162 96 81 103 185 197 179 109
    214 174 51 19 150 231 172 125 97 224 216 38 79 229 251 12 219 57 161
    7 182 48 40 23 201 92 152 198 227 5 193 81 20 202 66 242 157 220 244
    180 14 5 113 16 137 160 74 215 108 207 167 142 100 120 30 244 85 67
    177 92 228 118 155 2 159 125 11 181 167 165 175 120 22 3 149 223 64
    171 117 227 168 39 98 97 107 212 21 34 110 224 195 18 163 228 144
    103 63 94 99 82 173 13 67 67 99 25 96 212 163 227 40 222 197 155 175
    56 59 227 2 37 91 217 121 218 182 164 25 113 46 244 88 2 110 44 230
    146 165 7 133 65 246 117 53 73 26 214 199 31 197 85 254 172 148 254
    102 47 99 102 166 92 45 204 108 64 189 132 32 200 224 159 150 101
    196 236 230 81 232 29 84 7 242 223 93 60 246 162 238 60 3 99 107 79
    73 75 79 34 236 221 48 141 240 62 20 200 2 146 27 43 112 161 13 249
    72 0 84 100 233 185 158 42 221 149 185 229 72 163 235 224 137 227
    213 182 137 213 43 108 38 204 77 35 252 234 59 237 106 189 118 134
    78 45 6 95 201 65 89 82 6 208 137 0 202 77 41 162 137 203 237 35 156
    24 247 200 176 140 102 185 69 177 154 200 243 219 92 212 230 23 4
    128 18 107 239 20 100 206 83 173 166 218 255 236 26 215 122 122 124
    255 51 79 215 66 30 170 86 189 190 96 95 23 205 23 128 98 62 100 82
    236 27 95 194 50 222 124 46 155 71 152 245 5 55 221 111 13 106 78 59
    135 43 192 193 64 142 18 154 234 113 94 239 30 17 188 45 96 8 120
    178 79 247 230 159 200 174 42 162 24 131 137 53 128 231 58 101 141 3
    62 232 110 203 168 231 216 16 139 212 172 17 191 90 125 141 187 54
    34 111 205 236 185 187 113 48 14 134 50 48 35 211 60 40 80 169 96 36
    51 112 245 30 224 192 205 71 210 151 197 244 118 62 189 11 2 25 242
    64 180 252 0 76 246 23 10 41 16 216 230 0 51 145 78 34 118 63 165
    221 224 183 77 159 164 197 51 94 75 224 74 209 148 62 120 87 118 9
    70 124 170 37 65 233 30 213 116 187 238 202 141 229 7 144 93 3 145
    136 173 104 133 225 137 73 178 69 214 238 206 86 112 15 178 196 65
    224 170 43 105 24 34 176 75 232 244 244 27 184 167 196 32 138 238
    238 245 240 78 81 133 103 65 64 130 21 42 110 81 98 67 13 250 53 106
    168 185 89 104 44 207 163 157 6 222 136 130 59 183 140 19 147 226
    116 236 112 219 81 173 28 170 234 210 223 175 233 161 218 169 140
    206 10 106 214 16 118 107 35 36 158 182 78 238 248 126 159 227 41 32
    116 248 234 251 202 27 255 88 221 52 182 156 196 179 63 6 86 34 53
    150 154 219 147 51 119 204 65 254 186 3 241 43 230 197 47 253 232 9
    156 11 124 19 138 241 85 192 179 203 158 243 138 15 138 48 14 33 155
    184 91 120 91 21 44 226 134 174 22 192 69 88 173 228 169 170 40 67
    62 146 237 238 189 182 55 131 244 136 12 164 9 44 190 212 147 246
    192 7 130 98 94 209 111 249 74 227 253 241 187 148 232 51 152 255 72
    165 87 238 111 8 234 152 59 45 216 252 58 42 189 87 26 27 46 30 108
    23 195 50 127 209 133 238 76 220 184 216 32 177 106 178 0 10 179 163
    223 236 223 196 202 119 248 58 162 120 167 77 86 170 62 165 122 96
    201 54 33 146 112 146 129 30 40 100 245 99 29 117 190 80 56 67 204
    25 192 199 13 25 222 81 13 144 67 154 27 21 239 129 233 233 188 119
    167 6 45 130 240 127 138 94 67 169 46 187 55 26 114 70 5 216 164 81
    237 89 133 53 174 18 123 177 111 116 192 227 97 165 247 45 15 206 90
    24 135 35 128 123 169 151 149 254 84 254 215 77 130 95 86 127 187
    133 201 28 89 190 22 155 194 52 81 6 147 132 181 40 72 66 169 215
    169 91 112 24 230 77 142 127 227 226 251 22 179 22 35 136 171 208
    124 247 248 250 170 117 76 231 193 170 178 50 212 165 205 240 72 25
    127 79 58 173 248 35 203 1 17 177 219 98 50 186 250 222 203 233 247
    77 70 189 71 244 101 239 212 248 118 100 162 191 49 115 135 67 87 55
    186 143 115 190 145 200 136 229 4 4 70 105 235 11 219 235 7 61 21
    233 248 176 221 2 54 27 39 135 55 107 30 108 107 206 62 42 92 174
    116 205 92 177 151 87 180 105 99 162 17 97 255 129 90 225 42 207 176
    49 8 208 226 214 189 206 118 61 221 24 123 33 238 191 105 91 161 19
    100 99 156 27 196 186 48 247 27 110 35 113 155 39 80 79 54 211 77
    109 227 107 235 244 234 116 198 122 88 196 13 238 9 91 46 168 11 81
    19 133 24 248 227 231 175 162 204 6 254 74 215 216 131 20 131 69 163
    183 144 46 100 103 48 37 111 111 163 170 203 96 219 246 29 221 109
    154 100 127 81 246 228 80 207 242 170 69 89 95 246 107 184 255 244
    112 244 140 111 191 64 45 115 27 144 251 98 121 109 227 52 136 71
    251 140 203 205 59 60 155 224 150 80 112 144 78 39 69 18 163 68 41
    61 136 59 252 54 159 10 167 82 58 222 20 174 163 101 45 15 34 83 0
    186 213 33 63 216 228 15 86 60 225 126 80 62 181 71 23 252 230 52
    156 19 181 251 157 245 88 2 18 13 46 252 113 59 143 82 248 18 239
    170 118 216 195 92 243 3 40 151 70 210 216 27 227 121 151 17 180 124
    235 69 49 148 199 237 184 45 247 171 218 40 50 181 42 239 41 94 169
    10 44 32 11 182 190 252 10 255 192 51 117 41 184 16 41 165 52 157
    141 218 58 237 71 253 245 255 193 26 19 35 119 92 204 71 215 210 9 1
    11 34 116 71 128 91 106 189 51 69 84 81 22 92 72 235 25 225 183 116
    4 209 138 44 161 190 107 45 43 55 190 125 112 104 100 224 70 204 206
    69 110 225 229 161 22 247 235 134 115 241 45 65 32 231 77 166 173 12
    129 191 43 11 201 186 206 127 117 44 155 170 214 229 251 112 158 77
    211 88 135 34 183 198 212 63 221 50 173 23 50 98 184 193 2 210 112
    144 134 144 247 159 83 134 154 233 15 200 135 243 29 39 228 171 146
    148 84 150 62 217 95 59 83 159 202 122 65 224 135 254 64 151 25 28
    168 79 16 46 66 212 8 145 148 5 87 109 176 234 158 56 255 154 78 86
    84 163 171 40 43 98 59 220 224 206 77 137 170 195 186 50 82 194 241
    144 87 202 246 154 55 164 218 29 218 33 218 255 244 211 53 251 252
    77 56 34 156 216 249 96 189 206 25 248 57 55 130 2 215 161 14 52 234
    59 128 207 169 229 62 83 122 238 19 153 239 9 192 224 124 6 154 153
    173 228 251 34 95 20 204 58 196 55 39 101 92 60 89 240 102 249 142
    66 103 37 52 253 144 71 100 75 166 177 144 203 168 242 79 185 5 6
    181 100 163 128 84 247 181 92 209 72 43 184 105 231 47 172 139 45
    203 157 3 147 186 64 73 205 228 92 58 5 15 152 97 73 246 146 96 148
    82 150 77 230 189 224 57 254 50 14 3 150 68 232 112 239 50 121 111
    158 97 188 183 119 237 22 137 168 72 47 163 73 246 57 207 1 16 183
    116 16 121 137 11 86 40 78 89 239 221 0 255 49 236 70 200 199 39 115
    207 133 206 16 247 83 108 107 154 7 201 24 147 100 220 44 43 169 182
    59 180 217 163 109 247 217 202 210 73 233 81 4 122 12 202 197 151 22
    238 34 58 252 254 6 66 148 165 69 97 16 212 51 27 205 6 76 41 185
    124 109 98 128 74 21 65 217 216 150 123 17 33 68 254 171 153 122 90
    217 22 221 97 133 251 156 129 153 171 7 226 105 10 0 188 171 104 13
    127 130 206 99 70 238 201 244 149 37 11 123 11 82 3 163 47 185 225
    246 50 253 18 168 105 6 94 151 21 222 249 52 187 92 152 68 111 29 52
    199 51 169 64 248 101 36 174 128 208 150 119 28 6 228 246 117 199 32
    232 30 17 159 27 69 128 80 191 28 161 131 30 46 122 219 151 18 162
    187 141 211 130 177 254 65 146 228 187 126 224 118 168 140 114 171
    146 96 125 207 123 167 109 113 124 241 134 254 245 178 42 28 48 124
    252 245 165 192 3 107 13 214 201 208 117 133 162 226 96 175 55 174
    182 136 100 91 28 206 134 16 162 230 124 248 144 87 246 195 235 161
    226 232 113 94 84 252 36 154 117 19 72 39 192 0 156 31 73 212 185
    229 50 122 248 234 53 3 9 166 128 131 125 254 143 122 67 120 82 177
    1 115 17 201 112 173 90 139 222 198 39 116 235 247 57 115 143 219
    155 6 154 144 236 135 160 211 119 151 34 248 179 217 109 109 60 173
    38 173 156 123 98 228 107 127 242 52 133 79 140 185 203 145 78 31 71
    17 86 216 117 255 223 226 46 43 30 132 43 166 51 224 12 15 250 199
    228 198 243 176 99 179 119 195 254 67 1 166 200 61 102 130 55 22 21
    55 156 120 102 140 29 27 115 32 130 78 68 20 58 226 124 150 248 116
    74 28 204 183 26 129 141 52 194 86 21 110 205 129 22 10 229 70 70 13
    34 161 76 6 112 207 139 133 196 53 90 219 174 103 13 17 242 10 38
    194 202 56 207 125 247 66 9 115 85 8 11 80 250 166 31 57 133 181 243
    13 216 84 215 133 168 100 232 174 134 164 34 187 154 175 144 171 82
    79 237 195 76 116 126 8 3 87 156 56 48 42 187 5 139 174 85 179 147
    78 156 197 75 83 146 150 247 155 2 95 154 165 54 244 129 19 53 249
    100 14 46 244 70 91 162 181 122 182 166 20 106 144 60 15 239 63 83
    82 9 94 145 187 159 47 23 183 165 157 86 148 30 195 127 159 152 220
    172 71 27 169 34 202 6 65 230 87 201 124 161 14 132 109 68 200 113
    99 178 42 211 117 111 90 255 149 63 51 133 215 240 224 250 35 46 0
    216 24 94 190 183 62 157 48 5 131 8 37 117 107 95 2 235 219 252 235
    173 126 14 202 83 61 248 40 179 144 198 220 87 128 126 149 218 174
    18 118 208 178 246 158 202 193 120 144 83 9 133 82 150 55 83 235 142
    125 174 173 234 179 131 157 232 143 186 180 180 237 198 247 69 96 63
    42 201 129 245 161 14 168 54 22 90 234 159 137 93 104 144 41 66 9 88
    196 76 18 145 22 144 1 216 218 200 223 92 13 38 135 154 22 77 65 156
    195 180 159 57 209 107 167 254 223 4 140 233 224 171 44 119 72 207
    207 28 107 185 143 179 69 18 151 253 39 23 18 89 130 32 43 234 107
    31 159 25 225 93 198 207 76 44 69 255 28 188 4 9 202 100 92 145 199
    223 10 239 98 50 229 241 196 150 91 83 116 157 175 145 96 96 33 11
    221 22 121 156 132 114 192 179 163 145 5 24 53 170 245 132 210 124
    193 132 252 254 112 171 189 185 197 197 136 66 80 164 107 181 29 84
    244 230 252 178 34 253 206 82 140 90 233 48 171 179 226 95 191 81
    217 120 102 106 22 70 105 13 80 220 206 50 30 217 248 191 41 15 86
    107 113 13 121 166 206 43 210 127 67 221 70 62 58 206 197 173 37 142
    36 117 34 131 3 50 89 176 207 246 185 23 182 195 168 199 38 14 19
    161 218 44 46 182 58 102 254 206 143 67 104 128 78 164 29 71 213 97
    105 185 76 132 84 175 104 142 246 106 219 17 81 252 145 185 176 41
    135 85 6 16 170 18 249 15 65 147 82 73 24 34 168 16 71 195 194 150
    159 22 192 27 164 96 147 137 84 39 102 33 101 219 71 98 27 220 228
    150 76 252 1 24 229 80 172 253 34 150 166 99 61 193 236 40 96 49 159
    46 12 139 159 176 131 213 42 158 105 74 193 220 172 43 139 0 199 33
    185 12 139 59 203 47 162 147 130 209 131 33 104 33 83 87 110 133 66
    168 230 231 242 6 182 27 239 185 58 128 149 227 226 28 1 39 227 180
    133 220 54 150 220 227 143 225 214 81 139 57 198 50 124 110 144 196
    3 223 30 10 189 117 204 221 240 25 216 214 142 208 157 175 249 154
    25 151 139 182 129 211 81 26 100 147 192 97 31 55 167 137 52 231 68
    2 214 54 98 135 44 54 232 21 99 204 33 32 248 165 247 156 111 22 12
    30 202 147 173 126 57 10 200 62 31 246 162 6 162 239 13 30 110 133
    132 127 127 177 253 189 42 0 118 185 134 14 63 83 47 159 230 185 161
    23 220 119 44 161 160 72 37 52 169 178 53 240 78 93 88 8 69 78 170
    238 15 105 254 81 167 251 177 224 161 44 225 160 206 15 145 42 240
    64 123 210 218 106 68 135 47 255 191 5 133 234 235 80 225 3 55 249
    87 190 125 61 28 21 153 24 57 177 169 182 221 90 11 175 190 161 25
    96 246 34 13 50 201 31 195 80 81 23 234 87 56 66 105 121 101 201 192
    83 248 244 0 177 162 249 4 35 91 39 62 85 41 56 0 87 0 94 122 88 30
    109 127 61 148 80 91 238 163 13 201 15 29 12 97 136 238 93 235 253
    172 125 86 34 223 78 137 77 7 156 10 179 119 4 170 145 173 205 69
    127 71 181 23 186 112 172 235 79 209 23 233 230 33 218 63 203 14 68
    227 39 53 65 188 134 92 21 75 155 55 37 125 254 101 233 103 93 64
    108 244 19 80 197 188 75 221 94 183 23 137 203 173 144 141 113 54
    194 108 38 9 186 193 24 32 159 252 135 185 100 73 66 40 224 54 126
    216 188 243 80 236 81 25 159 118 161 63 25 193 220 62 62 98 39 206
    33 60 191 194 232 78 193 27 184 71 2 191 240 24 5 89 79 74 33 207
    240 110 205 30 176 174 216 59 210 134 51 189 232 52 221 40 140 140
    170 160 248 10 24 153 248 85 3 214 117 118 221 162 120 24 201 79 244
    58 200 197 151 58 9 88 205 160 248 116 25 76 183 55 49 118 43 115 76
    238 125 18 184 81 117 32 47 236 101 17 110 23 92 223 233 127 153 187
    223 158 101 187 250 152 52 117 46 128 117 118 72 197 34 158 187 181
    61 95 40 65 14 16 166 96 244 72 83 193 87 3 60 116 92 83 132 149 145
    192 194 23 212 206 191 170 243 156 176 53 30 50 249 18 116 242 143
    181 191 111 84 223 0 162 148 152 111 108 5 39 226 237 107 106 78 155
    170 133 58 35 30 98 106 45 177 217 164 65 183 65 57 135 0 74 87 32
    17 215 39 190 88 139 69 90 39 39 168 174 141 85 216 155 99 3 154 14
    71 148 208 117 155 16 31 151 155 210 6 155 64 174 102 64 46 141 122
    177 201 184 39 224 112 157 148 251 225 113 158 100 54 185 143 38 90
    134 25 92 58 213 126 221 84 74 255 181 191 25 45 87 180 62 53 231
    204 85 41 194 67 18 52 47 6 190 221 29 1 224 101 172 63 88 208 86 59
    48 242 92 167 7 209 164 206 131 90 74 170 30 7 136 94 9 19 149 193
    75 104 17 249 242 108 48 132 33 96 26 21 228 40 131 38 176 139 130
    62 170 29 199 242 69 216 179 181 91 35 17 162 159 201 239 128 97 24
    160 7 1 175 149 170 1 52 42 157 103 169 108 223 151 63 130 208 47
    119 127 74 41 163 212 218 64 40 188 238 140 127 222 210 32 131 249
    50 38 65 208 140 163 147 28 19 53 106 223 145 133 15 96 166 127 151
    240 220 0 73 147 157 114 161 59 234 97 23 159 249 123 48 68 226 45
    99 190 61 11 92 71 229 63 147 246 23 228 3 106 109 129 32 254 49 58
    243 87 156 162 126 63 90 21 130 237 197 9 15 68 71 100 41 159 69 203
    221 240 153 33 152 166 169 251 40 189 10 208 15 133 116 136 246 233
    112 116 250 239 191 158 64 69 189 28 161 179 221 245 18 192 157 159
    101 29 74 224 150 140 230 26 89 213 200 247 208 193 86 43 23 235 206
    96 198 218 174 25 218 137 9 164 107 112 60 78 136 160 60 95 92 201
    200 183 223 193 180 221 74 212 33 0 246 233 158 219 164 19 90 236 32
    132 113 155 226 81 153 97 230 13 2 200 204 46 179 53 81 59 64 74 95
    133 116 2 181 142 130 74 230 14 54 223 47 116 186 98 237 89 59 238
    228 60 40 91 203 8 63 226 22 102 55 97 107 148 115 131 82 234 131 97
    72 97 107 108 0 149 24 210 156 176 183 202 196 15 153 86 97 142 227
    24 60 203 203 78 231 191 116 31 139 195 7 175 60 72 162 188 102 226
    196 176 224 52 68 73 234 48 167 235 126 158 20 221 158 59 159 145 81
    37 139 214 113 24 3 101 207 146 109 112 155 203 242 206 188 225 99
    170 102 248 36 190 42 25 214 79 240 30 209 131 84 50 157 111 182 172
    25 105 187 12 209 69 153 181 6 66 196 16 216 88 198 76 47 71 133 225
    106 29 192 176 37 24 168 250 153 32 104 64 181 88 100 249 49 72 57
    247 6 187 13 253 233 84 19 248 143 97 82 189 147 67 179 187 197 43
    230 104 228 7 106 111 137 110 6 146 49 154 192 136 18 92 208 202 97
    0 201 28 185 151 138 175 50 81 135 30 244 59 55 155 77 89 254 170
    186 52 239 50 134 186 82 78 227 114 187 245 56 207 144 144 174 47
    221 210 27 59 22 158 65 60 217 69 110 43 21 34 39 250 108 8 254 204
    164 241 85 228 99 182 242 69 114 52 204 63 239 148 36 18 20 221 180
    71 21 77 19 152 61 25 68 253 163 237 230 27 143 255 160 189 108 231
    93 50 198 185 160 147 133 68 176 164 212 93 69 221 192 47 222 142 18
    26 247 23 234 152 180 227 122 199 3 37 112 78 31 12 223 51 3 134 23
    152 209 80 200 30 158 109 255 153 171 15 26 243 78 81 126 171 176
    199 79 10 19 178 243 139 208 36 15 250 191 155 186 182 151 136 2 156
    101 192 70 169 63 168 78 193 190 99 202 11 142 111 176 17 139 65 105
    251 194 157 209 96 61 103 188 142 65 169 46 77 35 155 175 56 173 232
    79 128 49 37 165 251 159 149 81 205 60 160 51 96 205 85 217 14 41
    118 104 179 243 176 67 66 19 129 217 101 117 95 88 131 138 230 236
    134 109 129 188 205 23 29 20 228 67 150 51 232 252 188 200 196 240
    77 28 212 252 11 34 168 95 220 170 156 191 245 80 24 155 198 31 92
    116 38 197 2 100 244 115 137 191 228 85 61 237 41 28 117 185 175 29
    156 20 176 52 124 183 6 118 134 190 211 175 76 254 96 230 171 252 85
    97 7 1 142 195 221 37 14 245 58 238 54 50 60 30 46 242 18 8 244 12 9
    235 237 55 61 70 246 204 66 170 7 214 133 128 35 240 210 223 93 100
    89 206 196 166 60 69 183 0 50 219 106 178 103 158 240 172 176 182 4
    63 115 30 217 101 3 213 170 20 115 8 141 149 226 105 30 242 147 48
    198 199 120 40 125 185 206 114 203 156 208 82 233 81 18 150 95 231 9
    35 161 174 196 188 108 90 208 130 210 146 188 70 175 45 173 192 215
    167 23 138 208 44 149 219 247 75 65 81 185 94 165 59 83 158 105 30
    199 64 158 160 232 85 178 79 230 38 9 148 237 245 72 2 119 199 212
    250 186 14 243 117 230 189 50 93 179 7 102 65 128 193 99 170 222 23
    165 25 152 156 138 109 156 46 63 196 72 141 27 28 112 41 188 3 230
    148 49 183 224 247 189 204 17 179 12 40 193 75 120 201 161 208 83 39
    57 213 241 5 46 78 17 152 43 151 254 116 129 243 114 117 102 0 219
    96 155 230 179 212 206 22 70 39 2 128 131 158 157 101 55 162 211 82
    207 117 18 170 91 46 138 158 5 255 163 214 113 3 255 1 221 217 61
    211 127 131 253 226 245 120 218 24 42 68 184 109 51 180 254 25 210
    111 149 174 130 194 247 169 184 221 47 235 88 235 182 39 255 211 224
    88 85 238 7 197 103 253 148 24 22 51 58 119 133 236 71 36 34 147 159
    187 49 142 174 82 78 140 206 231 189 55 179 85 208 193 218 87 98 216
    201 140 104 6 224 19 211 221 88 69 69 53 116 37 73 6 94 158 139 83
    99 244 236 80 247 197 36 41 5 215 64 34 241 36 208 83 236 239 240
    116 167 7 140 186 123 62 237 139 217 217 152 115 134 231 78 252 156
    143 176 152 105 217 125 170 191 242 229 32 2 122 48 160 142 114 120
    23 165 3 74 219 36 114 170 4 253 96 78 228 53 231 90 53 164 252 101
    88 103 144 200 36 17 41 191 166 36 149 51 39 190 56 63 176 195 94 47
    130 84 255 100 76 27 149 153 190 208 5 99 250 26 164 33 186 226 99
    250 204 23 250 132 15 149 251 86 162 211 28 104 75 44 47 144 82 112
    99 211 128 127 81 86 16 39 250 16 152 9 133 215 232 177 198 138 121
    233 165 155 169 194 30 113 211 57 1 135 39 170 7 208 18 88 157 65
    232 85 93 79 125 191 150 85 199 227 169 40 125 21 177 114 21 212 107
    127 150 90 157 165 37 142 167 104 255 77 56 86 99 228 153 195 163 25
    78 151 41 141 193 17 50 126 246 146 52 42 244 159 204 239 42 253 210
    101 185 188 4 120 204 133 111 145 100 108 175 208 59 244 104 23 55
    248 110 141 162 111 143 228 207 135 202 87 244 230 2 146 231 81 155
    94 246 126 45 64 199 251 39 4 203 193 34 156 73 214 73 231 139 238
    31 162 171 222 252 234 89 231 72 9 84 155 22 153 239 121 160 91 153
    254 176 193 10 67 224 59 134 232 248 251 136 251 174 92 78 240 234
    228 163 3 46 217 138 116 77 242 66 69 168 155 71 66 144 13 128 153
    174 255 244 154 213 85 30</data></test_img>
<my_img type_id="opencv-matrix">
  <rows>50</rows>
  <cols>100</cols>
  <dt>u</dt>
  <data>
    138 78 226 207 32 143 117 176 115 172 103 93 88 201 39 65 38 117 166
    21 137 242 86 27 46 18 230 45 186 127 217 231 64 42 44 246 116 130
    164 248 145 177 35 190 184 241 219 86 141 65 187 231 103 170 151 133
    66 69 226 118 170 59 105 162 105 181 77 220 161 217 133 162 98 151
    164 120 121 184 176 43 143 81 2 31 176 128 48 224 115 3 11 205 211
    26 119 95 159 21 201 146 113 90 235 53 162 96 81 103 185 197 179 109
    214 174 51 19 150 231 172 125 97 224 216 38 79 229 251 12 219 57 161
    7 182 48 40 23 201 92 152 198 227 5 193 81 20 202 66 242 157 220 244
    180 14 5 113 16 137 160 74 215 108 207 167 142 100 120 30 244 85 67
    177 92 228 118 155 2 159 125 11 181 167 165 175 120 22 3 149 223 64
    171 117 227 168 39 98 97 107 212 21 34 110 224 195 18 163 228 144
    103 63 94 99 82 173 13 67 67 99 25 96 212 163 227 40 222 197 155 175
    56 59 227 2 37 91 217 121 218 182 164 25 113 46 244 88 2 110 44 230
    146 165 7 133 65 246 117 53 73 26 214 199 31 197 85 254 172 148 254
    102 47 99 102 166 92 45 204 108 64 189 132 32 200 224 159 150 101
    196 236 230 81 232 29 84 7 242 223 93 60 246 162 238 60 3 99 107 79
    73 75 79 34 236 221 48 141 240 62 20 200 2 146 27 43 112 161 13 249
    72 0 84 100 233 185 158 42 221 149 185 229 72 163 235 224 137 227
    213 182 137 213 43 108 38 204 77 35 252 234 59 237 106 189 118 134
    78 45 6 95 201 65 89 82 6 208 137 0 202 77 41 162 137 203 237 35 156
    24 247 200 176 140 102 185 69 177 154 200 243 219 92 212 230 23 4
    128 18 107 239 20 100 206 83 173 166 218 255 236 26 215 122 122 124
    255 51 79 215 66 30 170 86 189 190 96 95 23 205 23 128 98 62 100 82
    236 27 95 194 50 222 124 46 155 71 152 245 5 55 221 111 13 106 78 59
    135 43 192 193 64 142 18 154 234 113 94 239 30 17 188 45 96 8 120
    178 79 247 230 159 200 174 42 162 24 131 137 53 128 231 58 101 141 3
    62 232 110 203 168 231 216 16 139 212 172 17 191 90 125 141 187 54
    34 111 205 236 185 187 113 48 14 134 50 48 35 211 60 40 80 169 96 36
    51 112 245 30 224 192 205 71 210 151 197 244 118 62 189 11 2 25 242
    64 180 252 0 76 246 23 10 41 16 216 230 0 51 145 78 34 118 63 165
    221 224 183 77 159 164 197 51 94 75 224 74 209 148 62 120 87 118 9
    70 124 170 37 65 233 30 213 116 187 238 202 141 229 7 144 93 3 145
    136 173 104 133 225 137 73 178 69 214 238 206 86 112 15 178 196 65
    224 170 43 105 24 34 176 75 232 244 244 27 184 167 196 32 138 238
    238 245 240 78 81 133 103 65 64 130 21 42 110 81 98 67 13 250 53 106
    168 185 89 104 44 207 163 157 6 222 136 130 59 183 140 19 147 226
    116 236 112 219 81 173 28 170 234 210 223 175 233 161 218 169 140
    206 10 106 214 16 118 107 35 36 158 182 78 238 248 126 159 227 41 32
    116 248 234 251 202 27 255 88 221 52 182 156 196 179 63 6 86 34 53
    150 154 219 147 51 119 204 65 254 186 3 241 43 230 197 47 253 232 9
    156 11 124 19 138 241 85 192 179 203 158 243 138 15 138 48 14 33 155
    184 91 120 91 21 44 226 134 174 22 192 69 88 173 228 169 170 40 67
    62 146 237 238 189 182 55 131 244 136 12 164 9 47 190 215 157 244
    197 5 135 98 90 199 114 246 77 221 251 236 185 142 224 54 142 255 77
    153 88 238 108 11 229 142 57 44 201 252 57 42 178 93 28 32 53 35 116
    25 193 57 141 206 145 234 78 216 186 215 27 179 111 184 3 8 184 163
    223 237 229 202 214 107 251 51 159 115 167 71 80 167 63 163 121 100
    200 57 33 146 112 146 129 30 40 100 245 99 29 117 190 80 56 67 198
    32 192 199 13 30 223 83 12 143 63 149 29 20 234 129 229 229 185 121
    158 6 42 129 237 124 131 100 69 161 46 176 54 26 109 73 8 207 161 93
    229 95 140 63 171 21 139 177 130 132 192 221 101 172 244 47 15 204
    96 23 136 28 125 124 174 146 146 253 84 254 219 71 124 89 83 118 187
    124 207 32 90 192 25 146 194 52 81 6 147 132 181 40 72 66 169 215
    169 91 112 24 232 81 147 134 229 226 250 24 176 26 41 135 167 198
    125 240 243 245 170 121 79 220 184 163 171 49 203 164 195 242 76 21
    126 80 56 169 250 39 197 2 14 172 214 106 61 182 247 215 200 226 244
    83 75 186 76 239 107 236 211 246 126 101 161 191 46 116 134 63 88 49
    185 134 109 193 143 206 132 229 4 4 71 107 235 18 219 235 7 61 21
    233 248 176 221 2 54 27 39 135 55 107 37 114 116 205 69 49 101 174
    122 199 91 170 153 89 176 108 105 161 16 103 255 131 96 210 43 199
    170 43 10 203 221 205 179 196 116 65 214 23 129 36 235 186 105 97
    165 21 112 109 168 35 196 184 49 244 28 112 35 116 160 34 81 77 50
    210 68 104 230 103 235 245 234 106 201 116 86 198 18 236 10 97 49
    164 18 81 19 133 24 248 227 231 175 162 204 6 254 74 215 216 131 20
    126 71 161 179 146 49 105 104 49 41 102 103 159 166 192 94 206 236
    28 207 113 149 109 128 88 247 223 88 203 242 169 74 98 103 247 111
    176 255 243 117 241 145 111 191 74 50 124 40 157 251 99 126 108 221
    49 138 71 251 143 202 203 55 56 153 224 146 74 104 144 70 29 60 19
    162 59 34 56 133 59 253 57 156 13 160 82 58 222 20 174 163 101 45 15
    34 83 0 186 213 33 63 218 233 17 89 64 226 130 81 62 176 66 23 251
    218 55 151 18 179 245 154 234 94 3 19 12 51 251 120 65 139 86 248 19
    233 161 119 210 194 97 238 6 41 154 84 206 212 39 221 133 166 19 185
    131 230 71 47 155 199 235 191 42 245 173 214 33 41 187 34 241 30 86
    169 10 39 32 17 181 191 253 14 255 196 57 116 41 184 16 41 165 52
    157 141 218 58 237 71 253 245 255 193 30 23 42 125 101 202 77 214
    208 9 1 11 36 115 71 124 91 108 182 53 70 86 83 26 101 79 231 23 220
    179 109 4 199 133 45 157 188 106 45 42 57 188 128 115 108 105 221 80
    208 211 72 115 223 227 170 24 246 232 136 118 240 41 57 21 229 64
    171 179 13 120 194 41 13 208 188 214 122 109 49 158 175 216 226 251
    112 158 77 211 88 135 34 183 198 212 63 221 50 173 23 50 103 181 192
    3 213 126 150 140 147 241 156 78 130 152 224 14 191 133 229 32 41
    212 163 132 139 94 146 64 213 103 60 88 154 198 122 70 224 139 254
    66 154 22 31 172 86 13 48 71 211 7 155 155 6 86 105 175 231 167 55
    255 155 77 86 81 168 178 34 39 96 52 219 226 215 71 140 174 197 186
    55 89 199 237 137 93 202 246 154 55 164 218 29 218 33 218 255 244
    211 53 251 252 80 64 41 160 223 251 106 188 209 33 246 55 52 129 3
    206 161 14 52 224 59 120 191 158 217 63 86 124 236 22 143 236 11 187
    219 131 7 154 155 180 232 249 36 94 20 208 61 204 63 40 106 93 62 91
    237 101 248 145 64 104 33 51 251 148 67 95 67 166 180 139 206 169
    240 72 183 7 8 178 100 164 124 88 243 180 92 209 72 43 184 105 231
    47 172 139 45 203 157 3 147 186 71 83 206 233 108 69 4 16 163 107 74
    241 146 99 147 84 147 79 220 188 210 58 252 53 19 3 146 67 233 111
    236 53 116 104 148 95 185 183 120 236 21 141 175 74 49 174 75 244 61
    214 3 14 191 124 15 125 142 15 86 38 78 91 236 220 3 255 44 236 62
    204 199 34 108 216 130 212 25 243 82 108 106 144 11 198 24 147 100
    220 44 43 169 182 59 180 217 163 109 247 217 202 212 79 236 87 4 135
    11 202 199 160 26 236 37 62 251 252 5 70 144 163 71 101 20 200 59 30
    196 7 80 41 173 122 103 94 124 74 19 62 221 219 154 124 15 34 74 253
    182 168 135 91 221 26 221 100 141 251 166 131 157 180 9 224 102 10 3
    193 183 100 18 119 120 214 93 64 234 205 238 145 40 20 118 19 83 2
    163 47 185 225 246 50 253 18 168 105 6 94 151 21 222 249 55 191 104
    163 78 131 36 58 206 56 178 67 247 110 43 183 133 208 153 124 33 7
    223 244 121 191 39 233 34 20 153 29 70 126 78 187 26 161 136 29 44
    124 224 161 18 176 199 154 220 144 196 253 71 162 233 198 131 228
    123 176 145 115 178 151 94 124 216 117 165 102 103 117 238 131 254
    241 176 42 33 55 117 252 238 160 192 3 107 13 214 201 208 117 133
    162 226 96 175 55 174 182 132 108 99 39 206 147 21 171 235 131 249
    144 95 243 195 236 167 221 229 116 101 92 251 41 154 121 23 79 44
    189 1 153 34 75 206 180 229 49 120 248 235 48 5 10 172 131 138 134
    254 154 131 66 120 83 191 4 115 20 210 112 182 94 139 227 203 36 120
    237 249 57 109 140 225 156 7 152 144 231 130 157 213 116 139 39 248
    179 217 109 109 60 173 38 173 156 123 98 228 107 127 242 53 134 86
    142 186 204 152 87 46 81 25 96 214 118 255 216 221 56 54 40 131 53
    167 61 221 12 19 251 201 229 197 246 172 101 176 122 194 255 65 2
    172 204 64 105 131 57 26 22 60 169 124 103 143 36 34 113 37 128 83
    71 21 64 232 122 155 249 117 73 27 206 178 24 125 140 54 190 82 25
    101 202 123 27 11 223 70 70 13 34 161 76 6 112 207 139 133 196 53 90
    219 174 101 16 24 238 11 56 196 205 70 214 129 245 74 10 120 100 7
    12 85 249 168 39 64 131 181 245 14 216 97 214 135 167 105 235 175
    143 170 37 197 162 191 153 185 88 83 236 203 78 124 136 10 4 89 169
    61 53 49 199 9 143 183 86 188 155 83 167 202 70 79 144 146 247 154 4
    86 149 163 51 237 123 24 54 249 95 14 46 244 70 91 162 181 122 182
    166 20 106 144 60 15 239 68 90 92 9 110 156 191 168 56 32 184 176
    168 98 152 33 194 129 161 153 214 168 74 30 171 38 204 8 71 234 92
    203 125 163 17 139 114 71 211 118 109 193 48 219 120 117 98 255 163
    72 61 143 223 241 229 246 41 53 3 220 26 97 195 191 63 167 45 10 124
    12 31 112 102 86 4 233 220 251 230 170 119 21 201 86 61 248 40 179
    144 198 220 87 128 126 149 218 174 18 118 208 175 247 158 202 193
    133 149 100 11 143 95 160 64 95 237 144 126 179 175 233 175 131 149
    232 140 181 180 179 239 196 250 73 94 67 49 206 136 247 169 15 179
    53 23 95 234 174 147 101 116 161 49 70 10 93 211 78 25 156 28 154 4
    218 221 206 230 89 18 34 132 151 21 74 60 159 194 176 159 56 214 108
    167 254 220 5 140 233 224 171 44 119 72 207 207 28 107 185 143 179
    69 18 154 255 50 34 26 109 137 43 55 236 116 41 171 26 222 104 199
    204 79 52 73 255 33 178 6 10 205 110 98 146 201 227 15 241 102 53
    235 245 206 157 97 85 118 169 191 155 103 102 39 11 229 26 126 172
    139 114 205 192 174 156 8 31 60 178 248 137 214 121 196 131 250 253
    109 176 188 184 199 200 136 67 80 164 108 182 29 84 244 230 252 178
    34 253 206 82 140 90 233 48 171 179 232 105 199 89 221 131 115 117
    26 79 110 14 86 221 209 53 33 211 246 187 47 17 85 102 112 14 130
    170 212 50 213 128 69 229 77 67 61 213 205 184 39 148 38 124 36 146
    6 55 99 191 215 244 202 28 198 208 177 212 43 17 23 170 225 50 53
    191 56 101 254 210 145 69 101 128 82 168 33 72 217 97 107 189 82 133
    84 175 104 142 246 106 219 17 81 252 145 185 176 41 135 85 5 19 176
    25 253 16 75 154 93 80 25 40 173 13 71 199 193 146 158 23 189 31 160
    92 140 133 91 49 109 38 104 219 73 102 31 223 233 152 80 251 4 20
    236 84 187 251 36 164 184 109 72 208 237 47 105 56 165 54 11 148 165
    183 135 217 47 168 106 74 201 226 181 41 145 2 203 36 189 17 139 58
    210 52 161 146 130 209 131 33 104 33 83 87 110 133 66 168 230 231
    242 6 195 34 244 196 67 138 161 231 230 34 2 47 229 184 131 217 58
    148 218 229 138 222 210 77 135 58 202 56 126 113 142 194 9 230 33 17
    187 122 214 227 243 23 224 222 148 220 173 191 248 169 30 165 150
    196 137 215 94 31 111 159 199 108 35 66 176 139 53 235 73 4 216 54
    97 134 47 56 235 25 96 210 38 35 249 168 247 156 111 22 12 30 202
    147 173 126 57 10 200 62 31 246 169 4 173 244 15 40 124 143 141 133
    130 179 252 191 42 2 117 185 131 17 64 77 50 147 230 184 162 26 221
    119 46 159 154 74 40 50 170 182 55 245 82 101 98 10 75 88 186 241 17
    117 254 92 181 251 189 231 171 51 233 170 209 17 150 48 244 71 124
    216 223 120 74 140 47 255 195 9 136 238 238 85 230 6 58 251 87 190
    125 61 28 21 153 24 57 177 169 182 221 90 11 175 201 169 37 115 251
    47 16 58 214 39 204 84 85 20 240 93 59 68 103 116 96 203 189 76 250
    246 2 179 165 253 9 35 92 41 65 86 39 56 3 95 3 102 131 96 26 119
    139 66 161 90 103 244 175 15 208 19 34 14 105 142 242 99 236 253 178
    124 90 33 230 88 139 84 10 160 14 182 121 7 175 147 181 212 65 129
    71 181 23 186 112 172 235 79 209 23 233 230 33 218 63 203 15 83 235
    56 63 79 198 141 106 18 76 161 55 39 118 254 103 234 101 94 61 101
    242 22 77 197 192 84 223 101 184 26 135 211 174 144 138 121 59 199
    120 34 10 194 204 26 33 172 252 145 198 101 76 75 48 231 65 126 221
    193 247 85 238 90 29 162 123 165 72 25 197 225 66 66 109 42 211 35
    57 200 205 232 78 199 27 184 71 2 191 240 24 5 89 79 74 33 207 240
    110 205 37 185 181 222 69 221 146 61 196 237 55 224 43 144 139 169
    159 246 12 26 138 246 77 5 211 116 126 219 166 124 26 203 83 248 66
    201 196 153 66 11 103 214 170 248 124 32 86 194 65 61 130 46 117 79
    243 124 22 186 87 119 34 50 239 102 14 112 19 95 231 236 125 155 191
    230 161 106 189 251 153 51 121 48 130 125 118 72 197 34 158 187 181
    61 95 40 65 14 16 166 96 244 87 101 203 107 3 74 131 109 102 140 153
    151 194 196 20 213 206 186 165 238 140 167 53 36 53 251 21 126 242
    141 183 194 115 91 233 3 167 149 158 126 123 6 41 230 240 116 116 83
    162 181 141 58 39 32 99 109 47 181 224 171 66 185 65 57 134 3 77 90
    31 13 218 39 195 90 142 72 98 40 38 177 184 144 93 222 155 99 3 154
    14 71 148 208 117 155 16 31 151 155 210 6 161 73 183 119 74 55 153
    128 186 211 186 47 222 116 154 145 251 220 114 146 94 55 176 132 42
    90 134 31 100 62 215 128 224 93 83 255 183 195 32 51 101 191 69 57
    236 214 95 49 204 77 19 56 51 6 195 222 30 3 229 103 172 67 86 208
    94 64 48 247 103 175 8 214 169 211 132 97 79 175 31 11 142 100 11 22
    149 193 75 104 17 249 242 108 48 132 33 96 26 21 228 40 136 51 189
    150 134 76 175 38 208 242 78 215 177 178 90 39 12 155 148 200 231
    117 93 31 152 11 4 171 142 171 6 52 42 153 114 171 117 230 152 70
    135 216 49 130 131 83 50 171 218 224 73 42 193 240 142 125 221 216
    34 131 251 53 34 69 213 141 162 145 25 18 57 119 229 144 131 14 105
    168 123 154 244 223 1 78 147 157 114 161 59 234 97 23 159 249 123 48
    68 226 45 99 195 74 11 109 86 235 73 148 248 24 231 4 108 109 123 32
    255 47 56 239 83 139 154 117 64 92 24 127 235 200 14 19 65 73 105 46
    157 75 212 229 245 153 35 153 172 177 251 47 196 14 213 16 136 124
    135 247 233 113 120 251 244 198 156 67 79 192 22 163 184 226 249 15
    200 156 161 109 32 79 226 150 139 231 33 96 213 200 247 208 193 86
    43 23 235 206 96 198 218 174 25 218 146 9 174 121 122 67 89 141 169
    64 98 96 202 197 178 221 189 171 217 71 208 35 3 242 227 149 214 164
    23 94 235 34 125 114 150 232 86 154 110 236 17 6 211 214 49 190 61
    89 64 73 81 93 139 124 4 178 147 130 78 231 9 56 223 47 117 186 99
    239 96 63 243 230 61 41 94 198 10 66 227 21 108 56 104 113 148 115
    131 82 234 131 97 72 97 107 108 0 149 24 210 156 187 192 210 203 13
    160 99 107 151 228 22 61 202 201 74 229 184 116 30 126 185 9 157 60
    72 156 183 110 226 196 173 228 49 66 80 237 50 170 239 139 166 24
    229 164 64 173 157 90 43 151 214 120 26 6 102 203 152 110 113 157
    205 247 203 190 228 100 166 102 251 34 197 44 23 213 78 244 31 211
    121 79 48 153 108 179 172 25 105 187 12 209 69 153 181 6 66 196 16
    216 88 198 97 59 93 145 231 114 29 197 185 37 22 167 249 143 27 107
    60 172 84 98 246 43 67 57 244 9 181 15 254 236 86 23 250 133 102 86
    188 140 71 187 192 206 41 236 109 230 15 113 118 145 116 10 155 54
    154 190 139 16 89 212 202 94 2 198 26 182 143 131 176 52 86 135 31
    244 56 54 152 72 86 254 170 183 54 239 50 134 186 82 78 227 114 187
    245 56 207 144 144 174 47 221 218 33 68 24 165 72 64 222 74 115 43
    18 31 36 250 109 9 255 199 154 237 77 222 95 174 239 67 117 51 208
    62 241 137 40 21 24 225 186 76 24 80 19 149 61 26 75 251 173 237 233
    28 151 255 167 188 108 231 90 57 204 186 158 141 129 76 171 161 216
    97 74 221 194 45 219 132 14 21 248 20 237 151 178 229 124 199 3 37
    112 78 31 12 223 51 3 134 23 152 209 80 200 36 175 117 255 161 179
    15 27 243 85 85 125 167 169 194 75 10 15 161 243 124 206 39 17 248
    186 142 178 178 143 127 5 146 103 199 73 171 63 173 82 201 199 101
    209 15 143 118 183 21 142 70 103 250 193 157 206 88 61 98 186 137 70
    161 45 79 31 144 169 58 170 232 82 119 48 34 164 250 159 145 72 204
    52 164 49 96 205 85 217 14 41 118 104 179 243 176 67 66 19 129 217
    101 117 95 88 131 138 230 236 134 109 129 188 205 23 29 20 228 67
    150 51 232 252 188 200 196 240 77 28 212 252 11 34 168 95 220 170
    156 191 245 80 24 155 198 31 92 116 38 197 2 100 244 115 137 191 228
    85 61 237 41 28 117 185 175 29 156 20 176 52 124 183 6 118 134 190
    211 175 76 254 96 230 171 252 85 97 7 1 142 195 221 37 14 245 58 238
    54 50 60 30 46 242 18 8 244 12 9 235 237 55 61 70 246 204 66 170 7
    214 133 128 35 240 210 223 93 100 89 206 196 166 60 69 183 0 50 219
    106 178 103 158 240 172 176 182 4 63 115 30 217 101 3 213 170 20 115
    8 141 149 226 105 30 242 147 48 198 199 120 40 125 185 206 114 203
    156 208 82 233 81 18 150 95 231 9 35 161 174 196 188 108 90 208 130
    210 146 188 70 175 45 173 192 215 167 23 138 208 44 149 219 247 75
    65 81 185 94 165 59 83 158 105 30 199 64 158 160 232 85 178 79 230
    38 9 148 237 245 72 2 119 199 212 250 186 14 243 117 230 189 50 93
    179 7 102 65 128 193 99 170 222 23 165 25 152 156 138 109 156 46 63
    196 72 141 27 28 112 41 188 3 230 148 49 183 224 247 189 204 17 179
    12 40 193 75 120 201 161 208 83 39 57 213 241 5 46 78 17 152 43 151
    254 116 129 243 114 117 102 0 219 96 155 230 179 212 206 22 70 39 2
    128 131 158 157 101 55 162 211 82 207 117 18 170 91 46 138 158 5 255
    163 214 113 3 255 1 221 217 61 211 127 131 253 226 245 120 218 24 42
    68 184 109 51 180 254 25 210 111 149 174 130 194 247 169 184 221 47
    235 88 235 182 39 255 211 224 88 85 238 7 197 103 253 148 24 22 51
    58 119 133 236 71 36 34 147 159 187 49 142 174 82 78 140 206 231 189
    55 179 85 208 193 218 87 98 216 201 140 104 6 224 19 211 221 88 69
    69 53 116 37 73 6 94 158 139 83 99 244 236 80 247 197 36 41 5 215 64
    34 241 36 208 83 236 239 240 116 167 7 140 186 123 62 237 139 217
    217 152 115 134 231 78 252 156 143 176 152 105 217 125 170 191 242
    229 32 2 122 48 160 142 114 120 23 165 3 74 219 36 114 170 4 253 96
    78 228 53 231 90 53 164 252 101 88 103 144 200 36 17 41 191 166 36
    149 51 39 190 56 63 176 195 94 47 130 84 255 100 76 27 149 153 190
    208 5 99 250 26 164 33 186 226 99 250 204 23 250 132 15 149 251 86
    162 211 28 104 75 44 47 144 82 112 99 211 128 127 81 86 16 39 250 16
    152 9 133 215 232 177 198 138 121 233 165 155 169 194 30 113 211 57
    1 135 39 170 7 208 18 88 157 65 232 85 93 79 125 191 150 85 199 227
    169 40 125 21 177 114 21 212 107 127 150 90 157 165 37 142 167 104
    255 77 56 86 99 228 153 195 163 25 78 151 41 141 193 17 50 126 246
    146 52 42 244 159 204 239 42 253 210 101 185 188 4 120 204 133 111
    145 100 108 175 208 59 244 104 23 55 248 110 141 162 111 143 228 207
    135 202 87 244 230 2 146 231 81 155 94 246 126 45 64 199 251 39 4
    203 193 34 156 73 214 73 231 139 238 31 162 171 222 252 234 89 231
    72 9 84 155 22 153 239 121 160 91 153 254 176 193 10 67 224 59 134
    232 248 251 136 251 174 92 78 240 234 228 163 3 46 217 138 116 77
    242 66 69 168 155 71 66 144 13 128 153 174 255 244 154 213 85 30</data></my_img>
<your_img type_id="opencv-matrix">
  <rows>50</rows>
  <cols>100</cols>
  <dt>u</dt>
  <data>
    138 78 226 207 32 143 117 176 115 172 103 93 88 201 39 65 38 117 166
    21 137 242 86 27 46 18 230 45 186 127 217 231 64 42 44 246 116 130
    164 248 145 177 35 190 184 241 219 86 141 65 187 231 103 170 151 133
    66 69 226 118 170 59 105 162 105 181 77 220 161 217 133 162 98 151
    164 120 121 184 176 43 143 81 2 31 176 128 48 224 115 3 11 205 211
    26 119 95 159 21 201 146 113 90 235 53 162 96 81 103 185 197 179 109
    214 174 51 19 150 231 172 125 97 224 216 38 79 229 251 12 219 57 161
    7 182 48 40 23 201 92 152 198 227 5 193 81 20 202 66 242 157 220 244
    180 14 5 113 16 137 160 74 215 108 207 167 142 100 120 30 244 85 67
    177 92 228 118 155 2 159 125 11 181 167 165 175 120 22 3 149 223 64
    171 117 227 168 39 98 97 107 212 21 34 110 224 195 18 163 228 144
    103 63 94 99 82 173 13 67 67 99 25 96 212 163 227 40 222 197 155 175
    56 59 227 2 37 91 217 121 218 182 164 25 113 46 244 88 2 110 44 230
    146 165 7 133 65 246 117 53 73 26 214 199 31 197 85 254 172 148 254
    102 47 99 102 166 92 45 204 108 64 189 132 32 200 224 159 150 101
    196 236 230 81 232 29 84 7 242 223 93 60 246 162 238 60 3 99 107 79
    73 75 79 34 236 221 48 141 240 62 20 200 2 146 27 43 112 161 13 249
    72 0 84 100 233 185 158 42 221 149 185 229 72 163 235 224 137 227
    213 182 137 213 43 108 38 204 77 35 252 234 59 237 106 189 118 134
    78 45 6 95 201 65 89 82 6 208 137 0 202 77 41 162 137 203 237 35 156
    24 247 200 176 140 102 185 69 177 154 200 243 219 92 212 230 23 4
    128 18 107 239 20 100 206 83 173 166 218 255 236 26 215 122 122 124
    255 51 79 215 66 30 170 86 189 190 96 95 23 205 23 128 98 62 100 82
    236 27 95 194 50 222 124 46 155 71 152 245 5 55 221 111 13 106 78 59
    135 43 192 193 64 142 18 154 234 113 94 239 30 17 188 45 96 8 120
    178 79 247 230 159 200 174 42 162 24 131 137 53 128 231 58 101 141 3
    62 232 110 203 168 231 216 16 139 212 172 17 191 90 125 141 187 54
    34 111 205 236 185 187 113 48 14 134 50 48 35 211 60 40 80 169 96 36
    51 112 245 30 224 192 205 71 210 151 197 244 118 62 189 11 2 25 242
    64 180 252 0 76 246 23 10 41 16 216 230 0 51 145 78 34 118 63 165
    221 224 183 77 159 164 197 51 94 75 224 74 209 148 62 120 87 118 9
    70 124 170 37 65 233 30 213 116 187 238 202 141 229 7 144 93 3 145
    136 173 104 133 225 137 73 178 69 214 238 206 86 112 15 178 196 65
    224 170 43 105 24 34 176 75 232 244 244 27 184 167 196 32 138 238
    238 245 240 78 81 133 103 65 64 130 21 42 110 81 98 67 13 250 53 106
    168 185 89 104 44 207 163 157 6 222 136 130 59 183 140 19 147 226
    116 236 112 219 81 173 28 170 234 210 223 175 233 161 218 169 140
    206 10 106 214 16 118 107 35 36 158 182 78 238 248 126 159 227 41 32
    116 248 234 251 202 27 255 88 221 52 182 156 196 179 63 6 86 34 53
    150 154 219 147 51 119 204 65 254 186 3 241 43 230 197 47 253 232 9
    156 11 124 19 138 241 85 192 179 203 158 243 138 15 138 48 14 33 155
    184 91 120 91 21 44 226 134 174 22 192 69 88 173 228 169 170 40 67
    62 146 237 238 189 182 55 131 244 136 12 164 10 46 190 212 145 245
    192 8 129 100 96 209 112 249 76 226 252 240 187 146 232 53 150 255
    74 165 89 238 112 9 234 150 61 47 215 252 59 44 189 89 28 29 48 32
    110 24 195 52 126 209 133 238 77 219 184 215 34 177 108 178 1 11 179
    163 222 236 222 196 202 120 248 59 162 121 167 78 88 170 63 165 122
    98 201 56 33 146 112 146 129 30 40 100 245 99 29 117 190 80 56 67
    204 27 192 199 14 27 221 83 14 143 69 152 29 22 239 128 233 233 188
    120 167 7 47 129 240 126 137 96 69 169 48 187 57 28 115 72 6 215 164
    83 236 91 133 55 174 19 123 177 112 117 192 226 99 165 247 47 16 206
    92 26 135 37 128 123 169 149 147 254 86 254 214 78 129 97 88 126 187
    133 201 30 91 190 23 154 194 52 81 6 147 132 181 40 72 66 169 215
    169 91 112 24 230 78 141 126 226 225 250 23 179 23 37 135 171 208
    124 247 248 249 170 118 77 231 194 170 178 52 212 165 205 240 74 27
    126 81 59 173 248 37 203 2 18 177 218 100 52 186 249 221 203 233 247
    78 72 189 73 243 103 239 212 248 119 102 162 191 50 116 135 69 89 57
    186 141 116 190 144 200 135 228 5 5 72 107 235 12 219 235 7 61 21
    233 248 176 221 2 54 27 39 135 55 107 32 110 109 206 63 44 94 174
    117 205 94 177 149 89 180 107 101 162 18 99 255 128 92 224 44 207
    176 50 9 208 225 213 189 206 119 62 220 26 123 35 238 191 107 93 161
    20 102 101 155 29 196 186 50 247 29 111 37 114 154 41 81 81 56 211
    78 111 226 109 235 243 234 117 198 122 90 196 14 238 10 93 48 168 12
    83 19 133 24 248 227 231 175 162 204 6 254 74 215 216 131 20 130 71
    163 183 143 48 102 105 50 39 112 112 163 170 203 98 218 245 31 220
    111 152 102 126 83 245 227 81 207 241 170 71 91 97 245 109 184 255
    243 113 243 139 112 191 66 47 116 29 143 250 100 122 111 226 54 135
    73 250 139 203 205 61 62 154 223 148 81 113 143 80 41 71 19 163 69
    43 62 135 61 252 56 159 11 167 82 58 222 20 174 163 101 45 15 34 83
    0 186 213 33 63 215 227 16 88 62 224 125 81 63 181 73 24 252 230 54
    155 20 181 250 156 244 90 3 19 14 48 252 114 61 141 84 248 19 239
    170 119 215 195 94 242 4 42 149 72 210 215 29 226 122 149 18 180 124
    235 71 50 146 199 236 184 47 247 171 217 42 52 181 44 239 43 96 169
    11 46 34 12 182 190 252 11 255 192 53 118 41 184 16 41 165 52 157
    141 218 58 237 71 253 245 255 193 28 20 37 120 94 204 73 214 210 10
    2 12 36 117 73 128 93 108 189 53 71 86 83 23 94 74 235 27 224 183
    117 5 209 137 46 161 190 109 47 45 57 190 125 113 106 102 223 72 204
    206 71 111 224 228 161 23 247 235 134 116 240 47 67 34 231 78 166
    173 13 128 191 45 12 201 186 206 126 118 46 154 170 213 228 250 112
    158 77 211 88 135 34 183 198 212 63 221 50 173 23 50 100 184 194 3
    210 113 143 134 143 247 159 85 134 152 233 16 200 135 242 31 41 227
    171 144 146 86 148 63 216 97 61 85 159 202 122 67 223 135 254 66 149
    27 30 168 81 17 48 68 212 9 144 146 6 89 111 176 234 157 58 255 152
    80 88 86 163 171 42 45 100 61 219 223 206 78 136 170 195 186 52 84
    194 240 143 89 202 246 154 55 164 218 29 218 33 218 255 244 211 53
    251 252 78 58 36 155 215 249 98 189 206 27 248 58 57 129 3 214 161
    15 54 234 61 128 207 169 228 63 85 122 238 20 151 239 10 192 223 124
    7 152 151 173 227 250 36 97 21 204 59 196 57 41 103 94 62 91 240 104
    249 141 68 105 39 54 252 143 73 102 76 166 177 143 203 168 241 81
    185 6 7 181 102 163 128 86 247 181 92 209 72 43 184 105 231 47 172
    139 45 203 157 3 147 186 66 75 205 227 94 59 6 16 150 99 75 245 144
    98 146 84 148 78 230 189 223 58 254 52 15 4 148 69 232 113 239 52
    122 112 157 99 188 183 120 236 23 136 168 74 49 163 75 245 58 207 2
    17 183 117 17 122 136 12 88 42 80 91 239 220 1 255 50 236 72 200 199
    41 116 207 133 206 17 247 85 110 109 152 8 201 24 147 100 220 44 43
    169 182 59 180 217 163 109 247 217 202 210 75 233 83 5 122 13 202
    197 149 23 238 36 59 252 254 7 68 146 165 71 99 17 212 53 29 205 7
    77 43 185 124 111 100 128 76 22 67 216 215 148 123 18 35 69 254 171
    151 122 92 216 23 220 99 133 250 155 128 151 171 8 225 107 11 1 188
    171 106 14 126 129 206 101 72 238 201 243 147 39 12 123 12 84 4 163
    47 185 225 246 50 253 18 168 105 6 94 151 21 222 249 54 187 94 150
    69 112 31 54 199 53 169 66 248 103 38 174 128 208 148 120 30 7 227
    245 118 199 34 232 32 18 159 29 71 128 81 191 30 161 130 32 48 122
    218 149 19 162 187 140 211 129 177 254 67 144 227 187 125 223 119
    168 139 115 171 144 98 125 207 123 167 111 114 124 240 134 254 244
    178 44 30 50 124 252 244 165 192 3 107 13 214 201 208 117 133 162
    226 96 175 55 174 182 135 102 93 30 206 134 17 162 230 124 248 143
    89 245 195 235 161 225 232 114 96 86 252 38 152 118 20 74 41 192 1
    155 33 75 212 185 228 52 122 248 234 55 4 10 166 128 130 125 254 141
    122 69 121 84 177 2 116 18 201 113 173 92 138 221 198 41 117 235 247
    58 116 141 218 154 7 152 143 236 135 159 211 120 149 36 248 179 217
    109 109 60 173 38 173 156 123 98 228 107 127 242 54 133 81 139 185
    203 144 80 33 73 18 88 215 118 255 222 225 48 45 32 131 45 166 53
    223 13 16 249 199 227 198 242 176 101 179 120 195 254 69 2 166 200
    62 104 129 57 23 22 57 155 121 104 139 31 29 116 34 129 80 69 21 59
    225 124 148 248 117 76 30 204 183 28 128 140 54 194 88 22 111 205
    128 23 11 228 70 70 13 34 161 76 6 112 207 139 133 196 53 90 219 174
    105 14 18 241 11 39 194 202 58 207 125 247 68 10 116 87 9 12 81 249
    166 33 58 133 181 242 14 215 86 214 133 168 102 232 174 134 164 36
    187 152 175 143 171 84 81 236 195 77 117 125 9 4 89 155 58 50 44 187
    6 138 174 87 179 145 80 155 197 76 85 144 148 247 154 3 97 152 165
    56 243 128 20 55 249 102 14 46 244 70 91 162 181 122 182 166 20 106
    144 60 15 239 64 85 84 10 96 144 187 159 49 24 183 165 156 88 146 32
    195 126 159 150 219 172 73 29 169 36 202 7 67 230 89 201 124 161 15
    131 111 69 200 114 101 178 44 211 118 112 92 255 147 64 53 133 214
    240 223 249 37 48 1 215 26 96 190 183 63 156 50 6 130 9 39 118 109
    97 3 235 218 252 235 173 125 15 202 85 61 248 40 179 144 198 220 87
    128 126 149 218 174 18 118 208 178 245 157 202 194 121 143 85 10 133
    84 148 57 85 235 141 125 174 173 234 179 130 156 232 141 186 180 180
    236 198 247 71 98 64 44 201 128 244 161 15 168 56 23 92 234 159 136
    95 106 143 43 68 10 90 196 77 19 144 23 143 2 215 217 200 222 94 14
    39 135 152 23 78 67 155 195 180 159 58 209 109 167 254 222 5 140 233
    224 171 44 119 72 207 207 28 107 185 143 179 69 18 149 252 41 24 19
    91 129 34 45 234 109 33 159 27 224 95 198 207 77 46 71 255 30 188 5
    10 202 102 94 144 199 222 11 239 100 52 228 240 196 148 93 85 117
    156 175 144 98 98 35 12 220 23 122 155 131 115 192 179 163 144 6 26
    55 170 244 131 210 124 194 131 252 254 113 171 189 185 197 197 135
    68 81 164 109 181 29 84 244 230 252 178 34 253 206 82 140 90 233 48
    171 179 225 97 191 83 216 121 104 108 23 72 107 14 81 219 206 52 32
    216 248 191 43 16 88 109 114 14 122 166 206 45 210 126 69 220 72 63
    59 206 197 173 39 141 38 118 36 130 4 52 91 176 207 245 185 24 182
    195 168 199 39 15 20 161 217 46 48 182 59 104 254 206 141 69 106 128
    80 164 31 73 212 99 107 185 77 131 84 175 104 142 246 106 219 17 81
    252 145 185 176 41 135 85 7 17 170 19 249 16 67 145 84 75 26 36 168
    17 73 195 194 148 159 23 192 29 164 98 145 136 86 41 104 35 103 218
    73 100 29 219 227 148 77 252 2 26 228 81 172 252 36 148 166 101 62
    194 236 42 98 50 159 48 13 138 159 176 130 212 44 157 107 76 194 219
    172 45 138 1 199 35 185 13 138 61 203 49 162 145 130 209 131 33 104
    33 83 87 110 133 66 168 230 231 242 6 182 29 239 185 59 128 147 226
    225 30 2 41 226 180 133 219 56 148 219 226 141 224 213 83 138 58 198
    52 124 111 143 196 4 222 32 11 189 118 204 220 240 27 215 213 141
    208 156 175 249 152 27 149 138 182 128 211 83 28 102 145 192 99 33
    57 167 136 54 231 69 3 213 56 100 135 46 56 232 22 101 204 35 34 248
    165 247 156 111 22 12 30 202 147 173 126 57 10 200 62 31 246 162 7
    162 239 14 32 111 133 131 126 126 177 252 189 44 1 119 185 134 15 64
    85 49 159 230 185 161 24 219 120 46 161 159 74 39 54 169 178 55 240
    80 95 90 9 71 80 170 238 16 107 254 83 167 250 177 223 161 46 224
    159 206 16 144 44 240 66 123 210 217 108 69 135 49 255 191 6 133 234
    235 81 224 4 57 249 87 190 125 61 28 21 153 24 57 177 169 182 221 90
    11 175 190 161 27 98 245 36 14 52 201 33 195 81 83 24 234 89 58 68
    107 122 103 201 192 85 248 243 1 177 162 249 5 37 93 41 63 87 43 58
    1 89 1 96 122 90 32 111 126 62 146 81 93 238 163 14 201 16 31 13 99
    135 238 95 235 252 172 125 88 36 222 80 136 78 8 155 11 179 120 5
    170 144 173 205 71 126 71 181 23 186 112 172 235 79 209 23 233 230
    33 218 63 203 15 69 226 41 55 67 188 134 94 22 76 154 57 39 125 254
    103 233 105 95 66 110 243 20 81 197 188 76 220 96 183 24 136 203 173
    143 140 114 56 194 110 39 10 186 194 26 34 159 252 135 185 102 75 68
    42 223 56 125 215 188 242 81 236 83 27 159 119 161 64 27 194 219 63
    63 100 41 206 35 62 191 194 232 80 194 27 184 71 2 191 240 24 5 89
    79 74 33 207 240 110 205 32 176 174 215 61 210 134 53 189 232 54 220
    42 139 139 170 159 248 11 26 151 248 87 4 213 118 119 220 162 121 26
    201 81 243 59 200 197 149 59 10 90 205 159 248 117 27 77 183 57 50
    119 45 116 77 238 125 19 184 83 118 34 49 236 103 18 111 24 94 222
    233 126 151 187 222 157 103 187 249 150 54 118 48 128 118 118 72 197
    34 158 187 181 61 95 40 65 14 16 166 96 244 74 85 194 89 4 62 117 94
    85 131 147 144 192 194 24 212 206 191 170 242 155 176 55 32 52 249
    19 117 241 141 181 191 112 86 222 1 162 146 150 112 110 6 41 225 236
    109 108 80 154 170 133 59 37 32 100 108 47 177 216 164 67 183 67 58
    135 1 76 89 34 18 214 41 190 90 138 71 92 41 41 168 174 140 87 215
    155 99 3 154 14 71 148 208 117 155 16 31 151 155 210 6 154 66 174
    104 66 48 140 122 177 201 184 41 223 113 156 146 250 224 114 157 102
    56 185 141 39 92 134 27 94 59 212 125 220 86 76 255 181 191 27 47 89
    180 63 55 231 204 87 43 194 69 19 54 49 7 190 220 31 2 223 103 172
    64 90 208 88 61 50 241 94 167 8 209 164 206 130 92 76 170 32 8 135
    96 10 20 149 193 75 104 17 249 242 108 48 132 33 96 26 21 228 40 130
    39 176 138 129 63 170 31 199 241 71 215 179 181 93 37 18 162 159 201
    239 128 99 26 159 8 2 175 147 170 2 54 44 156 105 169 110 222 149 64
    129 208 49 120 126 76 43 163 212 217 66 42 188 238 139 126 221 210
    34 130 249 52 39 67 208 139 163 145 30 20 55 108 222 144 133 16 98
    166 126 149 240 219 1 75 147 157 114 161 59 234 97 23 159 249 123 48
    68 226 45 99 190 62 12 94 73 228 64 145 245 24 227 4 108 111 128 34
    254 50 59 242 89 155 162 125 64 92 22 129 236 197 10 16 69 73 102 43
    159 71 203 220 240 151 35 150 166 169 250 42 189 11 208 16 133 117
    135 245 233 113 117 249 239 191 157 66 71 189 30 161 179 220 244 19
    192 156 159 103 31 76 223 148 139 230 28 91 213 200 247 208 193 86
    43 23 235 206 96 198 218 174 25 218 136 10 164 109 113 62 80 135 159
    62 97 94 201 200 183 222 194 180 220 76 212 35 1 245 233 157 218 164
    20 92 236 34 131 114 154 225 83 151 99 230 14 3 200 204 48 179 55 83
    61 66 76 97 133 117 3 181 141 129 76 230 15 56 222 49 117 186 100
    236 91 61 238 227 62 42 93 203 9 64 225 23 104 57 99 109 148 115 131
    82 234 131 97 72 97 107 108 0 149 24 210 156 176 183 202 196 16 151
    88 99 141 226 26 62 203 203 80 231 191 117 33 138 195 8 175 62 74
    162 188 104 225 196 176 223 54 69 75 234 50 167 235 125 157 21 220
    157 61 159 144 83 39 138 213 114 26 4 103 207 144 111 113 154 203
    241 206 188 224 101 170 104 248 38 190 44 27 213 81 240 32 209 130
    86 52 156 112 182 172 25 105 187 12 209 69 153 181 6 66 196 16 216
    88 198 77 49 73 133 224 108 31 192 176 39 26 168 249 151 34 106 66
    181 90 102 249 50 74 58 247 7 187 14 252 233 86 20 248 141 99 84 189
    145 69 179 187 197 45 230 106 227 8 108 112 136 111 7 144 50 152 192
    135 19 94 208 202 99 1 201 30 185 149 137 175 52 83 135 32 243 61 57
    154 78 91 254 170 186 54 239 50 134 186 82 78 227 114 187 245 56 207
    144 144 174 47 221 210 29 61 23 157 67 62 216 71 111 45 22 36 41 249
    110 9 254 204 164 240 87 227 101 182 241 71 115 54 204 64 239 146 38
    19 21 220 180 73 22 78 20 150 62 27 69 252 163 236 230 29 141 255
    159 189 110 231 95 52 198 185 159 145 133 69 176 164 212 95 71 220
    192 49 221 141 19 28 247 24 234 150 180 226 122 199 3 37 112 78 31
    12 223 51 3 134 23 152 209 80 200 32 157 111 255 151 171 16 28 242
    80 83 125 171 176 199 81 11 20 178 242 138 208 38 16 249 191 154 186
    182 149 135 3 155 103 192 72 169 64 168 80 194 190 101 202 12 141
    112 176 18 138 67 107 250 194 156 209 98 62 105 188 141 67 169 48 78
    37 154 175 58 173 232 81 128 50 39 165 250 159 147 83 205 62 159 53
    96 205 85 217 14 41 118 104 179 243 176 67 66 19 129 217 101 117 95
    88 131 138 230 236 134 109 129 188 205 23 29 20 228 67 150 51 232
    252 188 200 196 240 77 28 212 252 11 34 168 95 220 170 156 191 245
    80 24 155 198 31 92 116 38 197 2 100 244 115 137 191 228 85 61 237
    41 28 117 185 175 29 156 20 176 52 124 183 6 118 134 190 211 175 76
    254 96 230 171 252 85 97 7 1 142 195 221 37 14 245 58 238 54 50 60
    30 46 242 18 8 244 12 9 235 237 55 61 70 246 204 66 170 7 214 133
    128 35 240 210 223 93 100 89 206 196 166 60 69 183 0 50 219 106 178
    103 158 240 172 176 182 4 63 115 30 217 101 3 213 170 20 115 8 141
    149 226 105 30 242 147 48 198 199 120 40 125 185 206 114 203 156 208
    82 233 81 18 150 95 231 9 35 161 174 196 188 108 90 208 130 210 146
    188 70 175 45 173 192 215 167 23 138 208 44 149 219 247 75 65 81 185
    94 165 59 83 158 105 30 199 64 158 160 232 85 178 79 230 38 9 148
    237 245 72 2 119 199 212 250 186 14 243 117 230 189 50 93 179 7 102
    65 128 193 99 170 222 23 165 25 152 156 138 109 156 46 63 196 72 141
    27 28 112 41 188 3 230 148 49 183 224 247 189 204 17 179 12 40 193
    75 120 201 161 208 83 39 57 213 241 5 46 78 17 152 43 151 254 116
    129 243 114 117 102 0 219 96 155 230 179 212 206 22 70 39 2 128 131
    158 157 101 55 162 211 82 207 117 18 170 91 46 138 158 5 255 163 214
    113 3 255 1 221 217 61 211 127 131 253 226 245 120 218 24 42 68 184
    109 51 180 254 25 210 111 149 174 130 194 247 169 184 221 47 235 88
    235 182 39 255 211 224 88 85 238 7 197 103 253 148 24 22 51 58 119
    133 236 71 36 34 147 159 187 49 142 174 82 78 140 206 231 189 55 179
    85 208 193 218 87 98 216 201 140 104 6 224 19 211 221 88 69 69 53
    116 37 73 6 94 158 139 83 99 244 236 80 247 197 36 41 5 215 64 34
    241 36 208 83 236 239 240 116 167 7 140 186 123 62 237 139 217 217
    152 115 134 231 78 252 156 143 176 152 105 217 125 170 191 242 229
    32 2 122 48 160 142 114 120 23 165 3 74 219 36 114 170 4 253 96 78
    228 53 231 90 53 164 252 101 88 103 144 200 36 17 41 191 166 36 149
    51 39 190 56 63 176 195 94 47 130 84 255 100 76 27 149 153 190 208 5
    99 250 26 164 33 186 226 99 250 204 23 250 132 15 149 251 86 162 211
    28 104 75 44 47 144 82 112 99 211 128 127 81 86 16 39 250 16 152 9
    133 215 232 177 198 138 121 233 165 155 169 194 30 113 211 57 1 135
    39 170 7 208 18 88 157 65 232 85 93 79 125 191 150 85 199 227 169 40
    125 21 177 114 21 212 107 127 150 90 157 165 37 142 167 104 255 77
    56 86 99 228 153 195 163 25 78 151 41 141 193 17 50 126 246 146 52
    42 244 159 204 239 42 253 210 101 185 188 4 120 204 133 111 145 100
    108 175 208 59 244 104 23 55 248 110 141 162 111 143 228 207 135 202
    87 244 230 2 146 231 81 155 94 246 126 45 64 199 251 39 4 203 193 34
    156 73 214 73 231 139 238 31 162 171 222 252 234 89 231 72 9 84 155
    22 153 239 121 160 91 153 254 176 193 10 67 224 59 134 232 248 251
    136 251 174 92 78 240 234 228 163 3 46 217 138 116 77 242 66 69 168
    155 71 66 144 13 128 153 174 255 244 154 213 85 30</data></your_img>
</opencv_storage>
