<?xml version="1.0"?>
<opencv_storage>
<L2_diff>5.3913820120633261e+02</L2_diff>
<r>5</r>
<test_img type_id="opencv-matrix">
  <rows>50</rows>
  <cols>100</cols>
  <dt>u</dt>
  <data>
    131 194 230 152 100 119 9 80 72 190 107 159 196 67 32 198 46 75 75
    95 9 10 118 167 148 104 29 189 86 34 103 129 18 234 219 106 105 14 6
    192 81 171 69 131 231 109 29 109 235 158 203 247 26 157 13 154 241
    205 249 17 143 147 24 10 134 131 165 207 34 68 24 86 206 144 5 61 85
    37 102 15 148 212 132 221 10 78 192 196 182 113 246 200 39 214 46 50
    20 243 30 81 47 7 204 133 81 134 250 187 24 90 104 65 111 10 28 11
    154 158 223 159 82 170 189 251 186 148 124 35 85 207 69 78 202 113
    60 142 52 146 250 234 42 152 13 249 216 27 147 2 140 116 46 9 165
    215 213 163 85 130 65 11 60 176 192 207 20 86 92 43 77 52 71 191 229
    1 1 163 34 249 156 202 121 55 233 123 23 50 209 170 248 117 92 166
    199 119 232 46 44 102 178 158 28 211 203 34 95 49 98 220 216 188 12
    229 176 153 100 110 145 30 202 103 4 15 115 160 169 162 238 185 137
    230 103 231 150 51 58 96 73 249 136 38 97 45 8 232 230 132 27 130
    185 130 19 31 21 134 2 164 72 244 64 215 198 112 196 3 165 50 191
    126 127 5 80 54 28 239 105 238 31 35 42 116 39 4 13 105 220 211 91
    97 118 249 134 249 28 113 49 4 131 201 136 48 124 119 147 78 127 38
    140 207 102 238 207 27 16 235 173 195 129 176 154 90 66 183 204 129
    176 248 247 157 0 60 10 66 14 174 201 230 189 122 172 167 234 103
    131 108 92 40 128 243 148 82 123 138 159 231 76 184 34 75 254 126
    240 55 19 109 223 201 151 112 212 191 165 56 194 102 3 82 30 162 139
    245 72 137 15 220 56 70 134 17 36 240 147 249 65 184 127 255 34 114
    66 161 26 153 220 252 82 85 153 169 162 91 94 80 85 195 115 194 103
    207 233 20 248 57 64 203 61 218 60 95 250 168 225 210 1 208 9 163
    218 85 144 30 131 136 150 241 161 98 140 68 11 195 132 31 12 216 202
    124 72 127 253 58 78 56 219 225 142 139 188 61 107 168 75 22 169 229
    72 119 0 36 223 43 146 143 79 81 119 25 26 225 196 56 0 190 213 8
    123 52 224 249 226 221 227 145 131 34 162 78 150 224 99 185 157 81
    235 190 0 144 42 87 214 220 124 6 15 51 120 135 194 92 108 229 7 162
    54 37 143 209 253 26 101 160 59 116 220 228 98 4 158 143 56 77 234
    153 226 79 16 107 215 155 102 171 56 139 1 106 184 239 227 229 114
    67 175 197 182 116 233 103 15 173 189 31 78 115 202 26 168 70 121
    101 115 124 98 26 11 242 172 136 111 166 166 138 64 207 185 222 98
    158 155 21 127 60 109 200 13 149 222 18 137 76 228 216 210 68 135 98
    112 196 230 90 116 108 22 2 202 40 131 41 72 243 161 19 170 175 97
    44 197 90 159 128 20 90 216 255 176 121 239 176 92 193 210 239 221
    238 57 64 153 88 149 178 123 167 7 255 121 1 131 248 133 105 197 234
    1 0 60 68 172 194 64 186 227 35 79 28 115 10 114 39 176 142 63 186
    82 225 57 158 32 51 47 40 253 158 236 0 147 185 244 233 89 141 101
    219 252 241 102 187 165 155 94 163 180 4 56 211 76 229 185 16 7 234
    117 101 160 19 13 0 60 254 220 69 152 208 195 225 163 80 120 100 249
    199 236 14 83 137 73 246 2 138 224 80 125 98 118 211 32 188 230 173
    154 196 178 30 83 209 139 143 146 14 155 182 109 5 210 169 45 202 51
    121 102 206 245 192 122 176 13 169 219 249 235 62 74 146 171 255 90
    131 128 67 94 115 228 208 169 17 33 55 102 20 71 204 143 237 57 130
    222 4 106 65 114 103 240 78 145 7 226 49 148 206 252 252 8 159 142
    12 134 218 93 125 65 161 83 212 212 101 49 195 56 141 96 247 129 91
    114 190 79 63 124 22 142 246 116 194 39 122 170 38 99 79 16 4 30 28
    50 14 170 129 39 238 179 221 73 59 118 31 157 191 127 25 214 134 60
    196 73 24 230 169 73 103 163 14 188 60 11 139 71 255 98 231 42 190
    228 115 210 221 48 89 142 42 193 216 247 255 111 138 68 81 86 208
    190 63 199 234 253 43 56 195 127 182 34 40 237 254 125 172 31 45 192
    241 232 132 218 140 152 240 116 97 246 190 154 5 43 2 240 188 236 2
    59 104 122 171 186 243 113 218 179 125 195 106 168 156 32 240 191
    231 186 178 37 247 199 59 24 72 207 1 179 157 218 114 139 162 84 64
    111 83 191 85 132 26 112 165 61 169 68 138 169 195 145 82 241 191 7
    253 198 89 232 229 121 60 227 178 210 43 252 213 234 89 242 198 111
    71 84 30 13 193 39 164 47 185 209 0 37 145 142 220 197 89 153 80 183
    105 16 57 9 106 183 45 225 166 184 190 85 136 115 17 54 77 25 250 93
    36 15 239 105 210 16 47 139 175 175 191 157 143 152 118 149 251 3
    203 95 155 30 45 244 238 134 162 9 132 122 225 235 152 170 3 121 94
    72 66 69 168 177 14 171 198 68 200 24 162 216 5 205 211 65 231 156
    220 152 58 241 249 237 177 107 142 21 46 182 137 202 131 54 14 165
    217 88 71 8 164 6 155 159 61 217 2 186 182 198 231 134 57 246 16 210
    245 152 186 22 139 42 112 212 82 207 20 227 52 18 44 46 217 52 195
    143 210 27 61 129 14 0 60 130 137 157 34 91 142 129 71 237 239 18 55
    182 60 48 98 129 188 142 243 181 74 111 113 9 127 246 30 0 88 248
    241 180 229 193 67 2 20 88 115 137 43 96 175 8 145 40 233 0 89 180
    230 175 129 143 138 177 147 138 58 120 140 115 55 132 162 34 228 31
    16 117 98 110 168 169 250 208 230 78 201 4 224 153 160 14 148 214
    139 144 7 210 12 246 122 43 157 149 147 56 147 113 108 92 227 67 50
    30 86 96 180 148 45 49 191 178 0 226 194 45 216 77 88 114 10 178 21
    50 197 173 10 72 227 99 170 189 180 222 1 16 27 86 106 63 116 148
    158 1 166 95 165 137 243 244 222 175 25 212 182 76 46 125 220 199
    240 201 187 187 57 201 76 232 178 78 228 55 168 208 107 40 156 33
    114 149 102 24 11 134 114 247 227 232 173 176 162 24 172 79 23 213
    113 85 240 169 197 97 224 225 91 231 216 36 224 134 95 68 131 36 191
    241 188 142 32 131 71 78 41 225 202 133 131 79 255 27 238 110 179
    206 252 162 160 110 110 211 194 117 133 206 184 244 133 101 2 36 107
    6 101 22 13 222 173 80 64 29 148 182 156 77 21 234 131 13 73 76 27
    201 79 89 163 244 129 71 96 255 102 127 99 179 191 236 229 157 196
    234 126 14 173 205 24 229 7 122 35 206 65 58 117 115 60 210 255 237
    75 145 5 135 160 111 167 189 156 15 4 36 207 25 127 169 36 233 207
    202 66 32 129 55 16 106 110 191 32 42 23 253 58 98 180 239 176 95
    187 112 41 230 20 210 6 71 59 19 159 91 250 194 11 65 253 21 59 155
    211 50 38 170 35 66 154 235 212 64 54 175 118 74 212 11 141 123 8
    220 118 240 71 235 130 185 53 85 193 119 252 149 112 117 76 65 139
    157 104 22 71 37 138 1 207 206 3 134 202 86 143 35 5 97 212 95 78 99
    135 186 95 131 208 1 101 54 53 198 58 161 186 142 188 90 30 93 174
    98 242 94 49 155 191 164 228 84 161 141 35 230 255 79 26 226 242 41
    227 152 230 178 231 111 172 218 23 100 87 57 87 255 212 198 13 122
    20 121 53 94 2 8 49 254 250 54 220 39 238 67 225 101 44 229 74 134
    96 107 44 158 37 32 28 74 151 194 4 32 162 151 118 138 101 28 48 165
    151 86 252 105 39 73 176 240 130 162 140 194 113 254 186 211 184 12
    43 104 156 58 51 230 79 29 18 191 135 82 182 21 12 74 139 43 176 136
    21 127 187 30 61 152 47 216 134 200 139 134 16 74 159 74 86 207 69
    192 45 37 111 32 46 23 62 184 182 101 41 153 31 32 103 8 48 69 154
    185 159 63 190 119 1 97 37 164 209 32 86 41 215 245 169 22 97 107
    180 140 138 247 107 191 63 168 89 94 228 236 177 132 118 164 41 133
    56 71 241 151 70 192 224 133 227 240 179 217 60 18 223 200 53 35 164
    140 88 181 219 188 89 242 191 192 73 125 66 85 111 204 236 82 14 111
    77 250 242 174 212 237 237 104 61 250 22 173 237 214 110 184 75 42
    158 53 197 178 214 5 86 170 254 75 163 88 165 180 115 5 139 1 240
    151 3 65 119 206 116 211 223 169 188 196 70 99 254 71 215 109 85 45
    7 179 137 100 62 175 75 48 163 28 122 185 113 110 202 154 246 59 73
    174 77 232 176 200 139 243 179 172 166 86 8 176 132 171 40 228 64
    105 26 100 239 192 187 227 134 85 213 228 114 111 56 41 86 196 66 42
    41 206 171 65 149 13 130 158 57 217 174 107 182 195 145 25 60 19 151
    64 180 126 230 230 212 231 238 244 19 129 16 66 225 121 192 15 116
    30 22 67 16 105 118 26 134 84 63 111 100 98 204 140 105 105 133 12
    48 149 89 70 171 187 37 167 119 169 89 58 103 148 104 146 213 239
    103 175 118 77 51 247 98 199 23 137 33 152 221 125 85 175 140 137
    236 141 69 191 232 39 16 113 170 4 163 245 4 146 165 230 210 254 29
    199 162 171 14 102 154 182 230 150 97 43 126 160 215 18 232 70 144
    216 228 10 108 134 226 252 139 104 249 57 59 230 154 14 100 199 210
    129 182 34 29 149 93 19 62 112 30 222 101 208 161 52 26 175 40 154
    21 175 189 59 26 139 198 179 107 9 225 114 88 153 24 43 99 120 81
    158 37 125 228 98 94 82 243 118 101 103 99 115 163 68 18 176 162 149
    67 45 111 201 28 85 112 121 59 187 134 4 98 5 243 248 29 192 20 252
    118 201 166 47 90 5 233 52 42 99 135 221 163 244 71 77 116 153 89
    203 33 178 84 6 171 222 129 147 137 113 103 118 22 192 179 216 28
    138 137 2 64 3 208 56 32 191 151 120 145 107 206 164 208 35 73 169
    227 156 181 213 13 175 201 188 221 183 2 218 226 197 170 159 245 189
    56 189 17 35 205 7 219 195 63 115 7 0 177 139 73 4 104 33 123 116 37
    213 122 39 44 194 72 200 180 94 11 133 134 98 149 8 64 160 237 170 7
    218 83 10 31 191 16 234 14 62 53 185 94 4 128 139 139 245 107 203 34
    231 167 78 119 33 146 151 79 117 53 63 27 58 224 29 79 38 43 147 29
    170 233 129 204 25 195 243 135 109 199 111 149 216 191 37 64 244 79
    187 33 125 239 124 12 124 129 247 245 108 34 94 92 185 200 21 10 122
    114 146 200 122 64 203 221 76 59 101 20 66 134 170 0 212 226 153 6
    145 52 140 247 211 214 227 81 112 27 244 132 61 97 30 40 121 201 186
    215 236 6 228 156 210 230 219 116 185 249 171 112 41 67 35 6 111 250
    178 140 115 99 27 229 147 148 68 244 117 233 122 230 225 72 191 65
    94 255 134 81 201 233 234 139 0 212 27 223 107 127 192 45 184 142
    122 22 179 138 160 209 27 239 193 229 6 54 247 195 123 49 211 59 203
    129 175 21 252 250 4 139 41 166 76 84 192 151 38 18 242 77 48 76 251
    130 47 88 173 215 40 127 116 48 23 196 182 205 127 104 158 111 124
    47 86 37 62 231 123 5 20 191 186 61 105 150 109 12 12 173 37 213 244
    163 101 39 231 9 29 96 28 240 3 90 4 35 26 158 142 4 214 29 17 143
    97 54 74 225 64 164 136 100 154 215 18 11 168 61 128 88 89 95 239 3
    1 74 242 189 214 36 37 80 41 242 141 151 111 36 0 110 126 98 96 108
    207 242 135 57 38 190 62 132 107 17 32 65 253 149 143 99 216 227 6
    171 151 46 21 11 124 60 218 4 123 148 45 163 251 251 44 183 253 119
    53 86 237 117 97 92 2 103 85 61 11 22 63 15 247 8 44 78 109 194 193
    160 5 195 98 242 107 15 101 27 47 172 73 133 62 150 152 180 235 55
    146 154 37 153 75 175 102 54 44 51 196 53 218 245 8 102 44 74 54 88
    145 219 147 180 1 22 233 17 254 49 248 231 135 106 231 121 134 62
    103 33 140 161 102 228 94 189 83 30 202 185 30 25 175 1 43 99 25 186
    193 139 142 39 218 196 146 188 73 225 221 231 159 231 157 188 195
    228 182 87 213 4 129 18 225 116 98 123 97 37 92 178 250 230 146 60
    168 33 139 225 232 151 136 224 41 72 227 148 62 152 155 9 221 247
    150 163 32 66 116 230 206 182 159 218 223 125 26 186 176 2 152 89 85
    233 193 38 255 109 155 155 183 91 242 110 40 116 221 127 250 66 0
    100 66 125 109 41 55 110 238 25 119 230 164 199 32 108 255 169 84
    199 67 200 167 205 64 27 200 220 91 70 136 126 157 117 5 243 199 167
    8 31 19 249 218 140 106 37 165 0 208 117 152 81 67 47 84 164 213 167
    45 210 101 43 117 34 21 6 7 250 6 102 53 116 149 4 121 14 194 77 219
    70 102 225 105 180 177 62 29 139 31 36 229 82 246 44 115 76 16 101
    207 55 26 164 65 11 141 50 139 155 253 224 153 251 72 253 28 99 250
    26 200 29 157 91 226 191 8 133 201 200 0 22 92 253 37 204 207 174
    112 57 219 58 233 36 219 95 119 126 63 132 107 253 159 124 123 136
    211 66 228 190 41 161 8 25 93 139 220 106 145 247 171 242 73 219 195
    199 226 121 189 37 191 91 222 111 196 88 196 28 137 95 182 50 203 11
    174 216 250 49 126 133 217 227 229 82 152 31 242 239 79 63 120 88 27
    254 76 250 52 195 181 147 250 75 27 108 191 77 53 57 155 28 252 107
    159 220 135 32 190 19 120 139 43 235 160 237 79 172 14 146 112 2 21
    55 107 201 245 237 5 61 61 199 221 87 249 57 230 141 79 41 229 100
    205 84 248 203 116 146 200 216 180 167 207 56 35 36 123 253 233 45
    125 137 122 244 201 193 61 10 200 138 228 157 180 32 191 125 205 97
    133 216 95 99 107 45 12 114 247 155 188 95 196 165 15 198 51 177 201
    209 13 216 4 245 247 204 95 0 239 226 99 182 158 48 215 33 40 237
    244 65 182 147 240 136 165 193 68 76 185 86 248 149 63 108 185 190
    155 77 9 101 86 211 119 133 235 138 140 65 9 111 120 66 224 50 108
    118 171 189 123 61 104 173 25 9 11 23 71 241 65 72 56 71 179 145 27
    54 101 18 137 78 207 225 202 166 5 27 89 95 103 212 230 78 4 15 247
    194 64 73 244 6 70 57 174 129 129 174 236 95 145 151 58 174 18 8 155
    152 91 45 143 255 144 239 130 63 171 6 4 138 141 245 103 124 90 49
    142 155 27 63 109 222 9 44 41 54 108 27 139 111 247 33 35 187 153 57
    117 245 236 201 249 5 212 125 242 19 174 92 25 235 21 195 254 111
    204 133 138 35 251 165 245 238 66 139 4 120 69 26 255 142 39 212 124
    0 19 232 46 211 44 118 186 232 200 92 153 180 55 58 197 211 164 212
    225 213 68 58 197 177 249 77 96 61 124 107 148 184 211 164 101 106
    77 133 160 33 220 203 241 48 62 223 7 215 89 14 92 161 222 216 144
    119 167 116 161 186 132 16 118 171 25 80 118 0 94 160 4 90 144 88
    199 213 241 234 195 19 249 108 31 162 48 61 208 152 229 137 210 171
    150 131 23 125 187 166 86 83 246 148 47 109 178 135 209 243 53 68 88
    204 106 131 77 43 255 58 23 120 25 187 119 99 78 55 163 231 62 241
    105 183 199 222 79 113 130 180 26 157 99 193 184 64 22 156 182 17
    182 156 171 71 28 203 69 28 222 193 169 121 140 9 167 71 31 23 166
    212 73 115 138 135 100 73 42 187 25 57 20 29 228 52 133 239 114 7
    247 222 34 186 217 106 152 239 16 246 44 133 86 199 48 141 82 147 76
    64 240 173 14 90 208 181 64 190 20 15 91 10 113 30 205 108 112 170
    162 146 111 158 85 125 53 1 32 21 29 133 76 81 90 166 22 179 192 143
    51 48 131 38 133 224 182 12 19 212 11 118 43 241 122 212 180 188 30
    76 31 177 132 122 8 136 31 2 244 73 157 247 228 81 217 20 13 14 98
    210 99 68 174 68 0 10 161 155 181 55 194 19 153 182 150 133 98 87 80
    187 125 100 151 85 198 121 45 108 116 46 152 234 138 131 91 59 154 4
    229 167 238 21 47 171 17 84 179 125 185 219 178 16 110 249 96 150
    161 175 130 98 247 76 120 37 16 133 198 148 73 52 124 248 42 109 78
    227 253 90 147 179 224 166 160 88 162 91 18 86 208 205 246 72 182
    146 226 196 116 69 33 1 150 208 160 31 197 170 244 18 147 121 191 88
    184 79 13 233 106 188 176 116 206 243 216 215 54 75 156 85 49 112
    202 108 92 240 94 240 47 4 204 202 10 212 62 74 28 1 146 213 177 30
    5 124 139 248 186 167 103 33 228 37 180 203 211 86 49 243 22 242 246
    31 51 250 129 142 167 163 97 238 5 45 100 170 252 77 183 56 8 188
    144 16 234 14 86 219 82 99 199 68 175 68 18 129 187 139 9 205 69 110
    151 187 187 1 94 165 248 135 69 27 122 59 176 74 38 157 90 255 93 13
    23 201 245 126 147 30 253 211 38 149 0 148 104 56 159 83 244 161 37
    8 182 162 60 107 106 54 251 5 45 105 238 221 155 90 220 93 121 100 0
    45 11 109 170 53 69 9 44 170 8 111 83 1 247 57 47 9 66 240 84 44 232
    238 96 173 221 79 66 248 0 107 253 190 187 227 4 188 55 0 124 40 181
    145 201 148 117 214 5 30 228 187 60 29 183 153 65 219 108 217 100 39
    25 25 55 128 170 25 54 220 29 222 52 3 129 211 163 40 119 40 12 249
    148 94 209 210 82 95 174 203 233 117 73 21 40 17 82 191 26 147 83 67
    217 172 19 16 153 77 77 63 124 61 69 190 135 234 97 180 124 142 64
    33 237 9 15 35 11 208 254 88 79 161 28 1 196 188 61 174 102 46 185 3
    116 53 62 166 126 67 66 24 84 202 231 223 91 150 126 164 57 13 156
    98 173 235 191 75 31 179 213 36 15 170 179 122 243 149 49 203 235 66
    182 226 65 215 222 59 238 62 202 80 212 50 221 164 69 230 207 43 39
    201 5 63 182 48 25 38 200 126 185 196 240 33 112 131 243 139 85 24
    209 156 184 96 53 217 226 82 214 197 177 32 172 196 125 86 197 130 0
    42 162 139 241 48 99 255 7 200 131 96 230 216 224 180 136 250 218
    146 190 252 78 130 212 216 253 115 250 60 77 237 41 178 153 197 124
    101 27 158 181 188 114 158 75 14 82 241 70 242 214 238 34 199 83 205
    84 75 65 68 63 109 118 155 233 200 144 11 57 44 114 49 247 228 205
    58 183 79 82 188 96 231 25 79 22 136 187 194 251 128 18 59 32 254 52
    25 156 218 128 61 18 114 104 64 252 120 67 166 248 78 229 186 209
    133 193 74 103 120 250 221 52 133 47 58 48 235 107 165 31 49 103 203
    154 105 17 153 176 2 169 168 174 239 98 176 62 36 237 85 51 233 148
    182 180 214 223 214 57 118 31 220 111 181 87 228 196 254 92 218 88
    65 209 237 155 189 217 94 220 242 150 160 142 252 238 229 23 198 172
    185 84 21 252 247 136 170 209 127 243 220 20 187 190 93 2 164 250
    171 132 41 157 76 65 15 115 131 19 244 174 164 176 228 93 15 23 66
    29 80 126 61 67 12 36 79 26 251 68 48 98 97 241 215 187 122 3 222
    150 106 5 50 129 131 162 110 251 167 116 176 254 116 146 235 160 127
    149 92 196 17 2 187 231 61 247 179 23 15 202 93 86 143 231 122 253
    210 150 74 70 214 237 184 26 5 182 6 171 114 207 203 3 154 9 22 26
    155 79 39 27 223 219 194 27 2 162 217 174 197 190 144 231 215 194
    118 121 106 80 115 199 28 66 121 82 137 129 154 67 37 238 209 76 28
    7 245 227 45 127 180 211 34 47 92 211 218 67 125 62 162 151 189 145
    16 101 130 128 143 227 112 94 76 84 56 93 188 109 21 39 239 163 239
    75 9 68 121 169 131 23 230 67 111 4 169 247 1 208 121 234 189 145
    154 92 148 216 72 61 213 92 210 150 196 189 246 169 180 87 131 52 88
    38 41 114 10 197 3 66 212 177 130 165 161 237 15 101 193 34 163 46
    195 114 79 208 121 122 178 47 11 31 29 8 116 45 26 14 233 218 3 68 8
    130 210 202 164 191 110 86 165 14 122 2 203 17 218 18 29 14 194 28
    84 176 116 206 213 123 78 17 186 94 147 160 61 242 241 211 137 147
    218 40 143 155 213 243 27 61 79 25 167 34 210 191 3 247 63 41 156
    223 197 196 22 62 152 132 77 88 47 100 235 138 134 12 34 250 245 189
    220 91 218 21 239 253 102 191 132 74 59 105 140 31 57 250 245 221
    237 166 254 181 16 108 16 26 106 42 218 38 244 2 73 28 87 113 183
    150 43 206 213 27 238 181 208 187 104 41 18 125 84 135 113 143 64 85
    185 168 8 148 14 201 200 49 102 79 151 49 110 98 254 253 162 62 41
    69 140 107 0 247 13 108 32 42 91 208 197 77 130 43 140 32 177 220
    181 106 38 235 145 102 81 123 119 133 142 229 192 159 12 173 173 101
    32 211 146 243 247 11 219 162 138 136 42 56 229 57 89 140 106 238
    177 74 123 126 85 158 116 95 244 207 90 157 139 23 148 45 28 156 175
    24 251 172 81 151 205 14 203 80 57 114 215 125 203 56 246 221 73 152
    145 255 85 170 200 82 141 217 116 16 238 234 171 70 44 125 24 175
    244 242 184 1 143 237 4 107 33 45 236 21 10 204 147 171 182 15 102
    215 133 168 59 182 221 56 27 82 18 154 39 131 65 174 45 26 72 200 89
    9 254 102 16 57 168 138 11 4 115 103 192 181 56 178 190 98 17 3 102
    102 114 225 27 12 37 18 160 143 100 6 30 222 112 141 135 71 227 235
    241 92 235 6 230 105 48 134 159 205 39 221 160 165 83 44 205 169 38
    173 49 235 155 67 233 118 2</data></test_img>
<my_img type_id="opencv-matrix">
  <rows>50</rows>
  <cols>100</cols>
  <dt>u</dt>
  <data>
    131 194 230 152 100 119 9 80 72 190 107 159 196 67 32 198 46 75 75
    95 9 10 118 167 148 104 29 189 86 34 103 129 18 234 219 106 105 14 6
    192 81 171 69 131 231 109 29 109 235 158 203 247 26 157 13 154 241
    205 249 17 143 147 24 10 134 131 165 207 34 68 24 86 206 144 5 61 85
    37 102 15 148 212 132 221 10 78 192 196 182 113 246 200 39 214 46 50
    20 243 30 81 47 7 204 133 81 134 250 187 24 90 104 65 111 10 28 11
    154 158 223 159 82 170 189 251 186 148 124 35 85 207 69 78 202 113
    60 142 52 146 250 234 42 152 13 249 216 27 147 2 140 116 46 9 165
    215 213 163 85 130 65 11 60 176 192 207 20 86 92 43 77 52 71 191 229
    1 1 163 34 249 156 202 121 55 233 123 23 50 209 170 248 117 92 166
    199 119 232 46 44 102 178 158 28 211 203 34 95 49 98 220 216 188 12
    229 176 153 100 110 145 30 202 103 4 15 115 160 169 162 238 185 137
    230 103 231 150 51 58 96 73 249 136 38 97 45 8 232 230 132 27 130
    185 130 19 31 21 134 2 164 72 244 64 215 198 112 196 3 165 50 191
    126 127 5 80 54 28 239 105 238 31 35 42 116 39 4 13 105 220 211 91
    97 118 249 134 249 28 113 49 4 131 201 136 48 124 119 147 78 127 38
    140 207 102 238 207 27 16 235 173 195 129 176 154 90 66 183 204 129
    176 248 247 157 0 60 10 66 14 174 201 230 189 122 172 167 234 103
    131 108 92 40 128 243 148 82 123 138 159 231 76 184 34 75 254 126
    240 55 19 109 223 201 151 112 212 191 165 56 194 102 3 82 30 162 139
    245 72 137 15 220 56 70 134 17 36 240 147 249 65 184 127 255 34 114
    66 161 26 153 220 252 82 85 153 169 162 91 94 80 85 195 115 194 103
    207 233 20 248 57 64 203 61 218 60 95 250 168 225 210 1 208 9 163
    218 85 144 30 131 136 150 241 161 98 140 68 11 195 132 31 12 216 202
    124 72 127 253 58 78 56 219 225 142 139 188 61 107 168 75 22 169 229
    72 119 0 36 223 43 146 143 79 81 119 25 26 225 196 56 0 190 213 8
    123 52 224 249 226 221 227 145 131 34 162 70 139 228 103 188 156 76
    244 194 4 139 48 84 219 230 124 4 17 36 124 143 202 84 107 234 13
    160 53 40 143 202 253 36 99 162 55 112 204 215 97 6 162 137 53 67
    232 141 221 67 17 97 207 145 103 164 53 133 4 99 181 247 236 240 105
    55 175 209 192 124 234 114 30 183 202 51 99 131 219 40 175 78 131
    110 126 141 103 32 15 232 175 136 111 166 166 138 64 207 185 222 98
    160 145 17 114 53 101 207 17 143 225 27 129 65 230 219 215 57 129 86
    103 198 230 78 112 103 27 6 198 36 131 42 74 242 162 25 171 171 84
    48 188 84 162 110 23 82 213 255 166 101 232 158 84 179 194 234 217
    230 53 65 158 86 150 173 116 166 15 255 126 8 133 251 141 116 213
    238 6 4 78 82 181 207 76 194 234 48 91 40 120 11 112 39 176 142 63
    186 82 225 57 158 32 48 48 42 253 160 240 6 143 185 251 236 86 145
    95 228 253 242 99 179 166 150 89 164 181 13 55 211 82 225 185 25 15
    236 122 97 156 25 19 4 59 255 207 72 133 190 179 213 154 70 99 91
    247 194 223 17 84 124 67 247 8 133 228 76 107 78 97 215 36 200 234
    183 169 217 196 42 105 228 156 164 173 23 166 190 114 6 213 175 57
    200 61 121 102 206 245 192 122 176 13 169 219 251 238 72 72 135 171
    255 84 124 114 55 93 116 232 215 185 15 25 40 105 23 84 213 150 247
    61 131 221 15 114 65 114 103 238 72 145 13 217 48 148 198 249 249 11
    139 116 19 122 200 82 116 53 160 89 211 211 101 44 192 55 137 76 253
    105 65 82 196 61 48 112 30 143 253 118 207 48 129 173 48 110 95 25 6
    44 42 59 15 166 137 46 238 179 221 73 59 118 31 157 191 127 25 215
    120 59 200 67 32 236 179 61 93 171 17 188 55 8 160 63 255 99 232 36
    192 232 118 213 217 48 91 143 44 200 219 249 255 114 129 63 89 91
    202 164 59 173 228 249 38 44 166 110 164 27 36 232 255 124 166 25 34
    196 244 232 116 215 131 145 240 105 78 251 200 160 15 55 13 251 204
    249 11 74 112 135 175 198 249 120 223 183 137 194 106 168 156 32 240
    191 231 186 178 37 249 196 67 25 63 202 8 188 166 221 103 141 175 80
    61 122 74 190 72 135 23 120 177 65 181 72 137 164 204 154 91 242 200
    15 253 200 91 230 232 124 61 215 152 190 36 247 190 225 78 238 181
    105 67 82 32 13 190 32 158 46 194 207 4 32 139 135 217 211 76 152 82
    185 107 32 61 17 110 185 55 228 166 192 209 105 150 126 21 63 86 21
    250 93 36 15 239 105 210 16 47 139 162 162 190 145 122 137 97 150
    249 8 198 93 169 23 36 249 242 143 166 4 137 133 232 242 164 177 11
    112 95 82 67 67 171 185 21 173 196 67 200 36 152 207 8 183 194 55
    219 133 207 129 55 240 249 232 177 107 139 17 40 188 133 204 118 46
    23 162 215 74 61 19 166 19 162 162 72 215 11 183 173 200 236 131 67
    251 19 213 247 148 192 19 139 42 112 212 82 207 20 227 52 18 44 53
    209 59 181 120 196 34 55 122 19 4 53 139 156 185 30 91 158 137 78
    244 251 21 57 190 61 44 97 126 196 152 249 190 76 122 118 17 135 238
    34 4 89 240 234 148 217 171 59 6 21 78 129 145 51 97 173 11 158 40
    236 4 78 177 232 175 122 145 135 190 150 137 67 116 131 112 61 122
    160 48 230 44 21 118 105 114 162 169 253 209 230 78 201 4 224 153
    160 14 148 214 126 137 6 204 17 240 112 44 169 158 152 57 166 126
    122 103 232 70 51 21 99 114 192 160 55 59 194 173 2 236 211 46 228
    72 89 124 15 177 27 48 177 154 13 65 215 84 141 171 162 215 4 15 23
    86 110 70 120 148 160 6 162 80 158 124 247 251 230 183 36 217 192 82
    59 124 223 211 242 209 183 181 59 207 89 240 183 82 221 53 160 200
    107 40 156 33 114 149 102 24 11 134 107 249 225 230 162 164 152 34
    177 91 23 223 131 91 247 202 219 105 219 223 99 238 221 42 228 141
    95 63 118 38 200 242 194 148 27 131 63 76 44 217 194 133 126 74 255
    21 234 101 160 202 247 158 164 118 114 219 202 120 135 213 181 253
    116 93 8 40 105 13 97 36 21 230 173 91 72 34 133 175 150 84 19 236
    122 4 63 65 23 192 76 93 163 244 129 71 96 255 102 127 99 179 190
    238 230 154 194 232 112 23 179 215 25 240 8 135 34 228 65 44 133 129
    59 213 255 242 89 152 19 118 160 103 164 194 160 21 2 44 213 34 143
    164 42 234 200 196 57 30 118 44 15 105 122 198 34 40 23 255 57 103
    196 242 177 86 194 105 46 238 30 219 8 67 57 25 162 97 251 204 11 70
    255 21 55 148 213 44 40 169 32 55 150 228 212 64 54 175 118 74 212
    11 141 123 13 221 112 242 76 232 114 185 57 89 200 118 251 154 114
    133 78 61 152 173 112 27 86 51 145 6 198 194 13 129 211 80 158 42 4
    101 219 99 91 112 154 185 97 137 211 6 99 46 48 211 59 171 207 158
    202 84 30 89 183 99 244 84 46 139 202 160 238 89 154 141 42 240 255
    80 27 225 247 38 223 152 230 173 238 118 175 215 17 101 82 42 87 255
    212 198 13 122 20 121 53 94 2 13 74 255 251 72 219 40 240 76 232 99
    48 240 72 154 99 112 51 177 46 38 30 89 160 192 13 38 164 158 112
    141 99 36 48 171 169 84 253 120 44 72 179 240 133 160 148 204 120
    253 211 236 204 11 46 99 164 59 53 238 72 30 19 202 120 89 204 27 13
    72 129 44 181 122 15 120 185 27 57 148 44 217 141 200 139 137 13 53
    143 57 86 207 69 192 45 37 111 32 46 23 76 190 185 101 51 137 38 38
    99 15 55 72 169 202 175 61 213 139 4 112 46 171 204 42 93 59 215 251
    175 36 93 101 192 154 150 247 124 202 63 173 97 101 232 242 181 145
    124 171 46 150 57 78 247 169 63 209 232 141 236 242 181 219 61 19
    228 223 67 46 166 143 97 185 228 196 95 247 188 188 72 120 63 93 116
    209 247 76 8 105 59 253 242 174 212 237 237 104 61 250 22 173 232
    211 103 190 84 57 143 57 200 183 223 8 97 179 255 76 181 91 181 192
    120 17 148 6 244 162 11 61 116 211 107 215 230 185 190 198 65 103
    255 74 213 120 93 46 6 190 156 103 72 192 74 48 181 19 118 181 103
    103 204 145 251 59 67 171 86 244 202 223 139 247 198 175 175 97 4
    183 122 164 42 225 59 103 23 99 247 185 173 219 122 76 213 228 114
    111 56 41 86 196 66 42 53 204 171 86 145 23 133 156 61 223 179 110
    196 211 152 30 65 21 164 76 188 139 230 230 217 234 240 244 34 122
    36 74 230 118 198 21 126 32 27 67 17 120 141 27 160 97 74 122 110
    105 228 177 116 112 137 8 44 150 80 67 162 192 32 160 124 183 112 70
    105 160 110 156 228 240 99 177 116 74 57 251 84 194 17 133 25 145
    219 114 67 160 140 137 236 141 69 191 232 39 16 113 177 13 175 249
    13 148 169 234 215 255 34 217 177 185 23 101 171 202 242 171 110 57
    141 166 223 27 234 74 152 221 230 25 110 133 225 253 148 114 249 55
    55 230 179 17 116 215 228 139 196 30 19 181 93 13 65 107 27 228 95
    209 156 55 19 181 40 166 23 196 207 70 34 145 219 196 103 11 221 110
    84 156 13 44 84 110 57 154 32 118 221 93 94 82 243 118 101 103 99
    115 163 68 38 188 173 162 93 67 122 215 30 91 129 131 65 204 143 6
    101 11 247 251 32 190 32 255 116 202 166 53 95 15 236 65 46 93 131
    217 173 238 80 89 135 175 103 209 34 198 93 6 181 238 135 175 158
    126 95 114 17 194 181 213 25 133 131 2 74 4 234 65 36 215 164 131
    158 122 223 169 221 44 78 171 225 160 179 207 6 164 196 166 211 160
    2 218 226 197 170 159 245 189 56 189 34 57 217 17 232 204 70 126 17
    2 192 150 76 8 110 44 131 112 48 215 120 40 53 188 80 192 173 93 21
    129 126 99 154 13 65 164 232 185 8 215 86 11 34 198 21 244 17 70 59
    211 89 6 137 162 150 244 86 200 32 236 156 70 110 21 141 164 86 129
    59 72 30 65 238 34 84 44 51 152 38 175 232 131 204 21 181 242 124 84
    181 97 149 216 191 37 64 244 79 187 33 125 242 124 23 126 135 253
    251 107 46 91 91 200 217 32 17 131 116 152 207 120 67 200 217 89 57
    103 30 67 135 179 2 207 230 158 11 148 70 154 247 211 211 225 95 141
    38 251 160 67 105 36 40 139 213 204 219 242 6 230 162 211 225 221
    110 202 251 196 124 48 82 42 13 131 255 202 154 129 103 38 236 154
    152 70 240 103 223 110 225 211 46 169 65 94 255 134 81 201 233 234
    139 0 217 48 234 105 133 190 57 192 150 126 34 190 148 171 217 38
    244 202 223 8 46 249 192 118 42 204 55 188 126 188 36 255 251 4 139
    57 188 93 107 198 164 51 30 240 89 59 80 255 143 46 76 179 219 53
    131 118 44 17 202 185 209 122 95 171 114 141 55 99 46 76 242 152 6
    21 209 200 72 114 160 114 11 8 171 34 196 236 148 86 40 223 9 29 96
    28 240 3 90 4 35 26 152 145 15 223 51 30 158 95 59 82 232 72 173 148
    99 171 223 25 17 181 59 129 95 99 103 244 6 4 82 247 185 209 34 36
    91 48 232 152 164 126 36 2 116 135 99 101 107 215 247 141 55 46 185
    76 135 103 11 30 63 253 143 139 82 225 228 8 188 169 61 27 19 148 78
    228 6 133 166 63 175 249 249 51 179 253 107 48 72 225 107 86 92 2
    103 85 61 11 22 63 15 247 23 63 91 110 188 190 171 13 209 101 242
    114 23 110 34 61 188 89 133 63 156 162 185 234 48 148 154 23 158 95
    183 124 67 51 59 196 72 213 242 15 107 46 67 55 89 156 223 160 177 2
    21 240 17 255 57 247 234 139 93 232 114 129 65 107 36 162 185 118
    234 114 204 112 38 211 196 40 25 185 4 53 99 23 171 173 122 124 46
    202 177 126 188 73 225 221 231 159 231 157 188 195 223 166 91 213 15
    139 32 236 120 103 133 99 51 91 194 253 230 156 59 179 25 141 230
    234 162 145 225 27 76 234 154 78 164 173 25 225 247 166 188 40 72
    133 230 198 177 173 217 228 129 23 175 164 4 150 86 76 232 185 42
    255 101 154 156 194 91 244 112 46 131 219 150 251 91 2 112 84 145
    129 57 63 116 223 19 120 213 156 188 38 107 255 169 84 199 67 200
    167 205 64 27 200 217 91 80 129 116 152 116 11 247 200 169 8 34 21
    251 217 137 95 36 175 2 213 112 173 84 67 32 82 177 217 177 55 204
    116 55 131 38 32 11 13 255 8 99 48 114 160 6 129 11 196 67 219 72 99
    221 103 173 177 63 32 139 40 38 223 80 247 46 129 89 19 107 215 65
    30 175 72 15 154 63 148 173 251 204 156 242 67 249 32 103 244 26 200
    29 157 91 226 191 8 133 201 188 6 34 89 253 44 209 213 179 114 63
    217 63 228 34 217 86 110 116 59 122 95 255 175 120 112 124 211 67
    234 196 48 171 8 32 112 150 221 131 169 251 185 242 67 221 198 198
    236 122 192 38 192 89 228 116 207 78 211 30 152 93 185 57 213 13 183
    215 253 63 141 148 215 221 234 89 164 42 242 236 80 65 120 82 30 251
    70 240 61 185 173 147 250 75 27 108 191 77 53 57 155 46 251 122 156
    228 139 44 194 30 135 141 44 236 171 236 84 196 13 152 112 6 23 51
    112 213 251 240 8 55 63 211 225 107 255 76 240 156 103 61 234 101
    200 76 253 202 110 143 202 219 177 160 209 55 42 51 143 251 232 57
    135 148 129 242 204 183 70 4 190 141 225 162 185 48 196 126 204 97
    139 213 95 99 103 53 13 112 234 162 181 99 196 165 15 198 51 177 201
    209 13 216 4 244 249 211 97 4 240 234 103 185 160 59 211 38 40 234
    247 70 196 148 242 137 179 213 61 72 200 76 251 150 65 114 196 204
    164 93 17 122 107 209 141 143 236 139 139 55 11 91 112 61 232 51 89
    103 164 196 139 59 114 179 30 13 19 25 80 232 65 76 65 80 169 148 32
    63 112 25 143 86 207 228 202 173 8 34 86 91 97 211 223 70 4 15 247
    194 64 73 244 6 70 57 174 118 129 175 236 91 154 158 70 179 25 11
    150 152 93 44 145 255 137 238 131 57 185 17 11 141 143 247 97 120 93
    44 137 162 30 82 120 223 17 63 55 70 105 30 133 86 244 34 32 188 141
    51 101 247 242 215 249 13 225 135 238 27 171 107 40 228 32 179 255
    118 196 141 152 51 255 169 249 236 74 143 6 116 65 30 255 141 44 211
    126 2 17 232 46 211 44 118 186 232 200 92 153 169 55 67 185 215 169
    215 228 213 82 74 190 185 253 84 101 61 118 116 164 211 223 181 91
    107 74 131 162 27 221 207 240 55 74 234 8 211 107 25 110 177 225 215
    150 112 169 110 162 190 137 19 118 173 25 89 143 2 116 166 6 103 156
    105 192 200 236 225 175 21 247 114 42 162 57 65 213 150 234 126 215
    173 143 120 27 126 196 169 89 86 236 148 47 109 178 135 209 243 53
    68 88 202 114 150 78 53 255 82 27 122 32 188 126 112 89 63 181 228
    67 242 103 207 213 228 70 118 129 179 21 162 99 200 183 76 25 169
    190 23 194 177 183 80 38 207 72 30 223 196 175 129 141 13 169 67 32
    27 183 223 84 124 152 145 126 91 59 169 44 63 32 42 225 55 129 234
    114 17 251 225 42 181 225 103 156 238 23 244 48 139 93 209 42 141 82
    147 76 64 240 173 14 90 208 179 72 194 17 13 97 13 114 40 200 110
    118 177 171 148 107 152 89 126 53 4 36 30 32 135 72 74 86 169 15 171
    190 148 63 59 141 44 154 234 194 19 30 223 13 116 46 242 133 219 190
    200 27 74 32 192 156 133 15 148 44 4 249 86 158 247 221 91 209 27 15
    21 101 219 103 76 179 76 6 23 162 160 185 59 204 30 164 185 154 133
    97 87 80 187 125 100 151 85 198 121 45 112 122 44 152 228 143 139 89
    74 160 8 232 173 238 25 46 177 19 95 183 126 194 217 177 19 114 253
    93 154 166 173 135 114 255 89 139 42 21 158 204 175 103 78 135 251
    46 112 97 228 255 86 154 183 225 179 181 99 171 105 30 103 202 194
    242 93 166 145 217 185 129 91 48 11 158 215 162 42 207 169 240 30
    141 114 198 84 188 74 13 238 103 188 176 116 206 243 216 215 54 75
    156 86 46 133 200 122 101 244 95 242 57 11 211 209 17 230 67 70 30 4
    145 215 173 32 11 120 131 251 183 169 103 23 234 38 179 204 215 107
    72 249 34 242 247 42 63 251 139 150 171 166 93 232 8 42 97 179 255
    74 183 59 13 185 143 19 221 17 95 202 93 107 190 80 162 86 32 122
    192 137 23 215 82 101 150 204 202 4 91 166 249 133 53 27 122 59 176
    74 38 157 90 255 93 6 21 209 242 150 158 40 253 213 51 145 2 141 103
    61 158 80 251 156 38 13 190 166 53 107 99 38 253 4 30 97 240 230 150
    93 221 114 137 122 2 63 15 118 166 65 86 11 46 177 6 97 76 4 247 55
    55 17 59 238 89 55 223 236 114 152 211 84 72 242 2 112 251 194 192
    232 19 200 65 6 118 48 185 135 211 135 103 219 6 32 230 187 60 29
    183 153 65 219 108 217 100 38 27 27 65 158 188 32 72 223 42 228 65 8
    133 221 164 48 120 48 15 255 154 101 202 202 76 84 162 200 232 110
    63 13 34 13 82 196 34 162 101 84 221 181 27 23 156 95 95 70 126 51
    57 196 126 230 118 188 120 139 63 51 232 17 21 59 17 196 255 99 89
    152 42 11 207 192 76 175 99 57 181 15 107 55 55 160 114 57 59 23 72
    202 231 223 91 150 126 164 57 13 156 116 194 238 200 95 44 194 228
    53 23 181 188 133 249 148 67 213 236 93 194 232 82 213 228 63 240 57
    188 72 202 32 228 164 57 240 213 48 48 209 8 86 192 74 44 55 198 148
    183 196 236 30 105 126 244 141 93 30 202 141 179 107 57 200 209 89
    200 171 156 51 160 190 120 99 213 135 6 61 162 135 240 59 97 255 15
    209 120 86 236 221 230 180 136 250 218 146 190 252 78 130 212 223
    253 139 247 78 91 230 51 181 156 198 124 110 32 162 192 200 120 152
    93 21 93 234 80 238 204 238 32 183 74 196 80 74 57 61 59 118 139 175
    238 209 164 15 76 61 131 61 249 221 200 48 179 67 65 198 112 228 34
    67 32 124 175 179 249 116 27 59 46 255 57 34 152 230 131 72 30 120
    110 82 249 122 72 166 249 80 236 177 213 129 188 74 103 120 250 221
    52 133 47 58 48 238 118 188 34 67 116 200 166 118 21 148 173 4 164
    169 175 236 107 175 78 42 228 95 57 223 139 171 166 209 217 211 53
    126 25 223 118 185 97 232 198 255 112 225 105 86 213 234 154 192 219
    93 217 240 150 171 154 253 234 211 36 190 152 173 93 34 251 242 118
    154 207 116 236 228 25 185 198 101 11 158 247 179 131 46 154 82 67
    15 105 124 19 244 174 164 176 228 93 15 23 66 29 95 137 80 86 6 48
    86 30 251 72 53 91 91 244 223 198 131 6 221 141 114 6 57 126 135 154
    116 249 164 120 175 255 124 160 244 175 150 169 105 211 30 6 198 238
    80 253 177 34 17 207 99 97 152 230 129 255 209 152 70 72 211 234 169
    34 8 154 15 152 101 192 190 8 148 19 25 34 154 86 42 36 230 225 194
    32 4 150 215 164 194 183 144 231 215 194 118 121 106 80 115 199 28
    66 121 82 137 129 154 67 37 238 209 76 28 7 245 227 45 127 180 211
    34 47 92 211 218 67 125 62 162 151 189 145 16 101 130 128 143 227
    112 94 76 84 56 93 188 109 21 39 239 163 239 75 9 68 121 169 131 23
    230 67 111 4 169 247 1 208 121 234 189 145 154 92 148 216 72 61 213
    92 210 150 196 189 246 169 180 87 131 52 88 38 41 114 10 197 3 66
    212 177 130 165 161 237 15 101 193 34 163 46 195 114 79 208 121 122
    178 47 11 31 29 8 116 45 26 14 233 218 3 68 8 130 210 202 164 191
    110 86 165 14 122 2 203 17 218 18 29 14 194 28 84 176 116 206 213
    123 78 17 186 94 147 160 61 242 241 211 137 147 218 40 143 155 213
    243 27 61 79 25 167 34 210 191 3 247 63 41 156 223 197 196 22 62 152
    132 77 88 47 100 235 138 134 12 34 250 245 189 220 91 218 21 239 253
    102 191 132 74 59 105 140 31 57 250 245 221 237 166 254 181 16 108
    16 26 106 42 218 38 244 2 73 28 87 113 183 150 43 206 213 27 238 181
    208 187 104 41 18 125 84 135 113 143 64 85 185 168 8 148 14 201 200
    49 102 79 151 49 110 98 254 253 162 62 41 69 140 107 0 247 13 108 32
    42 91 208 197 77 130 43 140 32 177 220 181 106 38 235 145 102 81 123
    119 133 142 229 192 159 12 173 173 101 32 211 146 243 247 11 219 162
    138 136 42 56 229 57 89 140 106 238 177 74 123 126 85 158 116 95 244
    207 90 157 139 23 148 45 28 156 175 24 251 172 81 151 205 14 203 80
    57 114 215 125 203 56 246 221 73 152 145 255 85 170 200 82 141 217
    116 16 238 234 171 70 44 125 24 175 244 242 184 1 143 237 4 107 33
    45 236 21 10 204 147 171 182 15 102 215 133 168 59 182 221 56 27 82
    18 154 39 131 65 174 45 26 72 200 89 9 254 102 16 57 168 138 11 4
    115 103 192 181 56 178 190 98 17 3 102 102 114 225 27 12 37 18 160
    143 100 6 30 222 112 141 135 71 227 235 241 92 235 6 230 105 48 134
    159 205 39 221 160 165 83 44 205 169 38 173 49 235 155 67 233 118 2</data></my_img>
<your_img type_id="opencv-matrix">
  <rows>50</rows>
  <cols>100</cols>
  <dt>u</dt>
  <data>
    131 194 230 152 100 119 9 80 72 190 107 159 196 67 32 198 46 75 75
    95 9 10 118 167 148 104 29 189 86 34 103 129 18 234 219 106 105 14 6
    192 81 171 69 131 231 109 29 109 235 158 203 247 26 157 13 154 241
    205 249 17 143 147 24 10 134 131 165 207 34 68 24 86 206 144 5 61 85
    37 102 15 148 212 132 221 10 78 192 196 182 113 246 200 39 214 46 50
    20 243 30 81 47 7 204 133 81 134 250 187 24 90 104 65 111 10 28 11
    154 158 223 159 82 170 189 251 186 148 124 35 85 207 69 78 202 113
    60 142 52 146 250 234 42 152 13 249 216 27 147 2 140 116 46 9 165
    215 213 163 85 130 65 11 60 176 192 207 20 86 92 43 77 52 71 191 229
    1 1 163 34 249 156 202 121 55 233 123 23 50 209 170 248 117 92 166
    199 119 232 46 44 102 178 158 28 211 203 34 95 49 98 220 216 188 12
    229 176 153 100 110 145 30 202 103 4 15 115 160 169 162 238 185 137
    230 103 231 150 51 58 96 73 249 136 38 97 45 8 232 230 132 27 130
    185 130 19 31 21 134 2 164 72 244 64 215 198 112 196 3 165 50 191
    126 127 5 80 54 28 239 105 238 31 35 42 116 39 4 13 105 220 211 91
    97 118 249 134 249 28 113 49 4 131 201 136 48 124 119 147 78 127 38
    140 207 102 238 207 27 16 235 173 195 129 176 154 90 66 183 204 129
    176 248 247 157 0 60 10 66 14 174 201 230 189 122 172 167 234 103
    131 108 92 40 128 243 148 82 123 138 159 231 76 184 34 75 254 126
    240 55 19 109 223 201 151 112 212 191 165 56 194 102 3 82 30 162 139
    245 72 137 15 220 56 70 134 17 36 240 147 249 65 184 127 255 34 114
    66 161 26 153 220 252 82 85 153 169 162 91 94 80 85 195 115 194 103
    207 233 20 248 57 64 203 61 218 60 95 250 168 225 210 1 208 9 163
    218 85 144 30 131 136 150 241 161 98 140 68 11 195 132 31 12 216 202
    124 72 127 253 58 78 56 219 225 142 139 188 61 107 168 75 22 169 229
    72 119 0 36 223 43 146 143 79 81 119 25 26 225 196 56 0 190 213 8
    123 52 224 249 226 221 227 145 131 34 162 80 152 224 100 186 159 83
    235 191 1 146 46 89 215 221 125 9 18 54 121 137 195 93 109 229 9 164
    56 41 145 209 253 29 102 162 61 118 221 228 99 6 160 145 58 79 234
    155 226 82 19 108 216 157 103 173 58 141 3 107 185 239 227 229 115
    70 176 198 183 118 234 104 18 174 190 35 80 116 203 29 169 72 122
    102 116 125 99 29 14 242 173 136 111 166 166 138 64 207 185 222 98
    160 157 24 128 62 110 201 15 151 223 21 138 78 228 217 211 71 137 99
    113 198 231 91 118 109 25 4 203 44 132 45 74 243 162 22 171 176 97
    48 198 91 160 129 23 91 217 255 177 122 239 177 93 194 211 239 222
    238 59 67 155 90 151 179 124 168 9 255 122 3 132 248 135 106 198 234
    3 1 62 71 173 195 67 187 227 39 82 32 116 13 115 39 176 142 63 186
    82 225 57 158 32 54 51 44 253 160 236 1 149 186 244 234 91 143 102
    220 252 241 103 188 167 157 95 165 181 6 58 212 78 229 186 19 9 234
    119 102 162 22 15 1 62 254 221 72 154 209 196 225 165 82 121 101 249
    200 236 17 85 138 75 246 4 139 224 82 127 99 120 212 36 189 231 174
    156 198 179 34 85 209 141 145 147 17 157 183 110 8 211 170 49 203 54
    121 102 206 245 192 122 176 13 169 219 249 235 64 76 147 173 255 91
    132 129 70 95 116 228 209 170 20 37 57 103 23 73 205 145 237 59 131
    223 6 107 68 115 104 240 80 146 9 226 52 150 207 252 252 11 160 144
    15 136 219 94 127 68 162 85 213 213 102 52 196 58 143 97 248 130 92
    115 191 82 65 125 25 144 246 118 195 43 124 171 42 100 82 19 6 34 32
    53 17 171 130 43 238 179 221 73 59 118 31 157 191 127 28 215 136 62
    198 75 27 231 170 75 104 165 17 189 62 14 141 73 255 99 232 46 191
    228 116 211 222 52 91 144 46 194 217 248 255 112 139 71 83 88 209
    191 65 200 234 253 47 58 196 128 183 38 44 237 254 127 173 35 49 194
    241 233 133 219 142 154 240 118 97 246 191 156 8 47 4 240 189 236 4
    61 105 124 173 187 243 114 219 180 127 196 106 168 156 32 240 191
    231 186 178 37 248 200 61 27 74 208 3 180 159 219 115 141 164 86 67
    112 85 193 87 133 29 113 167 63 170 71 139 170 196 146 84 241 193 9
    253 199 91 233 229 122 62 227 179 211 47 252 214 234 91 242 199 112
    73 86 34 15 194 43 166 51 186 209 1 41 146 144 221 198 91 155 82 184
    106 19 59 12 107 184 49 225 167 185 191 87 137 116 20 56 79 28 250
    93 36 15 239 105 210 16 47 139 176 176 193 159 145 154 120 151 251 5
    204 96 157 34 49 244 238 136 164 12 133 124 225 235 154 171 5 122 95
    74 69 72 169 178 17 173 199 71 201 27 164 217 8 206 212 68 232 158
    221 154 60 241 249 237 178 108 144 24 50 183 138 203 132 56 17 167
    217 90 73 11 166 9 157 160 63 217 4 187 183 199 232 136 59 246 19
    211 245 154 187 25 139 42 112 212 82 207 20 227 52 18 48 50 217 54
    196 145 211 30 63 130 17 1 62 131 138 159 38 92 144 130 73 237 239
    21 57 183 62 52 99 130 189 144 243 182 76 112 114 12 128 246 34 1 90
    248 241 181 229 194 70 4 23 90 116 138 47 97 176 11 146 44 234 1 91
    181 231 176 130 145 139 178 149 139 60 121 142 116 57 133 164 38 228
    35 19 119 99 111 169 170 251 209 230 78 201 4 224 153 160 14 148 214
    141 146 9 211 15 246 124 47 159 151 149 58 149 114 109 93 227 70 53
    34 88 97 181 150 49 52 193 179 1 226 195 49 217 79 90 115 13 179 24
    53 198 174 13 74 227 100 171 190 181 223 3 19 30 88 107 65 118 150
    160 3 167 96 167 138 243 244 223 176 28 213 183 78 50 127 221 200
    240 202 188 188 59 202 78 233 179 80 228 57 169 209 107 40 156 33
    114 149 102 24 11 134 115 248 227 233 174 177 164 27 173 82 26 214
    114 87 240 170 198 97 224 225 92 232 217 40 224 136 96 71 132 40 193
    241 189 144 36 132 73 80 45 225 203 135 132 82 255 30 238 111 180
    207 252 164 162 111 111 212 195 119 135 207 185 244 135 102 4 40 108
    9 102 25 15 223 174 82 67 33 150 183 158 79 24 234 132 15 75 78 30
    202 82 91 163 244 129 71 96 255 102 127 99 179 193 236 229 159 198
    234 127 17 174 206 27 229 9 124 39 207 68 60 119 116 62 211 255 237
    77 146 8 137 162 112 168 190 158 18 6 40 208 28 128 170 40 234 208
    203 69 36 130 57 19 107 111 193 36 46 26 253 60 99 181 239 177 96
    188 113 45 231 23 211 9 73 61 22 160 92 251 195 14 68 253 24 61 157
    212 53 42 171 39 69 156 235 212 64 54 175 118 74 212 11 141 123 11
    221 120 240 73 235 131 186 55 87 194 121 252 151 113 119 78 68 141
    159 105 25 73 41 139 3 208 207 5 136 203 88 145 39 8 97 213 96 80
    100 137 187 96 132 209 3 102 56 55 199 60 162 187 144 189 91 34 94
    175 99 242 95 52 157 193 166 228 86 162 143 39 231 255 82 29 226 242
    45 227 154 231 179 232 112 173 219 26 101 89 59 87 255 212 198 13
    122 20 121 53 94 4 11 52 254 251 56 221 43 238 70 225 102 48 229 76
    136 97 108 48 160 41 36 32 76 152 195 6 36 164 152 120 139 102 32 52
    167 152 88 252 106 43 75 177 240 131 164 142 195 114 254 187 212 185
    15 47 105 158 60 54 231 82 33 21 193 137 84 183 24 15 76 141 47 177
    137 24 128 188 34 63 154 51 217 136 201 141 136 19 76 160 76 86 207
    69 192 45 37 111 32 46 23 64 185 183 102 45 155 35 36 104 11 52 72
    156 186 160 65 191 121 3 97 41 166 209 36 88 45 216 245 170 25 97
    108 181 142 139 248 108 193 65 169 91 95 228 236 178 133 120 166 45
    135 58 73 241 152 72 194 224 135 227 240 180 217 62 21 223 201 55 39
    166 142 90 182 220 189 91 242 193 194 75 127 69 87 112 205 236 84 17
    112 79 251 242 174 212 237 237 104 61 250 22 173 237 215 111 185 77
    46 160 55 198 179 215 8 88 171 254 77 165 90 167 181 116 8 141 3 240
    152 5 68 121 207 118 212 223 170 189 198 72 100 254 73 216 110 87 49
    9 180 138 101 64 176 77 52 165 32 124 186 114 111 203 156 246 61 75
    175 79 233 177 201 141 243 180 173 167 88 11 177 133 173 44 228 67
    106 29 101 239 194 188 227 136 87 213 228 114 111 56 41 86 196 66 42
    45 207 173 68 151 15 131 160 59 217 175 108 183 196 146 28 62 22 152
    67 181 127 231 231 213 232 238 244 22 130 19 69 225 122 194 18 118
    34 25 70 19 106 120 29 136 86 65 112 101 99 205 142 106 106 135 15
    52 151 91 72 173 188 41 168 121 170 91 60 104 150 105 147 214 239
    104 176 120 79 54 248 99 200 26 138 37 154 222 127 87 176 140 137
    236 141 69 191 232 39 16 113 171 6 165 245 6 147 167 231 211 254 33
    200 164 173 17 103 156 183 231 152 97 47 127 162 216 21 233 72 146
    217 228 13 109 136 226 252 141 105 249 59 61 231 156 17 101 200 211
    130 183 38 33 151 94 22 64 113 34 223 102 209 162 54 29 176 44 156
    24 176 190 61 29 141 199 180 108 12 225 115 90 155 27 47 100 121 83
    160 41 127 228 99 94 82 243 118 101 103 99 115 163 68 21 177 164 151
    70 49 112 202 32 87 113 122 61 188 136 6 99 8 243 248 33 194 23 252
    120 202 167 51 91 8 234 54 46 100 137 222 165 244 73 79 118 155 91
    204 37 179 86 9 173 223 130 149 138 114 104 120 25 194 180 217 32
    139 138 4 67 5 209 58 36 193 152 121 146 108 207 166 209 39 75 170
    227 158 182 214 15 176 202 189 222 184 2 218 226 197 170 159 245 189
    56 189 20 39 206 9 220 196 65 116 9 1 178 141 75 6 105 37 124 118 41
    214 124 43 48 195 74 201 181 95 14 135 136 99 151 11 67 162 237 171
    9 219 85 13 35 193 19 234 17 64 55 186 95 6 129 141 141 245 108 204
    38 232 168 80 121 37 147 152 82 119 55 65 30 60 224 33 82 42 47 149
    33 171 234 130 205 28 196 243 137 110 200 112 149 216 191 37 64 244
    79 187 33 125 239 125 15 125 130 248 245 109 38 95 93 186 201 24 13
    124 115 147 201 124 67 204 222 78 61 102 23 69 136 171 1 213 226 155
    9 146 54 142 248 212 215 227 83 113 30 244 133 63 97 34 44 122 202
    187 216 236 9 228 158 211 231 220 118 186 249 173 113 45 70 39 9 112
    251 179 142 116 100 30 229 149 150 71 244 119 234 124 231 225 74 193
    65 94 255 134 81 201 233 234 139 0 213 30 223 108 128 194 49 185 144
    124 25 180 139 162 209 30 239 194 229 9 56 248 196 124 52 212 61 204
    130 176 24 252 251 6 141 45 167 78 86 194 152 42 21 242 79 52 78 251
    131 51 90 174 216 44 128 118 52 26 198 183 206 128 105 160 112 125
    51 88 41 64 232 124 8 23 193 187 63 106 152 110 15 15 174 41 214 244
    165 102 43 232 9 29 96 28 240 3 90 4 35 26 160 144 6 215 33 20 145
    97 56 76 225 67 166 137 101 156 216 21 14 169 63 129 90 91 96 239 5
    3 76 242 190 215 40 41 82 45 242 143 152 112 40 1 111 127 99 97 109
    208 242 137 59 42 191 64 133 108 20 36 68 253 151 145 100 217 227 9
    173 152 50 24 14 125 62 219 6 124 150 49 165 251 251 48 184 253 121
    55 88 237 119 97 92 2 103 85 61 11 22 63 15 247 11 48 80 110 195 194
    162 8 196 99 242 108 18 102 30 51 173 75 135 64 152 154 181 235 57
    147 156 41 155 77 176 103 56 48 54 198 55 219 245 11 103 48 76 56 90
    146 220 149 181 3 25 234 20 254 52 248 232 137 107 232 122 136 64
    104 37 142 162 103 228 95 190 85 34 203 186 34 28 176 3 47 100 28
    187 194 141 144 43 219 198 147 188 73 225 221 231 159 231 157 188
    195 228 183 89 214 6 130 21 225 118 99 124 97 41 93 179 251 231 147
    62 169 37 141 225 233 152 137 224 45 74 227 150 64 154 157 12 222
    248 152 165 36 69 118 231 207 183 160 219 223 127 29 187 177 4 154
    91 87 234 194 42 255 110 157 157 184 92 242 111 44 118 222 128 251
    69 1 101 69 127 110 45 57 111 238 28 121 231 166 200 36 109 255 169
    84 199 67 200 167 205 64 27 200 221 92 72 137 127 159 119 8 243 200
    168 11 35 22 249 219 142 107 41 167 1 209 119 154 83 70 51 86 166
    214 168 49 211 102 47 119 38 24 9 9 251 9 103 55 118 151 6 122 17
    195 79 220 72 103 225 106 181 178 64 33 141 35 40 229 84 246 48 116
    78 19 102 208 57 29 166 68 14 143 53 141 157 253 224 155 251 74 253
    32 100 251 26 200 29 157 91 226 191 8 133 201 201 1 25 93 253 41 205
    208 175 113 59 220 60 234 40 220 96 121 127 65 133 108 253 160 125
    124 137 212 69 228 191 45 162 11 28 94 141 221 107 146 248 173 242
    75 220 196 200 226 122 190 41 193 92 223 112 198 90 198 32 138 96
    183 53 204 14 175 217 251 52 127 135 217 227 229 84 154 35 242 239
    82 65 121 90 30 254 78 251 54 196 182 147 250 75 27 108 191 77 53 57
    155 32 252 108 160 221 137 36 191 22 121 141 47 235 162 237 82 173
    17 147 113 4 24 57 108 202 245 237 8 63 63 200 222 89 249 59 231 143
    82 45 229 101 206 86 248 204 118 147 201 217 181 168 208 58 39 40
    124 253 234 49 127 138 124 244 202 194 63 13 201 139 228 159 181 36
    193 127 206 97 135 217 96 100 108 49 15 115 248 157 189 96 198 165
    15 198 51 177 201 209 13 216 4 245 248 205 96 1 239 226 100 183 160
    52 216 37 44 237 244 68 183 149 240 137 167 194 71 78 186 88 248 151
    65 109 186 191 157 79 12 102 88 212 121 135 235 139 142 68 12 112
    121 69 224 53 109 120 173 190 124 63 105 174 28 12 14 26 73 241 68
    74 58 73 180 146 30 56 102 21 138 80 208 225 203 167 8 30 91 96 104
    213 231 80 6 15 247 194 64 73 244 6 70 57 174 130 130 175 236 96 146
    152 60 175 21 11 157 154 92 49 145 255 146 239 131 65 173 9 6 139
    143 245 104 125 91 52 144 157 30 65 110 223 12 48 45 56 109 30 141
    112 248 37 39 188 155 59 119 245 236 202 249 8 213 127 242 22 175 93
    28 235 24 196 254 112 205 135 139 39 251 167 245 238 69 141 6 121 72
    29 255 144 43 213 125 1 22 232 46 211 44 118 186 232 200 92 153 181
    57 60 198 212 166 213 225 214 71 60 198 178 249 79 97 63 125 108 150
    185 212 166 102 107 79 135 162 37 221 204 241 52 64 223 9 216 91 17
    93 162 223 217 146 121 168 118 162 187 133 19 120 173 28 82 120 1 95
    162 6 91 146 90 200 214 241 234 196 22 249 109 35 164 52 63 209 154
    229 138 211 173 152 132 26 127 188 167 88 85 246 148 47 109 178 135
    209 243 53 68 88 205 107 132 79 47 255 60 26 121 28 188 121 100 80
    57 165 232 64 241 106 184 200 223 82 114 131 181 29 159 100 194 185
    67 25 158 183 20 183 158 173 73 32 204 72 32 223 194 170 122 142 12
    168 73 35 26 167 213 75 116 139 137 101 75 46 188 28 59 23 33 228 54
    135 239 115 9 248 223 38 187 217 107 154 239 19 246 48 135 88 200 52
    141 82 147 76 64 240 173 14 90 208 182 67 191 23 18 92 13 114 34 206
    109 113 171 164 147 112 160 87 127 55 3 36 24 33 135 78 83 91 167 25
    180 194 145 54 52 132 42 135 224 183 15 22 213 14 120 47 241 124 213
    181 189 34 78 35 178 133 124 11 137 35 4 244 75 159 248 228 83 217
    23 15 17 99 211 100 71 175 71 1 13 162 157 182 57 195 22 155 183 152
    135 99 87 80 187 125 100 151 85 198 121 45 109 118 50 154 234 139
    132 92 61 156 6 229 168 238 24 51 173 20 86 180 127 186 220 179 19
    111 249 97 152 162 176 131 99 248 78 121 41 19 135 199 150 75 54 125
    248 46 110 80 227 253 91 149 180 224 167 162 90 164 92 21 88 209 206
    246 74 183 147 226 198 118 72 37 3 152 209 162 35 198 171 244 21 149
    122 193 90 185 82 15 234 107 188 176 116 206 243 216 215 54 75 156
    87 52 113 203 109 93 240 95 240 51 6 205 203 13 213 64 76 32 3 147
    214 178 34 8 125 141 248 187 168 104 37 228 41 181 204 212 88 52 243
    25 242 246 35 54 251 130 144 168 165 97 238 8 49 101 171 252 79 184
    58 11 189 146 19 234 17 88 220 84 100 200 71 176 71 21 130 188 141
    12 206 72 111 152 188 188 3 95 167 248 137 72 27 122 59 176 74 38
    157 90 255 93 15 26 202 245 127 149 34 253 212 42 151 1 150 105 58
    160 85 244 162 41 11 183 164 62 108 107 56 251 8 49 106 238 222 157
    91 221 94 122 101 1 49 14 110 171 55 72 12 48 171 11 112 85 3 248 59
    51 12 69 240 86 48 233 238 97 174 222 82 69 248 1 108 253 191 188
    227 6 189 57 1 125 44 182 146 202 150 119 215 8 34 228 187 60 29 183
    153 65 219 108 217 100 43 28 28 57 129 171 28 56 221 33 223 54 5 130
    212 165 44 121 44 15 249 150 95 209 211 84 96 175 204 234 119 75 24
    44 20 84 193 29 149 85 70 217 173 22 19 155 79 79 65 125 63 72 191
    137 234 97 181 125 144 67 37 237 12 18 39 14 209 254 90 82 162 32 3
    198 189 63 175 103 50 186 5 118 55 64 167 127 70 69 27 86 202 231
    223 91 150 126 164 57 13 156 99 174 235 193 77 35 180 214 40 18 171
    180 124 243 151 52 204 235 69 183 226 68 216 223 61 238 64 203 82
    213 53 222 166 72 231 208 47 43 202 8 65 183 52 28 42 201 127 186
    198 240 37 113 132 243 141 87 27 209 158 185 97 55 217 226 84 215
    198 178 36 173 198 127 88 198 131 1 46 164 141 241 52 100 255 9 201
    132 97 231 217 224 180 136 250 218 146 190 252 78 130 212 217 253
    116 251 62 79 237 45 179 155 198 125 102 30 160 182 189 115 160 77
    17 84 241 72 242 215 238 38 200 85 206 86 77 68 71 65 110 120 157
    234 201 146 14 59 48 115 52 248 228 206 60 184 82 84 189 97 232 28
    82 25 137 188 195 251 129 21 61 36 254 54 28 158 219 129 63 21 115
    105 67 252 121 70 167 248 80 229 187 209 135 194 74 103 120 250 221
    52 133 47 58 48 235 108 167 35 52 104 204 156 106 20 155 177 4 170
    169 175 239 99 177 64 40 237 87 54 234 150 183 181 215 223 215 59
    120 35 221 112 182 89 228 198 254 93 219 90 68 209 237 157 190 217
    95 221 242 152 162 144 252 238 229 26 199 173 186 86 24 252 248 137
    171 209 128 243 221 23 188 191 94 4 166 251 173 133 45 159 78 68 18
    116 132 22 244 174 164 176 228 93 15 23 66 29 82 127 63 70 15 40 82
    29 251 71 52 99 97 241 216 188 124 5 223 152 107 8 53 130 132 164
    111 251 168 118 177 254 118 147 235 162 128 151 93 198 20 4 188 232
    63 248 180 26 18 203 94 88 145 232 124 253 211 152 76 72 215 237 185
    29 8 183 9 173 115 208 204 5 156 12 25 29 157 82 43 30 223 220 195
    30 4 164 217 175 198 191 144 231 215 194 118 121 106 80 115 199 28
    66 121 82 137 129 154 67 37 238 209 76 28 7 245 227 45 127 180 211
    34 47 92 211 218 67 125 62 162 151 189 145 16 101 130 128 143 227
    112 94 76 84 56 93 188 109 21 39 239 163 239 75 9 68 121 169 131 23
    230 67 111 4 169 247 1 208 121 234 189 145 154 92 148 216 72 61 213
    92 210 150 196 189 246 169 180 87 131 52 88 38 41 114 10 197 3 66
    212 177 130 165 161 237 15 101 193 34 163 46 195 114 79 208 121 122
    178 47 11 31 29 8 116 45 26 14 233 218 3 68 8 130 210 202 164 191
    110 86 165 14 122 2 203 17 218 18 29 14 194 28 84 176 116 206 213
    123 78 17 186 94 147 160 61 242 241 211 137 147 218 40 143 155 213
    243 27 61 79 25 167 34 210 191 3 247 63 41 156 223 197 196 22 62 152
    132 77 88 47 100 235 138 134 12 34 250 245 189 220 91 218 21 239 253
    102 191 132 74 59 105 140 31 57 250 245 221 237 166 254 181 16 108
    16 26 106 42 218 38 244 2 73 28 87 113 183 150 43 206 213 27 238 181
    208 187 104 41 18 125 84 135 113 143 64 85 185 168 8 148 14 201 200
    49 102 79 151 49 110 98 254 253 162 62 41 69 140 107 0 247 13 108 32
    42 91 208 197 77 130 43 140 32 177 220 181 106 38 235 145 102 81 123
    119 133 142 229 192 159 12 173 173 101 32 211 146 243 247 11 219 162
    138 136 42 56 229 57 89 140 106 238 177 74 123 126 85 158 116 95 244
    207 90 157 139 23 148 45 28 156 175 24 251 172 81 151 205 14 203 80
    57 114 215 125 203 56 246 221 73 152 145 255 85 170 200 82 141 217
    116 16 238 234 171 70 44 125 24 175 244 242 184 1 143 237 4 107 33
    45 236 21 10 204 147 171 182 15 102 215 133 168 59 182 221 56 27 82
    18 154 39 131 65 174 45 26 72 200 89 9 254 102 16 57 168 138 11 4
    115 103 192 181 56 178 190 98 17 3 102 102 114 225 27 12 37 18 160
    143 100 6 30 222 112 141 135 71 227 235 241 92 235 6 230 105 48 134
    159 205 39 221 160 165 83 44 205 169 38 173 49 235 155 67 233 118 2</data></your_img>
</opencv_storage>
