<?xml version="1.0"?>
<opencv_storage>
<L2_diff>1.7641859312442098e+03</L2_diff>
<test_hist type_id="opencv-matrix">
  <rows>256</rows>
  <cols>1</cols>
  <dt>f</dt>
  <data>
    9.80857971e+02 8.72463074e+02 9.68690491e+02 8.91833862e+02
    4.47553284e+02 5.21645874e+02 8.65940796e+02 1.38650421e+02
    2.84169922e+01 6.16354553e+02 7.58148743e+02 4.16430511e+02
    6.53542786e+02 1.90528473e+02 9.66826843e+02 1.55429199e+02
    2.37531128e+01 6.19280762e+02 1.83303253e+02 8.19142456e+01
    8.73141479e+02 8.77777466e+02 2.97411072e+02 4.59706604e+02
    4.41735840e+02 4.02329498e+02 2.28785248e+02 5.04790039e+01
    3.82957642e+02 8.41927795e+02 5.63790894e+02 3.27192810e+02
    5.75319153e+02 5.19994507e+01 2.37472931e+02 9.76921326e+02
    1.07083923e+02 6.47489990e+02 7.92611694e+00 5.35082947e+02
    3.36424744e+02 2.12736572e+02 5.50724731e+02 6.98248047e+02
    1.37077789e+02 5.99461914e+02 4.32869080e+02 4.28741974e+02
    3.97489990e+02 1.20667908e+02 2.34457520e+02 5.87140869e+02
    6.08198608e+02 2.75075745e+02 3.63406677e+01 6.49451904e+01
    1.46296997e+02 6.96752502e+02 9.06994507e+02 2.78756073e+02
    9.69272583e+02 3.92583588e+02 7.33869385e+02 4.60075928e+02
    8.74601196e+02 8.82803955e+02 7.67728943e+02 1.86064972e+02
    8.54764709e+01 2.24209808e+02 7.82637939e+02 4.70140015e+02
    2.49335434e+02 1.47392242e+02 2.52082962e+02 1.89340424e+02
    1.00687927e+02 2.27167877e+02 3.91559235e+02 7.68808960e+02
    4.59090393e+02 4.89157684e+02 2.18080444e+02 4.17910339e+02
    8.75237427e+02 8.64833313e+02 9.83871155e+01 5.37148010e+02
    3.39480347e+02 1.44367065e+01 9.45157959e+02 8.98166260e+02
    8.22253296e+02 8.46630554e+01 9.91478088e+02 9.03009399e+02
    6.70910828e+02 8.07199951e+02 1.84442169e+02 2.85185333e+02
    2.09894836e+02 8.05797913e+02 9.91989380e+02 3.47729889e+02
    1.27326416e+02 7.80927002e+02 2.90542603e+01 5.67574707e+02
    9.97397339e+02 8.90673889e+02 8.04193604e+02 3.03922668e+02
    6.96729980e+02 8.93803467e+02 1.40511169e+01 9.35476746e+02
    8.79821045e+02 5.21735107e+02 7.22194519e+01 2.15281372e+02
    9.37293335e+02 5.17214905e+02 3.95011719e+02 8.60548096e+02
    8.93300598e+02 1.60759430e+02 3.33387482e+02 7.06056885e+02
    2.94220459e+02 4.56260681e+02 5.90164001e+02 4.01723877e+02
    2.48013474e+02 3.60990662e+02 2.18295410e+02 3.46175415e+02
    5.28597412e+01 6.39182861e+02 6.98105591e+02 2.64623383e+02
    2.89673523e+02 8.79031006e+02 5.04664093e+02 6.84945740e+02
    1.53577179e+02 6.82371277e+02 8.07185181e+02 1.83200256e+02
    8.26038147e+02 7.25316162e+02 5.07862061e+02 6.48528870e+02
    4.16994629e+02 8.53030762e+02 9.19058838e+02 1.29464691e+02
    5.52117126e+02 4.85807190e+02 4.52071686e+02 5.87458618e+02
    4.01610657e+02 5.26080444e+02 2.78875122e+01 2.43924774e+02
    8.27963806e+02 3.69823120e+02 2.11439117e+02 8.68954468e+02
    6.24463501e+02 4.44428192e+02 9.08033630e+02 1.46453430e+02
    1.97650146e+01 1.85936615e+02 2.50762939e+01 7.49654785e+02
    8.23905334e+01 7.90696777e+02 3.63046631e+02 9.31739868e+02
    5.05098816e+02 1.28071594e+02 3.09788391e+02 1.89175415e+00
    5.61705811e+02 2.76854614e+02 2.41320862e+02 8.61721924e+02
    2.28549316e+02 7.14426880e+02 8.18438354e+02 7.17597351e+01
    2.72321503e+02 8.34289551e-01 3.62104187e+01 6.01128540e+02
    7.09031372e+02 8.17434143e+02 2.37696594e+02 9.17377563e+02
    5.27859009e+02 4.45888275e+02 1.77892029e+02 1.54813690e+02
    3.01453796e+02 7.49166504e+02 9.94788086e+02 6.99788208e+02
    9.80843750e+02 4.84763428e+02 3.29130096e+02 1.27683624e+02
    2.61769409e+02 5.23195068e+02 7.02601746e+02 5.86814514e+02
    9.66059692e+02 9.80484924e+01 8.09131531e+02 4.85178375e+02
    9.87056641e+02 6.52177979e+02 5.73223022e+02 8.75584351e+02
    6.60400635e+02 8.29166870e+02 9.14845215e+02 9.61813477e+02
    1.27480164e+01 7.68805054e+02 2.43029297e+02 4.69114685e+01
    6.46808838e+02 1.71946106e+01 7.30389404e+01 4.98937958e+02
    1.77512207e+01 9.17412964e+02 2.71460754e+02 3.08308594e+02
    9.11673706e+02 7.90155029e+02 5.17441101e+01 9.79340881e+02
    2.30587463e+02 8.28376770e+02 1.91393524e+02 1.72330597e+02
    4.27482300e+02 1.69302399e+02 3.62667786e+02 7.01408630e+02
    9.73130249e+02 7.70740662e+01 8.49493652e+02 1.18003204e+02</data></test_hist>
<my_lkt type_id="opencv-matrix">
  <rows>256</rows>
  <cols>1</cols>
  <dt>u</dt>
  <data>
    2 4 6 8 8 9 11 12 12 13 14 15 17 17 19 19 19 20 21 21 23 25 25 26 27
    28 28 28 29 31 32 33 34 34 34 36 37 38 38 39 40 40 41 43 43 44 45 46
    47 47 47 49 50 50 50 51 51 52 54 55 57 57 59 60 62 63 65 65 66 66 68
    68 69 69 70 70 70 71 72 73 74 75 76 76 78 80 80 81 82 82 84 86 87 87
    90 91 93 94 95 95 96 97 99 100 100 102 102 103 105 107 109 109 111
    112 112 114 116 117 117 118 120 121 121 123 125 125 126 127 128 129
    130 131 132 132 133 134 134 135 136 137 138 139 140 142 142 144 145
    146 147 149 150 151 152 154 156 156 157 158 159 160 161 162 162 163
    165 165 166 168 169 170 172 172 172 172 172 174 174 176 177 179 180
    180 181 181 182 182 183 185 185 186 188 188 189 189 189 190 192 193
    194 196 197 198 198 199 199 201 203 204 206 207 208 208 209 210 211
    213 215 215 216 217 219 221 222 224 225 227 229 231 231 232 233 233
    234 234 235 236 236 238 238 239 241 242 242 244 245 247 247 247 248
    249 249 251 253 253 255 255</data></my_lkt>
<your_lkt type_id="opencv-matrix">
  <rows>256</rows>
  <cols>1</cols>
  <dt>u</dt>
  <data>
    2 4 6 8 9 10 11 12 12 13 15 15 17 17 19 19 19 21 21 21 23 25 25 26
    27 28 29 29 30 31 32 33 34 34 35 37 37 38 38 39 40 41 42 43 43 45 46
    46 47 48 48 49 50 51 51 51 52 53 55 55 57 58 60 61 62 64 66 66 66 67
    68 69 70 70 71 71 71 72 73 74 75 76 77 77 79 81 81 82 83 83 85 87 88
    89 91 93 94 96 96 97 97 99 101 101 102 103 103 104 106 108 110 111
    112 114 114 116 118 119 119 119 121 122 123 125 127 127 128 129 130
    131 132 133 133 134 134 135 135 136 138 138 139 141 142 143 144 145
    147 147 149 150 151 153 153 155 157 157 158 159 160 162 162 163 164
    164 166 166 167 169 170 171 173 173 173 173 174 175 175 177 178 180
    181 0 0 76 0 0 0 0 0 0 0 0 0 0 137 255 192 0 1 0 0 0 0 0 0 0 0 0 0 0
    0 0 96 0 0 0 0 0 252 0 0 0 0 0 4 254 0 0 0 0 0 0 0 53 1 0 0 0 0 0
    156 0 0 0 0 0 0 65 0 0 117 0 193 0 0 0</data></your_lkt>
</opencv_storage>
