<?xml version="1.0"?>
<opencv_storage>
<L2_diff>1.1916375287812984e+01</L2_diff>
<test_hist type_id="opencv-matrix">
  <rows>256</rows>
  <cols>1</cols>
  <dt>f</dt>
  <data>
    3.32793457e+02 1.23635193e+02 3.86922729e+02 3.58726501e+01
    2.21473145e+02 1.11942780e+02 6.90690308e+02 3.27721069e+02
    3.14042664e+02 9.07771240e+02 2.97871552e+02 5.72937683e+02
    3.95109131e+02 4.75240479e+01 7.95249756e+02 2.49581848e+02
    8.50942932e+02 6.48625305e+02 7.98480469e+02 4.27343353e+02
    5.19801880e+02 2.35927155e+02 4.80396423e+01 1.84254517e+02
    1.19531616e+02 7.49173523e+02 3.91001587e+01 4.67177521e+02
    3.05876831e+02 7.38013123e+02 1.17508453e+02 6.45760376e+02
    8.63709351e+02 7.25775452e+02 2.56486633e+02 3.89163605e+02
    2.38800873e+02 2.74296387e+02 3.30038177e+02 9.44012146e+01
    9.94882568e+02 5.21393738e+02 7.53807800e+02 9.57842163e+02
    4.64520172e+02 8.60528931e+02 9.00797729e+02 1.95279633e+02
    5.59523926e+02 1.87427643e+02 1.13505463e+02 7.55683716e+02
    6.53376160e+01 8.62973999e+02 4.90076935e+02 5.69869080e+02
    1.99593536e+02 7.66767273e+01 4.85342102e+01 7.42677246e+02
    7.51259888e+02 3.17743530e+02 2.91194244e+02 2.88691620e+02
    1.03514832e+02 5.48145447e+02 9.76622559e+02 7.74315857e+02
    8.89873657e+02 3.29481201e+01 7.56209839e+02 4.13223694e+02
    8.00632629e+02 9.29164673e+02 8.59385010e+02 4.44670410e+02
    6.72965271e+02 1.43157440e+02 2.19592285e+02 8.82511353e+02
    6.66052429e+02 2.89876343e+02 7.75151611e+02 9.60398499e+02
    2.23251862e+02 7.29704590e+02 4.18343628e+02 8.80759888e+02
    9.95536133e+02 5.64067688e+01 1.75842926e+02 6.70826416e+02
    8.55479980e+02 3.75062500e+02 5.72583374e+02 5.53961853e+02
    5.00521484e+02 9.09410156e+02 5.07728699e+02 5.08776062e+02
    3.37240906e+01 2.28252533e+02 2.71466675e+01 4.40037354e+02
    3.21933411e+02 6.54373657e+02 4.45642700e+01 7.39013672e-01
    2.31459290e+02 2.94421844e+02 5.31416870e+02 2.69110474e+02
    7.42376221e+02 8.88513306e+02 6.39952148e+02 9.81022278e+02
    3.58993530e+01 9.35250427e+02 5.63922119e+02 4.89071747e+02
    9.10650635e+02 9.58684204e+02 9.27650146e+02 6.96357117e+01
    9.75924683e+02 8.05594849e+02 2.95448120e+02 5.32837952e+02
    6.27208862e+01 2.05475098e+02 6.94951477e+01 4.50052551e+02
    1.36890961e+02 4.83278381e+02 7.06215576e+02 5.05203552e+01
    1.66965607e+02 8.84681702e+02 9.27865356e+02 7.58950195e+02
    4.12566162e+02 8.92192627e+02 3.32741821e+02 9.01433533e+02
    3.08272919e+02 8.76087158e+02 1.01441833e+02 3.01241241e+02
    3.14810242e+02 8.71958191e+02 2.88442444e+02 3.71765991e+02
    6.77627319e+02 4.06712219e+02 9.69155151e+02 4.30717926e+02
    9.05039917e+02 9.24792175e+02 2.41696381e+02 9.49754395e+02
    5.63818665e+01 7.82650024e+02 5.70628052e+01 8.09504639e+02
    1.15404358e+02 9.54949951e+02 8.83713623e+02 7.28733337e+02
    9.74491089e+02 5.66230103e+02 9.48838379e+02 2.66144836e+02
    5.92348328e+02 5.01391693e+02 9.46853882e+02 5.32371338e+02
    1.06943085e+02 3.06896179e+02 4.92822571e+01 5.01102264e+02
    1.71648834e+02 8.34188721e+02 8.13931274e+02 3.23727539e+02
    5.93315857e+02 4.70397491e+02 2.33340027e+02 5.53825439e+02
    3.14938904e+02 1.48253784e+02 2.63121094e+02 9.98438843e+02
    6.06008728e+02 6.24735413e+01 5.03840881e+02 4.94141174e+02
    5.37636841e+02 2.13785309e+02 2.27803955e+01 9.86039429e+01
    9.90650696e+02 9.71890503e+02 4.77088806e+02 1.94872070e+02
    6.03931824e+02 3.69735199e+02 3.50235931e+02 7.69218994e+02
    2.38003174e+02 9.42241272e+02 3.90256927e+02 2.35822937e+02
    5.29556824e+02 2.96291046e+02 8.62972168e+02 4.37301422e+02
    8.81054382e+01 3.99051788e+02 9.62968506e+02 2.35641785e+01
    3.46547882e+02 7.53782715e+02 2.47111588e+02 5.24755920e+02
    1.73210785e+02 2.55751678e+02 7.89911804e+02 8.82591919e+02
    2.25281189e+02 8.61199951e+00 1.97545563e+02 9.17294922e+02
    2.40529022e+02 3.58295166e+02 8.32886230e+02 2.10073669e+02
    1.82762024e+02 9.44142456e+02 9.19081421e+02 1.82566284e+02
    1.32909241e+02 1.10619019e+02 3.03184692e+02 5.46868164e+02
    3.05994995e+02 6.92135986e+02 4.38214569e+02 4.72786560e+02
    9.78197876e+02 4.14634430e+02 4.21753662e+02 9.06602539e+02
    9.79817505e+02 3.06668396e+01 9.24113525e+02 9.22730347e+02</data></test_hist>
<my_lkt type_id="opencv-matrix">
  <rows>256</rows>
  <cols>1</cols>
  <dt>u</dt>
  <data>
    1 1 2 2 2 2 4 5 5 7 8 9 10 10 11 12 13 15 16 17 18 19 19 19 20 21 21
    22 23 24 24 26 27 29 29 30 31 31 32 32 34 35 37 39 40 41 43 44 45 45
    45 47 47 49 50 51 51 51 52 53 55 55 56 56 57 58 60 61 63 63 65 65 67
    69 71 72 73 73 74 75 77 77 79 81 81 83 84 85 88 88 88 89 91 92 93 94
    95 97 98 99 99 100 100 100 101 102 103 103 103 104 105 105 107 109
    110 112 112 114 115 116 118 120 122 122 124 125 126 127 127 128 128
    129 129 130 131 131 132 134 135 137 138 140 140 142 143 144 145 145
    146 148 148 149 150 151 153 154 156 158 158 160 160 162 162 164 164
    166 168 169 171 172 174 175 176 177 179 180 180 181 181 182 182 184
    185 186 187 188 189 190 191 191 191 193 195 195 196 197 198 198 198
    199 201 202 203 204 205 206 207 208 209 210 211 212 213 213 215 216
    216 217 219 219 220 221 222 223 223 224 225 227 228 228 228 230 230
    231 233 233 233 235 237 238 238 238 239 240 240 242 243 244 246 247
    247 249 251 251 253 255</data></my_lkt>
<your_lkt type_id="opencv-matrix">
  <rows>256</rows>
  <cols>1</cols>
  <dt>u</dt>
  <data>
    0 0 1 1 2 2 3 4 5 6 7 8 9 9 11 11 13 14 16 17 18 18 18 19 19 21 21
    22 22 24 24 25 27 28 29 30 30 31 31 32 34 35 36 38 39 41 43 43 44 45
    45 46 46 48 49 50 51 51 51 53 54 55 55 56 56 57 59 61 63 63 64 65 67
    68 70 71 72 73 73 75 76 77 78 80 81 82 83 85 87 87 87 89 91 91 92 94
    95 96 97 99 99 99 99 100 101 102 102 102 103 103 104 105 106 108 109
    111 111 113 114 115 117 119 121 121 123 125 125 127 127 127 127 128
    128 129 131 131 131 133 135 136 137 139 140 142 142 144 144 145 145
    147 148 149 150 151 153 154 155 157 158 160 160 161 161 163 163 165
    167 169 171 172 174 174 175 176 178 179 180 180 180 181 182 183 185
    186 187 188 188 189 190 190 191 193 194 194 195 196 197 198 198 198
    200 202 203 203 205 205 206 208 208 210 211 211 212 213 215 216 216
    217 218 219 219 221 221 222 223 223 225 227 227 227 227 229 230 231
    232 233 233 235 237 237 237 238 238 239 240 241 242 243 245 246 247
    249 251 251 253 255</data></your_lkt>
</opencv_storage>
