<?xml version="1.0"?>
<opencv_storage>
<L2_diff>5.4387498563548590e+01</L2_diff>
<test_hist type_id="opencv-matrix">
  <rows>256</rows>
  <cols>1</cols>
  <dt>f</dt>
  <data>
    6.73385071e+02 6.41511414e+02 3.31638763e+02 2.98475281e+02
    8.51536987e+02 1.78388214e+02 6.74485596e+02 8.16688232e+02
    5.57190552e+02 2.16356537e+02 1.62871033e+02 7.90726868e+02
    8.78613281e+02 8.04404602e+01 4.80985229e+02 6.39131042e+02
    9.14935669e+02 8.50511536e+02 9.19776978e+02 2.18434601e+02
    6.80906982e+02 5.62527222e+02 5.13792419e+02 6.43282349e+02
    4.94815765e+02 9.73678589e+02 3.87516357e+02 2.14945618e+02
    3.61800964e+02 4.67260162e+02 8.01291931e+02 1.07496002e+02
    5.65990112e+02 6.72460144e+02 1.41157898e+02 9.68052124e+02
    5.75749390e+02 8.26867615e+02 2.92162231e+02 2.81392670e+02
    2.68250122e+02 2.06448303e+02 9.80323303e+02 9.84371277e+02
    9.40541077e+02 6.39276306e+02 2.29454926e+02 5.49343506e+02
    8.10355835e+01 9.47508667e+02 9.50845215e+02 5.53650085e+02
    3.13975403e+02 9.48919922e+02 5.05531830e+02 7.20929810e+02
    5.52589600e+02 5.21767761e+02 5.33935181e+02 8.02731201e+02
    7.27879883e+02 6.22147339e+02 8.13284912e+02 7.87694214e+02
    8.84795593e+02 9.45817017e+02 2.09454651e+02 3.66937744e+02
    2.51770020e-02 4.99540741e+02 9.77307007e+02 2.79840942e+02
    7.27063416e+02 6.38251648e+02 7.48296631e+02 8.97645203e+02
    5.58606628e+02 8.61361755e+02 4.70727966e+02 6.10213135e+02
    4.42957214e+02 9.49094788e+02 3.12218811e+02 4.08693970e+02
    5.94390076e+02 6.18949463e+02 9.26802673e+01 1.18962494e+02
    1.63426270e+02 1.87499695e+01 1.88997284e+02 7.47744873e+02
    5.37200012e+01 2.85773560e+02 3.31813232e+02 7.53143860e+02
    5.80485596e+02 9.77303650e+02 9.15747681e+02 5.18219604e+02
    2.41683563e+02 8.35901489e+02 2.71468079e+02 9.56553711e+02
    1.86454895e+02 6.16414795e+02 8.66041870e+01 2.66253906e+02
    1.14239777e+02 5.20930176e+01 4.49606628e+01 5.38151489e+02
    6.32439209e+02 9.06577637e+02 1.12545319e+02 6.35245483e+02
    8.29186646e+02 1.92159393e+02 5.28195068e+02 5.28119202e+02
    8.70179016e+02 4.53060913e+00 7.61951904e+01 4.57521027e+02
    5.63127197e+02 5.06396027e+02 8.56416870e+02 1.37045715e+02
    8.44197083e+02 1.13986176e+02 3.58902710e+02 2.46103287e+02
    1.07796906e+02 6.07043884e+02 4.75381287e+02 3.76843262e+00
    9.31376343e+02 8.96887695e+02 9.26630737e+02 3.08147919e+02
    8.84886719e+02 8.87089233e+02 7.02142334e+02 4.96132965e+02
    5.21128418e+02 1.78453857e+02 9.10591797e+02 1.19957123e+02
    8.61770752e+02 8.99995972e+02 3.82860596e+02 1.07253052e+02
    3.77965454e+02 8.64172729e+02 8.32957397e+02 1.59264679e+02
    4.76808014e+02 9.42530579e+02 2.50734375e+02 1.69249786e+02
    6.15317078e+02 9.91159424e+02 1.78357788e+02 9.54638428e+02
    3.27272278e+02 1.05938141e+02 8.22724976e+02 3.38638855e+02
    5.43887695e+02 7.67868896e+02 5.38703979e+02 8.98694702e+02
    8.43148438e+02 7.92287842e+02 4.59092987e+02 3.14360077e+02
    3.50580658e+02 1.93752258e+02 4.83157410e+02 9.43580322e+02
    9.59099182e+02 3.93016449e+02 4.45835876e+01 9.12075562e+02
    9.79950073e+02 6.22577393e+02 5.86782593e+02 3.24946411e+02
    1.50672302e+01 2.48478058e+02 5.17657043e+02 7.61519104e+02
    2.50736694e+01 5.95553101e+02 9.73962769e+02 1.19569122e+02
    4.39519836e+02 4.29356567e+02 2.15815308e+02 4.19082794e+02
    2.35781647e+02 9.07370483e+02 3.00580017e+02 1.07608551e+02
    2.89411224e+02 4.41274048e+02 4.01572632e+02 9.27829712e+02
    7.11232910e+02 9.76103516e+02 4.86259155e+02 7.86123413e+02
    7.05877075e+02 7.64638367e+01 8.24673096e+02 7.62233032e+02
    3.45053223e+02 7.06308716e+02 9.24378784e+02 1.79084625e+02
    9.66604004e+01 4.27859985e+02 5.62938477e+02 9.53986694e+02
    6.23090820e+02 9.75874207e+02 6.51834045e+02 6.36123047e+02
    3.88490509e+02 6.77938721e+02 3.41910889e+02 1.35016785e+02
    1.47440002e+02 9.31052979e+02 2.90735413e+02 6.40705566e+02
    1.59737549e+02 5.80534668e+01 3.70378326e+02 5.38462830e+01
    2.87255280e+02 7.25486267e+02 5.61123535e+02 1.29629150e+02
    7.65811462e+01 7.32810059e+02 8.67594727e+02 7.64889954e+02
    9.56086182e+02 6.32463074e+01 9.50187134e+02 9.20684814e+02
    8.60880005e+02 5.85653076e+02 8.35600098e+02 5.53548706e+02</data></test_hist>
<my_lkt type_id="opencv-matrix">
  <rows>256</rows>
  <cols>1</cols>
  <dt>u</dt>
  <data>
    1 2 3 4 5 6 7 8 9 10 10 12 13 13 14 15 17 19 20 21 22 23 24 25 26 28
    29 29 30 31 32 32 34 35 35 37 38 39 40 41 41 41 43 45 47 48 48 50 50
    51 53 54 55 57 58 59 60 61 62 63 65 66 67 69 71 72 73 73 73 74 76 77
    78 79 81 82 83 85 86 87 88 90 90 91 92 93 93 94 94 94 94 96 96 96 97
    98 99 101 103 104 104 106 106 108 109 110 110 110 111 111 111 112
    113 115 115 116 118 118 119 120 122 122 122 123 124 125 126 126 128
    128 129 129 130 131 132 132 133 135 137 137 139 141 142 143 144 144
    146 146 148 150 150 151 151 153 154 155 156 157 158 158 159 161 162
    163 164 164 166 166 167 169 170 172 173 175 176 176 177 177 178 180
    182 183 183 184 186 187 188 189 189 190 191 192 192 193 195 195 196
    197 197 198 199 200 201 201 202 202 203 205 206 208 209 211 212 212
    214 215 216 217 219 219 219 220 221 223 224 226 227 228 229 230 231
    231 232 233 234 235 235 236 236 236 237 238 239 240 240 241 243 244
    246 246 248 250 251 252 254 255</data></my_lkt>
<your_lkt type_id="opencv-matrix">
  <rows>256</rows>
  <cols>1</cols>
  <dt>u</dt>
  <data>
    1 3 4 5 7 9 10 11 12 13 14 15 16 16 16 17 18 20 20 21 23 24 26 27 28
    28 30 31 32 33 34 35 35 37 38 39 39 40 41 42 43 44 45 46 46 48 48 48
    50 51 52 54 55 57 58 59 59 60 61 62 62 64 64 66 67 67 67 68 69 71 73
    74 75 77 78 79 80 81 82 83 84 84 85 87 87 88 88 89 90 91 92 92 93 95
    96 97 98 99 100 101 102 104 105 106 108 110 111 112 113 113 115 115
    117 117 118 119 120 122 123 124 126 126 126 127 128 129 130 131 132
    133 134 135 135 136 137 138 138 140 142 142 143 143 144 144 145 146
    146 147 149 149 150 151 152 154 155 156 157 157 157 159 161 161 161
    161 162 163 164 164 165 166 166 167 168 170 171 173 173 173 174 175
    177 178 178 178 178 180 181 181 182 183 184 185 186 187 188 189 190
    192 193 193 194 196 197 197 199 200 201 202 203 204 205 206 208 209
    210 212 213 213 214 214 216 216 217 218 220 221 223 224 225 226 227
    228 229 231 231 233 235 236 236 237 238 239 241 241 243 244 245 246
    248 249 250 252 252 253 254 255</data></your_lkt>
</opencv_storage>
