<?xml version="1.0"?>
<opencv_storage>
<L2_diff>1.0182640685894306e+01</L2_diff>
<test_hist type_id="opencv-matrix">
  <rows>256</rows>
  <cols>1</cols>
  <dt>f</dt>
  <data>
    6.84424866e+02 5.74714722e+02 6.80049683e+02 3.34580322e+02
    2.84211426e+02 7.81811523e+00 7.13143921e+00 3.58845032e+02
    7.62369385e+02 1.12669830e+02 9.85776550e+02 9.09061279e+02
    2.94851318e+02 9.71636475e+02 1.82226257e+02 8.67403870e+01
    7.14077698e+02 8.14016479e+02 5.25285583e+02 6.08902527e+02
    7.02289124e+02 1.28295898e+01 6.43794250e+01 3.12068848e+02
    4.54208588e+02 5.17938660e+02 1.66362000e+02 5.64360046e+01
    9.72092712e+02 6.03966553e+02 5.03390533e+02 9.37086426e+02
    4.79557312e+02 9.63057983e+02 3.70355774e+02 5.48079285e+02
    2.12841461e+02 9.62665894e+02 3.00341187e+02 5.56559448e+02
    8.64955933e+02 8.38894287e+02 9.66463989e+02 1.22196503e+02
    9.50672852e+02 9.52313599e+02 5.51997009e+02 8.44255859e+02
    3.47365479e+02 5.83548889e+02 5.99100281e+02 2.81093079e+02
    8.59735291e+02 9.24702148e+02 5.84138611e+02 8.09071289e+02
    8.12963440e+02 1.15224915e+02 8.99792786e+01 5.95150696e+02
    6.94699463e+02 3.83894836e+02 5.29907532e+02 9.53155640e+02
    2.41027374e+02 7.07036987e+02 9.97074951e+02 1.92906647e+02
    7.01812622e+02 7.41859924e+02 8.80487061e+00 2.47640137e+02
    6.82305664e+02 3.73509003e+02 9.53953369e+02 9.96603271e+02
    7.34561707e+02 2.79646301e+02 8.48807251e+02 1.06294586e+02
    4.90688690e+02 4.93067780e+02 5.92751038e+02 2.64545288e+01
    8.17278076e+02 2.26193146e+02 7.27888794e+02 8.98981934e+02
    6.35290649e+02 4.62075928e+02 7.96914673e+02 9.73488342e+02
    7.76317688e+02 2.75663818e+02 8.59988770e+02 9.18118042e+02
    4.27289856e+02 4.68921448e+02 5.33705811e+02 5.69892212e+02
    6.42399658e+02 4.98734589e+02 1.66352539e+02 9.32507935e+01
    2.98562195e+02 7.52879028e+02 8.92950928e+02 6.32562988e+02
    8.88873169e+02 5.11016693e+02 4.56723724e+02 4.11090851e+02
    8.54052246e+02 9.06991577e+02 8.44407104e+02 9.29981567e+02
    8.07745056e+02 6.92902466e+02 6.09159790e+02 4.70637604e+02
    2.74704590e+01 2.44638565e+02 3.53274567e+02 6.08315552e+02
    6.06304993e+02 9.50406738e+02 7.72736206e+02 5.94040405e+02
    5.49515259e+02 8.80678894e+02 7.44710693e+02 4.48875946e+02
    4.64638977e+02 9.96422852e+02 5.74796631e+02 8.02821472e+02
    1.83841644e+02 3.27794556e+02 2.99827148e+02 7.45763977e+02
    8.60064819e+02 5.36576843e+02 3.13323547e+02 9.39417847e+02
    8.75633789e+02 9.42237488e+02 9.21601562e+02 5.94259399e+02
    1.83206543e+02 8.33400452e+02 5.53625061e+02 2.69759827e+01
    1.26168823e+01 4.04564514e+02 8.33453979e+02 9.96408203e+02
    9.90670654e+02 6.36752930e+02 5.84706238e+02 7.74762695e+02
    8.04256958e+02 9.68302368e+02 3.64927124e+02 2.19007202e+02
    2.75442261e+02 2.12154816e+02 9.25013550e+02 2.04253052e+02
    8.39766113e+02 6.49932800e+02 1.59999268e+02 4.21538849e+02
    6.87060242e+02 7.70966797e+02 9.09363953e+02 8.78806641e+02
    2.44966202e+02 7.18906494e+02 9.52322754e+02 6.07306824e+01
    6.28194580e+02 1.75118195e+02 9.02682434e+02 5.83668640e+02
    7.56338745e+02 9.13824097e+02 1.10617737e+02 1.32624298e+02
    7.60320496e+02 4.46217651e+01 6.17642883e+02 8.42047852e+02
    1.93890259e+02 9.56597839e+02 8.59719238e+02 1.28100098e+02
    8.87044800e+02 4.07718170e+02 9.72297729e+02 3.65905518e+02
    9.58557739e+02 9.80995361e+02 2.80672760e+02 3.93724976e+02
    6.06109009e+01 6.43460876e+02 3.03127747e+02 1.16306763e+02
    7.45514282e+02 5.84026428e+02 3.48565674e+00 7.58826294e+02
    7.14503967e+02 9.74409973e+02 2.57909119e+02 5.65647888e+01
    3.16228333e+02 9.22587830e+02 7.62998657e+01 5.70731384e+02
    5.96564392e+02 7.94247131e+02 2.73101807e+02 1.88903168e+02
    6.00190063e+02 5.92792175e+02 4.62952026e+02 8.44855469e+02
    4.36850494e+02 1.19329376e+02 5.64970764e+02 2.66938477e+02
    7.17504089e+02 8.96687500e+02 4.38112823e+02 8.89003174e+02
    6.20095642e+02 7.00071960e+02 9.19651672e+02 8.18223633e+02
    6.67555481e+02 8.39036987e+02 6.68471985e+02 9.73949951e+02
    8.66367126e+02 8.42319641e+02 3.31363586e+02 1.20712585e+02
    9.30616821e+02 6.60411133e+02 2.77306549e+02 7.10844666e+02
    8.07920471e+02 1.48195160e+02 7.03869629e+00 3.12492065e+02</data></test_hist>
<my_hist type_id="opencv-matrix">
  <rows>256</rows>
  <cols>1</cols>
  <dt>f</dt>
  <data>
    4.71628504e-03 3.96028627e-03 4.68613626e-03 2.30555073e-03
    1.95846497e-03 5.38736422e-05 4.91418468e-05 2.47275573e-03
    5.25339087e-03 7.76393572e-04 6.79286150e-03 6.26422605e-03
    2.03178311e-03 6.69542421e-03 1.25569804e-03 5.97717008e-04
    4.92061907e-03 5.60928462e-03 3.61967646e-03 4.19587037e-03
    4.83938539e-03 8.84070832e-05 4.43630473e-04 2.15042685e-03
    3.12989391e-03 3.56904976e-03 1.14637951e-03 3.88893357e-04
    6.69856789e-03 4.16185707e-03 3.46880057e-03 6.45734416e-03
    3.30456882e-03 6.63631083e-03 2.55207485e-03 3.77674494e-03
    1.46666355e-03 6.63360907e-03 2.06961320e-03 3.83518077e-03
    5.96030196e-03 5.78071456e-03 6.65978109e-03 8.42040638e-04
    6.55096630e-03 6.56227255e-03 3.80374165e-03 5.81766013e-03
    2.39365152e-03 4.02116170e-03 4.12832433e-03 1.93697680e-03
    5.92432730e-03 6.37200568e-03 4.02522506e-03 5.57520799e-03
    5.60202822e-03 7.94000283e-04 6.20035804e-04 4.10110829e-03
    4.78708604e-03 2.64537078e-03 3.65152583e-03 6.56807469e-03
    1.66088913e-03 4.87210229e-03 6.87071728e-03 1.32929534e-03
    4.83610202e-03 5.11206267e-03 6.06732501e-05 1.70645688e-03
    4.70168190e-03 2.57380330e-03 6.57357182e-03 6.86746696e-03
    5.06177172e-03 1.92700722e-03 5.84902335e-03 7.32462562e-04
    3.38127371e-03 3.39766778e-03 4.08457220e-03 1.82294811e-04
    5.63175976e-03 1.55866833e-03 5.01578953e-03 6.19477080e-03
    4.37770737e-03 3.18410667e-03 5.49143832e-03 6.70818519e-03
    5.34950709e-03 1.89956452e-03 5.92607399e-03 6.32663537e-03
    2.94440030e-03 3.23127839e-03 3.67769925e-03 3.92705528e-03
    4.42669494e-03 3.43671697e-03 1.14631432e-03 6.42579398e-04
    2.05735420e-03 5.18799433e-03 6.15321193e-03 4.35891142e-03
    6.12511253e-03 3.52135138e-03 3.14722536e-03 2.83277500e-03
    5.88516612e-03 6.24996424e-03 5.81870228e-03 6.40838547e-03
    5.56606892e-03 4.77470318e-03 4.19764314e-03 3.24310409e-03
    1.89295461e-04 1.68577337e-03 2.43437034e-03 4.19182563e-03
    4.17797081e-03 6.54913252e-03 5.32482751e-03 4.09345748e-03
    3.78664001e-03 6.06864691e-03 5.13170706e-03 3.09314742e-03
    3.20176850e-03 6.86622364e-03 3.96085065e-03 5.53214131e-03
    1.26682955e-03 2.25879089e-03 2.06607091e-03 5.13896532e-03
    5.92659786e-03 3.69748310e-03 2.15907302e-03 6.47340948e-03
    6.03388157e-03 6.49283919e-03 6.35063974e-03 4.09496622e-03
    1.26245315e-03 5.74285723e-03 3.81496013e-03 1.85888086e-04
    8.69413416e-05 2.78780283e-03 5.74322604e-03 6.86612306e-03
    6.82658609e-03 4.38778382e-03 4.02913662e-03 5.33879176e-03
    5.54203289e-03 6.67244894e-03 2.51466664e-03 1.50915096e-03
    1.89803774e-03 1.46193197e-03 6.37415145e-03 1.40748196e-03
    5.78672206e-03 4.47860453e-03 1.10253470e-03 2.90477090e-03
    4.73444536e-03 5.31263463e-03 6.26631174e-03 6.05574530e-03
    1.68803113e-03 4.95389383e-03 6.56233542e-03 4.18487441e-04
    4.32880921e-03 1.20671734e-03 6.22027041e-03 4.02198685e-03
    5.21183480e-03 6.29704632e-03 7.62252836e-04 9.13897238e-04
    5.23927249e-03 3.07482929e-04 4.25609900e-03 5.80244511e-03
    1.33607327e-03 6.59179455e-03 5.92421647e-03 8.82721564e-04
    6.11251360e-03 2.80953432e-03 6.69998070e-03 2.52140872e-03
    6.60530012e-03 6.75991504e-03 1.93408050e-03 2.71310890e-03
    4.17662057e-04 4.43400769e-03 2.08881497e-03 8.01455171e-04
    5.13724471e-03 4.02445206e-03 2.40192203e-05 5.22897579e-03
    4.92355647e-03 6.71453588e-03 1.77721912e-03 3.89780791e-04
    2.17908947e-03 6.35743607e-03 5.25772746e-04 3.93283786e-03
    4.11084993e-03 5.47305634e-03 1.88191002e-03 1.30170782e-03
    4.13583359e-03 4.08485578e-03 3.19014373e-03 5.82179194e-03
    3.01028159e-03 8.22283619e-04 3.89314210e-03 1.83943927e-03
    4.94422996e-03 6.17896020e-03 3.01897991e-03 6.12600846e-03
    4.27300064e-03 4.82410751e-03 6.33720309e-03 5.63827530e-03
    4.60004015e-03 5.78169758e-03 4.60635591e-03 6.71136566e-03
    5.97002637e-03 5.80431800e-03 2.28338456e-03 8.31815123e-04
    6.41276268e-03 4.55080951e-03 1.91088428e-03 4.89834044e-03
    5.56727778e-03 1.02119404e-03 4.85027667e-05 2.15334329e-03</data></my_hist>
<your_hist type_id="opencv-matrix">
  <rows>256</rows>
  <cols>1</cols>
  <dt>f</dt>
  <data>
    6.85332656e-01 5.74914634e-01 6.80929244e-01 3.33230883e-01
    2.82537013e-01 4.36041178e-03 3.66930524e-03 3.57652158e-01
    7.63780057e-01 1.09888636e-01 9.88628626e-01 9.11418438e-01
    2.93245554e-01 9.74397361e-01 1.79893836e-01 8.37918893e-02
    7.15176821e-01 8.15760374e-01 5.25166571e-01 6.09323025e-01
    7.03312159e-01 9.40422062e-03 6.12866543e-02 3.10574174e-01
    4.53631014e-01 5.17772257e-01 1.63927227e-01 5.32919839e-02
    9.74856496e-01 6.04355216e-01 5.03130257e-01 9.39624369e-01
    4.79143292e-01 9.65763509e-01 3.69237185e-01 5.48107326e-01
    2.10706577e-01 9.65368867e-01 2.98770845e-01 5.56642234e-01
    8.67028475e-01 8.40798676e-01 9.69191492e-01 1.19476773e-01
    9.53298450e-01 9.54949796e-01 5.52050352e-01 8.46194863e-01
    3.46098542e-01 5.83805799e-01 5.99457562e-01 2.79398561e-01
    8.61774147e-01 9.27160203e-01 5.84399343e-01 8.10783267e-01
    8.14700544e-01 1.12460203e-01 8.70516822e-02 5.95482469e-01
    6.95673525e-01 3.82863581e-01 5.29818356e-01 9.55797255e-01
    2.39074335e-01 7.08090663e-01 9.99999940e-01 1.90643132e-01
    7.02832580e-01 7.43138254e-01 5.35353366e-03 2.45729774e-01
    6.83199763e-01 3.72410744e-01 9.56600130e-01 9.99525249e-01
    7.35792994e-01 2.77942449e-01 8.50775599e-01 1.03472255e-01
    4.90346462e-01 4.92740929e-01 5.93067348e-01 2.31170673e-02
    8.19043040e-01 2.24144399e-01 7.29076982e-01 9.01274025e-01
    6.35881424e-01 4.61549103e-01 7.98548222e-01 9.76261139e-01
    7.77818382e-01 2.73934245e-01 8.62029314e-01 9.20533597e-01
    4.26538587e-01 4.68438804e-01 5.33641160e-01 5.70061028e-01
    6.43036306e-01 4.98444289e-01 1.63917705e-01 9.03443024e-02
    2.96980381e-01 7.54228473e-01 8.95204127e-01 6.33136153e-01
    8.91100049e-01 5.10805607e-01 4.56162363e-01 4.10235077e-01
    8.56054485e-01 9.09335375e-01 8.46347094e-01 9.32473660e-01
    8.09448481e-01 6.93864942e-01 6.09581947e-01 4.70166028e-01
    2.41395533e-02 2.42708832e-01 3.52045745e-01 6.08732283e-01
    6.06708765e-01 9.53030646e-01 7.74213791e-01 5.94365001e-01
    5.49552619e-01 8.82852912e-01 7.46007442e-01 4.48263943e-01
    4.64128703e-01 9.99343634e-01 5.74997067e-01 8.04493129e-01
    1.81519642e-01 3.26401353e-01 2.98253506e-01 7.47067511e-01
    8.62105846e-01 5.36530674e-01 3.11836958e-01 9.41970825e-01
    8.77775252e-01 9.44808662e-01 9.24039602e-01 5.94585419e-01
    1.80880442e-01 8.35269392e-01 5.53688884e-01 2.36418862e-02
    9.19014029e-03 4.03666615e-01 8.35323274e-01 9.99328911e-01
    9.93554354e-01 6.37353122e-01 5.84970653e-01 7.76253343e-01
    8.05937886e-01 9.71041739e-01 3.63773495e-01 2.16912091e-01
    2.73711264e-01 2.10015491e-01 9.27473605e-01 2.02062756e-01
    8.41676176e-01 6.50618017e-01 1.57523438e-01 4.20750469e-01
    6.87985003e-01 7.72432923e-01 9.11723018e-01 8.80968571e-01
    2.43038580e-01 7.20036745e-01 9.54959035e-01 5.76143712e-02
    6.28739536e-01 1.72739908e-01 9.04998422e-01 5.83926320e-01
    7.57710516e-01 9.16211963e-01 1.07823297e-01 1.29971847e-01
    7.61717975e-01 4.14015204e-02 6.18119776e-01 8.43972623e-01
    1.91633090e-01 9.59261656e-01 8.61757994e-01 1.25418454e-01
    8.89259875e-01 4.06840622e-01 9.75062847e-01 3.64758193e-01
    9.61234212e-01 9.83816624e-01 2.78975517e-01 3.92757148e-01
    5.74938171e-02 6.44104362e-01 3.01575392e-01 1.13549031e-01
    7.46816218e-01 5.84286451e-01 1.02666320e-10 7.60214090e-01
    7.15605795e-01 9.77188766e-01 2.56065011e-01 5.34215979e-02
    3.14760506e-01 9.25032258e-01 7.32840076e-02 5.70905626e-01
    5.96905291e-01 7.95863509e-01 2.71355718e-01 1.86613828e-01
    6.00554347e-01 5.93108714e-01 4.62430865e-01 8.46798360e-01
    4.36160922e-01 1.16591148e-01 5.65107822e-01 2.65152633e-01
    7.18625307e-01 8.98964822e-01 4.37431395e-01 8.91230881e-01
    6.20588362e-01 7.01080680e-01 9.22077119e-01 8.19994688e-01
    6.68354392e-01 8.40942323e-01 6.69276834e-01 9.76725757e-01
    8.68448794e-01 8.44246149e-01 3.29993397e-01 1.17983282e-01
    9.33113039e-01 6.61163986e-01 2.75587589e-01 7.11922884e-01
    8.09625030e-01 1.45643175e-01 3.57596390e-03 3.11000109e-01</data></your_hist>
</opencv_storage>
