<?xml version="1.0"?>
<opencv_storage>
<L2_diff>8.5720475966947362e+01</L2_diff>
<test_hist type_id="opencv-matrix">
  <rows>256</rows>
  <cols>1</cols>
  <dt>f</dt>
  <data>
    3.20134399e+02 1.33046814e+02 1.39574341e+02 8.35306030e+02
    7.66854248e+01 1.18148499e+02 9.41339355e+02 8.77073853e+02
    5.98897705e+02 2.03540039e+01 4.53616119e+02 3.45189850e+02
    4.35766693e+02 4.32359650e+02 4.17656342e+02 6.42587036e+02
    6.00457153e+01 7.28432739e+02 5.01918304e+02 6.99643921e+02
    6.60939209e+02 4.37648560e+02 5.18218750e+02 4.01773621e+02
    4.61856995e+01 8.10596130e+02 4.63651398e+02 9.02303711e+02
    5.88187500e+02 8.90855835e+02 1.94591400e+02 2.46698441e+02
    4.34126831e+02 3.19870117e+02 5.20843689e+02 2.59838776e+02
    5.52296875e+02 6.89635559e+02 9.54894226e+02 5.06620850e+02
    1.71301849e+02 7.41676086e+02 2.11750977e+02 3.39343079e+02
    5.24554321e+02 7.42190308e+02 5.23889221e+02 7.78581421e+02
    5.67456360e+02 9.21533936e+02 8.99034485e+02 8.61815796e+01
    2.24406128e+01 2.30877472e+02 5.32236450e+02 9.58139648e+02
    7.78842224e+02 3.54471008e+02 5.42422302e+02 8.13499451e+01
    8.10724304e+02 5.76550659e+02 2.00920624e+02 2.15700195e+02
    3.44920013e+02 2.96038025e+02 4.50099213e+02 6.26273987e+02
    5.23628967e+02 3.16725983e+02 4.16723145e+02 1.14614075e+02
    3.33906860e+01 7.44513977e+02 1.97079102e+02 2.78639526e+01
    2.99950287e+02 2.79321320e+02 2.54970093e+01 9.85159973e+02
    1.71460083e+02 2.62462463e+02 9.86066284e+02 6.58719177e+02
    1.79900787e+02 7.16470825e+02 5.20299377e+02 6.67960144e+02
    9.04979248e+02 1.80503693e+02 8.71655273e+01 7.89118164e+02
    1.64485840e+02 8.52227661e+02 7.16092041e+02 2.46358688e+02
    8.66076477e+02 3.27083038e+02 2.97581757e+02 6.10734253e+02
    8.46350342e+02 4.85097382e+02 9.21675598e+02 4.64351196e+02
    9.27279785e+02 1.23091064e+02 3.95973511e+02 3.15950256e+02
    5.37276855e+02 6.88691711e+02 9.91219543e+02 9.57115295e+02
    3.36548126e+02 5.88227661e+02 1.67414490e+02 4.53552307e+02
    9.71103149e+02 7.92492126e+02 3.45435486e+01 4.86271149e+02
    3.99412354e+02 2.95217163e+02 6.99326965e+02 5.15590698e+02
    1.11956055e+02 1.60858032e+02 5.40280884e+02 1.26743866e+02
    2.70384033e+02 9.25269836e+02 6.59913330e+02 6.11893921e+02
    5.07747131e+02 2.16732208e+02 7.97305908e+02 1.06088409e+02
    6.41390503e+02 4.54282013e+02 7.02237793e+02 3.97447205e+01
    1.13283417e+02 4.05773071e+02 9.46742554e+02 3.11254822e+02
    4.37053345e+02 2.05586243e+01 1.13209961e+02 5.18210754e+02
    2.72823669e+02 7.76147095e+02 2.25352692e+02 3.20178528e+01
    2.87531433e+02 1.32007935e+02 2.36268921e+01 5.35315247e+02
    6.01313904e+02 7.91560425e+02 2.37588348e+02 6.97246399e+02
    1.63356934e+01 7.51567078e+01 6.93912476e+02 7.97153931e+01
    6.70009155e+01 8.97937500e+02 6.95783325e+02 1.53160767e+02
    9.23919189e+02 9.11894165e+02 7.65756897e+02 1.12452515e+02
    7.65777222e+02 7.71849243e+02 3.55265656e+02 1.81090942e+02
    8.00244751e+01 1.17892761e+01 1.87838409e+02 4.28304138e+01
    8.43668518e+02 1.70935638e+02 2.58672485e+01 3.61492859e+02
    1.70239502e+02 8.27213135e+01 7.37214417e+02 4.46134674e+02
    7.96805298e+02 4.77778778e+02 2.08661011e+02 2.06365967e+02
    2.50622116e+02 5.76141357e-01 7.60526550e+02 5.53161865e+02
    2.87607422e+01 9.85768311e+02 7.17437805e+02 4.97953491e+02
    4.67552917e+02 4.39456818e+02 1.38533752e+02 2.31622589e+02
    9.25548828e+02 3.87291504e+02 4.72214783e+02 2.90315186e+02
    4.86563293e+02 4.02975677e+02 4.28858948e+01 1.78838043e+02
    9.59346497e+02 2.38985870e+02 7.55085388e+02 3.18635559e+01
    2.39160919e+02 2.22220978e+02 9.14397827e+02 3.98133209e+02
    4.07293915e+02 8.34730835e+02 7.66009644e+02 2.76358704e+02
    2.77942261e+02 1.64394531e+01 3.20830322e+02 2.10167511e+02
    1.45887634e+02 6.50062988e+02 5.29592468e+02 4.33981415e+02
    5.30263916e+02 9.49964844e+02 5.04875977e+02 3.52779694e+02
    3.30416718e+02 7.30414429e+01 5.95759766e+02 4.02990845e+02
    7.40588989e+01 8.90567871e+02 3.62355225e+02 4.48921265e+02
    9.72144348e+02 6.21778687e+02 4.89634216e+02 6.49368286e+00
    5.44448608e+02 8.98380920e+02 8.53860474e+02 7.72791443e+01
    5.29209045e+02 7.03352905e+02 3.28968201e+01 9.95788696e+02</data></test_hist>
<my_lkt type_id="opencv-matrix">
  <rows>256</rows>
  <cols>1</cols>
  <dt>u</dt>
  <data>
    1 1 1 3 3 3 5 7 8 8 9 10 11 12 13 14 14 15 16 18 19 20 21 22 22 24
    25 27 28 30 30 30 31 32 33 34 35 36 38 39 39 41 41 42 43 45 46 47 48
    50 52 52 52 53 54 56 58 58 59 60 61 62 63 63 64 64 65 67 68 68 69 69
    70 71 71 72 72 73 73 75 75 76 78 79 79 81 82 83 85 85 86 87 88 89 91
    91 93 94 94 96 97 98 100 101 103 103 104 105 106 107 109 111 112 113
    113 114 116 118 118 119 120 121 122 124 124 124 125 126 126 129 130
    132 133 133 135 135 137 138 140 140 140 141 143 144 145 145 145 146
    147 149 149 150 150 151 151 152 153 155 156 157 157 158 159 159 160
    162 163 164 166 168 170 170 172 174 174 175 175 175 176 176 178 178
    178 179 179 180 181 182 184 185 186 186 187 187 189 190 190 192 194
    195 196 197 198 198 200 201 203 203 204 205 205 206 208 209 210 210
    211 212 214 215 216 218 219 220 221 221 222 222 222 224 225 226 227
    230 231 232 232 233 234 235 235 237 238 239 241 243 244 244 245 247
    249 250 251 253 253 255</data></my_lkt>
<your_lkt type_id="opencv-matrix">
  <rows>256</rows>
  <cols>1</cols>
  <dt>u</dt>
  <data>
    1 1 1 3 3 4 6 8 9 9 10 11 12 13 14 15 15 17 18 19 21 22 23 24 24 26
    27 29 30 32 32 33 34 34 36 36 37 39 41 42 43 44 45 45 47 48 49 51 52
    54 56 56 56 57 58 60 62 63 64 64 66 67 68 68 69 69 70 72 73 74 75 75
    75 77 77 77 78 78 78 81 81 82 84 85 86 87 88 90 92 92 92 94 94 96 98
    98 100 101 102 103 105 106 108 109 111 111 112 113 114 116 118 120
    121 122 122 123 125 127 127 128 129 130 131 132 133 133 134 134 135
    137 139 140 141 141 143 143 145 146 147 148 148 149 151 151 152 152
    153 154 154 156 157 157 157 158 158 159 160 162 162 164 164 164 166
    166 166 168 169 170 172 174 176 176 177 179 180 180 181 181 181 181
    183 183 183 184 185 185 186 187 189 190 191 191 192 192 193 194 195
    197 198 199 200 201 202 202 204 205 206 207 208 209 209 209 211 212
    213 214 214 215 217 217 218 220 222 222 223 223 224 224 225 226 227
    228 229 231 232 233 234 234 235 236 236 238 239 240 242 244 245 245
    246 248 250 250 251 253 253 255</data></your_lkt>
</opencv_storage>
