<?xml version="1.0"?>
<opencv_storage>
<L2_diff>8.1896275861604352e+01</L2_diff>
<test_hist type_id="opencv-matrix">
  <rows>256</rows>
  <cols>1</cols>
  <dt>f</dt>
  <data>
    7.39950928e+02 9.74459473e+02 4.33317291e+02 5.39466736e+02
    9.03148926e+02 9.65994019e+02 5.05084229e+00 4.75229370e+02
    7.01577087e+02 6.62503601e+02 2.95451630e+02 2.12081238e+02
    9.42307678e+02 7.52532654e+01 7.11220764e+02 8.18293457e+02
    3.88582947e+02 9.69058228e+00 7.39318848e+01 8.01093689e+02
    1.32063568e+02 3.87660004e+02 2.16966003e+02 8.80384521e+02
    2.03818726e+02 7.43366028e+02 7.96197021e+02 9.90951294e+02
    8.40353027e+02 5.47291016e+02 3.43662109e+01 6.24388916e+02
    6.99604187e+02 6.90425537e+02 7.27488403e+02 1.86598358e+02
    1.65456818e+02 9.98454102e+02 8.98173340e+02 5.52909485e+02
    9.22608032e+02 5.40046875e+02 7.07095337e+02 3.90141113e+02
    9.42299255e+02 6.04043274e+01 1.60310333e+02 6.41932495e+02
    9.20924927e+02 2.51213760e+02 6.33037842e+02 1.72254761e+02
    7.50153564e+02 6.36733704e+01 8.39405518e+02 1.97080994e+01
    5.47243286e+02 7.25965942e+02 9.87573242e+02 2.86617126e+01
    7.12709045e+01 7.76334961e+02 4.21526978e+02 9.95203857e+01
    5.17659912e+02 8.97122681e+02 3.37282227e+02 6.09523743e+02
    8.80578735e+02 8.92333984e+00 1.98207458e+02 4.50950562e+02
    4.97096802e+02 5.06091614e+02 4.85135620e+02 5.51437866e+02
    8.82250610e+02 5.72721802e+02 1.06989166e+02 9.60650024e+02
    9.86427002e+02 3.63172485e+02 6.37268860e+02 6.40477417e+02
    4.81601929e+02 6.62261719e+02 1.16817169e+02 4.28617584e+02
    2.47928436e+02 6.02544800e+02 8.93881104e+02 2.48493256e+02
    6.91488953e+02 1.16406769e+02 8.16563232e+02 1.17501587e+02
    5.21909302e+02 5.02921295e+02 1.91070374e+02 8.60083008e+02
    8.21691406e+02 2.31241150e+01 5.06145233e+02 8.36363770e+02
    2.79806763e+02 4.98091888e+02 2.54451141e+02 3.97546997e+02
    4.52026672e+02 1.63106262e+02 7.17958374e+01 2.00251740e+02
    1.33583252e+02 8.32746704e+02 3.48273071e+02 5.16090393e+02
    2.03037720e+02 2.92773712e+02 2.49478256e+02 6.00957336e+02
    1.57771515e+02 5.60391785e+02 4.28773224e+02 9.34378174e+02
    3.75784912e+01 5.06638336e+02 2.85597656e+02 2.39506897e+02
    6.00449036e+02 2.99069916e+02 8.58627136e+02 3.51475952e+02
    6.60619934e+02 4.42632812e+02 4.98127350e+02 7.97866821e+02
    4.00255798e+02 9.08159241e+02 1.11446014e+02 6.04146240e+02
    8.06106812e+02 7.05498779e+02 6.37970215e+02 2.94472443e+02
    7.76168945e+02 7.20353027e+02 7.12826355e+02 9.70190979e+02
    3.97355865e+02 9.86117065e+02 6.87725342e+02 2.83703278e+02
    4.25748352e+02 6.56809326e+02 2.41618561e+02 3.50755127e+02
    9.51794434e+02 9.32640015e+02 7.74952820e+02 2.71370300e+02
    6.10655273e+02 4.98750946e+02 3.46062805e+02 3.85058167e+02
    4.89980560e+02 3.66469940e+02 5.50134949e+02 5.18965759e+02
    2.60705505e+02 8.51822021e+02 1.25473511e+02 4.27744720e+02
    5.10894897e+02 5.97617798e+01 6.21000427e+02 8.40153198e+02
    8.19013428e+02 8.15182739e+02 9.31365112e+02 2.21505737e+02
    3.26046204e+02 8.56689148e+02 6.88532104e+02 9.73933105e+02
    4.19270233e+02 8.97868347e+02 5.71358337e+02 8.24086548e+02
    3.51692627e+02 6.11279602e+02 3.86736328e+02 3.05247040e+02
    8.28661133e+02 7.06213501e+02 7.79835693e+02 4.32679993e+02
    4.14016083e+02 5.40996704e+02 3.17855286e+02 5.89540161e+02
    8.62881104e+02 9.80927246e+02 8.18974304e+01 4.89567749e+02
    5.56173889e+02 4.96637268e+01 7.47725342e+02 6.69887207e+02
    1.57165222e+01 5.33893372e+02 8.28432617e+02 2.78720459e+02
    2.81565399e+02 6.93276184e+02 8.22978882e+02 3.71567932e+02
    2.84878357e+02 9.53233032e+02 6.68545288e+02 4.26148804e+02
    7.17379822e+02 8.87573914e+02 6.65609558e+02 9.54616211e+02
    1.39620605e+02 8.63630310e+02 7.90314514e+02 4.14348358e+02
    8.89807617e+02 8.21435791e+02 7.14862122e+02 2.52751678e+02
    5.00613434e+02 6.08547302e+02 9.87723389e+02 8.75974487e+02
    2.65216370e+01 5.27716125e+02 6.20667603e+02 7.88936646e+02
    1.45329956e+02 4.95439453e+02 7.31999512e+02 3.36096344e+02
    9.82534424e+02 6.85205811e+02 3.76360291e+02 3.28697144e+02
    6.34739868e+02 6.37483337e+02 7.27927063e+02 4.43237823e+02
    6.36010742e+02 1.21746185e+02 6.12649414e+02 4.09773926e+02</data></test_hist>
<my_lkt type_id="opencv-matrix">
  <rows>256</rows>
  <cols>1</cols>
  <dt>u</dt>
  <data>
    1 3 4 5 7 9 9 10 11 13 13 14 16 16 17 19 20 20 20 21 22 22 23 25 25
    26 28 30 32 33 33 34 35 37 38 39 39 41 43 44 46 47 48 49 51 51 51 52
    54 55 56 56 58 58 60 60 61 62 64 64 64 66 67 67 68 70 70 72 73 73 74
    75 76 77 78 79 81 82 82 84 86 86 88 89 90 91 92 92 93 94 96 96 98 98
    100 100 101 102 102 104 106 106 107 108 109 110 110 111 112 112 112
    113 113 115 115 117 117 117 118 119 119 121 121 123 123 124 125 125
    127 127 129 130 131 132 133 134 135 137 137 138 140 141 142 143 144
    145 146 148 149 151 152 152 153 154 155 155 157 158 160 160 161 162
    163 164 164 165 166 167 167 169 169 170 171 171 172 173 175 176 178
    178 179 180 182 183 184 186 187 188 189 190 190 191 192 194 195 196
    196 197 198 199 201 202 202 203 204 204 206 207 207 208 209 210 210
    211 213 213 214 216 217 218 219 220 222 223 223 225 226 227 229 230
    231 232 233 234 235 237 237 238 239 240 241 242 243 243 245 246 247
    248 249 250 251 252 253 253 254 255</data></my_lkt>
<your_lkt type_id="opencv-matrix">
  <rows>256</rows>
  <cols>1</cols>
  <dt>u</dt>
  <data>
    1 3 4 5 6 8 8 9 10 11 12 12 14 14 16 17 18 18 18 20 20 21 21 23 23
    24 26 28 29 30 30 32 33 34 36 36 36 38 40 41 42 43 45 46 47 47 48 49
    51 51 52 53 54 54 56 56 57 58 60 60 60 62 62 63 64 65 66 67 69 69 69
    70 71 72 73 74 75 76 77 78 80 81 82 83 84 85 86 87 87 88 90 90 92 92
    93 93 94 95 96 97 99 99 100 101 102 103 103 104 105 105 105 106 106
    108 108 109 110 110 111 112 112 113 114 116 116 117 117 118 119 119
    121 122 123 124 125 126 127 129 129 130 131 133 134 134 136 137 139
    140 141 143 144 145 146 147 147 148 150 151 153 153 155 155 156 157
    158 158 159 160 161 163 163 164 165 165 166 167 169 170 172 173 173
    175 176 178 179 180 181 183 184 185 186 186 188 189 190 191 192 193
    194 195 196 198 198 199 200 200 202 203 203 204 206 206 207 208 209
    210 211 212 214 215 216 218 219 221 221 222 224 225 226 228 229 230
    231 232 234 235 235 236 237 239 239 240 242 242 244 245 246 247 248
    249 250 251 252 253 254 255</data></your_lkt>
</opencv_storage>
