<?xml version="1.0"?>
<opencv_storage>
<L2_diff>5.7579076060666341e+02</L2_diff>
<r>5</r>
<test_img type_id="opencv-matrix">
  <rows>50</rows>
  <cols>100</cols>
  <dt>u</dt>
  <data>
    182 21 145 27 5 253 3 25 153 49 247 187 191 41 191 116 15 129 227
    128 61 240 178 191 66 72 228 99 130 40 255 160 231 188 125 63 88 194
    238 251 241 38 181 125 232 101 191 248 0 81 225 9 15 44 87 101 84 62
    183 20 159 117 52 197 179 186 192 11 36 42 3 23 64 47 173 105 1 92
    26 209 80 235 84 95 163 112 198 195 27 78 222 95 191 52 97 213 236 4
    42 77 202 117 138 232 218 135 127 152 169 82 170 198 151 227 22 68
    192 121 183 141 244 9 135 181 116 148 152 172 162 108 242 87 119 112
    183 130 146 9 58 86 94 232 167 25 150 0 43 130 54 11 179 68 158 53
    216 124 172 167 174 1 43 110 14 248 190 139 97 11 170 85 39 143 109
    103 137 157 78 190 1 225 0 183 159 116 214 140 51 53 17 220 59 109
    94 72 55 62 218 54 52 24 76 104 59 15 82 10 212 243 192 111 57 143 2
    103 39 59 226 230 192 96 51 60 205 91 144 231 171 138 247 72 185 186
    237 60 182 181 199 194 18 222 241 25 61 85 163 95 19 167 131 17 131
    200 43 123 37 94 121 15 30 230 177 4 59 255 83 187 211 73 14 201 163
    60 176 169 47 7 106 95 153 51 9 172 241 133 125 142 56 241 213 48
    246 245 152 203 213 22 253 33 1 219 144 239 151 137 142 94 99 106 63
    221 209 239 172 156 109 104 122 82 193 142 235 113 188 55 226 244
    173 72 32 82 41 134 104 25 186 180 177 117 201 137 62 20 50 104 82
    12 168 0 115 129 140 224 9 125 124 95 52 20 46 54 189 35 1 165 65
    138 234 250 70 127 161 30 118 97 18 188 128 121 38 222 178 158 93 43
    18 80 65 59 66 133 255 224 36 172 55 143 109 228 201 54 33 120 237
    144 117 154 251 59 116 54 228 139 73 148 175 184 226 189 210 218 35
    163 95 105 214 62 162 251 179 243 123 191 36 57 38 191 19 165 34 233
    116 39 58 66 43 176 38 11 214 62 113 168 219 115 51 49 118 161 12 32
    139 247 174 94 90 152 217 14 3 179 97 196 0 160 46 120 111 133 33
    216 78 16 197 58 45 202 200 229 201 193 23 50 5 182 40 108 39 118
    201 203 183 234 10 35 7 144 216 103 230 149 220 41 251 78 227 8 128
    53 201 0 228 254 170 10 142 62 31 38 174 166 179 145 213 129 67 228
    94 142 141 222 94 212 17 102 135 226 196 12 226 153 126 141 171 77
    116 87 166 215 222 178 46 241 193 96 191 96 158 95 68 123 110 48 89
    55 113 48 209 153 177 178 98 129 212 42 173 63 188 78 247 219 21 77
    31 249 13 45 129 251 67 203 62 103 90 67 111 50 211 212 168 38 98 47
    187 197 129 224 61 219 128 243 185 117 137 61 136 67 141 172 254 161
    198 248 220 32 61 29 167 98 122 239 182 228 97 218 113 44 73 228 142
    87 159 114 237 190 102 18 163 218 82 119 187 170 190 123 169 203 51
    49 203 168 94 66 2 117 164 148 145 122 134 99 254 251 121 22 66 253
    59 129 105 39 82 152 52 66 156 160 91 255 53 242 71 79 0 243 36 214
    4 210 75 193 128 145 210 61 229 126 111 98 163 207 187 68 209 135 51
    177 31 23 159 0 5 176 158 240 252 20 26 238 128 148 123 150 221 133
    165 29 32 172 139 198 34 202 164 61 66 131 129 145 204 141 214 61 74
    236 132 117 251 1 191 16 227 2 245 155 69 21 202 133 31 124 85 11 79
    187 180 149 192 124 237 104 89 70 241 52 94 54 72 77 174 81 81 150
    34 146 134 70 159 218 230 67 46 219 20 7 171 205 189 25 226 30 230
    179 188 217 130 167 125 174 7 137 210 100 250 253 36 133 84 133 244
    147 239 126 229 7 234 229 87 99 164 192 150 43 51 178 20 169 147 132
    138 8 225 240 208 146 157 185 247 208 179 186 118 74 157 61 135 247
    6 148 244 129 247 103 78 214 131 177 18 13 10 157 110 36 4 89 48 149
    154 51 160 113 221 88 200 215 1 68 195 76 233 142 107 8 188 219 62
    26 132 145 220 144 165 31 211 189 188 150 144 61 101 30 72 66 95 143
    32 9 140 157 94 131 231 24 237 38 193 125 33 158 18 224 46 49 242 79
    65 58 22 76 183 212 234 44 125 115 64 124 30 119 127 118 251 116 234
    196 105 117 19 193 78 20 245 108 70 157 217 82 223 156 52 82 173 177
    240 129 122 42 103 201 100 47 124 229 92 85 23 74 217 9 25 235 147
    64 9 202 101 214 124 168 241 107 143 58 4 18 10 108 173 176 33 165
    124 79 251 245 44 149 51 27 187 52 16 71 9 21 108 71 234 152 123 192
    191 218 206 231 122 205 84 164 67 254 149 216 30 175 7 145 49 96 110
    157 143 15 53 134 215 208 241 183 115 239 66 226 122 161 227 192 189
    90 197 88 117 233 91 241 98 136 191 26 252 6 100 135 115 229 143 234
    64 220 241 49 240 212 212 146 150 204 39 34 83 137 248 240 113 121
    92 219 213 224 14 153 151 13 170 60 149 60 123 86 78 191 188 132 133
    111 105 37 83 129 177 6 179 141 166 71 140 95 216 130 114 246 85 50
    226 184 153 202 51 92 238 252 78 104 251 235 224 198 159 161 246 95
    28 240 30 175 124 228 2 98 208 53 206 246 25 156 24 128 86 164 207
    22 50 60 11 110 20 125 36 251 110 192 109 126 155 150 79 64 101 115
    24 253 79 151 204 211 206 208 96 30 235 117 156 96 10 204 0 18 129
    84 21 71 221 106 183 219 62 231 206 44 22 25 212 144 33 5 218 85 209
    74 16 114 0 54 65 246 157 34 10 143 195 54 55 13 252 200 7 203 152
    16 220 147 26 62 77 251 115 71 208 183 226 80 194 170 106 215 187 90
    97 238 80 136 205 66 52 153 151 10 131 190 190 94 240 149 162 75 135
    233 69 150 204 143 155 113 138 113 156 45 238 161 37 87 111 54 228
    138 46 22 202 239 108 32 122 16 53 45 106 98 233 166 166 111 25 218
    212 249 224 70 20 99 17 116 151 25 166 72 16 250 24 23 102 218 16
    224 80 228 157 234 135 169 109 194 19 225 147 100 46 132 8 166 36 29
    77 64 201 107 37 2 240 144 246 10 213 65 211 244 165 132 194 216 236
    67 233 26 115 7 167 107 28 103 205 35 16 82 46 189 233 61 51 34 48
    61 188 210 177 15 254 182 10 153 231 134 233 70 36 224 139 163 255
    118 196 200 202 66 10 193 48 195 160 100 201 236 196 93 111 162 78
    48 118 66 34 40 2 94 236 170 107 146 255 78 139 102 175 65 187 231
    81 150 56 141 135 250 252 188 116 199 238 46 154 132 69 89 40 172
    103 94 170 164 9 60 116 251 111 164 166 227 97 54 65 73 43 112 52 75
    192 82 11 193 41 231 158 145 60 167 227 121 185 186 138 161 106 142
    90 151 170 242 88 71 114 108 236 41 7 40 106 118 187 175 0 120 4 87
    213 205 253 82 86 73 80 184 83 139 35 236 89 244 108 92 141 221 163
    253 202 157 103 190 248 211 188 252 181 181 4 8 170 153 20 39 239 74
    215 6 99 252 25 165 22 103 157 138 160 150 135 151 122 144 86 242
    172 177 55 66 189 81 54 100 212 161 116 97 154 189 124 125 49 20 153
    91 214 166 136 176 7 64 88 117 210 76 30 235 88 194 92 176 70 49 111
    186 16 134 165 227 217 77 9 26 40 173 159 218 87 177 74 192 4 100
    233 37 187 108 63 244 76 12 79 32 103 202 101 104 228 80 237 39 108
    202 229 130 110 117 141 145 149 37 241 88 180 42 196 223 49 233 184
    210 32 128 115 113 47 176 70 109 70 10 122 236 21 2 239 47 75 251
    159 13 80 58 94 20 53 146 33 35 161 136 165 193 199 209 253 77 201
    117 203 87 182 135 151 28 64 134 83 194 82 222 167 9 254 108 39 46
    88 127 143 248 148 160 67 247 158 16 50 165 9 125 10 231 174 196 43
    50 228 86 162 185 159 99 180 122 39 156 182 205 229 80 27 84 190 142
    48 97 13 87 106 21 87 136 67 88 47 74 138 122 174 89 63 99 26 26 206
    120 225 4 201 104 136 198 65 117 12 8 109 5 89 181 7 109 52 120 152
    27 202 68 247 104 137 87 187 113 115 238 171 140 101 111 132 128 173
    204 132 6 252 3 138 15 84 223 68 28 30 194 203 33 104 231 210 14 85
    4 24 247 33 6 232 103 253 114 42 51 31 213 37 51 217 26 36 77 9 72
    203 254 22 95 209 77 62 61 113 175 43 119 211 18 192 108 14 41 69 4
    32 4 123 253 177 151 106 129 63 79 48 9 183 195 136 16 93 125 249 3
    73 114 37 165 59 95 122 202 31 180 69 115 234 180 90 149 98 160 223
    142 49 4 181 8 152 32 76 98 234 145 109 149 122 71 157 45 229 29 182
    242 138 98 67 72 17 189 15 189 170 33 253 189 208 29 20 0 137 221
    188 86 55 36 215 169 203 31 14 91 170 55 128 36 37 37 171 189 11 2
    141 183 232 23 238 147 193 179 161 46 134 240 198 30 53 105 251 80
    241 242 100 189 136 75 187 255 198 59 167 121 239 170 92 234 118 59
    130 12 173 193 98 175 64 186 117 88 71 31 115 123 102 161 216 39 96
    215 176 84 213 67 118 217 63 78 101 150 104 213 152 41 251 238 238
    144 63 194 219 47 216 77 192 60 54 80 46 84 89 90 7 123 37 168 194
    107 96 118 9 45 60 1 69 245 197 145 156 221 194 116 207 217 15 34
    230 62 4 9 17 49 31 106 33 214 30 201 141 158 10 217 87 100 117 245
    147 151 68 200 204 68 127 252 42 157 251 100 75 49 203 145 44 175 97
    113 225 204 195 125 100 184 50 115 57 178 218 215 231 169 51 133 1
    71 227 151 225 48 192 197 68 180 17 159 207 124 230 11 158 118 118
    114 104 247 235 148 104 252 123 35 108 139 117 195 250 27 127 41 96
    10 217 150 48 241 90 137 178 151 234 245 31 223 211 157 9 219 168
    248 179 93 144 59 240 7 14 144 184 185 112 187 15 172 50 106 194 34
    249 83 209 195 229 132 162 157 144 5 252 75 89 96 75 229 72 36 202
    82 104 14 255 243 252 26 105 198 246 1 42 22 97 40 87 168 154 69 98
    69 181 99 229 170 134 69 88 135 100 18 8 254 87 106 72 245 122 132
    179 255 127 61 31 33 103 188 54 130 26 168 118 134 96 227 79 48 210
    63 17 63 211 14 226 117 182 128 165 81 181 151 87 160 19 120 206 31
    76 152 169 166 104 59 17 82 208 25 219 222 170 117 79 153 200 197
    140 52 171 1 223 126 65 148 101 118 30 97 83 215 152 29 2 17 216 6
    189 212 53 15 174 104 133 226 4 75 67 210 7 206 72 110 218 1 35 190
    176 54 173 6 216 48 155 236 160 228 148 141 75 187 11 69 212 157 163
    132 82 156 141 238 173 41 201 125 85 200 224 117 221 183 37 167 160
    151 69 231 80 185 208 228 156 219 197 162 129 195 238 232 115 128
    133 33 195 119 17 214 224 183 125 159 226 187 186 232 153 4 59 21
    251 222 106 226 255 52 195 72 222 70 111 67 52 190 241 113 40 9 48
    96 101 58 193 196 217 176 66 253 183 187 49 43 221 106 41 91 111 131
    55 34 82 193 182 6 110 131 66 20 38 97 1 114 3 241 158 200 172 35
    180 243 237 142 180 88 110 22 249 250 130 75 126 140 51 171 127 204
    147 139 251 109 32 157 72 26 235 109 32 49 111 6 24 68 206 193 97 64
    137 94 126 213 16 81 164 111 230 162 187 41 37 34 48 132 147 191 168
    46 206 176 9 34 55 153 177 83 251 17 187 16 81 138 48 229 23 24 139
    75 129 155 168 209 213 105 185 234 145 193 229 13 161 95 33 99 186 3
    98 85 120 243 43 184 115 2 51 174 107 191 213 60 128 103 161 117 147
    172 210 182 60 19 54 239 25 80 154 206 118 105 31 149 28 102 101 5
    175 43 242 61 204 242 166 95 217 80 176 232 198 125 79 192 119 231
    28 230 116 175 105 35 231 176 171 173 180 100 78 161 216 222 182 110
    177 30 230 190 161 55 199 227 129 161 8 82 20 150 107 30 26 69 182
    105 166 130 189 236 45 12 74 230 140 21 63 30 149 188 144 96 236 150
    148 156 226 72 227 181 45 246 132 119 170 60 217 243 21 131 174 154
    99 17 36 14 165 82 126 69 163 122 54 205 102 104 14 111 150 28 9 49
    130 148 4 53 252 10 39 131 89 114 51 64 119 46 80 66 236 145 164 142
    158 15 62 0 56 117 171 116 175 106 11 246 184 212 231 64 137 114 49
    184 150 28 225 119 62 162 96 200 228 18 6 164 97 35 246 9 11 100 57
    223 33 19 76 58 176 96 244 55 175 248 199 52 74 252 78 86 111 67 11
    228 145 114 135 183 252 236 106 19 43 94 207 63 22 179 237 150 205
    48 213 113 98 211 1 17 156 222 81 194 230 0 43 57 246 103 16 162 46
    2 210 201 62 229 133 207 75 89 217 32 63 150 183 192 41 236 161 167
    227 165 159 187 89 162 206 110 14 224 178 30 139 199 135 126 97 111
    114 84 118 186 28 105 87 175 40 188 196 89 188 233 82 78 196 165 241
    27 203 252 186 129 203 100 30 90 7 181 236 57 67 137 93 121 166 236
    100 209 109 26 0 184 91 205 25 30 94 223 62 139 155 134 40 230 200
    149 207 120 58 113 112 122 49 221 154 198 164 213 96 3 162 247 89
    200 110 247 107 130 215 247 65 15 32 182 205 223 123 44 35 44 114 0
    223 70 71 27 189 184 128 26 34 28 111 121 57 130 73 172 205 213 3
    226 231 127 89 44 135 1 250 116 93 243 149 147 228 160 74 46 170 67
    92 178 199 36 127 41 8 240 30 76 73 234 61 234 113 51 205 193 60 176
    221 240 167 220 130 94 254 153 28 75 115 106 211 79 197 239 143 195
    186 31 60 116 159 7 8 135 182 207 26 186 181 181 26 148 227 37 83
    225 196 207 97 191 254 64 231 40 79 232 66 207 200 199 142 211 130
    72 10 46 154 206 149 91 154 252 74 183 117 57 83 219 164 132 1 238
    102 136 101 59 239 44 157 221 112 63 238 64 82 237 77 159 105 220
    246 113 208 38 51 123 125 81 181 19 188 148 211 128 136 11 41 168 78
    233 116 132 96 173 13 0 200 243 166 117 40 33 17 231 83 161 108 1
    249 52 32 12 76 243 102 48 231 24 146 63 199 5 31 19 114 116 16 48
    21 108 69 104 69 47 73 11 211 153 59 157 105 76 175 126 157 66 181
    219 78 129 83 165 47 54 132 247 156 31 1 74 225 237 173 42 82 183
    235 183 246 238 170 13 93 91 250 115 123 130 64 250 202 233 182 109
    252 180 240 48 202 226 204 19 100 71 224 176 176 216 45 41 168 151
    107 213 177 128 32 44 224 140 141 61 126 138 236 250 10 129 126 167
    215 47 161 219 86 9 33 154 87 39 11 61 52 89 133 62 129 131 178 145
    117 175 51 75 67 28 243 255 103 180 214 40 64 196 178 197 231 133 58
    78 158 177 160 43 143 26 181 234 19 208 215 111 215 8 44 84 90 64
    129 50 123 209 180 76 126 119 81 210 7 142 200 122 114 64 110 226
    230 74 89 62 38 190 160 17 36 16 160 177 253 162 114 192 160 63 4
    186 207 16 196 75 188 225 123 39 49 56 223 105 91 238 203 231 225
    245 51 34 143 145 67 201 205 202 73 121 130 125 237 137 160 177 107
    131 164 8 6 4 212 160 96 253 177 27 11 60 133 224 103 226 252 212
    214 86 128 118 82 222 203 191 193 16 8 238 72 71 71 60 30 97 228 28
    23 95 80 163 92 1 151 64 172 237 110 255 47 20 53 60 51 172 36 88
    231 198 245 162 247 115 215 121 221 126 18 132 34 79 82 22 224 219
    65 157 77 122 95 206 14 75 120 69 93 240 74 12 211 22 34 248 74 33 1
    242 98 97 191 181 251 183 237 237 142 167 114 88 84 169 241 125 9 18
    93 193 149 122 244 45 1 115 33 149 188 24 151 52 174 255 88 67 74
    172 43 187 137 61 218 138 106 9 138 100 46 41 196 214 200 3 103 83
    17 179 247 150 242 3 252 137 73 20 82 212 19 84 210 68 188 183 75
    237 45 173 3 39 48 70 76 14 164 134 196 249 179 28 248 209 106 146
    11 145 60 15 197 167 37 236 1 47 155 249 48 44 123 49 43 109 194 226
    241 119 96 193 190 97 90 180 43 161 155 216 98 35 225 165 15 174 164
    2 114 198 74 200 159 6 72 6 88 199 186 132 2 38 34 191 129 16 60 119
    53 240 209 163 248 150 194 126 110 190 223 57 122 223 95 177 178 253
    79 104 169 138 10 141 105 23 199 210 150 167 112 61 20 157 132 81
    160 55 109 187 151 179 51 142 44 159 97 188 111 135 23 114 112 110
    73 33 130 171 198 206 3 90 91 45 39 86 161 240 192 44 51 242 193 223
    229 44 48 236 222 153 148 152 101 3 250 63 155 237 228 112 159 67 3
    208 103 219 225 124 207 17 187 200 135 119 60 146 56 205 117 13 112
    117 141 99 97 90 142 11 226 186 235 22 227 118 77 7 202 119 23 126
    243 165 8 50 24 105 150 5 48 39 241 175 220 47 206 75 248 32 81 68
    31 181 117 177 139 146 132 80 131 114 36 206 219 127 6 138 53 9 126
    78 238 83 95 240 153 217 221 196 188 136 143 41 231 180 167 166 227
    188 168 210 220 228 27 129 154 164 3 19 138 249 228 85 26 90 216 18
    86 169 252 22 46 33 203 169 233 138 96 0 236 90 123 229 177 111 108
    171 33 34 133 116 127 150 192 13 222 208 247 133 46 252 107 149 243
    225 248 185 44 104 204 22 206 60 112 231 22 180 179 14 236 147 129
    147 151 197 153 244 38 42 158 124 95 223 5 37 174 138 213 48 245 143
    177 81 92 84 65 208 90 29 9 152 226 205 205 169 83 234 180 102 8 171
    197 176 146 119 109 147 108 100 221 159 7 61 6 194 227 37 151 101
    150 89 145 98 16 22 192 205 80 67 142 159 94 152 203 23 159 160 187
    211 32 227 165 122 240 111 130 163 173 65 97 87 142 80 84 102 233
    233 31 82 122 66 70 56 254 6 29 58 98 127 234 125 58 98 228 27 23
    157 72 63 13 47 75 153 10 225 178 121 199 114 32 148 226 220 163 210
    79 35 20 116 226 211 36 87 230 236 142 42 6 116 77 96 94 217 163 61
    99 184 250 176 156 122 60 99 227 210 201 59 236 46 136 144 80 107
    133 181 2 216 141 36 25 104 151 16 73 50 197 44 96 250 51 42 80 6
    229 136 203 252 255 32 94 36 119 171 84 238 217 232 42 171 159 12 61
    180 144 238 96 111 155 198 66 186 27 46 144 141 242 12 186 126 94
    209 26 15 7 37 9 7 139 223 11 195 69 22 241 231 161 89 38 91 237 190
    178 75 202 212 135 1 32 85 182 237 104 170 102 192 92 94 4 206 96 92
    224 207 240 249 227 101 128 101 52 240 166 139 154 2 163 226 210 244
    177 63 133 206 20 218 205 170 44 121 144 26 185 117 246 255 113 173
    112 153 34 156 126 176 113 101 124 204 27 4 12 50 13 190 254 138 206
    123 45 127 159 178 34 29 139 4 227 6 72 194 21 242 190 15 97 117 164
    28 100 249 244 161 43 211 101 107 56 76 70 207 93 222 37 178 245 18
    91 52 58 72 239 242 76 113 82 47 207 197 80 40 113 92 123 51 132 138
    120 22 252 181 174 166 99 230 1 18 165 206 42 172 17 46 167 11 254
    120 123 144 51 203 107 70 124 12 115 101 119 77 32 235 77 158 225
    103 247 120 252 191 183 136 41 148 189 58 179 128 94 78 231 114 121
    232 70 198 5 103 223 7 144 190 17 166 115 128 117 198 182 204 154
    214 61 89 115 176 209 44 34 94 68 2 53 15 231 204 246 225 37 116 121
    136 25 226 226 148 46 243 202 238 67 242 170 200 134 27 106 96 161
    47 91 37 94 201 24 199 180 205 50 31 59 244 229 157 39 76 52 121 204
    235 52 20 129 198 253 93 79 233 4 181 51 200 0 70 64 31 138 101 184
    15 29 86 188 183 245 26 10 91 108 190 72 35 11 137 87 87 116 208 86
    199 159 109 63 93 162 58 77 239 53 121 251 238 116 76 203 169 75 162
    204 88 183 84 221 215 21 78 141 125 222 8 54 237 169 44 236 225 66
    46 29 196 94 16 90 31 138 209 39 227 138 144 243 164 15 213 165 192
    93 235 132 62 96 130 233 150 168 118 202 132 182 46 123 1 66 57 111
    1 184 117 42 26 149 219 218 170 110 207 129 202 249 246 9 94 247 213
    140 74 189 208 56 171 41 35 191 103 10 170 48 253 160 92 185 162 231
    83 245 202 83 120 172 216 106 182 129 242 249 216 206 8 47 121 109
    222 87 121 63 105 201 130 129 164 189 99 41 208 152 46 57 102 71 61
    132 156 136 142 118 128 197 5 255 72 166 17 63 57 19 3 237 14 130
    189 162 158 40 250 27 195 145 44 130 90 95 58 52 13 240 136 194 115
    226 6 108 0 37 201 192 220 220 235 212 133 76 182 188 146 162 234 89
    180 35 246 104 13 146 233 201 70 43 150 37 209 6 160 196 149 223 196
    218 223 16 126 202 100 201 120 172 157 205 145 166 174 118 24 61 79
    106 50 63 183 135 196 227 253 142 122 209 214 53 55 185 21 117 198
    240 55 10 206 2 144 138 4 127 80 101 235 83 157 190 59 57 173 250 15
    169 66 190 163 72 194 75 40 143 74 152 13 8 149 12 117 71 208 70 234
    134 195 73 4 17 17 167 130 228 194 119 101 25 251 217 155 129 158 42
    200 58 214 214 221 190 165 157 105 166 0 34 200 180 23 217 86 116 7
    4 80 133 246 205 56 93 199 179 174 28 88 23 184 14 176 73 176 222
    124 236 247 143 195 27 153 170 108 81 80 40 203 130 162 241 43 103
    250 71 220 235 147 155 2 177 237 184 40 130 24 59 20 155 118 68 196
    42 213 77 144 81 125 34 160 166 89 173 114 83 194 147 255 29 4 141
    201 159 204 18 123 224 254 112 58 56 68 115 43 132 65 86 136 107 7
    83 216 158 252 166 142 123 247 222 50 208 82 4 208 108 68 182 222
    251 33 224 111</data></test_img>
<my_img type_id="opencv-matrix">
  <rows>50</rows>
  <cols>100</cols>
  <dt>u</dt>
  <data>
    182 21 145 27 5 253 3 25 153 49 247 187 191 41 191 116 15 129 227
    128 61 240 178 191 66 72 228 99 130 40 255 160 231 188 125 63 88 194
    238 251 241 38 181 125 232 101 191 248 0 81 225 9 15 44 87 101 84 62
    183 20 159 117 52 197 179 186 192 11 36 42 3 23 64 47 173 105 1 92
    26 209 80 235 84 95 163 112 198 195 27 78 222 95 191 52 97 213 236 4
    42 77 202 117 138 232 218 135 127 152 169 82 170 198 151 227 22 68
    192 121 183 141 244 9 135 181 116 148 152 172 162 108 242 87 119 112
    183 130 146 9 58 86 94 232 167 25 150 0 43 130 54 11 179 68 158 53
    216 124 172 167 174 1 43 110 14 248 190 139 97 11 170 85 39 143 109
    103 137 157 78 190 1 225 0 183 159 116 214 140 51 53 17 220 59 109
    94 72 55 62 218 54 52 24 76 104 59 15 82 10 212 243 192 111 57 143 2
    103 39 59 226 230 192 96 51 60 205 91 144 231 171 138 247 72 185 186
    237 60 182 181 199 194 18 222 241 25 61 85 163 95 19 167 131 17 131
    200 43 123 37 94 121 15 30 230 177 4 59 255 83 187 211 73 14 201 163
    60 176 169 47 7 106 95 153 51 9 172 241 133 125 142 56 241 213 48
    246 245 152 203 213 22 253 33 1 219 144 239 151 137 142 94 99 106 63
    221 209 239 172 156 109 104 122 82 193 142 235 113 188 55 226 244
    173 72 32 82 41 134 104 25 186 180 177 117 201 137 62 20 50 104 82
    12 168 0 115 129 140 224 9 125 124 95 52 20 46 54 189 35 1 165 65
    138 234 250 70 127 161 30 118 97 18 188 128 121 38 222 178 158 93 43
    18 80 65 59 66 133 255 224 36 172 55 143 109 228 201 54 33 120 237
    144 117 154 251 59 116 54 228 139 73 148 175 184 226 189 210 218 35
    163 95 105 214 62 162 251 179 243 123 191 36 57 38 191 19 165 34 233
    116 39 58 66 43 176 38 11 214 62 113 168 219 115 51 49 118 161 12 32
    139 247 174 94 90 152 217 14 3 179 97 196 0 160 46 120 111 133 33
    216 78 16 197 58 45 202 200 229 201 193 23 50 5 182 40 108 39 118
    201 203 183 234 10 35 7 152 209 105 234 145 221 38 255 67 236 11 110
    40 192 2 234 255 152 13 131 61 27 32 177 160 185 137 217 118 63 211
    89 139 150 217 97 207 21 110 145 225 207 23 236 162 143 158 196 80
    118 95 171 223 232 192 42 242 198 97 198 89 162 97 70 137 116 61 91
    65 114 57 221 164 190 188 89 129 213 38 162 57 181 82 249 217 17 91
    27 244 13 45 129 251 67 203 62 103 90 67 111 38 190 200 158 32 84 36
    166 181 112 217 55 215 110 249 166 86 110 51 110 61 129 169 255 152
    209 242 221 38 61 25 169 101 124 249 196 228 107 215 120 63 89 240
    156 93 175 105 253 207 97 13 160 225 82 114 194 162 190 116 154 207
    51 42 217 181 82 65 8 112 181 160 152 122 139 86 255 251 110 27 70
    251 59 137 114 36 103 166 59 82 171 160 91 255 53 242 71 79 0 243 36
    202 6 192 78 181 118 131 196 51 238 105 93 74 150 198 162 55 200 103
    44 175 32 23 150 4 6 185 158 234 253 21 32 234 133 164 129 169 217
    148 173 40 40 183 143 211 40 217 181 61 70 135 133 156 204 150 219
    61 78 232 122 103 251 6 198 27 228 8 242 158 65 30 204 135 34 124 78
    8 78 175 173 145 181 129 230 110 99 76 236 57 110 54 72 77 174 81 81
    150 34 146 134 70 173 213 232 59 30 213 13 2 160 190 181 17 230 21
    236 171 181 213 105 164 118 179 6 129 213 110 244 253 46 139 91 145
    249 173 253 141 230 4 249 240 93 95 162 196 152 42 51 190 23 179 154
    139 145 8 234 238 209 145 154 183 244 215 185 192 124 78 164 55 137
    247 8 148 240 126 247 95 76 207 139 173 17 13 11 162 133 38 4 101 51
    149 154 51 160 113 221 88 200 215 1 70 183 82 232 126 91 11 171 213
    55 25 116 129 225 135 156 27 213 188 196 137 139 63 95 25 97 91 105
    150 42 6 145 169 107 143 236 21 242 44 190 124 34 148 15 228 46 51
    253 76 57 51 23 74 181 215 236 36 126 112 63 131 36 135 141 135 251
    118 232 194 86 114 25 181 65 17 238 95 57 152 213 91 219 150 48 91
    173 181 236 143 143 42 103 201 100 47 124 229 92 85 23 76 211 17 30
    240 131 59 13 190 93 211 116 166 247 97 145 55 4 19 13 97 181 181 38
    164 118 93 247 240 44 154 48 34 194 57 13 61 4 19 99 67 247 145 118
    190 185 230 217 247 120 204 80 152 53 255 143 221 30 169 6 148 51
    112 118 175 154 19 44 122 202 196 228 173 91 228 42 219 103 148 221
    190 188 93 194 89 126 228 103 236 120 136 191 26 252 6 100 135 115
    229 143 234 57 225 247 44 247 209 209 139 160 202 34 27 82 141 253
    247 105 114 86 236 234 234 17 148 150 17 185 70 158 63 118 84 82 204
    202 139 143 107 95 42 80 129 173 4 179 135 171 76 139 91 219 129 107
    251 84 51 230 181 148 202 61 105 234 255 76 101 249 225 209 183 152
    158 240 74 23 228 27 162 126 225 2 93 207 48 211 249 19 162 21 128
    86 164 207 22 50 60 11 110 20 120 36 255 91 188 89 112 156 154 72 55
    99 124 15 255 80 158 204 217 211 215 101 34 236 120 164 114 15 217 4
    23 133 89 32 78 225 103 190 213 55 232 211 48 17 19 221 139 32 6 236
    89 209 76 19 114 4 59 63 242 160 38 15 154 198 57 57 17 253 190 11
    190 137 19 204 139 25 48 63 251 114 59 207 173 217 63 196 171 110
    215 198 90 97 238 80 136 205 66 52 153 151 8 124 190 190 84 247 148
    169 76 141 242 70 173 217 160 166 122 141 122 166 44 249 166 42 93
    118 67 236 156 53 36 219 242 118 44 133 21 55 48 103 93 236 162 162
    110 19 230 228 255 236 63 23 95 21 120 154 34 177 70 19 244 30 30
    110 213 21 213 70 213 148 215 120 160 101 183 21 217 137 93 51 133
    13 152 38 32 74 72 204 105 38 2 240 144 246 10 213 65 211 244 165
    133 192 217 240 63 234 23 122 2 190 105 23 112 225 34 17 101 55 196
    236 76 63 44 57 80 207 223 207 25 255 204 17 183 242 156 247 72 44
    228 156 164 255 126 190 196 207 65 11 196 42 194 162 99 204 242 202
    103 118 173 78 57 141 80 44 51 2 99 232 169 95 137 255 70 120 86 166
    59 177 232 86 141 53 131 120 249 253 185 114 192 232 46 154 132 69
    89 40 172 103 94 170 162 8 61 114 253 110 173 177 232 101 48 67 84
    42 137 65 101 207 107 21 207 55 234 160 141 74 177 232 122 204 204
    164 185 122 169 105 169 190 247 89 65 122 105 238 34 8 36 95 116 183
    169 4 122 6 82 219 215 251 84 91 82 101 207 97 154 42 234 89 238 103
    82 126 207 154 253 190 145 105 179 247 207 173 253 162 162 8 13 164
    139 21 39 239 74 215 6 99 252 25 165 22 114 162 141 166 160 145 166
    137 162 89 251 211 219 63 78 209 107 74 124 215 171 124 97 150 188
    124 126 61 34 171 101 232 190 164 194 11 72 97 131 219 74 27 236 84
    190 86 173 61 46 103 185 17 143 166 232 223 74 13 32 40 192 177 219
    103 190 78 194 8 97 223 40 177 103 48 242 63 13 80 30 116 194 105
    112 225 78 234 46 105 192 223 130 110 117 141 145 149 37 241 88 180
    44 209 234 44 240 202 221 23 156 139 133 51 219 82 137 97 13 158 242
    32 6 247 57 82 251 166 17 86 65 97 36 74 164 53 57 171 143 173 188
    194 204 251 74 194 120 207 84 179 137 156 34 53 141 74 204 76 228
    177 13 255 131 51 59 107 141 154 242 156 169 57 244 160 17 44 171 6
    131 8 238 162 188 42 51 221 82 148 171 148 93 166 122 39 156 182 205
    229 80 27 84 190 141 46 105 15 82 114 19 84 162 63 97 53 91 183 164
    198 116 84 124 38 36 217 124 223 8 211 103 137 211 78 116 17 11 124
    4 99 188 11 120 55 129 150 21 204 57 244 93 135 74 200 103 112 244
    177 137 95 112 139 141 185 217 152 11 253 4 145 17 86 223 51 21 21
    192 202 27 101 242 213 17 91 6 25 240 38 8 225 110 253 116 65 51 31
    213 37 51 217 26 36 77 9 74 209 255 27 99 219 82 61 61 143 207 53
    164 236 27 219 141 25 61 99 13 42 13 116 251 179 152 103 118 70 78
    55 15 196 207 139 25 97 126 247 2 67 105 27 158 46 86 120 225 23 177
    53 103 242 181 72 139 86 154 234 145 55 8 190 13 164 30 70 97 234
    143 105 148 118 59 145 36 234 21 169 238 135 93 65 61 21 181 19 179
    164 33 253 189 208 29 20 0 137 221 188 99 63 42 232 188 219 27 19
    110 198 55 166 32 36 42 179 204 23 6 158 188 234 30 240 148 207 185
    181 42 137 249 228 40 65 120 255 89 240 244 105 183 135 63 179 255
    196 44 164 118 240 166 80 238 110 42 118 11 177 194 93 181 55 194
    110 84 59 27 116 126 97 169 215 38 93 217 164 82 213 65 124 211 65
    80 105 133 110 194 150 53 247 238 238 144 63 194 219 47 216 77 192
    72 70 99 44 89 103 103 8 154 44 183 223 129 110 145 17 65 84 2 91
    247 209 156 164 230 207 110 219 230 27 46 242 80 4 23 38 67 51 120
    46 221 27 198 137 148 11 225 67 80 105 249 145 156 48 215 217 46 105
    253 34 156 249 93 65 44 207 150 46 185 95 116 232 213 204 148 103
    181 59 133 57 179 215 209 230 152 51 135 4 65 221 151 225 48 192 197
    68 180 17 159 207 141 242 15 171 145 150 141 129 249 244 171 122 251
    150 40 129 160 135 213 247 42 131 57 95 13 223 158 57 251 97 152 196
    173 238 251 53 228 219 156 17 221 162 249 166 89 137 40 242 4 8 135
    196 200 91 202 6 173 32 86 202 23 244 74 211 200 230 137 181 173 150
    2 255 74 93 99 82 242 86 42 200 91 124 21 255 240 251 30 114 194 242
    1 42 22 97 40 87 168 154 69 98 86 207 135 240 188 162 80 107 158 122
    27 11 255 95 114 95 242 148 154 190 255 126 74 36 40 93 192 57 122
    36 181 133 152 103 228 97 70 213 74 32 76 213 25 223 122 185 126 162
    63 183 152 72 162 15 107 213 13 59 141 160 156 93 53 13 78 211 25
    223 225 183 122 74 164 211 204 150 55 173 2 223 145 72 154 116 124
    38 97 89 207 156 29 2 17 216 6 189 212 53 15 174 126 160 236 6 89 78
    223 11 215 82 133 234 4 40 200 181 74 173 13 217 59 154 242 154 232
    139 129 72 196 15 74 223 162 173 139 95 158 152 240 181 55 207 129
    80 209 230 118 223 196 36 164 164 152 53 234 57 183 215 230 139 221
    194 148 116 194 234 230 116 135 143 38 204 131 19 223 232 190 143
    164 228 194 192 236 162 6 53 25 247 217 118 226 255 52 195 72 222 70
    111 67 52 200 253 137 36 15 48 103 112 61 207 211 230 183 74 253 185
    190 63 51 221 95 42 82 95 118 59 36 74 198 179 4 116 135 76 30 57
    105 4 126 8 242 158 200 169 53 181 247 238 141 185 82 107 21 251 253
    116 55 99 126 32 150 114 196 135 131 251 93 30 171 63 21 238 112 34
    48 120 6 21 76 207 196 105 65 150 91 135 196 21 84 160 111 230 162
    187 41 37 34 48 132 147 200 179 46 219 196 15 25 53 156 190 84 249
    23 185 19 82 137 55 234 23 23 135 76 112 145 169 213 217 86 181 249
    141 204 240 19 160 99 51 116 185 8 107 89 126 249 53 196 107 2 51
    173 103 204 228 48 107 82 145 97 126 156 200 166 46 11 40 234 21 74
    162 202 122 110 34 162 25 112 114 4 171 38 249 59 194 242 164 91 207
    84 169 232 198 125 79 192 119 231 28 230 116 183 107 32 240 192 183
    185 192 95 80 160 221 228 173 99 173 38 228 204 162 61 202 225 122
    169 11 80 17 143 97 34 27 74 188 107 166 129 183 244 65 17 86 230
    150 38 72 34 162 213 158 99 244 152 145 162 230 53 232 177 23 242
    114 101 160 42 209 242 17 133 181 156 95 19 46 19 183 91 148 84 160
    133 55 204 110 105 17 122 154 40 17 49 130 148 4 53 252 10 39 131 89
    112 53 67 124 38 82 63 240 143 162 139 145 19 61 4 63 120 156 116
    166 95 15 244 190 217 238 65 126 103 53 192 156 32 234 120 67 171
    103 204 234 30 13 169 110 57 255 8 11 116 70 236 34 17 78 46 190 89
    244 30 179 247 190 32 53 253 70 84 105 65 8 219 148 120 150 200 255
    242 114 19 40 99 217 61 23 169 238 143 192 55 202 113 98 211 1 17
    156 222 81 194 230 2 40 65 249 95 19 164 42 4 219 202 53 238 122 207
    82 97 219 34 72 139 192 198 51 244 162 166 230 166 148 198 93 169
    221 107 25 223 177 38 154 204 152 148 110 126 137 89 143 202 32 116
    93 181 30 198 194 84 190 240 72 59 179 152 232 15 200 253 196 133
    207 84 32 91 15 198 242 63 86 152 95 124 175 232 101 194 110 30 2
    171 86 205 25 30 94 223 62 139 155 134 40 230 207 158 211 131 59 122
    118 131 53 228 145 196 154 215 99 8 152 251 95 213 118 249 105 129
    225 251 70 13 38 179 202 219 122 55 48 57 120 2 228 89 89 40 198 192
    162 25 42 34 143 139 57 150 74 181 207 223 2 232 234 114 84 30 133 6
    244 110 89 240 158 139 219 179 80 51 183 74 105 196 200 34 145 40 6
    242 34 63 67 230 61 234 113 51 205 193 60 176 221 240 167 219 133
    101 253 156 21 74 122 105 223 80 198 251 143 196 190 36 70 126 154 6
    13 126 185 211 38 190 175 175 30 129 223 46 78 223 188 204 105 194
    255 80 242 61 107 244 93 221 215 215 175 230 154 84 6 30 156 211 143
    89 154 255 70 181 110 46 84 221 175 143 8 228 101 145 105 67 244 48
    160 215 116 65 242 63 82 234 67 139 107 215 251 113 208 38 51 123
    125 81 181 19 188 150 217 131 143 15 32 179 82 242 124 131 93 175 21
    4 213 251 160 131 51 40 25 230 86 158 103 2 251 53 38 13 74 238 91
    51 236 27 148 63 204 4 44 30 141 148 21 65 25 143 99 126 80 46 82 8
    217 154 48 166 97 70 169 122 152 53 185 223 78 126 84 162 53 55 137
    247 164 30 2 84 217 240 185 42 82 177 228 169 253 236 162 13 93 91
    250 115 123 130 64 250 202 234 188 107 251 185 244 40 211 230 215 32
    103 72 232 185 185 225 59 59 164 152 110 211 171 116 42 46 217 122
    126 61 116 131 242 251 11 133 135 166 219 61 164 223 112 13 48 183
    116 55 19 82 65 116 154 63 135 141 192 150 114 173 42 76 57 23 238
    255 107 190 213 34 61 207 188 209 228 139 57 82 154 183 171 51 143
    23 169 225 21 196 207 111 215 8 44 84 90 64 129 50 123 204 171 76
    120 110 82 217 13 139 200 122 110 61 105 234 242 76 91 78 53 194 158
    23 46 17 148 166 255 154 101 185 141 63 6 171 204 19 192 76 188 230
    133 46 65 72 228 129 114 251 221 249 244 253 57 34 150 154 61 209
    215 198 65 114 118 114 223 137 160 175 110 120 160 17 11 8 221 166
    99 255 179 19 11 57 129 215 101 217 255 204 200 86 128 118 82 222
    203 191 193 16 8 238 61 59 63 46 25 97 236 23 25 91 74 156 84 4 139
    67 169 244 116 255 65 30 67 78 61 166 44 84 225 194 236 160 249 110
    211 118 217 145 19 143 44 91 101 34 230 228 76 185 107 145 112 232
    19 80 112 67 95 240 76 13 207 17 25 247 70 23 8 236 97 91 198 196
    253 200 242 242 152 173 118 89 91 173 244 122 13 19 101 188 148 122
    244 45 1 115 33 149 188 24 151 53 169 255 93 55 70 177 38 190 133 51
    217 131 101 17 139 97 63 63 194 225 209 6 99 86 30 177 242 154 234 4
    253 131 65 25 74 200 25 84 207 67 190 183 80 247 55 185 2 44 61 84
    89 21 190 141 207 253 196 32 249 215 101 141 6 141 63 11 209 179 34
    223 6 51 156 244 53 44 129 51 38 101 196 219 240 116 99 181 183 103
    82 180 43 161 155 216 98 35 225 165 15 175 160 2 110 196 76 211 171
    6 72 15 80 192 183 137 6 57 53 185 139 23 82 129 74 238 209 166 244
    154 196 126 101 179 228 51 122 221 93 175 181 255 74 118 177 152 15
    164 135 34 207 225 173 192 120 53 19 173 133 84 175 53 105 192 145
    183 57 139 42 158 101 185 114 137 21 122 118 107 76 36 129 175 198
    207 2 82 86 48 38 78 160 240 192 44 51 242 193 223 229 44 48 236 221
    148 141 143 105 4 249 53 150 247 247 112 162 78 8 207 105 217 230
    133 207 27 183 204 131 120 59 143 51 198 110 15 110 118 143 95 97 91
    150 15 230 192 240 30 234 137 84 6 204 135 30 139 249 177 6 44 23
    101 160 4 51 38 236 181 215 46 209 78 244 32 80 65 27 185 122 185
    145 152 135 72 129 107 40 209 221 126 6 148 55 9 126 78 238 83 95
    240 153 217 221 204 194 129 143 40 232 190 177 169 234 188 166 221
    232 244 38 135 154 164 11 40 150 251 223 84 40 89 209 25 76 173 253
    27 44 32 198 162 244 148 91 2 244 86 139 236 179 135 131 181 34 40
    148 131 133 154 183 11 217 207 244 131 48 255 93 150 240 211 249 192
    44 105 202 25 207 61 120 234 25 192 188 13 232 154 133 162 160 192
    156 244 27 42 158 124 95 223 5 37 174 138 213 57 247 135 177 99 99
    93 59 213 93 42 25 152 240 215 211 177 93 244 177 118 15 160 194 171
    150 129 110 152 114 97 221 158 13 51 8 192 242 27 156 101 143 84 154
    114 17 21 202 209 93 65 158 173 103 154 198 23 156 158 188 207 34
    232 171 118 230 110 118 158 164 70 99 84 137 80 89 112 238 234 34 78
    124 70 72 67 253 6 25 67 99 127 234 125 58 98 228 27 23 157 72 63 15
    42 78 148 17 225 179 112 202 105 44 152 242 234 175 219 91 61 42 120
    228 202 55 80 225 221 131 46 6 118 61 91 95 228 162 51 103 192 253
    169 145 133 57 112 230 219 209 63 234 44 145 148 78 95 126 181 2 209
    126 32 27 82 152 15 74 51 185 40 93 253 61 34 82 6 228 162 215 253
    255 32 95 38 122 185 84 236 221 230 34 171 159 12 61 180 144 238 96
    111 155 200 72 183 38 48 137 135 242 21 181 112 93 223 38 32 23 65
    21 17 152 225 19 185 70 38 240 221 150 78 46 80 240 183 175 61 198
    215 126 4 15 57 181 244 114 171 112 200 93 97 4 207 103 97 221 207
    242 255 230 82 112 84 59 238 164 129 143 2 143 225 209 247 179 55
    129 217 13 234 221 185 53 133 150 23 198 131 247 255 105 190 99 153
    34 156 126 176 113 101 124 204 27 6 17 55 25 192 255 135 215 114 51
    114 158 177 48 44 152 11 236 11 86 196 36 247 181 25 97 122 160 42
    112 253 244 169 53 221 107 103 40 65 51 207 86 223 38 181 249 21 91
    51 55 63 234 240 65 99 67 44 196 171 63 36 91 70 101 53 114 116 95
    19 255 173 171 160 91 230 4 17 177 225 53 185 15 55 171 8 253 116
    114 150 46 203 107 70 124 12 115 101 119 77 32 232 82 160 223 101
    249 112 251 200 183 122 48 150 202 76 188 133 101 91 234 114 129 232
    74 200 6 107 215 13 158 196 25 173 124 135 122 194 179 213 148 228
    48 89 124 185 217 38 34 103 59 2 48 15 228 194 244 228 30 91 95 116
    23 230 230 139 38 242 188 236 63 242 169 190 126 25 110 101 166 57
    99 42 101 204 21 207 185 204 51 23 59 244 229 157 39 76 52 121 204
    235 52 20 129 198 253 93 79 233 4 181 51 200 0 70 64 31 138 101 184
    15 29 86 188 183 245 26 10 91 108 190 72 35 11 137 87 87 116 208 86
    199 159 109 63 93 162 58 77 239 53 121 251 238 116 76 203 169 75 162
    204 88 183 84 221 215 21 78 141 125 222 8 54 237 169 44 236 225 66
    46 29 196 94 16 90 31 138 209 39 227 138 144 243 164 15 213 165 192
    93 235 132 62 96 130 233 150 168 118 202 132 182 46 123 1 66 57 111
    1 184 117 42 26 149 219 218 170 110 207 129 202 249 246 9 94 247 213
    140 74 189 208 56 171 41 35 191 103 10 170 48 253 160 92 185 162 231
    83 245 202 83 120 172 216 106 182 129 242 249 216 206 8 47 121 109
    222 87 121 63 105 201 130 129 164 189 99 41 208 152 46 57 102 71 61
    132 156 136 142 118 128 197 5 255 72 166 17 63 57 19 3 237 14 130
    189 162 158 40 250 27 195 145 44 130 90 95 58 52 13 240 136 194 115
    226 6 108 0 37 201 192 220 220 235 212 133 76 182 188 146 162 234 89
    180 35 246 104 13 146 233 201 70 43 150 37 209 6 160 196 149 223 196
    218 223 16 126 202 100 201 120 172 157 205 145 166 174 118 24 61 79
    106 50 63 183 135 196 227 253 142 122 209 214 53 55 185 21 117 198
    240 55 10 206 2 144 138 4 127 80 101 235 83 157 190 59 57 173 250 15
    169 66 190 163 72 194 75 40 143 74 152 13 8 149 12 117 71 208 70 234
    134 195 73 4 17 17 167 130 228 194 119 101 25 251 217 155 129 158 42
    200 58 214 214 221 190 165 157 105 166 0 34 200 180 23 217 86 116 7
    4 80 133 246 205 56 93 199 179 174 28 88 23 184 14 176 73 176 222
    124 236 247 143 195 27 153 170 108 81 80 40 203 130 162 241 43 103
    250 71 220 235 147 155 2 177 237 184 40 130 24 59 20 155 118 68 196
    42 213 77 144 81 125 34 160 166 89 173 114 83 194 147 255 29 4 141
    201 159 204 18 123 224 254 112 58 56 68 115 43 132 65 86 136 107 7
    83 216 158 252 166 142 123 247 222 50 208 82 4 208 108 68 182 222
    251 33 224 111</data></my_img>
<your_img type_id="opencv-matrix">
  <rows>50</rows>
  <cols>100</cols>
  <dt>u</dt>
  <data>
    182 21 145 27 5 253 3 25 153 49 247 187 191 41 191 116 15 129 227
    128 61 240 178 191 66 72 228 99 130 40 255 160 231 188 125 63 88 194
    238 251 241 38 181 125 232 101 191 248 0 81 225 9 15 44 87 101 84 62
    183 20 159 117 52 197 179 186 192 11 36 42 3 23 64 47 173 105 1 92
    26 209 80 235 84 95 163 112 198 195 27 78 222 95 191 52 97 213 236 4
    42 77 202 117 138 232 218 135 127 152 169 82 170 198 151 227 22 68
    192 121 183 141 244 9 135 181 116 148 152 172 162 108 242 87 119 112
    183 130 146 9 58 86 94 232 167 25 150 0 43 130 54 11 179 68 158 53
    216 124 172 167 174 1 43 110 14 248 190 139 97 11 170 85 39 143 109
    103 137 157 78 190 1 225 0 183 159 116 214 140 51 53 17 220 59 109
    94 72 55 62 218 54 52 24 76 104 59 15 82 10 212 243 192 111 57 143 2
    103 39 59 226 230 192 96 51 60 205 91 144 231 171 138 247 72 185 186
    237 60 182 181 199 194 18 222 241 25 61 85 163 95 19 167 131 17 131
    200 43 123 37 94 121 15 30 230 177 4 59 255 83 187 211 73 14 201 163
    60 176 169 47 7 106 95 153 51 9 172 241 133 125 142 56 241 213 48
    246 245 152 203 213 22 253 33 1 219 144 239 151 137 142 94 99 106 63
    221 209 239 172 156 109 104 122 82 193 142 235 113 188 55 226 244
    173 72 32 82 41 134 104 25 186 180 177 117 201 137 62 20 50 104 82
    12 168 0 115 129 140 224 9 125 124 95 52 20 46 54 189 35 1 165 65
    138 234 250 70 127 161 30 118 97 18 188 128 121 38 222 178 158 93 43
    18 80 65 59 66 133 255 224 36 172 55 143 109 228 201 54 33 120 237
    144 117 154 251 59 116 54 228 139 73 148 175 184 226 189 210 218 35
    163 95 105 214 62 162 251 179 243 123 191 36 57 38 191 19 165 34 233
    116 39 58 66 43 176 38 11 214 62 113 168 219 115 51 49 118 161 12 32
    139 247 174 94 90 152 217 14 3 179 97 196 0 160 46 120 111 133 33
    216 78 16 197 58 45 202 200 229 201 193 23 50 5 182 40 108 39 118
    201 203 183 234 10 35 7 146 218 103 231 151 221 42 251 79 229 10 130
    55 203 1 230 254 172 12 144 63 32 39 176 168 180 147 215 131 68 230
    94 144 143 223 94 214 19 102 138 227 198 14 227 155 128 143 173 78
    117 88 168 217 223 180 47 243 195 96 193 96 160 95 69 125 111 49 90
    56 114 49 211 155 179 180 99 131 214 43 175 64 190 79 248 220 23 78
    32 249 15 45 129 251 67 203 62 103 90 67 111 51 213 214 170 39 99 48
    189 199 131 225 62 220 130 244 186 119 139 62 139 68 143 174 254 163
    200 248 221 33 62 30 169 99 124 240 184 230 98 220 114 45 74 230 144
    88 161 115 239 192 102 20 165 220 83 121 189 172 192 125 171 205 53
    50 205 170 94 67 3 119 166 150 147 124 137 99 254 251 123 24 67 253
    59 131 106 40 83 154 54 67 157 160 91 255 53 242 71 79 0 243 36 216
    6 212 76 195 130 147 212 62 231 128 112 99 165 209 189 69 211 138 53
    179 32 25 161 1 6 178 160 242 253 22 27 240 130 150 125 152 222 136
    167 30 33 174 141 200 35 204 166 62 67 133 131 147 206 143 216 62 75
    238 135 119 251 2 193 18 229 3 246 156 70 23 204 136 32 126 86 13 80
    189 182 151 194 126 239 105 90 71 243 54 94 54 72 77 174 81 81 150
    34 146 134 71 161 220 231 68 47 220 22 9 173 207 191 26 227 31 231
    180 190 219 133 169 127 176 9 139 212 101 250 253 37 136 85 136 245
    149 240 128 231 9 235 231 88 99 166 194 152 44 53 180 22 171 149 135
    141 10 226 242 210 148 159 186 248 210 180 187 120 75 159 62 138 248
    7 150 245 131 248 103 79 216 133 179 20 15 12 159 111 37 6 90 49 149
    154 51 160 113 221 88 200 215 1 69 197 77 234 144 108 10 190 220 63
    27 135 147 221 146 167 32 213 191 190 152 146 62 102 31 73 67 95 145
    33 11 142 159 94 133 233 25 239 39 195 127 34 160 20 225 47 50 244
    80 66 58 24 77 185 214 235 45 127 116 65 126 31 121 129 120 251 117
    235 198 106 119 21 195 79 22 246 109 71 159 219 83 224 157 54 83 175
    179 242 131 124 42 103 201 100 47 124 229 92 85 23 75 219 11 26 236
    149 65 11 204 102 216 126 170 243 108 145 58 6 20 12 109 175 178 34
    167 126 80 251 246 45 151 53 28 189 54 18 72 11 23 109 72 235 154
    125 194 193 220 208 233 124 207 85 166 68 254 151 218 31 176 9 147
    50 96 111 159 145 17 55 137 217 210 243 185 116 240 67 227 124 163
    229 194 191 90 199 88 119 234 91 243 99 136 191 26 252 6 100 135 115
    229 143 235 65 221 243 50 242 214 214 148 152 206 40 35 84 139 248
    242 114 123 92 220 215 225 16 155 153 15 172 60 151 60 125 86 79 193
    190 135 136 112 106 38 84 131 179 7 180 143 168 72 142 95 218 133
    115 247 86 51 227 186 155 204 53 92 240 253 79 105 251 236 225 200
    161 163 247 95 29 242 31 176 126 230 3 99 210 55 208 247 26 157 25
    128 86 164 207 22 50 60 11 110 20 127 37 251 111 194 110 128 156 152
    80 65 102 116 25 253 80 153 206 213 208 210 96 31 236 119 157 96 12
    206 1 20 131 85 23 72 222 107 185 220 63 233 208 45 24 26 214 146 34
    6 220 86 211 75 18 115 1 55 66 247 159 35 12 145 197 55 56 15 253
    202 9 205 154 18 221 149 27 63 78 251 116 72 210 185 227 81 196 172
    107 217 189 90 97 238 80 136 205 66 52 153 151 12 133 192 192 94 242
    151 164 76 138 234 70 152 206 145 156 114 141 114 157 46 240 163 38
    88 112 55 230 141 47 24 204 240 109 33 124 18 55 46 107 99 234 168
    168 112 26 220 214 249 225 71 22 99 19 117 153 26 168 73 18 250 25
    25 102 220 18 225 81 230 159 235 138 171 110 196 21 226 149 101 47
    135 10 168 37 30 78 65 203 108 38 2 240 144 246 10 213 65 211 244
    165 135 196 218 238 68 234 27 116 9 169 108 29 103 207 36 18 83 47
    191 234 62 53 35 49 62 190 212 179 17 254 184 12 155 233 137 234 71
    37 225 141 165 255 120 198 202 204 67 12 195 49 197 162 101 203 238
    198 93 112 164 79 49 120 67 35 41 3 94 238 172 108 148 255 79 141
    102 176 66 189 233 82 152 57 143 138 250 253 190 117 201 240 46 154
    132 69 89 40 172 103 94 170 166 11 60 117 251 112 166 168 229 98 55
    66 74 44 113 54 76 194 83 13 195 42 233 160 147 60 169 229 123 186
    187 141 163 107 144 90 153 172 244 88 72 115 109 238 42 9 41 107 120
    189 176 1 122 6 88 215 207 253 83 86 74 81 186 84 141 36 238 90 245
    109 92 143 222 165 253 204 159 103 192 248 213 190 253 183 183 6 10
    172 155 22 39 239 74 215 6 99 252 25 165 22 103 159 141 162 152 138
    153 124 146 86 244 174 179 56 67 191 82 55 101 214 163 117 98 156
    191 126 127 50 22 155 91 216 168 139 178 9 65 88 119 212 77 31 236
    88 196 92 178 71 50 112 187 18 137 167 229 219 78 11 27 41 175 161
    220 88 179 75 194 6 101 234 38 189 109 64 245 77 14 80 33 103 204
    102 105 230 81 239 40 109 204 231 130 110 117 141 145 149 37 241 88
    180 43 198 224 50 234 186 212 33 130 116 114 48 178 71 110 71 12 124
    238 23 3 240 48 76 251 161 15 81 58 94 22 55 148 34 36 163 139 167
    195 201 211 253 78 203 119 205 88 184 138 153 29 65 137 84 196 83
    223 169 11 254 109 40 47 88 129 145 248 150 162 68 248 160 18 51 167
    11 127 12 233 176 198 44 51 230 86 164 186 161 99 182 122 39 156 182
    205 229 80 27 84 190 144 49 98 15 88 107 23 88 139 68 88 48 75 141
    124 176 90 64 99 27 27 208 122 226 6 203 105 139 200 66 119 14 10
    110 6 90 183 9 110 54 122 154 28 204 69 248 105 139 88 189 114 116
    240 173 142 102 112 135 130 175 206 135 7 253 4 141 17 85 224 69 29
    31 196 205 34 105 233 212 16 86 6 25 248 34 7 233 103 253 115 43 51
    31 213 37 51 217 26 36 77 9 73 205 254 24 95 211 78 63 62 114 176 44
    121 213 20 194 109 16 42 70 6 33 6 125 253 179 153 107 131 64 80 49
    11 185 197 139 18 93 127 249 4 74 115 38 167 59 95 124 204 32 182 70
    116 235 182 90 151 99 162 224 144 50 6 183 10 154 33 77 99 235 147
    110 151 124 72 159 46 231 30 184 244 141 99 68 73 19 191 17 191 172
    33 253 189 208 29 20 0 137 221 188 86 56 37 217 171 205 32 16 91 172
    56 130 37 38 38 173 191 13 3 143 185 233 25 240 149 195 180 163 47
    137 242 200 31 55 106 251 81 243 244 101 191 139 76 189 255 200 59
    169 123 240 172 92 235 120 59 133 14 175 195 99 176 65 187 119 88 72
    32 116 125 102 163 218 40 96 217 178 85 215 68 120 219 64 79 102 152
    105 215 154 42 251 238 238 144 63 194 219 47 216 77 192 60 55 81 47
    85 90 90 9 125 38 170 196 108 96 120 11 46 60 2 70 246 199 147 157
    222 196 117 209 219 17 35 231 63 6 11 19 50 32 107 34 216 31 203 143
    160 12 219 88 101 119 246 149 153 69 202 206 69 129 253 43 159 251
    101 76 50 205 147 45 176 98 114 226 206 197 127 101 186 51 116 57
    180 220 217 233 171 53 136 2 72 229 151 225 48 192 197 68 180 17 159
    207 126 231 13 160 120 120 115 105 248 236 150 105 253 125 36 109
    141 119 197 250 28 129 42 96 12 219 152 49 243 90 139 180 153 235
    246 32 224 213 159 11 220 170 248 180 93 146 59 242 9 16 146 186 186
    113 189 17 174 51 107 196 35 249 84 211 197 231 135 164 159 146 6
    253 76 90 96 76 231 73 37 204 83 105 16 255 244 253 27 106 200 247 1
    42 22 97 40 87 168 154 69 98 70 183 99 231 172 137 70 88 138 101 20
    10 254 88 107 73 246 124 135 180 255 129 62 32 34 103 190 55 133 27
    170 120 137 96 229 80 49 212 64 19 64 213 16 227 119 184 130 167 82
    183 153 88 162 21 122 208 32 77 154 171 168 105 59 19 83 210 26 220
    223 172 119 80 155 202 199 142 54 173 2 224 128 66 150 102 120 31 98
    84 217 154 29 2 17 216 6 189 212 53 15 174 105 136 227 6 76 68 212 9
    208 73 111 220 2 36 192 178 55 175 7 218 49 156 238 162 230 150 143
    76 189 13 70 214 159 165 135 83 157 143 240 175 42 203 127 86 202
    225 119 222 185 38 169 162 153 70 233 81 186 210 230 157 220 199 164
    131 197 240 233 116 130 136 34 197 121 19 216 225 185 127 161 227
    189 187 233 155 6 59 23 251 223 107 226 255 52 195 72 222 70 111 67
    52 192 243 114 41 11 49 96 102 58 195 198 219 178 67 253 185 189 50
    44 222 107 42 91 112 133 56 35 83 195 184 7 111 133 67 22 39 98 2
    115 4 243 160 202 174 36 182 244 239 144 182 88 111 24 249 250 133
    76 128 142 53 173 129 206 149 141 251 110 33 159 73 27 236 110 33 50
    112 7 25 69 208 195 98 65 139 94 128 215 18 82 166 111 230 162 187
    41 37 34 48 132 147 193 170 47 208 178 11 35 56 155 179 84 251 19
    189 18 82 141 49 231 25 25 141 76 131 156 170 211 215 106 186 235
    147 195 231 15 163 95 34 99 187 4 99 86 122 244 44 186 116 3 53 176
    108 193 215 60 130 103 163 119 149 174 212 184 60 21 55 240 26 81
    156 208 120 106 32 151 29 102 102 6 176 44 244 62 206 244 168 95 219
    81 178 232 198 125 79 192 119 231 28 230 116 176 106 36 233 178 173
    175 182 101 79 163 218 223 184 111 179 31 231 192 163 56 201 229 131
    163 10 83 22 152 108 31 27 70 184 106 168 133 191 238 46 14 75 231
    142 23 64 31 151 190 146 96 238 152 150 157 227 73 229 183 46 247
    135 121 172 60 219 244 23 133 176 156 99 19 37 16 167 83 128 70 165
    124 55 207 102 105 16 112 152 29 11 49 130 148 4 53 252 10 39 131 89
    115 53 65 121 47 81 67 238 147 166 144 160 17 63 1 57 119 173 117
    176 107 13 247 186 214 233 65 139 115 50 186 152 29 226 121 63 164
    96 202 230 20 7 166 98 36 247 11 13 101 57 224 34 21 77 58 178 96
    245 56 176 248 201 54 75 253 79 86 112 68 13 230 147 115 138 185 253
    238 107 21 44 94 209 64 24 180 239 152 207 49 215 113 98 211 1 17
    156 222 81 194 230 1 44 57 247 103 18 164 47 3 212 203 63 231 136
    209 76 90 219 33 64 152 185 194 42 238 163 169 229 167 161 189 90
    164 208 111 16 225 180 31 141 201 138 128 98 112 115 85 120 187 29
    106 88 176 41 190 198 90 190 234 83 79 198 167 243 28 205 253 187
    131 205 101 31 90 9 183 238 57 68 139 93 123 168 238 101 211 110 27
    1 186 91 205 25 30 94 223 62 139 155 134 40 231 202 151 209 122 58
    114 113 124 50 222 156 200 166 215 96 4 164 248 90 202 111 248 108
    133 217 248 66 17 33 184 207 224 125 45 36 45 115 1 224 71 72 28 191
    186 130 27 35 29 112 123 57 133 74 174 207 215 4 227 233 129 90 45
    138 2 250 117 93 244 151 149 230 162 75 47 172 68 92 180 201 37 129
    42 10 242 31 77 74 235 62 234 113 51 205 193 60 176 221 240 167 221
    133 94 254 155 29 76 116 107 213 80 199 240 145 197 187 32 60 117
    161 9 10 138 184 209 27 187 183 183 27 150 229 38 84 226 198 209 98
    193 254 65 233 41 80 233 67 209 202 201 144 213 133 73 12 47 156 208
    151 91 156 253 75 185 119 57 84 220 166 135 2 240 102 139 102 59 240
    45 159 222 113 64 240 65 83 239 78 161 106 221 247 113 208 38 51 123
    125 81 181 19 188 150 213 130 139 13 42 170 79 234 117 135 96 175 15
    1 202 244 168 119 41 34 19 233 84 163 109 2 249 54 33 14 77 244 102
    49 233 25 148 64 201 6 32 21 115 117 18 49 23 109 70 105 70 48 74 13
    213 155 59 159 106 77 176 128 159 67 183 220 79 131 84 167 48 55 135
    248 157 32 2 75 226 239 175 43 83 185 236 185 247 240 172 13 93 91
    250 115 123 130 64 250 202 234 184 110 253 182 242 49 204 227 206 21
    101 72 225 178 178 218 46 42 170 153 108 215 179 130 33 45 225 142
    143 62 128 141 238 250 12 131 128 169 217 48 163 220 86 11 34 156 88
    40 13 62 54 90 136 63 131 133 180 147 119 176 53 76 68 29 244 255
    103 182 216 41 65 198 180 199 233 136 58 79 160 179 162 44 145 27
    183 235 21 210 217 111 215 8 44 84 90 64 129 50 123 211 182 77 128
    121 82 212 9 144 202 124 115 65 111 227 231 75 90 63 39 192 162 19
    37 18 162 179 253 164 115 194 162 64 6 187 209 18 198 76 190 226 125
    40 50 57 224 106 91 240 205 233 226 246 53 35 145 147 68 203 207 204
    74 123 133 127 239 139 162 179 108 133 166 10 7 6 214 162 96 253 179
    28 13 60 136 225 103 227 253 214 216 86 128 118 82 222 203 191 193
    16 8 240 73 72 72 60 31 98 230 29 25 95 81 165 92 2 153 65 174 239
    111 255 48 22 55 60 53 174 37 88 233 200 246 164 248 116 217 123 222
    128 20 135 35 80 83 24 225 220 66 159 78 124 95 208 16 76 122 70 93
    242 75 14 213 24 35 248 75 34 2 244 99 98 193 183 251 185 239 239
    144 169 115 88 85 171 243 127 11 20 93 195 151 122 244 45 1 115 33
    149 188 24 151 54 176 255 88 68 75 174 44 189 139 62 220 141 107 11
    141 101 47 42 198 216 202 4 103 84 19 180 248 152 244 4 253 139 74
    22 83 214 21 85 212 69 190 185 76 239 46 175 4 40 49 71 77 16 166
    137 198 249 180 29 248 211 107 148 13 147 60 17 199 169 38 238 2 48
    156 249 49 45 125 50 44 110 196 227 243 121 96 195 192 98 90 180 43
    161 155 216 98 35 225 165 15 176 166 3 115 200 75 202 161 7 73 7 88
    201 187 135 3 39 35 193 131 18 60 121 55 242 211 165 248 152 196 128
    111 192 224 57 124 224 95 179 180 253 80 105 171 141 12 143 106 25
    201 212 152 169 113 62 22 159 135 82 162 56 110 189 153 180 53 144
    45 161 98 190 112 138 25 115 113 111 74 34 133 173 200 208 4 90 91
    46 40 86 163 240 192 44 51 242 193 223 229 44 48 238 223 155 150 154
    102 4 250 64 156 239 230 113 161 68 4 210 103 220 226 126 209 19 189
    202 138 121 60 148 57 207 119 15 113 119 143 99 98 90 144 13 227 187
    236 24 229 120 78 9 204 121 25 128 244 167 10 51 25 106 152 6 49 40
    243 176 221 48 208 76 248 33 82 69 32 183 119 179 141 148 135 81 133
    115 37 208 220 129 7 141 55 9 126 78 238 83 95 240 153 217 221 198
    190 139 145 42 233 182 169 168 229 190 170 212 221 230 28 131 156
    166 4 21 141 249 230 86 27 90 218 20 86 171 253 24 47 34 205 171 234
    141 96 1 238 90 125 231 179 112 109 173 34 35 136 117 129 152 194 15
    223 210 248 136 47 253 108 151 244 226 248 186 45 105 206 24 208 60
    113 233 24 182 180 16 238 149 131 149 153 199 155 245 39 42 158 124
    95 223 5 37 174 138 213 49 246 145 179 82 92 85 66 210 90 30 11 154
    227 207 207 171 84 235 182 102 10 173 199 178 148 121 110 149 109
    101 222 161 9 62 7 196 229 38 153 102 152 90 147 99 18 24 194 207 81
    68 144 161 94 154 205 25 161 162 189 213 33 229 167 124 242 112 133
    165 175 66 98 88 144 81 85 102 234 234 32 83 124 67 71 57 254 7 30
    58 99 127 234 125 58 98 228 27 23 157 72 64 15 48 76 155 12 226 180
    123 201 115 33 150 227 221 165 212 80 36 22 117 227 213 37 88 231
    238 144 43 7 117 78 96 94 219 165 62 99 186 250 178 157 124 60 99
    229 212 203 59 238 47 139 146 81 108 136 183 3 218 143 37 26 105 153
    18 74 51 199 45 96 250 53 43 81 7 231 139 205 253 255 33 94 37 121
    173 85 240 219 233 43 171 159 12 61 180 144 238 96 111 155 200 67
    187 28 47 146 143 244 14 187 128 94 211 27 17 9 38 11 9 141 224 13
    197 70 24 243 233 163 90 39 91 239 192 180 76 204 214 138 2 33 86
    184 239 105 172 102 194 92 94 6 208 96 92 225 209 242 249 229 102
    130 102 54 242 168 141 156 3 165 227 212 245 179 64 136 208 22 220
    207 172 45 123 146 27 186 119 247 255 114 175 113 153 34 156 126 176
    113 101 124 204 27 6 14 51 15 192 254 141 208 125 46 129 161 180 35
    30 141 6 229 7 73 196 23 244 192 17 98 119 166 29 101 249 245 163 44
    213 102 108 57 77 71 209 93 223 38 180 246 20 91 54 58 73 240 244 77
    114 83 48 209 199 81 41 114 92 125 53 135 141 122 24 253 183 176 168
    99 231 2 20 167 208 43 174 19 47 169 13 254 122 125 146 53 203 107
    70 124 12 115 101 119 77 32 236 78 160 226 103 248 122 253 193 185
    139 42 150 191 58 180 130 94 79 233 115 123 233 71 200 6 103 224 9
    146 192 19 168 116 130 119 200 184 206 156 216 62 90 116 178 211 45
    35 94 69 3 55 17 233 206 247 226 38 117 123 139 26 227 227 150 47
    244 204 240 68 244 172 202 137 28 107 96 163 48 91 38 94 203 25 201
    182 207 51 32 59 244 229 157 39 76 52 121 204 235 52 20 129 198 253
    93 79 233 4 181 51 200 0 70 64 31 138 101 184 15 29 86 188 183 245
    26 10 91 108 190 72 35 11 137 87 87 116 208 86 199 159 109 63 93 162
    58 77 239 53 121 251 238 116 76 203 169 75 162 204 88 183 84 221 215
    21 78 141 125 222 8 54 237 169 44 236 225 66 46 29 196 94 16 90 31
    138 209 39 227 138 144 243 164 15 213 165 192 93 235 132 62 96 130
    233 150 168 118 202 132 182 46 123 1 66 57 111 1 184 117 42 26 149
    219 218 170 110 207 129 202 249 246 9 94 247 213 140 74 189 208 56
    171 41 35 191 103 10 170 48 253 160 92 185 162 231 83 245 202 83 120
    172 216 106 182 129 242 249 216 206 8 47 121 109 222 87 121 63 105
    201 130 129 164 189 99 41 208 152 46 57 102 71 61 132 156 136 142
    118 128 197 5 255 72 166 17 63 57 19 3 237 14 130 189 162 158 40 250
    27 195 145 44 130 90 95 58 52 13 240 136 194 115 226 6 108 0 37 201
    192 220 220 235 212 133 76 182 188 146 162 234 89 180 35 246 104 13
    146 233 201 70 43 150 37 209 6 160 196 149 223 196 218 223 16 126
    202 100 201 120 172 157 205 145 166 174 118 24 61 79 106 50 63 183
    135 196 227 253 142 122 209 214 53 55 185 21 117 198 240 55 10 206 2
    144 138 4 127 80 101 235 83 157 190 59 57 173 250 15 169 66 190 163
    72 194 75 40 143 74 152 13 8 149 12 117 71 208 70 234 134 195 73 4
    17 17 167 130 228 194 119 101 25 251 217 155 129 158 42 200 58 214
    214 221 190 165 157 105 166 0 34 200 180 23 217 86 116 7 4 80 133
    246 205 56 93 199 179 174 28 88 23 184 14 176 73 176 222 124 236 247
    143 195 27 153 170 108 81 80 40 203 130 162 241 43 103 250 71 220
    235 147 155 2 177 237 184 40 130 24 59 20 155 118 68 196 42 213 77
    144 81 125 34 160 166 89 173 114 83 194 147 255 29 4 141 201 159 204
    18 123 224 254 112 58 56 68 115 43 132 65 86 136 107 7 83 216 158
    252 166 142 123 247 222 50 208 82 4 208 108 68 182 222 251 33 224
    111</data></your_img>
</opencv_storage>
