<?xml version="1.0"?>
<opencv_storage>
<L2_diff>4.7370877129308042e+01</L2_diff>
<test_hist type_id="opencv-matrix">
  <rows>256</rows>
  <cols>1</cols>
  <dt>f</dt>
  <data>
    1.71486481e+02 6.88304382e+02 3.06427673e+02 1.04893555e+02
    6.76893555e+02 6.62153931e+01 8.99509521e+02 9.36882935e+02
    8.12871338e+02 5.67026550e+02 8.36764526e+02 8.12194519e+01
    1.17161407e+02 5.12640991e+02 3.77018188e+02 3.46105774e+02
    3.31225891e+01 8.49517029e+02 4.40693024e+02 5.34436890e+02
    7.83493408e+02 6.14101257e+02 4.85124756e+02 6.21687805e+02
    6.31769104e+02 3.45978577e+02 1.03808533e+02 1.30742432e+02
    7.89677856e+02 3.99072113e+02 8.63941406e+02 2.03502197e+01
    7.99022217e+01 4.84134216e+01 6.58573914e+01 5.01644287e+01
    6.72119385e+02 6.57398743e+02 7.12928467e+02 5.99536926e+02
    8.76012085e+02 7.98643677e+02 1.67618164e+02 8.73843994e+02
    8.69458923e+01 7.02047668e+02 8.26361816e+02 9.38736389e+02
    4.93122559e+01 9.64605774e+02 9.97824341e+02 1.16323669e+02
    5.26336487e+02 4.56164001e+02 8.97835632e+02 6.14114136e+02
    3.52557831e+02 7.60482239e+02 7.60765076e+01 4.52690704e+02
    9.93004089e+02 3.21104614e+02 6.18437500e+01 3.96217682e+02
    8.44850220e+02 6.76419739e+02 7.83199768e+02 3.17591492e+02
    7.14184509e+02 9.27672974e+02 2.36608307e+02 3.72601379e+02
    3.59393066e+02 5.98834351e+02 4.63013641e+02 9.61758850e+02
    7.36831665e+02 8.83310181e+02 5.70052734e+02 4.22204346e+02
    8.07458557e+02 5.98700684e+02 3.43217224e+02 6.04242188e+02
    3.34398010e+02 5.74460693e+02 1.39773010e+02 9.55999634e+02
    9.93878723e+02 4.46499329e+01 8.05856445e+02 4.01113098e+02
    7.34278381e+02 7.12650452e+02 9.03088318e+02 2.36180359e+02
    6.19151917e+01 9.76900879e+02 3.44789062e+02 3.77851868e+02
    5.53794067e+02 8.80415955e+02 8.34563599e+02 7.85058167e+02
    3.93436768e+02 1.97346130e+02 8.06252808e+02 7.59484558e+02
    1.31052307e+02 2.99758179e+02 3.80197357e+02 3.14642700e+02
    7.16980347e+02 8.76719360e+02 9.97733887e+02 4.42644348e+02
    7.07646362e+02 7.94605408e+02 8.56738281e+02 4.44610596e+02
    3.81179718e+02 2.35227203e+02 3.45056335e+02 5.59252014e+02
    6.65293396e+02 5.48136719e+02 6.11322693e+02 1.42715790e+02
    9.84393677e+02 3.76508606e+02 6.61984070e+02 4.56990936e+02
    8.60251160e+01 8.43394531e+02 4.59321045e+02 2.15327148e+02
    6.24700439e+02 9.19203857e+02 9.11647156e+02 8.68569092e+02
    3.87950562e+02 2.16022064e+02 2.30377777e+02 2.27885498e+02
    5.55308350e+02 9.00233154e+02 6.69158936e+01 6.97770813e+02
    4.03126465e+02 1.42503754e+02 4.43978210e+02 7.53968506e+02
    8.48383179e+02 7.13518677e+02 7.80424561e+02 7.42539917e+02
    9.13904175e+02 7.76777588e+02 3.17182983e+02 2.91743683e+02
    5.89594971e+02 3.31301147e+02 7.19415161e+02 9.42071350e+02
    1.79597687e+02 7.07355347e+01 3.29238281e+02 9.18563354e+02
    2.23556091e+02 4.35957947e+01 5.57375366e+02 8.63712952e+02
    3.48957947e+02 2.57974121e+02 3.13858337e+02 3.62705200e+02
    8.21362610e+02 6.91917114e+02 3.13255341e+02 6.15321838e+02
    8.17402466e+02 5.89249878e+01 4.57659729e+02 9.95681396e+02
    4.88055664e+02 1.34263916e+02 1.51553711e+02 8.80269104e+02
    1.95789307e+02 8.71583862e+02 9.40625305e+02 8.50631348e+02
    5.68769409e+02 8.88609924e+01 5.60765991e+02 4.63201385e+02
    3.95294250e+02 3.93140747e+02 3.07587585e+01 6.49256836e+02
    3.81757233e+02 9.62050171e+02 6.48950439e+02 3.81337433e+02
    2.01775391e+02 8.39705566e+02 2.05354858e+02 5.55147766e+02
    9.98119812e+01 1.74994629e+02 5.27161438e+02 7.34526062e+02
    1.22047760e+02 7.66332153e+02 9.84724609e+02 7.14295044e+02
    3.07778198e+02 3.33137756e+02 9.58520569e+02 6.89322510e+02
    2.88924072e+02 3.29983643e+02 1.54362091e+02 1.37470581e+02
    3.03580872e+02 8.57358643e+02 2.47580414e+02 8.26942322e+02
    7.48788757e+01 9.67261780e+02 3.61810181e+02 3.29962372e+02
    1.05952393e+02 1.22048157e+02 1.93523987e+02 5.71131592e+02
    1.89879181e+02 2.99384460e+02 9.82384277e+02 6.92437012e+02
    4.75595459e+02 4.29726807e+02 1.59533051e+02 4.13008850e+02
    4.87662048e+02 7.50101135e+02 2.61840332e+02 7.74002441e+02
    3.80673309e+02 4.16323456e+02 1.22703857e+01 7.57281067e+02
    8.07872925e+02 5.77518677e+02 4.56891357e+02 1.37091492e+02</data></test_hist>
<my_lkt type_id="opencv-matrix">
  <rows>256</rows>
  <cols>1</cols>
  <dt>u</dt>
  <data>
    0 2 2 2 4 4 5 7 9 10 11 11 12 13 13 14 14 16 16 17 19 20 21 22 23 24
    24 24 26 27 28 28 28 29 29 29 30 31 33 34 35 37 37 39 39 40 42 44 44
    45 47 48 48 49 51 52 53 54 54 55 57 58 58 59 60 61 63 63 65 67 67 68
    68 69 70 72 73 75 76 77 78 80 80 81 82 83 83 85 87 87 89 89 91 92 94
    94 94 96 97 97 98 100 102 103 104 104 106 107 107 108 109 109 111
    112 114 115 116 118 119 120 121 121 122 123 124 125 127 127 129 130
    131 132 132 134 135 135 137 138 140 142 143 143 144 144 145 147 147
    149 149 150 151 152 154 155 157 158 160 162 162 163 164 165 166 168
    169 169 169 171 172 172 173 175 175 176 177 177 179 180 181 182 184
    184 185 187 188 188 189 190 191 193 194 196 197 197 199 200 200 201
    201 203 203 205 207 207 208 209 210 211 211 212 213 214 214 216 218
    219 220 221 223 224 225 225 226 226 226 228 229 230 230 232 233 234
    234 234 235 236 236 237 239 240 241 242 242 243 244 246 246 248 249
    249 249 251 253 254 255 255</data></my_lkt>
<your_lkt type_id="opencv-matrix">
  <rows>256</rows>
  <cols>1</cols>
  <dt>u</dt>
  <data>
    0 2 2 2 4 4 6 7 9 10 12 12 12 13 14 15 15 16 17 18 20 21 22 23 24 25
    25 25 27 28 29 29 30 30 30 30 31 33 34 35 37 38 39 40 41 42 44 45 45
    47 49 49 51 51 53 54 55 57 57 58 59 60 60 61 63 64 65 66 67 69 70 70
    71 72 73 75 77 78 79 80 82 83 84 85 85 87 87 89 91 91 92 93 94 96 98
    98 98 100 101 101 103 104 106 107 108 109 110 112 112 112 113 114
    115 117 119 120 121 123 124 125 126 126 127 128 129 131 132 132 134
    135 136 137 137 139 139 140 141 143 145 146 147 148 148 148 150 151
    151 153 154 154 155 156 158 159 161 162 164 165 166 167 168 168 170
    172 172 172 173 175 175 175 176 178 179 179 180 180 182 183 184 185
    187 187 188 190 191 191 191 193 193 195 197 198 200 200 201 202 202
    203 203 205 205 207 208 209 210 211 212 213 213 213 214 216 216 217
    219 221 221 222 224 225 226 226 227 227 228 229 230 231 231 233 234
    235 235 235 235 237 237 238 239 241 242 243 243 244 245 246 247 248
    249 250 250 251 253 254 255 255</data></your_lkt>
</opencv_storage>
