<?xml version="1.0"?>
<opencv_storage>
<L2_diff>3.5959004435606948e+02</L2_diff>
<r>7</r>
<test_img type_id="opencv-matrix">
  <rows>50</rows>
  <cols>100</cols>
  <dt>u</dt>
  <data>
    228 219 227 164 91 22 85 76 113 161 66 43 139 85 221 241 245 90 226
    233 122 154 217 80 18 104 16 102 47 217 183 175 45 211 181 83 97 67
    61 208 127 3 127 177 223 40 128 187 6 212 207 165 232 46 105 140 193
    240 33 21 48 180 21 179 162 182 213 79 130 38 129 83 124 148 88 236
    60 139 95 120 108 249 135 239 47 223 18 103 152 237 227 175 171 221
    36 32 253 36 207 98 34 245 211 72 93 220 66 115 113 240 86 245 239
    102 245 71 147 106 30 129 177 143 91 182 152 127 233 217 56 158 180
    38 144 254 85 95 83 48 198 69 229 229 77 7 135 207 246 23 251 149 51
    67 219 244 5 187 138 222 251 70 106 35 56 86 44 243 206 191 50 63
    143 81 169 199 86 76 161 30 72 180 153 109 79 186 36 244 245 221 52
    137 140 114 241 177 149 205 59 168 12 157 15 79 110 93 111 9 222 227
    55 74 61 249 21 176 152 216 57 22 235 32 46 117 215 180 234 65 249
    232 164 145 45 22 188 67 97 22 59 252 195 93 132 111 107 196 2 123
    187 228 137 74 219 99 37 38 233 161 64 246 203 24 120 82 244 14 8 91
    3 181 29 10 206 147 44 174 160 184 103 4 202 101 185 96 250 169 150
    58 107 223 239 239 150 145 234 254 38 123 12 184 222 220 168 25 64
    36 30 107 243 26 212 219 119 191 97 14 0 104 81 152 26 81 88 20 186
    204 234 171 112 133 216 41 255 141 85 91 180 70 150 201 250 221 19
    28 59 216 159 91 25 118 156 222 59 209 200 212 86 174 37 118 203 75
    101 53 205 56 203 3 5 217 33 131 179 56 40 122 74 178 181 46 250 202
    182 29 69 49 116 42 207 11 99 172 213 149 139 162 211 219 250 50 161
    167 91 31 180 115 118 21 28 175 19 157 162 187 48 12 148 240 166 7
    67 220 204 123 184 33 23 51 224 149 70 245 223 137 98 244 41 188 228
    138 246 44 198 212 234 221 90 218 200 211 72 198 161 181 180 154 22
    1 51 88 35 235 216 85 24 248 139 88 82 94 144 55 63 234 40 252 219
    32 146 143 26 12 213 80 90 163 159 65 241 150 240 253 85 254 182 210
    254 192 171 228 220 54 47 181 74 58 242 211 192 126 233 171 147 86
    234 1 129 254 131 15 82 81 46 66 61 153 123 1 42 213 70 233 20 172
    249 167 246 213 110 184 189 243 127 171 73 166 157 244 207 36 188
    207 155 199 187 99 98 112 29 148 254 228 112 36 87 93 26 15 30 174
    223 44 237 174 25 57 87 73 125 249 68 135 9 190 14 186 89 55 116 247
    46 238 68 39 192 242 20 78 101 59 6 10 121 1 201 142 173 94 235 237
    227 173 215 191 141 128 63 128 66 253 236 133 91 176 205 160 8 211
    127 227 252 105 129 156 192 192 170 58 146 230 57 90 38 105 63 81 1
    60 252 185 240 70 23 218 135 252 193 46 25 159 241 152 113 98 117
    246 43 124 198 75 72 56 89 221 67 22 115 9 187 4 61 25 218 84 101
    240 224 250 228 189 227 28 52 158 184 193 54 17 52 97 191 94 213 54
    142 18 61 95 14 235 173 172 101 87 126 197 66 182 9 148 189 239 157
    19 156 132 242 126 204 93 43 148 58 237 69 191 32 101 109 164 69 109
    188 86 50 164 11 157 188 195 93 207 7 131 233 63 49 1 154 156 10 9
    131 173 7 48 239 244 103 124 229 82 44 13 240 78 200 94 175 24 48 36
    69 40 103 250 113 207 172 144 175 188 153 242 75 71 85 113 104 202
    156 134 246 204 228 225 90 92 70 145 197 254 169 167 174 68 133 97
    78 43 44 114 27 27 60 33 12 143 48 205 96 175 101 191 168 210 100
    188 135 24 89 170 11 124 224 163 5 151 162 10 2 225 229 235 129 180
    204 118 217 10 77 22 174 16 207 0 229 24 252 219 95 83 157 14 249
    174 22 203 221 39 0 10 74 72 191 31 107 17 86 186 144 57 55 160 196
    115 140 252 254 124 218 38 87 180 71 202 73 248 160 112 117 122 108
    60 73 219 154 55 142 216 104 248 153 40 181 80 171 212 80 92 209 234
    190 41 203 40 56 17 139 98 104 62 110 69 23 199 151 211 88 169 232
    127 132 18 107 178 243 212 220 74 206 49 203 207 166 19 125 204 32
    66 214 202 45 194 28 212 4 198 251 141 103 169 21 82 190 130 99 151
    158 228 205 241 226 234 35 247 132 231 85 51 39 20 7 3 207 204 114
    202 133 168 144 63 45 91 222 129 52 215 168 85 82 20 141 119 95 71
    157 253 93 204 13 199 152 27 100 117 82 131 3 24 253 226 239 126 65
    14 179 197 147 131 152 236 25 102 186 193 129 252 88 228 196 74 187
    44 131 118 229 80 242 205 104 35 7 244 188 86 70 137 207 109 49 245
    135 120 116 196 172 130 38 22 38 24 223 72 31 110 226 245 178 116
    185 147 123 161 157 147 165 28 32 46 200 46 21 172 79 179 221 89 49
    175 80 142 242 208 26 175 21 38 105 155 148 241 205 28 173 3 152 46
    157 175 221 54 33 96 100 92 50 220 107 66 134 13 68 72 202 72 70 136
    178 199 174 96 124 119 1 119 183 224 136 28 77 111 175 20 109 202
    131 190 65 34 80 229 198 81 30 17 91 44 231 50 220 136 45 134 37 250
    52 217 36 106 6 226 205 43 201 32 219 42 109 78 46 94 134 27 133 164
    10 19 38 216 117 75 217 41 2 153 16 102 216 157 228 39 60 12 26 115
    243 7 51 219 72 4 124 24 224 184 199 140 228 12 42 83 158 3 65 23 47
    146 119 81 86 160 81 4 235 134 91 208 67 75 197 104 115 27 89 155
    125 157 254 21 129 71 65 195 198 200 70 133 155 255 121 138 137 127
    255 38 145 111 76 245 45 154 161 54 140 53 225 23 188 79 239 8 225
    230 154 187 97 19 95 13 39 200 0 189 222 80 255 197 225 144 40 38
    144 8 252 140 185 196 152 185 22 75 73 126 213 99 74 197 244 138 100
    221 224 179 6 217 193 222 162 44 104 145 116 86 53 187 169 40 17 36
    232 247 133 122 161 244 43 125 209 239 192 133 100 196 23 204 116 94
    48 224 151 27 224 218 9 215 251 34 233 45 117 57 238 135 152 181 214
    23 208 79 213 106 27 117 128 229 50 29 140 5 205 190 158 228 235 214
    208 227 135 170 204 18 2 151 20 126 235 152 236 14 80 4 121 216 67 1
    142 223 82 203 112 175 220 146 255 202 49 134 11 178 157 10 65 172
    217 96 239 66 104 92 62 228 176 76 172 198 10 252 7 161 242 209 229
    215 225 100 224 5 66 12 130 158 205 214 194 117 53 230 213 0 171 101
    158 49 168 133 101 223 58 236 28 209 39 82 99 133 99 22 7 105 128
    103 165 195 16 106 213 121 73 2 3 162 65 59 28 60 44 123 30 110 83
    15 241 64 171 125 141 90 249 164 46 21 82 58 181 6 178 107 90 55 165
    68 125 24 113 202 184 88 55 6 16 79 16 127 153 110 45 64 189 191 105
    254 136 123 6 91 130 219 51 45 144 170 44 31 134 199 249 34 133 154
    31 254 123 26 163 38 150 35 79 56 154 248 59 5 192 223 251 249 29 98
    177 64 150 242 107 79 151 87 173 26 50 14 210 54 201 107 222 103 129
    1 255 133 96 34 3 149 205 174 250 255 186 9 87 30 84 138 41 101 221
    183 53 140 255 239 175 249 138 190 102 106 200 18 201 105 217 244
    131 170 20 119 211 144 107 112 149 194 155 124 21 67 4 194 220 124
    28 141 176 31 174 29 112 214 52 84 104 184 85 27 97 117 233 170 26
    232 227 234 76 154 203 67 199 92 26 223 149 155 159 199 127 122 106
    255 48 242 92 22 144 106 200 226 197 109 41 44 252 198 118 118 119
    75 110 210 121 93 167 44 99 101 133 124 226 111 21 122 12 212 120 0
    93 235 15 4 249 83 252 84 57 0 140 204 140 137 254 185 69 201 240
    242 138 46 149 175 157 153 94 156 220 181 0 65 47 139 33 73 86 101
    188 219 189 209 160 247 236 50 252 103 200 92 192 175 112 8 115 59
    151 130 191 12 98 167 202 51 102 30 32 146 11 199 85 158 80 83 187
    140 80 126 195 138 97 48 164 35 243 36 142 73 142 76 52 122 199 209
    235 173 21 19 208 219 92 97 84 192 83 97 190 15 188 67 1 83 146 173
    198 149 190 4 78 38 104 55 225 118 173 114 246 68 217 254 211 67 230
    177 28 212 71 15 75 59 60 95 0 176 142 81 27 206 252 9 57 234 79 87
    248 145 105 54 9 165 69 116 202 171 133 3 228 21 30 60 150 100 42 66
    186 247 195 69 189 14 100 233 149 200 197 203 3 45 73 9 241 249 154
    106 159 38 6 28 185 134 174 105 255 179 158 25 79 226 10 26 109 122
    58 140 63 237 180 233 179 0 77 11 196 99 245 174 168 22 92 51 73 229
    92 155 85 29 17 85 104 122 150 23 154 164 76 79 193 153 107 133 137
    134 14 238 101 130 176 63 243 42 6 149 228 105 105 108 175 46 176
    127 77 118 33 141 253 176 211 164 82 29 213 124 134 190 173 145 97
    160 126 13 122 41 27 124 132 207 53 204 8 50 47 51 151 189 47 22 201
    49 250 117 217 106 1 107 235 173 46 176 111 138 173 203 119 45 122
    85 67 88 38 212 204 225 1 17 252 98 82 99 161 90 1 74 225 52 9 16
    141 182 241 114 52 140 73 139 212 52 90 50 23 201 49 193 193 154 50
    194 86 191 169 240 220 214 26 46 213 128 167 23 233 209 125 236 71
    110 94 92 148 53 35 241 150 173 22 242 183 154 195 43 141 185 67 160
    117 26 138 223 253 145 212 153 251 173 202 20 15 225 35 191 13 22 74
    86 79 249 248 195 16 109 65 38 59 42 181 224 220 81 6 136 5 107 242
    224 173 234 253 58 30 156 97 178 211 73 198 107 131 53 51 36 33 135
    113 179 188 156 234 69 156 60 13 214 183 73 37 201 238 120 145 130
    180 176 18 113 127 196 249 255 124 228 165 103 178 56 148 134 57 108
    7 92 177 46 172 211 47 64 149 41 85 229 122 120 81 182 186 43 47 85
    144 180 82 53 141 135 25 83 105 37 211 69 217 95 35 159 177 127 143
    247 9 28 221 168 36 227 193 168 79 206 5 252 33 57 25 8 21 5 151 13
    130 194 226 142 108 137 63 33 187 47 195 218 238 246 87 14 52 240
    162 188 113 66 246 235 47 217 11 252 23 166 213 76 185 68 166 187
    110 57 27 13 99 81 79 114 70 21 165 31 82 11 192 142 174 233 190 47
    64 206 18 78 85 147 139 66 245 44 14 121 100 49 195 222 199 78 185
    172 214 72 177 107 26 227 63 168 222 85 38 195 125 193 125 71 0 91
    189 223 12 21 234 161 200 76 51 128 115 51 237 26 25 236 199 85 156
    88 96 22 51 180 154 99 51 163 250 141 42 161 10 107 89 127 193 45
    162 49 130 148 4 94 132 121 187 29 134 130 248 203 151 229 253 29
    105 156 168 233 154 26 255 167 109 202 187 213 205 201 89 4 3 1 66
    245 100 66 237 70 3 239 97 170 67 231 197 133 45 1 224 56 64 74 0 61
    197 188 160 251 75 241 233 132 180 114 234 166 199 161 179 74 42 186
    105 156 120 7 230 199 144 217 20 114 206 133 59 81 20 86 100 29 123
    223 230 208 65 198 54 181 171 67 97 207 83 180 198 181 246 182 5 131
    134 200 201 90 147 161 117 60 200 29 75 93 173 110 76 0 48 24 212
    192 4 160 189 1 98 2 67 98 47 31 88 72 166 163 90 123 94 222 212 58
    60 99 15 223 232 220 202 110 71 124 192 188 144 68 125 152 105 146
    225 124 88 111 36 112 25 211 60 152 49 250 232 15 72 87 138 85 173
    227 77 33 115 254 156 94 27 29 33 143 202 23 241 18 156 144 31 15
    205 57 234 148 183 219 157 69 101 33 147 174 147 134 6 11 215 220
    194 35 164 210 157 108 34 71 169 31 63 182 208 141 71 79 214 64 141
    219 5 61 34 197 180 132 17 162 214 197 118 226 237 149 248 99 193
    164 158 98 162 164 89 24 33 47 171 113 66 121 165 76 86 61 211 49 52
    239 117 85 182 109 57 96 236 19 85 154 220 128 106 210 137 190 202
    211 204 178 92 21 98 185 88 28 30 59 253 14 144 225 159 59 3 135 114
    57 11 21 62 228 161 63 250 249 64 103 85 8 112 27 108 181 164 46 122
    45 199 228 24 17 159 132 132 140 148 4 44 120 59 149 44 192 16 11
    129 21 131 100 156 177 233 235 17 36 172 205 128 201 159 215 223 14
    28 149 168 0 210 46 144 24 101 132 14 174 73 253 112 238 4 73 29 184
    148 229 149 67 244 40 153 45 249 231 103 184 187 4 67 221 240 209 73
    148 13 185 177 87 108 124 128 217 38 130 192 194 200 26 30 184 157
    26 155 233 183 129 135 114 122 239 5 247 21 42 237 127 215 173 63 89
    6 93 173 168 215 189 196 172 111 69 148 120 128 2 127 82 103 23 91
    105 158 54 244 49 5 145 181 75 136 140 216 228 197 184 176 77 169
    216 192 142 37 65 63 124 5 5 51 187 240 43 166 151 55 78 19 53 71
    218 151 164 212 211 72 218 200 30 139 209 100 37 59 35 8 202 147 30
    185 1 9 243 36 90 50 188 80 88 92 205 166 195 241 173 54 37 25 7 112
    157 86 33 92 148 182 17 83 137 121 15 192 184 116 223 109 9 67 100
    104 236 198 153 123 56 3 62 69 142 91 78 50 183 181 142 159 150 59
    170 156 190 23 85 136 166 27 47 187 43 119 150 169 121 68 15 129 207
    56 78 168 27 4 30 211 115 13 157 168 136 89 92 214 57 252 52 130 158
    111 129 173 237 7 94 219 93 80 80 34 82 131 211 25 25 36 128 176 60
    96 41 166 33 205 192 247 251 255 27 81 210 47 27 22 117 73 227 227
    35 237 131 77 160 104 117 44 111 245 150 46 201 66 61 76 202 29 221
    255 40 129 204 207 210 18 229 180 11 131 105 130 5 20 236 124 144 56
    168 112 114 135 5 89 59 60 229 207 81 145 23 22 91 140 166 254 173
    249 153 34 59 13 21 230 117 16 3 172 148 64 100 43 7 81 29 98 75 188
    71 14 153 13 56 170 144 186 242 241 113 108 33 96 124 252 171 192 80
    255 23 169 149 58 50 242 122 6 66 73 148 15 248 23 166 241 44 90 229
    224 76 70 253 53 198 1 222 212 13 94 112 159 54 122 97 58 143 253
    247 247 141 23 140 189 26 22 189 232 163 144 35 143 90 125 32 186
    195 152 178 105 14 240 135 102 97 250 21 157 118 94 251 155 88 130
    183 116 39 66 125 113 28 87 65 96 233 172 46 5 207 253 94 227 21 119
    212 160 9 24 1 245 56 17 131 60 135 13 37 119 159 176 148 82 135 200
    198 172 234 135 157 16 42 39 216 91 129 126 9 145 180 247 25 201 7
    101 191 199 109 154 71 57 130 14 10 72 118 99 138 109 2 25 196 219
    221 239 11 237 35 56 185 212 97 252 108 142 13 121 2 152 236 153 56
    209 231 79 56 36 2 23 213 109 91 49 214 110 198 190 90 225 35 247
    134 19 178 229 252 136 35 100 114 48 30 92 165 50 19 3 114 215 68 51
    110 220 10 24 201 136 116 36 94 140 58 246 246 192 13 1 66 91 120 23
    78 172 65 220 38 77 39 14 199 221 78 98 169 50 139 192 227 19 243
    232 176 21 195 161 21 18 55 123 108 222 44 132 245 79 212 87 56 16
    174 14 224 182 5 118 250 6 78 225 253 181 183 83 2 83 76 12 251 182
    193 173 194 50 6 239 187 176 27 210 121 104 59 120 9 185 62 101 178
    7 208 235 207 247 21 96 247 165 77 168 75 19 45 23 238 166 226 96 12
    247 115 42 113 217 248 74 180 11 201 77 236 179 96 83 32 81 221 217
    154 222 190 96 91 152 180 98 154 0 47 182 61 248 174 0 4 238 130 144
    246 131 206 186 80 232 197 126 14 84 104 221 89 207 245 184 60 104
    100 94 67 51 91 254 210 141 104 21 182 20 67 146 131 199 45 37 70
    167 3 183 169 40 28 174 89 204 226 27 40 202 159 246 32 251 77 8 211
    11 49 55 237 168 119 120 34 110 216 90 7 51 59 190 95 220 220 1 79
    204 178 119 165 243 61 163 173 44 82 151 48 21 92 229 235 118 87 219
    25 133 166 46 144 232 211 5 152 163 227 21 163 230 54 107 86 253 172
    42 199 226 219 160 70 247 164 17 197 146 72 194 170 24 47 175 216 29
    157 140 178 178 182 130 238 214 102 180 240 201 117 196 176 254 177
    26 127 195 68 204 210 202 109 208 137 83 124 185 125 54 254 99 42
    214 161 107 172 162 113 143 168 76 12 157 156 144 145 12 36 199 74
    23 47 212 250 193 42 172 1 106 247 252 21 148 219 68 68 57 81 89 202
    76 211 32 233 234 69 235 48 27 191 225 171 156 240 205 98 71 250 40
    125 197 51 172 123 168 228 152 123 240 87 171 113 84 247 157 79 157
    71 183 222 104 65 178 152 180 120 210 150 86 209 68 241 111 172 15
    112 104 17 147 81 82 212 188 132 209 172 196 52 172 94 170 158 243
    206 195 52 132 99 87 184 61 176 140 143 156 198 107 45 252 235 155
    255 87 83 105 167 68 61 159 7 21 45 253 118 79 8 226 5 25 154 222
    170 237 28 37 236 108 188 167 239 187 140 253 29 214 165 190 235 177
    73 83 44 176 99 234 111 233 157 0 55 167 12 245 99 238 74 230 197
    135 27 121 43 25 97 129 214 68 140 233 176 139 57 28 111 59 14 30
    190 251 57 241 32 138 133 249 183 171 109 75 91 160 176 215 19 96
    115 162 255 156 126 212 70 189 241 139 49 188 236 37 232 34 202 87
    78 207 67 21 146 209 36 247 113 154 8 252 27 152 135 149 75 31 42
    210 128 155 52 108 253 106 125 162 85 198 118 174 177 89 211 131 198
    54 174 21 163 24 140 2 177 34 35 84 62 39 209 227 57 97 49 210 217
    221 120 80 34 119 190 126 31 209 233 42 135 13 138 18 1 223 117 98
    74 109 17 89 6 116 162 44 219 201 15 69 51 1 219 205 36 42 138 178
    26 179 44 110 234 26 138 135 69 32 58 110 49 75 42 21 32 125 173 146
    176 121 144 177 135 51 64 207 104 37 216 14 246 48 122 232 200 28
    164 192 64 103 50 180 76 119 116 171 28 127 32 103 168 18 148 166
    152 182 88 128 229 154 4 35 82 84 229 152 240 34 180 250 165 50 224
    33 157 94 15 72 122 253 172 67 21 208 174 97 33 151 23 58 174 51 54
    236 123 139 65 176 151 2 212 155 87 162 92 169 94 244 234 66 66 146
    11 81 5 107 37 211 21 100 171 52 100 143 81 28 107 89 82 2 30 229
    150 180 245 230 33 221 134 169 13 157 222 9 129 201 5 92 201 219 119
    109 21 181 96 200 149 105 32 140 144 11 19 24 25 60 137 46 46 109 25
    253 202 133 169 83 213 164 129 101 4 192 90 83 3 198 55 221 182 114
    82 41 62 171 227 224 211 196 113 48 42 134 144 149 14 177 215 158
    242 94 96 81 130 147 17 218 65 139 162 220 32 153 169 138 131 115
    171 133 215 205 17 98 53 96 212 40 205 200 164 29 69 248 33 12 62 91
    16 170 252 115 242 135 13 240 64 98 33 241 101 34 213 106 161 114 79
    209 100 170 166 123 123 30 252 225 185 212 207 115 58 12 13 82 75
    235 208 226 186 38 45 134 94 254 117 71 54 64 57 151 54 100 167 110
    232 179 57 154 37 78 57 200 152 114 30 164 52 89 18 101 8 186 40 254
    88 41 131 151 1 8 59 7 253 70 146 159 246 150 112 100 28 63 14 136
    231 59 64 220 77 41 117 123 14 39 20 185 39 2 14 170 235 131 115 18
    129 181 67 40 103 115 121 118 24 231 195 237 116 76 208 157 153 127
    208 206 91 4 45 237 124 141 99 175 230 208 28 49 103 249 150 242 124
    166 81 52 117 199 84 162 48 23 249 192 195 202 236 175 9 107 199 250
    28 157 254 163 225 62 199 155 24 187 127 51 39 46 79 74 33 96 122
    219 59 159 34 206 116 238 71 157 14 193 118 204 25 149 66 148 83 41
    175 57 109 236 4 33 183 91 98 48 44 76 93 231 125 65 217 171 36 145
    238 208 204 155 243 169 29 210 146 154 195 127 238 66 25 232 154 199
    85 90 221 74 130 227 14 219 6 34 39 134 11 80 150 99 236 129 159 225
    71 157 31 121 45 253 81 76 195 232 163 11 150 211 105 81 48 241 40
    136 99 169 161 80 69 71 56 198 196 10 238 49 60 209 233 71 172 87 59
    9 199 65 73 200 225 76 57 40 6 147 143 96 96 136 242 112 222 114 121
    33 43 66 83 8 204 39 226 150 199 41 128 205 90 9 115 57 8 54 137 255
    232 222 238 78 8 159 108 8 148 65 65 133 213 27 128 252 117 171 103
    26 191 145 0 158 74 134 254 99 89 137 77 171 228 28 3 19 81 212 132
    148 70 87 170 245 143 238 166 82 24 119 49 244 25 29 11 138 254 47
    163 254 64 12 78 115 170 93 118 170 83 143 126 155 14 146 24 87 178
    57 172 255 47 117 77 142 6 231 214 217 223 157 52 210 173 135 58 68
    248 56 43 20 237 185 233 7 227 199 233 30 144 249 247 189 193 144
    156 89 210 141 206 91 162 156 125 36 17 153 95 213 110 70 127 148
    167 187 48 185 134 250 145 154 169 171 36 168 5 192 75 76 145 151
    127 2 216 68 68 127 162 113 222 146 14 188 233 36 49 158 184 58 229
    178 61 58 88 239 227 57 117 146 152 199 236 28 135 103 221 158 23
    203 244 49 35 166 208 122 174 137 116 119 154 52 182 164 73 21 50
    123 95 91 224 194 81 84 241 91 73 55 241 223 126 241 236 179 122 73
    208 255 161 35 13 126 178 197 250 181 120 127 73 167 82 97 42 68 127
    34 177 18 11 101 157 2 172 109 14 144 89 236 214 212 0 76 100 91 50
    224 179 221 158 226 167 45 102 26 17 97 128 107 64 227 85 77 183 156
    59 145 90 62 246 221 48 243 182 250 191 145 62 187 17 222 238 91 178
    57 247 202 110 65 236 132 141 217 107</data></test_img>
<my_img type_id="opencv-matrix">
  <rows>50</rows>
  <cols>100</cols>
  <dt>u</dt>
  <data>
    228 219 227 164 91 22 85 76 113 161 66 43 139 85 221 241 245 90 226
    233 122 154 217 80 18 104 16 102 47 217 183 175 45 211 181 83 97 67
    61 208 127 3 127 177 223 40 128 187 6 212 207 165 232 46 105 140 193
    240 33 21 48 180 21 179 162 182 213 79 130 38 129 83 124 148 88 236
    60 139 95 120 108 249 135 239 47 223 18 103 152 237 227 175 171 221
    36 32 253 36 207 98 34 245 211 72 93 220 66 115 113 240 86 245 239
    102 245 71 147 106 30 129 177 143 91 182 152 127 233 217 56 158 180
    38 144 254 85 95 83 48 198 69 229 229 77 7 135 207 246 23 251 149 51
    67 219 244 5 187 138 222 251 70 106 35 56 86 44 243 206 191 50 63
    143 81 169 199 86 76 161 30 72 180 153 109 79 186 36 244 245 221 52
    137 140 114 241 177 149 205 59 168 12 157 15 79 110 93 111 9 222 227
    55 74 61 249 21 176 152 216 57 22 235 32 46 117 215 180 234 65 249
    232 164 145 45 22 188 67 97 22 59 252 195 93 132 111 107 196 2 123
    187 228 137 74 219 99 37 38 233 161 64 246 203 24 120 82 244 14 8 91
    3 181 29 10 206 147 44 174 160 184 103 4 202 101 185 96 250 169 150
    58 107 223 239 239 150 145 234 254 38 123 12 184 222 220 168 25 64
    36 30 107 243 26 212 219 119 191 97 14 0 104 81 152 26 81 88 20 186
    204 234 171 112 133 216 41 255 141 85 91 180 70 150 201 250 221 19
    28 59 216 159 91 25 118 156 222 59 209 200 212 86 174 37 118 203 75
    101 53 205 56 203 3 5 217 33 131 179 56 40 122 74 178 181 46 250 202
    182 29 69 49 116 42 207 11 99 172 213 149 139 162 211 219 250 50 161
    167 91 31 180 115 118 21 28 175 19 157 162 187 48 12 148 240 166 7
    67 220 204 123 184 33 23 51 224 149 70 245 223 137 98 244 41 188 228
    138 246 44 198 212 234 221 90 218 200 211 72 198 161 181 180 154 22
    1 51 88 35 235 216 85 24 248 139 88 82 94 144 55 63 234 40 252 219
    32 146 143 26 12 213 80 90 163 159 65 241 150 240 253 85 254 182 210
    254 192 171 228 220 54 47 181 74 58 242 211 192 126 233 171 147 86
    234 1 129 254 131 15 82 81 46 66 61 153 123 1 42 213 70 233 20 172
    249 167 246 213 110 184 189 243 127 171 73 166 157 244 207 36 188
    207 155 199 187 99 98 112 29 148 254 228 112 36 87 93 26 15 30 174
    223 44 237 174 25 57 87 73 125 249 68 135 9 190 14 186 89 55 116 247
    46 238 68 39 192 242 20 78 101 59 6 10 121 1 201 142 173 94 235 237
    227 173 215 191 141 128 63 128 66 253 236 133 91 176 205 160 8 211
    127 227 252 105 129 156 192 192 170 58 146 230 57 90 38 105 63 81 1
    60 252 185 240 70 23 218 135 252 193 46 25 159 241 152 113 98 117
    246 43 124 198 75 72 56 89 221 67 22 115 9 187 4 61 25 218 84 101
    240 224 250 228 189 227 28 52 158 184 193 54 17 52 97 191 94 213 54
    142 18 61 95 14 239 175 176 109 93 131 198 66 186 9 152 193 241 162
    22 154 125 246 114 196 87 50 135 60 235 69 187 32 112 117 167 73 112
    185 85 45 160 17 145 176 179 83 201 15 107 233 53 53 3 147 151 17 15
    142 172 10 59 239 247 122 146 231 92 57 16 237 92 205 108 175 25 53
    37 67 42 103 250 108 196 154 127 155 163 136 233 73 71 85 113 104
    202 156 134 246 204 228 225 90 92 70 146 195 255 176 172 182 69 145
    105 78 51 51 118 36 35 65 37 14 134 56 203 95 173 99 185 165 207 107
    190 142 33 93 168 15 125 226 160 9 143 152 14 7 231 235 236 111 170
    206 120 219 18 80 28 177 24 213 1 232 33 255 226 124 96 162 18 247
    175 25 213 228 43 1 12 78 76 187 32 107 14 77 170 131 57 56 150 177
    115 140 252 254 124 218 38 87 180 71 202 73 248 160 113 121 125 119
    66 78 220 163 61 152 222 114 247 158 48 181 87 170 211 84 92 207 236
    187 48 198 44 62 19 147 107 111 58 112 66 29 195 144 206 84 158 237
    112 114 22 102 168 247 215 223 75 210 57 205 212 173 27 145 206 43
    75 216 201 61 193 40 215 5 201 250 144 107 168 24 84 185 127 94 150
    152 224 192 232 213 227 32 247 132 231 85 51 39 20 7 3 207 204 114
    202 133 170 145 63 50 96 222 134 56 214 176 93 88 26 142 124 101 75
    162 252 94 201 14 196 151 33 97 121 86 142 7 32 254 228 237 126 59
    20 171 187 139 127 143 241 29 94 179 190 130 252 91 232 196 74 192
    50 151 134 231 88 239 206 124 45 12 243 184 101 76 150 212 111 54
    241 139 119 110 190 170 122 36 16 35 18 209 74 28 110 226 245 178
    116 185 147 123 161 157 147 165 28 32 41 197 42 20 171 80 184 218 87
    50 184 82 146 247 214 34 181 28 43 107 155 143 241 210 37 177 7 162
    57 164 185 226 49 32 92 97 91 49 219 104 58 128 19 57 63 201 66 68
    143 180 202 172 97 139 133 6 135 185 220 152 41 84 126 172 26 129
    204 142 187 68 42 80 230 201 84 34 17 88 42 229 44 209 122 42 126 33
    250 52 217 36 106 6 226 205 43 201 32 219 42 109 75 42 95 139 26 144
    164 12 20 36 219 120 71 224 45 5 160 24 105 224 162 236 48 73 18 34
    128 246 11 61 229 80 9 128 28 229 181 203 143 231 17 37 79 154 6 56
    26 50 150 124 79 85 163 84 6 237 146 96 211 70 78 195 118 128 39 104
    163 138 161 255 27 133 73 68 195 202 198 70 125 150 255 112 131 133
    125 255 38 145 111 76 245 45 154 161 54 140 53 225 23 188 80 246 5
    229 232 163 188 96 19 96 15 40 203 1 190 226 79 255 195 228 139 50
    45 147 12 250 154 196 205 173 198 28 77 74 135 221 101 74 201 245
    137 100 226 230 177 7 218 198 230 167 49 103 153 119 88 60 190 172
    48 24 46 231 244 145 136 169 240 48 134 215 235 187 134 99 196 26
    203 107 86 46 222 144 20 216 209 9 215 251 34 233 45 117 57 238 135
    152 181 214 23 208 84 218 120 31 134 139 230 51 37 150 5 209 192 169
    237 240 226 216 231 136 176 215 24 3 155 25 141 239 168 239 20 88 8
    121 221 60 2 148 224 78 209 109 173 224 144 255 206 53 143 20 184
    160 18 69 171 220 101 243 70 109 99 69 224 170 74 168 196 14 249 11
    158 238 213 232 221 230 92 226 7 60 9 126 158 199 205 187 117 53 230
    213 0 171 101 158 49 168 133 101 223 58 239 32 212 41 92 113 139 105
    23 6 119 131 110 176 199 20 116 224 129 84 5 7 172 78 73 39 76 58
    133 43 124 93 18 244 57 172 121 146 85 248 161 41 23 70 50 186 6 186
    104 88 56 165 69 133 29 119 207 190 93 62 9 24 83 19 131 156 119 46
    61 178 188 97 255 138 124 10 90 128 220 56 46 146 164 48 29 136 199
    249 34 133 154 31 254 123 26 163 38 150 35 79 61 162 248 70 7 194
    222 250 249 37 109 181 65 153 246 116 79 159 92 181 33 63 19 219 71
    210 120 227 114 145 2 255 138 93 34 5 151 204 170 248 255 186 9 76
    25 75 143 35 101 230 193 56 150 255 244 181 253 156 199 110 118 205
    25 204 110 223 240 131 162 24 109 215 143 103 109 156 192 162 121 19
    68 3 187 216 130 25 141 176 31 174 29 112 214 52 84 104 184 85 27 97
    127 237 177 28 236 231 237 80 161 207 76 202 94 36 231 156 165 173
    206 131 124 112 255 59 245 104 29 150 120 210 229 201 109 37 42 250
    197 117 112 111 69 108 214 112 85 177 37 96 104 144 130 237 114 23
    133 15 226 134 1 99 237 19 6 246 84 248 86 52 1 133 207 137 127 253
    181 71 203 241 241 146 51 155 173 162 161 105 156 220 181 0 65 47
    139 33 73 86 101 188 219 189 209 165 246 240 61 254 116 199 96 192
    175 114 11 117 67 156 130 194 16 97 171 212 66 101 43 43 151 14 202
    99 168 84 83 186 143 76 131 192 143 95 44 169 29 243 31 150 73 152
    79 51 125 216 229 244 186 27 23 226 230 94 101 85 197 83 96 194 15
    180 61 5 76 145 168 198 156 189 11 79 40 107 62 233 127 173 128 245
    68 217 254 211 67 230 177 28 212 71 15 75 59 60 105 3 177 152 95 40
    202 254 17 60 237 79 79 248 151 104 62 15 175 79 119 213 179 136 6
    236 26 41 78 161 108 45 63 182 246 189 59 186 14 100 233 158 204 203
    210 2 45 74 11 244 252 165 117 171 40 8 35 198 145 178 111 255 178
    160 27 77 223 10 31 99 111 53 129 60 240 181 237 179 2 79 16 197 110
    246 181 171 22 92 51 73 229 92 155 85 29 17 85 104 122 150 24 155
    163 82 88 185 144 110 127 133 133 18 240 92 130 185 65 252 45 8 151
    237 104 108 119 186 52 184 138 86 126 35 146 253 179 210 165 76 26
    214 118 136 190 173 142 90 163 125 17 120 42 29 131 141 224 61 216 9
    56 53 60 154 193 53 28 209 54 244 108 219 93 6 97 237 176 52 177 116
    142 177 204 128 53 137 102 85 88 38 212 204 225 1 17 252 98 82 99
    161 90 1 79 226 57 16 23 145 176 241 110 48 139 67 136 218 53 83 49
    25 216 49 201 198 159 60 198 100 195 176 245 228 220 29 49 212 136
    170 26 228 209 126 235 62 107 90 84 153 52 36 243 152 177 23 246 193
    163 203 46 146 189 71 164 121 36 137 227 252 145 213 151 247 169 205
    25 25 233 44 195 22 31 79 93 87 253 249 202 20 109 65 38 59 42 181
    224 220 81 6 136 5 107 242 224 177 237 255 58 39 153 94 179 213 70
    204 102 134 53 51 39 34 146 122 198 201 170 243 84 172 73 10 220 189
    78 37 206 237 120 148 130 180 179 14 109 135 204 247 255 130 228 175
    105 184 65 160 144 74 114 10 94 176 52 172 218 57 69 148 42 91 233
    119 117 79 181 185 42 54 97 154 186 93 68 151 138 27 100 122 45 218
    69 217 95 35 159 177 127 143 247 9 28 221 168 36 230 196 173 86 206
    10 254 39 49 28 10 26 5 156 15 136 212 235 147 114 146 71 34 197 50
    203 227 243 248 94 14 52 244 163 194 105 56 240 232 43 226 10 250 20
    167 221 77 193 74 173 203 116 74 31 16 102 82 85 119 76 31 164 45 82
    16 201 141 177 238 189 45 67 215 23 87 96 155 148 78 247 50 20 135
    120 60 204 222 199 78 185 172 214 72 177 107 26 227 63 168 222 100
    48 197 128 192 125 67 3 85 186 220 14 25 240 172 218 75 52 136 120
    57 246 24 26 243 211 91 163 94 101 18 50 180 155 99 43 158 247 141
    34 159 8 102 86 127 198 48 171 56 135 161 3 104 145 126 203 37 142
    134 247 211 159 236 254 37 111 159 170 237 151 31 255 165 110 214
    196 222 218 211 105 12 9 7 79 248 129 66 237 70 3 239 97 170 67 231
    197 133 45 1 224 63 75 83 3 67 202 180 160 247 69 240 232 139 190
    114 240 181 219 177 197 84 43 197 121 175 136 8 235 204 148 221 17
    116 203 130 51 77 18 83 93 28 118 229 233 211 66 202 59 193 180 76
    104 227 97 190 207 184 245 185 5 127 133 209 211 95 148 164 114 62
    204 33 80 95 179 119 86 2 66 37 222 199 12 176 201 6 126 2 67 98 47
    31 88 72 166 163 90 123 94 222 212 68 73 118 23 223 231 216 205 107
    67 125 197 194 154 69 130 165 108 155 229 133 95 116 39 126 24 216
    62 151 48 252 231 14 75 93 128 83 167 226 71 35 114 253 156 88 33 36
    40 147 215 29 245 22 173 155 45 17 214 70 243 154 190 227 161 74 102
    43 142 175 143 124 6 11 221 229 204 50 172 218 168 127 44 87 184 45
    73 182 208 141 71 79 214 64 141 219 5 61 34 197 180 139 27 164 212
    199 114 224 235 148 245 99 203 175 169 96 180 186 92 27 33 49 188
    120 77 138 178 84 91 63 214 46 51 238 114 88 178 105 58 96 236 18 86
    155 228 131 104 218 143 205 216 230 227 193 104 26 109 194 99 39 40
    71 255 17 141 230 160 67 3 126 108 60 10 25 70 232 171 76 249 247 79
    121 104 19 139 41 137 181 164 46 122 45 199 228 24 17 159 132 132
    140 148 7 54 124 68 143 53 187 22 14 128 32 138 102 164 187 239 245
    18 40 192 218 142 215 170 224 229 14 29 150 175 1 204 46 143 31 101
    133 15 176 73 252 116 238 3 76 37 188 153 232 156 75 247 44 163 49
    253 233 109 188 194 5 69 228 247 212 78 139 14 185 176 85 111 118
    125 227 59 139 199 199 204 40 43 195 177 40 169 233 183 129 135 114
    122 239 5 247 21 42 237 127 215 171 74 94 11 94 164 154 215 184 198
    170 111 77 158 128 141 2 144 86 103 26 103 111 169 66 247 54 3 150
    181 84 133 138 214 226 190 187 179 83 168 215 198 147 42 73 67 133 6
    7 56 202 245 46 173 163 59 84 22 53 75 223 156 168 222 218 78 220
    201 34 133 214 105 42 68 53 17 210 159 43 189 6 22 244 53 107 62 188
    80 88 92 205 166 195 241 173 54 37 25 7 112 147 90 41 99 142 173 23
    88 135 116 19 199 195 117 228 109 12 75 92 102 241 204 156 130 65 5
    67 76 144 100 87 50 178 178 142 154 150 67 173 156 190 28 93 142 169
    33 53 195 49 125 163 184 133 76 20 126 214 54 79 177 36 6 44 220 113
    18 154 169 127 91 95 221 62 253 69 136 163 127 136 176 236 19 112
    224 110 97 80 34 82 131 211 25 25 36 128 176 60 96 41 166 37 204 187
    244 249 255 33 80 210 49 35 26 112 74 229 232 39 246 139 77 172 108
    120 44 118 247 147 45 205 66 65 78 201 34 224 255 39 139 205 206 215
    23 236 185 16 142 107 137 7 22 243 131 150 60 170 105 102 122 8 85
    59 66 237 215 80 136 27 25 88 133 168 253 177 244 158 49 70 25 34
    226 126 32 11 185 162 74 100 43 7 81 29 98 75 188 71 14 153 13 56
    170 135 176 239 238 108 96 36 88 114 249 162 199 75 255 25 176 152
    54 44 247 133 8 67 77 148 17 252 20 168 239 42 97 228 223 80 65 252
    56 196 2 227 219 18 100 121 164 57 126 100 63 152 254 249 249 139 29
    126 188 28 24 196 241 165 139 44 136 83 117 35 193 199 156 186 103
    23 235 136 108 102 247 32 164 129 114 252 167 88 130 183 116 39 66
    125 113 28 87 65 96 233 172 56 6 202 253 85 226 23 110 210 152 8 27
    1 247 57 16 145 57 141 14 40 126 162 189 148 86 131 198 198 169 232
    130 153 18 46 39 216 102 138 134 9 159 184 249 31 202 9 103 202 206
    119 168 79 67 130 19 8 75 114 108 134 117 5 35 207 229 228 243 15
    239 42 61 193 211 99 252 112 144 19 122 6 152 235 163 66 211 231 79
    56 36 2 23 213 109 91 49 214 110 198 190 94 223 42 243 124 18 178
    227 248 129 39 94 113 57 35 86 173 51 18 7 121 222 71 53 114 226 10
    23 206 131 114 37 104 143 65 247 247 199 12 2 68 99 129 28 83 178 67
    228 40 77 40 17 205 230 86 108 171 50 133 198 233 25 248 240 185 31
    202 162 31 23 57 128 116 223 56 137 238 86 210 93 66 27 182 22 223
    188 5 118 250 6 78 225 253 181 183 83 2 83 76 12 249 186 197 180 203
    59 7 233 190 182 33 222 129 110 65 122 11 204 58 96 187 10 214 237
    213 253 22 91 250 158 86 163 84 23 54 27 240 171 232 99 14 249 125
    52 126 228 252 79 194 14 214 91 239 187 104 100 40 84 224 218 154
    231 199 105 95 150 182 102 153 2 52 192 69 243 181 2 10 235 128 139
    243 137 206 193 91 235 197 126 14 84 104 221 89 207 245 184 60 104
    100 94 73 60 93 254 213 136 97 20 186 17 65 154 141 216 46 41 73 178
    8 193 176 44 32 176 93 212 224 27 44 202 152 245 40 250 88 6 214 10
    57 59 238 173 129 133 42 119 227 93 8 56 71 209 103 229 227 2 85 205
    185 116 169 248 70 168 180 51 76 143 57 28 96 232 233 127 94 218 34
    137 164 50 151 231 211 10 165 176 227 21 163 230 54 107 86 253 172
    42 199 226 219 160 76 246 163 17 205 148 74 202 170 27 53 187 228 37
    163 148 196 196 189 133 239 218 103 188 238 206 113 192 176 254 178
    28 133 193 83 206 214 209 116 207 148 91 141 194 145 65 255 104 50
    227 176 114 189 172 113 151 173 70 9 159 156 151 151 14 48 206 67 32
    53 218 247 198 43 173 5 112 240 250 23 143 212 80 77 67 93 111 202
    76 211 32 233 234 69 235 48 27 191 225 171 156 233 204 100 75 243 46
    118 198 62 177 119 173 232 161 128 239 95 187 114 87 250 159 84 151
    78 192 221 105 69 175 146 177 127 216 153 97 210 84 244 120 178 24
    126 111 25 167 90 88 220 205 154 219 188 204 58 182 94 172 158 247
    207 203 56 127 100 80 178 61 176 131 139 159 198 111 53 250 229 158
    255 86 86 113 175 80 68 171 7 21 45 253 118 79 8 226 5 25 154 222
    170 237 33 45 228 107 188 163 233 192 136 250 32 226 173 207 236 193
    79 87 43 184 105 237 114 233 148 1 53 164 12 241 104 237 90 230 195
    144 37 145 59 34 110 153 221 83 165 239 190 155 63 27 129 69 16 29
    197 252 61 241 32 135 130 249 186 175 104 74 84 152 176 221 23 96
    119 167 255 158 126 205 69 181 238 142 50 189 239 39 232 34 202 87
    78 207 67 21 146 209 36 247 113 154 9 249 29 145 127 146 77 41 53
    218 126 163 68 118 252 113 131 172 85 202 125 181 181 94 214 129 195
    53 175 20 155 28 151 2 186 48 48 105 79 51 211 232 71 110 59 222 232
    236 142 91 40 137 202 137 31 219 239 41 135 10 139 20 3 226 112 95
    68 104 20 87 10 118 164 46 215 189 17 79 45 3 206 194 39 43 137 176
    26 179 44 110 234 26 138 135 69 32 58 110 49 75 48 22 37 119 178 145
    189 114 141 194 134 63 70 218 101 34 229 12 249 49 125 233 204 28
    156 195 59 105 54 182 87 125 125 184 42 143 44 120 182 24 160 177
    170 194 103 151 241 172 5 37 94 94 235 158 244 37 188 250 165 44 227
    33 152 93 15 68 112 253 169 69 26 211 178 101 35 146 24 65 170 49 56
    235 126 145 69 176 151 2 212 155 87 162 92 169 94 244 234 66 66 146
    11 84 3 105 37 218 20 92 176 57 90 145 83 27 101 88 78 2 23 232 144
    192 245 231 36 221 127 172 16 153 228 9 141 206 6 108 205 227 139
    120 27 190 105 201 167 117 33 156 160 9 18 20 22 62 143 50 48 107 18
    254 205 133 169 79 212 162 116 96 8 192 87 83 6 189 61 214 172 107
    82 31 65 165 220 213 201 187 113 48 42 134 144 149 14 177 215 158
    242 94 96 81 130 147 17 218 65 139 162 220 32 153 169 138 131 115
    171 133 215 205 17 98 53 96 212 40 205 200 164 29 69 248 33 12 62 91
    16 170 252 115 242 135 13 240 64 98 33 241 101 34 213 106 161 114 79
    209 100 170 166 123 123 30 252 225 185 212 207 115 58 12 13 82 75
    235 208 226 186 38 45 134 94 254 117 71 54 64 57 151 54 100 167 110
    232 179 57 154 37 78 57 200 152 114 30 164 52 89 18 101 8 186 40 254
    88 41 131 151 1 8 59 7 253 70 146 159 246 150 112 100 28 63 14 136
    231 59 64 220 77 41 117 123 14 39 20 185 39 2 14 170 235 131 115 18
    129 181 67 40 103 115 121 118 24 231 195 237 116 76 208 157 153 127
    208 206 91 4 45 237 124 141 99 175 230 208 28 49 103 249 150 242 124
    166 81 52 117 199 84 162 48 23 249 192 195 202 236 175 9 107 199 250
    28 157 254 163 225 62 199 155 24 187 127 51 39 46 79 74 33 96 122
    219 59 159 34 206 116 238 71 157 14 193 118 204 25 149 66 148 83 41
    175 57 109 236 4 33 183 91 98 48 44 76 93 231 125 65 217 171 36 145
    238 208 204 155 243 169 29 210 146 154 195 127 238 66 25 232 154 199
    85 90 221 74 130 227 14 219 6 34 39 134 11 80 150 99 236 129 159 225
    71 157 31 121 45 253 81 76 195 232 163 11 150 211 105 81 48 241 40
    136 99 169 161 80 69 71 56 198 196 10 238 49 60 209 233 71 172 87 59
    9 199 65 73 200 225 76 57 40 6 147 143 96 96 136 242 112 222 114 121
    33 43 66 83 8 204 39 226 150 199 41 128 205 90 9 115 57 8 54 137 255
    232 222 238 78 8 159 108 8 148 65 65 133 213 27 128 252 117 171 103
    26 191 145 0 158 74 134 254 99 89 137 77 171 228 28 3 19 81 212 132
    148 70 87 170 245 143 238 166 82 24 119 49 244 25 29 11 138 254 47
    163 254 64 12 78 115 170 93 118 170 83 143 126 155 14 146 24 87 178
    57 172 255 47 117 77 142 6 231 214 217 223 157 52 210 173 135 58 68
    248 56 43 20 237 185 233 7 227 199 233 30 144 249 247 189 193 144
    156 89 210 141 206 91 162 156 125 36 17 153 95 213 110 70 127 148
    167 187 48 185 134 250 145 154 169 171 36 168 5 192 75 76 145 151
    127 2 216 68 68 127 162 113 222 146 14 188 233 36 49 158 184 58 229
    178 61 58 88 239 227 57 117 146 152 199 236 28 135 103 221 158 23
    203 244 49 35 166 208 122 174 137 116 119 154 52 182 164 73 21 50
    123 95 91 224 194 81 84 241 91 73 55 241 223 126 241 236 179 122 73
    208 255 161 35 13 126 178 197 250 181 120 127 73 167 82 97 42 68 127
    34 177 18 11 101 157 2 172 109 14 144 89 236 214 212 0 76 100 91 50
    224 179 221 158 226 167 45 102 26 17 97 128 107 64 227 85 77 183 156
    59 145 90 62 246 221 48 243 182 250 191 145 62 187 17 222 238 91 178
    57 247 202 110 65 236 132 141 217 107</data></my_img>
<your_img type_id="opencv-matrix">
  <rows>50</rows>
  <cols>100</cols>
  <dt>u</dt>
  <data>
    228 219 227 164 91 22 85 76 113 161 66 43 139 85 221 241 245 90 226
    233 122 154 217 80 18 104 16 102 47 217 183 175 45 211 181 83 97 67
    61 208 127 3 127 177 223 40 128 187 6 212 207 165 232 46 105 140 193
    240 33 21 48 180 21 179 162 182 213 79 130 38 129 83 124 148 88 236
    60 139 95 120 108 249 135 239 47 223 18 103 152 237 227 175 171 221
    36 32 253 36 207 98 34 245 211 72 93 220 66 115 113 240 86 245 239
    102 245 71 147 106 30 129 177 143 91 182 152 127 233 217 56 158 180
    38 144 254 85 95 83 48 198 69 229 229 77 7 135 207 246 23 251 149 51
    67 219 244 5 187 138 222 251 70 106 35 56 86 44 243 206 191 50 63
    143 81 169 199 86 76 161 30 72 180 153 109 79 186 36 244 245 221 52
    137 140 114 241 177 149 205 59 168 12 157 15 79 110 93 111 9 222 227
    55 74 61 249 21 176 152 216 57 22 235 32 46 117 215 180 234 65 249
    232 164 145 45 22 188 67 97 22 59 252 195 93 132 111 107 196 2 123
    187 228 137 74 219 99 37 38 233 161 64 246 203 24 120 82 244 14 8 91
    3 181 29 10 206 147 44 174 160 184 103 4 202 101 185 96 250 169 150
    58 107 223 239 239 150 145 234 254 38 123 12 184 222 220 168 25 64
    36 30 107 243 26 212 219 119 191 97 14 0 104 81 152 26 81 88 20 186
    204 234 171 112 133 216 41 255 141 85 91 180 70 150 201 250 221 19
    28 59 216 159 91 25 118 156 222 59 209 200 212 86 174 37 118 203 75
    101 53 205 56 203 3 5 217 33 131 179 56 40 122 74 178 181 46 250 202
    182 29 69 49 116 42 207 11 99 172 213 149 139 162 211 219 250 50 161
    167 91 31 180 115 118 21 28 175 19 157 162 187 48 12 148 240 166 7
    67 220 204 123 184 33 23 51 224 149 70 245 223 137 98 244 41 188 228
    138 246 44 198 212 234 221 90 218 200 211 72 198 161 181 180 154 22
    1 51 88 35 235 216 85 24 248 139 88 82 94 144 55 63 234 40 252 219
    32 146 143 26 12 213 80 90 163 159 65 241 150 240 253 85 254 182 210
    254 192 171 228 220 54 47 181 74 58 242 211 192 126 233 171 147 86
    234 1 129 254 131 15 82 81 46 66 61 153 123 1 42 213 70 233 20 172
    249 167 246 213 110 184 189 243 127 171 73 166 157 244 207 36 188
    207 155 199 187 99 98 112 29 148 254 228 112 36 87 93 26 15 30 174
    223 44 237 174 25 57 87 73 125 249 68 135 9 190 14 186 89 55 116 247
    46 238 68 39 192 242 20 78 101 59 6 10 121 1 201 142 173 94 235 237
    227 173 215 191 141 128 63 128 66 253 236 133 91 176 205 160 8 211
    127 227 252 105 129 156 192 192 170 58 146 230 57 90 38 105 63 81 1
    60 252 185 240 70 23 218 135 252 193 46 25 159 241 152 113 98 117
    246 43 124 198 75 72 56 89 221 67 22 115 9 187 4 61 25 218 84 101
    240 224 250 228 189 227 28 52 158 184 193 54 17 52 97 191 94 213 54
    142 18 61 95 14 236 175 174 105 91 128 198 69 185 10 150 191 239 160
    20 158 134 242 128 205 97 45 150 61 238 72 193 35 105 113 166 72 113
    190 90 53 166 12 160 190 196 97 208 8 134 234 66 52 2 156 158 11 10
    134 175 8 51 239 244 107 127 230 86 47 14 240 81 201 98 178 26 51 39
    72 43 107 250 116 208 174 146 178 190 155 242 78 71 85 113 104 202
    156 134 246 204 228 225 90 92 70 147 198 254 171 168 177 71 136 101
    81 45 47 117 30 30 64 36 13 145 51 207 100 178 105 193 170 211 104
    190 138 26 93 172 12 127 225 165 6 153 164 11 3 226 230 236 131 183
    205 121 218 11 80 24 177 17 208 1 230 26 252 220 99 87 160 16 249
    177 24 204 222 42 1 11 77 75 193 34 111 18 90 188 146 60 58 162 197
    115 140 252 254 124 218 38 87 180 71 202 73 248 160 115 120 124 112
    64 76 220 156 58 144 217 108 247 155 43 184 83 173 214 83 96 210 235
    192 44 204 43 59 18 141 102 108 65 114 72 25 200 153 212 92 171 232
    130 134 19 111 181 243 214 221 77 207 52 204 208 168 20 128 205 35
    69 216 204 48 195 31 214 5 199 250 143 107 171 23 86 192 132 103 153
    161 229 207 242 227 235 38 247 132 231 85 51 39 20 7 3 207 204 114
    202 133 170 146 66 48 95 223 131 56 216 170 89 86 21 143 122 99 74
    160 253 97 205 14 200 154 30 104 120 86 134 4 26 253 227 239 128 68
    16 181 198 149 134 154 237 27 106 188 195 131 252 92 229 197 77 189
    47 134 121 230 83 242 207 108 38 8 244 190 90 73 139 208 113 52 245
    138 123 119 197 174 132 41 24 41 26 224 75 34 110 226 245 178 116
    185 147 123 161 157 147 165 28 32 49 201 49 23 174 82 181 222 93 52
    178 83 144 242 209 29 178 23 41 109 157 150 242 207 31 175 4 154 49
    160 178 222 57 36 100 104 96 53 221 111 69 137 14 71 75 204 75 73
    139 181 200 177 100 127 122 2 122 185 225 139 31 80 114 178 21 113
    204 134 192 68 37 83 230 199 84 33 18 95 47 231 53 221 139 48 137 40
    250 52 217 36 106 6 226 205 43 201 32 219 42 109 81 49 98 137 30 136
    166 11 20 41 217 120 78 218 44 3 155 17 106 217 160 229 42 64 13 29
    118 243 8 55 220 75 5 127 26 225 186 200 142 229 13 45 87 161 4 68
    25 50 148 122 84 90 162 84 5 236 137 95 209 70 78 198 108 118 30 93
    157 128 160 254 23 131 74 68 196 199 201 73 136 157 255 123 140 139
    130 255 38 145 111 76 245 45 154 161 54 140 53 225 23 188 82 239 9
    226 231 156 189 101 20 99 14 42 201 1 191 223 83 255 198 226 146 43
    41 146 9 252 142 187 197 154 187 24 78 76 128 215 103 77 198 244 140
    104 222 225 181 7 218 195 223 164 47 108 147 119 90 56 189 171 43 18
    39 232 247 136 124 163 244 45 128 210 239 194 136 104 197 25 205 119
    98 51 225 153 30 225 219 10 215 251 34 233 45 117 57 238 135 152 181
    214 23 208 82 215 110 30 120 130 230 53 32 142 6 207 192 161 229 236
    216 209 228 138 172 205 19 3 153 21 128 236 154 237 16 83 5 123 217
    70 2 144 224 86 204 115 178 221 148 255 204 52 137 12 181 160 11 68
    174 218 100 239 69 108 96 65 229 179 79 174 199 11 252 8 163 242 210
    230 216 226 104 225 6 69 13 132 161 207 216 195 117 53 230 213 0 171
    101 158 49 168 133 101 223 58 237 31 210 42 86 103 136 103 24 8 109
    130 107 167 196 17 110 215 123 76 3 4 164 68 63 31 64 47 125 33 114
    87 17 242 67 173 128 143 94 249 166 49 23 86 61 184 7 181 111 94 58
    167 71 128 26 116 204 186 92 58 7 17 82 17 130 155 114 48 67 191 193
    109 254 139 125 7 95 132 220 55 48 146 172 47 34 137 199 249 34 133
    154 31 254 123 26 163 38 150 35 79 59 156 247 63 6 194 224 250 249
    32 102 180 67 152 242 111 82 153 91 175 29 53 16 211 57 202 111 223
    107 131 2 255 136 100 37 4 151 207 177 250 255 188 10 91 33 87 140
    44 105 222 185 56 142 255 239 178 249 140 192 106 110 201 19 202 109
    218 244 134 172 21 122 212 146 111 115 151 195 157 127 23 70 5 195
    221 127 31 141 176 31 174 29 112 214 52 84 104 184 85 27 97 120 234
    172 29 232 228 235 79 156 204 70 200 96 29 224 151 157 162 200 130
    124 110 255 51 242 96 24 146 110 201 227 198 113 44 47 252 199 121
    121 122 78 114 211 123 97 168 47 103 105 136 127 227 114 23 124 13
    214 123 1 97 236 17 5 249 87 252 87 60 1 142 205 142 139 254 187 72
    202 240 242 140 49 151 178 160 155 98 156 220 181 0 65 47 139 33 73
    86 101 188 219 189 210 162 247 237 53 252 107 201 96 194 178 115 9
    118 63 153 132 193 13 102 168 204 55 106 33 35 148 12 200 89 161 83
    87 189 142 83 128 196 140 101 51 166 38 243 39 144 76 144 79 56 124
    200 210 236 175 23 20 209 220 96 101 87 194 87 101 192 17 190 70 2
    87 148 175 199 151 192 5 81 41 108 58 226 121 175 117 246 68 217 254
    211 67 230 177 28 212 71 15 75 59 60 99 1 179 144 84 30 207 252 10
    60 235 82 91 247 147 109 57 10 167 72 119 204 173 136 4 229 23 33 64
    152 104 45 69 188 247 196 72 191 16 104 234 151 201 198 204 4 48 76
    10 242 249 156 110 162 41 7 31 187 137 177 109 255 181 161 27 82 227
    11 29 113 124 61 142 66 238 183 234 181 1 80 12 197 103 245 177 170
    22 92 51 73 229 92 155 85 29 17 85 104 122 150 25 156 166 79 82 195
    155 111 136 139 137 16 239 105 132 179 66 243 45 7 151 229 109 109
    112 178 49 179 130 80 121 36 143 253 179 212 166 86 32 215 127 137
    192 175 147 101 162 128 14 124 44 30 127 134 208 56 205 9 53 50 55
    153 191 50 24 202 52 250 120 218 110 2 111 236 175 49 179 114 140
    175 204 122 48 124 89 70 88 38 212 204 225 1 17 252 98 82 99 161 90
    1 77 226 56 10 17 143 185 242 117 56 142 76 141 214 56 94 53 25 202
    52 195 195 156 53 195 90 193 171 240 221 216 29 49 215 130 168 25
    234 210 128 237 74 114 98 96 150 56 38 242 152 175 24 242 185 156
    196 45 143 187 70 162 120 29 140 224 253 147 214 155 250 175 204 21
    17 226 38 193 14 24 77 90 82 249 247 196 17 109 65 38 59 42 181 224
    220 81 6 136 5 107 242 225 175 235 253 61 33 158 101 181 212 76 199
    111 134 56 55 39 36 138 116 181 190 158 235 72 158 64 14 216 185 76
    40 202 239 123 147 132 183 179 19 116 130 197 249 255 127 229 167
    107 181 59 150 137 60 112 8 96 180 49 174 212 50 67 151 44 89 230
    124 123 84 185 188 45 50 89 146 183 86 56 143 138 27 87 109 40 212
    69 217 95 35 159 177 127 143 247 9 28 221 168 36 228 195 170 82 207
    6 252 36 60 27 9 23 6 153 14 132 195 227 144 112 139 66 36 189 50
    196 219 239 246 91 16 56 240 164 190 116 69 246 236 50 218 12 252 25
    168 215 79 187 71 168 189 114 60 30 14 103 84 82 117 73 23 167 34 86
    12 194 144 177 234 192 50 67 207 19 81 89 149 141 69 245 47 16 123
    104 52 196 222 199 78 185 172 214 72 177 107 26 227 63 168 222 89 41
    196 128 195 128 74 1 95 191 224 13 23 235 163 201 79 55 130 118 55
    238 29 27 237 200 89 158 92 100 24 55 183 156 103 55 165 250 143 45
    163 11 111 93 130 195 48 164 52 132 150 5 98 134 123 189 32 137 132
    247 204 153 230 253 32 109 158 170 234 156 29 255 168 113 204 189
    215 207 202 93 5 4 2 69 245 104 66 237 70 3 239 97 170 67 231 197
    133 45 1 224 59 67 77 1 64 198 190 162 250 78 242 234 134 183 117
    235 168 200 163 181 77 45 188 109 158 123 8 231 200 146 218 21 117
    207 136 63 84 21 90 104 32 125 224 231 209 68 199 57 184 173 70 101
    208 87 183 199 184 246 185 6 134 137 201 202 94 149 163 120 64 201
    32 78 97 175 114 79 1 51 26 214 194 5 162 191 2 102 2 67 98 47 31 88
    72 166 163 90 123 94 222 212 61 64 103 17 224 232 221 204 114 74 127
    194 190 146 71 128 154 109 148 226 127 92 114 39 115 27 212 64 154
    52 250 232 17 75 91 140 89 175 228 80 36 118 254 158 98 30 32 36 145
    204 25 242 19 158 146 34 17 207 60 235 150 185 220 160 72 105 36 149
    177 149 137 7 12 216 221 195 38 166 211 160 112 37 74 171 34 66 182
    208 141 71 79 214 64 141 219 5 61 34 197 180 134 18 164 216 198 121
    227 238 151 247 103 195 166 161 102 164 166 93 26 36 50 173 116 69
    123 167 79 90 64 212 52 56 239 120 89 185 113 60 100 237 20 89 156
    221 130 110 211 139 192 204 212 205 181 96 23 102 187 92 31 33 63
    253 16 146 226 162 63 4 138 117 60 12 23 65 229 163 66 250 249 67
    107 89 9 115 30 112 181 164 46 122 45 199 228 24 17 159 132 132 140
    148 5 47 123 63 151 47 194 17 12 131 23 134 104 158 180 234 236 18
    39 174 207 130 202 162 216 224 16 31 151 170 1 211 49 146 26 105 134
    16 177 76 253 115 239 5 76 32 186 150 230 151 70 244 43 155 48 249
    231 107 186 189 5 70 222 240 210 76 150 14 187 180 91 112 127 130
    218 41 132 194 195 201 29 33 186 160 29 157 233 183 129 135 114 122
    239 5 247 21 42 237 127 215 175 66 93 7 97 175 170 216 191 197 174
    114 72 150 123 130 3 130 86 107 25 95 109 161 57 244 52 6 147 184 78
    139 142 217 229 198 186 179 80 171 217 194 144 40 68 66 127 6 6 55
    189 240 45 168 153 58 81 20 56 74 219 153 166 214 212 75 219 201 33
    141 210 104 40 63 38 9 204 149 33 187 2 10 243 39 94 53 188 80 88 92
    205 166 195 241 173 54 37 25 7 112 160 90 36 96 150 185 18 87 139
    123 17 194 186 119 224 113 10 70 104 108 237 199 155 125 59 4 65 72
    144 95 81 53 185 184 144 162 152 63 172 158 192 25 89 139 168 30 50
    189 45 122 152 171 123 71 17 131 208 59 81 170 30 5 33 212 118 14
    160 170 139 93 96 216 60 252 56 132 161 114 131 175 238 8 98 220 97
    83 80 34 82 131 211 25 25 36 128 176 60 96 41 166 36 207 194 247 250
    255 30 84 211 50 30 24 120 76 228 228 38 238 134 80 162 108 120 47
    114 245 152 49 202 69 64 79 204 32 222 255 43 131 205 208 211 19 230
    183 12 134 109 132 6 21 237 127 146 59 170 115 117 138 6 93 63 64
    230 208 84 147 25 24 95 142 168 254 175 249 155 37 63 14 23 231 120
    17 4 174 150 67 100 43 7 81 29 98 75 188 71 14 153 13 56 170 146 188
    242 242 116 112 36 100 127 252 173 194 83 255 25 171 151 61 53 242
    124 7 69 76 150 17 247 25 168 242 47 94 230 225 79 73 253 56 199 2
    223 214 14 98 115 162 57 124 101 61 145 253 247 247 143 25 142 191
    29 24 191 232 165 146 38 145 94 128 35 188 196 154 181 109 16 240
    138 106 101 250 23 160 121 98 250 157 88 130 183 116 39 66 125 113
    28 87 65 96 233 172 49 6 208 253 98 228 23 122 214 162 10 26 2 245
    59 18 134 64 138 14 40 122 162 179 150 86 138 201 199 174 235 138
    160 17 45 42 217 95 131 128 10 147 183 247 27 202 8 105 193 200 113
    156 74 60 132 16 11 75 121 103 140 113 3 27 197 220 222 239 12 238
    38 59 187 214 101 252 112 144 14 123 3 154 237 155 59 210 231 79 56
    36 2 23 213 109 91 49 214 110 198 190 94 226 38 247 137 20 181 230
    252 139 38 104 117 51 33 96 167 53 20 4 117 216 71 55 114 221 11 26
    202 139 119 39 98 142 61 246 246 194 14 2 69 95 123 25 81 174 68 221
    41 80 42 16 200 222 81 102 171 53 141 194 228 20 243 232 179 23 196
    163 23 19 58 125 112 223 47 134 245 82 214 91 59 17 177 16 225 185 5
    118 250 6 78 225 253 181 183 83 2 83 76 12 250 185 195 175 195 53 7
    239 189 179 30 211 123 108 63 123 10 187 65 105 181 8 209 236 208
    247 23 100 247 167 80 170 78 20 48 25 239 168 227 100 13 247 118 45
    116 218 247 77 183 12 202 80 237 181 100 87 35 84 222 218 156 223
    192 100 95 154 183 102 156 1 50 185 64 247 177 1 5 239 132 146 246
    134 207 188 83 232 197 126 14 84 104 221 89 207 245 184 60 104 100
    94 70 55 95 254 211 143 108 23 185 21 70 148 134 200 48 40 73 168 4
    185 171 43 31 177 93 205 227 30 43 204 162 246 35 250 80 9 212 12 52
    58 238 170 122 123 37 114 217 94 8 55 63 192 99 221 221 2 82 205 181
    122 167 243 64 165 175 47 86 153 51 23 96 230 236 121 91 220 27 136
    168 49 146 232 212 6 154 165 227 21 163 230 54 107 86 253 172 42 199
    226 219 160 73 247 166 18 198 148 75 195 172 26 50 178 217 32 160
    142 181 181 185 132 239 216 106 183 240 202 120 197 179 254 180 29
    130 196 71 205 211 204 113 209 139 87 127 187 128 57 254 103 45 216
    163 111 174 164 116 145 170 79 13 160 158 146 147 13 39 200 77 25 50
    214 250 195 45 174 2 110 247 252 23 150 220 71 71 60 84 93 202 76
    211 32 233 234 69 235 48 27 191 225 171 156 240 207 102 74 250 43
    128 198 55 174 125 170 229 154 125 240 91 173 116 87 247 160 82 160
    74 185 223 108 68 181 154 183 123 211 152 90 210 71 242 114 174 17
    115 108 18 149 84 86 214 190 134 210 174 197 56 174 98 172 161 243
    207 196 56 134 103 91 186 64 179 142 145 158 199 111 48 252 236 157
    255 91 87 109 168 71 64 162 7 21 45 253 118 79 8 226 5 25 154 222
    170 237 31 40 237 112 190 168 239 189 142 253 32 216 167 192 236 180
    76 87 47 179 103 235 114 234 160 1 58 168 13 245 103 239 77 231 198
    138 30 123 45 27 101 131 216 71 142 234 179 141 60 31 114 63 16 33
    192 250 60 242 35 140 136 249 185 173 113 78 95 162 179 216 20 100
    118 164 255 158 128 214 73 191 242 141 52 190 237 40 232 34 202 87
    78 207 67 21 146 209 36 247 113 154 9 252 30 154 138 151 78 34 45
    211 130 157 56 112 253 110 128 164 89 199 121 177 180 93 212 134 199
    57 177 23 165 26 142 3 180 37 38 87 65 42 210 228 60 101 52 211 218
    222 123 83 37 122 192 128 34 210 234 45 138 14 140 19 2 224 120 102
    77 113 18 93 7 119 164 47 220 202 17 72 55 2 220 207 39 45 140 181
    26 179 44 110 234 26 138 135 69 32 58 110 49 75 45 23 35 128 175 148
    179 123 146 180 138 55 67 208 108 40 217 16 246 51 124 232 201 31
    166 194 67 107 53 183 79 122 119 173 31 130 35 107 170 19 150 168
    154 185 92 130 230 156 5 38 86 87 230 154 240 37 183 250 167 53 225
    36 160 98 17 75 124 253 174 70 23 209 177 101 36 153 25 61 177 55 57
    237 125 141 68 179 151 2 212 155 87 162 92 169 94 244 234 66 66 146
    12 84 6 111 40 212 23 104 173 56 104 145 84 31 111 93 86 3 33 230
    152 183 245 231 36 222 137 171 14 160 223 10 131 202 6 96 202 220
    122 113 23 184 100 201 151 109 35 142 146 12 20 26 27 64 139 49 49
    113 27 253 204 136 171 87 215 166 131 105 5 194 94 87 4 199 58 222
    185 117 86 44 65 173 228 225 212 197 113 48 42 134 144 149 14 177
    215 158 242 94 96 81 130 147 17 218 65 139 162 220 32 153 169 138
    131 115 171 133 215 205 17 98 53 96 212 40 205 200 164 29 69 248 33
    12 62 91 16 170 252 115 242 135 13 240 64 98 33 241 101 34 213 106
    161 114 79 209 100 170 166 123 123 30 252 225 185 212 207 115 58 12
    13 82 75 235 208 226 186 38 45 134 94 254 117 71 54 64 57 151 54 100
    167 110 232 179 57 154 37 78 57 200 152 114 30 164 52 89 18 101 8
    186 40 254 88 41 131 151 1 8 59 7 253 70 146 159 246 150 112 100 28
    63 14 136 231 59 64 220 77 41 117 123 14 39 20 185 39 2 14 170 235
    131 115 18 129 181 67 40 103 115 121 118 24 231 195 237 116 76 208
    157 153 127 208 206 91 4 45 237 124 141 99 175 230 208 28 49 103 249
    150 242 124 166 81 52 117 199 84 162 48 23 249 192 195 202 236 175 9
    107 199 250 28 157 254 163 225 62 199 155 24 187 127 51 39 46 79 74
    33 96 122 219 59 159 34 206 116 238 71 157 14 193 118 204 25 149 66
    148 83 41 175 57 109 236 4 33 183 91 98 48 44 76 93 231 125 65 217
    171 36 145 238 208 204 155 243 169 29 210 146 154 195 127 238 66 25
    232 154 199 85 90 221 74 130 227 14 219 6 34 39 134 11 80 150 99 236
    129 159 225 71 157 31 121 45 253 81 76 195 232 163 11 150 211 105 81
    48 241 40 136 99 169 161 80 69 71 56 198 196 10 238 49 60 209 233 71
    172 87 59 9 199 65 73 200 225 76 57 40 6 147 143 96 96 136 242 112
    222 114 121 33 43 66 83 8 204 39 226 150 199 41 128 205 90 9 115 57
    8 54 137 255 232 222 238 78 8 159 108 8 148 65 65 133 213 27 128 252
    117 171 103 26 191 145 0 158 74 134 254 99 89 137 77 171 228 28 3 19
    81 212 132 148 70 87 170 245 143 238 166 82 24 119 49 244 25 29 11
    138 254 47 163 254 64 12 78 115 170 93 118 170 83 143 126 155 14 146
    24 87 178 57 172 255 47 117 77 142 6 231 214 217 223 157 52 210 173
    135 58 68 248 56 43 20 237 185 233 7 227 199 233 30 144 249 247 189
    193 144 156 89 210 141 206 91 162 156 125 36 17 153 95 213 110 70
    127 148 167 187 48 185 134 250 145 154 169 171 36 168 5 192 75 76
    145 151 127 2 216 68 68 127 162 113 222 146 14 188 233 36 49 158 184
    58 229 178 61 58 88 239 227 57 117 146 152 199 236 28 135 103 221
    158 23 203 244 49 35 166 208 122 174 137 116 119 154 52 182 164 73
    21 50 123 95 91 224 194 81 84 241 91 73 55 241 223 126 241 236 179
    122 73 208 255 161 35 13 126 178 197 250 181 120 127 73 167 82 97 42
    68 127 34 177 18 11 101 157 2 172 109 14 144 89 236 214 212 0 76 100
    91 50 224 179 221 158 226 167 45 102 26 17 97 128 107 64 227 85 77
    183 156 59 145 90 62 246 221 48 243 182 250 191 145 62 187 17 222
    238 91 178 57 247 202 110 65 236 132 141 217 107</data></your_img>
</opencv_storage>
