<?xml version="1.0"?>
<opencv_storage>
<L2_diff>2.9890968535663075e+02</L2_diff>
<r>8</r>
<test_img type_id="opencv-matrix">
  <rows>50</rows>
  <cols>100</cols>
  <dt>u</dt>
  <data>
    61 219 100 223 101 240 249 95 148 119 54 65 78 204 220 198 133 14 17
    62 99 35 218 48 37 143 193 29 79 81 101 69 231 154 178 139 146 183 5
    177 195 62 156 68 88 59 6 32 60 179 97 198 193 43 243 226 246 28 74
    100 164 7 182 224 128 89 173 78 34 250 201 252 33 85 72 198 27 88 0
    152 9 13 2 169 152 245 187 229 116 53 157 253 149 234 34 26 105 224
    174 142 15 171 204 62 56 57 51 197 144 182 206 20 244 68 87 237 79
    117 76 113 46 113 242 74 23 85 109 135 51 164 131 19 185 149 132 255
    61 192 135 100 232 206 111 203 152 51 246 59 153 123 64 69 191 89 29
    129 219 251 2 198 171 238 156 131 1 95 134 248 201 182 220 132 26
    148 197 47 207 141 58 105 170 210 100 93 35 192 72 145 100 214 82 90
    38 127 163 191 129 70 127 40 151 122 209 216 48 130 5 21 17 68 160
    79 70 198 38 99 235 201 161 198 40 225 98 12 213 45 101 162 145 4 27
    36 202 122 251 16 239 6 8 245 190 133 71 250 232 37 226 86 14 117 73
    224 137 148 213 221 152 122 254 97 55 103 223 127 115 23 52 113 238
    120 103 58 161 65 39 12 128 134 43 255 240 202 255 241 25 22 250 199
    37 64 35 25 196 153 53 0 51 45 43 140 57 119 235 179 221 59 65 45
    175 117 142 128 100 172 6 199 180 62 51 36 173 205 139 202 30 139
    173 82 47 159 95 104 77 252 8 19 33 28 21 76 72 71 72 25 177 234 226
    132 137 229 178 67 246 172 84 137 48 245 97 62 102 44 161 173 192
    133 15 22 89 154 243 111 103 242 127 221 206 2 166 253 13 145 14 51
    54 82 212 224 247 216 226 160 133 89 146 137 115 134 20 116 116 144
    128 124 189 32 255 241 32 190 222 188 95 224 196 56 200 12 253 80
    150 159 24 34 217 111 32 191 83 149 252 225 132 173 96 98 103 120
    129 169 248 140 93 121 196 206 146 128 50 141 158 3 33 232 199 32
    126 82 53 178 172 185 199 17 179 140 190 236 228 154 37 9 177 111 13
    202 194 129 37 20 65 35 82 237 68 214 95 193 213 255 120 30 74 22
    153 4 76 64 92 171 3 88 161 213 102 101 63 244 153 154 243 161 77 25
    206 184 97 219 212 90 132 127 59 133 52 185 51 208 191 248 162 151
    39 61 118 251 68 229 232 243 71 15 87 215 141 16 78 139 11 213 247
    28 146 177 220 149 73 168 79 114 41 181 122 248 116 103 202 228 91
    76 106 252 25 231 239 199 194 43 170 161 216 164 49 150 64 218 156
    126 132 142 236 225 43 234 157 187 92 225 99 137 228 208 160 73 245
    27 103 222 254 219 135 16 108 198 142 58 43 57 235 4 177 172 169 26
    22 73 189 164 57 86 237 8 88 146 100 49 212 224 213 30 233 108 94
    206 119 48 12 55 59 124 159 218 141 27 44 39 175 60 20 202 137 121
    79 85 76 94 199 117 69 48 175 218 172 222 179 117 50 19 135 104 120
    122 36 237 246 236 173 39 249 113 238 85 112 15 37 252 181 47 79 206
    177 49 152 184 111 47 200 139 88 236 123 199 187 205 113 168 239 203
    119 33 208 88 180 253 29 63 8 35 180 53 227 36 194 94 233 7 202 247
    69 244 45 213 240 75 134 254 203 20 102 223 3 112 205 240 207 189
    182 43 81 27 254 135 237 62 208 239 221 242 170 126 158 17 137 211
    133 194 225 37 213 49 231 76 250 102 116 41 176 182 119 116 81 58
    214 117 169 105 203 181 103 49 170 238 197 212 99 196 197 118 25 99
    93 41 217 136 76 201 118 249 108 131 228 92 248 189 60 233 45 179
    242 243 248 254 4 245 94 98 99 108 178 179 167 221 163 248 243 148
    120 23 189 25 57 141 111 184 116 29 245 105 37 190 92 64 75 109 2
    107 219 13 59 234 109 20 84 245 212 39 37 155 172 188 236 136 120 75
    252 138 178 152 89 86 236 159 33 144 153 176 248 240 239 83 109 207
    215 73 56 123 221 76 207 209 176 129 178 214 133 230 228 160 210 134
    3 49 25 16 250 128 106 217 172 27 44 171 252 154 149 0 187 158 200
    202 125 151 206 185 121 209 14 75 53 30 139 34 175 157 241 53 179 40
    251 2 20 60 233 222 43 33 40 19 132 16 35 238 147 79 209 223 127 227
    12 148 38 48 198 161 82 184 71 47 53 246 34 254 146 76 120 143 35 63
    174 94 168 16 246 17 61 221 53 17 6 14 23 28 121 79 125 87 218 47
    165 194 48 59 114 199 47 24 234 196 114 42 120 117 172 71 29 176 219
    207 25 233 83 200 16 16 35 165 151 180 199 56 250 77 239 203 211 63
    22 26 146 105 60 130 26 153 105 247 137 206 5 220 95 155 187 82 88
    233 38 226 33 96 164 222 104 53 5 191 198 171 89 54 168 159 228 155
    16 136 184 191 221 148 239 108 7 132 58 92 151 238 179 234 225 60
    228 24 1 208 108 19 209 199 18 23 246 217 70 225 186 141 248 60 1
    226 190 107 24 25 58 216 137 219 92 191 156 96 235 242 167 112 131
    35 5 39 92 164 106 149 91 163 52 204 211 224 131 65 115 239 10 17 24
    206 219 121 48 37 184 203 195 31 142 72 198 123 95 74 141 13 174 96
    175 248 219 75 51 241 148 32 99 6 53 236 201 227 127 85 120 123 154
    119 232 74 57 95 246 233 71 131 29 90 42 48 69 232 241 6 13 182 245
    1 189 52 239 132 248 170 38 199 18 59 145 143 228 9 17 128 106 204
    209 113 118 49 133 14 77 253 189 253 81 76 104 94 120 47 148 59 208
    172 57 236 160 126 11 201 62 47 221 90 179 188 31 137 88 93 96 209
    25 96 125 47 31 158 63 0 137 97 80 188 72 123 208 41 239 39 38 15 64
    78 76 221 111 133 174 119 136 218 84 95 212 212 89 133 191 26 110 15
    86 243 245 76 86 63 214 95 100 13 168 201 16 122 73 102 248 175 143
    182 151 73 226 163 91 171 125 254 239 173 125 124 184 249 197 195
    199 124 78 98 38 24 35 108 182 3 100 236 249 76 254 139 99 184 53
    222 45 129 133 68 146 130 185 135 53 220 29 223 184 106 251 79 46
    127 187 181 255 30 99 197 157 117 215 99 235 52 242 1 197 100 147
    204 81 61 24 164 51 41 249 29 216 113 87 177 67 198 169 31 8 71 195
    66 105 45 197 121 204 21 216 39 152 232 39 146 165 16 141 200 34 79
    72 225 193 141 69 239 38 1 126 243 126 93 190 61 63 188 183 5 197
    107 90 222 124 205 59 10 133 161 239 15 240 53 122 236 251 1 38 85
    158 22 86 144 99 227 143 225 205 77 226 221 246 142 27 199 131 227
    16 197 108 139 245 224 4 94 47 109 174 202 86 114 198 32 120 226 172
    61 248 156 165 95 124 202 2 229 170 251 173 87 21 251 7 50 92 47 154
    129 38 140 126 168 114 160 43 80 141 170 50 144 177 77 96 24 100 69
    50 84 77 182 11 198 44 114 141 10 211 219 141 149 189 210 181 62 27
    199 34 73 55 227 207 178 226 241 113 218 71 131 1 189 166 14 33 226
    39 8 23 192 85 106 238 13 52 230 159 251 26 132 147 190 184 107 64
    36 50 117 66 207 47 76 96 54 232 217 197 109 154 251 209 97 69 59
    217 139 244 163 62 69 131 213 130 46 39 212 16 32 142 161 102 237
    157 119 134 103 189 151 91 121 103 234 40 253 130 196 70 163 42 69
    62 0 152 237 216 106 92 114 255 200 123 166 116 79 55 77 30 26 224
    246 160 82 29 23 54 84 223 130 80 77 254 153 75 182 109 97 252 155
    145 85 34 244 128 136 96 238 202 138 204 40 27 20 136 112 161 122 76
    71 202 189 39 239 23 70 204 95 15 89 168 44 210 227 154 168 47 65 35
    40 226 132 166 105 46 174 110 80 97 17 116 197 225 83 31 38 148 158
    129 246 127 55 199 76 217 226 137 169 248 199 247 71 248 69 114 188
    58 127 87 75 19 195 161 253 172 98 126 41 161 224 95 93 9 191 120 33
    174 241 90 22 135 253 74 53 110 191 223 86 249 219 132 203 216 38
    199 2 248 37 80 180 103 1 138 164 73 45 34 155 212 110 94 195 148
    213 39 99 248 110 6 244 193 97 89 244 7 28 109 15 129 228 197 102 3
    85 205 205 240 162 75 169 225 12 153 61 191 180 127 95 111 113 159
    220 206 183 4 22 135 238 230 80 4 140 214 7 92 195 246 233 16 254
    109 204 30 24 93 110 116 183 149 21 129 137 92 174 244 163 119 124
    247 148 52 131 19 15 37 223 192 92 47 169 141 6 91 152 120 142 217
    255 96 224 221 3 74 255 41 36 91 125 83 46 49 186 51 61 210 146 1
    220 251 53 222 0 138 44 171 61 181 150 182 65 51 250 193 215 88 166
    155 171 6 222 73 230 19 69 162 169 25 160 10 168 116 31 250 238 64
    253 110 208 250 30 195 74 14 5 63 250 127 37 92 60 46 151 5 51 39
    232 136 38 24 51 51 142 111 114 8 83 114 52 203 189 131 224 202 167
    91 71 8 227 228 15 6 108 231 6 166 53 180 56 193 48 85 242 203 40
    170 151 224 160 95 87 210 77 37 143 99 134 245 239 208 29 188 215
    145 222 193 235 77 108 135 61 138 49 189 233 112 186 44 104 90 192
    17 162 112 113 63 29 201 17 18 181 172 32 105 68 114 33 168 173 113
    44 229 186 95 79 88 253 119 32 194 81 73 145 24 127 181 53 100 63 8
    93 121 69 135 128 40 136 36 0 225 167 143 224 188 254 10 156 52 108
    247 2 226 159 159 100 176 17 143 244 248 77 81 29 165 26 131 243 84
    223 117 185 144 130 199 21 188 229 144 86 90 88 227 40 56 15 36 198
    139 157 185 213 179 230 133 78 250 247 191 214 150 134 16 35 105 104
    218 1 30 96 192 20 201 101 221 237 85 53 153 193 110 84 48 46 145 49
    88 145 56 68 22 160 35 191 249 115 222 53 134 169 42 157 43 72 112
    95 53 177 72 41 138 210 245 9 236 59 4 28 135 54 19 36 52 96 58 37
    138 105 67 55 91 66 130 7 196 197 187 92 230 145 84 207 167 130 64
    223 226 242 49 99 165 168 252 190 104 88 226 227 128 185 211 169 130
    113 125 6 151 221 120 71 62 46 222 94 123 145 32 87 251 249 203 80
    118 244 229 10 60 202 232 33 249 145 162 72 12 232 245 249 252 45
    187 221 219 92 128 111 243 140 213 215 44 112 198 135 81 183 65 23
    50 87 14 107 182 41 35 182 134 105 27 178 194 26 122 7 117 185 146
    181 111 161 126 216 89 84 196 95 201 253 32 118 238 140 195 232 248
    192 66 104 99 132 250 129 146 240 114 214 227 186 126 245 43 136 10
    79 228 128 182 65 254 250 186 9 31 26 153 196 35 142 37 98 104 21
    177 252 248 188 246 189 195 103 201 140 229 134 49 140 127 204 250
    51 17 203 20 232 153 86 238 190 153 40 129 9 100 235 139 64 179 87
    82 120 110 45 198 198 17 224 14 154 88 135 43 34 196 223 22 79 180
    42 204 1 8 5 123 53 159 133 118 168 12 32 75 136 65 108 164 134 205
    227 114 248 110 204 152 76 95 87 5 229 253 35 167 213 112 32 203 204
    7 102 57 216 234 45 3 79 194 109 36 31 105 244 58 141 113 39 220 76
    85 82 157 217 113 100 111 60 20 233 6 115 225 182 238 32 201 84 246
    2 129 115 207 21 241 195 99 123 204 56 33 44 19 79 30 164 3 140 59
    42 172 160 91 169 89 239 254 95 50 119 166 25 179 186 253 130 90 33
    9 176 127 87 109 76 159 246 16 128 115 248 70 147 32 82 87 59 97 205
    220 218 203 209 118 172 230 202 246 204 47 174 242 215 108 207 41
    117 58 111 213 59 211 73 61 225 170 15 228 76 97 127 56 152 214 117
    230 102 141 200 216 7 48 25 130 122 139 127 62 211 61 26 197 237 11
    119 180 220 87 184 92 67 133 81 87 248 167 30 253 160 15 220 168 112
    219 119 128 255 224 217 130 189 82 218 65 151 202 236 243 65 29 157
    124 112 17 252 183 151 13 254 237 0 172 192 221 194 194 211 102 105
    48 94 157 171 25 244 151 163 87 37 231 23 142 208 132 105 218 230
    246 117 15 29 228 124 159 84 59 57 209 179 71 130 226 126 69 193 18
    19 188 20 127 226 145 103 190 74 166 79 207 93 151 68 59 136 94 34
    248 193 104 215 56 146 118 10 54 48 216 79 253 56 134 240 173 68 248
    184 12 43 18 164 168 161 173 90 54 130 190 215 134 160 4 205 185 16
    114 238 48 113 66 137 101 134 103 80 13 169 249 156 73 212 75 46 202
    63 62 176 29 136 180 132 110 121 187 65 237 7 10 4 118 218 133 212
    81 226 170 39 245 116 55 154 55 174 39 191 194 251 0 141 17 161 129
    129 89 187 68 212 131 97 159 175 165 156 3 52 20 208 160 124 139 61
    28 214 203 205 246 142 85 234 206 35 187 131 65 248 22 199 62 190
    163 56 152 244 72 43 114 252 196 143 26 87 89 133 171 226 252 236
    162 140 237 254 212 205 87 68 155 69 104 158 128 164 104 14 96 41
    208 28 112 174 186 220 212 234 64 90 154 168 144 161 102 96 69 70
    108 90 195 184 221 231 81 232 200 132 107 154 119 102 13 235 123 106
    45 114 77 232 39 70 131 30 16 94 31 226 178 150 32 186 70 25 161 64
    192 182 200 143 162 116 111 116 99 63 193 213 84 144 85 7 241 65 28
    20 33 123 6 112 231 236 125 58 61 154 3 125 128 22 133 140 171 210
    160 247 151 20 25 230 92 79 59 249 187 242 198 50 52 247 87 193 200
    17 18 249 188 32 74 147 96 40 89 139 176 251 140 106 215 196 71 166
    35 203 40 96 12 43 2 15 128 166 238 1 11 210 195 101 52 33 117 14 18
    78 229 202 73 15 153 78 104 52 155 130 242 0 36 17 242 80 250 193
    220 222 65 205 167 78 0 50 10 74 145 252 1 112 65 38 59 12 9 74 183
    40 179 179 221 116 146 226 175 21 143 5 191 128 192 70 213 225 179
    241 201 50 99 49 103 210 92 108 190 96 59 224 3 2 146 0 51 72 169
    188 24 33 163 2 135 71 6 76 128 175 175 202 63 67 244 85 32 95 153
    42 195 0 1 182 254 144 161 192 81 237 97 112 233 206 84 220 148 225
    165 119 86 194 203 139 0 44 77 217 125 185 151 176 145 38 36 35 4 74
    65 251 2 41 60 73 13 214 88 27 96 205 118 248 141 250 52 75 211 236
    153 158 25 203 115 177 163 252 3 131 68 4 12 105 17 196 230 43 101
    226 226 18 169 83 215 51 16 24 171 172 183 143 50 135 93 226 6 35
    155 67 204 87 151 236 59 89 160 65 34 127 183 149 159 179 86 72 115
    86 41 40 211 192 126 130 179 30 100 32 120 134 96 112 153 171 182 46
    121 52 31 87 253 94 150 199 25 90 90 191 55 71 17 144 178 245 78 215
    238 215 155 100 11 71 243 182 227 233 62 191 86 229 45 245 104 132
    25 205 97 143 140 36 176 157 178 208 129 112 182 171 126 253 193 180
    61 226 32 45 160 28 18 239 248 5 234 142 93 225 79 181 76 221 190 17
    24 80 143 70 40 180 175 52 184 207 204 91 86 135 179 91 129 175 136
    249 205 93 225 28 52 36 129 231 137 255 216 96 196 99 129 46 20 228
    200 165 67 129 17 216 36 159 236 141 135 152 43 232 148 136 137 200
    23 74 192 226 163 173 73 126 48 62 6 236 19 163 145 234 213 52 78
    234 227 153 94 161 241 146 71 141 52 138 105 112 167 211 93 32 223
    236 158 215 92 102 19 84 151 236 18 235 92 63 236 82 100 151 83 53
    130 251 212 218 240 71 73 242 24 34 243 213 101 152 137 240 148 133
    162 195 85 78 174 166 104 208 186 71 84 125 30 183 230 29 227 110
    190 253 155 6 46 221 129 130 142 46 86 86 67 218 222 54 84 77 82 69
    203 250 255 37 234 49 42 29 203 212 98 146 243 233 99 18 151 25 33
    228 61 189 46 92 147 136 61 52 60 73 201 51 1 156 155 53 142 76 223
    211 181 236 65 60 39 6 29 63 95 27 139 54 59 141 153 238 39 153 6
    210 111 229 116 33 149 72 70 77 204 251 236 135 121 242 196 214 143
    127 12 245 9 65 70 36 206 205 188 60 96 190 213 187 21 129 126 19
    132 188 44 129 225 201 9 176 101 56 22 205 7 85 61 254 183 85 224 33
    249 123 124 106 20 217 238 39 182 44 118 32 162 102 107 111 72 45 59
    52 198 62 150 61 95 72 133 247 82 93 75 73 223 194 60 89 5 2 176 63
    116 248 107 59 113 215 154 213 169 108 203 239 13 126 177 77 155 100
    105 50 232 13 130 239 246 215 111 3 191 220 173 192 135 175 126 33
    115 51 229 1 172 128 161 231 178 12 60 205 245 35 173 173 12 36 251
    181 26 200 30 98 37 57 116 219 212 167 228 203 36 120 208 229 36 156
    46 207 1 225 234 73 237 160 87 216 161 199 168 208 114 132 52 86 27
    110 170 127 163 246 121 121 93 98 14 255 146 9 73 73 53 236 208 221
    171 159 157 53 188 174 21 215 142 128 173 29 94 50 2 69 100 191 121
    29 240 92 76 120 38 175 145 182 217 76 110 215 162 65 120 228 67 104
    218 85 47 13 228 62 206 135 211 191 69 119 118 132 134 194 191 232
    45 251 36 111 112 156 90 238 205 196 96 197 17 195 120 15 126 207
    188 134 153 166 160 118 147 242 2 125 144 83 34 147 181 194 81 143
    100 73 182 8 25 59 23 80 78 185 92 232 255 188 36 103 48 91 154 168
    233 64 32 156 167 235 50 231 190 176 157 22 176 244 118 76 167 251
    131 202 107 149 184 243 203 55 181 24 101 216 243 90 39 47 6 11 90
    171 69 141 251 55 211 219 153 185 169 188 59 119 57 187 220 155 210
    191 172 49 50 33 192 250 130 72 209 227 134 81 93 144 30 40 17 119
    247 80 143 196 204 200 39 194 183 61 4 193 147 203 87 98 63 179 128
    7 84 196 54 148 128 176 2 176 2 38 150 233 209 113 188 37 78 144 82
    182 72 179 209 68 118 249 10 88 133 144 172 165 159 130 188 242 198
    200 169 47 147 34 99 169 119 122 163 12 18 200 73 198 118 70 240 255
    75 245 244 81 86 185 18 236 250 23 11 178 63 53 39 58 77 70 71 62
    189 231 79 28 31 156 164 93 83 129 227 223 56 205 33 80 19 129 146
    205 222 249 4 41 76 112 205 219 31 193 238 114 151 249 200 53 53 229
    251 245 32 118 173 249 114 235 221 213 43 37 228 127 31 5 66 214 215
    222 52 173 127 219 235 36 220 202 79 91 143 161 130 156 17 133 81 68
    223 18 153 0 29 221 103 39 81 74 72 55 44 154 181 5 228 193 38 58 41
    22 36 223 119 170 117 16 83 227 47 57 181 10 43 42 51 247 209 124 69
    132 61 121 33 41 147 100 120 251 87 99 168 177 190 107 66 189 212
    204 75 84 57 49 223 26 236 68 134 3 58 212 8 192 112 170 27 88 111
    18 198 79 88 67 159 29 231 75 71 223 234 234 181 221 152 5 14 91 14
    33 29 114 165 213 169 195 200 160 132 44 70 153 80 22 91 144 209 189
    129 111 11 57 228 65 98 199 207 242 190 23 60 23 165 207 190 248 57
    227 227 137 146 91 3 152 65 242 47 187 226 125 246 3 187 28 114 26
    115 53 110 103 163 167 235 81 72 245 113 226 229 255 118 86 54 5 141
    18 191 198 168 46 100 213 113 26 7 16 211 158 61 40 207 166 75 244
    173 57 109 136 123 238 10 72 87 121 55 103 253 207 92 230 3 67 105
    143 145 186 38 148 248 215 105 176 69 139 89 200 54 87 104 61 147
    164 95 72 170 143 26 244 155 237 156 31 52 101 223 121 16 234 80 141
    202 235 203 95 57 180 229 217 228 89 151 70 83 41 21 28 226 207 175
    31 239 248 27 110 63 80 231 7 25 220 88 245 178 78 103 92 245 189 48
    75 251 31 67 58 233 38 172 139 36 20 156 139 128 16 48 44 239 233 35
    231 62 17 137 47 78 172 107 11 224 114 33 59 150 63 238 142 64 137
    38 231 6 78 239 63 27 239 37 238 68 112 151 54 194 101 0 26 186 56
    12 91 0 248 102 135 47 18 56 124 207 41 23 14 143 194 120 204 61 212
    207 38 175 126 124 252 154 145 142 220 14 93 157 185 3 198 116 103
    205 76 222 137 152 4 40 61 98 115 112 196 201 80 111 185 76 118 139
    162 93 195 183 184 112 242 60 17 82 138 210 26 188 108 156 2 136 141
    111 148 39 78 23 135 130 244 171 221 201 217 67 199 203 180 75 45
    179 162 15 243 74 34 129 40 99 73 55 145 137 71 46 44 59 74 1 127 22
    125 30 13 57 23 35 225 251 187 25 89 9 38 202 179 67 245 56 157 196
    214 231 28 25 75 206 27 69 90 72 172 248 240 173 223 151 17 20 53
    174 248 166 74 80 150 251 114 1 12 9 143 13 13 190 113 179 183 95 73
    105 172 32 237 0 60 241 82 205 181 146 49 151 156 234 81 77 233 243
    238 33 116 34 250 196 192 23 140 104 163 68 235 217 76 81 58 176 170
    112 189 228 237 69 178 70 132 138 36 95 31 170 8 20 51 151 4 100 174
    251 160 95 24 85 109 222 93 60 209 133 6 80 24 239 249 70 35 193 187
    209 244 198 118 129 250 242 1 31 210 74 27 112 16 179 191 230 49 97
    98 35 212 150 63 176 86 241 75 26 79 237 94 196 190 230 107 105 165
    18 161 111 81 43 86 123 13 178 76 177 100 255 166 118 220 216 211
    156 1 181 86 254 237 131 181 146 87 199 17 243 161 153 117 67 208
    171 85 207 254 198 100 68 169 84 116 118 163 57 50 109 214 79 59 58
    205 145 190 149 121 217 190 61 205 250 138 133 138 63 190 130 56 141
    118 130 36 217 206 112 220 141 108 52 127 239 161 125 98 156 8 179
    75 253 193 56 207 145 153 231 41 186 93 16 63 62 84 75 52 165 188
    238 52 211 25 152 219 56 253 46 92 151 68 124 43 111 107 238 67 48
    70 88 253 231 23 71 16 193 130 138 192 125 165</data></test_img>
<my_img type_id="opencv-matrix">
  <rows>50</rows>
  <cols>100</cols>
  <dt>u</dt>
  <data>
    61 219 100 223 101 240 249 95 148 119 54 65 78 204 220 198 133 14 17
    62 99 35 218 48 37 143 193 29 79 81 101 69 231 154 178 139 146 183 5
    177 195 62 156 68 88 59 6 32 60 179 97 198 193 43 243 226 246 28 74
    100 164 7 182 224 128 89 173 78 34 250 201 252 33 85 72 198 27 88 0
    152 9 13 2 169 152 245 187 229 116 53 157 253 149 234 34 26 105 224
    174 142 15 171 204 62 56 57 51 197 144 182 206 20 244 68 87 237 79
    117 76 113 46 113 242 74 23 85 109 135 51 164 131 19 185 149 132 255
    61 192 135 100 232 206 111 203 152 51 246 59 153 123 64 69 191 89 29
    129 219 251 2 198 171 238 156 131 1 95 134 248 201 182 220 132 26
    148 197 47 207 141 58 105 170 210 100 93 35 192 72 145 100 214 82 90
    38 127 163 191 129 70 127 40 151 122 209 216 48 130 5 21 17 68 160
    79 70 198 38 99 235 201 161 198 40 225 98 12 213 45 101 162 145 4 27
    36 202 122 251 16 239 6 8 245 190 133 71 250 232 37 226 86 14 117 73
    224 137 148 213 221 152 122 254 97 55 103 223 127 115 23 52 113 238
    120 103 58 161 65 39 12 128 134 43 255 240 202 255 241 25 22 250 199
    37 64 35 25 196 153 53 0 51 45 43 140 57 119 235 179 221 59 65 45
    175 117 142 128 100 172 6 199 180 62 51 36 173 205 139 202 30 139
    173 82 47 159 95 104 77 252 8 19 33 28 21 76 72 71 72 25 177 234 226
    132 137 229 178 67 246 172 84 137 48 245 97 62 102 44 161 173 192
    133 15 22 89 154 243 111 103 242 127 221 206 2 166 253 13 145 14 51
    54 82 212 224 247 216 226 160 133 89 146 137 115 134 20 116 116 144
    128 124 189 32 255 241 32 190 222 188 95 224 196 56 200 12 253 80
    150 159 24 34 217 111 32 191 83 149 252 225 132 173 96 98 103 120
    129 169 248 140 93 121 196 206 146 128 50 141 158 3 33 232 199 32
    126 82 53 178 172 185 199 17 179 140 190 236 228 154 37 9 177 111 13
    202 194 129 37 20 65 35 82 237 68 214 95 193 213 255 120 30 74 22
    153 4 76 64 92 171 3 88 161 213 102 101 63 244 153 154 243 161 77 25
    206 184 97 219 212 90 132 127 59 133 52 185 51 208 191 248 162 151
    39 61 118 251 68 229 232 243 71 15 87 215 141 16 78 139 11 213 247
    28 146 177 220 149 73 168 79 114 41 181 122 248 116 103 202 228 91
    76 106 252 25 231 239 199 194 43 170 161 216 164 49 150 64 218 156
    126 132 142 236 225 43 234 157 187 92 225 99 137 228 208 160 73 245
    27 103 222 254 219 135 16 108 198 142 58 43 57 235 4 177 172 169 26
    22 73 189 164 57 86 237 8 88 146 100 49 212 224 213 30 233 108 94
    206 119 48 12 55 59 124 159 218 141 27 44 39 175 60 20 202 137 121
    79 85 76 94 199 117 69 48 175 218 172 222 179 117 50 19 135 104 120
    122 36 237 246 236 173 39 249 113 238 85 112 15 37 252 181 47 79 206
    177 49 152 184 111 47 200 139 88 236 123 199 187 205 113 168 239 203
    119 33 208 88 180 253 29 63 8 35 180 53 227 36 194 94 233 7 202 247
    69 244 45 213 240 75 134 254 203 20 102 223 3 112 205 240 207 189
    182 43 81 27 254 135 237 62 208 239 221 242 170 126 158 17 137 211
    133 194 225 37 213 49 231 76 250 102 116 41 176 182 119 116 81 58
    214 117 169 105 203 181 103 49 170 238 197 212 99 196 197 118 25 96
    88 37 213 142 74 194 123 251 116 137 229 106 249 184 73 229 51 182
    236 236 246 254 5 240 90 98 97 107 167 173 161 218 161 247 240 143
    107 19 184 22 59 144 107 190 112 24 244 106 32 191 91 64 71 116 4
    117 216 13 56 233 110 23 85 246 211 44 41 155 165 180 233 132 114 78
    249 138 183 153 89 86 229 161 33 144 153 176 248 240 239 83 109 207
    215 73 56 123 221 76 199 202 164 131 172 211 132 227 227 156 207 139
    3 52 21 12 249 133 111 219 171 33 50 165 253 146 143 1 175 150 182
    193 121 150 202 176 113 204 10 72 54 28 139 30 182 162 242 53 191 39
    251 4 14 60 233 223 47 32 41 19 140 15 34 239 150 79 206 221 124 228
    10 144 34 43 186 155 83 181 69 38 48 240 26 253 146 76 120 143 35 63
    174 94 168 16 246 17 61 221 53 17 7 11 22 29 124 77 121 81 217 48
    158 184 48 65 118 188 56 23 228 192 125 50 128 121 161 71 33 168 214
    199 32 230 80 193 20 21 38 161 146 176 194 60 249 78 237 206 215 66
    15 19 155 109 61 142 26 167 120 248 153 208 5 215 94 158 179 83 86
    229 38 226 27 92 155 217 94 51 5 186 192 169 87 50 163 160 228 155
    16 136 184 191 221 148 239 108 7 132 58 92 151 238 166 232 222 56
    228 23 2 204 107 16 206 196 12 17 241 212 79 220 182 146 247 69 3
    221 179 107 26 28 57 210 130 218 86 185 156 95 235 238 163 103 128
    36 4 41 94 169 111 162 97 172 56 207 218 227 148 75 131 240 11 20 26
    206 215 124 55 41 176 198 189 26 136 66 193 108 86 70 136 11 176 94
    175 247 211 68 51 241 148 32 99 6 53 236 201 227 127 85 120 123 154
    119 225 67 54 94 245 232 66 132 36 93 48 52 70 228 233 6 12 181 239
    3 184 62 232 132 248 157 37 191 19 56 135 139 229 10 21 122 98 197
    205 106 113 59 139 12 83 251 198 252 92 81 107 100 129 49 161 64 216
    178 56 235 161 127 11 196 65 49 220 89 168 180 23 126 77 81 87 201
    14 94 120 35 20 155 53 1 137 97 80 188 72 123 208 41 239 39 38 15 64
    78 76 221 112 142 171 124 147 215 79 97 212 211 92 141 188 24 112 11
    94 235 240 88 101 76 209 99 106 14 159 196 19 124 75 104 249 175 142
    175 148 70 224 161 92 178 130 253 236 179 130 129 193 248 199 197
    205 138 85 109 42 25 33 111 181 5 101 236 251 73 255 132 92 174 47
    221 33 112 119 57 142 121 184 126 43 214 20 214 184 106 251 79 46
    127 187 181 255 30 99 197 157 117 215 99 230 55 240 3 191 106 154
    201 82 69 27 163 54 41 250 31 212 125 96 179 84 197 168 35 12 75 190
    69 110 49 187 123 206 24 217 43 150 232 41 144 167 19 148 200 31 87
    82 229 202 155 76 235 38 3 148 244 143 106 192 66 69 191 185 6 195
    113 91 225 114 203 49 6 121 152 240 11 243 47 116 234 251 3 30 79
    158 22 86 144 99 227 143 225 205 77 226 221 246 142 27 199 137 226
    16 192 109 152 244 221 4 101 52 112 169 196 90 123 192 34 131 219
    169 73 246 154 159 97 125 204 4 224 165 251 169 83 24 250 9 49 85 49
    150 128 35 139 124 172 120 168 46 90 153 176 57 157 184 92 113 28
    114 78 56 94 86 184 12 199 48 111 138 9 214 221 135 143 184 208 174
    54 19 204 23 57 43 224 207 178 226 241 113 218 71 131 1 189 166 14
    33 226 39 8 25 184 85 107 240 11 58 229 168 251 28 139 153 184 177
    110 77 39 57 127 81 207 53 85 99 59 230 219 194 109 148 251 210 94
    66 59 213 124 237 155 64 71 131 212 126 46 36 216 15 29 155 174 116
    236 174 140 153 123 196 165 104 137 116 237 49 254 135 195 65 161 36
    58 52 1 146 243 217 100 91 107 255 203 117 161 116 79 55 77 30 26
    224 246 160 82 29 23 54 84 223 130 74 78 255 162 73 183 115 103 251
    165 153 81 33 236 138 147 112 233 204 152 208 49 31 21 139 114 160
    131 90 82 200 185 43 240 25 69 201 89 15 81 171 49 206 227 154 175
    49 72 30 43 224 145 177 121 56 184 130 92 109 20 130 203 230 90 33
    45 156 158 125 251 123 49 207 69 218 233 135 166 250 206 248 66 249
    64 114 188 58 127 87 75 19 195 161 253 172 98 126 41 161 224 93 97
    10 191 131 41 183 239 96 21 148 254 70 60 118 184 221 98 250 219 147
    203 216 45 191 4 250 41 90 173 105 2 131 160 76 48 29 150 205 104 94
    192 153 211 33 99 248 112 9 244 195 106 96 246 10 34 126 19 141 229
    204 110 4 90 212 212 245 161 71 169 234 11 154 53 187 173 123 96 110
    110 156 220 206 180 4 22 135 238 230 80 4 140 214 7 92 195 246 233
    16 254 103 198 35 26 89 113 123 184 161 20 139 146 96 175 234 166
    131 134 241 156 62 138 20 18 41 221 184 97 54 161 133 6 82 149 116
    139 212 255 91 219 218 3 77 255 37 24 91 130 86 47 49 191 53 68 212
    160 3 221 253 56 226 1 153 49 174 68 174 155 176 62 48 253 192 218
    82 164 155 168 5 225 65 235 18 62 162 169 25 160 10 168 116 31 250
    238 64 253 110 208 250 30 189 66 13 4 57 248 131 37 94 58 46 157 4
    52 37 226 148 44 24 52 57 146 116 122 11 84 118 58 206 179 128 224
    200 165 83 68 10 226 227 13 4 109 232 5 168 54 184 56 196 49 90 239
    208 40 179 164 224 175 101 94 218 82 39 161 105 149 248 245 212 28
    191 220 146 227 192 241 76 104 137 56 139 44 191 234 112 186 44 104
    90 192 17 162 112 113 63 29 201 17 18 181 169 35 102 65 115 34 171
    177 118 45 221 181 98 75 91 253 128 36 195 82 79 151 23 134 172 56
    101 65 11 91 122 66 128 124 34 126 28 1 220 164 143 220 180 253 9
    155 51 107 249 3 226 173 173 111 183 24 160 248 251 79 83 34 174 28
    144 245 86 229 108 183 146 126 206 19 183 236 142 81 90 85 231 34 46
    12 36 198 139 157 185 213 179 230 133 78 250 247 191 214 150 134 19
    43 104 102 215 2 32 98 196 16 200 96 218 229 83 56 161 195 109 84 47
    43 152 50 94 152 60 73 25 155 37 182 248 119 214 55 131 174 41 161
    41 76 115 94 56 184 77 41 145 211 247 11 237 64 6 33 148 60 20 36 55
    104 60 39 149 115 71 54 88 62 130 7 197 196 178 90 236 140 79 211
    166 124 51 218 226 242 49 99 165 168 252 190 104 88 226 227 128 185
    211 169 139 117 127 4 160 217 123 67 56 48 217 91 127 152 31 93 249
    247 207 79 124 240 228 12 66 199 232 34 247 147 155 73 16 228 238
    244 251 45 185 217 217 99 131 111 239 146 216 219 45 122 201 149 88
    194 72 27 60 93 15 114 188 47 36 185 144 115 27 166 191 22 117 6 111
    176 142 173 109 157 122 221 86 78 200 94 201 253 32 118 238 140 195
    232 248 192 66 104 99 132 250 129 154 236 123 213 227 189 127 241 46
    146 9 72 221 131 182 69 255 247 183 9 25 22 156 189 36 145 39 104
    111 24 168 254 244 177 242 179 187 106 193 148 229 141 56 144 126
    198 251 59 21 202 26 234 164 94 239 191 161 45 132 11 101 234 145 65
    176 93 82 114 101 40 206 203 15 226 12 152 84 135 38 32 202 225 25
    71 180 42 204 1 8 5 123 53 159 133 118 168 12 32 75 136 65 110 167
    144 208 227 120 247 119 207 154 68 96 89 5 225 252 38 172 214 112 27
    206 206 9 104 62 220 235 54 6 77 193 107 32 26 107 242 63 152 124 37
    215 86 88 86 167 219 131 117 126 77 27 234 9 126 224 181 239 36 199
    89 250 3 128 110 205 19 244 192 97 117 207 48 32 40 22 76 26 161 6
    139 53 40 172 160 91 169 89 239 254 95 50 119 166 25 179 186 253 130
    89 46 11 176 129 90 115 79 166 242 15 131 117 244 67 149 34 88 93 56
    101 207 221 217 205 215 124 173 231 195 244 202 46 171 237 210 107
    207 43 122 61 113 206 62 203 76 71 226 177 19 229 91 109 132 62 156
    212 123 229 109 144 196 215 9 42 25 126 112 130 116 57 215 51 27 204
    245 11 118 179 224 83 183 93 58 133 81 87 248 167 30 253 160 15 220
    168 112 219 119 128 255 221 214 136 188 83 217 68 161 204 233 237 61
    24 162 129 118 18 251 184 155 11 255 236 2 170 189 224 194 192 206
    100 101 45 88 154 169 22 240 158 168 87 33 229 19 146 202 138 115
    219 235 246 130 18 34 229 126 159 87 60 56 204 174 77 127 226 117 70
    189 13 15 186 18 120 230 145 107 191 76 169 77 217 101 151 63 59 136
    94 34 248 193 104 215 56 146 118 10 54 48 216 79 254 60 139 238 175
    72 249 190 11 48 19 169 176 171 182 102 57 135 192 218 136 163 4 207
    179 14 122 238 50 116 66 135 99 132 101 84 16 176 247 165 78 206 81
    45 196 66 68 184 31 145 188 141 114 124 184 66 239 7 10 3 116 215
    131 206 77 226 161 39 250 108 53 157 49 169 37 192 199 253 2 146 17
    159 128 128 89 187 68 212 131 97 159 175 165 156 3 52 20 208 160 124
    146 64 32 210 200 202 246 150 89 230 211 37 191 139 67 247 21 199 59
    191 167 51 156 241 78 39 124 254 194 146 22 88 89 131 170 221 253
    231 175 153 231 254 203 199 86 66 165 71 107 169 137 175 108 14 93
    47 203 32 113 170 181 215 207 230 62 89 153 158 141 155 100 95 64 66
    109 93 203 183 228 244 79 241 204 133 107 154 119 102 13 235 123 106
    45 114 77 232 39 70 131 30 19 94 35 222 172 147 34 187 76 22 165 59
    192 179 197 139 168 123 114 120 101 60 188 213 89 144 87 9 237 64 22
    15 26 121 8 116 227 230 134 56 63 164 4 125 131 19 140 152 176 211
    174 247 157 23 26 232 92 79 58 252 183 244 196 52 52 250 86 190 202
    15 19 252 187 35 76 157 102 37 88 141 181 252 142 110 215 196 71 166
    35 203 40 96 12 43 2 15 128 166 238 1 10 204 190 100 50 34 112 11 17
    79 229 198 68 11 152 80 109 52 152 129 242 2 32 16 240 76 251 180
    218 217 59 201 161 69 2 47 11 77 160 251 3 113 65 34 56 10 10 79 188
    41 185 185 224 116 143 225 169 22 142 3 185 124 187 66 209 221 169
    242 202 50 99 49 101 215 93 111 197 100 52 231 7 4 148 2 51 72 169
    188 24 33 163 2 135 71 6 76 128 175 175 202 69 71 242 86 31 95 153
    41 196 1 4 176 255 136 160 188 83 242 101 109 232 206 83 221 139 229
    160 118 88 187 199 138 2 39 69 217 131 192 169 189 158 37 37 32 6 78
    70 251 2 44 57 75 15 213 83 29 93 199 112 251 135 252 50 69 206 236
    145 151 24 199 115 177 161 254 9 135 70 8 11 107 19 205 234 41 101
    226 226 18 169 83 215 51 16 24 171 172 183 143 50 135 98 224 8 41
    152 69 203 89 154 235 55 86 159 60 30 123 174 139 154 167 85 67 116
    86 35 32 214 184 131 133 176 26 103 28 124 144 110 128 178 190 197
    47 127 48 31 94 252 102 156 199 27 96 95 188 46 64 19 141 168 245 74
    209 237 206 144 91 13 71 244 165 225 233 61 191 84 231 44 247 104
    133 23 208 98 143 140 36 176 157 178 208 129 112 182 171 126 253 193
    180 61 226 39 52 157 27 18 239 249 4 236 144 98 227 76 174 79 222
    185 15 22 79 131 64 32 169 167 46 181 207 203 100 92 139 184 96 133
    184 153 251 214 108 228 26 55 35 139 234 148 255 222 107 201 108 139
    42 19 230 197 158 57 127 18 214 35 148 236 131 125 139 34 229 141
    130 131 201 24 75 198 229 158 166 70 122 44 56 6 236 19 163 145 234
    213 52 78 234 227 153 94 161 241 146 82 139 62 133 106 109 167 210
    103 33 225 239 156 215 100 109 22 96 144 236 18 233 98 59 238 87 114
    158 94 52 138 252 217 221 239 76 82 244 24 37 243 215 107 157 141
    238 158 141 169 197 94 85 176 162 102 204 181 65 79 117 34 174 227
    28 223 98 181 255 143 7 41 216 123 125 136 40 89 86 53 215 221 49 80
    77 82 69 203 250 255 37 234 49 42 29 203 212 98 146 243 233 109 25
    153 26 39 229 70 191 54 99 143 133 57 47 61 81 205 48 4 154 152 44
    137 75 229 218 186 242 68 58 36 7 26 64 103 21 160 56 64 160 173 236
    42 161 8 216 120 234 124 34 160 76 70 78 200 253 238 129 113 243 189
    206 131 112 13 244 11 56 63 28 202 199 180 57 94 184 211 177 18 128
    124 21 135 187 44 129 225 201 9 176 101 56 22 205 7 85 61 254 183 85
    224 43 251 124 124 111 21 219 244 46 184 45 120 28 167 115 117 123
    78 41 53 45 199 60 153 60 114 80 146 248 93 108 79 79 225 202 66 109
    7 4 194 71 121 248 113 63 124 220 163 219 179 116 206 237 12 123 170
    72 154 98 105 51 229 14 122 236 244 209 108 6 186 214 162 189 131
    166 129 28 112 46 231 2 164 130 161 231 178 12 60 205 245 35 173 173
    12 36 251 181 26 200 35 109 48 63 119 219 215 181 236 212 41 128 214
    229 37 161 44 213 4 229 236 73 241 163 99 221 172 206 179 214 126
    142 51 100 24 118 192 145 187 246 137 133 104 108 16 255 156 11 83
    82 54 233 211 219 164 157 156 50 186 168 24 213 138 124 161 28 92 52
    4 70 108 191 122 33 241 100 87 123 39 172 152 179 214 86 110 215 162
    65 120 228 67 104 218 85 47 13 228 62 206 135 210 185 78 122 122 133
    138 198 199 233 47 252 36 110 118 162 101 243 210 201 107 203 18 197
    126 15 133 214 198 146 173 178 173 125 164 245 6 140 164 99 36 163
    188 198 94 144 116 79 184 7 23 60 25 87 83 177 98 228 255 185 40 107
    49 86 149 161 231 63 30 152 162 236 49 230 188 173 159 20 173 244
    120 85 161 252 131 202 107 149 184 243 203 55 181 24 101 216 243 90
    39 47 7 11 96 166 74 142 254 56 214 218 155 185 170 179 58 128 56
    189 221 154 216 193 171 45 49 32 199 253 144 79 222 236 145 88 102
    160 26 44 13 130 249 87 146 199 206 199 43 195 184 63 5 189 149 200
    92 102 62 177 129 6 87 197 56 141 124 166 5 167 5 35 145 232 205 109
    181 35 86 143 81 181 76 176 206 75 118 249 10 88 133 144 172 165 159
    130 188 242 198 200 169 47 143 35 107 166 123 126 165 9 17 200 75
    198 115 64 242 255 81 248 247 93 96 186 19 240 252 23 11 184 70 51
    40 58 82 73 70 61 204 234 82 23 26 167 169 96 86 129 226 221 51 206
    28 82 18 131 145 205 221 251 6 38 82 119 204 214 30 191 240 113 150
    250 196 52 50 227 251 245 29 117 164 248 110 233 215 212 43 37 228
    127 31 5 66 214 215 222 52 173 127 219 235 36 220 202 79 91 143 161
    130 156 17 133 81 68 223 18 153 0 29 221 103 39 81 74 72 55 44 154
    181 5 228 193 38 58 41 22 36 223 119 170 117 16 83 227 47 57 181 10
    43 42 51 247 209 124 69 132 61 121 33 41 147 100 120 251 87 99 168
    177 190 107 66 189 212 204 75 84 57 49 223 26 236 68 134 3 58 212 8
    192 112 170 27 88 111 18 198 79 88 67 159 29 231 75 71 223 234 234
    181 221 152 5 14 91 14 33 29 114 165 213 169 195 200 160 132 44 70
    153 80 22 91 144 209 189 129 111 11 57 228 65 98 199 207 242 190 23
    60 23 165 207 190 248 57 227 227 137 146 91 3 152 65 242 47 187 226
    125 246 3 187 28 114 26 115 53 110 103 163 167 235 81 72 245 113 226
    229 255 118 86 54 5 141 18 191 198 168 46 100 213 113 26 7 16 211
    158 61 40 207 166 75 244 173 57 109 136 123 238 10 72 87 121 55 103
    253 207 92 230 3 67 105 143 145 186 38 148 248 215 105 176 69 139 89
    200 54 87 104 61 147 164 95 72 170 143 26 244 155 237 156 31 52 101
    223 121 16 234 80 141 202 235 203 95 57 180 229 217 228 89 151 70 83
    41 21 28 226 207 175 31 239 248 27 110 63 80 231 7 25 220 88 245 178
    78 103 92 245 189 48 75 251 31 67 58 233 38 172 139 36 20 156 139
    128 16 48 44 239 233 35 231 62 17 137 47 78 172 107 11 224 114 33 59
    150 63 238 142 64 137 38 231 6 78 239 63 27 239 37 238 68 112 151 54
    194 101 0 26 186 56 12 91 0 248 102 135 47 18 56 124 207 41 23 14
    143 194 120 204 61 212 207 38 175 126 124 252 154 145 142 220 14 93
    157 185 3 198 116 103 205 76 222 137 152 4 40 61 98 115 112 196 201
    80 111 185 76 118 139 162 93 195 183 184 112 242 60 17 82 138 210 26
    188 108 156 2 136 141 111 148 39 78 23 135 130 244 171 221 201 217
    67 199 203 180 75 45 179 162 15 243 74 34 129 40 99 73 55 145 137 71
    46 44 59 74 1 127 22 125 30 13 57 23 35 225 251 187 25 89 9 38 202
    179 67 245 56 157 196 214 231 28 25 75 206 27 69 90 72 172 248 240
    173 223 151 17 20 53 174 248 166 74 80 150 251 114 1 12 9 143 13 13
    190 113 179 183 95 73 105 172 32 237 0 60 241 82 205 181 146 49 151
    156 234 81 77 233 243 238 33 116 34 250 196 192 23 140 104 163 68
    235 217 76 81 58 176 170 112 189 228 237 69 178 70 132 138 36 95 31
    170 8 20 51 151 4 100 174 251 160 95 24 85 109 222 93 60 209 133 6
    80 24 239 249 70 35 193 187 209 244 198 118 129 250 242 1 31 210 74
    27 112 16 179 191 230 49 97 98 35 212 150 63 176 86 241 75 26 79 237
    94 196 190 230 107 105 165 18 161 111 81 43 86 123 13 178 76 177 100
    255 166 118 220 216 211 156 1 181 86 254 237 131 181 146 87 199 17
    243 161 153 117 67 208 171 85 207 254 198 100 68 169 84 116 118 163
    57 50 109 214 79 59 58 205 145 190 149 121 217 190 61 205 250 138
    133 138 63 190 130 56 141 118 130 36 217 206 112 220 141 108 52 127
    239 161 125 98 156 8 179 75 253 193 56 207 145 153 231 41 186 93 16
    63 62 84 75 52 165 188 238 52 211 25 152 219 56 253 46 92 151 68 124
    43 111 107 238 67 48 70 88 253 231 23 71 16 193 130 138 192 125 165</data></my_img>
<your_img type_id="opencv-matrix">
  <rows>50</rows>
  <cols>100</cols>
  <dt>u</dt>
  <data>
    61 219 100 223 101 240 249 95 148 119 54 65 78 204 220 198 133 14 17
    62 99 35 218 48 37 143 193 29 79 81 101 69 231 154 178 139 146 183 5
    177 195 62 156 68 88 59 6 32 60 179 97 198 193 43 243 226 246 28 74
    100 164 7 182 224 128 89 173 78 34 250 201 252 33 85 72 198 27 88 0
    152 9 13 2 169 152 245 187 229 116 53 157 253 149 234 34 26 105 224
    174 142 15 171 204 62 56 57 51 197 144 182 206 20 244 68 87 237 79
    117 76 113 46 113 242 74 23 85 109 135 51 164 131 19 185 149 132 255
    61 192 135 100 232 206 111 203 152 51 246 59 153 123 64 69 191 89 29
    129 219 251 2 198 171 238 156 131 1 95 134 248 201 182 220 132 26
    148 197 47 207 141 58 105 170 210 100 93 35 192 72 145 100 214 82 90
    38 127 163 191 129 70 127 40 151 122 209 216 48 130 5 21 17 68 160
    79 70 198 38 99 235 201 161 198 40 225 98 12 213 45 101 162 145 4 27
    36 202 122 251 16 239 6 8 245 190 133 71 250 232 37 226 86 14 117 73
    224 137 148 213 221 152 122 254 97 55 103 223 127 115 23 52 113 238
    120 103 58 161 65 39 12 128 134 43 255 240 202 255 241 25 22 250 199
    37 64 35 25 196 153 53 0 51 45 43 140 57 119 235 179 221 59 65 45
    175 117 142 128 100 172 6 199 180 62 51 36 173 205 139 202 30 139
    173 82 47 159 95 104 77 252 8 19 33 28 21 76 72 71 72 25 177 234 226
    132 137 229 178 67 246 172 84 137 48 245 97 62 102 44 161 173 192
    133 15 22 89 154 243 111 103 242 127 221 206 2 166 253 13 145 14 51
    54 82 212 224 247 216 226 160 133 89 146 137 115 134 20 116 116 144
    128 124 189 32 255 241 32 190 222 188 95 224 196 56 200 12 253 80
    150 159 24 34 217 111 32 191 83 149 252 225 132 173 96 98 103 120
    129 169 248 140 93 121 196 206 146 128 50 141 158 3 33 232 199 32
    126 82 53 178 172 185 199 17 179 140 190 236 228 154 37 9 177 111 13
    202 194 129 37 20 65 35 82 237 68 214 95 193 213 255 120 30 74 22
    153 4 76 64 92 171 3 88 161 213 102 101 63 244 153 154 243 161 77 25
    206 184 97 219 212 90 132 127 59 133 52 185 51 208 191 248 162 151
    39 61 118 251 68 229 232 243 71 15 87 215 141 16 78 139 11 213 247
    28 146 177 220 149 73 168 79 114 41 181 122 248 116 103 202 228 91
    76 106 252 25 231 239 199 194 43 170 161 216 164 49 150 64 218 156
    126 132 142 236 225 43 234 157 187 92 225 99 137 228 208 160 73 245
    27 103 222 254 219 135 16 108 198 142 58 43 57 235 4 177 172 169 26
    22 73 189 164 57 86 237 8 88 146 100 49 212 224 213 30 233 108 94
    206 119 48 12 55 59 124 159 218 141 27 44 39 175 60 20 202 137 121
    79 85 76 94 199 117 69 48 175 218 172 222 179 117 50 19 135 104 120
    122 36 237 246 236 173 39 249 113 238 85 112 15 37 252 181 47 79 206
    177 49 152 184 111 47 200 139 88 236 123 199 187 205 113 168 239 203
    119 33 208 88 180 253 29 63 8 35 180 53 227 36 194 94 233 7 202 247
    69 244 45 213 240 75 134 254 203 20 102 223 3 112 205 240 207 189
    182 43 81 27 254 135 237 62 208 239 221 242 170 126 158 17 137 211
    133 194 225 37 213 49 231 76 250 102 116 41 176 182 119 116 81 58
    214 117 169 105 203 181 103 49 170 238 197 212 99 196 197 118 24 102
    96 42 216 138 78 199 120 249 110 133 227 95 248 187 61 232 45 178
    241 242 248 254 5 244 96 101 102 110 176 178 166 220 163 248 242 150
    122 22 187 24 57 143 112 182 118 28 244 108 37 188 95 65 76 110 3
    109 217 12 60 233 110 19 86 244 211 40 37 156 171 186 235 138 122 76
    252 140 176 153 91 88 235 159 33 144 153 176 248 240 239 83 109 207
    215 73 56 123 221 76 206 208 175 131 176 213 135 229 227 160 209 136
    4 49 24 15 250 129 108 216 171 26 44 170 252 155 150 1 184 158 199
    201 126 152 205 183 123 208 13 76 54 29 141 33 174 158 240 54 178 41
    251 3 19 61 232 220 43 33 41 18 134 15 35 237 149 81 208 222 128 226
    11 150 38 48 196 162 84 182 72 47 54 245 33 254 146 76 120 143 35 63
    174 94 168 16 246 17 61 221 53 17 7 13 22 27 123 81 126 90 216 47
    165 192 48 60 116 198 47 23 233 194 116 42 122 118 171 72 28 175 217
    206 24 232 85 199 15 15 35 165 152 178 198 56 250 79 238 202 210 64
    21 25 148 108 61 132 25 154 108 246 139 205 6 218 98 156 184 84 91
    232 38 225 33 99 164 220 106 54 6 189 196 170 91 55 167 159 228 155
    16 136 184 191 221 148 239 108 7 132 58 92 151 238 178 233 224 61
    227 23 2 207 110 18 208 198 18 22 245 216 71 224 184 143 248 61 2
    225 188 109 23 24 58 215 139 217 95 189 157 99 233 241 166 114 133
    35 6 40 95 164 108 150 93 163 52 203 210 223 133 66 117 238 10 17 23
    205 217 123 48 37 182 202 193 30 144 73 196 124 98 75 143 12 173 99
    174 248 217 76 51 241 148 32 99 6 53 236 201 227 127 85 120 123 154
    119 231 75 57 98 245 232 72 133 28 92 42 48 70 231 240 7 12 181 244
    2 187 52 238 134 248 169 38 198 18 60 147 145 227 9 17 129 108 203
    208 115 120 49 135 13 79 253 187 253 83 78 106 96 122 47 150 60 207
    171 57 235 160 127 10 199 63 47 220 92 178 186 30 139 91 96 99 208
    24 99 126 47 30 158 64 1 137 97 80 188 72 123 208 41 239 39 38 15 64
    78 76 221 112 135 173 121 138 216 86 98 211 211 91 135 189 25 111 14
    88 242 244 78 88 64 213 98 103 12 167 199 15 123 74 104 248 174 145
    181 152 74 225 163 93 170 126 254 238 172 126 125 182 249 195 193
    198 125 80 101 38 23 35 110 181 4 103 235 249 78 254 141 102 182 54
    220 45 131 135 68 148 132 183 137 54 218 28 222 184 106 251 79 46
    127 187 181 255 30 99 197 157 117 215 99 233 52 241 2 195 103 149
    203 83 62 23 164 51 42 249 28 215 115 90 175 67 196 168 30 8 72 193
    67 108 45 195 123 203 20 215 40 153 231 40 148 165 15 143 199 33 81
    73 224 191 143 70 238 38 2 127 242 127 96 188 62 64 186 181 6 195
    109 92 220 125 204 60 10 135 162 238 14 239 54 123 235 251 2 38 87
    158 22 86 144 99 227 143 225 205 77 226 221 246 142 27 199 133 226
    15 195 110 141 244 223 5 96 47 110 173 201 88 116 196 31 122 225 171
    62 248 157 165 98 125 201 3 228 169 251 172 90 20 251 8 50 95 47 155
    131 38 142 127 167 116 160 43 82 143 169 50 146 175 79 99 23 103 70
    50 86 79 181 10 196 44 116 143 10 210 217 143 150 187 209 179 63 26
    198 33 74 55 226 207 178 226 241 113 218 71 131 1 189 166 14 33 226
    39 8 22 190 87 108 237 12 52 229 159 251 25 134 149 188 182 109 65
    36 50 118 67 206 47 78 99 55 231 216 195 110 155 251 208 100 70 60
    216 141 243 163 63 70 133 212 132 46 40 211 15 31 144 162 104 236
    158 121 136 105 187 152 93 123 105 233 41 253 132 194 71 163 42 70
    63 1 153 236 215 108 95 116 255 199 124 166 116 79 55 77 30 26 224
    246 160 82 29 23 54 84 223 130 82 79 254 154 76 181 110 100 252 156
    147 87 33 243 129 138 99 237 201 140 203 41 26 19 138 114 162 123 78
    72 201 187 40 238 22 71 203 98 14 91 167 44 209 226 155 167 47 66 35
    41 225 134 166 108 46 173 111 82 100 17 118 195 224 85 30 38 150 158
    131 245 128 55 198 78 216 225 139 168 248 198 246 72 248 70 114 188
    58 127 87 75 19 195 161 253 172 98 126 41 161 224 98 96 9 189 122 33
    173 240 92 21 137 253 75 54 111 189 222 88 249 217 134 202 215 38
    198 3 248 37 82 178 105 2 140 164 74 45 33 156 211 111 96 193 150
    212 40 102 248 111 7 243 191 100 91 243 8 27 110 14 131 227 195 104
    4 87 204 204 239 162 76 168 224 11 154 62 189 178 128 98 112 115 159
    218 205 181 4 22 135 238 230 80 4 140 214 7 92 195 246 233 16 254
    110 203 29 23 96 111 118 181 150 20 131 139 95 173 243 163 121 125
    246 150 52 133 18 14 37 222 190 95 47 168 143 7 93 153 122 144 216
    255 99 223 220 4 75 255 42 36 93 126 85 46 49 184 51 62 209 148 2
    218 251 54 220 1 140 44 170 62 179 151 181 66 51 250 191 214 91 166
    156 170 7 220 74 229 18 70 162 169 25 160 10 168 116 31 250 238 64
    253 110 208 250 30 193 75 13 6 64 250 128 37 95 61 46 152 6 51 40
    231 138 38 23 51 51 144 112 116 8 85 116 52 202 187 133 223 201 166
    93 72 8 226 227 14 7 110 230 7 166 54 178 56 191 48 87 241 202 41
    169 152 223 160 98 90 209 79 37 145 102 136 244 238 207 28 186 214
    147 220 191 233 79 110 137 62 140 49 187 232 112 186 44 104 90 192
    17 162 112 113 63 29 201 17 18 181 171 31 108 68 116 33 167 172 115
    44 228 184 98 81 91 253 121 31 192 83 74 147 23 128 179 54 103 64 8
    96 123 70 137 129 41 138 36 1 224 166 145 223 186 254 10 157 52 110
    246 3 225 159 159 103 175 17 145 243 248 79 83 28 165 25 133 242 86
    222 118 183 146 132 198 20 186 228 146 88 92 91 226 41 56 14 36 198
    139 157 185 213 179 230 133 78 250 247 191 214 150 134 15 35 108 106
    216 2 29 99 190 19 199 104 220 236 87 54 154 191 111 86 48 46 147 49
    91 147 56 68 21 160 35 189 249 117 220 54 136 168 42 158 43 73 114
    98 54 175 73 42 140 209 244 9 235 60 5 27 137 55 18 36 52 99 58 37
    140 108 67 55 93 67 132 8 194 195 184 95 229 147 86 206 166 132 65
    222 226 242 49 99 165 168 252 190 104 88 226 227 128 185 211 169 132
    115 126 7 152 220 122 72 63 46 220 96 124 147 31 90 251 249 202 82
    120 243 228 10 61 201 231 33 249 147 162 73 11 231 244 249 252 45
    184 220 217 95 129 112 242 142 212 214 44 114 196 137 83 181 66 22
    50 90 13 109 181 42 35 181 136 108 26 176 192 25 123 8 118 183 148
    179 112 162 127 215 91 86 194 98 201 253 32 118 238 140 195 232 248
    192 66 104 99 132 250 129 148 239 116 213 226 184 127 244 43 138 10
    81 227 129 181 66 254 250 184 9 30 25 154 194 35 144 37 101 106 20
    175 252 248 186 245 187 193 105 199 142 228 136 49 142 128 203 250
    51 17 202 19 231 154 88 237 188 154 41 131 9 103 233 141 65 178 90
    84 122 111 45 196 196 17 223 13 155 91 137 43 33 194 222 21 81 180
    42 204 1 8 5 123 53 159 133 118 168 12 32 75 136 66 110 164 136 204
    226 116 248 111 203 153 78 98 90 6 228 253 35 166 212 114 31 202 203
    8 104 57 215 233 45 4 81 192 110 36 30 108 243 58 143 115 40 218 78
    87 84 158 216 115 103 112 61 19 232 7 117 224 181 237 31 199 86 245
    3 131 117 206 20 240 193 102 124 203 56 33 44 18 81 29 164 4 142 60
    42 172 160 91 169 89 239 254 95 50 119 166 25 179 186 253 130 92 33
    9 175 128 90 110 78 159 245 15 129 117 248 71 149 31 84 90 60 100
    204 218 216 202 208 120 171 229 201 245 203 47 173 241 214 110 206
    42 118 58 112 212 60 210 74 62 224 169 14 227 78 100 128 56 153 213
    118 229 104 143 199 215 8 48 24 132 123 141 128 63 210 62 25 195 236
    10 121 178 218 90 182 95 67 133 81 87 248 167 30 253 160 15 220 168
    112 219 119 128 255 223 216 132 187 84 216 66 152 201 235 242 66 28
    158 125 114 17 252 181 152 12 254 236 1 171 190 220 192 192 210 104
    108 48 96 158 170 24 243 152 163 90 37 230 22 144 207 134 108 216
    229 245 118 14 28 227 125 159 86 60 57 208 178 72 132 225 127 70 191
    18 18 186 19 128 225 147 105 188 75 166 81 206 96 152 68 59 136 94
    34 248 193 104 215 56 146 118 10 54 48 216 79 253 56 136 239 172 68
    248 182 11 43 18 164 167 162 172 92 55 132 188 214 136 160 5 204 183
    15 116 237 48 115 67 139 104 136 105 82 12 168 249 157 74 211 76 46
    201 64 63 175 28 138 178 134 111 123 184 66 236 8 10 5 120 216 135
    211 83 225 169 40 244 118 55 155 55 173 40 189 192 251 1 143 17 162
    131 131 89 187 68 212 131 97 159 175 165 156 3 52 20 208 160 124 141
    62 27 213 202 204 245 144 87 233 205 35 184 133 66 248 21 198 63 188
    163 56 153 243 73 43 116 252 194 145 25 90 91 135 170 225 252 235
    162 142 236 254 211 204 90 68 156 70 106 158 129 164 106 13 99 42
    207 27 114 173 184 218 211 233 65 92 155 167 146 162 104 99 70 71
    110 92 193 182 220 230 83 231 199 134 107 154 119 102 13 235 123 106
    45 114 77 232 39 70 131 30 15 96 30 225 176 151 31 184 71 24 162 65
    190 181 199 145 162 118 112 118 102 64 191 212 86 146 87 8 240 66 27
    19 33 124 7 114 230 235 126 58 62 155 4 126 129 21 135 142 170 209
    160 246 152 19 24 229 95 81 60 249 184 241 196 50 52 246 90 191 199
    17 18 249 186 31 75 149 99 41 91 141 175 251 142 108 215 196 71 166
    35 203 40 96 12 43 2 15 128 166 238 1 10 209 193 104 52 33 118 13 18
    80 228 201 74 14 154 80 106 52 156 132 241 1 36 17 241 82 250 191
    218 220 66 204 166 80 1 50 10 75 147 252 2 114 66 38 60 11 9 75 181
    41 178 178 220 118 148 225 174 20 145 6 189 129 190 71 212 224 178
    240 199 50 102 49 105 209 95 110 188 99 60 223 4 3 148 1 51 72 169
    188 24 33 163 2 135 71 6 76 128 175 175 202 64 67 243 87 31 98 154
    42 193 1 2 181 254 146 162 190 83 236 100 114 232 205 86 218 150 224
    165 121 88 192 202 141 1 44 79 216 126 183 152 175 147 38 36 35 5 75
    66 251 3 42 61 74 12 213 91 26 99 204 120 248 143 250 52 76 210 235
    154 158 24 202 117 175 163 252 4 133 68 5 11 108 17 194 229 43 101
    226 226 18 169 83 215 51 16 24 171 172 183 143 50 135 96 225 7 35
    156 67 203 90 152 235 60 91 160 66 33 128 181 150 159 178 88 73 117
    88 42 41 210 190 127 132 178 29 103 31 122 136 99 114 154 170 181 46
    123 52 30 90 253 96 151 198 24 92 92 189 55 72 17 146 176 244 80 214
    237 214 156 103 10 72 242 181 226 232 63 189 88 228 45 244 106 134
    24 204 100 145 140 36 176 157 178 208 129 112 182 171 126 253 193
    180 61 226 31 45 160 27 18 238 248 6 233 144 96 224 81 179 78 220
    188 17 23 82 145 71 41 178 174 52 182 206 203 93 88 137 178 93 131
    174 138 249 204 96 224 27 52 36 131 230 139 255 215 99 194 102 131
    46 19 227 199 165 67 131 17 215 36 159 235 143 137 153 43 231 150
    138 139 199 22 75 190 225 163 172 74 127 48 63 6 236 19 163 145 234
    213 52 78 234 227 153 94 161 241 146 72 143 52 140 108 114 166 210
    96 31 222 235 158 214 95 104 18 86 152 235 18 233 95 64 235 84 103
    152 85 54 132 251 211 216 239 72 74 241 23 33 242 212 104 153 139
    239 150 135 162 193 87 80 173 166 106 207 184 72 86 126 29 181 229
    28 226 111 188 253 156 7 46 220 131 132 144 46 88 88 67 216 220 55
    86 79 82 69 203 250 255 37 234 49 42 29 203 212 98 146 243 233 102
    18 152 24 33 227 62 187 46 95 149 138 62 52 61 74 199 51 2 157 156
    54 144 78 222 210 179 235 66 61 40 7 28 64 98 26 141 55 60 143 154
    237 40 154 7 209 112 228 118 33 150 73 71 79 203 251 235 137 123 241
    194 213 145 128 11 244 9 66 71 36 205 204 186 61 99 188 212 184 20
    131 127 18 134 186 44 129 225 201 9 176 101 56 22 205 7 85 61 254
    183 85 223 33 249 124 125 108 19 216 237 40 181 44 120 31 162 104
    109 112 73 45 60 52 196 63 151 62 98 73 135 246 84 96 76 74 222 192
    61 91 6 3 175 64 118 248 109 60 115 214 155 212 168 110 202 238 12
    127 175 79 156 103 108 50 231 12 132 238 245 214 112 4 189 218 172
    190 137 174 127 33 117 51 228 2 171 129 161 231 178 12 60 205 245 35
    173 173 12 36 251 181 26 200 29 101 37 57 118 217 211 166 227 202 36
    122 207 228 36 157 46 206 2 224 233 74 236 160 90 215 162 198 167
    207 116 134 52 88 26 111 169 128 163 245 123 123 96 101 13 255 148 9
    74 74 54 235 207 220 170 159 158 54 186 173 20 214 144 129 172 28 96
    50 3 70 103 189 123 28 239 95 78 122 38 174 147 181 216 78 110 215
    162 65 120 228 67 104 218 85 47 13 228 62 206 135 210 189 70 121 120
    134 136 192 189 231 45 251 36 112 114 157 92 237 204 194 99 195 17
    193 122 14 127 206 186 136 154 166 160 120 149 241 3 126 146 85 33
    149 179 192 83 145 103 74 181 8 24 60 22 82 80 183 95 231 255 186 36
    105 48 93 155 167 232 65 31 157 166 233 50 230 188 175 158 21 175
    243 120 78 166 251 131 202 107 149 184 243 203 55 181 24 101 216 243
    90 39 47 7 10 92 170 70 143 251 55 210 217 154 183 168 186 60 121 57
    184 218 156 209 189 171 49 50 33 190 250 132 73 208 226 136 83 96
    146 29 41 17 121 246 82 145 194 203 199 40 192 181 62 5 191 149 202
    90 101 64 178 129 8 86 194 55 150 129 175 3 175 3 38 151 232 208 115
    186 37 80 146 84 181 73 178 208 68 118 249 10 88 133 144 172 165 159
    130 188 242 198 200 169 47 149 33 102 168 121 123 163 11 18 199 74
    196 120 71 239 255 76 244 243 83 88 183 18 235 250 22 10 176 64 54
    40 58 79 71 72 63 187 230 81 27 30 157 164 96 85 131 226 222 56 204
    33 82 18 131 148 204 220 249 5 42 78 114 204 217 30 191 237 116 152
    249 199 54 54 228 251 244 31 120 172 249 116 233 220 212 43 37 228
    127 31 5 66 214 215 222 52 173 127 219 235 36 220 202 79 91 143 161
    130 156 17 133 81 68 223 18 153 0 29 221 103 39 81 74 72 55 44 154
    181 5 228 193 38 58 41 22 36 223 119 170 117 16 83 227 47 57 181 10
    43 42 51 247 209 124 69 132 61 121 33 41 147 100 120 251 87 99 168
    177 190 107 66 189 212 204 75 84 57 49 223 26 236 68 134 3 58 212 8
    192 112 170 27 88 111 18 198 79 88 67 159 29 231 75 71 223 234 234
    181 221 152 5 14 91 14 33 29 114 165 213 169 195 200 160 132 44 70
    153 80 22 91 144 209 189 129 111 11 57 228 65 98 199 207 242 190 23
    60 23 165 207 190 248 57 227 227 137 146 91 3 152 65 242 47 187 226
    125 246 3 187 28 114 26 115 53 110 103 163 167 235 81 72 245 113 226
    229 255 118 86 54 5 141 18 191 198 168 46 100 213 113 26 7 16 211
    158 61 40 207 166 75 244 173 57 109 136 123 238 10 72 87 121 55 103
    253 207 92 230 3 67 105 143 145 186 38 148 248 215 105 176 69 139 89
    200 54 87 104 61 147 164 95 72 170 143 26 244 155 237 156 31 52 101
    223 121 16 234 80 141 202 235 203 95 57 180 229 217 228 89 151 70 83
    41 21 28 226 207 175 31 239 248 27 110 63 80 231 7 25 220 88 245 178
    78 103 92 245 189 48 75 251 31 67 58 233 38 172 139 36 20 156 139
    128 16 48 44 239 233 35 231 62 17 137 47 78 172 107 11 224 114 33 59
    150 63 238 142 64 137 38 231 6 78 239 63 27 239 37 238 68 112 151 54
    194 101 0 26 186 56 12 91 0 248 102 135 47 18 56 124 207 41 23 14
    143 194 120 204 61 212 207 38 175 126 124 252 154 145 142 220 14 93
    157 185 3 198 116 103 205 76 222 137 152 4 40 61 98 115 112 196 201
    80 111 185 76 118 139 162 93 195 183 184 112 242 60 17 82 138 210 26
    188 108 156 2 136 141 111 148 39 78 23 135 130 244 171 221 201 217
    67 199 203 180 75 45 179 162 15 243 74 34 129 40 99 73 55 145 137 71
    46 44 59 74 1 127 22 125 30 13 57 23 35 225 251 187 25 89 9 38 202
    179 67 245 56 157 196 214 231 28 25 75 206 27 69 90 72 172 248 240
    173 223 151 17 20 53 174 248 166 74 80 150 251 114 1 12 9 143 13 13
    190 113 179 183 95 73 105 172 32 237 0 60 241 82 205 181 146 49 151
    156 234 81 77 233 243 238 33 116 34 250 196 192 23 140 104 163 68
    235 217 76 81 58 176 170 112 189 228 237 69 178 70 132 138 36 95 31
    170 8 20 51 151 4 100 174 251 160 95 24 85 109 222 93 60 209 133 6
    80 24 239 249 70 35 193 187 209 244 198 118 129 250 242 1 31 210 74
    27 112 16 179 191 230 49 97 98 35 212 150 63 176 86 241 75 26 79 237
    94 196 190 230 107 105 165 18 161 111 81 43 86 123 13 178 76 177 100
    255 166 118 220 216 211 156 1 181 86 254 237 131 181 146 87 199 17
    243 161 153 117 67 208 171 85 207 254 198 100 68 169 84 116 118 163
    57 50 109 214 79 59 58 205 145 190 149 121 217 190 61 205 250 138
    133 138 63 190 130 56 141 118 130 36 217 206 112 220 141 108 52 127
    239 161 125 98 156 8 179 75 253 193 56 207 145 153 231 41 186 93 16
    63 62 84 75 52 165 188 238 52 211 25 152 219 56 253 46 92 151 68 124
    43 111 107 238 67 48 70 88 253 231 23 71 16 193 130 138 192 125 165</data></your_img>
</opencv_storage>
