<?xml version="1.0"?>
<opencv_storage>
<L2_diff>5.9481089431852205e+01</L2_diff>
<test_hist type_id="opencv-matrix">
  <rows>256</rows>
  <cols>1</cols>
  <dt>f</dt>
  <data>
    4.50016767e-01 4.51548040e-01 4.51577783e-01 4.57982272e-01
    4.65337753e-01 4.71549213e-01 4.78432715e-01 4.85148638e-01
    4.88900423e-01 4.93419468e-01 5.00926971e-01 5.05834281e-01
    5.08064449e-01 5.11476576e-01 5.14251828e-01 5.20601928e-01
    5.23134708e-01 5.25689602e-01 5.31688988e-01 5.38327634e-01
    5.41421413e-01 5.45669496e-01 5.52598953e-01 5.53177595e-01
    5.58014452e-01 5.63402891e-01 5.67749500e-01 5.74576437e-01
    5.78415930e-01 5.78618407e-01 5.85508704e-01 5.88726342e-01
    5.94556510e-01 6.01487577e-01 6.04006529e-01 6.08696640e-01
    6.10094249e-01 6.11053109e-01 6.13334954e-01 6.18859768e-01
    6.21146262e-01 6.27198577e-01 6.30129814e-01 6.31391227e-01
    6.33108437e-01 6.40398860e-01 6.46008193e-01 6.49071395e-01
    6.56103909e-01 6.56509101e-01 6.60763919e-01 6.67271018e-01
    6.70989335e-01 6.72646701e-01 6.72655165e-01 6.78609312e-01
    6.82794094e-01 6.88161671e-01 6.92225337e-01 6.94338322e-01
    6.94727063e-01 6.97103262e-01 6.97251022e-01 7.03850687e-01
    7.05819547e-01 7.08138049e-01 7.11011648e-01 7.11664736e-01
    2.99029419e+02 4.02545074e+02 9.48772461e+02 4.90193481e+01
    8.45183105e+02 7.32953796e+02 3.46232422e+02 4.75595673e+02
    2.32500916e+02 9.59184937e+02 7.34471619e+02 9.00945557e+02
    7.35672485e+02 9.80333008e+02 1.30391571e+02 2.03205994e+02
    9.11581299e+02 2.90149841e+01 1.88821259e+02 4.55095825e+02
    8.48266357e+02 8.74364990e+02 8.19729126e+02 9.63654114e+02
    9.35591553e+02 9.63048645e+02 9.36596863e+02 7.36045776e+02
    3.33502625e+02 9.99442261e+02 5.26487732e+02 9.44587280e+02
    6.43068115e+02 1.40112091e+02 6.47181885e+02 3.50912964e+02
    7.29813599e+02 2.02313660e+02 5.18090515e+01 1.43960999e+02
    3.09921387e+02 1.81717133e+02 8.58352539e+02 8.57379883e+02
    5.75536926e+02 1.94881866e+02 3.78521729e+00 8.15078979e+02
    9.36107910e+02 7.90511841e+02 8.76040222e+02 8.54714966e+02
    4.77479736e+02 5.75124268e+02 9.55458496e+02 6.24541565e+02
    2.83826782e+02 4.34254059e+02 3.53199097e+02 8.08158630e+02
    3.22341125e+02 3.25152191e+02 7.63522095e+02 8.44880859e+02
    3.93737793e+02 5.40640808e+02 8.81892212e+02 7.36445923e+01
    6.15572632e+02 6.85770813e+02 5.53177979e+02 8.68839600e+02
    4.88640839e+02 2.57681580e+01 8.76910400e+02 4.09499268e+02
    7.41987244e+02 8.82096436e+02 3.20577576e+02 5.96894104e+02
    1.77871124e+02 1.22029633e+02 2.90406647e+02 7.03127014e+02
    2.90994995e+02 7.70260132e+02 3.73052307e+02 1.60535187e+02
    2.18547729e+02 9.27830078e+02 7.13881104e+02 3.89847290e+02
    8.95006226e+02 5.15681152e+01 5.41494019e+02 8.28135620e+02
    4.73215820e+02 2.10929749e+02 1.08001709e+00 7.57765747e+02
    5.32585815e+02 6.83114685e+02 5.17169617e+02 2.68912659e+02
    4.94766846e+01 3.02414734e+02 1.88085327e+01 8.39921875e+02
    2.50568924e+02 2.95070984e+02 3.65712646e+02 8.31194458e+01
    5.31594360e+02 8.50485229e+00 3.00185760e+02 7.86692993e+02
    7.56287231e+02 1.12765686e+02 7.67274048e+02 9.30891235e+02
    7.49533997e+01 6.35503906e+02 1.37324799e+02 2.81822571e+02
    3.96218323e+02 4.15757263e+02 3.31266846e+02 8.12589172e+02
    1.81901703e+02 1.13805817e+02 6.47736084e+02 9.48051514e+02
    6.20508057e+02 2.39588837e+02 6.20969116e+02 3.50363220e+02
    4.69754242e+02 7.54101440e+02 7.65250732e+02 2.04545868e+02
    1.94983795e+02 7.75975769e+02 3.48161377e+02 3.92105591e+02
    6.16958496e+02 3.60484131e+02 7.03613953e+02 3.79033173e+02
    7.00720337e+02 6.14564575e+02 5.51732056e+02 8.20476074e+02
    3.06455750e+02 9.74129517e+02 4.54889313e+02 4.78224457e+02
    2.22102539e+02 5.48830444e+02 2.41356506e+01 8.97814941e+00
    6.46122070e+02 4.70334015e+02 6.14873169e+02 4.24165985e+02
    3.21049866e+02 1.44968018e+02 8.23290283e+02 9.06919495e+02
    5.83307251e+02 2.28041962e+02 1.94364899e+02 4.61486938e+02
    1.14442291e+02 1.17896393e+02 8.21593323e+02 2.94068054e+02
    1.39571899e+02 9.31831543e+02 5.89354187e+02 6.88507629e+02
    9.80671143e+02 4.69740204e+02 5.39544861e+02 8.16449829e+02
    6.69353821e+02 6.00631836e+02 9.27195740e+01 3.37444855e+02</data></test_hist>
<my_lkt type_id="opencv-matrix">
  <rows>256</rows>
  <cols>1</cols>
  <dt>u</dt>
  <data>
    1 3 4 4 4 6 7 8 8 8 10 11 12 14 14 15 17 17 17 18 19 19 20 21 22 23
    25 25 25 25 26 27 28 29 29 31 31 32 33 35 37 37 38 39 41 42 42 43 44
    45 45 47 48 48 48 50 51 52 52 54 55 56 57 57 58 59 59 60 60 61 63 63
    64 66 67 67 68 70 71 73 74 76 76 77 79 79 79 80 81 83 85 87 88 90 92
    93 94 96 97 99 100 100 101 102 104 104 104 104 105 105 107 108 110
    110 110 112 113 115 117 118 119 120 122 123 124 125 126 127 128 129
    130 132 133 134 136 136 137 139 140 142 143 143 145 145 147 149 149
    151 151 151 152 153 154 156 156 157 157 159 161 161 163 163 165 166
    167 168 168 169 170 172 173 174 174 174 174 176 177 177 178 178 179
    179 180 182 183 183 185 187 187 188 189 189 190 191 192 193 194 194
    195 197 199 199 200 201 202 204 205 206 206 208 209 209 211 211 213
    214 215 216 218 219 220 222 223 224 224 226 226 226 227 228 229 230
    231 231 233 235 236 236 237 238 238 238 240 241 241 243 244 246 248
    249 250 251 253 254 254 255</data></my_lkt>
<your_lkt type_id="opencv-matrix">
  <rows>256</rows>
  <cols>1</cols>
  <dt>u</dt>
  <data>
    1 2 3 5 6 7 8 8 9 10 12 13 14 16 17 17 18 18 19 21 21 22 23 24 24 26
    28 29 31 32 33 33 33 34 34 35 36 36 36 36 37 38 40 42 42 44 45 47 47
    47 49 50 51 52 53 55 56 57 58 59 60 62 62 64 65 66 68 69 70 71 73 75
    75 75 75 76 77 77 77 78 79 79 80 81 82 83 84 85 87 89 90 90 92 93 94
    95 95 96 98 98 98 99 99 101 102 104 104 105 107 108 109 110 112 113
    115 116 118 119 120 121 122 124 126 127 127 128 130 132 132 133 134
    135 136 137 137 137 138 138 138 140 141 143 144 144 145 147 148 149
    151 152 152 152 153 155 156 157 159 159 160 162 162 164 164 165 166
    168 170 170 171 172 172 172 173 174 175 177 179 179 180 182 182 183
    184 184 185 187 187 189 190 191 192 192 193 195 196 197 198 199 200
    201 202 203 205 205 205 207 208 210 211 211 212 212 214 215 217 219
    219 220 222 222 223 223 224 225 226 228 228 229 230 231 231 233 234
    236 237 239 239 239 240 241 241 242 242 243 243 245 245 247 249 249
    250 251 253 254 255 255</data></your_lkt>
</opencv_storage>
