<?xml version="1.0"?>
<opencv_storage>
<L2_diff>2.0419598428960350e+02</L2_diff>
<r>12</r>
<test_img type_id="opencv-matrix">
  <rows>50</rows>
  <cols>100</cols>
  <dt>u</dt>
  <data>
    19 210 110 5 79 136 207 22 249 147 135 62 172 196 234 151 159 5 49
    252 72 193 136 204 227 83 92 37 229 47 64 125 99 31 157 124 132 180
    24 188 112 42 25 172 25 122 91 28 221 109 212 102 102 101 171 103
    121 168 185 124 62 21 182 189 146 139 136 150 124 71 52 48 229 75 45
    99 182 26 56 24 38 221 123 231 137 174 50 69 160 27 170 217 147 47
    206 88 147 100 179 36 238 129 49 77 19 253 86 214 168 78 204 253 14
    98 151 215 54 2 100 158 195 0 29 137 166 138 2 68 104 168 135 23 81
    25 248 212 203 142 59 13 231 40 6 39 34 231 188 205 144 206 248 13
    158 178 139 224 234 145 246 221 108 31 100 120 32 209 225 158 232 88
    80 116 177 74 175 216 208 0 21 139 115 239 113 19 66 156 56 174 27
    209 188 41 195 150 212 236 205 140 17 161 255 92 62 56 255 32 88 215
    40 62 127 219 134 151 172 164 174 90 42 28 197 205 58 251 220 57 170
    36 153 130 201 147 27 65 149 50 86 202 246 110 187 70 26 18 251 161
    0 218 203 84 253 216 87 104 11 203 213 220 159 31 195 82 245 131 32
    87 62 107 217 27 247 60 182 243 209 107 124 98 91 236 81 227 185 87
    128 65 77 158 230 219 234 130 177 146 82 119 99 29 119 168 117 248
    22 60 135 14 35 91 222 231 122 179 161 111 122 2 152 32 158 144 43
    71 151 20 30 103 64 6 80 71 190 170 73 169 194 83 209 115 155 147
    120 170 132 43 63 53 198 195 22 189 9 153 245 97 195 84 90 230 53
    230 73 17 136 8 85 31 52 204 218 5 88 56 178 150 94 164 21 242 105
    188 172 232 80 223 51 228 44 156 179 79 27 223 135 126 98 227 132
    217 89 188 240 66 156 94 19 27 179 207 165 53 227 205 26 215 162 189
    141 139 152 72 84 175 132 123 25 22 14 239 67 167 6 233 249 71 63
    166 141 63 141 199 31 122 1 72 189 0 108 57 233 96 215 142 156 188
    233 167 61 182 249 7 149 183 17 117 231 172 22 250 132 60 31 80 253
    76 159 236 49 242 243 48 62 82 180 55 5 162 147 101 203 189 171 252
    131 22 144 8 255 121 151 117 139 21 39 66 98 116 24 26 233 175 58 78
    246 32 247 219 186 164 204 225 28 60 198 132 100 85 215 158 74 236
    203 222 14 200 149 0 213 241 181 149 54 16 157 17 20 216 222 75 244
    176 68 194 12 240 187 92 244 169 130 188 52 6 205 113 194 155 1 89
    18 231 100 204 108 149 10 165 249 245 250 181 239 4 63 137 201 203
    167 42 61 185 234 241 152 240 45 16 190 119 213 197 16 170 23 223
    177 156 120 247 203 187 51 47 38 245 147 168 103 19 181 31 36 170
    101 117 8 214 95 196 146 2 83 153 154 6 152 231 64 49 18 59 232 74
    22 87 27 229 54 110 204 140 214 102 16 220 232 173 155 23 220 227
    211 129 131 163 109 77 58 118 166 15 155 110 148 143 155 101 228 113
    71 65 151 122 121 119 17 143 157 87 138 109 133 123 168 249 126 102
    77 144 161 195 195 204 116 157 218 92 113 91 138 17 172 11 158 131
    35 89 6 211 124 182 246 9 102 123 91 161 86 188 14 230 214 48 11 245
    112 231 19 26 62 222 118 25 158 101 34 209 146 135 55 163 132 220 83
    113 77 222 79 158 29 195 238 204 99 104 111 12 237 103 207 240 156
    183 172 212 249 12 169 82 98 199 33 210 250 235 178 150 134 166 137
    34 44 248 226 241 70 156 40 13 150 241 206 103 86 11 47 230 123 225
    12 174 106 241 46 76 21 255 14 227 183 108 70 19 203 195 2 226 9 38
    121 207 36 155 210 227 85 183 69 47 149 119 118 33 223 136 97 18 168
    162 17 71 69 92 194 113 26 248 43 109 62 51 96 241 211 154 178 183
    240 154 215 170 98 95 137 96 20 203 9 244 86 166 115 9 234 170 167
    67 102 139 101 68 254 17 149 80 106 60 157 139 110 183 187 30 136
    152 185 6 25 3 130 112 4 64 243 173 173 218 87 235 238 41 65 60 207
    14 140 83 14 173 145 212 174 138 19 27 136 118 88 28 242 219 4 87 4
    229 73 243 22 191 209 164 6 204 108 207 187 74 116 210 249 253 154
    134 41 251 160 182 219 36 9 109 35 77 154 182 129 103 52 27 98 159
    228 117 133 160 16 72 120 95 199 9 42 22 31 128 249 171 154 52 106
    217 16 229 39 89 213 218 232 154 137 164 152 162 148 87 134 45 165
    201 53 70 246 25 213 46 90 163 252 52 58 57 154 85 47 135 207 116 88
    14 246 240 168 142 22 202 59 146 14 99 61 107 155 105 244 107 156 22
    134 73 80 183 14 211 120 51 115 211 139 238 153 134 114 7 132 242
    127 211 157 79 125 83 97 36 106 53 14 0 12 95 147 119 187 33 133 173
    232 1 56 44 162 186 72 67 17 37 195 201 100 35 99 49 229 14 210 157
    188 104 54 24 134 93 239 123 116 45 249 83 252 52 10 172 175 180 85
    38 60 56 30 74 78 235 221 176 162 251 187 122 81 65 8 6 174 95 136
    111 112 132 255 57 198 54 234 151 90 154 76 5 253 87 37 148 80 204
    226 254 221 198 55 1 252 13 163 157 177 85 249 200 146 201 76 109
    212 163 196 196 188 213 50 214 145 68 183 126 25 9 18 250 134 240 64
    174 59 155 6 223 181 239 200 72 92 251 92 186 107 19 15 127 170 91
    38 239 81 99 254 230 236 147 47 55 103 173 35 117 98 92 80 9 233 18
    147 142 250 255 109 218 111 117 17 203 227 40 58 241 125 147 221 166
    33 44 96 130 65 116 193 190 101 32 240 85 249 246 189 193 115 215
    138 90 115 227 234 99 104 71 60 118 221 75 116 161 98 25 236 125 103
    135 184 4 111 5 7 32 191 17 69 218 215 73 159 193 7 252 88 113 234
    205 107 96 11 206 87 63 190 156 81 40 36 88 252 2 239 104 230 107
    250 184 74 175 221 212 155 220 8 146 198 5 57 98 32 138 204 172 224
    84 135 54 191 223 204 1 22 53 105 153 186 127 204 15 239 210 235 230
    130 175 235 183 202 194 255 84 18 150 97 140 59 163 179 233 2 125
    202 116 212 139 94 116 102 134 49 86 187 25 219 216 9 164 28 4 24
    214 14 37 125 104 68 35 70 248 198 199 111 197 53 203 26 219 126 155
    33 5 36 2 236 90 76 213 225 61 76 222 45 54 30 44 120 107 197 44 173
    203 149 245 197 49 155 104 225 12 240 31 171 194 42 157 150 48 1 92
    197 62 40 235 166 145 139 99 44 25 170 104 173 218 188 16 127 36 3
    126 193 162 184 54 107 61 216 9 117 49 152 252 23 25 105 70 252 218
    105 206 65 65 29 72 150 87 137 240 44 160 20 166 108 225 211 106 183
    172 20 215 255 57 58 150 147 41 6 129 96 19 44 161 117 204 244 152
    138 214 182 233 224 196 100 230 255 78 213 77 158 93 13 224 78 172
    21 81 181 81 241 92 178 66 50 182 115 59 176 193 245 152 218 113 119
    103 206 179 171 4 196 4 69 201 231 121 77 158 125 202 48 176 73 128
    123 70 47 34 65 120 198 154 173 24 103 125 249 116 59 5 133 201 112
    173 43 51 36 217 193 213 248 98 6 210 113 125 214 22 30 202 92 249
    80 240 80 131 59 245 151 3 213 81 161 232 172 170 217 247 176 15 107
    93 171 232 231 89 94 16 181 118 236 233 183 22 143 51 214 166 63 27
    135 168 170 62 26 51 124 205 132 228 199 14 185 43 237 196 131 142 8
    114 6 191 165 124 132 78 103 56 57 139 193 210 136 134 31 198 89 135
    25 150 54 77 93 3 149 203 88 24 226 202 32 191 81 95 247 26 184 35
    204 93 214 222 55 192 124 114 250 158 212 36 248 22 84 104 69 230
    233 162 0 249 85 185 169 167 161 97 174 20 119 2 198 223 36 43 7 72
    24 214 209 236 92 108 190 155 65 186 161 105 161 114 94 16 100 145
    18 190 135 230 110 82 57 67 5 87 188 131 42 130 109 126 65 102 178
    129 127 133 27 171 25 68 185 179 69 91 166 74 202 57 14 60 33 4 1 10
    2 147 254 254 50 250 252 143 170 221 54 110 251 31 84 78 175 193 76
    9 211 33 236 137 92 148 63 120 212 70 62 113 44 30 154 196 120 144
    84 194 231 7 90 215 248 173 221 176 208 61 204 131 163 101 148 131
    128 127 5 242 226 209 157 116 84 217 163 23 144 188 51 150 161 162
    77 222 204 236 50 68 160 100 86 25 145 6 204 107 53 76 195 74 88 208
    172 243 63 224 121 39 24 223 71 208 113 214 68 59 205 69 102 247 158
    93 233 53 172 23 28 100 179 220 219 109 145 216 16 106 19 186 159
    214 184 50 186 192 201 3 75 20 95 250 191 46 177 54 97 202 202 35
    215 154 23 205 52 130 107 169 47 216 58 99 249 183 193 1 7 14 55 218
    217 90 0 14 9 213 39 22 222 156 187 119 108 13 28 251 172 175 248 9
    198 186 123 94 250 63 117 90 180 111 119 42 220 244 224 13 161 220
    204 20 58 62 103 90 118 120 138 9 70 189 178 56 51 248 167 195 69
    156 19 77 43 244 232 162 182 63 217 124 0 226 227 127 124 51 94 54
    87 100 31 213 125 72 41 165 67 90 19 40 230 82 79 203 177 218 158
    251 101 45 125 81 62 6 77 143 187 169 179 74 191 11 163 221 0 222 90
    234 63 128 83 196 141 109 158 112 64 79 162 246 47 53 242 84 248 142
    194 137 174 41 75 96 121 129 118 43 219 129 218 248 245 83 203 127
    106 82 5 146 244 211 22 55 44 243 128 17 251 68 83 58 226 3 172 173
    181 168 101 107 90 58 43 7 133 40 140 243 34 171 211 142 75 234 252
    104 16 147 113 195 116 240 13 165 143 171 154 32 208 95 162 118 0 23
    51 161 172 146 238 41 240 166 175 58 102 213 36 246 162 121 249 104
    89 7 87 97 81 96 240 225 91 127 246 82 109 249 94 235 100 59 113 54
    248 70 62 76 39 218 179 251 24 208 235 35 233 246 171 2 160 22 96 57
    204 2 120 250 186 74 156 185 104 32 169 55 186 217 184 1 209 14 43
    136 62 231 131 23 13 112 225 105 21 2 36 147 207 207 13 238 227 123
    135 222 173 242 232 97 53 187 79 17 95 184 127 75 99 119 116 207 29
    95 75 183 181 31 9 152 172 162 231 78 128 90 183 228 30 248 44 105
    115 140 225 124 157 144 106 120 3 201 210 17 6 16 122 10 188 142 185
    111 245 30 223 105 187 96 82 206 41 117 79 71 103 82 147 216 170 174
    30 195 130 232 152 250 82 100 23 209 6 207 229 73 18 215 69 79 103
    73 253 191 58 252 127 152 251 48 253 111 165 185 123 19 136 17 212
    143 36 246 108 196 56 151 198 205 113 193 126 11 100 151 28 82 242
    57 107 112 234 224 198 221 39 253 88 9 39 140 8 179 72 20 50 155 243
    62 33 217 129 95 240 210 52 150 159 125 80 17 171 194 130 81 226 254
    66 97 32 54 216 173 72 121 145 23 182 20 226 110 133 244 123 66 203
    116 168 248 8 156 44 130 28 243 45 109 151 197 238 122 245 168 197
    117 78 24 144 109 238 193 109 254 176 85 25 22 48 188 41 54 172 237
    165 38 64 164 62 255 135 122 49 195 141 224 13 169 230 143 92 144 86
    222 204 76 100 91 35 205 108 185 206 87 209 13 73 104 163 94 199 134
    19 83 160 244 160 26 195 234 210 204 130 25 214 88 166 79 215 65 65
    182 53 150 40 36 108 181 115 27 182 31 82 58 245 130 225 65 16 220
    76 147 121 143 237 97 208 83 97 199 118 24 93 236 227 61 122 82 235
    233 198 134 32 220 10 185 243 10 31 28 0 189 175 231 32 107 57 161
    57 44 55 190 130 80 160 122 22 247 215 65 191 211 80 172 114 167 229
    96 35 152 224 228 149 242 46 130 5 88 66 38 30 22 26 38 146 53 14 58
    74 66 38 135 190 88 163 75 87 120 131 137 212 80 110 101 106 141 22
    105 213 127 3 179 133 59 229 139 38 121 75 72 174 34 207 42 180 168
    109 37 42 118 85 236 137 91 170 48 73 221 241 235 71 245 45 28 242
    195 235 232 71 189 221 9 186 235 50 97 4 100 125 185 166 217 208 151
    254 24 13 198 230 29 231 150 10 215 62 49 157 134 104 103 248 10 136
    222 210 50 221 164 102 22 196 196 111 109 75 119 106 225 99 9 223
    103 215 154 75 97 145 250 119 209 233 49 158 20 103 38 242 198 72
    176 166 185 146 146 82 153 82 162 221 33 213 1 74 255 54 137 219 131
    220 37 124 24 143 225 126 232 73 113 30 72 136 35 107 17 116 84 84
    225 14 67 100 163 73 133 204 18 179 5 241 246 183 58 230 187 132 178
    50 10 100 148 181 133 68 27 250 223 210 95 181 143 209 179 3 159 57
    35 121 232 218 96 148 106 99 0 85 114 113 110 47 190 240 170 61 218
    157 135 0 169 86 202 187 25 64 133 161 95 175 63 139 22 171 80 222
    75 93 194 210 135 215 181 218 5 26 13 124 90 67 228 252 240 215 103
    98 162 254 219 153 37 143 91 15 201 29 61 169 255 100 67 90 84 171
    142 29 161 208 7 53 207 240 68 132 162 40 47 210 191 197 175 226 190
    80 41 82 242 9 107 250 160 87 65 95 27 255 165 128 224 74 39 132 129
    54 94 69 95 205 167 6 137 52 159 252 44 61 180 27 134 47 127 107 146
    36 48 255 160 183 49 110 64 223 201 175 65 235 211 74 128 106 183
    103 1 124 105 121 121 152 229 105 201 255 113 32 8 93 134 107 182 50
    168 237 229 38 61 135 104 221 62 63 29 152 208 135 143 183 112 189
    210 44 72 53 14 16 137 45 88 39 173 127 86 159 202 13 123 214 129
    231 92 166 168 62 227 45 15 156 198 120 246 102 76 162 100 118 117
    254 61 127 93 253 108 91 159 108 131 165 217 243 236 101 20 190 117
    120 193 241 221 198 65 248 119 132 75 21 136 98 51 219 118 223 58
    131 130 106 81 7 209 245 157 106 54 28 195 61 93 104 53 134 223 88
    57 232 224 173 161 168 204 120 223 199 112 253 43 56 184 48 28 213
    67 149 177 173 50 209 205 231 115 140 173 57 123 189 45 55 228 95 67
    217 17 228 84 57 49 140 97 124 237 219 173 196 49 138 199 26 216 120
    4 111 199 47 8 40 228 164 108 176 177 116 240 130 164 240 40 245 72
    47 254 255 218 13 171 156 233 120 237 213 58 84 76 66 154 189 70 213
    11 82 70 201 6 204 255 181 227 63 140 208 224 37 137 179 214 155 92
    41 67 41 165 197 96 122 1 207 212 215 170 133 72 26 12 144 167 120
    249 7 177 175 47 206 70 246 24 59 112 240 97 41 246 132 173 98 165
    115 221 37 33 219 170 203 119 58 65 17 197 63 241 86 16 35 76 75 104
    203 199 215 229 144 19 201 164 50 102 189 97 36 236 4 70 213 211 38
    255 97 192 192 184 68 209 56 9 240 241 9 104 167 150 244 251 152 220
    204 173 140 186 10 129 211 235 140 97 134 39 195 60 28 9 123 192 234
    72 36 178 181 48 218 89 142 40 166 228 48 30 64 18 131 82 183 77 52
    132 1 54 37 28 88 230 200 63 205 11 224 57 69 39 158 164 167 151 119
    81 44 122 12 40 149 208 143 99 189 197 200 84 91 201 94 22 83 140 46
    143 73 241 51 158 163 51 38 232 25 139 252 13 55 151 237 137 118 74
    219 208 237 219 38 31 41 101 108 192 69 42 167 42 208 252 115 73 183
    208 216 153 5 121 114 199 67 203 176 68 48 33 104 188 222 34 83 142
    86 189 16 17 169 110 13 150 190 30 117 18 251 215 186 53 141 136 125
    187 129 43 131 69 192 158 129 211 209 187 28 184 173 25 74 203 1 84
    239 52 204 201 54 8 186 186 182 254 106 85 22 201 138 106 253 41 110
    244 14 79 30 251 229 190 58 121 36 142 252 57 178 102 64 63 61 222
    67 78 48 82 241 83 38 230 234 159 247 63 238 218 71 44 231 80 18 51
    237 16 202 239 229 179 73 118 214 181 84 37 137 140 255 185 203 198
    62 137 235 226 166 235 78 138 49 195 28 150 33 70 201 3 137 136 171
    199 73 60 227 119 148 50 199 222 124 7 5 3 13 97 163 223 42 112 10
    104 98 69 252 60 79 123 177 88 250 218 50 53 54 33 51 40 87 158 183
    7 181 80 204 181 162 240 55 89 32 254 102 246 165 149 176 84 77 112
    80 51 51 51 165 169 110 90 144 182 46 29 48 106 142 249 132 48 189
    144 158 178 162 147 186 49 171 64 117 10 219 182 228 130 26 3 175
    193 20 39 93 177 201 194 125 173 64 127 178 188 68 130 43 95 220 6
    203 48 81 15 3 152 166 175 74 139 226 168 26 240 65 214 10 183 152
    200 27 242 250 111 144 130 152 234 62 158 121 50 50 253 177 229 181
    138 30 190 4 183 29 150 153 91 72 253 169 179 120 52 34 47 101 158
    97 233 109 13 161 222 3 8 159 194 227 157 239 210 15 52 2 103 29 49
    117 4 246 197 152 16 193 127 98 198 84 188 215 79 8 98 78 5 189 175
    93 178 177 51 71 143 56 100 75 255 55 6 108 149 142 194 184 99 246
    40 76 90 34 105 14 192 175 100 38 58 136 31 190 39 204 106 122 206
    173 21 211 118 57 119 109 251 36 156 162 41 29 82 104 195 133 66 87
    111 3 122 90 12 28 7 109 211 86 208 224 87 223 93 137 193 220 115
    195 37 54 153 65 110 15 144 184 213 206 70 135 31 181 36 156 87 39
    73 105 77 103 229 244 218 191 244 177 201 171 225 237 201 154 71 59
    214 75 204 183 221 195 116 98 123 137 236 253 95 110 38 193 87 17
    204 143 129 96 99 208 176 243 99 213 112 115 136 63 154 124 118 247
    1 87 82 148 164 215 19 244 86 86 91 182 146 73 206 237 94 248 69 76
    182 198 132 31 114 208 200 20 211 168 18 83 162 224 24 126 155 17 68
    20 147 243 227 20 100 82 237 100 12 228 255 242 187 113 2 148 53 210
    188 202 28 185 60 147 162 45 114 174 143 182 192 177 97 60 123 150
    214 146 103 9 102 35 107 112 92 126 24 98 190 35 122 243 207 227 121
    249 246 142 231 101 208 145 202 247 7 176 78 201 62 45 40 85 50 209
    136 210 157 131 32 96 233 134 246 155 203 172 91 182 161 177 153 88
    203 41 39 69 28 247 144 31 249 138 44 126 0 249 94 177 103 30 91 105
    60 241 169 73 251 251 219 124 210 199 61 101 192 10 114 238 114 150
    9 114 46 123 213 134 5 32 225 33 58 97 40 158 203 180 77 9 62 216 70
    41 74 1 172 82 199 132 116 232 85 62 10 233 141 189 214 160 146 142
    95 115 103 226 195 151 74 208 110 157 35 24 66 134 83 207 49 63 213
    119 189 170 223 243 112 3 123 150 43 130 47 184 128 36 179 211 12
    142 56 58 209 38 98 135 55 139 188 124 72 80 5 215 85 132 238 110
    150 109 235 75 172 209 15 182 48 147 166 189 82 183 201 60 40 51 220
    166 80 238 44 62 109 225 104 149 60 225 99 179 86 153 167 192 137
    108 247 16 173 72 44 129 91 162 220 182 212 106 15 17 155 44 105 252
    240 215 11 187 30 162 204 123 164 184 115 163 182 134 85 235 177 56
    186 89 130 201 246 212 138 195 145 159 185 207 201 55 67 96 122 42
    25 253 151 202 199 159 40 91 190 153 206 35 121 104 174 137 92 226
    182 227 252 119 213 248 59 177 146 201 87 38 22 81 45 41 146 54 185
    139 86 176 50 27 220 42 212 230 106 151 96 215 44 153 64 151 127 230
    112 6 195 37 121 61 48 218 145 121 13 171 127 148 205 26 57 82 149
    197 11 12 166 4 69 77 115 195 6 182 223 25 20 134 35 223 46 25 64
    236 192 111 241 158 17 53 254 248 212 228 195 41 148 214 196 4 212
    186 151 165 112 38 249 131 196 205 188 23 68 224 40 244 163 214 19
    128 36 121 168 83 197 149 124 151 224 244 99 29 27 100 160 163 63
    118 31 82 54 224 33 32 45 116 244 39 187 182 181 102 119 41 135 143
    31 27 51 192 43 134 75 133 227 247 203 208 255 162 243 114 19 70 199
    164 19 146 7 150 106 230 63 196 142 121 44 86 105 40 255 200 36 155
    255 131 27 239 191 209 81 21 156 234 45 7 172 8 150 250 18 29 129
    152 248 124 182 109 160 160 95 112 171 25 158 80 75 152 39 176 228
    18 19 162 85 226 250 229 4 82 105 169 33 189 212 70 52 32 218 48 2
    255 116 212 218 35 13 108 138 166 12 30 41 91 163 37 173 28 221 232
    212 151 204 101 144 198 176 183 113 217 216 73 87 237 126 107 251 69
    195 64 141 96 179 212 105 129 216 70 17 25 154 221 184 213 152 39 32
    168 202 85 57 206 52 63 41 170 8 47 212 78 134 5 116 26 131 27 22 95
    65 174 100 10 107 231 133 141 201 134 34 245 189 193 44 90 74 205
    228 135 122 82 251 86 133 179 131 150 152 115 165 41 125 38 135 224
    177 111 79 194 82 85 149 29 33 28 111 19 36 218 6 187 132 228 84 150
    133 235 136 133 159 24 240 137 186 39 133 213 145 58 25 82 134 57 95
    167 241 213 141 164 83 63 227 7 17 184 92 205 252 220 162 172 108
    193 250 2 43 215 148 247 235 176 126 217 8 72 72 159 6 126 142 121
    109 180 60 72 112 86 216 192 12 98 125 61 13 204 197 95 35 176 118
    70 197 190 60 68 204 15 245 54 32 64 14 176 31 228 133 96 243 75 205
    98 199 139 202 182 24 195 191 5 233 96 25 86 132 21 98 196 151 202
    32 25 219 243 56 139 155 52 202 185 42 164 100 21 62 139 234 139 128
    53 3 148 189 114 254 183 67 84 90 122 146 65 6 13 230 210 45 247 21
    120 148 35 8 104 25 163 242 203 177 174 149 140 135 211 187 155 187
    72 176 22 178 172 12 180 146 249 21 245 198 17 230 155 187 60 64 45
    117 43 49 77 184 96 102 61 64 174 137 85 37 240 13 179 57 63 119 166
    145 89 196 18 169 79 106 206 243 83 191 145 174 89 231</data></test_img>
<my_img type_id="opencv-matrix">
  <rows>50</rows>
  <cols>100</cols>
  <dt>u</dt>
  <data>
    19 210 110 5 79 136 207 22 249 147 135 62 172 196 234 151 159 5 49
    252 72 193 136 204 227 83 92 37 229 47 64 125 99 31 157 124 132 180
    24 188 112 42 25 172 25 122 91 28 221 109 212 102 102 101 171 103
    121 168 185 124 62 21 182 189 146 139 136 150 124 71 52 48 229 75 45
    99 182 26 56 24 38 221 123 231 137 174 50 69 160 27 170 217 147 47
    206 88 147 100 179 36 238 129 49 77 19 253 86 214 168 78 204 253 14
    98 151 215 54 2 100 158 195 0 29 137 166 138 2 68 104 168 135 23 81
    25 248 212 203 142 59 13 231 40 6 39 34 231 188 205 144 206 248 13
    158 178 139 224 234 145 246 221 108 31 100 120 32 209 225 158 232 88
    80 116 177 74 175 216 208 0 21 139 115 239 113 19 66 156 56 174 27
    209 188 41 195 150 212 236 205 140 17 161 255 92 62 56 255 32 88 215
    40 62 127 219 134 151 172 164 174 90 42 28 197 205 58 251 220 57 170
    36 153 130 201 147 27 65 149 50 86 202 246 110 187 70 26 18 251 161
    0 218 203 84 253 216 87 104 11 203 213 220 159 31 195 82 245 131 32
    87 62 107 217 27 247 60 182 243 209 107 124 98 91 236 81 227 185 87
    128 65 77 158 230 219 234 130 177 146 82 119 99 29 119 168 117 248
    22 60 135 14 35 91 222 231 122 179 161 111 122 2 152 32 158 144 43
    71 151 20 30 103 64 6 80 71 190 170 73 169 194 83 209 115 155 147
    120 170 132 43 63 53 198 195 22 189 9 153 245 97 195 84 90 230 53
    230 73 17 136 8 85 31 52 204 218 5 88 56 178 150 94 164 21 242 105
    188 172 232 80 223 51 228 44 156 179 79 27 223 135 126 98 227 132
    217 89 188 240 66 156 94 19 27 179 207 165 53 227 205 26 215 162 189
    141 139 152 72 84 175 132 123 25 22 14 239 67 167 6 233 249 71 63
    166 141 63 141 199 31 122 1 72 189 0 108 57 233 96 215 142 156 188
    233 167 61 182 249 7 149 183 17 117 231 172 22 250 132 60 31 80 253
    76 159 236 49 242 243 48 62 82 180 55 5 162 147 101 203 189 171 252
    131 22 144 8 255 121 151 117 139 21 39 66 98 116 24 26 233 175 58 78
    246 32 247 219 186 164 204 225 28 60 198 132 100 85 215 158 74 236
    203 222 14 200 149 0 213 241 181 149 54 16 157 17 20 216 222 75 244
    176 68 194 12 240 187 92 244 169 130 188 52 6 205 113 194 155 1 89
    18 231 100 204 108 149 10 165 249 245 250 181 239 4 63 137 201 203
    167 42 61 185 234 241 152 240 45 16 190 119 213 197 16 170 23 223
    177 156 120 247 203 187 51 47 38 245 147 168 103 19 181 31 36 170
    101 117 8 214 95 196 146 2 83 153 154 6 152 231 64 49 18 59 232 74
    22 87 27 229 54 110 204 140 214 102 16 220 232 173 155 23 220 227
    211 129 131 163 109 77 58 118 166 15 155 110 148 143 155 101 228 113
    71 65 151 122 121 119 17 143 157 87 138 109 133 123 168 249 126 102
    77 144 161 195 195 204 116 157 218 92 113 91 138 17 172 11 158 131
    35 89 6 211 124 182 246 9 102 123 91 161 86 188 14 230 214 48 11 245
    112 231 19 26 62 222 118 25 158 101 34 209 146 135 55 163 132 220 83
    113 77 222 79 158 29 195 238 204 99 104 111 12 237 103 207 240 156
    183 172 212 249 12 169 82 98 199 33 210 250 235 178 150 134 166 137
    34 44 248 226 241 70 156 40 13 150 241 206 103 86 11 47 230 123 225
    12 174 106 241 46 76 21 255 14 227 183 108 70 19 203 195 2 226 9 38
    121 207 36 155 210 227 85 183 69 47 149 119 118 33 223 136 97 18 168
    162 17 71 69 92 194 113 26 248 43 109 62 51 96 241 211 154 178 183
    240 154 215 170 98 95 137 96 20 203 9 244 86 166 115 9 234 170 167
    67 102 139 101 68 254 17 149 80 106 60 157 139 110 183 187 30 136
    152 185 6 25 3 130 112 4 64 243 173 173 218 87 235 238 41 65 60 207
    14 140 83 14 173 145 212 174 138 19 27 136 118 88 28 242 219 4 87 4
    229 73 243 22 191 209 164 6 204 108 207 187 74 116 210 249 253 154
    134 41 251 160 182 219 36 9 109 35 77 154 182 129 103 52 27 98 159
    228 117 133 160 16 72 120 95 199 9 42 22 31 128 249 171 154 52 106
    217 16 229 39 89 213 218 232 154 137 164 152 162 148 87 134 45 165
    201 53 70 246 25 213 46 90 163 252 52 58 57 154 85 47 135 207 116 88
    14 246 240 168 142 22 202 59 146 14 99 61 107 155 105 244 107 156 22
    134 73 80 183 14 211 120 51 115 211 139 238 153 134 114 7 132 242
    127 211 157 79 125 83 97 36 106 53 14 0 12 95 147 119 187 33 133 173
    232 1 56 44 162 186 72 67 17 37 195 201 100 35 99 49 229 14 210 157
    188 104 54 24 134 93 239 123 116 45 249 83 252 52 10 172 175 180 85
    38 60 56 30 74 78 235 221 176 162 251 187 122 81 65 8 6 174 95 136
    111 112 132 255 57 198 54 234 151 90 154 76 5 253 87 37 148 80 204
    226 254 221 198 55 1 252 13 163 157 177 85 249 200 146 201 76 109
    212 163 196 196 188 213 50 214 145 68 183 126 25 9 18 250 134 240 64
    174 59 155 10 230 191 240 207 80 101 251 99 191 113 22 18 134 176
    104 47 238 90 113 255 231 236 153 53 58 113 174 38 124 101 95 82 12
    230 20 147 141 250 255 108 211 110 115 18 189 222 38 53 236 119 138
    217 158 36 44 93 125 62 112 190 190 100 32 241 81 250 247 192 195
    109 217 132 83 109 228 234 99 104 71 60 118 221 75 116 161 98 25 236
    125 103 135 184 4 111 5 7 32 191 17 78 225 220 84 166 199 10 253 94
    120 233 209 112 104 14 211 97 72 195 164 92 50 45 101 253 4 235 112
    226 111 250 179 78 173 215 201 152 210 9 140 186 4 53 93 31 130 193
    167 220 75 126 48 182 218 196 3 26 50 100 141 184 125 203 16 239 211
    235 228 124 174 236 183 202 193 255 76 18 150 97 140 59 163 179 233
    2 125 202 116 212 139 94 116 102 134 49 86 187 25 219 216 13 175 40
    5 31 217 18 40 129 109 71 37 71 247 202 202 120 199 59 206 32 219
    137 159 39 6 42 4 233 95 78 205 221 64 77 217 46 53 30 42 121 108
    186 42 166 190 142 244 190 42 148 98 222 14 236 33 162 186 39 147
    141 43 3 88 194 58 37 235 162 138 135 94 40 24 171 101 173 218 188
    16 127 36 3 126 193 162 184 54 107 61 216 9 117 49 152 252 23 25 105
    70 254 225 113 213 73 71 35 74 153 93 142 241 47 163 23 171 118 225
    214 117 186 177 24 215 255 60 64 151 149 42 8 135 104 20 45 158 122
    194 240 147 135 206 171 229 220 185 95 225 255 70 206 67 150 89 16
    217 72 165 25 75 175 74 239 87 175 64 48 180 110 55 176 194 245 150
    219 109 119 103 206 179 171 4 196 4 69 201 231 121 77 158 125 202 48
    176 73 128 123 70 47 34 70 128 204 160 182 29 107 128 249 120 61 4
    135 202 120 177 49 56 43 217 192 212 247 112 8 204 122 132 206 23 31
    192 100 248 83 235 84 133 58 241 148 2 202 78 156 227 168 165 211
    244 169 16 101 88 162 227 226 83 86 19 175 115 235 231 182 25 136 49
    216 162 60 31 131 166 169 60 26 51 124 205 132 228 199 14 185 43 237
    196 131 142 8 114 6 191 165 124 132 78 103 56 62 152 200 214 147 142
    34 203 92 140 28 149 54 79 102 5 153 206 97 26 226 200 35 188 86 104
    245 27 180 37 194 100 202 215 56 183 129 118 249 154 198 34 246 24
    84 100 62 225 231 157 0 249 79 178 161 159 153 92 166 24 115 4 197
    222 39 43 8 68 24 217 211 238 86 107 190 150 65 186 161 105 161 114
    94 16 100 145 18 190 135 230 110 82 57 67 5 87 188 131 42 130 118
    136 68 108 189 137 135 140 31 177 28 69 189 184 76 102 171 80 205 62
    16 67 36 5 1 11 3 152 253 253 51 249 251 151 169 213 54 113 250 28
    80 73 169 181 72 10 204 33 234 133 82 142 57 119 207 64 57 109 41 30
    146 195 119 137 79 197 233 7 83 220 248 175 225 177 210 59 204 131
    163 101 148 131 128 127 5 242 226 209 157 116 84 217 163 23 144 188
    51 150 161 162 82 228 209 237 54 70 167 102 87 28 150 5 207 113 57
    80 197 77 93 210 175 241 67 223 130 40 23 220 70 197 119 204 69 60
    197 66 103 243 154 86 227 44 166 23 26 96 174 215 214 107 141 210 17
    107 22 181 152 211 178 47 182 188 198 4 70 21 91 252 190 42 173 55
    96 203 203 33 215 154 23 205 52 130 107 169 47 216 58 99 249 183 193
    1 7 14 55 218 217 90 0 14 14 217 42 27 228 163 194 123 112 10 28 250
    175 182 247 10 202 192 135 101 248 68 125 96 181 115 125 42 213 240
    219 14 160 210 196 19 58 60 98 82 117 120 138 10 65 180 173 51 47
    246 163 188 62 152 22 75 41 244 230 155 177 61 218 122 1 228 229 124
    120 46 89 54 86 100 30 217 125 72 41 165 67 90 19 40 230 82 79 203
    177 218 158 251 101 45 125 81 62 6 77 143 196 181 189 78 200 13 170
    226 2 226 91 233 63 137 87 197 149 118 162 122 67 82 162 244 45 51
    237 85 246 144 185 143 170 42 75 95 126 130 115 36 206 129 206 245
    242 79 191 128 103 78 6 142 242 206 27 55 43 242 124 20 250 67 82 58
    226 4 167 168 176 161 96 106 88 58 42 8 133 40 140 243 34 171 211
    142 75 234 252 104 16 147 113 195 116 240 13 165 143 171 154 32 213
    98 170 125 2 22 49 167 179 153 237 38 240 171 182 63 112 216 35 244
    164 133 247 113 94 7 90 104 83 99 235 221 96 134 243 83 111 247 89
    231 96 54 114 49 247 64 56 71 36 213 174 249 26 202 234 36 233 247
    164 3 154 26 99 56 202 3 118 251 181 71 144 179 105 30 161 55 186
    217 184 1 209 14 43 136 62 231 131 23 13 112 225 105 21 2 36 147 207
    207 13 238 233 134 148 229 184 243 235 100 51 195 82 15 100 190 140
    81 110 131 126 210 28 104 80 182 181 29 9 154 169 160 227 80 135 92
    176 223 27 246 39 100 110 139 222 125 152 144 104 121 3 194 204 18 7
    18 123 13 179 134 176 113 243 32 220 109 182 98 81 201 36 109 74 70
    100 80 140 218 170 174 30 195 130 232 152 250 82 100 23 209 6 207
    229 73 18 215 69 79 103 73 253 191 60 254 137 160 251 48 254 116 166
    190 130 16 143 15 215 151 38 245 117 195 58 157 196 204 119 187 129
    10 101 151 24 84 237 59 108 110 228 217 184 213 33 252 84 9 36 138 7
    173 68 22 49 151 243 62 37 214 125 95 240 205 52 145 153 126 80 18
    164 189 124 78 227 253 70 98 29 54 216 173 72 121 145 23 182 20 226
    110 133 244 123 66 203 116 168 248 8 156 44 130 28 243 45 116 159
    202 240 129 245 175 202 123 82 21 151 115 239 199 118 253 182 89 24
    20 49 186 38 53 167 235 162 35 67 162 64 255 134 120 48 183 135 220
    12 160 228 142 89 142 83 220 202 76 101 89 36 204 115 177 204 89 207
    17 75 113 157 98 197 133 20 85 150 245 151 29 194 237 210 203 130 25
    214 88 166 79 215 65 65 182 53 150 40 36 108 181 115 27 182 31 82 58
    245 130 230 67 16 225 81 155 127 151 237 102 214 84 101 208 126 24
    100 236 229 65 129 87 233 231 198 135 29 216 9 181 241 11 31 27 0
    181 169 226 30 104 52 155 53 42 52 182 132 78 157 124 25 247 215 63
    187 212 80 168 118 161 229 104 38 151 226 230 144 242 44 126 6 92 74
    38 29 20 26 38 146 53 14 58 74 66 38 135 190 88 163 75 87 120 131
    137 212 80 110 101 106 141 20 108 217 135 3 188 143 56 232 147 35
    129 76 74 182 35 214 44 186 174 116 39 43 122 84 235 142 92 167 47
    72 217 237 233 71 243 43 25 239 184 233 230 68 182 219 10 180 236 49
    97 5 103 125 179 157 218 207 146 253 29 18 195 231 31 233 145 13 214
    61 42 148 130 109 106 247 11 136 222 210 50 221 164 102 22 196 196
    111 109 75 119 106 225 99 9 223 103 215 154 75 97 155 250 120 216
    235 44 165 15 105 33 242 207 71 187 174 195 155 154 84 159 84 164
    222 30 213 2 71 255 53 142 213 135 213 38 124 24 143 222 122 230 70
    109 30 71 138 35 109 19 118 86 86 223 17 65 107 157 73 132 203 22
    172 7 241 247 180 59 230 181 124 170 46 12 104 143 175 130 68 27 250
    223 210 95 181 143 209 179 3 159 57 35 121 232 218 96 148 106 99 0
    85 114 115 112 41 196 241 175 56 222 160 142 2 177 87 211 195 24 67
    140 164 103 178 65 143 18 169 76 221 74 94 190 206 137 208 174 211 5
    23 13 120 85 62 227 253 239 213 104 98 163 253 220 153 40 142 93 19
    201 33 62 162 255 108 67 94 89 166 139 29 150 204 9 51 204 239 71
    129 159 40 47 210 191 197 175 226 190 80 41 82 242 9 107 250 160 87
    65 95 27 255 165 128 224 75 36 136 135 51 93 64 95 208 173 5 143 50
    165 252 41 60 187 22 140 44 132 108 149 30 44 255 160 182 47 109 65
    220 196 170 64 235 205 71 124 101 176 102 2 127 107 124 126 155 230
    110 202 255 118 36 12 95 136 115 176 48 163 236 230 39 61 133 106
    221 61 64 27 150 206 133 142 183 112 189 210 44 72 53 14 16 137 45
    88 39 173 127 86 159 202 13 123 214 129 231 92 171 173 58 227 40 13
    159 202 122 246 102 71 166 100 122 121 254 57 131 95 253 111 92 157
    105 129 164 216 244 238 96 17 185 113 116 187 242 219 193 61 250 114
    134 76 22 140 95 52 220 117 225 59 133 131 115 82 9 211 244 152 117
    52 29 193 62 93 109 49 127 224 87 58 235 227 168 158 168 204 120 223
    199 112 253 43 56 184 48 28 213 67 149 177 173 50 209 205 231 115
    140 173 56 131 191 43 52 226 94 62 218 14 227 80 53 46 145 100 131
    239 221 180 198 49 141 202 20 217 119 3 110 201 43 6 39 229 162 102
    173 173 109 240 128 162 240 44 246 72 47 253 255 220 16 169 155 233
    122 237 215 61 89 81 68 150 186 73 213 13 86 70 194 7 200 255 174
    229 64 137 208 224 37 137 179 214 155 92 41 67 41 165 197 96 122 1
    207 212 215 170 133 72 26 12 149 172 119 250 6 182 180 40 207 65 247
    17 55 115 242 101 38 248 135 181 101 171 118 224 33 30 221 171 205
    119 58 67 16 193 62 241 84 15 33 75 73 98 202 197 216 232 147 22 200
    164 52 105 186 98 40 235 6 72 215 212 40 255 103 189 190 177 70 205
    53 10 237 240 8 104 158 145 244 251 152 220 204 173 140 186 10 129
    211 235 140 97 134 39 195 60 28 9 123 192 234 72 31 186 187 43 220
    87 145 32 171 228 45 24 62 13 136 82 193 75 55 137 2 58 38 24 86 233
    201 66 206 9 227 61 71 43 155 163 166 147 113 79 46 118 11 45 148
    211 143 97 187 193 198 86 90 201 96 27 83 140 44 141 75 239 48 155
    160 46 37 231 22 129 249 13 55 144 237 131 118 74 219 208 237 219 38
    31 41 101 108 192 69 42 167 42 208 252 115 73 183 208 216 153 4 129
    114 201 62 204 184 63 44 27 107 197 225 30 84 148 90 197 11 14 173
    116 11 152 194 26 113 15 251 217 187 57 141 135 119 184 123 45 126
    68 188 156 127 214 212 187 31 182 171 28 75 205 1 82 239 53 206 203
    53 11 180 179 176 252 109 84 20 194 129 104 251 37 109 244 12 75 30
    251 229 190 58 121 36 142 252 57 178 102 64 63 61 222 67 78 48 82
    241 83 38 230 237 164 247 60 237 219 65 39 232 77 13 51 239 11 208
    242 231 186 73 126 215 183 85 37 140 141 255 186 206 204 63 141 240
    231 164 239 80 137 53 194 28 149 36 73 204 3 140 139 169 199 75 60
    228 117 148 50 197 223 122 9 5 2 16 97 160 222 42 108 12 101 93 68
    250 60 78 116 177 88 250 218 50 53 54 33 51 40 87 158 183 7 181 80
    204 181 162 240 55 89 32 254 107 246 169 153 182 84 74 118 76 51 51
    52 174 180 116 94 151 191 44 26 51 109 146 249 130 51 193 147 159
    181 162 146 184 55 166 65 108 8 222 177 233 126 26 3 170 194 22 44
    95 174 205 192 124 166 64 127 172 185 69 131 42 95 220 7 203 44 82
    16 1 146 156 165 77 131 226 163 26 240 65 214 10 183 152 200 27 242
    250 111 144 130 152 234 62 158 121 50 50 253 177 229 181 138 30 190
    4 183 29 150 153 91 72 253 169 179 120 52 34 47 101 158 97 233 109
    13 161 222 3 8 159 194 227 157 239 210 15 52 2 103 29 49 117 4 246
    197 152 16 193 127 98 198 84 188 215 79 8 98 78 5 189 175 93 178 177
    51 71 143 56 100 75 255 55 6 108 149 142 194 184 99 246 40 76 90 34
    105 14 192 175 100 38 58 136 31 190 39 204 106 122 206 173 21 211
    118 57 119 109 251 36 156 162 41 29 82 104 195 133 66 87 111 3 122
    90 12 28 7 109 211 86 208 224 87 223 93 137 193 220 115 195 37 54
    153 65 110 15 144 184 213 206 70 135 31 181 36 156 87 39 73 105 77
    103 229 244 218 191 244 177 201 171 225 237 201 154 71 59 214 75 204
    183 221 195 116 98 123 137 236 253 95 110 38 193 87 17 204 143 129
    96 99 208 176 243 99 213 112 115 136 63 154 124 118 247 1 87 82 148
    164 215 19 244 86 86 91 182 146 73 206 237 94 248 69 76 182 198 132
    31 114 208 200 20 211 168 18 83 162 224 24 126 155 17 68 20 147 243
    227 20 100 82 237 100 12 228 255 242 187 113 2 148 53 210 188 202 28
    185 60 147 162 45 114 174 143 182 192 177 97 60 123 150 214 146 103
    9 102 35 107 112 92 126 24 98 190 35 122 243 207 227 121 249 246 142
    231 101 208 145 202 247 7 176 78 201 62 45 40 85 50 209 136 210 157
    131 32 96 233 134 246 155 203 172 91 182 161 177 153 88 203 41 39 69
    28 247 144 31 249 138 44 126 0 249 94 177 103 30 91 105 60 241 169
    73 251 251 219 124 210 199 61 101 192 10 114 238 114 150 9 114 46
    123 213 134 5 32 225 33 58 97 40 158 203 180 77 9 62 216 70 41 74 1
    172 82 199 132 116 232 85 62 10 233 141 189 214 160 146 142 95 115
    103 226 195 151 74 208 110 157 35 24 66 134 83 207 49 63 213 119 189
    170 223 243 112 3 123 150 43 130 47 184 128 36 179 211 12 142 56 58
    209 38 98 135 55 139 188 124 72 80 5 215 85 132 238 110 150 109 235
    75 172 209 15 182 48 147 166 189 82 183 201 60 40 51 220 166 80 238
    44 62 109 225 104 149 60 225 99 179 86 153 167 192 137 108 247 16
    173 72 44 129 91 162 220 182 212 106 15 17 155 44 105 252 240 215 11
    187 30 162 204 123 164 184 115 163 182 134 85 235 177 56 186 89 130
    201 246 212 138 195 145 159 185 207 201 55 67 96 122 42 25 253 151
    202 199 159 40 91 190 153 206 35 121 104 174 137 92 226 182 227 252
    119 213 248 59 177 146 201 87 38 22 81 45 41 146 54 185 139 86 176
    50 27 220 42 212 230 106 151 96 215 44 153 64 151 127 230 112 6 195
    37 121 61 48 218 145 121 13 171 127 148 205 26 57 82 149 197 11 12
    166 4 69 77 115 195 6 182 223 25 20 134 35 223 46 25 64 236 192 111
    241 158 17 53 254 248 212 228 195 41 148 214 196 4 212 186 151 165
    112 38 249 131 196 205 188 23 68 224 40 244 163 214 19 128 36 121
    168 83 197 149 124 151 224 244 99 29 27 100 160 163 63 118 31 82 54
    224 33 32 45 116 244 39 187 182 181 102 119 41 135 143 31 27 51 192
    43 134 75 133 227 247 203 208 255 162 243 114 19 70 199 164 19 146 7
    150 106 230 63 196 142 121 44 86 105 40 255 200 36 155 255 131 27
    239 191 209 81 21 156 234 45 7 172 8 150 250 18 29 129 152 248 124
    182 109 160 160 95 112 171 25 158 80 75 152 39 176 228 18 19 162 85
    226 250 229 4 82 105 169 33 189 212 70 52 32 218 48 2 255 116 212
    218 35 13 108 138 166 12 30 41 91 163 37 173 28 221 232 212 151 204
    101 144 198 176 183 113 217 216 73 87 237 126 107 251 69 195 64 141
    96 179 212 105 129 216 70 17 25 154 221 184 213 152 39 32 168 202 85
    57 206 52 63 41 170 8 47 212 78 134 5 116 26 131 27 22 95 65 174 100
    10 107 231 133 141 201 134 34 245 189 193 44 90 74 205 228 135 122
    82 251 86 133 179 131 150 152 115 165 41 125 38 135 224 177 111 79
    194 82 85 149 29 33 28 111 19 36 218 6 187 132 228 84 150 133 235
    136 133 159 24 240 137 186 39 133 213 145 58 25 82 134 57 95 167 241
    213 141 164 83 63 227 7 17 184 92 205 252 220 162 172 108 193 250 2
    43 215 148 247 235 176 126 217 8 72 72 159 6 126 142 121 109 180 60
    72 112 86 216 192 12 98 125 61 13 204 197 95 35 176 118 70 197 190
    60 68 204 15 245 54 32 64 14 176 31 228 133 96 243 75 205 98 199 139
    202 182 24 195 191 5 233 96 25 86 132 21 98 196 151 202 32 25 219
    243 56 139 155 52 202 185 42 164 100 21 62 139 234 139 128 53 3 148
    189 114 254 183 67 84 90 122 146 65 6 13 230 210 45 247 21 120 148
    35 8 104 25 163 242 203 177 174 149 140 135 211 187 155 187 72 176
    22 178 172 12 180 146 249 21 245 198 17 230 155 187 60 64 45 117 43
    49 77 184 96 102 61 64 174 137 85 37 240 13 179 57 63 119 166 145 89
    196 18 169 79 106 206 243 83 191 145 174 89 231</data></my_img>
<your_img type_id="opencv-matrix">
  <rows>50</rows>
  <cols>100</cols>
  <dt>u</dt>
  <data>
    19 210 110 5 79 136 207 22 249 147 135 62 172 196 234 151 159 5 49
    252 72 193 136 204 227 83 92 37 229 47 64 125 99 31 157 124 132 180
    24 188 112 42 25 172 25 122 91 28 221 109 212 102 102 101 171 103
    121 168 185 124 62 21 182 189 146 139 136 150 124 71 52 48 229 75 45
    99 182 26 56 24 38 221 123 231 137 174 50 69 160 27 170 217 147 47
    206 88 147 100 179 36 238 129 49 77 19 253 86 214 168 78 204 253 14
    98 151 215 54 2 100 158 195 0 29 137 166 138 2 68 104 168 135 23 81
    25 248 212 203 142 59 13 231 40 6 39 34 231 188 205 144 206 248 13
    158 178 139 224 234 145 246 221 108 31 100 120 32 209 225 158 232 88
    80 116 177 74 175 216 208 0 21 139 115 239 113 19 66 156 56 174 27
    209 188 41 195 150 212 236 205 140 17 161 255 92 62 56 255 32 88 215
    40 62 127 219 134 151 172 164 174 90 42 28 197 205 58 251 220 57 170
    36 153 130 201 147 27 65 149 50 86 202 246 110 187 70 26 18 251 161
    0 218 203 84 253 216 87 104 11 203 213 220 159 31 195 82 245 131 32
    87 62 107 217 27 247 60 182 243 209 107 124 98 91 236 81 227 185 87
    128 65 77 158 230 219 234 130 177 146 82 119 99 29 119 168 117 248
    22 60 135 14 35 91 222 231 122 179 161 111 122 2 152 32 158 144 43
    71 151 20 30 103 64 6 80 71 190 170 73 169 194 83 209 115 155 147
    120 170 132 43 63 53 198 195 22 189 9 153 245 97 195 84 90 230 53
    230 73 17 136 8 85 31 52 204 218 5 88 56 178 150 94 164 21 242 105
    188 172 232 80 223 51 228 44 156 179 79 27 223 135 126 98 227 132
    217 89 188 240 66 156 94 19 27 179 207 165 53 227 205 26 215 162 189
    141 139 152 72 84 175 132 123 25 22 14 239 67 167 6 233 249 71 63
    166 141 63 141 199 31 122 1 72 189 0 108 57 233 96 215 142 156 188
    233 167 61 182 249 7 149 183 17 117 231 172 22 250 132 60 31 80 253
    76 159 236 49 242 243 48 62 82 180 55 5 162 147 101 203 189 171 252
    131 22 144 8 255 121 151 117 139 21 39 66 98 116 24 26 233 175 58 78
    246 32 247 219 186 164 204 225 28 60 198 132 100 85 215 158 74 236
    203 222 14 200 149 0 213 241 181 149 54 16 157 17 20 216 222 75 244
    176 68 194 12 240 187 92 244 169 130 188 52 6 205 113 194 155 1 89
    18 231 100 204 108 149 10 165 249 245 250 181 239 4 63 137 201 203
    167 42 61 185 234 241 152 240 45 16 190 119 213 197 16 170 23 223
    177 156 120 247 203 187 51 47 38 245 147 168 103 19 181 31 36 170
    101 117 8 214 95 196 146 2 83 153 154 6 152 231 64 49 18 59 232 74
    22 87 27 229 54 110 204 140 214 102 16 220 232 173 155 23 220 227
    211 129 131 163 109 77 58 118 166 15 155 110 148 143 155 101 228 113
    71 65 151 122 121 119 17 143 157 87 138 109 133 123 168 249 126 102
    77 144 161 195 195 204 116 157 218 92 113 91 138 17 172 11 158 131
    35 89 6 211 124 182 246 9 102 123 91 161 86 188 14 230 214 48 11 245
    112 231 19 26 62 222 118 25 158 101 34 209 146 135 55 163 132 220 83
    113 77 222 79 158 29 195 238 204 99 104 111 12 237 103 207 240 156
    183 172 212 249 12 169 82 98 199 33 210 250 235 178 150 134 166 137
    34 44 248 226 241 70 156 40 13 150 241 206 103 86 11 47 230 123 225
    12 174 106 241 46 76 21 255 14 227 183 108 70 19 203 195 2 226 9 38
    121 207 36 155 210 227 85 183 69 47 149 119 118 33 223 136 97 18 168
    162 17 71 69 92 194 113 26 248 43 109 62 51 96 241 211 154 178 183
    240 154 215 170 98 95 137 96 20 203 9 244 86 166 115 9 234 170 167
    67 102 139 101 68 254 17 149 80 106 60 157 139 110 183 187 30 136
    152 185 6 25 3 130 112 4 64 243 173 173 218 87 235 238 41 65 60 207
    14 140 83 14 173 145 212 174 138 19 27 136 118 88 28 242 219 4 87 4
    229 73 243 22 191 209 164 6 204 108 207 187 74 116 210 249 253 154
    134 41 251 160 182 219 36 9 109 35 77 154 182 129 103 52 27 98 159
    228 117 133 160 16 72 120 95 199 9 42 22 31 128 249 171 154 52 106
    217 16 229 39 89 213 218 232 154 137 164 152 162 148 87 134 45 165
    201 53 70 246 25 213 46 90 163 252 52 58 57 154 85 47 135 207 116 88
    14 246 240 168 142 22 202 59 146 14 99 61 107 155 105 244 107 156 22
    134 73 80 183 14 211 120 51 115 211 139 238 153 134 114 7 132 242
    127 211 157 79 125 83 97 36 106 53 14 0 12 95 147 119 187 33 133 173
    232 1 56 44 162 186 72 67 17 37 195 201 100 35 99 49 229 14 210 157
    188 104 54 24 134 93 239 123 116 45 249 83 252 52 10 172 175 180 85
    38 60 56 30 74 78 235 221 176 162 251 187 122 81 65 8 6 174 95 136
    111 112 132 255 57 198 54 234 151 90 154 76 5 253 87 37 148 80 204
    226 254 221 198 55 1 252 13 163 157 177 85 249 200 146 201 76 109
    212 163 196 196 188 213 50 214 145 68 183 126 25 9 18 250 134 240 64
    174 59 155 7 225 180 239 199 72 92 251 92 186 108 19 15 127 170 91
    39 239 80 99 254 231 237 147 47 55 103 173 35 117 98 92 79 10 234 18
    147 142 250 255 110 220 112 117 17 203 228 41 58 241 126 147 223 166
    34 45 96 130 66 116 193 190 101 33 240 85 249 246 190 193 115 217
    139 90 115 228 234 99 104 71 60 118 221 75 116 161 98 25 236 125 103
    135 184 4 111 5 7 32 191 17 69 220 217 73 159 193 8 252 88 114 235
    206 108 96 11 207 87 64 190 156 80 41 37 88 252 2 239 105 231 108
    250 184 74 175 223 213 155 222 8 146 198 5 57 98 33 139 205 172 226
    84 136 54 191 225 205 2 22 53 106 153 186 127 205 15 239 211 236 231
    130 175 236 183 202 194 255 84 18 150 97 140 59 163 179 233 2 125
    202 116 212 139 94 116 102 134 49 86 187 25 219 216 10 164 29 4 24
    216 14 37 126 105 68 35 70 248 198 199 112 197 53 203 27 221 126 155
    34 5 37 2 237 90 76 214 227 61 76 224 46 54 30 45 121 108 197 45 173
    203 149 245 197 49 155 105 227 12 240 32 171 194 43 157 150 48 2 92
    197 62 41 236 166 145 140 99 45 26 170 105 173 218 188 16 127 36 3
    126 193 162 184 54 107 61 216 9 117 49 152 252 23 25 105 70 252 220
    106 207 66 66 30 72 150 87 138 240 45 160 20 166 109 227 212 107 183
    172 20 217 255 57 58 150 147 42 7 129 96 19 45 161 117 205 244 152
    139 216 182 234 226 196 100 231 255 78 214 77 158 93 13 226 78 172
    21 80 180 80 241 92 178 66 50 182 115 59 176 193 245 152 220 114 119
    103 206 179 171 4 196 4 69 201 231 121 77 158 125 202 48 176 73 128
    123 70 47 34 66 121 198 154 173 24 103 126 249 116 59 5 133 201 113
    173 44 51 37 218 193 214 248 98 7 211 114 126 216 22 30 202 92 249
    79 240 79 131 59 245 151 3 214 80 161 233 172 170 218 247 176 15 108
    93 171 233 232 89 93 16 180 118 237 234 183 22 143 51 216 166 64 28
    136 168 170 62 26 51 124 205 132 228 199 14 185 43 237 196 131 142 8
    114 6 191 165 124 132 78 103 56 57 140 193 211 137 135 32 198 89 136
    26 150 54 77 93 3 149 203 88 24 227 202 33 191 80 95 247 27 184 35
    205 93 216 224 55 192 125 114 250 158 213 37 248 22 84 105 69 231
    234 162 1 249 85 185 169 167 161 97 174 20 119 2 198 225 37 44 8 72
    24 216 210 237 92 109 190 155 65 186 161 105 161 114 94 16 100 145
    18 190 135 230 110 82 57 67 5 87 188 131 42 130 110 126 66 102 178
    129 127 133 28 171 26 68 185 179 69 91 166 74 202 57 14 60 34 4 2 11
    2 147 254 254 50 250 252 143 170 223 54 111 251 32 84 78 175 193 76
    10 212 34 237 138 92 148 64 121 213 70 62 114 45 30 154 196 121 144
    84 194 232 8 90 217 248 173 223 176 209 61 204 131 163 101 148 131
    128 127 5 242 226 209 157 116 84 217 163 23 144 188 51 150 161 162
    77 224 205 237 50 68 160 100 86 26 145 7 205 108 53 76 195 74 88 209
    172 243 64 226 122 40 24 225 71 209 114 216 68 59 206 69 102 247 158
    93 234 53 172 23 29 100 179 222 221 110 145 218 16 107 19 186 159
    216 184 50 186 192 201 3 75 20 95 250 191 46 177 54 97 202 202 35
    215 154 23 205 52 130 107 169 47 216 58 99 249 183 193 1 7 14 55 218
    217 90 0 14 10 214 40 22 224 156 187 119 109 13 29 251 172 175 248
    10 198 186 124 93 250 64 117 90 179 112 119 43 222 244 226 13 161
    222 205 20 58 62 103 90 118 121 139 10 70 190 178 56 51 248 167 195
    69 156 19 77 44 244 233 162 182 64 218 125 1 227 228 127 125 51 93
    54 87 100 32 214 125 72 41 165 67 90 19 40 230 82 79 203 177 218 158
    251 101 45 125 81 62 6 77 143 187 169 179 74 191 11 163 223 1 224 90
    235 64 128 83 196 141 110 158 113 65 78 162 246 47 53 242 84 248 142
    194 138 174 42 75 96 122 129 118 44 221 129 220 248 245 83 203 127
    107 82 5 146 244 212 22 55 45 243 128 17 251 68 83 58 227 3 172 173
    180 168 101 108 90 58 44 8 133 40 140 243 34 171 211 142 75 234 252
    104 16 147 113 195 116 240 13 165 143 171 154 32 209 95 162 118 1 23
    51 161 172 146 238 42 240 166 175 58 102 214 37 246 162 122 249 105
    89 8 87 97 80 96 240 227 91 127 246 82 110 249 93 236 100 59 114 54
    248 70 62 76 40 220 179 251 24 209 236 35 234 246 171 2 160 22 96 57
    205 2 121 250 186 74 156 185 105 33 169 55 186 217 184 1 209 14 43
    136 62 231 131 23 13 112 225 105 21 2 36 147 207 207 13 238 228 124
    136 224 173 242 233 97 53 187 78 17 95 184 127 75 99 119 116 208 30
    95 75 183 180 32 10 152 172 162 232 78 128 90 183 229 30 248 45 106
    115 141 227 125 157 144 107 121 3 201 211 17 7 16 123 11 188 142 185
    112 245 30 225 106 187 96 82 207 42 117 78 71 103 82 147 218 170 174
    30 195 130 232 152 250 82 100 23 209 6 207 229 73 18 215 69 79 103
    73 253 191 58 252 127 152 251 48 253 112 165 185 124 19 137 17 213
    143 37 246 109 196 56 151 198 206 114 193 126 11 100 151 29 82 242
    57 108 113 235 226 198 223 40 253 88 10 40 141 8 179 72 20 50 155
    243 62 34 218 129 95 240 211 52 150 159 126 79 17 171 194 130 80 227
    254 66 97 33 54 216 173 72 121 145 23 182 20 226 110 133 244 123 66
    203 116 168 248 8 156 44 130 28 243 46 110 151 197 238 123 245 168
    197 117 78 24 144 110 238 193 110 254 176 85 26 22 48 188 42 54 172
    238 165 39 65 164 62 255 136 123 49 195 141 226 13 169 231 143 92
    144 86 224 205 76 100 91 35 206 109 185 207 87 210 13 73 105 163 93
    199 135 19 83 160 244 160 27 195 235 211 205 130 25 214 88 166 79
    215 65 65 182 53 150 40 36 108 181 115 27 182 31 82 58 245 130 227
    66 16 222 76 147 122 143 238 97 209 83 97 199 118 24 93 237 228 61
    123 82 236 234 198 135 33 222 11 185 243 11 32 29 1 190 175 232 33
    108 57 161 57 45 55 190 130 79 160 123 22 247 217 66 191 212 79 172
    114 167 230 96 35 152 226 229 149 242 46 130 5 88 66 39 30 22 26 38
    146 53 14 58 74 66 38 135 190 88 163 75 87 120 131 137 212 80 110
    101 106 141 22 106 214 127 3 179 133 59 230 140 39 122 75 72 174 34
    208 43 179 168 110 37 43 118 85 237 138 91 170 48 73 223 241 236 71
    245 46 29 242 195 236 233 71 190 223 10 186 236 50 97 4 100 126 185
    166 218 209 151 254 24 13 198 231 30 232 150 11 217 62 49 157 135
    105 103 248 11 136 222 210 50 221 164 102 22 196 196 111 109 75 119
    106 225 99 9 223 103 215 154 75 97 145 250 119 210 234 49 158 20 103
    39 242 198 72 176 166 185 146 146 82 153 82 162 223 34 214 2 74 255
    54 138 221 131 222 37 125 24 143 227 126 233 73 114 30 72 137 35 108
    17 116 84 84 227 14 67 100 163 73 133 205 18 179 5 241 246 183 58
    231 187 132 178 50 11 100 148 180 133 68 27 250 223 210 95 181 143
    209 179 3 159 57 35 121 232 218 96 148 106 99 0 85 114 114 111 47
    190 240 170 61 220 157 136 1 169 86 202 187 26 65 133 161 95 175 64
    140 22 171 79 224 75 93 194 211 136 217 180 220 5 27 13 125 90 67
    229 252 240 217 103 98 162 254 221 153 37 143 91 15 201 30 61 169
    255 100 67 90 84 171 142 30 161 209 8 53 208 240 68 132 162 40 47
    210 191 197 175 226 190 80 41 82 242 9 107 250 160 87 65 95 27 255
    165 128 224 74 40 132 129 54 93 69 95 206 167 7 138 52 159 252 45 61
    179 28 135 47 127 108 146 37 48 255 160 183 49 111 65 225 201 175 66
    236 212 74 128 107 183 103 2 125 106 122 122 152 230 106 201 255 114
    33 8 93 135 108 182 50 168 238 230 39 61 136 105 223 62 64 30 152
    209 136 143 183 112 189 210 44 72 53 14 16 137 45 88 39 173 127 86
    159 202 13 123 214 129 231 92 166 168 62 228 46 15 156 198 121 246
    102 76 162 100 118 117 254 61 127 93 253 109 91 159 109 131 165 218
    243 237 101 20 190 117 121 193 241 223 198 66 248 119 132 75 21 137
    98 51 221 118 225 58 131 130 107 80 8 210 245 157 107 54 29 195 61
    93 105 53 135 225 88 57 233 226 173 161 168 204 120 223 199 112 253
    43 56 184 48 28 213 67 149 177 173 50 209 205 231 115 140 173 57 124
    190 46 55 229 95 67 218 17 229 84 57 49 141 97 125 238 221 173 196
    49 139 199 27 218 121 4 112 199 47 8 41 229 164 109 176 177 116 240
    130 164 240 41 245 72 47 254 255 220 13 171 156 234 121 238 214 58
    84 76 66 154 190 70 214 11 82 70 201 7 205 255 180 228 64 141 208
    224 37 137 179 214 155 92 41 67 41 165 197 96 122 1 207 212 215 170
    133 72 26 12 144 167 121 249 8 177 175 47 207 70 246 24 59 113 240
    97 42 246 132 173 98 165 115 223 37 34 221 170 203 119 58 66 17 197
    64 241 86 16 35 76 75 105 203 199 217 230 144 19 201 164 50 102 190
    97 37 237 4 70 214 212 39 255 97 192 192 184 68 210 56 10 240 241 10
    105 167 150 244 251 152 220 204 173 140 186 10 129 211 235 140 97
    134 39 195 60 28 9 123 192 234 72 37 178 180 48 220 89 142 41 166
    229 48 30 65 18 131 82 183 77 52 132 2 54 37 29 88 231 199 64 206 11
    226 57 69 40 158 164 167 151 119 80 45 123 12 41 149 209 143 99 190
    197 199 84 91 201 93 22 83 141 46 143 73 241 51 158 163 51 39 233 26
    140 252 13 55 151 238 138 118 74 219 208 237 219 38 31 41 101 108
    192 69 42 167 42 208 252 115 73 183 208 216 153 5 122 114 199 67 203
    176 68 48 34 105 188 224 34 83 142 86 190 16 17 169 111 13 150 190
    30 117 18 251 217 186 53 141 137 126 187 129 44 131 69 192 158 129
    212 210 187 29 184 173 26 74 203 2 84 239 52 205 201 54 8 186 186
    182 254 107 85 22 201 139 107 253 42 111 244 14 78 30 251 229 190 58
    121 36 142 252 57 178 102 64 63 61 222 67 78 48 82 241 83 38 230 235
    159 247 64 238 220 71 45 232 79 18 51 238 16 202 239 230 179 73 118
    216 180 84 37 138 141 255 185 203 198 62 138 236 227 166 236 78 139
    49 195 29 150 34 70 201 3 138 137 171 199 73 60 228 119 148 50 199
    224 125 8 5 3 13 97 163 225 43 113 11 105 98 69 252 60 78 124 177 88
    250 218 50 53 54 33 51 40 87 158 183 7 181 80 204 181 162 240 55 89
    32 254 102 246 165 149 176 84 77 113 79 51 51 51 165 169 111 90 144
    182 46 30 48 107 142 249 132 48 190 144 158 178 162 147 186 49 171
    65 117 11 221 182 229 130 27 3 175 193 20 40 93 177 201 194 126 173
    65 127 178 188 68 130 44 95 222 7 203 48 80 15 3 152 166 175 74 140
    227 168 26 240 65 214 10 183 152 200 27 242 250 111 144 130 152 234
    62 158 121 50 50 253 177 229 181 138 30 190 4 183 29 150 153 91 72
    253 169 179 120 52 34 47 101 158 97 233 109 13 161 222 3 8 159 194
    227 157 239 210 15 52 2 103 29 49 117 4 246 197 152 16 193 127 98
    198 84 188 215 79 8 98 78 5 189 175 93 178 177 51 71 143 56 100 75
    255 55 6 108 149 142 194 184 99 246 40 76 90 34 105 14 192 175 100
    38 58 136 31 190 39 204 106 122 206 173 21 211 118 57 119 109 251 36
    156 162 41 29 82 104 195 133 66 87 111 3 122 90 12 28 7 109 211 86
    208 224 87 223 93 137 193 220 115 195 37 54 153 65 110 15 144 184
    213 206 70 135 31 181 36 156 87 39 73 105 77 103 229 244 218 191 244
    177 201 171 225 237 201 154 71 59 214 75 204 183 221 195 116 98 123
    137 236 253 95 110 38 193 87 17 204 143 129 96 99 208 176 243 99 213
    112 115 136 63 154 124 118 247 1 87 82 148 164 215 19 244 86 86 91
    182 146 73 206 237 94 248 69 76 182 198 132 31 114 208 200 20 211
    168 18 83 162 224 24 126 155 17 68 20 147 243 227 20 100 82 237 100
    12 228 255 242 187 113 2 148 53 210 188 202 28 185 60 147 162 45 114
    174 143 182 192 177 97 60 123 150 214 146 103 9 102 35 107 112 92
    126 24 98 190 35 122 243 207 227 121 249 246 142 231 101 208 145 202
    247 7 176 78 201 62 45 40 85 50 209 136 210 157 131 32 96 233 134
    246 155 203 172 91 182 161 177 153 88 203 41 39 69 28 247 144 31 249
    138 44 126 0 249 94 177 103 30 91 105 60 241 169 73 251 251 219 124
    210 199 61 101 192 10 114 238 114 150 9 114 46 123 213 134 5 32 225
    33 58 97 40 158 203 180 77 9 62 216 70 41 74 1 172 82 199 132 116
    232 85 62 10 233 141 189 214 160 146 142 95 115 103 226 195 151 74
    208 110 157 35 24 66 134 83 207 49 63 213 119 189 170 223 243 112 3
    123 150 43 130 47 184 128 36 179 211 12 142 56 58 209 38 98 135 55
    139 188 124 72 80 5 215 85 132 238 110 150 109 235 75 172 209 15 182
    48 147 166 189 82 183 201 60 40 51 220 166 80 238 44 62 109 225 104
    149 60 225 99 179 86 153 167 192 137 108 247 16 173 72 44 129 91 162
    220 182 212 106 15 17 155 44 105 252 240 215 11 187 30 162 204 123
    164 184 115 163 182 134 85 235 177 56 186 89 130 201 246 212 138 195
    145 159 185 207 201 55 67 96 122 42 25 253 151 202 199 159 40 91 190
    153 206 35 121 104 174 137 92 226 182 227 252 119 213 248 59 177 146
    201 87 38 22 81 45 41 146 54 185 139 86 176 50 27 220 42 212 230 106
    151 96 215 44 153 64 151 127 230 112 6 195 37 121 61 48 218 145 121
    13 171 127 148 205 26 57 82 149 197 11 12 166 4 69 77 115 195 6 182
    223 25 20 134 35 223 46 25 64 236 192 111 241 158 17 53 254 248 212
    228 195 41 148 214 196 4 212 186 151 165 112 38 249 131 196 205 188
    23 68 224 40 244 163 214 19 128 36 121 168 83 197 149 124 151 224
    244 99 29 27 100 160 163 63 118 31 82 54 224 33 32 45 116 244 39 187
    182 181 102 119 41 135 143 31 27 51 192 43 134 75 133 227 247 203
    208 255 162 243 114 19 70 199 164 19 146 7 150 106 230 63 196 142
    121 44 86 105 40 255 200 36 155 255 131 27 239 191 209 81 21 156 234
    45 7 172 8 150 250 18 29 129 152 248 124 182 109 160 160 95 112 171
    25 158 80 75 152 39 176 228 18 19 162 85 226 250 229 4 82 105 169 33
    189 212 70 52 32 218 48 2 255 116 212 218 35 13 108 138 166 12 30 41
    91 163 37 173 28 221 232 212 151 204 101 144 198 176 183 113 217 216
    73 87 237 126 107 251 69 195 64 141 96 179 212 105 129 216 70 17 25
    154 221 184 213 152 39 32 168 202 85 57 206 52 63 41 170 8 47 212 78
    134 5 116 26 131 27 22 95 65 174 100 10 107 231 133 141 201 134 34
    245 189 193 44 90 74 205 228 135 122 82 251 86 133 179 131 150 152
    115 165 41 125 38 135 224 177 111 79 194 82 85 149 29 33 28 111 19
    36 218 6 187 132 228 84 150 133 235 136 133 159 24 240 137 186 39
    133 213 145 58 25 82 134 57 95 167 241 213 141 164 83 63 227 7 17
    184 92 205 252 220 162 172 108 193 250 2 43 215 148 247 235 176 126
    217 8 72 72 159 6 126 142 121 109 180 60 72 112 86 216 192 12 98 125
    61 13 204 197 95 35 176 118 70 197 190 60 68 204 15 245 54 32 64 14
    176 31 228 133 96 243 75 205 98 199 139 202 182 24 195 191 5 233 96
    25 86 132 21 98 196 151 202 32 25 219 243 56 139 155 52 202 185 42
    164 100 21 62 139 234 139 128 53 3 148 189 114 254 183 67 84 90 122
    146 65 6 13 230 210 45 247 21 120 148 35 8 104 25 163 242 203 177
    174 149 140 135 211 187 155 187 72 176 22 178 172 12 180 146 249 21
    245 198 17 230 155 187 60 64 45 117 43 49 77 184 96 102 61 64 174
    137 85 37 240 13 179 57 63 119 166 145 89 196 18 169 79 106 206 243
    83 191 145 174 89 231</data></your_img>
</opencv_storage>
