<?xml version="1.0"?>
<opencv_storage>
<L2_diff>6.0024994793835674e+01</L2_diff>
<test_hist type_id="opencv-matrix">
  <rows>256</rows>
  <cols>1</cols>
  <dt>f</dt>
  <data>
    5.87633301e+02 5.63256470e+02 2.32162231e+02 2.37731934e-02
    5.48794250e+02 8.48349609e+02 6.52709351e+02 8.98891052e+02
    4.19724243e+02 6.20814331e+02 4.08772949e+02 8.16803223e+02
    9.85394897e+02 7.23031250e+02 9.74226074e+01 6.26462708e+02
    8.77468872e+00 1.20837524e+02 8.75025879e+02 7.65498413e+02
    4.86507538e+02 3.51790039e+02 5.07992249e+01 5.47270813e+02
    3.91872223e+02 1.91662170e+02 9.16606689e+02 7.18323914e+02
    2.08521210e+02 7.71023438e+02 1.61237274e+02 4.15240997e+02
    5.92782776e+02 6.18264465e+02 9.53681946e+01 8.22373657e+01
    2.68373901e+02 1.42901001e+01 8.29221497e+02 9.47042725e+02
    1.44346497e+02 7.13909668e+02 4.49522949e+02 1.24109344e+02
    3.18086517e+02 9.21493164e+02 5.35678284e+02 1.47978851e+02
    4.57163696e+02 2.69912048e+02 1.60464325e+02 8.66304382e+02
    5.38086609e+02 7.56819458e+02 3.74372864e+02 5.34034607e+02
    1.48740295e+02 2.44283371e+02 2.66091583e+02 3.72599701e+02
    8.48052917e+02 7.25303467e+02 2.76548340e+02 6.61225708e+02
    2.66441345e+02 6.00390503e+02 5.11558289e+02 7.38009888e+02
    3.51956177e+00 9.17171509e+02 8.39870361e+02 8.55921936e+02
    1.98704163e+02 1.99753510e+02 1.35063416e+02 6.07056152e+02
    4.78162323e+02 5.14697083e+02 9.53246704e+02 1.97261902e+02
    9.36866943e+02 1.04866058e+02 2.60811798e+02 8.12125000e+02
    3.75098724e+02 4.07471497e+02 6.12624023e+02 2.20952148e+01
    5.98721497e+02 6.02093750e+02 5.75653748e+02 6.15118042e+02
    4.47238495e+02 6.79762756e+02 6.65952087e+02 7.06137695e+01
    4.59393982e+02 7.14788025e+02 6.13225281e+02 9.14070312e+02
    5.81684021e+02 5.61830750e+01 7.23061462e+02 8.51195435e+02
    5.68059143e+02 2.32951385e+02 1.71966217e+02 6.99352112e+01
    7.89187195e+02 6.89292175e+02 6.72502991e+02 7.75892700e+02
    9.28452759e+02 9.86100952e+02 1.96267395e+01 7.39000366e+02
    6.20156921e+02 9.98997253e+02 9.42677307e+01 6.48405090e+02
    4.71204407e+02 3.59453796e+02 4.60157257e+02 1.55852905e+02
    2.97882446e+02 4.59661987e+02 3.81753113e+02 3.60343445e+02
    7.59074951e+02 2.77782196e+02 3.31424957e+02 9.67776123e+02
    8.89008911e+02 3.04150574e+02 8.02064209e+02 5.28262451e+02
    1.60771149e+02 3.33622955e+02 5.37044189e+02 5.75523560e+02
    8.49523621e+01 9.27550171e+02 5.94490540e+02 8.24325073e+02
    8.34957031e+02 6.80512451e+02 9.87892090e+02 2.51201477e+02
    1.75878693e+02 7.59151733e+02 6.54713440e+02 5.77926331e+02
    5.26651733e+02 4.90461060e+02 5.43994446e+01 3.62823425e+02
    4.54620209e+02 4.34200745e+02 2.78440491e+02 3.26044128e+02
    4.29426208e+02 4.32846771e+02 4.46950714e+02 6.72558228e+02
    9.75838379e+02 6.71228760e+02 8.12689087e+02 4.45856323e+01
    4.38119385e+02 8.13391235e+02 6.66938110e+02 5.52700806e+01
    9.65918518e+02 1.02626862e+02 9.94405273e+02 2.23608704e+02
    9.32019409e+02 6.69461060e+02 4.87814392e+02 9.98211914e+02
    2.81972046e+02 6.44910461e+02 9.35448364e+02 3.57063629e+02
    7.67499207e+02 1.16939697e+01 5.08858826e+02 7.45882507e+02
    6.25159912e+01 8.76322327e+01 6.63850891e+02 9.24143921e+02
    4.53882507e+02 3.13294586e+02 5.83779785e+02 6.00660645e+02
    3.02111145e+02 2.89896759e+02 4.67859161e+02 4.61631744e+02
    5.41575562e+02 4.33899780e+02 3.25083954e+02 4.86483063e+02
    1.90689880e+02 8.95115479e+02 1.63904907e+02 5.21798340e+02
    2.97496277e+02 1.88273468e+02 2.85037659e+02 4.61872559e+01
    7.39444641e+02 1.37909943e+02 5.44527649e+02 8.91085938e+02
    6.09269897e+02 2.94691345e+02 8.35313721e+02 4.63466797e+01
    4.03003540e+01 1.33270294e+02 2.65038574e+02 6.18035156e+02
    1.49060150e+02 1.28741638e+02 6.58021057e+02 9.56789246e+01
    7.93962463e+02 4.09766357e+02 9.08195129e+02 3.01325012e+02
    3.49510773e+02 6.12071533e+02 8.57564026e+02 5.24904358e+02
    1.22517303e+02 9.85005737e+02 5.60748718e+02 3.49078430e+02
    4.13782349e+01 3.26354309e+02 3.70389771e+02 9.73971191e+02
    6.99739502e+02 3.03338593e+02 3.13707703e+02 5.59535889e+02
    5.52721008e+02 9.07581299e+02 4.47252441e+02 2.07762909e+02
    1.12384277e+02 8.50629272e+01 7.53362061e+02 8.19649536e+02</data></test_hist>
<my_lkt type_id="opencv-matrix">
  <rows>256</rows>
  <cols>1</cols>
  <dt>u</dt>
  <data>
    1 2 3 3 4 6 7 9 10 11 12 13 15 17 17 18 18 18 20 22 23 23 24 25 25
    26 28 29 30 31 31 32 33 35 35 35 36 36 37 39 40 41 42 42 43 45 46 46
    47 47 48 50 51 52 53 54 54 55 55 56 58 59 60 61 62 63 64 65 65 67 69
    71 71 71 72 73 74 75 77 77 79 79 80 82 82 83 84 84 86 87 88 89 90 92
    93 93 94 95 97 98 100 100 101 103 104 105 105 105 107 108 109 111
    113 115 115 116 118 120 120 121 122 123 124 124 125 126 126 127 129
    129 130 132 134 134 136 137 137 138 139 140 140 142 143 145 147 148
    150 151 151 153 154 155 156 157 157 158 159 160 160 161 162 163 164
    165 167 168 170 170 171 173 174 174 176 176 178 179 181 182 183 185
    186 187 189 190 191 191 192 194 194 194 196 197 198 199 200 201 202
    203 204 204 206 206 207 208 209 210 211 212 212 213 213 213 215 215
    216 218 219 220 222 222 222 222 223 224 224 224 226 226 228 228 230
    231 232 233 235 236 236 238 239 240 240 241 241 243 245 245 246 247
    248 250 251 251 252 252 253 255</data></my_lkt>
<your_lkt type_id="opencv-matrix">
  <rows>256</rows>
  <cols>1</cols>
  <dt>u</dt>
  <data>
    2 4 6 7 8 9 9 10 10 10 12 13 14 16 18 19 20 22 24 24 26 26 27 29 29
    30 32 32 34 36 36 36 38 38 40 41 42 43 44 44 45 46 48 49 49 49 50 50
    50 50 52 53 54 56 58 58 59 60 62 63 64 66 68 69 70 72 72 73 73 75 77
    77 77 77 78 78 79 80 80 82 83 85 85 85 87 87 88 90 90 91 92 93 95 96
    98 100 101 101 101 102 102 104 105 106 108 108 109 110 111 111 112
    113 113 115 116 116 118 120 120 121 122 123 123 123 124 126 127 128
    128 130 132 133 134 134 134 135 135 137 137 137 139 140 142 144 145
    145 147 148 149 151 153 153 153 155 156 158 159 160 160 161 161 163
    163 165 166 167 167 168 169 170 171 173 173 175 176 178 178 179 180
    180 182 183 184 185 186 187 188 188 188 189 190 191 193 194 195 196
    198 199 201 201 202 202 204 204 204 205 207 208 208 209 210 212 212
    214 215 216 218 219 219 220 221 221 223 224 225 227 228 230 231 232
    233 234 235 237 237 238 239 240 241 241 241 242 244 245 246 246 246
    248 248 248 250 251 251 252 254 255</data></your_lkt>
</opencv_storage>
