<?xml version="1.0"?>
<opencv_storage>
<L2_diff>9.4519839187336757e+01</L2_diff>
<r>6</r>
<test_img type_id="opencv-matrix">
  <rows>50</rows>
  <cols>100</cols>
  <dt>u</dt>
  <data>
    175 107 175 222 57 139 6 53 222 142 16 237 171 230 242 21 223 224
    168 28 113 196 184 225 231 17 201 48 31 234 130 180 233 255 150 130
    245 158 63 224 42 146 226 81 11 28 43 83 119 29 164 201 153 134 189
    48 235 86 164 77 18 242 32 209 98 216 158 54 89 12 204 138 82 78 157
    203 19 207 52 6 26 62 68 205 4 45 25 231 133 61 109 126 104 114 227
    10 117 209 81 196 150 118 140 61 219 130 162 246 208 29 136 18 77 26
    51 34 143 65 22 60 223 213 147 191 241 7 161 139 25 41 114 224 81
    216 231 198 231 240 74 251 150 151 209 157 229 191 103 201 110 44
    168 167 165 166 32 216 188 191 231 142 110 86 12 85 92 206 141 119
    67 166 116 189 173 97 70 201 211 161 208 109 14 240 213 246 36 24 32
    110 26 60 207 118 232 194 134 45 64 130 241 14 24 169 179 52 85 140
    206 116 187 114 92 132 69 208 68 193 204 38 144 194 111 236 64 64
    171 251 244 17 144 195 72 70 170 25 82 148 48 163 31 208 82 50 252
    149 152 219 79 255 198 207 227 182 228 67 142 39 2 205 69 214 41 101
    219 230 70 123 144 73 10 150 104 197 212 232 231 11 190 70 179 145
    167 217 169 137 138 213 48 245 76 86 241 56 182 199 68 88 34 20 237
    184 223 107 2 34 26 233 3 139 69 237 172 159 65 41 76 223 185 206
    195 230 82 176 167 172 238 108 177 75 44 126 13 152 49 145 140 30 74
    87 37 84 245 195 12 3 224 104 43 241 231 215 85 7 155 136 143 79 45
    65 177 106 50 178 90 166 253 109 56 68 48 48 81 71 181 0 198 204 82
    85 181 91 214 143 212 234 30 192 133 110 172 43 159 69 130 40 156 16
    126 74 69 53 5 7 161 85 5 134 228 99 192 93 5 109 55 7 149 200 119
    190 221 239 233 126 28 9 252 68 34 60 84 2 222 188 206 169 142 104 1
    34 21 82 25 207 156 28 224 141 246 64 9 41 94 232 153 4 194 141 204
    25 87 204 3 244 11 45 153 170 184 28 188 144 133 232 42 93 78 150
    173 216 231 171 114 127 45 220 235 58 209 165 5 198 76 97 234 106
    154 177 130 34 81 5 93 48 187 175 22 197 14 69 195 14 158 227 229
    100 214 208 51 250 120 154 74 230 139 150 206 14 135 237 207 11 175
    72 143 41 174 222 57 127 140 21 127 222 166 139 31 63 182 218 216
    175 148 29 13 27 14 2 229 114 229 229 106 56 190 214 217 101 68 100
    5 88 179 118 124 117 129 224 43 172 28 82 53 91 253 43 175 42 214
    203 143 172 152 252 127 252 140 173 108 108 90 109 170 141 85 52 60
    243 0 24 226 138 157 124 251 175 193 255 83 106 59 212 85 54 224 206
    13 26 126 78 91 121 207 158 49 135 139 193 249 138 202 219 232 207
    157 16 146 121 203 108 97 52 1 91 185 156 172 74 121 93 32 205 235
    38 154 8 14 139 209 245 131 79 191 115 126 160 213 232 207 252 168
    180 54 135 23 9 128 154 175 185 75 148 236 55 167 227 27 135 10 130
    116 20 16 107 81 14 48 77 91 248 42 255 28 143 247 38 251 57 88 145
    113 205 108 94 134 46 115 87 144 107 8 148 223 31 42 87 65 75 102 33
    129 119 158 174 9 236 137 155 172 115 54 225 126 40 4 137 130 210 56
    215 86 115 124 164 137 25 85 16 89 68 107 44 122 146 92 81 143 208
    91 97 190 69 84 121 185 64 110 236 119 192 132 122 243 226 43 170 3
    199 22 87 156 149 155 188 47 205 198 206 6 157 147 178 237 61 123 76
    202 73 65 40 205 83 246 244 33 196 131 50 220 180 168 23 145 76 168
    253 138 91 207 100 29 202 111 77 216 242 107 120 180 124 96 193 112
    223 16 99 189 100 38 157 81 230 8 63 0 109 189 165 178 124 173 202
    72 64 134 194 183 154 92 218 183 8 30 111 76 227 83 53 203 224 161
    129 102 193 236 215 189 234 216 227 137 20 38 119 73 86 23 4 55 254
    200 150 16 210 169 121 177 112 6 49 70 125 94 17 117 87 231 11 231
    127 126 220 72 99 203 213 38 221 223 5 110 77 240 216 230 226 24 11
    15 81 176 135 208 210 175 1 137 19 41 244 127 125 130 244 115 67 166
    218 198 15 252 196 149 100 179 177 87 130 151 40 188 133 13 53 154
    192 223 125 108 80 145 59 144 213 106 106 87 141 246 192 191 2 229
    89 182 152 33 131 232 117 84 89 0 87 38 106 145 86 196 184 114 225
    195 81 29 216 15 144 95 169 158 87 180 95 198 9 14 191 5 91 220 120
    8 101 78 231 121 111 77 108 97 93 54 180 188 253 32 108 231 230 110
    59 200 21 84 57 201 88 143 23 211 217 253 35 165 206 236 172 219 181
    171 42 235 4 158 162 30 251 72 125 188 193 9 152 11 254 14 253 84 70
    248 110 250 105 246 252 237 207 189 220 109 31 115 191 204 234 135
    41 208 253 246 80 26 78 67 204 0 109 190 184 63 9 171 116 100 241
    232 180 23 174 49 223 15 39 91 189 207 183 202 162 157 107 144 60 17
    156 193 104 227 146 212 17 59 5 142 90 208 93 97 248 44 27 21 73 167
    230 4 69 81 34 91 105 132 128 177 136 150 112 72 226 236 52 214 99
    168 137 87 62 44 148 207 74 188 10 177 133 233 188 224 188 202 24
    209 0 71 145 159 101 144 229 173 54 242 101 141 195 202 145 134 13
    26 54 250 223 153 225 53 16 157 212 49 14 55 59 134 77 223 94 113
    216 25 45 44 248 132 217 52 234 186 201 82 238 153 255 33 11 250 92
    238 154 13 1 150 87 45 88 180 222 147 217 38 17 180 50 203 124 1 121
    121 95 113 220 204 236 119 160 164 141 58 97 102 221 7 200 57 228 79
    133 7 27 97 62 154 42 62 237 58 188 74 55 158 191 10 120 77 173 5 70
    185 174 152 160 153 52 246 204 241 229 87 253 64 113 107 184 230 13
    106 149 124 60 244 199 54 13 86 214 42 131 168 248 137 204 124 168
    22 201 208 214 230 250 183 145 70 50 32 54 114 88 59 77 5 34 16 96
    92 224 232 127 175 193 167 193 250 130 142 30 154 66 136 117 203 199
    155 250 115 105 71 77 85 142 227 240 242 190 201 18 136 34 223 23 54
    9 194 138 181 80 148 32 109 122 26 92 140 174 203 174 55 106 57 134
    253 3 91 135 214 217 132 17 253 243 89 126 98 104 30 237 53 103 50
    32 105 178 220 99 242 95 173 254 59 220 68 108 114 111 87 45 163 244
    142 219 99 133 69 36 251 88 146 221 42 223 17 113 147 152 50 198 19
    30 205 176 173 156 131 201 197 129 192 150 211 165 152 224 167 228
    51 151 159 0 88 224 252 56 110 141 229 122 232 37 254 39 28 2 219 99
    213 4 11 100 228 114 140 20 1 27 10 165 218 150 2 12 3 218 32 104
    138 40 250 95 245 142 98 140 137 111 127 124 104 147 245 215 163 65
    235 230 38 249 26 224 77 130 174 47 182 124 121 219 187 29 0 189 236
    130 89 187 43 74 123 126 5 161 193 60 82 250 182 51 89 28 12 13 3
    151 124 149 155 5 168 35 215 222 213 120 249 114 4 175 251 227 22
    135 253 157 139 13 163 162 207 1 5 255 64 89 140 125 37 59 11 28 5
    171 41 80 27 112 48 72 255 8 160 153 105 195 124 104 162 79 65 184
    194 126 137 98 20 222 206 217 137 1 112 232 169 95 229 80 148 38 241
    0 51 250 52 120 19 88 74 42 170 223 52 240 158 248 103 184 201 130 5
    145 161 56 20 102 115 184 240 66 210 138 5 228 6 104 126 231 75 54
    194 51 95 230 133 5 33 178 227 234 140 205 65 14 240 232 73 26 54 48
    219 124 32 224 252 234 50 98 128 153 55 84 42 35 66 240 155 84 47
    159 88 206 177 104 162 91 195 123 124 102 117 68 146 218 191 227 92
    174 85 147 168 163 68 201 143 216 47 253 226 22 251 250 88 85 203
    110 127 192 251 41 139 11 248 209 27 124 18 200 130 146 248 116 66
    113 95 114 239 182 50 161 202 89 115 228 243 170 65 237 62 246 1 1
    251 244 161 91 58 201 207 168 229 223 16 1 84 101 76 38 191 13 224
    90 61 228 53 193 254 14 129 254 9 220 180 85 25 30 43 31 206 69 150
    215 223 224 200 100 184 250 190 206 117 129 110 67 112 129 168 90 18
    30 151 80 163 210 223 196 221 156 118 75 239 42 152 66 175 177 138
    212 163 132 198 114 219 51 68 155 78 115 233 202 34 47 120 187 251
    98 14 27 146 199 102 216 153 228 91 218 82 63 126 92 192 69 88 72
    178 45 93 122 60 12 69 197 225 62 218 1 244 51 130 169 223 69 5 36
    169 18 123 80 134 28 139 47 188 22 124 202 154 32 2 204 233 44 241
    196 34 111 245 128 97 228 232 251 189 32 87 144 101 91 219 111 242
    197 188 20 64 132 242 98 189 236 121 70 118 198 198 161 56 243 228
    155 243 198 168 88 196 35 129 176 57 166 21 217 240 87 80 165 183
    248 183 125 17 64 182 43 133 109 253 229 5 23 95 243 162 73 223 168
    47 231 16 237 115 84 99 220 83 216 185 27 195 87 14 110 165 189 95
    116 146 92 104 128 1 164 167 8 20 176 188 251 67 40 199 138 4 155
    243 52 221 229 5 211 61 140 219 98 39 8 116 43 168 144 37 187 211
    200 227 89 6 44 247 34 158 246 82 240 44 215 102 91 5 76 26 212 80
    41 74 90 76 139 61 173 44 8 136 208 212 217 75 11 90 232 150 139 147
    40 218 56 249 47 192 129 183 149 119 161 29 237 108 43 17 78 170 224
    249 229 34 123 46 227 111 248 207 245 243 232 208 142 113 104 106 8
    192 133 216 48 31 164 151 150 246 63 99 33 46 210 46 79 26 106 206
    156 200 41 71 140 15 196 54 160 216 33 174 191 212 147 104 3 20 233
    76 14 12 254 93 12 185 156 188 7 64 200 126 19 188 52 165 25 20 105
    4 17 114 59 153 179 234 228 135 103 235 88 148 76 112 162 104 74 166
    84 186 34 98 74 5 87 31 233 195 209 60 196 209 175 139 152 66 51 45
    117 75 158 193 47 11 253 220 203 230 135 129 136 95 208 231 115 13
    41 99 0 66 230 87 127 230 172 24 146 241 97 234 23 129 26 3 179 218
    230 78 198 53 167 152 239 216 144 248 162 174 101 56 75 86 105 97
    243 215 161 165 178 146 24 250 15 93 28 112 128 42 79 186 129 101
    190 198 197 172 26 12 198 150 15 231 90 76 97 4 206 25 138 166 167 3
    81 215 239 190 43 13 29 174 40 196 246 167 212 98 46 172 4 125 20
    255 236 255 24 46 14 69 97 10 118 190 166 192 117 223 69 59 165 53
    193 102 12 69 96 0 189 243 14 64 28 247 183 92 173 211 193 241 73 88
    234 111 36 79 178 91 231 190 244 79 12 59 39 225 145 215 218 108 160
    63 238 64 13 81 216 189 229 18 245 218 36 220 84 138 187 38 162 25
    248 73 121 235 7 58 59 167 224 198 209 99 61 45 101 153 73 75 65 185
    235 42 97 80 218 173 222 162 26 33 134 192 62 101 96 87 251 137 222
    101 105 121 141 123 242 39 26 133 175 202 213 12 119 227 222 23 148
    49 103 111 57 1 198 236 191 164 67 195 249 189 245 65 132 151 177 81
    48 92 250 71 247 110 118 32 106 54 31 238 87 227 211 146 234 184 131
    206 83 86 159 193 176 53 75 157 159 117 197 172 149 227 219 174 51
    148 206 222 57 211 126 33 213 149 185 101 29 97 23 22 79 251 63 72
    119 124 140 6 205 192 247 196 176 134 9 146 210 26 198 199 134 165
    103 1 66 170 194 112 251 237 12 135 69 221 166 108 171 74 7 149 34
    153 154 21 29 24 36 209 226 69 210 60 251 224 169 158 200 157 99 165
    243 92 252 41 216 14 252 35 213 251 116 241 166 76 69 32 166 77 88
    166 71 90 159 176 20 183 234 38 201 253 41 99 7 169 252 110 211 138
    30 204 26 68 110 198 252 215 250 28 185 215 194 42 104 38 170 111
    137 15 143 134 161 17 152 139 154 219 220 19 134 3 209 241 2 213 195
    7 123 115 2 79 91 182 141 163 152 64 17 134 190 21 169 172 28 60 199
    13 145 186 89 40 66 200 178 181 1 67 204 155 84 48 85 57 188 211 196
    10 79 178 110 252 206 219 41 31 175 253 30 4 34 218 153 57 78 182
    186 97 130 151 216 170 113 68 208 6 150 127 21 196 13 112 179 181 65
    200 175 102 139 199 128 237 105 67 251 58 252 204 8 174 205 121 211
    254 20 167 147 246 103 57 105 48 157 42 196 108 94 77 185 223 78 87
    195 233 38 123 137 145 146 159 7 219 36 234 16 195 154 175 118 124
    120 25 154 230 41 50 24 151 105 50 13 50 27 109 94 193 128 225 15 68
    190 169 214 6 30 88 201 95 21 177 244 96 202 206 23 179 42 63 161 37
    29 30 187 188 144 234 148 97 220 217 250 86 58 3 209 131 179 26 8 74
    141 98 132 128 2 143 197 87 217 109 35 114 151 83 97 190 48 62 248
    91 117 106 44 30 125 169 225 62 158 117 97 164 57 224 38 91 191 234
    168 157 130 67 198 160 13 150 186 25 230 195 107 74 56 185 132 179
    70 183 194 115 71 65 202 106 6 77 223 171 143 180 138 61 166 59 26
    169 88 34 159 121 25 168 34 162 118 130 115 200 181 114 58 136 110 2
    145 65 130 252 198 80 124 217 254 110 174 55 232 215 36 213 14 236 5
    171 59 26 167 110 155 236 8 52 102 118 75 73 134 153 75 49 220 17 96
    8 255 55 154 47 37 241 141 87 15 234 16 174 255 32 197 205 53 99 2
    21 40 74 10 72 99 225 75 223 27 229 88 182 117 48 64 226 240 103 221
    158 165 19 78 195 21 102 78 26 160 26 25 141 157 96 41 223 176 190
    112 31 253 217 220 25 134 92 173 70 196 201 155 123 75 31 226 222
    140 192 65 250 168 231 157 14 24 174 198 87 223 171 42 105 55 40 33
    69 214 55 93 25 57 45 239 90 18 101 116 125 141 32 62 145 153 158 94
    199 253 130 134 45 241 251 128 225 6 159 236 84 73 82 228 159 254
    178 14 213 174 254 89 185 61 59 110 22 246 250 246 224 205 70 253
    116 240 1 224 98 142 55 2 233 205 146 101 145 132 218 35 144 158 251
    97 178 114 90 202 99 85 181 234 133 88 177 250 87 172 125 228 200 64
    17 43 24 50 132 233 154 157 52 252 106 152 88 14 87 93 14 249 103
    171 250 150 85 28 240 189 119 50 169 41 171 160 152 122 83 161 147
    42 225 156 118 83 224 178 245 221 52 47 213 5 167 238 157 128 249
    222 54 162 139 216 94 34 178 136 244 148 94 145 140 151 230 205 72
    174 8 176 7 5 31 167 89 230 148 53 163 216 219 54 228 2 112 149 25
    216 204 242 39 159 162 170 54 220 241 107 83 70 93 230 218 223 240
    48 184 114 3 54 66 26 61 28 117 67 41 86 248 16 224 95 134 224 229
    37 232 100 193 206 205 188 107 151 87 50 42 107 101 121 92 191 142
    54 85 92 240 2 240 69 235 86 28 31 38 26 95 124 178 223 88 0 206 127
    99 87 194 214 87 232 174 112 247 41 89 80 94 128 196 167 90 163 93
    128 34 22 170 63 72 130 12 34 190 119 83 56 226 179 87 35 41 59 58
    183 30 225 131 22 179 44 69 9 62 77 223 154 85 77 215 130 4 144 106
    85 173 36 184 91 139 183 199 188 194 5 238 199 145 119 84 237 42 213
    24 150 19 41 226 130 109 44 242 167 87 99 98 60 2 183 135 197 227 47
    31 103 249 9 38 135 176 109 158 13 47 169 249 205 90 162 243 207 137
    1 48 67 10 141 214 18 176 132 137 91 152 193 67 251 187 58 175 65
    187 118 59 228 188 248 243 136 75 137 78 230 234 159 108 84 146 216
    0 56 4 14 149 145 213 199 136 221 230 158 54 159 240 130 2 25 89 67
    48 70 158 172 21 75 114 250 139 31 15 117 47 184 219 201 103 1 228
    39 158 184 138 159 19 18 97 134 115 241 42 63 225 54 169 104 179 101
    117 61 74 9 117 161 20 237 248 197 11 90 229 83 243 239 118 137 159
    77 152 35 29 199 101 241 148 89 161 4 28 26 116 233 95 77 3 150 228
    9 208 23 182 230 135 66 26 212 104 85 179 119 8 131 78 153 126 148
    200 204 125 139 238 192 82 206 154 251 173 161 26 163 17 124 31 1
    242 154 142 214 211 106 34 26 114 11 164 214 133 88 59 45 177 244
    107 40 198 178 67 47 252 36 180 252 249 46 48 241 166 54 96 202 40
    186 160 73 122 14 92 92 37 174 157 60 219 40 44 101 131 12 51 120
    180 250 45 206 55 158 154 92 25 11 178 104 32 209 50 62 82 242 65
    241 92 206 199 59 232 66 51 109 70 178 240 135 105 187 118 125 161
    194 198 43 154 243 80 234 105 117 183 194 169 161 161 13 211 155 61
    71 231 163 207 105 179 14 109 209 206 37 154 199 37 165 107 17 58
    131 187 140 123 38 61 143 133 145 2 103 240 210 1 55 213 11 153 167
    101 56 80 50 233 5 82 88 241 129 158 136 126 154 101 106 170 36 52
    12 121 242 57 193 204 204 164 228 224 222 54 107 41 152 45 31 127
    128 174 107 166 5 255 117 145 32 107 215 139 157 226 197 174 6 225
    155 190 20 22 17 148 224 204 246 235 160 215 147 163 191 207 90 133
    4 180 131 26 90 146 15 166 147 172 16 208 152 202 152 20 184 93 124
    201 5 239 90 91 138 163 153 41 170 119 203 81 249 141 102 44 94 51
    129 220 159 179 25 115 19 68 108 129 155 103 216 132 183 234 42 5 43
    121 77 88 159 55 122 231 209 147 10 92 173 79 122 104 43 13 107 238
    98 128 43 1 43 167 169 77 54 151 253 112 217 94 251 76 21 68 120 52
    89 91 216 242 83 124 143 13 238 173 153 240 75 49 252 62 83 97 175
    175 109 206 253 71 171 157 238 5 248 252 47 61 114 106 124 121 255
    225 105 185 178 12 24 76 173 208 115 137 106 49 150 100 249 38 90 97
    121 56 105 219 84 112 33 191 196 33 47 63 166 213 121 154 61 216 128
    199 25 80 119 131 89 3 64 246 75 175 46 234 49 214 220 237 209 134
    155 194 8 236 77 75 123 42 1 166 197 91 196 212 91 0 158 77 24 28 7
    47 50 169 80 11 29 122 125 227 68 237 59 153 215 114 110 73 72 160
    58 180 167 72 51 47 243 214 247 4 194 188 96 133 185 184 85 7 126
    127 166 158 206 144 237 12 232 229 209 44 207 10 189 76 205 232 247
    118 176 129 147 177 111 191 151 216 248 68 121 117 71 60 121 135 225
    96 111 60 110 201 142 193 240 68 38 36 136 193 233 104 128 45 127 2
    153 180 204 223 81 11 233 147 19 125 111 0 72 158 212 224 149 35 168
    181 117 167 4 18 179 166 227 190 85 180 225 253 174 183 148 165 66
    250 218 180 45 94 36 230 13 255 74 130 186 52 239 82 54 231 218 102
    36 46 173 50 14 65 53 146 120 69 211 17 97 233 109 76 250 181 179
    245 119 48 8 91 56 216 155 220 95 147 194 176 223 23 230 72 191 110
    129 103 106 36 148 168 82 110 83 234 39 70 147 164 149 170 181 80
    178 180 82 90 35 222 45 185 182 178 229 226 59 166 113 175 189 2 69
    186 67 188 101 101 81 61 229 62 207 97 237 12 60 133 7 37 132 146 30
    81 103 57 63 16 222 198 173 76 32 228 20 67 85 158 68 33 105 231 224
    101 62 91 96 191 92 164 25 164 188 186 200 159 93 120 115 145 191
    175 227 167 192 154 232 112 189 111 252 20 57 191 18 118 183 65 15
    56 176 187 138 253 250 13 173 116 209 102 141 17 111 96 220 148 135
    5 61 94 132 197 24 252 252 53 56 68 208 250 140 196 166 148 215 173
    49 62 91 76 58 68 64 179 130 100 54 31 86 215 206 154 48 23 201 117
    70 45 193 40 65 207 127 178 180 118 168 134 81 66 224 171 182 116
    235 188 9 192 202 30 115 219 152 77 86 21 255 171 150 98 160 56 216
    142 23 118 82 129 58 87 17 211 253 189 22 24 79 82 76 98 14 195 156
    59 24 79 82 227 137 254 131 166 44 242 189 196 52 147 95 254 126 149
    61 62 117 35 229 15 161 179 207 137 45 49 157 240 51 168 222 103 103
    38 159 223 242 191 35 232 85 161 7 106 224 72 183 4 241 29 73 102
    241 23 81 32 252 74 236 94 127 241 148 201 121 245 130 75 81 149 76
    252 104 184 228 248 42 21 128 66 221 68 225 247 98 179 77 23 224 130
    229 250 170 199 76 218 248 0 89 254 118 96 146 171 218 153 180 82 93
    153 147 197 30 100 41 242 128 107 79 234 220 193 0 61 238 154 90 101
    227 237 45 235 118 242 239 199 89 212 59 121 195 170 61 27 245 14
    255 76 182 208 116 197 39 176 186 218 217 4 125 158 176 30 68 199
    167 157 135 199 27 18 152 146 89 238 18 231 39 88 248 198 122 20 119
    41 66 212 137 166 195 112 235 34 151 146 73 179 150 217 149 241 85
    44 197 236 114 150 8 171 134 153 43 92 67 124 231 179 187 210 246 97
    64 88 156 249 73 144 251 76 99 33 164 118 86 90 86 133 254 41 133
    152 69 137 63 91 39 208 114 86 113 91 16 33 195 230 163 234 4 117
    177 94 209 254 179 226 212 34 213 255 34 217 205 56 127 115 118 42
    242 26 161 34 235 230 113 226 83 139 41 130 148 243 131 179 85 57
    254 217 53 99 25 246 130 160 202 3 165 18 160 224 69 197 190 31 13
    20 139 65 216 122 43 254 113 74 235 120 115 169 66 119 75 248 176 0
    161 207 9 173 164 251 247 158 231 153 40 145 84 240 26 161 134 37
    109 199 2 70 250 167 113 159 186 68 208 248 165 50 26 247 137 39 126
    8 118 22 141 128 62 211 120 116 162 188 83 207 195 231 7 72 44 235
    248 152 13 178 88 2 197 255 219 97 235 173 66 178 244 6 151 147 99
    93 127 238 222 200 146 4 193 34 82 87 6 83 148 182 229 192 13 17 131
    253 137 253 247</data></test_img>
<my_img type_id="opencv-matrix">
  <rows>50</rows>
  <cols>100</cols>
  <dt>u</dt>
  <data>
    175 107 175 222 57 139 6 53 222 142 16 237 171 230 242 21 223 224
    168 28 113 196 184 225 231 17 201 48 31 234 130 180 233 255 150 130
    245 158 63 224 42 146 226 81 11 28 43 83 119 29 164 201 153 134 189
    48 235 86 164 77 18 242 32 209 98 216 158 54 89 12 204 138 82 78 157
    203 19 207 52 6 26 62 68 205 4 45 25 231 133 61 109 126 104 114 227
    10 117 209 81 196 150 118 140 61 219 130 162 246 208 29 136 18 77 26
    51 34 143 65 22 60 223 213 147 191 241 7 161 139 25 41 114 224 81
    216 231 198 231 240 74 251 150 151 209 157 229 191 103 201 110 44
    168 167 165 166 32 216 188 191 231 142 110 86 12 85 92 206 141 119
    67 166 116 189 173 97 70 201 211 161 208 109 14 240 213 246 36 24 32
    110 26 60 207 118 232 194 134 45 64 130 241 14 24 169 179 52 85 140
    206 116 187 114 92 132 69 208 68 193 204 38 144 194 111 236 64 64
    171 251 244 17 144 195 72 70 170 25 82 148 48 163 31 208 82 50 252
    149 152 219 79 255 198 207 227 182 228 67 142 39 2 205 69 214 41 101
    219 230 70 123 144 73 10 150 104 197 212 232 231 11 190 70 179 145
    167 217 169 137 138 213 48 245 76 86 241 56 182 199 68 88 34 20 237
    184 223 107 2 34 26 233 3 139 69 237 172 159 65 41 76 223 185 206
    195 230 82 176 167 172 238 108 177 75 44 126 13 152 49 145 140 30 74
    87 37 84 245 195 12 3 224 104 43 241 231 215 85 7 155 136 143 79 45
    65 177 106 50 178 90 166 253 109 56 68 48 48 81 71 181 0 198 204 82
    85 181 91 214 143 212 234 30 192 133 110 172 43 159 69 130 40 156 16
    126 74 69 53 5 7 161 85 5 134 228 99 192 93 5 109 55 7 149 200 119
    190 221 239 233 126 28 9 252 68 34 60 84 2 222 188 206 169 142 104 1
    34 21 82 25 207 156 28 224 141 246 64 9 41 94 232 153 4 194 141 204
    25 87 204 3 244 11 45 153 170 184 28 188 144 133 232 42 93 78 150
    173 216 231 171 114 127 45 220 235 58 209 165 5 198 76 97 234 106
    154 177 130 34 81 5 93 48 187 175 22 197 14 69 195 14 158 227 229
    100 214 208 51 250 120 154 74 230 139 150 206 14 135 237 207 11 175
    72 143 41 174 222 57 127 140 21 127 222 166 139 31 63 182 218 216
    175 148 29 13 27 14 2 229 114 229 229 106 56 190 214 217 101 68 100
    5 88 179 118 124 117 129 224 43 172 28 82 53 91 253 43 175 42 214
    203 143 172 152 252 127 252 140 173 108 108 90 109 170 141 85 52 60
    243 5 35 220 134 152 115 249 161 177 255 83 98 47 204 77 48 220 204
    17 32 125 80 94 110 207 166 59 136 140 184 247 127 184 207 240 198
    160 18 146 121 196 100 88 57 3 81 181 151 171 77 119 103 44 202 241
    39 160 11 21 151 222 246 137 68 193 107 116 155 226 247 214 253 155
    175 57 128 18 11 125 161 175 177 60 143 241 42 167 226 27 135 10 130
    116 20 16 107 81 14 48 77 103 249 50 255 35 140 243 30 250 50 95 146
    110 201 101 94 131 47 112 94 146 104 8 143 225 36 47 100 71 78 104
    38 119 112 161 167 11 238 136 146 163 107 57 231 124 38 9 133 127
    210 66 217 91 119 124 160 137 32 84 23 95 66 112 33 115 143 92 78
    137 220 89 98 193 59 77 110 189 59 95 241 98 178 112 98 243 225 27
    171 3 199 22 87 156 149 155 188 47 205 198 206 15 160 148 171 240 56
    122 72 195 66 59 27 201 88 246 244 35 204 131 47 226 192 171 27 151
    81 172 255 143 101 205 107 35 192 116 74 208 241 104 121 172 118 88
    193 116 223 20 100 186 103 47 166 83 232 11 60 2 116 187 166 186 136
    177 202 59 47 131 204 198 166 97 225 192 9 23 100 65 237 69 42 199
    220 149 107 78 195 238 216 189 234 216 227 137 20 38 119 73 86 23 4
    60 253 195 143 23 205 158 112 161 109 8 35 62 128 92 20 119 95 235
    17 238 127 122 225 78 106 205 219 53 222 229 11 113 81 243 208 232
    231 35 18 29 78 180 142 208 211 178 3 149 24 51 246 128 125 131 240
    115 62 167 219 202 17 250 192 143 103 175 180 92 142 160 32 198 134
    12 47 154 199 228 115 83 59 127 45 136 213 83 88 87 141 246 192 191
    2 229 89 182 152 33 131 231 118 81 95 6 86 41 97 133 81 189 172 109
    222 186 83 35 211 24 154 97 174 160 86 184 98 196 18 29 189 12 98
    214 125 15 101 86 238 136 122 83 118 104 95 72 189 193 253 41 115
    231 229 113 59 192 23 66 45 199 78 149 24 214 219 253 24 154 205 247
    183 225 192 171 38 243 8 157 157 29 252 60 113 180 190 11 149 11 255
    14 253 84 70 248 110 250 105 246 252 237 207 183 214 101 39 115 181
    193 231 125 36 199 253 241 84 27 78 65 201 2 112 193 189 66 14 169
    115 98 243 235 183 32 172 57 222 30 53 97 189 204 190 204 172 171
    119 161 77 23 166 195 110 223 163 213 18 54 5 139 77 208 84 92 244
    35 24 15 54 158 237 5 63 72 24 88 101 136 127 181 137 152 98 59 225
    237 44 204 81 157 119 87 62 44 148 207 74 188 10 177 133 233 188 217
    180 199 32 210 6 74 142 163 94 148 229 167 54 238 106 151 198 204
    157 134 20 33 60 247 217 146 219 59 32 151 195 56 30 68 68 146 78
    226 103 133 217 35 54 54 247 155 217 53 234 193 205 78 234 152 255
    30 11 246 88 235 158 11 3 145 71 38 83 181 229 146 217 32 17 183 38
    208 115 5 112 110 77 95 211 202 238 103 149 164 141 58 97 102 221 7
    200 57 228 79 133 12 32 91 66 157 50 63 237 56 183 71 47 160 187 14
    134 72 175 8 66 189 174 148 151 151 59 241 192 237 229 92 253 71 124
    124 184 232 21 121 169 148 75 246 204 69 18 98 210 42 146 184 246
    149 196 121 167 21 198 210 213 232 247 192 143 63 47 29 56 121 94 54
    68 9 30 17 91 83 229 234 121 171 192 160 184 246 130 130 24 154 66
    136 117 203 199 155 250 115 105 71 77 72 127 223 244 250 187 196 20
    133 27 216 18 45 14 183 142 166 78 146 35 100 109 32 81 127 167 189
    167 62 118 60 131 253 8 109 151 202 211 157 29 255 244 100 152 115
    127 30 234 57 110 57 35 113 174 208 91 234 86 169 253 56 223 62 107
    112 107 83 51 163 250 148 228 92 133 60 32 255 74 146 219 35 220 15
    97 145 149 38 187 19 30 205 176 173 156 131 201 197 129 192 150 210
    158 151 226 167 235 50 149 160 5 81 222 253 57 103 142 222 124 229
    42 255 42 36 8 207 101 199 9 24 118 223 127 143 38 6 45 18 174 222
    172 5 20 6 220 45 127 155 38 247 100 241 152 97 136 131 103 115 115
    97 145 240 211 164 57 235 234 44 250 24 231 72 133 171 47 184 113
    107 214 181 23 3 184 234 124 81 181 36 63 123 126 5 161 193 60 82
    250 182 51 89 28 17 18 5 157 121 145 149 9 169 30 211 219 208 113
    249 109 3 167 250 220 24 121 253 142 128 26 157 157 199 6 14 255 80
    104 161 142 47 68 17 44 11 184 53 97 38 139 56 84 255 8 172 161 109
    181 118 95 155 66 54 184 193 140 145 107 17 223 204 216 148 3 121
    241 161 88 231 66 140 36 241 3 45 247 51 103 24 86 72 33 170 223 52
    240 158 248 103 184 201 130 5 145 154 53 24 100 110 172 244 72 208
    134 9 223 12 95 122 229 71 62 190 54 92 223 119 17 48 169 210 225
    137 196 80 27 237 232 86 39 59 54 228 145 47 234 250 237 66 121 143
    161 65 94 48 36 69 234 152 63 36 154 75 205 181 119 167 98 199 134
    142 119 140 71 160 219 190 231 84 163 71 142 161 151 57 196 133 208
    51 255 223 18 251 250 88 85 203 110 127 192 251 41 139 11 247 208 36
    125 26 201 125 149 252 110 60 98 81 101 238 174 45 155 202 88 113
    219 240 158 77 226 66 240 8 6 249 240 154 107 65 195 201 172 231 228
    24 2 107 130 95 51 193 18 214 97 74 217 54 184 252 11 115 253 6 216
    177 88 24 32 44 33 205 69 163 210 226 231 192 103 178 253 183 199
    107 122 95 66 98 122 167 89 14 24 151 80 163 210 223 196 221 156 118
    75 239 42 155 75 181 189 142 216 164 136 202 107 213 41 62 149 77
    113 229 199 41 51 118 183 252 97 30 45 136 183 109 208 152 220 103
    213 91 66 140 109 196 77 107 94 184 60 115 142 74 15 74 196 219 65
    211 2 237 38 124 166 220 56 2 38 167 15 130 74 139 26 146 56 187 15
    122 196 146 27 6 199 234 36 238 192 30 94 243 118 89 229 232 251 189
    32 87 144 101 91 219 111 242 197 184 27 68 142 247 98 183 241 124 63
    109 195 193 157 57 243 219 143 241 195 160 84 187 57 125 169 65 155
    39 213 237 94 91 161 183 246 187 131 26 72 192 63 154 136 253 229 9
    26 109 234 178 80 213 172 32 229 9 234 115 71 91 219 71 211 181 26
    187 83 9 107 155 177 88 106 136 84 92 115 5 152 163 12 23 174 181
    252 68 33 199 138 4 155 243 52 221 229 5 211 61 140 222 98 45 9 122
    54 169 146 38 180 201 196 219 72 11 44 244 33 149 244 84 237 63 208
    104 94 20 75 45 201 95 50 83 98 86 145 68 178 53 18 154 219 216 220
    95 17 112 232 154 146 157 41 213 54 244 38 192 130 178 142 115 155
    30 241 113 48 15 71 161 220 249 232 33 118 39 225 97 249 208 244 241
    231 210 128 110 104 103 8 192 133 216 48 31 164 151 150 246 63 99 33
    60 213 59 88 36 104 208 163 208 36 65 130 17 186 53 148 208 29 163
    181 208 142 101 11 33 223 78 30 23 253 107 23 174 143 180 18 68 199
    142 23 198 68 180 39 32 134 5 21 127 68 163 184 234 228 131 100 238
    89 142 68 110 164 103 66 167 80 181 41 101 66 8 86 29 238 192 208 57
    193 214 172 131 149 68 59 51 121 81 143 193 47 11 253 220 203 230
    135 129 136 95 208 234 119 12 47 107 2 74 240 91 133 229 161 18 140
    241 86 234 18 121 26 8 177 213 228 78 181 57 152 139 231 208 131 247
    146 169 107 48 74 89 115 109 244 222 172 184 193 158 29 250 14 113
    29 124 130 33 74 186 133 98 187 202 202 174 24 9 201 146 12 235 89
    69 95 8 208 24 127 160 164 5 72 219 240 187 39 17 23 158 36 196 246
    167 212 98 46 172 4 125 20 255 236 255 29 56 11 77 100 8 127 195 171
    190 106 228 59 54 155 48 184 89 12 72 83 2 178 240 27 63 42 240 178
    101 160 201 177 238 66 89 234 122 35 88 190 107 234 202 247 97 17 63
    45 222 151 207 210 107 161 59 243 65 12 84 216 192 234 26 249 217 48
    217 88 131 177 47 155 27 247 68 122 237 8 62 68 163 223 204 214 106
    68 45 101 153 73 75 65 185 235 42 97 80 218 175 226 161 30 38 139
    196 66 112 97 84 253 128 226 89 95 110 131 115 240 45 32 124 166 198
    205 20 109 223 223 36 137 42 100 110 48 2 201 237 190 163 77 208 250
    198 247 72 133 148 184 94 51 104 253 74 249 112 131 29 115 56 32 247
    95 232 211 152 238 181 137 211 84 91 163 192 178 56 78 151 151 118
    202 161 134 225 216 158 59 148 206 222 57 211 126 33 213 149 185 101
    29 106 27 21 86 249 72 84 130 137 145 6 213 190 247 192 166 118 11
    140 208 35 196 195 124 155 100 3 62 158 186 109 246 232 18 128 57
    228 163 103 164 66 15 149 41 158 157 24 36 27 39 207 222 80 211 59
    255 228 178 161 204 161 110 169 247 103 253 50 213 14 253 41 216 252
    119 240 171 72 69 38 161 83 94 160 74 92 151 172 20 183 234 38 201
    253 41 99 7 169 252 110 211 142 39 202 33 81 118 196 253 223 249 30
    183 219 192 53 92 42 163 100 124 23 143 124 157 30 154 134 151 217
    220 33 122 8 202 241 6 214 190 15 118 122 8 81 98 189 136 166 146 66
    17 136 195 17 180 187 18 56 202 8 143 192 97 41 69 204 177 181 2 81
    198 161 95 60 97 59 186 214 196 8 83 175 113 250 207 217 36 24 171
    253 30 4 34 218 153 57 78 182 186 97 130 155 217 169 124 77 207 8
    149 139 18 202 11 106 178 178 63 207 174 92 128 204 116 240 92 62
    249 59 250 190 21 169 198 110 202 255 27 166 140 244 98 51 115 45
    158 51 208 119 106 78 196 222 84 103 204 238 32 131 146 151 148 166
    3 214 38 240 20 198 158 175 133 136 133 32 163 232 47 51 20 149 107
    54 14 51 24 109 95 187 122 225 15 68 190 169 214 6 30 88 201 95 21
    175 243 97 198 199 29 181 57 75 164 45 36 35 187 186 145 235 155 84
    222 222 249 68 54 12 204 118 177 32 18 68 124 88 113 115 8 137 192
    74 217 107 36 121 146 81 106 205 56 62 244 101 121 116 48 23 134 177
    229 68 154 125 107 158 66 222 42 107 187 231 169 164 133 75 210 175
    15 157 195 32 237 198 116 77 62 183 122 166 65 183 194 115 71 65 202
    106 6 77 223 171 143 184 145 62 167 66 38 172 98 48 161 134 24 172
    39 158 113 121 107 210 184 112 56 130 94 9 146 68 116 250 190 72 112
    213 255 100 177 50 229 211 33 210 21 241 6 175 62 33 167 113 154 234
    2 53 112 130 80 80 140 154 89 50 211 17 113 8 255 63 157 53 45 240
    148 109 20 238 23 192 255 41 201 205 59 104 3 24 35 71 9 72 99 225
    75 223 27 229 88 182 117 48 64 229 241 106 220 160 166 15 86 198 20
    107 81 32 161 30 21 139 155 74 47 232 183 190 95 39 255 219 226 30
    136 84 166 66 184 192 148 127 74 27 222 220 134 193 69 253 171 232
    161 12 24 184 208 100 226 184 41 118 56 36 27 88 207 65 110 23 68 51
    235 103 24 115 130 137 146 42 71 152 164 169 106 207 253 130 131 45
    247 249 116 225 6 159 236 84 73 82 228 159 254 178 14 219 175 255 83
    187 69 66 107 23 241 250 244 225 210 68 255 106 246 5 232 86 140 47
    8 240 204 152 89 143 125 216 29 136 142 247 89 181 113 86 207 101 84
    195 237 137 92 193 255 92 189 133 235 211 72 15 44 18 47 142 238 163
    169 60 253 130 158 104 18 100 112 20 244 122 190 250 163 103 39 243
    198 128 62 164 50 163 154 140 113 83 161 147 42 225 156 118 83 224
    178 245 221 48 42 216 5 166 231 145 122 244 223 65 160 134 217 80 45
    175 124 249 145 77 140 127 146 232 199 66 174 15 172 12 8 29 157 75
    234 149 54 160 220 223 57 232 5 113 151 30 226 217 246 41 167 172
    187 54 228 252 130 97 92 122 235 219 225 241 53 198 130 5 62 75 38
    72 42 131 81 50 103 249 21 228 106 137 225 232 33 238 97 193 206 205
    188 107 151 87 50 42 107 101 121 92 199 137 51 81 95 237 5 238 81
    235 89 38 44 50 32 84 116 178 223 75 2 201 113 91 75 184 213 75 229
    172 104 244 39 75 68 91 124 193 174 91 166 98 122 33 27 175 63 71
    134 12 30 201 122 89 56 231 196 98 32 42 77 71 198 27 223 161 24 192
    50 78 9 74 88 228 178 100 92 225 137 6 158 116 88 171 27 178 88 139
    183 199 188 194 5 238 199 145 119 84 237 38 220 23 145 17 44 225 136
    118 63 243 178 89 101 95 65 9 183 121 192 228 45 33 92 247 17 36 134
    178 106 157 17 42 169 247 208 89 160 240 213 137 3 56 75 12 143 217
    24 189 140 145 100 151 204 71 252 202 60 193 81 202 142 74 226 207
    246 243 154 81 154 86 228 237 181 122 88 161 226 2 60 6 17 152 145
    211 198 136 217 230 158 54 159 240 130 2 25 89 67 48 70 155 175 17
    60 106 250 140 38 12 124 59 193 217 202 100 8 235 44 157 186 130 158
    20 18 86 130 113 241 41 50 225 50 169 98 181 97 118 65 69 12 119 160
    33 238 247 196 17 97 228 89 247 243 116 140 172 86 154 26 20 207 124
    241 155 106 175 5 30 29 125 226 106 88 5 164 228 12 216 27 198 237
    140 69 29 207 103 81 166 107 8 131 78 153 126 148 200 204 125 139
    238 192 78 210 155 250 174 163 29 163 15 133 39 5 238 152 140 202
    207 101 39 32 107 14 161 207 115 75 50 45 175 244 106 38 211 189 56
    45 255 36 192 255 247 42 54 243 167 59 100 214 47 195 160 74 116 17
    104 100 29 180 155 74 214 33 41 113 146 12 51 133 189 250 44 211 59
    177 171 98 32 15 195 107 30 211 53 65 72 249 62 246 92 206 199 59
    232 66 51 109 70 178 240 135 106 193 115 125 166 198 198 42 158 238
    77 226 101 115 177 189 169 158 157 17 208 146 51 57 235 158 205 94
    181 15 104 219 216 35 151 208 38 169 112 21 65 133 205 139 119 44 59
    143 133 143 5 103 240 211 3 47 216 9 151 172 109 56 80 44 234 9 95
    100 232 133 161 145 136 164 113 122 186 41 51 14 125 250 60 198 201
    202 169 231 224 222 54 107 41 152 45 31 127 128 174 107 172 5 255
    112 148 29 103 214 148 164 226 202 174 11 225 148 195 21 21 17 133
    226 199 250 240 152 214 139 155 187 213 92 134 6 193 134 30 98 149
    18 183 152 187 20 220 161 211 164 30 195 101 121 205 9 240 94 98 143
    164 152 35 177 124 207 88 246 152 110 33 94 45 133 223 172 184 30
    133 26 75 118 131 172 113 219 139 181 241 30 5 43 121 77 88 159 55
    122 231 209 147 10 100 186 77 127 98 42 12 112 235 101 140 48 5 47
    163 167 75 51 140 255 100 213 80 252 59 21 48 113 39 72 84 222 240
    74 125 145 14 234 190 169 237 83 60 252 72 104 110 187 183 113 211
    255 56 169 157 237 11 247 252 42 65 121 106 124 125 255 220 107 184
    171 14 23 74 174 214 122 152 119 45 158 103 253 41 100 103 128 56
    112 219 84 112 33 191 196 33 47 63 166 213 121 157 54 222 130 202 24
    75 127 143 84 8 63 250 68 166 42 238 45 211 223 243 199 112 140 189
    5 238 66 60 110 39 2 163 205 92 202 220 103 2 171 89 36 44 6 57 62
    175 86 14 33 116 121 228 56 235 50 151 211 112 106 68 66 155 45 184
    166 63 38 30 237 213 240 6 202 199 95 142 196 195 81 8 133 130 172
    167 198 152 237 12 232 229 209 44 207 10 189 76 205 232 247 125 187
    136 148 184 110 201 158 222 249 65 133 118 65 56 121 130 229 81 92
    50 81 190 119 180 238 48 30 26 125 190 235 95 130 50 130 5 163 193
    213 219 88 12 229 154 23 130 107 2 63 158 216 223 139 38 172 189 116
    174 6 21 192 167 222 196 84 190 225 249 174 186 142 164 63 249 223
    189 44 95 33 231 14 255 81 143 186 45 238 82 54 231 218 102 36 46
    173 50 14 65 53 145 113 60 208 14 89 231 110 71 252 190 181 247 119
    47 14 81 45 211 133 217 75 113 183 157 217 17 228 56 180 98 128 91
    100 38 155 180 86 110 97 232 42 81 154 167 155 174 187 83 181 186 78
    80 36 220 44 189 187 181 226 222 54 160 100 171 196 3 59 183 54 190
    95 103 72 56 232 68 213 104 240 12 59 148 8 27 149 157 17 81 103 57
    63 16 222 198 173 76 32 228 20 67 85 158 68 33 105 231 224 101 62 91
    96 191 92 164 25 164 188 186 200 159 93 120 115 145 191 175 227 167
    192 154 232 112 189 111 252 20 57 191 18 118 183 65 15 56 176 187
    138 253 250 13 173 116 209 102 141 17 111 96 220 148 135 5 61 94 132
    197 24 252 252 53 56 68 208 250 140 196 166 148 215 173 49 62 91 76
    58 68 64 179 130 100 54 31 86 215 206 154 48 23 201 117 70 45 193 40
    65 207 127 178 180 118 168 134 81 66 224 171 182 116 235 188 9 192
    202 30 115 219 152 77 86 21 255 171 150 98 160 56 216 142 23 118 82
    129 58 87 17 211 253 189 22 24 79 82 76 98 14 195 156 59 24 79 82
    227 137 254 131 166 44 242 189 196 52 147 95 254 126 149 61 62 117
    35 229 15 161 179 207 137 45 49 157 240 51 168 222 103 103 38 159
    223 242 191 35 232 85 161 7 106 224 72 183 4 241 29 73 102 241 23 81
    32 252 74 236 94 127 241 148 201 121 245 130 75 81 149 76 252 104
    184 228 248 42 21 128 66 221 68 225 247 98 179 77 23 224 130 229 250
    170 199 76 218 248 0 89 254 118 96 146 171 218 153 180 82 93 153 147
    197 30 100 41 242 128 107 79 234 220 193 0 61 238 154 90 101 227 237
    45 235 118 242 239 199 89 212 59 121 195 170 61 27 245 14 255 76 182
    208 116 197 39 176 186 218 217 4 125 158 176 30 68 199 167 157 135
    199 27 18 152 146 89 238 18 231 39 88 248 198 122 20 119 41 66 212
    137 166 195 112 235 34 151 146 73 179 150 217 149 241 85 44 197 236
    114 150 8 171 134 153 43 92 67 124 231 179 187 210 246 97 64 88 156
    249 73 144 251 76 99 33 164 118 86 90 86 133 254 41 133 152 69 137
    63 91 39 208 114 86 113 91 16 33 195 230 163 234 4 117 177 94 209
    254 179 226 212 34 213 255 34 217 205 56 127 115 118 42 242 26 161
    34 235 230 113 226 83 139 41 130 148 243 131 179 85 57 254 217 53 99
    25 246 130 160 202 3 165 18 160 224 69 197 190 31 13 20 139 65 216
    122 43 254 113 74 235 120 115 169 66 119 75 248 176 0 161 207 9 173
    164 251 247 158 231 153 40 145 84 240 26 161 134 37 109 199 2 70 250
    167 113 159 186 68 208 248 165 50 26 247 137 39 126 8 118 22 141 128
    62 211 120 116 162 188 83 207 195 231 7 72 44 235 248 152 13 178 88
    2 197 255 219 97 235 173 66 178 244 6 151 147 99 93 127 238 222 200
    146 4 193 34 82 87 6 83 148 182 229 192 13 17 131 253 137 253 247</data></my_img>
<your_img type_id="opencv-matrix">
  <rows>50</rows>
  <cols>100</cols>
  <dt>u</dt>
  <data>
    175 107 175 222 57 139 6 53 222 142 16 237 171 230 242 21 223 224
    168 28 113 196 184 225 231 17 201 48 31 234 130 180 233 255 150 130
    245 158 63 224 42 146 226 81 11 28 43 83 119 29 164 201 153 134 189
    48 235 86 164 77 18 242 32 209 98 216 158 54 89 12 204 138 82 78 157
    203 19 207 52 6 26 62 68 205 4 45 25 231 133 61 109 126 104 114 227
    10 117 209 81 196 150 118 140 61 219 130 162 246 208 29 136 18 77 26
    51 34 143 65 22 60 223 213 147 191 241 7 161 139 25 41 114 224 81
    216 231 198 231 240 74 251 150 151 209 157 229 191 103 201 110 44
    168 167 165 166 32 216 188 191 231 142 110 86 12 85 92 206 141 119
    67 166 116 189 173 97 70 201 211 161 208 109 14 240 213 246 36 24 32
    110 26 60 207 118 232 194 134 45 64 130 241 14 24 169 179 52 85 140
    206 116 187 114 92 132 69 208 68 193 204 38 144 194 111 236 64 64
    171 251 244 17 144 195 72 70 170 25 82 148 48 163 31 208 82 50 252
    149 152 219 79 255 198 207 227 182 228 67 142 39 2 205 69 214 41 101
    219 230 70 123 144 73 10 150 104 197 212 232 231 11 190 70 179 145
    167 217 169 137 138 213 48 245 76 86 241 56 182 199 68 88 34 20 237
    184 223 107 2 34 26 233 3 139 69 237 172 159 65 41 76 223 185 206
    195 230 82 176 167 172 238 108 177 75 44 126 13 152 49 145 140 30 74
    87 37 84 245 195 12 3 224 104 43 241 231 215 85 7 155 136 143 79 45
    65 177 106 50 178 90 166 253 109 56 68 48 48 81 71 181 0 198 204 82
    85 181 91 214 143 212 234 30 192 133 110 172 43 159 69 130 40 156 16
    126 74 69 53 5 7 161 85 5 134 228 99 192 93 5 109 55 7 149 200 119
    190 221 239 233 126 28 9 252 68 34 60 84 2 222 188 206 169 142 104 1
    34 21 82 25 207 156 28 224 141 246 64 9 41 94 232 153 4 194 141 204
    25 87 204 3 244 11 45 153 170 184 28 188 144 133 232 42 93 78 150
    173 216 231 171 114 127 45 220 235 58 209 165 5 198 76 97 234 106
    154 177 130 34 81 5 93 48 187 175 22 197 14 69 195 14 158 227 229
    100 214 208 51 250 120 154 74 230 139 150 206 14 135 237 207 11 175
    72 143 41 174 222 57 127 140 21 127 222 166 139 31 63 182 218 216
    175 148 29 13 27 14 2 229 114 229 229 106 56 190 214 217 101 68 100
    5 88 179 118 124 117 129 224 43 172 28 82 53 91 253 43 175 42 214
    203 143 172 152 252 127 252 140 173 108 108 90 109 170 141 85 52 60
    243 5 35 220 134 152 115 249 161 177 255 83 98 47 204 77 48 220 204
    17 32 125 80 94 110 207 166 59 136 140 184 247 127 184 207 240 198
    160 18 146 121 196 100 88 57 3 81 181 151 171 77 119 103 44 202 241
    39 160 11 21 151 222 246 137 68 193 107 116 155 226 247 214 253 155
    175 57 128 18 11 125 161 175 177 60 143 241 42 167 227 27 135 10 130
    116 20 16 107 81 14 48 77 103 249 50 255 35 140 243 30 250 50 95 146
    110 201 101 94 131 47 112 94 146 104 8 143 225 36 47 100 71 78 104
    38 119 112 161 167 11 238 136 146 163 107 57 231 124 38 9 133 127
    210 66 217 91 119 124 160 137 32 84 23 95 66 112 33 115 143 92 78
    137 220 89 98 193 59 77 110 189 59 95 241 98 178 112 98 243 225 27
    170 3 199 22 87 156 149 155 188 47 205 198 206 15 160 148 171 240 56
    122 72 195 66 59 27 201 88 246 244 35 204 131 47 226 192 171 27 151
    81 172 255 143 101 205 107 35 192 116 74 208 241 104 121 172 118 88
    193 116 223 20 100 186 103 47 166 83 232 11 60 2 116 187 166 186 136
    177 202 59 47 131 204 198 166 97 225 192 9 23 100 65 237 69 42 199
    220 149 107 78 195 238 215 189 234 216 227 137 20 38 119 73 86 23 4
    60 253 195 143 23 205 158 112 161 109 8 35 62 128 92 20 119 95 235
    17 238 127 122 225 78 106 205 219 53 222 229 11 113 81 243 208 232
    231 35 18 29 78 180 142 208 211 178 3 149 24 51 246 128 125 131 240
    115 62 167 219 202 17 250 192 143 103 175 180 92 142 160 32 198 134
    12 47 154 199 228 115 83 59 127 45 136 213 83 106 87 141 246 192 191
    2 229 89 182 152 33 131 231 118 81 95 6 86 41 97 133 81 189 172 109
    222 186 83 35 211 24 154 97 174 160 86 184 98 196 18 29 189 12 98
    214 125 15 101 86 238 136 122 83 118 104 95 72 189 193 253 41 115
    231 229 113 59 192 23 66 45 199 78 149 24 214 219 253 24 154 205 247
    183 225 192 171 38 243 8 157 157 29 252 60 113 180 190 11 149 11 254
    14 253 84 70 248 110 250 105 246 252 237 207 183 214 101 39 115 181
    193 231 125 36 199 253 241 84 27 78 65 201 2 112 193 189 66 14 169
    115 98 243 235 183 32 172 57 222 30 53 97 189 204 190 204 172 171
    119 161 77 23 166 195 110 223 163 213 18 54 5 139 77 208 84 92 244
    35 24 15 54 158 237 5 63 72 24 88 101 136 127 181 137 152 98 59 225
    237 44 204 81 157 137 87 62 44 148 207 74 188 10 177 133 233 188 217
    180 199 32 210 6 74 142 163 94 148 229 167 54 238 106 151 198 204
    157 134 20 33 60 247 217 146 219 59 32 151 195 56 30 68 68 146 78
    226 103 133 217 35 54 54 247 155 217 53 234 193 205 78 234 152 255
    30 11 246 88 235 158 11 3 145 71 38 83 181 229 146 217 32 17 183 38
    208 115 5 112 110 77 95 211 202 238 103 160 164 141 58 97 102 221 7
    200 57 228 79 133 12 32 91 66 157 50 63 237 56 183 71 47 160 187 14
    134 72 175 8 66 189 174 148 151 151 59 241 192 237 229 92 253 71 124
    124 184 232 21 121 169 148 75 246 204 69 18 98 210 42 146 184 246
    149 196 121 167 21 198 210 213 232 247 192 143 63 47 29 56 121 94 54
    68 9 30 17 91 83 229 234 121 171 192 160 184 246 130 130 30 154 66
    136 117 203 199 155 250 115 105 71 77 72 127 223 244 250 187 196 20
    133 27 216 18 45 14 183 142 166 78 146 35 100 109 32 81 127 167 189
    167 62 118 60 131 253 8 109 151 202 211 157 29 255 244 100 152 115
    127 30 234 57 110 57 35 113 174 208 91 234 86 169 253 56 223 62 107
    112 107 83 51 163 250 148 228 92 133 60 32 255 74 146 219 35 220 15
    97 145 149 38 198 19 30 205 176 173 156 131 201 197 129 192 150 210
    158 151 226 167 235 50 149 160 5 81 222 253 57 103 142 222 124 229
    42 255 42 36 8 207 101 199 9 24 118 223 127 143 38 6 45 18 174 222
    172 5 20 6 220 45 127 155 38 247 100 241 152 97 136 131 103 115 115
    97 145 240 211 164 57 235 234 44 250 24 231 72 133 171 47 184 113
    107 214 181 23 3 184 234 124 81 181 36 74 123 126 5 161 193 60 82
    250 182 51 89 28 17 18 5 157 121 145 149 9 169 30 211 219 208 113
    249 109 3 167 250 220 24 121 253 142 128 26 157 157 199 6 14 255 80
    104 161 142 47 68 17 44 11 184 53 97 38 139 56 84 255 8 172 161 109
    181 118 95 155 66 54 184 193 140 145 107 17 223 204 216 148 3 121
    241 161 88 231 66 140 36 241 3 45 247 51 103 24 86 72 42 170 223 52
    240 158 248 103 184 201 130 5 145 154 53 24 100 110 172 244 72 208
    134 9 223 12 95 122 229 71 62 190 54 92 223 119 17 48 169 210 225
    137 196 80 27 237 232 86 39 59 54 228 145 47 234 250 237 66 121 143
    161 65 94 48 36 69 234 152 63 36 154 75 205 181 119 167 98 199 134
    142 119 140 71 160 219 190 231 84 163 71 142 161 151 57 196 133 208
    51 255 223 22 251 250 88 85 203 110 127 192 251 41 139 11 247 208 36
    125 26 201 125 149 252 110 60 98 81 101 238 174 45 155 202 88 113
    219 240 158 77 226 66 240 8 6 249 240 154 107 65 195 201 172 231 228
    24 2 107 130 95 51 193 18 214 97 74 217 54 184 252 11 115 253 6 216
    177 88 24 32 44 33 205 69 163 210 226 231 192 103 178 253 183 199
    107 122 95 66 98 122 167 89 14 30 151 80 163 210 223 196 221 156 118
    75 239 42 155 75 181 189 142 216 164 136 202 107 213 41 62 149 77
    113 229 199 41 51 118 183 252 97 30 45 136 183 109 208 152 220 103
    213 91 66 140 109 196 77 107 94 184 60 115 142 74 15 74 196 219 65
    211 2 237 38 124 166 220 56 2 38 167 15 130 74 139 26 146 56 187 15
    122 196 146 27 6 199 234 36 238 192 30 94 243 118 89 228 232 251 189
    32 87 144 101 91 219 111 242 197 184 27 68 142 247 98 183 241 124 63
    109 195 193 157 57 243 219 143 241 195 160 84 187 57 125 169 65 155
    39 213 237 94 91 161 183 246 187 131 26 72 192 63 154 136 253 229 9
    26 109 234 178 80 213 172 32 229 9 234 115 71 91 219 71 211 181 26
    187 83 9 107 155 177 88 106 136 84 92 115 5 152 163 12 23 174 181
    252 68 40 199 138 4 155 243 52 221 229 5 211 61 140 222 98 45 9 122
    54 169 146 38 180 201 196 219 72 11 44 244 33 149 244 84 237 63 208
    104 94 20 75 45 201 95 50 83 98 86 145 68 178 53 18 154 219 216 220
    95 17 112 232 154 146 157 41 213 54 244 38 192 130 178 142 115 155
    30 241 113 48 15 71 161 220 249 232 33 118 39 225 97 249 208 244 241
    231 210 128 110 104 103 8 192 133 216 48 31 164 151 150 246 63 99 33
    60 213 59 88 36 104 208 163 208 36 65 130 17 186 53 148 208 29 163
    181 208 142 101 11 33 223 78 30 23 253 107 23 174 143 180 18 68 199
    142 23 198 68 180 39 32 134 5 21 127 68 163 184 234 228 131 100 238
    89 142 68 110 164 103 66 167 80 181 41 101 66 8 86 29 238 192 208 57
    193 214 172 131 149 68 59 51 121 81 158 193 47 11 253 220 203 230
    135 129 136 95 208 234 119 12 47 107 2 74 240 91 133 229 161 18 140
    241 86 234 18 121 26 8 177 213 228 78 181 57 152 139 231 208 131 247
    146 169 107 48 74 89 115 109 244 222 172 184 193 158 29 250 14 113
    29 124 130 33 74 186 133 98 187 202 202 174 24 9 201 146 12 235 89
    69 95 8 208 24 127 160 164 5 72 219 240 187 39 17 23 158 40 196 246
    167 212 98 46 172 4 125 20 255 236 255 29 56 11 77 100 8 127 195 171
    190 106 228 59 54 155 48 184 89 12 72 83 2 178 240 27 63 42 240 178
    101 160 201 177 238 66 89 234 122 35 88 190 107 234 202 247 97 17 63
    45 222 151 207 210 107 161 59 243 65 12 84 216 192 234 26 249 217 48
    217 88 131 177 47 155 27 247 68 122 237 8 62 68 163 223 204 214 106
    61 45 101 153 73 75 65 185 235 42 97 80 218 175 226 161 30 38 139
    196 66 112 97 84 253 128 226 89 95 110 131 115 240 45 32 124 166 198
    205 20 109 223 223 36 137 42 100 110 48 2 201 237 190 163 77 208 250
    198 247 72 133 148 184 94 51 104 253 74 249 112 131 29 115 56 32 247
    95 232 211 152 238 181 137 211 84 91 163 192 178 56 78 151 151 118
    202 161 134 225 216 158 51 148 206 222 57 211 126 33 213 149 185 101
    29 106 27 21 86 249 72 84 130 137 145 6 213 190 247 192 166 118 11
    140 208 35 196 195 124 155 100 3 62 158 186 109 246 232 18 128 57
    228 163 103 164 66 15 149 41 158 157 24 36 27 39 207 222 80 211 59
    255 228 178 161 204 161 110 169 247 103 253 50 213 14 253 41 216 252
    119 240 171 72 69 38 161 83 94 160 74 92 151 172 20 183 234 38 201
    253 41 99 7 169 252 110 211 142 39 202 33 81 118 196 253 223 249 30
    183 219 192 53 92 42 163 100 124 23 143 124 157 30 154 134 151 217
    220 33 122 8 202 241 6 214 190 15 118 122 8 81 98 189 136 166 146 66
    17 136 195 17 180 187 18 56 202 8 143 192 97 41 69 204 177 181 2 81
    198 161 95 60 97 59 186 214 196 8 83 175 113 250 207 217 36 24 175
    253 30 4 34 218 153 57 78 182 186 97 130 155 217 169 124 77 207 8
    149 139 18 202 11 106 178 178 63 207 174 92 128 204 116 240 92 62
    249 59 250 190 21 169 198 110 202 255 27 166 140 244 98 51 115 45
    158 51 208 119 106 78 196 222 84 103 204 238 32 131 146 151 148 166
    3 214 38 240 20 198 158 175 133 136 133 32 163 232 47 51 20 149 107
    54 14 51 24 109 95 187 128 225 15 68 190 169 214 6 30 88 201 95 21
    175 243 97 198 199 29 181 57 75 164 45 36 35 187 186 145 235 155 84
    222 222 249 68 54 12 204 118 177 32 18 68 124 88 113 115 8 137 192
    74 217 107 36 121 146 81 106 205 56 62 244 101 121 116 48 23 134 177
    229 68 154 125 107 158 66 222 42 107 187 231 169 164 133 75 210 175
    15 157 195 32 237 198 116 77 62 183 122 166 70 183 194 115 71 65 202
    106 6 77 223 171 143 184 145 62 167 66 38 172 98 48 161 134 24 172
    39 158 113 121 107 210 184 112 56 130 94 9 146 68 116 250 190 72 112
    213 255 100 177 50 229 211 33 210 21 241 6 175 62 33 167 113 154 234
    2 53 112 130 80 80 140 154 89 50 211 17 113 8 255 63 157 53 45 240
    148 109 20 238 23 192 255 41 201 205 59 104 3 24 35 71 10 72 99 225
    75 223 27 229 88 182 117 48 64 229 241 106 220 160 166 15 86 198 20
    107 81 32 161 30 21 139 155 74 47 232 183 190 95 39 255 219 226 30
    136 84 166 66 184 192 148 127 74 27 222 220 134 193 69 253 171 232
    161 12 24 184 208 100 226 184 41 118 56 36 27 88 207 65 110 23 68 51
    235 103 24 115 130 137 146 42 71 152 164 169 106 207 253 130 131 45
    247 249 128 225 6 159 236 84 73 82 228 159 254 178 14 219 175 255 83
    187 69 66 107 23 241 250 244 225 210 68 255 106 246 5 232 86 140 47
    8 240 204 152 89 143 125 216 29 136 142 247 89 181 113 86 207 101 84
    195 237 137 92 193 255 92 189 133 235 211 72 15 44 18 47 142 238 163
    169 60 253 130 158 104 18 100 112 20 244 122 190 250 163 103 39 243
    198 128 62 164 50 163 154 140 122 83 161 147 42 225 156 118 83 224
    178 245 221 48 42 216 5 166 231 145 122 244 223 65 160 134 217 80 45
    175 124 249 145 77 140 127 146 232 199 66 174 15 172 12 8 29 157 75
    234 149 54 160 220 223 57 232 5 113 151 30 226 217 246 41 167 172
    187 54 228 252 130 97 92 122 235 219 225 241 53 198 130 5 62 75 38
    72 42 131 81 50 103 249 21 228 106 137 225 232 33 238 100 193 206
    205 188 107 151 87 50 42 107 101 121 92 199 137 51 81 95 237 5 238
    81 235 89 38 44 50 32 84 116 178 223 75 2 201 113 91 75 184 213 75
    229 172 104 244 39 75 68 91 124 193 174 91 166 98 122 33 27 175 63
    71 134 12 30 201 122 89 56 231 196 98 32 42 77 71 198 27 223 161 24
    192 50 78 9 74 88 228 178 100 92 225 137 6 158 116 88 171 27 178 91
    139 183 199 188 194 5 238 199 145 119 84 237 38 220 23 145 17 44 225
    136 118 63 243 178 89 101 95 65 9 183 121 192 228 45 33 92 247 17 36
    134 178 106 157 17 42 169 247 208 89 160 240 213 137 3 56 75 12 143
    217 24 189 140 145 100 151 204 71 252 202 60 193 81 202 142 74 226
    207 246 243 154 81 154 86 228 237 181 122 88 161 226 2 60 6 17 152
    145 211 198 136 221 230 158 54 159 240 130 2 25 89 67 48 70 155 175
    17 60 106 250 140 38 12 124 59 193 217 202 100 8 235 44 157 186 130
    158 20 18 86 130 113 241 41 50 225 50 169 98 181 97 118 65 69 12 119
    160 33 238 247 196 17 97 228 89 247 243 116 140 172 86 154 26 20 207
    124 241 155 106 175 5 30 29 125 226 106 88 5 164 228 12 216 27 198
    237 140 69 29 207 103 81 166 119 8 131 78 153 126 148 200 204 125
    139 238 192 78 210 155 250 174 163 29 163 15 133 39 5 238 152 140
    202 207 101 39 32 107 14 161 207 115 75 50 45 175 244 106 38 211 189
    56 45 255 36 192 255 247 42 54 243 167 59 100 214 47 195 160 74 116
    17 104 100 29 180 155 74 214 33 41 113 146 12 51 133 189 250 44 211
    59 177 171 98 32 15 195 107 30 211 53 65 72 249 62 241 92 206 199 59
    232 66 51 109 70 178 240 135 106 193 115 125 166 198 198 42 158 238
    77 226 101 115 177 189 169 158 157 17 208 146 51 57 235 158 205 94
    181 15 104 219 216 35 151 208 38 169 112 21 65 133 205 139 119 44 59
    143 133 143 5 103 240 211 3 47 216 9 151 172 109 56 80 44 234 9 95
    100 232 133 161 145 136 164 113 122 186 41 51 14 125 250 60 198 201
    202 169 228 224 222 54 107 41 152 45 31 127 128 174 107 172 5 255
    112 148 29 103 214 148 164 226 202 174 11 225 148 195 21 21 17 133
    226 199 250 240 152 214 139 155 187 213 92 134 6 193 134 30 98 149
    18 183 152 187 20 220 161 211 164 30 195 101 121 205 9 240 94 98 143
    164 152 35 177 124 207 88 246 152 110 33 94 45 133 223 172 184 30
    133 26 75 118 131 172 113 219 139 181 241 42 5 43 121 77 88 159 55
    122 231 209 147 10 100 186 77 127 98 42 12 112 235 101 140 48 5 47
    163 167 75 51 140 255 100 213 80 252 59 21 48 113 39 72 84 222 240
    74 125 145 14 234 190 169 237 83 60 252 72 104 110 187 183 113 211
    255 56 169 157 237 11 247 252 42 65 121 106 124 125 255 220 107 184
    171 14 23 74 174 214 122 152 119 45 158 103 253 41 100 103 128 56
    105 219 84 112 33 191 196 33 47 63 166 213 121 157 54 222 130 202 24
    75 127 143 84 8 63 250 68 166 42 238 45 211 223 243 199 112 140 189
    5 238 66 60 110 39 2 163 205 92 202 220 103 2 171 89 36 44 6 57 62
    175 86 14 33 116 121 228 56 235 50 151 211 112 106 68 66 155 45 184
    166 63 38 30 237 213 240 6 202 199 95 142 196 195 81 8 133 130 172
    167 198 152 237 12 232 229 209 44 207 10 189 76 205 232 247 125 187
    136 148 184 110 201 158 222 249 65 133 118 65 56 121 130 229 81 92
    50 81 190 119 180 238 48 30 26 125 190 235 95 130 50 130 5 163 193
    213 219 88 12 229 154 23 130 107 2 63 158 216 223 139 38 172 189 116
    174 6 21 192 167 222 196 84 190 225 249 174 186 142 164 63 249 223
    189 44 95 33 231 14 255 81 143 186 45 239 82 54 231 218 102 36 46
    173 50 14 65 53 146 120 69 211 17 97 233 109 76 250 181 179 245 119
    48 8 91 56 216 155 220 95 147 194 176 223 23 230 72 191 110 129 103
    106 36 148 168 82 110 83 234 39 70 147 164 149 170 181 80 178 180 82
    90 35 222 45 185 182 178 229 226 59 166 113 175 189 2 69 186 67 188
    101 101 81 61 229 62 207 97 237 12 60 133 7 37 132 146 30 81 103 57
    63 16 222 198 173 76 32 228 20 67 85 158 68 33 105 231 224 101 62 91
    96 191 92 164 25 164 188 186 200 159 93 120 115 145 191 175 227 167
    192 154 232 112 189 111 252 20 57 191 18 118 183 65 15 56 176 187
    138 253 250 13 173 116 209 102 141 17 111 96 220 148 135 5 61 94 132
    197 24 252 252 53 56 68 208 250 140 196 166 148 215 173 49 62 91 76
    58 68 64 179 130 100 54 31 86 215 206 154 48 23 201 117 70 45 193 40
    65 207 127 178 180 118 168 134 81 66 224 171 182 116 235 188 9 192
    202 30 115 219 152 77 86 21 255 171 150 98 160 56 216 142 23 118 82
    129 58 87 17 211 253 189 22 24 79 82 76 98 14 195 156 59 24 79 82
    227 137 254 131 166 44 242 189 196 52 147 95 254 126 149 61 62 117
    35 229 15 161 179 207 137 45 49 157 240 51 168 222 103 103 38 159
    223 242 191 35 232 85 161 7 106 224 72 183 4 241 29 73 102 241 23 81
    32 252 74 236 94 127 241 148 201 121 245 130 75 81 149 76 252 104
    184 228 248 42 21 128 66 221 68 225 247 98 179 77 23 224 130 229 250
    170 199 76 218 248 0 89 254 118 96 146 171 218 153 180 82 93 153 147
    197 30 100 41 242 128 107 79 234 220 193 0 61 238 154 90 101 227 237
    45 235 118 242 239 199 89 212 59 121 195 170 61 27 245 14 255 76 182
    208 116 197 39 176 186 218 217 4 125 158 176 30 68 199 167 157 135
    199 27 18 152 146 89 238 18 231 39 88 248 198 122 20 119 41 66 212
    137 166 195 112 235 34 151 146 73 179 150 217 149 241 85 44 197 236
    114 150 8 171 134 153 43 92 67 124 231 179 187 210 246 97 64 88 156
    249 73 144 251 76 99 33 164 118 86 90 86 133 254 41 133 152 69 137
    63 91 39 208 114 86 113 91 16 33 195 230 163 234 4 117 177 94 209
    254 179 226 212 34 213 255 34 217 205 56 127 115 118 42 242 26 161
    34 235 230 113 226 83 139 41 130 148 243 131 179 85 57 254 217 53 99
    25 246 130 160 202 3 165 18 160 224 69 197 190 31 13 20 139 65 216
    122 43 254 113 74 235 120 115 169 66 119 75 248 176 0 161 207 9 173
    164 251 247 158 231 153 40 145 84 240 26 161 134 37 109 199 2 70 250
    167 113 159 186 68 208 248 165 50 26 247 137 39 126 8 118 22 141 128
    62 211 120 116 162 188 83 207 195 231 7 72 44 235 248 152 13 178 88
    2 197 255 219 97 235 173 66 178 244 6 151 147 99 93 127 238 222 200
    146 4 193 34 82 87 6 83 148 182 229 192 13 17 131 253 137 253 247</data></your_img>
</opencv_storage>
