<?xml version="1.0"?>
<opencv_storage>
<L2_diff>8.3683929162055961e+01</L2_diff>
<r>5</r>
<test_img type_id="opencv-matrix">
  <rows>50</rows>
  <cols>100</cols>
  <dt>u</dt>
  <data>
    203 251 141 110 98 205 30 165 119 215 243 66 19 41 65 216 98 192 7
    106 81 21 134 61 119 235 59 95 25 88 88 90 172 188 5 244 193 214 31
    38 34 1 108 139 245 121 254 146 47 169 152 9 122 180 127 34 242 126
    28 95 16 205 54 139 105 90 156 244 25 178 232 131 172 168 81 29 141
    48 169 91 89 202 131 169 155 235 47 243 23 202 130 207 4 109 190 158
    102 227 206 84 223 27 15 178 186 191 124 2 223 36 117 98 28 37 32 67
    187 35 249 174 34 121 169 98 242 142 129 205 173 198 145 30 160 14
    98 213 107 60 129 248 7 145 170 4 192 25 115 142 199 165 58 110 39
    53 130 26 51 68 33 171 200 22 238 214 69 213 70 121 130 225 164 69 9
    187 62 96 85 194 135 7 47 16 180 83 107 48 41 114 141 110 213 70 183
    3 126 137 44 55 21 145 133 74 82 152 254 209 115 129 75 221 242 41
    242 230 13 42 212 68 22 115 179 141 112 148 172 211 216 9 30 147 153
    131 102 214 210 213 53 46 221 245 96 126 230 169 16 53 235 205 129
    158 102 52 254 235 187 124 0 213 236 225 30 65 148 77 52 132 112 78
    157 26 140 199 61 45 119 234 215 125 170 58 67 145 153 92 46 70 141
    225 34 58 198 160 87 32 80 9 179 191 243 50 165 163 188 222 217 242
    170 245 153 76 252 135 89 152 91 225 97 116 67 115 26 151 11 13 244
    215 14 205 207 64 202 81 70 188 192 170 239 155 224 168 55 130 121 2
    210 194 102 13 54 37 111 167 80 52 4 11 77 28 114 16 252 174 8 95
    180 231 248 81 115 154 199 54 236 237 80 14 40 125 94 61 129 77 209
    138 71 165 103 163 17 12 13 114 128 233 208 142 6 128 142 67 26 17
    11 155 62 127 244 252 177 14 93 101 54 131 43 253 117 65 6 180 85
    164 218 220 235 236 148 165 160 160 111 219 121 107 107 229 178 118
    83 0 67 87 112 206 69 65 240 227 189 45 203 128 236 15 44 209 91 155
    217 61 191 188 207 191 113 91 22 139 151 2 12 199 203 151 129 221
    102 90 189 136 159 93 65 119 73 112 124 134 197 119 228 45 32 182 34
    249 65 46 42 38 230 65 31 25 241 212 80 62 170 4 45 169 237 168 211
    22 78 192 248 140 157 95 106 173 46 85 120 17 177 26 32 102 206 99
    19 130 80 243 20 23 232 110 188 223 219 15 186 189 236 64 65 69 197
    6 183 66 113 207 103 40 211 160 199 126 97 115 25 74 195 204 108 148
    82 105 71 115 195 249 160 9 210 227 166 111 128 112 163 112 247 54
    169 182 110 227 224 206 218 147 239 69 56 42 204 188 111 182 230 59
    133 149 245 179 225 155 59 222 177 145 125 190 145 233 78 42 103 2
    208 214 20 217 109 93 103 233 119 189 127 127 228 88 225 43 55 246
    236 23 178 14 143 156 11 228 70 149 112 131 123 157 125 21 249 83
    137 211 131 149 244 85 25 234 189 113 67 9 116 10 36 106 230 229 250
    16 11 31 60 123 117 186 134 108 29 73 170 9 232 117 77 186 137 174
    22 9 182 247 193 128 74 72 249 88 104 58 195 215 220 5 22 99 177 219
    126 197 88 230 142 174 227 210 212 195 182 173 0 107 139 212 228 62
    71 53 26 81 82 202 22 111 164 21 245 175 253 217 6 70 60 89 117 202
    76 170 195 163 158 218 135 93 168 189 137 172 247 36 196 200 6 31 14
    186 252 65 182 239 90 199 18 234 7 130 109 143 147 239 68 158 37 206
    153 191 186 84 79 35 242 173 111 210 183 249 108 201 141 209 236 138
    42 40 80 239 171 160 183 113 230 79 116 142 209 28 81 115 77 230 226
    248 127 231 178 44 49 151 29 224 127 60 7 11 106 162 66 255 203 19
    49 112 107 8 15 219 214 7 248 133 246 221 206 56 18 65 94 169 157
    248 92 187 227 171 166 48 20 245 136 69 35 209 57 141 100 153 45 131
    95 164 168 234 71 208 188 92 75 17 242 144 11 142 135 137 212 49 125
    244 115 77 178 31 41 81 77 149 198 154 59 139 37 124 176 244 234 95
    6 187 128 203 52 253 215 238 158 24 126 80 5 113 240 238 55 111 98
    71 63 180 23 105 11 112 91 238 136 157 132 76 146 88 181 177 141 86
    119 152 176 150 40 172 19 79 5 149 80 98 104 100 176 209 74 140 166
    60 177 229 78 200 69 200 71 143 30 137 121 62 72 249 24 202 185 201
    173 226 12 168 77 176 90 176 201 193 161 147 48 210 188 101 135 7
    162 199 184 156 30 122 150 172 171 46 118 164 200 117 27 236 187 39
    82 51 130 238 140 154 164 226 127 93 239 17 223 87 138 42 34 255 167
    226 244 170 216 180 184 231 105 40 22 226 101 126 9 241 3 113 88 228
    38 116 162 192 18 115 11 156 186 135 45 2 238 245 91 223 212 74 97
    97 145 76 129 16 198 109 198 83 29 52 239 229 183 56 223 184 116 165
    168 167 238 87 100 143 242 92 19 62 206 237 77 196 222 20 230 31 43
    196 12 42 220 20 224 161 10 172 188 101 94 191 85 147 32 203 36 117
    189 219 188 89 137 82 118 39 107 97 70 171 133 148 5 176 38 211 120
    19 214 238 106 237 45 245 21 202 75 91 249 54 8 225 119 119 99 15
    252 92 150 153 2 65 197 54 148 1 70 240 125 242 224 109 152 31 82
    246 183 35 98 210 66 182 138 44 185 206 39 248 40 6 56 89 160 183 13
    91 133 105 112 99 175 99 57 131 49 23 73 194 95 241 33 135 84 20 115
    146 190 158 17 29 24 108 217 161 77 197 99 93 216 47 24 254 65 45 42
    168 36 64 139 242 175 236 44 159 19 224 140 73 171 8 48 129 224 38
    162 176 242 169 196 169 90 11 62 157 58 205 150 194 93 124 2 53 215
    23 198 119 255 155 69 162 36 68 242 33 112 50 8 70 36 98 78 242 96 9
    201 17 219 107 18 170 254 15 146 136 188 206 81 118 158 23 216 198
    90 146 49 168 128 24 129 178 12 32 30 144 8 39 159 119 135 124 8 31
    136 222 181 95 11 49 185 179 202 13 184 185 129 143 131 49 139 199
    121 204 251 65 37 8 48 63 6 229 29 36 100 113 124 98 26 1 88 227 150
    9 196 190 137 237 188 203 175 103 241 234 67 50 41 90 93 232 92 158
    88 70 206 187 171 254 123 68 63 104 135 170 46 131 132 248 20 80 151
    113 158 196 202 249 238 125 253 12 79 61 102 9 126 187 189 146 28
    108 10 88 48 48 103 193 59 87 218 38 52 19 84 79 77 255 46 220 253
    214 112 127 244 72 83 115 224 19 24 134 137 163 149 224 104 229 213
    28 51 192 114 230 6 149 82 49 210 93 205 56 250 22 208 89 43 151 158
    9 229 91 84 231 35 42 132 39 165 46 101 206 20 115 234 169 183 90
    186 199 16 130 42 30 163 64 147 225 127 53 29 175 21 181 211 47 149
    217 70 79 217 13 245 144 93 185 52 91 111 126 50 54 43 134 160 162
    142 52 75 79 241 189 232 74 131 27 191 113 97 192 251 78 122 83 103
    47 165 225 238 214 20 117 42 84 80 241 71 181 142 85 111 27 40 214
    43 110 117 123 250 207 113 208 39 34 30 254 166 72 29 142 76 37 131
    135 137 103 15 90 47 160 195 47 197 167 124 207 126 19 140 159 101
    159 56 12 7 125 108 12 90 120 41 9 36 174 91 63 191 42 171 177 59 9
    169 236 146 252 250 182 205 173 230 178 62 132 28 65 198 232 254 218
    13 105 215 121 118 76 154 86 135 119 201 164 210 203 75 223 83 37 66
    65 188 69 250 144 7 170 74 251 129 178 250 220 88 105 64 110 141 185
    50 58 17 121 89 144 106 218 238 184 73 241 219 147 196 213 50 161
    187 211 68 255 67 191 231 117 109 67 11 43 49 124 172 171 168 94 144
    154 188 68 16 144 94 132 93 139 255 243 172 202 31 63 3 104 142 47
    180 166 188 171 60 218 63 62 180 1 49 155 62 242 59 11 44 87 197 226
    125 70 36 75 160 106 87 67 137 201 227 245 53 54 218 67 126 42 249
    166 99 148 248 167 242 205 95 191 92 8 211 71 184 25 178 82 2 98 213
    244 208 156 235 115 77 230 115 169 192 185 242 37 175 189 226 179 50
    159 19 17 26 192 18 141 172 203 250 73 2 145 176 40 186 182 52 198
    239 48 244 111 1 123 123 33 218 120 51 185 4 240 220 49 140 164 6 8
    166 242 178 48 161 24 118 169 59 163 251 128 201 142 205 81 207 4
    202 8 165 160 4 126 56 247 110 31 180 255 235 180 254 224 225 192
    180 111 200 0 52 141 93 35 224 253 208 175 62 237 194 76 208 60 28
    126 159 167 62 154 220 157 176 3 18 34 169 0 134 77 202 68 30 220
    127 208 171 54 53 21 12 193 124 78 187 251 11 134 98 112 242 69 128
    22 9 151 152 143 98 55 103 151 63 112 208 240 22 58 223 61 15 84 30
    67 187 167 97 205 42 222 200 121 158 96 66 147 241 158 239 184 81 44
    239 7 168 250 191 224 108 108 120 124 60 161 39 151 43 251 93 129 27
    66 246 111 141 25 71 133 119 207 237 1 118 0 12 226 220 129 142 231
    113 191 32 24 223 144 170 16 145 152 246 98 110 101 122 78 17 229 10
    76 104 134 75 82 18 218 66 137 85 5 45 161 33 212 215 225 227 145
    225 17 219 124 24 152 80 132 121 92 242 124 23 62 80 21 119 11 248
    229 202 122 19 23 2 38 246 53 193 215 46 173 207 225 22 38 160 33 25
    24 95 201 75 20 203 234 148 199 130 30 65 230 100 37 223 96 145 58
    17 7 72 133 241 47 134 125 140 217 85 145 127 182 168 131 16 101 90
    225 223 44 57 161 11 92 254 85 88 40 148 164 120 79 111 58 231 201
    52 194 2 133 167 176 203 49 204 22 90 121 126 111 211 0 32 103 15
    194 156 111 40 235 220 168 80 38 165 18 161 66 180 41 67 120 130 198
    168 143 136 222 248 31 187 91 142 140 127 232 14 101 60 232 11 126
    87 189 9 48 18 201 61 255 27 37 47 247 202 241 88 36 18 112 99 241
    227 128 230 9 75 235 201 16 89 242 239 86 154 166 70 28 121 9 100
    241 114 155 196 197 162 214 237 92 208 118 240 28 137 126 164 54 211
    9 35 183 113 221 20 188 103 163 217 18 114 255 108 155 154 145 96
    152 110 81 178 231 16 0 74 48 8 78 136 229 68 201 75 208 151 9 28
    184 28 195 243 118 131 50 102 192 35 59 29 211 226 124 50 189 252
    221 154 98 114 225 96 54 195 85 164 225 229 19 78 149 195 103 232
    158 222 17 250 22 221 9 104 170 95 203 139 127 203 169 187 196 177
    36 162 46 178 100 219 196 113 100 137 237 28 231 233 87 27 197 190
    201 132 128 146 166 25 212 138 109 249 30 32 3 190 29 188 204 138
    135 163 35 180 151 76 115 94 199 131 247 22 227 47 49 47 83 31 147
    164 254 167 12 158 36 16 143 24 105 242 243 186 114 191 237 27 166
    45 171 74 67 54 70 68 218 88 159 92 198 178 112 141 219 218 20 68 50
    112 128 70 113 199 186 186 252 94 153 87 66 87 208 240 58 51 18 184
    59 227 80 239 159 230 12 103 213 28 227 180 199 130 94 185 147 222
    165 112 104 255 123 109 21 198 113 66 30 23 98 25 197 44 150 237 12
    62 70 80 182 95 21 24 144 11 123 96 236 206 17 202 6 112 90 177 63
    251 71 12 219 179 117 217 106 125 244 121 120 194 2 176 136 12 27
    131 122 86 13 21 73 57 31 242 13 154 192 109 91 62 22 49 167 98 206
    111 101 35 233 108 143 15 18 100 98 186 134 170 15 116 127 242 69 19
    234 127 79 243 186 5 217 124 224 105 104 82 2 234 54 32 57 120 11 85
    230 233 52 175 44 64 151 0 29 42 116 152 192 135 136 86 221 213 234
    41 56 130 45 129 96 158 144 25 19 98 201 99 166 155 66 106 168 18
    105 103 217 136 180 106 106 168 167 69 108 226 60 24 148 70 16 26
    125 249 218 37 88 78 18 192 169 152 96 65 79 156 167 236 10 108 213
    78 158 14 17 201 219 241 165 104 179 114 226 178 157 95 187 150 46
    29 102 166 217 196 194 77 64 187 126 166 54 0 133 227 27 227 4 81 3
    126 74 246 172 224 241 166 104 112 126 232 211 67 228 5 51 77 134
    123 39 84 93 48 38 15 146 240 175 172 208 154 134 123 72 175 197 33
    180 172 2 31 141 57 240 63 120 11 105 69 75 103 18 166 190 252 109
    241 67 76 214 218 238 55 120 2 148 2 27 190 129 104 222 227 186 52
    50 81 101 222 23 157 203 124 135 63 6 102 216 214 12 74 253 60 173
    93 210 254 107 9 41 47 72 162 174 166 72 157 7 233 123 111 121 34 51
    255 24 200 54 222 165 210 229 82 189 32 135 163 19 137 214 27 250 24
    164 207 31 97 150 2 31 42 106 249 78 244 146 52 120 79 70 131 221
    227 253 82 181 251 184 23 103 85 150 16 145 62 64 172 207 66 121 128
    37 140 140 137 182 16 96 139 173 63 99 138 130 246 58 148 186 80 210
    183 237 231 242 32 86 248 193 150 144 110 186 115 66 62 171 229 86
    55 59 228 170 45 151 157 30 103 184 104 149 26 72 112 156 58 80 141
    7 69 18 133 119 29 42 145 127 209 93 254 7 10 180 90 184 247 75 97
    77 180 0 188 82 129 13 243 198 254 6 177 94 201 55 13 178 211 217 96
    223 107 255 154 221 115 125 198 244 206 101 118 112 31 137 13 185
    123 227 61 170 144 98 27 108 23 165 181 54 242 163 110 179 64 129 84
    201 247 104 8 8 140 85 240 112 85 158 182 15 8 216 204 248 183 85
    192 232 23 42 246 201 80 126 65 155 157 89 240 189 174 26 60 26 62
    51 172 29 54 179 61 134 155 12 199 161 200 113 248 15 153 172 205 16
    134 139 235 242 141 173 109 202 157 163 169 139 145 122 213 46 242
    199 218 139 216 204 214 227 20 27 98 40 59 75 42 107 78 203 108 93
    203 156 252 184 204 39 14 131 152 247 135 182 173 157 141 99 177 249
    21 190 7 11 132 55 28 126 121 114 192 106 61 211 218 117 240 180 196
    181 117 12 1 165 149 76 234 242 251 123 113 233 161 8 181 151 163 86
    103 233 248 91 196 225 88 102 154 133 51 39 50 56 211 232 57 38 77
    49 184 205 152 68 71 35 157 213 52 217 197 213 132 182 170 127 247
    197 8 155 221 61 124 238 140 196 128 68 61 58 193 94 251 145 130 28
    111 107 53 12 235 171 152 54 32 94 30 47 125 120 103 244 196 33 23
    124 101 222 50 231 91 225 45 191 246 132 136 179 45 28 174 144 158
    53 222 48 74 176 152 165 108 222 188 197 163 95 141 192 209 178 94
    98 25 113 1 171 145 46 86 169 189 161 226 132 55 211 30 95 4 249 71
    102 40 176 85 88 20 102 127 19 178 154 8 220 188 31 223 128 114 194
    159 22 247 189 117 113 22 79 201 20 194 192 226 221 198 183 76 207
    28 91 245 164 52 9 187 168 126 0 160 47 37 183 17 143 185 65 206 136
    91 178 188 10 233 215 102 245 121 255 67 64 35 42 51 211 116 247 57
    142 166 98 79 11 127 107 5 197 112 4 1 82 17 133 95 239 240 15 229
    208 101 61 76 18 147 21 37 241 15 20 182 139 231 55 103 64 81 127
    250 127 163 60 104 234 220 194 188 199 172 181 45 196 55 238 14 110
    74 110 122 184 234 163 94 204 123 45 144 78 244 160 171 242 119 197
    45 34 177 21 194 212 178 25 172 77 10 138 199 39 176 54 245 171 24
    90 157 167 201 237 164 120 179 244 102 93 156 109 177 139 158 121 72
    134 16 83 53 203 58 228 91 2 121 81 45 192 89 148 87 79 231 178 12
    108 252 206 119 61 21 152 132 52 154 88 196 84 75 120 194 110 224
    230 197 28 254 117 139 228 106 173 124 17 47 117 164 32 72 221 67 79
    111 227 152 171 17 46 27 161 0 249 117 66 165 242 32 27 105 7 45 156
    196 135 197 40 86 100 230 219 68 161 128 216 160 60 93 152 228 117
    104 191 135 211 135 86 61 15 241 119 52 49 59 20 133 65 114 158 65
    88 38 107 109 128 69 77 165 216 27 128 219 187 103 57 216 185 210 58
    41 127 236 253 64 135 139 156 31 3 189 81 35 10 6 174 135 70 8 216
    231 230 146 111 246 219 94 151 157 169 128 118 32 183 10 203 18 131
    6 151 75 188 67 225 239 15 95 143 144 113 34 171 236 182 186 254 234
    38 16 114 216 246 71 238 61 16 9 145 104 240 181 41 35 77 80 115 44
    33 7 155 209 167 193 9 8 172 58 160 81 213 63 18 63 43 76 248 225
    104 230 229 124 96 181 205 23 219 217 234 150 24 96 102 147 42 234
    105 209 243 15 247 2 108 13 177 200 158 93 143 63 99 248 76 201 110
    156 15 231 189 14 97 226 40 0 17 249 78 141 23 243 189 210 72 226 29
    84 149 224 192 19 238 43 159 74 248 126 238 234 72 138 207 47 101
    117 30 204 122 137 206 170 244 152 49 86 159 181 196 53 240 248 161
    57 136 105 204 218 160 229 38 137 111 11 222 188 107 3 105 28 248 97
    231 238 213 127 129 71 152 171 148 148 79 164 233 11 99 200 48 89 38
    103 80 157 30 17 223 197 190 28 68 221 115 176 105 222 179 34 59 58
    252 8 117 238 138 130 135 33 38 227 248 109 68 37 110 98 128 23 23
    231 73 126 240 28 180 192 73 206 192 71 195 124 35 148 170 212 51
    100 140 27 193 138 2 61 209 225 247 149 207 54 155 253 221 117 160
    132 10 58 41 75 95 107 32 90 41 123 13 204 118 99 164 141 46 26 204
    170 103 34 197 36 177 48 250 144 251 109 209 1 162 161 17 213 29 76
    211 220 123 6 113 248 248 48 84 0 230 211 44 208 69 221 157 109 138
    76 150 106 1 110 186 57 105 173 109 203 225 70 42 249 120 102 179 67
    39 15 201 110 34 59 246 216 88 170 72 155 65 241 194 40 133 103 125
    232 167 107 48 13 157 214 17 101 113 69 30 206 207 183 218 178 140
    151 113 29 142 58 239 172 180 136 124 90 136 133 185 93 102 219 25
    92 66 242 215 193 29 215 172 252 244 207 12 122 54 124 253 58 240 93
    148 172 232 166 99 245 87 179 226 153 140 242 147 6 136 85 65 94 60
    227 121 197 190 181 205 64 243 140 146 158 64 206 223 52 117 10 6
    249 232 142 88 46 5 208 76 235 92 83 158 27 12 130 60 214 223 239 99
    128 119 69 75 137 74 86 151 85 211 230 160 79 49 106 121 222 237 175
    21 140 20 59 241 150 190 188 8 161 106 234 117 192 111 124 128 26
    231 171 22 155 113 20 233 2 134 220 53 86 134 243 46 74 121 219 149
    31 229 55 113 178 168 188 5 121 155 51 144 204 12 123 23 18 23 203
    210 119 225 13 250 134 195 109 179 207 209 91 85 238 1 169 175 43 51
    177 148 25 217 161 63 174 160 158 72 143 28 220 134 96 17 65 57 194
    109 169 47 147 133 83 140 52 0 80 61 70 198 19 74 87 127 33 97 0 30
    204 165 46 172 195 41 60 78 83 221 116 40 198 101 114 241 141 198
    200 174 169 227 117 215 250 6 186 105 174 129 108 202 61 191 187 190
    6 76 152 250 125 101 200 237 245 227 215 205 50 169 118 223 141 14
    251 120 18 97 212 213 99 235 148 68 229 42 144 233 40 123 20 137 244
    197 194 55 234 223 34 28 106 187 156 150 134 16 248 104 161 151 27
    123 244 124 32 41 215 115 4 195 90 83 195 72 71 169 31 209 189 78
    187 32 17 158 17 250 179 78 189 18 51 72 96 169 18 147 103 24 222
    234 152 71 20 104 25 227 163 170 151 244 77 139 63 247 67 181 124 8
    220 196 55 2 43 174 173 65 248 1 223 65 144 127 49 204 229 4 148 66
    179 66 10 170 235 180 206 174 26 253 194 150 199 120 104 110 71 230
    244 201 51 255 39 119 121 241 164 24 229 121 38 216 255 53 229 65 35
    132 49 90 148 15 140 88 222 36 97 44 125 230 140 197 172 112 111 48
    27 84 210 22 95 173 90 68 199 234 24 133 124 229 5 167 232 2 143 232
    113 230 196 124 101 211 33 20 234 244 234 52 11 208 255 246 251 24
    120 161 219 4 164 253 199 52 194 76 248 182 237 212 78 50 130 208 44
    35 55 62 41 37 199 210 80 32 146 88 173 79 73 56 74 129 35 22 229
    159 45 80 127 174 112 13 27 251 226 96 7 189 166 144 223 247 73 204
    211 67 229 41 155 124 54 43 100 72 22 189 190 251 96 219 47 183 66
    206 115 154 191 76 43 53 135 74 38 83 217 58 25 97 68 230 198 144
    112 198 181 123 103 152 203 2 219 130 51 153 97 186 56 70 128 160
    185 24 175 28 234 131 145 190 71 95 25 250 25 85 27 136 71 127 167
    254 152 155 56 87 250 44 187 205 44 223 206 1 242 255 182 101 67 112
    111 44 243 194 227 191 220 139 45 32 189 178 21 36 136 41 175 0 196
    43 93 223 66 93 118 103 81 187 135 140 170 236 0 240 223 69 171 49
    15 74 83 79 164 233 191 64 86 224 33 107 250 247 7 13 224 181 158 53
    251 172 75 71 204 217 157 250 191 92 187 83 65 117 55 136 228 244
    179 232 215 48 239 86 243 0 204 19 78 64 112 162 212 52 165 55 11 3
    147 13 203 49 150 255 78 58 62 7 32 58 5 58 218 184 148 158 142 244
    52 155 146 206 93 227 177 66 252 4 20 58 175 125 102 157 15 92 254
    118 117 168 220 203 98 179 242 139 49 37 168 45 144 43 184 245 178
    149 192 54 138 240 126 210 252 226 8 103 138 105 67 62 85 156 82 141
    61 179 250 132 213 156 41 226 25 74 165 94 165 223 147 237 133 26
    166 180 39 140 219 143 251 50 141 122 67 93 128 163 42 175 104 89
    213 235 182 99 93 34 119 90 176 51 134 136 123 228 68 203 184 77 181
    123 31 67 136 23 251 224 222 161 119 175 76 32 18 222 26 254 13 236
    173 134 142 49 176 42 33 175 151 18 44 220 42 157 229 41 173 151 150
    161 186 163</data></test_img>
<my_img type_id="opencv-matrix">
  <rows>50</rows>
  <cols>100</cols>
  <dt>u</dt>
  <data>
    203 251 141 110 98 205 30 165 119 215 243 66 19 41 65 216 98 192 7
    106 81 21 134 61 119 235 59 95 25 88 88 90 172 188 5 244 193 214 31
    38 34 1 108 139 245 121 254 146 47 169 152 9 122 180 127 34 242 126
    28 95 16 205 54 139 105 90 156 244 25 178 232 131 172 168 81 29 141
    48 169 91 89 202 131 169 155 235 47 243 23 202 130 207 4 109 190 158
    102 227 206 84 223 27 15 178 186 191 124 2 223 36 117 98 28 37 32 67
    187 35 249 174 34 121 169 98 242 142 129 205 173 198 145 30 160 14
    98 213 107 60 129 248 7 145 170 4 192 25 115 142 199 165 58 110 39
    53 130 26 51 68 33 171 200 22 238 214 69 213 70 121 130 225 164 69 9
    187 62 96 85 194 135 7 47 16 180 83 107 48 41 114 141 110 213 70 183
    3 126 137 44 55 21 145 133 74 82 152 254 209 115 129 75 221 242 41
    242 230 13 42 212 68 22 115 179 141 112 148 172 211 216 9 30 147 153
    131 102 214 210 213 53 46 221 245 96 126 230 169 16 53 235 205 129
    158 102 52 254 235 187 124 0 213 236 225 30 65 148 77 52 132 112 78
    157 26 140 199 61 45 119 234 215 125 170 58 67 145 153 92 46 70 141
    225 34 58 198 160 87 32 80 9 179 191 243 50 165 163 188 222 217 242
    170 245 153 76 252 135 89 152 91 225 97 116 67 115 26 151 11 13 244
    215 14 205 207 64 202 81 70 188 192 170 239 155 224 168 55 130 121 2
    210 194 102 13 54 37 111 167 80 52 4 11 77 28 114 16 252 174 8 95
    180 231 248 81 115 154 199 54 236 237 80 14 40 125 94 61 129 77 209
    138 71 165 103 163 17 12 13 114 128 233 208 142 6 128 142 67 26 17
    11 155 62 127 244 252 177 14 93 101 54 131 43 253 117 65 6 180 85
    164 218 220 235 236 148 165 160 160 111 219 121 107 107 229 178 118
    83 0 67 87 112 206 69 65 240 227 189 45 203 128 236 15 44 209 91 155
    217 61 191 188 207 191 113 91 22 139 151 2 12 199 203 151 129 221
    102 90 189 136 159 93 65 119 73 112 124 134 197 119 228 45 32 182 34
    249 65 46 42 38 230 65 31 25 241 200 70 44 145 4 46 164 230 158 207
    17 80 200 251 141 156 72 84 169 42 67 105 17 171 25 36 78 200 78 11
    139 76 244 21 27 228 118 188 211 211 23 183 183 232 76 82 84 202 8
    200 82 126 207 97 40 207 152 188 114 86 93 21 57 198 219 110 152 86
    105 74 124 202 251 171 11 225 234 185 110 139 114 179 118 255 55 177
    185 103 232 228 206 218 147 239 69 56 42 204 188 111 164 223 42 103
    129 244 177 221 143 55 223 179 135 120 202 137 232 51 40 78 2 202
    211 23 221 82 63 84 242 112 179 139 139 219 95 219 51 72 253 236 34
    177 21 145 164 17 232 91 166 133 150 135 160 122 19 251 65 126 213
    112 135 247 70 27 240 198 122 65 17 126 19 42 126 232 232 253 19 13
    30 63 137 131 215 152 105 23 70 179 13 234 117 77 186 137 174 22 9
    182 247 193 112 61 44 249 67 91 51 190 209 215 2 15 86 181 223 116
    196 67 232 122 166 230 204 207 181 160 154 2 95 139 200 228 65 70 59
    36 95 99 198 30 124 166 32 247 179 251 221 8 80 70 97 124 202 61 164
    190 158 150 225 124 78 166 196 139 188 249 51 200 207 8 34 19 183
    255 65 192 242 82 211 25 244 4 148 101 152 148 244 59 158 34 206 153
    191 186 84 79 35 242 173 111 200 171 249 76 190 122 198 228 120 32
    21 65 244 179 160 190 110 225 70 114 133 207 36 74 114 57 234 223
    251 131 236 181 46 51 154 42 223 143 67 8 13 110 158 76 255 219 32
    67 129 120 13 23 234 223 4 249 129 242 232 211 46 13 57 91 177 169
    253 97 190 219 166 158 59 32 247 141 67 32 219 51 162 99 175 42 137
    80 166 169 236 82 208 188 92 75 17 242 144 11 142 135 137 213 34 97
    242 95 76 169 19 30 67 63 133 202 152 51 131 25 120 175 253 238 93 8
    188 126 192 48 251 213 244 169 30 135 86 4 131 247 242 57 114 97 74
    59 183 38 110 13 120 103 240 148 162 135 57 148 70 185 188 137 72
    116 162 190 171 59 185 32 86 6 150 80 107 107 101 177 211 70 150 179
    55 188 232 78 209 61 200 70 145 27 137 121 62 72 249 24 202 185 201
    173 221 19 131 55 152 82 162 194 177 133 120 36 211 192 110 131 6
    166 202 190 154 34 133 148 171 162 51 118 152 202 120 34 240 183 42
    95 65 139 244 143 150 169 223 129 99 242 23 228 93 154 59 46 255 177
    240 244 181 221 192 190 236 101 40 23 236 120 150 13 244 2 131 101
    221 46 122 160 192 21 107 15 166 188 150 38 2 238 247 84 219 215 74
    97 97 145 76 129 16 198 109 198 80 30 34 234 225 169 55 221 173 101
    152 156 158 240 84 103 145 247 97 17 61 202 242 76 194 221 21 230 34
    42 202 6 42 217 23 223 175 6 188 198 103 91 194 80 160 48 219 57 126
    207 230 207 99 154 80 112 46 103 101 67 179 135 156 2 196 48 225 135
    30 209 232 114 228 53 240 27 200 80 93 247 51 11 219 122 120 93 19
    253 93 158 153 2 65 197 54 148 1 70 240 125 247 223 95 137 19 80 244
    175 19 95 217 59 173 133 48 194 202 32 247 40 4 59 95 158 190 11 86
    135 99 112 103 183 101 61 137 57 27 82 202 99 244 36 135 76 21 122
    156 196 175 30 46 40 122 232 171 76 215 103 95 228 48 19 255 82 57
    53 179 38 78 135 234 169 223 42 141 19 215 135 72 166 11 42 126 221
    38 160 179 244 181 200 169 90 11 62 157 58 205 150 194 93 120 6 42
    217 11 188 124 255 141 67 156 19 67 240 15 114 53 6 72 30 105 82 240
    107 6 202 15 219 105 19 175 255 15 156 145 196 211 82 112 158 25 217
    200 76 143 48 175 139 38 141 188 23 44 42 152 8 55 175 126 141 139 4
    38 156 238 209 116 15 61 196 188 202 17 179 181 110 141 124 48 139
    200 116 202 251 72 36 17 46 65 11 229 29 36 100 113 124 98 26 1 88
    234 154 8 192 188 131 236 188 202 164 97 236 230 67 55 40 105 107
    223 103 154 93 74 211 196 177 253 120 63 65 101 143 171 48 131 129
    253 19 67 145 103 150 192 202 249 240 118 251 15 86 70 103 6 137 207
    219 166 32 118 15 99 65 70 131 228 89 105 223 42 61 25 93 97 84 255
    34 217 253 217 101 129 242 76 89 112 223 27 30 150 150 163 149 224
    104 229 213 28 51 192 114 240 8 135 80 40 211 105 207 42 249 8 213
    84 40 143 154 17 221 97 84 225 36 46 139 44 171 51 89 209 27 114 232
    166 183 82 185 204 13 116 36 21 164 55 137 223 116 53 36 185 25 192
    223 61 158 232 84 93 234 25 253 162 101 209 80 118 133 137 63 67 46
    133 150 154 131 57 67 80 232 194 232 78 139 36 196 116 101 198 251
    91 141 83 103 47 165 225 238 214 20 117 42 99 91 244 70 166 135 99
    112 17 32 213 38 103 118 131 253 211 137 209 42 32 32 253 175 86 34
    148 74 40 129 139 145 105 19 84 53 145 196 51 196 169 112 211 118 6
    131 156 101 173 65 17 2 139 120 21 101 145 63 15 53 204 103 86 221
    63 194 196 74 11 160 232 145 249 247 175 200 166 221 171 61 150 32
    72 204 232 255 215 23 126 213 121 118 76 154 86 135 119 201 164 210
    202 86 219 84 36 63 65 183 74 249 145 6 166 86 255 150 190 251 219
    97 116 74 126 152 198 61 61 19 112 80 148 107 223 240 188 70 244 232
    137 190 221 48 164 183 213 70 255 76 200 232 129 112 84 15 65 76 152
    198 192 185 126 166 175 211 112 21 164 110 126 101 139 255 238 162
    198 27 57 4 95 148 44 171 160 190 177 59 213 74 72 202 1 49 155 62
    242 59 11 44 87 197 234 133 65 30 78 150 107 93 65 145 188 228 240
    59 67 221 78 160 53 247 171 105 152 244 179 238 198 82 188 86 6 213
    67 190 34 177 76 6 89 217 244 207 154 236 101 78 225 112 175 200 194
    247 53 190 209 238 211 86 185 42 34 40 215 40 166 185 217 247 78 4
    154 173 36 183 175 40 196 232 36 244 110 2 129 139 38 211 133 65 192
    4 240 220 49 140 164 6 8 166 242 178 42 152 19 110 152 53 152 255
    131 200 145 207 78 204 6 194 11 179 171 6 124 55 238 112 34 185 255
    225 171 251 225 225 202 183 112 209 4 59 131 93 40 221 253 215 171
    55 236 188 84 213 59 36 141 173 175 89 181 232 173 192 8 36 53 190 4
    154 99 202 76 30 217 122 196 158 55 42 17 8 194 129 86 173 251 11
    156 112 124 244 67 135 22 9 151 152 143 98 55 103 151 63 107 213 247
    11 48 228 55 6 84 23 67 185 169 101 196 44 223 196 129 156 91 70 145
    238 156 236 181 67 44 240 4 160 253 194 230 97 95 114 112 70 160 44
    158 46 249 89 126 30 70 249 124 152 30 91 152 137 223 247 4 139 4 21
    238 232 145 156 232 110 196 34 21 217 133 156 15 137 141 247 93 110
    110 124 80 21 225 13 78 120 150 74 82 18 218 66 137 85 5 45 161 33
    217 225 232 236 141 234 11 225 129 17 160 80 148 129 91 244 145 27
    65 82 25 112 4 247 217 204 110 23 25 2 40 244 59 196 213 44 162 207
    234 23 42 154 38 21 17 95 207 80 19 213 240 160 213 145 44 99 240
    129 65 236 129 166 89 36 13 97 126 234 57 124 107 131 202 72 137 116
    188 160 139 19 110 89 219 223 38 48 166 15 101 255 85 88 40 148 164
    120 79 111 58 231 207 48 185 2 131 164 173 207 42 211 19 99 124 139
    116 217 2 36 107 21 190 141 112 40 225 215 166 63 40 145 17 141 59
    171 44 57 105 118 196 164 141 133 223 247 27 179 93 145 143 137 234
    13 114 67 238 21 150 116 213 21 78 40 215 91 255 55 59 57 247 196
    236 76 36 17 103 89 240 225 141 234 8 76 238 213 23 101 247 238 97
    166 166 70 28 121 9 100 241 114 155 196 209 158 221 240 95 215 116
    247 27 156 148 177 61 225 11 42 185 133 217 34 177 89 154 202 25 105
    255 89 124 133 124 86 145 99 76 164 238 15 4 72 55 15 84 143 234 72
    209 78 215 160 4 34 183 34 198 251 137 148 84 135 215 63 95 59 215
    225 118 65 188 253 215 150 86 105 217 84 57 198 84 171 221 232 27 82
    164 202 118 234 175 232 17 250 22 221 9 104 170 95 203 139 131 215
    169 185 190 175 44 160 44 194 116 228 196 126 110 158 240 36 225 230
    80 38 190 188 194 126 114 126 145 34 202 126 101 251 38 32 8 196 23
    200 213 143 139 181 40 188 179 84 122 105 207 141 253 23 221 61 72
    63 114 57 169 185 253 181 25 164 51 21 145 25 95 244 244 181 110 196
    242 30 173 46 183 76 65 51 70 61 219 103 185 103 198 178 112 141 219
    218 20 68 50 112 135 82 118 200 177 181 253 107 164 99 70 99 217 244
    55 46 23 188 55 217 70 236 154 221 13 101 209 46 221 177 194 129 84
    179 137 221 158 101 82 255 126 105 17 215 122 74 40 21 105 32 204 46
    171 242 21 84 95 101 190 118 34 36 166 19 129 103 228 202 25 202 2
    103 82 177 57 253 65 13 215 183 120 213 126 139 249 143 133 196 2
    192 136 12 27 131 122 86 13 21 73 57 42 249 13 145 185 110 103 76 21
    53 185 114 217 126 114 44 232 112 141 25 30 84 89 175 126 166 21 107
    112 247 63 25 238 107 65 244 183 6 215 116 232 95 101 80 2 247 59 44
    59 129 8 99 232 238 65 181 57 86 169 4 42 57 139 162 194 135 131 89
    217 211 228 30 46 118 38 133 95 166 152 30 23 105 207 105 175 166 57
    120 183 23 105 103 217 136 180 106 106 168 167 69 107 234 67 23 141
    82 19 32 137 251 228 40 95 80 25 198 173 143 86 61 57 137 156 230 6
    101 215 70 156 13 15 200 221 244 160 80 175 101 234 181 160 76 190
    152 38 30 110 171 225 192 190 89 82 190 143 171 72 4 148 228 36 230
    8 89 4 118 76 238 175 219 236 166 97 105 118 225 211 78 230 2 57 89
    150 133 51 93 99 53 40 13 146 240 175 172 208 154 134 123 72 175 213
    46 188 171 6 42 139 65 238 76 141 8 114 63 70 110 25 158 185 251 97
    238 48 51 211 228 240 51 110 6 150 6 30 198 114 78 223 234 190 51 48
    74 95 234 19 171 215 131 137 74 4 118 223 219 19 91 253 74 177 105
    217 255 110 11 51 48 67 164 179 173 61 158 4 225 116 105 131 44 51
    255 25 209 61 228 173 223 236 84 198 40 135 163 19 137 214 27 250 24
    164 207 44 107 154 6 44 48 118 249 89 240 158 46 131 82 65 139 211
    217 251 74 162 249 171 27 101 74 150 27 148 63 63 181 213 63 105 112
    32 135 137 131 179 13 82 148 175 72 110 152 135 249 70 164 196 99
    217 196 236 228 240 46 97 244 204 154 145 99 177 105 59 55 166 221
    78 46 57 223 171 53 156 160 40 114 196 105 160 25 72 120 169 55 80
    141 7 69 18 133 119 29 42 145 133 228 112 255 8 15 192 105 196 244
    89 112 82 192 2 194 82 122 8 236 192 255 2 164 80 204 48 19 183 219
    223 89 234 89 255 148 219 101 118 198 253 204 101 120 122 42 160 13
    185 141 236 74 177 148 116 40 135 32 169 190 57 242 175 110 179 57
    116 70 209 253 89 8 8 129 72 242 120 86 164 181 17 6 219 213 253 196
    89 209 238 25 42 246 201 80 126 65 155 157 89 240 209 181 40 84 40
    84 67 188 38 72 194 65 143 164 13 209 158 204 107 244 11 129 166 200
    23 131 137 240 253 145 190 112 215 164 166 169 137 145 118 217 40
    251 196 225 158 221 213 223 236 27 32 112 46 59 84 51 122 82 200 114
    93 207 158 253 179 202 19 15 129 150 251 133 177 169 150 141 99 183
    251 30 196 8 17 143 76 36 150 129 120 198 106 61 211 218 117 240 180
    196 181 117 17 4 166 154 101 232 238 253 137 133 228 166 8 194 148
    160 82 93 223 242 61 181 213 63 91 141 124 42 36 44 53 219 242 51 36
    65 40 183 211 164 72 76 36 166 219 61 234 209 221 150 196 183 139
    251 211 11 160 223 63 122 236 145 194 131 67 46 36 192 78 253 135
    120 23 91 82 51 17 242 171 156 76 48 107 42 63 154 133 105 244 194
    33 23 124 101 222 50 231 91 225 45 209 247 135 137 185 67 46 183 150
    169 61 221 51 74 175 145 154 95 211 175 179 133 78 116 177 200 179
    82 89 27 112 4 190 158 36 78 175 188 179 230 141 59 217 25 101 4 255
    76 114 48 190 93 101 25 116 141 19 173 148 4 215 183 17 228 133 103
    192 150 19 249 183 112 105 21 65 200 23 194 192 223 219 202 188 72
    211 34 95 249 171 53 9 187 168 126 0 160 47 37 183 17 143 196 86 219
    139 101 177 196 21 232 213 107 242 131 255 65 55 32 36 40 200 91 240
    44 124 160 91 63 6 131 103 8 211 107 6 4 80 19 141 99 242 247 13 236
    211 112 70 80 17 158 27 40 244 13 23 198 148 232 46 91 65 72 107 251
    120 156 34 74 234 217 190 181 196 164 173 48 200 72 247 19 118 76
    116 126 198 244 175 95 213 126 45 144 78 244 160 171 242 119 197 45
    44 175 34 204 219 175 38 166 97 21 135 207 46 183 59 240 160 27 80
    143 148 188 234 148 99 175 244 91 72 160 110 196 162 175 120 61 139
    17 93 55 200 55 234 95 2 133 97 57 200 101 169 101 91 240 200 13 131
    255 207 110 57 11 135 126 30 141 61 192 65 61 114 192 101 219 223
    198 42 255 129 145 230 103 177 124 25 61 116 169 34 63 221 67 79 111
    227 152 171 17 46 27 162 2 249 118 84 156 247 53 36 110 8 55 152 194
    129 183 36 76 89 219 202 48 143 105 202 150 42 67 152 223 120 105
    215 145 221 143 95 70 13 251 129 46 44 59 17 139 72 124 166 72 110
    42 120 122 143 82 86 171 211 27 129 217 169 95 40 200 164 207 51 36
    120 242 253 63 135 137 156 44 4 190 84 44 11 4 190 148 72 6 223 236
    230 146 111 246 219 94 151 157 169 128 112 46 179 15 207 32 114 6
    131 78 181 74 219 232 19 89 133 135 103 27 160 230 171 173 255 232
    27 13 116 211 251 70 244 63 21 15 162 114 249 185 38 30 93 95 122 46
    32 8 166 228 177 200 8 8 185 63 164 89 204 63 19 59 27 72 247 221 86
    230 230 120 89 173 196 27 217 217 238 156 25 95 103 150 42 242 103
    215 249 19 255 4 108 13 177 200 158 93 143 63 99 248 80 213 118 154
    21 238 183 21 99 232 59 4 25 247 91 139 23 234 185 202 65 215 19 65
    135 213 190 15 236 34 166 65 253 131 238 234 72 150 209 48 112 124
    27 213 137 150 230 190 249 166 57 97 169 185 198 55 236 247 150 51
    126 95 175 204 156 228 23 129 99 11 221 175 99 6 101 32 251 93 236
    249 211 124 131 61 162 177 156 156 78 169 233 11 99 200 48 89 38 103
    80 157 40 23 234 211 196 46 82 223 114 166 112 221 179 44 74 67 251
    6 118 234 124 118 133 27 34 217 251 99 51 30 110 93 143 34 32 232 78
    139 247 36 188 200 86 219 202 82 211 141 40 156 185 225 55 99 139 36
    179 131 2 57 196 221 238 137 192 42 141 255 215 107 154 129 8 65 46
    76 86 114 38 89 42 120 15 213 110 91 171 139 42 19 204 170 103 34
    197 36 177 48 250 144 253 105 213 6 166 164 30 209 48 89 202 215 135
    8 120 244 244 51 91 2 223 200 48 194 61 207 152 97 129 61 148 99 2
    105 194 51 110 181 120 211 232 72 42 255 124 105 188 74 42 19 213
    107 38 55 242 213 89 152 67 141 70 236 160 30 131 97 118 225 158 105
    46 17 143 202 23 95 107 78 36 207 204 190 219 188 133 148 105 36 133
    55 239 172 180 136 124 90 136 133 185 93 107 221 36 107 76 247 219
    194 46 215 171 253 242 207 17 133 67 129 253 65 240 99 150 173 228
    158 93 240 72 171 213 160 148 242 150 6 148 93 72 101 65 236 139 204
    198 185 223 67 244 135 143 152 65 200 221 44 114 15 6 253 232 137 86
    38 6 190 72 232 89 80 156 32 15 139 65 207 223 244 103 133 114 59 76
    135 67 89 148 86 213 228 160 79 49 106 121 222 237 175 21 140 19 61
    236 158 190 190 13 164 110 234 124 185 118 137 139 32 223 164 23 162
    112 19 230 6 131 194 48 74 122 240 44 74 120 204 145 32 236 65 129
    188 171 190 4 129 158 59 139 217 15 114 25 19 27 194 209 107 217 19
    255 114 171 110 162 179 194 91 84 238 4 162 173 42 44 173 145 32 209
    169 61 179 160 150 63 137 23 219 116 89 13 57 57 194 109 169 47 147
    133 83 140 52 2 93 63 76 185 19 84 97 137 44 110 6 36 196 160 59 171
    190 44 80 93 95 217 126 46 190 103 114 236 139 190 200 177 164 228
    124 219 255 8 194 112 166 129 103 209 55 192 181 188 11 76 143 253
    116 93 190 228 238 219 200 183 46 152 112 215 131 17 251 122 30 101
    202 196 103 232 145 76 230 42 145 230 25 97 19 116 244 200 198 42
    234 223 34 28 106 187 156 150 134 16 248 114 173 156 34 122 244 129
    42 55 211 120 6 192 101 93 196 91 84 169 34 202 190 86 190 32 21 164
    19 251 185 76 194 15 46 67 99 171 17 154 110 23 232 244 150 76 13 95
    30 234 158 164 148 244 84 137 55 242 61 166 112 13 207 177 55 6 38
    164 166 76 244 4 217 65 145 122 63 200 234 6 154 67 177 59 11 160
    236 175 207 166 11 253 194 150 199 120 104 110 71 230 244 201 51 255
    39 119 121 241 164 24 229 121 38 216 255 53 229 65 35 132 49 90 148
    15 140 88 222 36 97 44 125 230 140 197 172 112 111 48 27 84 210 22
    95 173 90 68 199 234 24 133 124 229 5 167 232 2 143 232 113 230 196
    124 101 211 33 20 234 244 234 52 11 208 255 246 251 24 120 161 219 4
    164 253 199 52 194 76 248 182 237 212 78 50 130 208 44 35 55 62 41
    37 199 210 80 32 146 88 173 79 73 56 74 129 35 22 229 159 45 80 127
    174 112 13 27 251 226 96 7 189 166 144 223 247 73 204 211 67 229 41
    155 124 54 43 100 72 22 189 190 251 96 219 47 183 66 206 115 154 191
    76 43 53 135 74 38 83 217 58 25 97 68 230 198 144 112 198 181 123
    103 152 203 2 219 130 51 153 97 186 56 70 128 160 185 24 175 28 234
    131 145 190 71 95 25 250 25 85 27 136 71 127 167 254 152 155 56 87
    250 44 187 205 44 223 206 1 242 255 182 101 67 112 111 44 243 194
    227 191 220 139 45 32 189 178 21 36 136 41 175 0 196 43 93 223 66 93
    118 103 81 187 135 140 170 236 0 240 223 69 171 49 15 74 83 79 164
    233 191 64 86 224 33 107 250 247 7 13 224 181 158 53 251 172 75 71
    204 217 157 250 191 92 187 83 65 117 55 136 228 244 179 232 215 48
    239 86 243 0 204 19 78 64 112 162 212 52 165 55 11 3 147 13 203 49
    150 255 78 58 62 7 32 58 5 58 218 184 148 158 142 244 52 155 146 206
    93 227 177 66 252 4 20 58 175 125 102 157 15 92 254 118 117 168 220
    203 98 179 242 139 49 37 168 45 144 43 184 245 178 149 192 54 138
    240 126 210 252 226 8 103 138 105 67 62 85 156 82 141 61 179 250 132
    213 156 41 226 25 74 165 94 165 223 147 237 133 26 166 180 39 140
    219 143 251 50 141 122 67 93 128 163 42 175 104 89 213 235 182 99 93
    34 119 90 176 51 134 136 123 228 68 203 184 77 181 123 31 67 136 23
    251 224 222 161 119 175 76 32 18 222 26 254 13 236 173 134 142 49
    176 42 33 175 151 18 44 220 42 157 229 41 173 151 150 161 186 163</data></my_img>
<your_img type_id="opencv-matrix">
  <rows>50</rows>
  <cols>100</cols>
  <dt>u</dt>
  <data>
    203 251 141 110 98 205 30 165 119 215 243 66 19 41 65 216 98 192 7
    106 81 21 134 61 119 235 59 95 25 88 88 90 172 188 5 244 193 214 31
    38 34 1 108 139 245 121 254 146 47 169 152 9 122 180 127 34 242 126
    28 95 16 205 54 139 105 90 156 244 25 178 232 131 172 168 81 29 141
    48 169 91 89 202 131 169 155 235 47 243 23 202 130 207 4 109 190 158
    102 227 206 84 223 27 15 178 186 191 124 2 223 36 117 98 28 37 32 67
    187 35 249 174 34 121 169 98 242 142 129 205 173 198 145 30 160 14
    98 213 107 60 129 248 7 145 170 4 192 25 115 142 199 165 58 110 39
    53 130 26 51 68 33 171 200 22 238 214 69 213 70 121 130 225 164 69 9
    187 62 96 85 194 135 7 47 16 180 83 107 48 41 114 141 110 213 70 183
    3 126 137 44 55 21 145 133 74 82 152 254 209 115 129 75 221 242 41
    242 230 13 42 212 68 22 115 179 141 112 148 172 211 216 9 30 147 153
    131 102 214 210 213 53 46 221 245 96 126 230 169 16 53 235 205 129
    158 102 52 254 235 187 124 0 213 236 225 30 65 148 77 52 132 112 78
    157 26 140 199 61 45 119 234 215 125 170 58 67 145 153 92 46 70 141
    225 34 58 198 160 87 32 80 9 179 191 243 50 165 163 188 222 217 242
    170 245 153 76 252 135 89 152 91 225 97 116 67 115 26 151 11 13 244
    215 14 205 207 64 202 81 70 188 192 170 239 155 224 168 55 130 121 2
    210 194 102 13 54 37 111 167 80 52 4 11 77 28 114 16 252 174 8 95
    180 231 248 81 115 154 199 54 236 237 80 14 40 125 94 61 129 77 209
    138 71 165 103 163 17 12 13 114 128 233 208 142 6 128 142 67 26 17
    11 155 62 127 244 252 177 14 93 101 54 131 43 253 117 65 6 180 85
    164 218 220 235 236 148 165 160 160 111 219 121 107 107 229 178 118
    83 0 67 87 112 206 69 65 240 227 189 45 203 128 236 15 44 209 91 155
    217 61 191 188 207 191 113 91 22 139 151 2 12 199 203 151 129 221
    102 90 189 136 159 93 65 119 73 112 124 134 197 119 228 45 32 182 34
    249 65 46 42 38 230 65 31 25 241 200 70 44 145 4 46 164 230 158 207
    17 80 200 251 141 156 72 84 169 42 67 105 17 171 25 36 78 200 78 11
    139 76 244 21 27 228 118 188 211 211 23 183 183 232 76 82 84 202 8
    200 82 126 207 97 40 207 152 188 114 86 93 21 57 198 219 110 152 86
    105 74 124 202 251 171 11 225 234 185 110 139 114 179 118 255 55 177
    185 103 232 224 206 218 147 239 69 56 42 204 188 111 164 223 42 103
    129 244 177 221 143 55 223 179 135 120 202 137 232 51 40 78 2 202
    211 23 221 82 63 84 242 112 179 139 139 219 95 219 51 72 253 236 34
    177 21 145 164 17 232 91 166 133 150 135 160 122 19 251 65 126 213
    112 135 247 70 27 240 198 122 65 17 126 19 42 126 232 232 253 19 13
    30 63 137 131 215 152 105 23 70 179 13 232 117 77 186 137 174 22 9
    182 247 193 112 61 44 249 67 91 51 190 209 215 2 15 86 181 223 116
    196 67 232 122 166 230 204 207 181 160 154 2 95 139 200 228 65 70 59
    36 95 99 198 30 124 166 32 247 179 251 221 8 80 70 97 124 202 61 164
    190 158 150 225 124 78 166 196 139 188 249 51 200 207 8 34 19 183
    255 65 192 242 82 211 25 244 4 148 101 152 148 244 59 158 37 206 153
    191 186 84 79 35 242 173 111 200 171 249 76 190 122 198 228 120 32
    21 65 244 179 160 190 110 225 70 114 133 207 36 74 114 57 234 223
    251 131 236 181 46 51 154 42 223 143 67 8 13 110 158 76 255 219 32
    67 129 120 13 23 234 223 4 249 129 242 232 211 46 13 57 91 177 169
    253 97 190 219 166 158 59 32 247 141 67 32 219 51 162 99 175 42 137
    80 166 169 236 71 208 188 92 75 17 242 144 11 142 135 137 213 34 97
    242 95 76 169 19 30 67 63 133 202 152 51 131 25 120 175 253 238 93 8
    188 126 192 48 251 213 244 169 30 135 86 4 131 247 242 57 114 97 74
    59 183 38 110 13 120 103 240 148 162 135 57 148 70 185 188 137 72
    116 162 190 171 59 185 32 86 6 150 80 107 107 101 177 211 70 150 179
    55 188 232 78 209 61 200 70 145 30 137 121 62 72 249 24 202 185 201
    173 221 19 131 55 152 82 162 194 177 133 120 36 211 192 110 131 6
    166 202 190 154 34 133 148 171 162 51 118 152 202 120 34 240 183 42
    95 65 139 244 143 150 169 223 129 99 242 23 228 93 154 59 46 255 177
    240 244 181 221 192 190 236 101 40 23 236 120 150 13 244 2 131 101
    221 46 122 160 192 21 107 15 166 188 150 38 2 238 247 84 219 212 74
    97 97 145 76 129 16 198 109 198 80 30 34 234 225 169 55 221 173 101
    152 156 158 240 84 103 145 247 97 17 61 202 242 76 194 221 21 230 34
    42 202 6 42 217 23 223 175 6 188 198 103 91 194 80 160 48 219 57 126
    207 230 207 99 154 80 112 46 103 101 67 179 135 156 2 196 48 225 135
    30 209 232 114 228 53 240 27 200 80 93 247 51 11 219 122 120 93 19
    253 93 150 153 2 65 197 54 148 1 70 240 125 247 223 95 137 19 80 244
    175 19 95 217 59 173 133 48 194 202 32 247 40 4 59 95 158 190 11 86
    135 99 112 103 183 101 61 137 57 27 82 202 99 244 36 135 76 21 122
    156 196 175 30 46 40 122 232 171 76 215 103 95 228 48 19 255 82 57
    53 179 38 78 135 234 169 223 42 141 19 215 135 72 166 11 42 126 221
    38 160 179 244 181 196 169 90 11 62 157 58 205 150 194 93 120 6 42
    217 11 188 124 255 141 67 156 19 67 240 15 114 53 6 72 30 105 82 240
    107 6 202 15 219 105 19 175 255 15 156 145 196 211 82 112 158 25 217
    200 76 143 48 175 139 38 141 188 23 44 42 152 8 55 175 126 141 139 4
    38 156 238 209 116 15 61 196 188 202 17 179 181 110 141 124 48 139
    200 116 202 251 72 36 17 46 65 6 229 29 36 100 113 124 98 26 1 88
    234 154 8 192 188 131 236 188 202 164 97 236 230 67 55 40 105 107
    223 103 154 93 74 211 196 177 253 120 63 65 101 143 171 48 131 129
    253 19 67 145 103 150 192 202 249 240 118 251 15 86 70 103 6 137 207
    219 166 32 118 15 99 65 70 131 228 89 105 223 42 61 25 93 97 84 255
    34 217 253 217 101 129 242 76 89 112 223 27 30 150 137 163 149 224
    104 229 213 28 51 192 114 240 8 135 80 40 211 105 207 42 249 8 213
    84 40 143 154 17 221 97 84 225 36 46 139 44 171 51 89 209 27 114 232
    166 183 82 185 204 13 116 36 21 164 55 137 223 116 53 36 185 25 192
    223 61 158 232 84 93 234 25 253 162 101 209 80 118 133 137 63 67 46
    133 150 154 131 57 67 80 232 194 232 78 139 36 196 116 101 198 251
    91 122 83 103 47 165 225 238 214 20 117 42 99 91 244 70 166 135 99
    112 17 32 213 38 103 118 131 253 211 137 209 42 32 32 253 175 86 34
    148 74 40 129 139 145 105 19 84 53 145 196 51 196 169 112 211 118 6
    131 156 101 173 65 17 2 139 120 21 101 145 63 15 53 204 103 86 221
    63 194 196 74 11 160 232 145 249 247 175 200 166 221 171 61 150 32
    72 204 232 255 215 23 126 215 121 118 76 154 86 135 119 201 164 210
    202 86 219 84 36 63 65 183 74 249 145 6 166 86 255 150 190 251 219
    97 116 74 126 152 198 61 61 19 112 80 148 107 223 240 188 70 244 232
    137 190 221 48 164 183 213 70 255 76 200 232 129 112 84 15 65 76 152
    198 192 185 126 166 175 211 112 21 164 110 126 101 139 255 238 162
    198 27 57 4 95 148 44 171 160 190 177 59 213 74 72 180 1 49 155 62
    242 59 11 44 87 197 234 133 65 30 78 150 107 93 65 145 188 228 240
    59 67 221 78 160 53 247 171 105 152 244 179 238 198 82 188 86 6 213
    67 190 34 177 76 6 89 217 244 207 154 236 101 78 225 112 175 200 194
    247 53 190 209 238 211 86 185 42 34 40 215 40 166 185 217 247 78 4
    154 173 36 183 175 40 196 232 36 244 110 2 129 139 38 211 133 65 192
    4 240 220 49 140 164 6 8 166 242 178 42 152 19 110 152 53 152 255
    131 200 145 207 78 204 6 194 11 179 171 6 124 55 238 112 34 185 255
    225 171 251 225 225 202 183 112 209 4 59 131 93 40 221 253 215 171
    55 236 188 84 213 59 36 141 173 175 89 181 232 173 192 8 36 53 190 4
    154 99 202 76 30 217 122 196 158 55 42 17 8 194 129 86 173 251 11
    156 112 124 244 67 128 22 9 151 152 143 98 55 103 151 63 107 213 247
    11 48 228 55 6 84 23 67 185 169 101 196 44 223 196 129 156 91 70 145
    238 156 236 181 67 44 240 4 160 253 194 230 97 95 114 112 70 160 44
    158 46 249 89 126 30 70 249 124 152 30 91 152 137 223 247 4 139 4 21
    238 232 145 156 232 110 196 34 21 217 133 156 15 137 141 247 93 110
    110 124 80 21 225 13 78 120 150 75 82 18 218 66 137 85 5 45 161 33
    217 225 232 236 141 234 11 225 129 17 160 80 148 129 91 244 145 27
    65 82 25 112 4 247 217 204 110 23 25 2 40 244 59 196 213 44 162 207
    234 23 42 154 38 21 17 95 207 80 19 213 240 160 213 145 44 99 240
    129 65 236 129 166 89 36 13 97 126 234 57 124 107 131 202 72 137 116
    188 160 139 19 110 89 219 223 38 48 166 15 101 254 85 88 40 148 164
    120 79 111 58 231 207 48 185 2 131 164 173 207 42 211 19 99 124 139
    116 217 2 36 107 21 190 141 112 40 225 215 166 63 40 145 17 141 59
    171 44 57 105 118 196 164 141 133 223 247 27 179 93 145 143 137 234
    13 114 67 238 21 150 116 213 21 78 40 215 91 255 55 59 57 247 196
    236 76 36 17 103 89 240 225 141 234 8 76 238 213 23 101 247 238 97
    154 166 70 28 121 9 100 241 114 155 196 209 158 221 240 95 215 116
    247 27 156 148 177 61 225 11 42 185 133 217 34 177 89 154 202 25 105
    255 89 124 133 124 86 145 99 76 164 238 15 4 72 55 15 84 143 234 72
    209 78 215 160 4 34 183 34 198 251 137 148 84 135 215 63 95 59 215
    225 118 65 188 253 215 150 86 105 217 84 57 198 84 171 221 232 27 82
    164 202 118 234 175 222 17 250 22 221 9 104 170 95 203 139 131 215
    169 185 190 175 44 160 44 194 116 228 196 126 110 158 240 36 225 230
    80 38 190 188 194 126 114 126 145 34 202 126 101 251 38 32 8 196 23
    200 213 143 139 181 40 188 179 84 122 105 207 141 253 23 221 61 72
    63 114 57 169 185 253 181 25 164 51 21 145 25 95 244 244 181 110 196
    242 30 173 46 183 76 65 51 70 61 219 103 185 92 198 178 112 141 219
    218 20 68 50 112 135 82 118 200 177 181 253 107 164 99 70 99 217 244
    55 46 23 188 55 217 70 236 154 221 13 101 209 46 221 177 194 129 84
    179 137 221 158 101 82 255 126 105 17 215 122 74 40 21 105 32 204 46
    171 242 21 84 95 101 190 118 34 36 166 19 129 103 228 202 25 202 2
    103 82 177 57 253 65 13 215 183 120 213 126 139 249 143 133 196 2
    176 136 12 27 131 122 86 13 21 73 57 42 249 13 145 185 110 103 76 21
    53 185 114 217 126 114 44 232 112 141 25 30 84 89 175 126 166 21 107
    112 247 63 25 238 107 65 244 183 6 215 116 232 95 101 80 2 247 59 44
    59 129 8 99 232 238 65 181 57 86 169 4 42 57 139 162 194 135 131 89
    217 211 228 30 46 118 38 133 95 166 152 30 23 105 207 105 175 166 57
    120 183 18 105 103 217 136 180 106 106 168 167 69 107 234 67 23 141
    82 19 32 137 251 228 40 95 80 25 198 173 143 86 61 57 137 156 230 6
    101 215 70 156 13 15 200 221 244 160 80 175 101 234 181 160 76 190
    152 38 30 110 171 225 192 190 89 82 190 143 171 72 4 148 228 36 230
    8 89 4 118 76 238 175 219 236 166 97 105 118 225 211 78 230 2 57 89
    150 133 51 93 99 53 40 15 146 240 175 172 208 154 134 123 72 175 213
    46 188 171 6 42 139 65 238 76 141 8 114 63 70 110 25 158 185 251 97
    238 48 51 211 228 240 51 110 6 150 6 30 198 114 78 223 234 190 51 48
    74 95 234 19 171 215 131 137 74 4 118 223 219 19 91 253 74 177 105
    217 255 110 11 51 48 67 164 179 173 61 158 4 225 116 105 131 44 51
    255 25 209 61 228 173 223 236 84 198 32 135 163 19 137 214 27 250 24
    164 207 44 107 154 6 44 48 118 249 89 240 158 46 131 82 65 139 211
    217 251 74 162 249 171 27 101 74 150 27 148 63 63 181 213 63 105 112
    32 135 137 131 179 13 82 148 175 72 110 152 135 249 70 164 196 99
    217 196 236 228 240 46 97 244 204 154 145 99 177 105 59 55 166 221
    78 46 57 223 171 53 156 160 40 114 196 105 160 25 72 120 169 58 80
    141 7 69 18 133 119 29 42 145 133 228 112 255 8 15 192 105 196 244
    89 112 82 192 2 194 82 122 8 236 192 255 2 164 80 204 48 19 183 219
    223 89 234 89 255 148 219 101 118 198 253 204 101 120 122 42 160 13
    185 141 236 74 177 148 116 40 135 32 169 190 57 242 175 110 179 57
    116 70 209 253 89 8 8 129 72 242 120 86 164 181 17 6 219 213 253 196
    89 209 238 23 42 246 201 80 126 65 155 157 89 240 209 181 40 84 40
    84 67 188 38 72 194 65 143 164 13 209 158 204 107 244 11 129 166 200
    23 131 137 240 253 145 190 112 215 164 166 169 137 145 118 217 40
    251 196 225 158 221 213 223 236 27 32 112 46 59 84 51 122 82 200 114
    93 207 158 253 179 202 19 15 129 150 251 133 177 169 150 141 99 183
    251 30 196 8 17 143 76 36 150 129 120 192 106 61 211 218 117 240 180
    196 181 117 17 4 166 154 101 232 238 253 137 133 228 166 8 194 148
    160 82 93 223 242 61 181 213 63 91 141 124 42 36 44 53 219 242 51 36
    65 40 183 211 164 72 76 36 166 219 61 234 209 221 150 196 183 139
    251 211 11 160 223 63 122 236 145 194 131 67 46 36 192 78 253 135
    120 23 91 82 51 17 242 171 156 76 48 107 42 63 154 133 105 244 196
    33 23 124 101 222 50 231 91 225 45 209 247 135 137 185 67 46 183 150
    169 61 221 51 74 175 145 154 95 211 175 179 133 78 116 177 200 179
    82 89 27 112 4 190 158 36 78 175 188 179 230 141 59 217 25 101 4 255
    76 114 48 190 93 101 25 116 141 19 173 148 4 215 183 17 228 133 103
    192 150 19 249 183 112 105 21 65 200 23 194 192 223 219 202 188 72
    211 34 95 249 171 52 9 187 168 126 0 160 47 37 183 17 143 196 86 219
    139 101 177 196 21 232 213 107 242 131 255 65 55 32 36 40 200 91 240
    44 124 160 91 63 6 131 103 8 211 107 6 4 80 19 141 99 242 247 13 236
    211 112 70 80 17 158 27 40 244 13 23 198 148 232 46 91 65 72 107 251
    120 156 34 74 234 217 190 181 196 164 173 48 200 72 247 19 118 76
    116 126 198 244 175 95 213 123 45 144 78 244 160 171 242 119 197 45
    44 175 34 204 219 175 38 166 97 21 135 207 46 183 59 240 160 27 80
    143 148 188 234 148 99 175 244 91 72 160 110 196 162 175 120 61 139
    17 93 55 200 55 234 95 2 133 97 57 200 101 169 101 91 240 200 13 131
    255 207 110 57 11 135 126 30 141 61 192 65 61 114 192 101 219 223
    198 42 255 129 145 230 103 177 124 25 61 116 169 34 72 221 67 79 111
    227 152 171 17 46 27 162 2 249 118 84 156 247 53 36 110 8 55 152 194
    129 183 36 76 89 219 202 48 143 105 202 150 42 67 152 223 120 105
    215 145 221 143 95 70 13 251 129 46 44 59 17 139 72 124 166 72 110
    42 120 122 143 82 86 171 211 27 129 217 169 95 40 200 164 207 51 36
    120 242 253 63 135 137 156 44 4 190 84 44 11 4 190 148 72 6 223 231
    230 146 111 246 219 94 151 157 169 128 112 46 179 15 207 32 114 6
    131 78 181 74 219 232 19 89 133 135 103 27 160 230 171 173 255 232
    27 13 116 211 251 70 244 63 21 15 162 114 249 185 38 30 93 95 122 46
    32 8 166 228 177 200 8 8 185 63 164 89 204 63 19 59 27 72 247 221 86
    230 230 120 89 173 196 27 217 217 238 156 25 95 103 150 42 242 103
    215 249 19 255 2 108 13 177 200 158 93 143 63 99 248 80 213 118 154
    21 238 183 21 99 232 59 4 25 247 91 139 23 234 185 202 65 215 19 65
    135 213 190 15 236 34 166 65 253 131 238 234 72 150 209 48 112 124
    27 213 137 150 230 190 249 166 57 97 169 185 198 55 236 247 150 51
    126 95 175 204 156 228 23 129 99 11 221 175 99 6 101 32 251 93 236
    249 211 124 131 61 162 177 156 156 78 164 233 11 99 200 48 89 38 103
    80 157 40 23 234 211 196 46 82 223 114 166 112 221 179 44 74 67 251
    6 118 234 124 118 133 27 34 217 251 99 51 30 110 93 143 34 32 232 78
    139 247 36 188 200 86 219 202 82 211 141 40 156 185 225 55 99 139 36
    179 131 2 57 196 221 238 137 192 42 141 255 215 107 154 129 8 65 46
    76 86 114 38 89 42 120 15 213 110 91 171 139 42 26 204 170 103 34
    197 36 177 48 250 144 253 105 213 6 166 164 30 209 48 89 202 215 135
    8 120 244 244 51 91 2 223 200 48 194 61 207 152 97 129 61 148 99 2
    105 194 51 110 181 120 211 232 72 42 255 124 105 188 74 42 19 213
    107 38 55 242 213 89 152 67 141 70 236 160 30 131 97 118 225 158 105
    46 17 143 202 23 95 107 78 36 207 204 190 219 188 133 148 105 36 133
    58 239 172 180 136 124 90 136 133 185 93 107 221 36 107 76 247 219
    194 46 215 171 253 242 207 17 133 67 129 253 65 240 99 150 173 228
    158 93 240 72 171 213 160 148 242 150 6 148 93 72 101 65 236 139 204
    198 185 223 67 244 135 143 152 65 200 221 44 114 15 6 253 232 137 86
    38 6 190 72 232 89 80 156 32 15 139 65 207 223 244 103 133 114 59 76
    135 67 89 148 86 213 230 160 79 49 106 121 222 237 175 21 140 19 61
    236 158 190 190 13 164 110 234 124 185 118 137 139 32 223 164 23 162
    112 19 230 6 131 194 48 74 122 240 44 74 120 204 145 32 236 65 129
    188 171 190 4 129 158 59 139 217 15 114 25 19 27 194 209 107 217 19
    255 114 171 110 162 179 194 91 84 238 4 162 173 42 44 173 145 32 209
    169 61 179 160 150 63 137 23 219 116 89 13 65 57 194 109 169 47 147
    133 83 140 52 2 93 63 76 185 19 84 97 137 44 110 6 36 196 160 59 171
    190 44 80 93 95 217 126 46 190 103 114 236 139 190 200 177 164 228
    124 219 255 8 194 112 166 129 103 209 55 192 181 188 11 76 143 253
    116 93 190 228 238 219 200 183 46 152 112 215 131 17 251 122 30 101
    202 196 103 232 145 76 230 42 145 230 25 97 19 116 244 200 198 42
    234 223 34 28 106 187 156 150 134 16 248 104 161 151 27 123 244 124
    32 41 215 115 4 195 90 83 195 72 71 169 31 209 189 78 187 32 17 158
    17 250 179 78 189 18 51 72 96 169 18 147 103 24 222 234 152 71 20
    104 25 227 163 170 151 244 77 139 63 247 67 181 124 8 220 196 55 2
    43 174 173 65 248 1 223 65 144 127 49 204 229 4 148 66 179 66 10 170
    235 180 206 174 26 253 194 150 199 120 104 110 71 230 244 201 51 255
    39 119 121 241 164 24 229 121 38 216 255 53 229 65 35 132 49 90 148
    15 140 88 222 36 97 44 125 230 140 197 172 112 111 48 27 84 210 22
    95 173 90 68 199 234 24 133 124 229 5 167 232 2 143 232 113 230 196
    124 101 211 33 20 234 244 234 52 11 208 255 246 251 24 120 161 219 4
    164 253 199 52 194 76 248 182 237 212 78 50 130 208 44 35 55 62 41
    37 199 210 80 32 146 88 173 79 73 56 74 129 35 22 229 159 45 80 127
    174 112 13 27 251 226 96 7 189 166 144 223 247 73 204 211 67 229 41
    155 124 54 43 100 72 22 189 190 251 96 219 47 183 66 206 115 154 191
    76 43 53 135 74 38 83 217 58 25 97 68 230 198 144 112 198 181 123
    103 152 203 2 219 130 51 153 97 186 56 70 128 160 185 24 175 28 234
    131 145 190 71 95 25 250 25 85 27 136 71 127 167 254 152 155 56 87
    250 44 187 205 44 223 206 1 242 255 182 101 67 112 111 44 243 194
    227 191 220 139 45 32 189 178 21 36 136 41 175 0 196 43 93 223 66 93
    118 103 81 187 135 140 170 236 0 240 223 69 171 49 15 74 83 79 164
    233 191 64 86 224 33 107 250 247 7 13 224 181 158 53 251 172 75 71
    204 217 157 250 191 92 187 83 65 117 55 136 228 244 179 232 215 48
    239 86 243 0 204 19 78 64 112 162 212 52 165 55 11 3 147 13 203 49
    150 255 78 58 62 7 32 58 5 58 218 184 148 158 142 244 52 155 146 206
    93 227 177 66 252 4 20 58 175 125 102 157 15 92 254 118 117 168 220
    203 98 179 242 139 49 37 168 45 144 43 184 245 178 149 192 54 138
    240 126 210 252 226 8 103 138 105 67 62 85 156 82 141 61 179 250 132
    213 156 41 226 25 74 165 94 165 223 147 237 133 26 166 180 39 140
    219 143 251 50 141 122 67 93 128 163 42 175 104 89 213 235 182 99 93
    34 119 90 176 51 134 136 123 228 68 203 184 77 181 123 31 67 136 23
    251 224 222 161 119 175 76 32 18 222 26 254 13 236 173 134 142 49
    176 42 33 175 151 18 44 220 42 157 229 41 173 151 150 161 186 163</data></your_img>
</opencv_storage>
