<?xml version="1.0"?>
<opencv_storage>
<L2_diff>8.6400231481171389e+01</L2_diff>
<test_hist type_id="opencv-matrix">
  <rows>256</rows>
  <cols>1</cols>
  <dt>f</dt>
  <data>
    7.30464355e+02 5.42210510e+02 7.95025146e+02 5.08841705e+02
    3.80297852e+02 1.03181152e+01 6.09386963e+02 6.10943115e+02
    5.76153503e+02 2.72526276e+02 8.03036316e+02 2.01796478e+02
    8.35551880e+02 4.76558105e+02 2.59855957e+01 5.80348450e+02
    8.99871277e+02 7.29366333e+02 1.29605347e+02 5.04577484e+02
    5.22645325e+02 1.26040009e+02 3.48806152e+02 1.69343262e+02
    5.92948120e+02 2.33985840e+02 4.71805420e+02 7.59369507e+01
    5.55805847e+02 5.06195984e+02 6.42117126e+02 2.73284546e+02
    7.42628784e+02 6.05801086e+02 9.81424866e+01 3.25822693e+02
    4.02138794e+02 9.35243652e+02 6.33542603e+02 9.21824341e+02
    8.65212891e+02 3.13943390e+02 8.89497620e+02 1.15010406e+02
    7.59373962e+02 2.43043152e+02 8.79801392e+02 3.57285828e+02
    9.07318054e+02 4.70143707e+02 1.74654022e+02 7.15018311e+01
    2.92294830e+02 4.46564331e+01 3.87004883e+02 7.34302002e+02
    1.46215820e+02 8.95228027e+02 8.43887390e+02 1.40386932e+02
    3.06156494e+02 3.33698242e+02 7.66492676e+02 9.53178528e+02
    6.38932129e+02 5.96243042e+02 1.13526123e+02 8.59062744e+02
    1.24221252e+02 9.86556763e+02 6.99378357e+01 1.99179565e+02
    1.67056274e+00 4.86624146e+01 7.23802307e+02 9.61297852e+02
    8.85773010e+02 7.94640503e+02 3.50649231e+02 2.87407501e+02
    9.11192261e+02 2.35314789e+02 7.44799255e+02 4.60539246e+02
    7.60864380e+02 2.75401550e+02 9.87472534e+02 6.29216187e+02
    9.87290283e+02 9.53754150e+02 3.87742310e+01 9.09682739e+02
    7.23539490e+02 4.70677368e+02 8.35989136e+02 5.01774689e+02
    7.75150330e+02 2.62993164e+02 7.27279297e+02 9.01343384e+02
    9.45421204e+02 3.43384399e+01 7.77962402e+02 8.62563965e+02
    5.71444946e+02 8.02797302e+02 5.05568176e+02 6.77491455e+02
    4.48571777e+00 9.27327942e+02 1.65255585e+02 4.65936646e+02
    6.04993896e+02 1.55718201e+02 7.89208252e+02 3.01500793e+02
    2.68282166e+01 7.11150696e+02 4.67431305e+02 7.74997009e+02
    1.15836029e+02 3.79480194e+02 1.65984680e+02 1.87054810e+02
    3.26213806e+02 4.20889252e+02 2.34669189e+02 2.46640198e+02
    4.43143494e+02 8.79529907e+02 3.51319153e+02 5.96952881e+02
    2.30389893e+02 1.65252380e+02 1.19946899e+02 1.88222412e+02
    7.05432861e+02 8.26982300e+02 7.80926331e+02 7.07983704e+02
    5.05518341e+02 1.10886536e+01 3.70802490e+02 2.84798279e+01
    6.03795593e+02 6.38338867e+02 5.39712952e+02 6.51242126e+02
    7.03828491e+02 3.12745148e+02 5.55660400e+02 2.47940475e+02
    3.77882263e+02 2.22935791e+02 6.03556824e+02 6.80485046e+02
    8.98169067e+02 6.27655762e+02 3.33471008e+02 7.22932495e+02
    9.68493164e+02 3.83701721e+02 6.77118591e+02 2.63985565e+02
    8.30276001e+02 6.01587158e+02 1.33711395e+02 4.80421844e+02
    3.56927917e+02 2.25580627e+02 1.02823059e+02 4.19646973e+02
    1.31842804e+02 4.34060150e+02 3.50515045e+02 2.41182190e+02
    1.84361542e+02 6.07661194e+02 1.16728729e+02 2.63011475e+02
    1.06860321e+02 1.25066589e+02 1.24541809e+02 8.64681152e+02
    3.21119629e+02 2.13394867e+02 2.39882599e+02 8.80370850e+02
    4.61934998e+02 6.34531982e+02 2.72646210e+02 7.68293701e+02
    6.79718201e+02 3.75761658e+02 2.10446777e+01 4.81581696e+02
    4.84225830e+02 9.95953857e+02 6.23620300e+02 5.54054077e+02
    3.52633179e+02 1.00212921e+02 2.84109436e+02 1.56062408e+02
    9.12214355e+01 5.66825378e+02 3.19461243e+02 6.27217407e+02
    3.67809143e+01 6.13050720e+02 5.72082153e+02 7.97049500e+02
    7.66916992e+02 6.47342590e+02 1.38331665e+02 9.56854553e+02
    2.40432373e+02 9.03868530e+02 4.70650024e+01 3.28004974e+02
    5.14883118e+02 7.34817688e+02 5.78003784e+02 8.21225647e+02
    1.77696625e+02 4.43075256e+02 8.51413818e+02 7.02844482e+02
    9.72931519e+01 5.06740601e+02 9.90027893e+02 3.58027039e+02
    7.11419189e+02 7.36836914e+02 5.19969055e+02 8.29055298e+02
    4.18258423e+02 8.12487732e+02 7.50422485e+02 6.60135620e+02
    7.31645264e+02 4.35068665e+02 1.37639679e+02 1.83157684e+02
    1.42556671e+02 1.92725525e+02 6.45945190e+02 6.63457764e+02
    2.32242157e+02 8.61569519e+02 9.40429626e+02 1.34845245e+02
    6.35548828e+02 7.02508057e+02 7.98544556e+02 1.77086639e+02</data></test_hist>
<my_lkt type_id="opencv-matrix">
  <rows>256</rows>
  <cols>1</cols>
  <dt>u</dt>
  <data>
    1 2 4 5 6 6 7 8 9 10 11 12 13 14 14 15 17 18 19 20 21 21 22 22 23 23
    24 24 26 27 28 28 30 31 31 32 32 34 35 37 39 39 41 41 43 43 45 46 47
    48 49 49 49 49 50 52 52 54 55 55 56 57 58 60 61 62 63 64 64 66 67 67
    67 67 68 70 72 73 74 75 76 77 78 79 81 81 83 84 86 88 88 90 91 92 94
    95 96 97 98 100 102 102 103 105 106 107 108 110 110 111 112 113 114
    114 116 116 116 118 119 120 120 121 121 122 122 123 124 124 125 127
    128 129 130 130 130 131 132 134 136 137 138 138 139 139 140 142 143
    144 146 147 148 148 149 150 151 152 154 156 156 158 160 161 162 163
    165 166 166 167 168 168 169 170 170 171 171 172 172 174 174 174 175
    175 175 177 178 178 179 181 182 183 184 185 187 187 188 189 190 192
    193 194 195 195 196 196 196 198 198 200 200 201 202 204 206 207 207
    209 210 212 212 213 214 215 216 218 219 220 221 223 223 224 226 227
    229 230 231 233 234 236 237 239 240 241 241 242 242 243 244 245 246
    248 250 250 251 253 255 255</data></my_lkt>
<your_lkt type_id="opencv-matrix">
  <rows>256</rows>
  <cols>1</cols>
  <dt>u</dt>
  <data>
    1 2 2 3 3 3 4 5 6 7 8 10 12 12 14 15 16 16 18 18 19 20 22 23 25 25
    27 27 29 31 31 32 34 35 36 38 38 38 39 40 41 42 43 44 45 47 49 49 50
    51 52 53 54 54 56 57 59 59 59 60 61 62 63 64 65 67 67 67 68 69 71 72
    73 74 75 76 77 78 79 81 81 82 84 84 86 87 88 89 89 90 91 91 92 93 94
    96 97 98 99 100 101 101 103 104 105 106 107 107 108 109 110 111 113
    114 115 116 118 118 119 120 122 124 124 124 126 127 128 130 131 131
    133 135 135 135 136 137 139 139 140 141 141 143 144 146 147 147 148
    149 150 151 152 153 154 154 156 156 158 160 160 160 162 163 164 164
    164 166 168 168 168 169 171 172 173 173 175 176 177 177 178 179 179
    181 182 184 185 185 186 188 189 191 192 194 195 196 197 197 198 199
    199 201 201 202 204 206 207 208 210 212 214 215 215 216 217 218 220
    220 221 222 223 223 224 225 225 227 227 229 231 231 233 234 235 236
    237 239 239 239 240 240 241 241 241 243 243 244 245 246 248 248 249
    249 251 252 252 254 254 255</data></your_lkt>
</opencv_storage>
