<?xml version="1.0"?>
<opencv_storage>
<L2_diff>2.3786206086721772e+03</L2_diff>
<test_hist type_id="opencv-matrix">
  <rows>256</rows>
  <cols>1</cols>
  <dt>f</dt>
  <data>
    5.21489136e+02 1.53671478e+02 1.44072784e+02 6.97625671e+02
    9.50859253e+02 8.90841919e+02 9.99726807e+02 6.78815796e+02
    6.49686890e+02 4.51740814e+02 3.19487732e+02 6.35255310e+02
    6.45090698e+02 5.81876831e+02 5.24869324e+02 5.05053101e+02
    1.25344604e+02 4.94991516e+02 1.42327576e+02 6.90267029e+01
    5.83855103e+02 5.46443237e+02 6.11002563e+02 3.13362427e+02
    3.90797729e+02 9.05587463e+02 3.24066650e+02 6.71578125e+02
    3.92693726e+02 2.30479156e+02 2.81607056e+01 6.40654419e+02
    9.93311462e+01 8.58264832e+02 8.79019470e+02 9.62779175e+02
    5.18248047e+02 2.51895142e+00 6.42686646e+02 8.62959351e+02
    4.72231293e+02 4.59285248e+02 1.38338776e+02 3.63285522e+02
    8.52591064e+02 1.96963684e+02 5.25855713e+02 2.32909454e+02
    3.32619934e+02 7.59213379e+02 7.05772827e+02 4.11906342e+02
    5.73193359e+00 4.71951141e+02 2.18454651e+02 9.00160034e+02
    7.78891235e+02 4.71478424e+02 6.37173035e+02 3.55791199e+02
    5.48876770e+02 9.07563721e+02 8.87255615e+02 4.53811127e+02
    2.24818237e+02 8.99953430e+02 8.87073853e+02 7.70098938e+02
    2.44887085e+02 4.03090637e+02 9.82262695e+02 1.95682709e+02
    3.68227539e+01 8.01290771e+02 1.33673950e+02 1.45204987e+02
    8.93190918e+01 3.89873016e+02 9.80154541e+02 3.09706360e+02
    7.58340820e+02 4.76306854e+02 1.14483521e+02 5.32130554e+02
    3.37773804e+02 5.87519165e+02 4.03177734e+02 6.11800354e+02
    4.29476593e+02 9.98714966e+02 1.19831238e+01 6.26508179e+02
    3.06092804e+02 9.67314697e+02 5.21133484e+02 2.91451874e+02
    1.21114319e+02 6.90823608e+02 4.94791077e+02 2.08496307e+02
    6.01809937e+02 8.30519531e+02 9.44565308e+02 7.25077881e+02
    9.38249512e+01 4.74584381e+02 9.97410828e+02 7.32946045e+02
    3.39951477e+01 6.51563416e+01 1.92431122e+02 8.90219727e+02
    2.13864136e+02 6.99786926e+02 1.46998718e+02 3.95918884e+02
    1.75096436e+01 9.39471558e+02 7.42753662e+02 1.11618652e+01
    6.62423462e+02 5.08386841e+01 8.85451782e+02 2.06532135e+02
    4.38203857e+02 9.81423706e+02 7.89479248e+02 1.41675995e+02
    8.42605713e+02 7.95338013e+02 3.93101685e+02 7.19288696e+02
    1.02408844e+02 7.45736206e+02 1.21655884e+01 6.62049622e+02
    9.53668701e+02 2.12547607e+01 9.98904297e+02 8.89700439e+02
    6.77081787e+02 9.77722290e+02 5.45419739e+02 4.59584564e+02
    5.27365662e+02 3.61962891e+00 3.80410950e+02 8.05060791e+02
    7.85130737e+02 5.80275635e+02 7.59930786e+02 2.17736816e+00
    8.83272339e+02 6.61446411e+02 2.77065002e+02 6.27837402e+02
    3.68543579e+02 9.51438293e+02 2.56923218e+01 3.99787537e+02
    5.17173157e+02 9.09693298e+02 6.82422974e+02 5.46352600e+02
    6.16910767e+02 2.84039001e+01 4.56960999e+02 2.31924133e+01
    4.19219482e+02 7.47281555e+02 6.09946533e+02 4.47335327e+02
    3.63925110e+02 2.25394623e+02 7.91422119e+02 4.33538422e+02
    7.63749390e+02 5.25301880e+02 7.94255554e+02 3.60563354e+02
    9.19524536e+01 3.65494873e+02 7.97112732e+01 9.04044922e+02
    7.05051941e+02 1.08071747e+02 7.28978333e+02 3.03375702e+02
    7.80316162e+02 4.69530396e+02 8.95571838e+02 2.85629456e+02
    3.51186157e+02 6.13022278e+02 2.80865845e+02 3.04596924e+02
    6.15441711e+02 2.87683472e+02 3.58639526e+00 5.61124573e+02
    2.47202011e+02 4.55140076e+01 9.75046997e+02 3.09209503e+02
    4.76795410e+02 1.13828430e+02 9.28063599e+02 7.29926086e+02
    7.48291870e+02 7.58194092e+02 7.86047974e+02 6.80715332e+02
    6.37690674e+02 3.65873840e+02 5.50858398e+02 8.58622192e+02
    7.07309753e+02 3.67086456e+02 2.57194427e+02 7.57612610e+01
    8.36887512e+02 6.58142090e+02 4.51412079e+02 6.33548828e+02
    8.11888123e+02 2.68552368e+02 8.27321472e+01 7.72851440e+02
    3.74376709e+02 8.84830627e+02 1.02446289e+02 3.43621704e+02
    5.82295654e+02 5.15352539e+02 2.96478882e+02 6.90388611e+02
    5.52285828e+02 9.38838379e+02 2.53936417e+02 3.59048187e+02
    8.73047119e+02 1.87857605e+02 1.51228455e+02 8.57180481e+01
    9.74950684e+02 7.35381714e+02 4.39037750e+02 6.70099426e+02
    2.52625488e+02 2.76825073e+02 4.35704224e+02 2.08503510e+02
    4.43479858e+02 7.45597107e+02 1.62375336e+02 4.30350159e+02</data></test_hist>
<my_lkt type_id="opencv-matrix">
  <rows>256</rows>
  <cols>1</cols>
  <dt>u</dt>
  <data>
    1 1 2 3 5 7 9 10 11 12 13 14 15 17 18 19 19 20 20 20 21 22 24 24 25
    27 28 29 30 30 30 31 32 33 35 37 38 38 39 41 42 43 43 44 46 46 47 47
    48 50 51 52 52 53 53 55 57 57 59 59 61 62 64 65 65 67 69 71 71 72 74
    74 74 76 76 76 77 77 79 80 81 82 83 84 84 85 86 87 88 90 90 92 92 94
    95 96 96 97 98 99 100 102 103 105 105 106 108 109 110 110 110 112
    112 114 114 115 115 117 118 118 119 119 121 122 123 124 126 126 128
    130 130 132 132 133 133 135 137 137 139 140 142 144 145 146 147 147
    148 149 151 152 153 153 155 156 157 158 159 161 161 162 163 164 166
    167 168 168 169 169 170 171 173 174 174 175 176 177 179 180 181 182
    182 183 183 185 186 186 188 189 190 191 193 193 194 195 196 196 198
    198 198 199 200 200 202 202 203 204 205 207 208 210 211 213 214 215
    216 218 219 220 220 220 222 223 224 225 227 228 228 229 230 232 232
    233 234 235 235 237 238 240 240 241 243 243 243 244 245 247 248 249
    250 250 251 251 252 254 254 255</data></my_lkt>
<your_lkt type_id="opencv-matrix">
  <rows>256</rows>
  <cols>1</cols>
  <dt>u</dt>
  <data>
    0 0 0 0 0 0 0 0 0 0 0 0 0 0 0 0 0 0 0 0 0 0 0 0 0 0 0 0 0 0 0 0 0 0
    0 0 0 0 0 0 0 0 0 0 0 0 0 0 0 0 0 0 0 0 0 0 0 0 0 0 0 0 0 0 0 0 0 0
    0 0 0 0 0 0 0 0 0 0 0 0 0 0 0 0 0 0 0 0 0 0 0 0 0 0 0 0 0 0 0 0 0 0
    0 0 0 0 0 0 0 0 0 0 0 0 0 0 0 0 0 0 0 0 0 0 0 0 0 0 0 0 0 0 0 0 0 0
    0 0 0 0 0 0 0 0 0 0 0 0 0 0 0 0 0 0 0 0 0 0 0 0 0 0 0 0 0 0 0 0 0 0
    0 0 0 0 0 0 0 0 0 0 0 0 0 0 0 0 0 0 0 0 0 0 0 0 0 0 0 0 0 0 0 0 0 0
    0 0 0 0 0 0 0 0 0 0 0 0 0 0 0 0 0 0 0 0 0 0 0 0 0 0 0 0 0 0 0 0 0 0
    0 0 0 0 0 0 0 0 0 0 0 0 0 0 0 0 0 0</data></your_lkt>
</opencv_storage>
