<?xml version="1.0"?>
<opencv_storage>
<L2_diff>5.3572380943915498e+01</L2_diff>
<test_hist type_id="opencv-matrix">
  <rows>256</rows>
  <cols>1</cols>
  <dt>f</dt>
  <data>
    4.36689645e-01 4.37504321e-01 4.44607019e-01 4.47526395e-01
    4.50180799e-01 4.54151899e-01 4.55605954e-01 4.62352574e-01
    4.69468743e-01 4.73037779e-01 4.77402478e-01 4.82276887e-01
    4.86530602e-01 4.93089318e-01 4.95573968e-01 5.01106381e-01
    5.06757915e-01 5.13381064e-01 5.17625332e-01 5.19879103e-01
    5.21545827e-01 5.27546406e-01 5.30483186e-01 5.36302447e-01
    5.37984014e-01 5.44206619e-01 5.47522783e-01 5.52116752e-01
    5.56699693e-01 5.60545444e-01 5.61235845e-01 5.68416655e-01
    5.74639618e-01 5.78971565e-01 5.85562646e-01 5.92268109e-01
    5.94398975e-01 5.96850514e-01 5.97881734e-01 6.03450656e-01
    6.09099686e-01 6.13702595e-01 6.15067005e-01 6.16703570e-01
    6.20417655e-01 6.26914442e-01 6.30964458e-01 6.36244118e-01
    6.40598595e-01 6.45346642e-01 6.48539364e-01 6.49663210e-01
    6.53460920e-01 6.55841351e-01 6.62648857e-01 6.63526058e-01
    6.69664443e-01 6.71769977e-01 6.75843060e-01 6.78040326e-01
    6.83799207e-01 6.89602017e-01 6.91762090e-01 6.92868114e-01
    6.97581172e-01 7.04172432e-01 7.08837152e-01 7.14370489e-01
    5.79659790e+02 7.29560791e+02 1.18156708e+02 4.69380524e+02
    8.33141602e+02 7.53306519e+02 2.64441833e+02 6.25004089e+02
    8.77527344e+02 7.10670166e+02 6.21281799e+02 1.08896240e+02
    4.64413971e+02 4.43183929e+02 3.30937286e+02 1.64438080e+02
    4.39069519e+02 9.09531433e+02 3.86145050e+02 8.39062988e+02
    1.07750671e+02 4.67891602e+02 1.96754028e+02 1.41104065e+02
    2.53245850e+02 8.65284180e+02 6.50404724e+02 6.30686157e+02
    4.26548309e+02 2.83903503e+02 1.21827637e+02 2.88277039e+02
    3.59541443e+02 6.57081665e+02 7.90674072e+02 8.29111694e+02
    1.92283630e+02 1.74146149e+02 7.79778320e+02 7.19412109e+02
    1.10504181e+02 8.62962708e+02 5.54840332e+02 4.43015350e+02
    1.90445374e+02 1.12152466e+02 9.77803223e+02 4.01898712e+02
    3.65422882e+02 5.46685303e+02 2.00172607e+02 9.28781982e+02
    9.79658325e+02 4.91337372e+02 6.00871277e+02 6.71042053e+02
    5.85593872e+02 9.02914185e+02 3.42054321e+02 7.61624207e+02
    7.78023804e+02 9.11782471e+02 5.84293762e+02 3.10266357e+02
    2.29448547e+02 8.26078247e+02 4.04299164e+02 8.01115234e+02
    2.31495544e+02 8.56642212e+02 4.56519836e+02 6.32434204e+02
    6.30917603e+02 5.29433960e+02 9.50442200e+01 9.88557251e+02
    8.56690796e+02 5.96362366e+02 9.07365906e+02 9.23112305e+02
    2.93347168e+02 3.37491028e+02 1.41966431e+02 7.66650635e+02
    7.77681030e+02 6.33661438e+02 1.87836334e+02 2.25298187e+02
    5.11305939e+02 8.94386353e+02 5.57550476e+02 7.26835022e+02
    5.99460693e+02 6.53648560e+02 4.39532684e+02 1.54718811e+02
    5.22818176e+02 3.27706085e+02 9.37167236e+02 1.20757111e+02
    8.45049683e+02 2.89861786e+02 5.60728088e+02 3.02488007e+02
    7.92801880e+02 7.98847900e+02 2.97371826e+02 1.52264648e+02
    6.48831665e+02 9.07397339e+02 6.42170898e+02 7.61756958e+02
    3.37411499e+01 7.59454346e+01 9.92759399e+02 7.82315796e+02
    2.48359207e+02 5.07085907e+02 1.18411957e+02 4.38877930e+02
    8.48554810e+02 2.01434113e+02 2.02098694e+01 6.04314331e+02
    5.64619202e+02 8.46335327e+02 6.19968201e+02 6.10385803e+02
    4.77309387e+02 7.76720459e+02 4.40647003e+02 9.47413940e+02
    6.39288879e+02 3.26014435e+02 9.24312317e+02 4.27941498e+02
    8.42851196e+02 6.51623169e+02 3.29344055e+02 6.75163879e+01
    1.26261810e+02 7.31399292e+02 2.60307129e+02 1.61083893e+02
    1.41093750e+01 9.24354004e+02 2.05360077e+02 5.46265381e+02
    2.10389313e+02 8.85607422e+02 1.88257172e+02 6.50188354e+02
    3.51166626e+02 7.52112427e+02 4.93821167e+02 5.71026978e+02
    7.20383911e+02 7.40982849e+02 5.80970032e+02 4.96004578e+02
    7.28749817e+02 2.14045746e+02 1.45617035e+02 8.92006592e+02
    7.80630676e+02 4.06808655e+02 9.05854065e+02 1.49151489e+02
    9.80915161e+02 1.57591919e+02 5.58630493e+02 7.64417969e+02
    5.73930176e+02 8.42956970e+02 7.46915588e+02 6.34843567e+02
    3.32591278e+02 1.43171143e+02 1.39492401e+02 3.28397522e+02
    9.06191772e+02 7.31643677e+02 1.07467194e+02 2.09415894e+02
    8.20723572e+02 8.47292969e+02 3.17669495e+02 9.80082397e+02</data></test_hist>
<my_lkt type_id="opencv-matrix">
  <rows>256</rows>
  <cols>1</cols>
  <dt>u</dt>
  <data>
    1 2 2 3 4 5 6 7 8 9 9 10 12 13 13 14 15 17 18 19 20 21 22 23 24 25
    27 28 29 30 30 31 33 33 35 36 36 38 38 40 42 42 43 45 46 46 48 49 51
    53 53 55 56 57 58 60 60 61 62 63 64 64 65 66 68 68 69 71 72 73 73 74
    76 77 78 79 80 82 83 83 84 85 85 86 86 88 89 90 90 91 92 92 92 94 95
    96 97 98 98 98 99 100 102 103 104 104 105 107 107 108 110 110 111
    111 113 113 114 115 115 117 119 120 121 122 123 125 126 127 128 130
    131 132 132 134 135 136 136 138 139 140 141 142 142 144 146 147 149
    150 151 152 152 153 155 156 156 157 158 159 160 162 163 164 165 165
    166 167 168 169 170 171 172 172 174 175 176 176 177 179 180 182 182
    182 184 185 186 187 187 188 189 190 190 191 192 193 195 196 197 198
    199 201 202 202 204 205 207 208 208 208 209 210 211 211 211 213 213
    214 214 216 216 218 218 220 221 222 223 224 225 226 228 228 228 230
    232 232 234 234 236 236 237 239 240 241 243 244 245 245 245 246 248
    249 249 249 251 253 253 255</data></my_lkt>
<your_lkt type_id="opencv-matrix">
  <rows>256</rows>
  <cols>1</cols>
  <dt>u</dt>
  <data>
    2 2 3 4 4 5 6 7 8 9 10 12 12 12 14 14 16 17 19 20 21 22 23 23 25 26
    26 26 27 28 30 31 33 33 35 36 36 37 37 38 39 39 41 43 44 45 47 47 48
    49 50 51 52 53 53 54 54 54 56 58 59 61 61 62 62 64 64 65 66 66 68 69
    69 70 72 73 73 75 76 77 79 79 80 81 82 83 84 85 87 89 89 91 92 93 95
    96 97 98 100 100 101 102 104 105 107 107 108 108 109 110 111 112 112
    113 115 115 115 116 118 119 120 120 121 121 122 124 125 127 127 127
    129 130 132 133 134 134 135 136 137 138 138 138 138 139 141 141 143
    143 145 146 148 148 149 150 152 153 153 154 156 158 159 160 160 161
    162 163 163 164 165 166 167 169 169 170 170 171 173 174 175 176 177
    177 179 181 182 182 183 184 184 185 186 188 189 190 191 192 193 194
    196 197 199 199 201 201 203 204 206 208 208 209 209 211 212 214 215
    217 217 218 218 219 221 222 223 223 224 225 226 227 228 230 230 231
    233 233 234 235 236 238 239 241 241 242 242 244 245 245 246 246 247
    248 249 250 251 253 253 255</data></your_lkt>
</opencv_storage>
