<?xml version="1.0"?>
<opencv_storage>
<L2_diff>3.0448152653322006e+02</L2_diff>
<r>8</r>
<test_img type_id="opencv-matrix">
  <rows>50</rows>
  <cols>100</cols>
  <dt>u</dt>
  <data>
    238 213 231 212 73 122 6 166 132 80 247 155 114 147 71 13 168 12 29
    131 39 23 64 69 168 151 50 119 142 32 31 142 7 182 86 157 116 41 82
    203 20 112 92 227 209 12 10 91 115 43 66 237 154 114 248 76 46 225
    254 95 189 83 255 149 99 11 245 169 218 55 203 173 154 244 254 243
    94 2 251 42 197 216 117 81 100 117 151 27 107 151 234 184 217 217
    206 247 110 121 11 52 29 7 200 218 186 126 43 241 5 212 162 113 248
    16 115 87 30 114 72 197 194 46 37 51 72 225 149 145 12 84 74 8 235
    42 137 237 25 157 211 146 52 128 131 89 26 121 228 212 52 87 245 255
    239 143 140 132 55 25 45 117 117 62 149 1 110 99 103 239 36 101 24
    95 202 78 20 210 170 95 48 127 61 43 112 179 43 162 115 154 151 14
    209 254 53 58 190 65 60 99 21 196 251 163 186 185 15 190 158 175 58
    5 127 65 101 230 142 209 155 83 12 61 125 135 43 173 135 176 14 68
    60 38 253 55 77 199 111 224 1 170 174 216 114 226 115 170 245 201 69
    117 103 26 105 66 55 130 98 246 72 158 35 76 133 118 62 98 193 107
    214 74 188 174 207 179 115 199 133 191 112 250 5 99 156 29 94 9 125
    203 138 140 90 200 245 94 44 227 131 200 8 129 234 185 106 140 120
    54 199 175 97 177 138 23 150 243 86 215 239 181 86 98 4 22 97 126
    202 193 166 37 1 8 184 208 96 145 10 103 138 195 167 173 176 193 13
    220 197 37 38 189 217 120 247 28 162 109 57 130 130 215 152 82 204
    145 149 204 79 26 134 166 72 33 62 37 186 73 127 13 53 56 95 57 10
    88 150 74 120 193 3 160 212 19 211 216 136 4 65 245 89 240 4 105 192
    132 222 78 47 57 30 51 182 128 87 150 184 88 141 228 146 157 230 61
    219 34 129 174 231 201 113 185 20 135 151 96 31 41 232 176 186 77 68
    53 173 172 12 123 121 1 128 255 186 152 171 135 10 42 77 102 16 86
    75 98 235 161 93 10 31 134 108 125 31 128 201 241 94 46 172 103 235
    59 65 6 149 176 21 68 87 67 222 222 35 37 40 197 133 124 169 29 84 1
    177 239 24 18 221 160 131 207 248 98 73 194 50 171 102 92 14 57 236
    157 104 251 86 121 144 251 90 152 134 210 240 0 69 232 137 93 69 73
    26 254 212 77 12 82 9 104 40 116 133 199 150 203 220 33 107 165 191
    224 215 30 160 98 194 167 8 127 4 29 152 231 242 132 85 94 152 123
    227 201 69 208 144 225 131 46 244 172 200 157 127 100 224 225 239
    130 227 245 76 217 95 50 238 41 236 16 226 0 220 15 29 104 246 234
    67 86 103 62 4 42 187 108 76 191 14 20 204 25 178 153 173 38 150 237
    9 1 112 10 176 206 97 152 123 57 47 46 14 75 28 242 184 135 92 155
    134 208 40 107 151 18 222 175 104 49 240 2 195 211 159 147 186 24
    249 154 218 71 56 55 186 203 233 96 22 21 61 187 63 209 238 205 91
    18 82 162 180 64 101 136 207 213 173 101 116 67 174 220 198 18 10 95
    87 195 96 224 213 144 228 229 44 83 240 52 55 156 79 248 88 75 100
    105 109 148 128 162 180 52 114 151 84 119 184 10 9 72 226 17 127 166
    78 177 89 65 14 106 184 16 171 160 8 225 69 50 196 98 134 185 77 204
    109 150 136 225 38 233 114 4 20 247 180 167 165 206 218 186 55 183
    177 63 121 169 134 74 152 88 87 39 22 38 89 166 102 90 198 206 44
    135 30 121 26 166 206 53 86 27 40 138 241 214 122 38 55 168 51 229
    125 94 235 192 57 211 193 197 82 19 92 156 8 51 4 168 46 0 126 22 69
    119 61 217 148 249 80 137 126 81 195 75 193 90 79 33 221 39 41 148
    247 36 182 187 182 132 222 181 93 127 212 214 81 137 205 177 244 188
    99 129 237 224 110 44 233 24 28 13 122 126 40 101 226 149 58 249 115
    135 246 152 135 58 254 254 86 49 30 10 70 155 177 125 224 227 5 168
    129 180 93 101 63 63 37 57 154 181 182 157 143 225 173 233 125 41 38
    2 151 68 230 7 81 147 195 134 85 27 52 166 76 197 52 57 146 186 59
    115 244 8 227 42 141 26 31 125 165 31 197 52 58 40 224 101 217 7 194
    243 5 154 206 23 218 69 61 127 199 18 36 34 191 141 7 43 189 204 56
    165 52 15 162 15 69 163 57 6 91 237 135 157 80 215 135 79 117 8 5
    185 90 221 97 230 134 35 253 52 226 14 2 100 10 84 214 128 1 232 79
    170 10 251 5 27 179 64 238 122 29 60 149 94 0 207 107 194 141 19 251
    149 201 222 153 24 155 204 17 148 67 22 210 68 126 175 227 224 208
    36 129 88 43 33 140 207 93 242 180 115 139 146 241 4 132 107 132 197
    123 126 7 71 246 177 2 180 118 238 87 115 80 33 64 48 102 251 236
    209 180 86 94 181 27 141 20 19 111 64 228 66 121 19 167 87 50 60 179
    76 216 62 149 228 136 156 170 166 90 227 83 160 159 59 247 120 33
    200 80 165 176 9 249 95 150 161 24 145 169 86 110 162 85 135 29 156
    68 68 235 199 108 57 182 14 152 108 196 142 26 50 87 145 201 165 159
    116 19 170 192 92 193 134 16 213 152 130 50 50 250 165 126 176 33
    134 85 24 135 100 123 171 172 2 132 7 208 157 206 70 28 89 147 8 55
    0 197 163 13 37 161 242 141 222 161 32 237 103 94 39 81 154 216 86
    78 142 63 192 113 15 237 255 73 121 119 171 41 253 181 111 214 240
    95 105 157 32 224 56 210 5 48 106 245 164 245 205 27 1 167 97 253
    114 81 155 213 75 155 83 217 177 108 234 128 2 128 126 187 240 202
    242 43 13 182 215 194 219 57 165 151 97 42 170 243 42 199 245 75 215
    51 62 163 54 19 12 194 202 79 125 232 139 250 161 153 130 128 223
    213 23 64 102 238 34 223 213 183 207 242 48 164 0 62 5 83 202 126
    102 38 93 180 64 87 138 207 102 14 204 194 216 105 229 169 247 147
    242 99 95 156 59 13 107 151 25 118 116 81 184 122 52 19 197 240 198
    205 236 46 252 35 8 198 158 225 192 10 166 213 179 88 174 14 237 112
    87 10 198 152 165 168 166 206 77 19 123 114 88 38 157 49 183 26 163
    212 41 86 217 108 226 224 24 7 229 173 27 151 171 53 145 69 105 116
    10 79 190 12 186 194 88 172 153 13 231 54 35 92 16 183 164 143 31 68
    131 53 169 200 100 49 154 155 4 53 81 127 38 133 140 227 21 23 203
    74 108 126 175 88 127 247 217 89 238 191 122 19 118 240 183 93 73
    195 26 91 82 65 105 10 56 191 229 247 101 171 204 224 161 179 133
    228 170 54 77 168 248 251 151 112 194 56 157 17 163 90 4 210 219 62
    106 42 174 93 2 42 63 96 69 85 12 209 43 9 197 32 50 178 138 46 1 74
    105 222 205 41 28 195 167 250 99 60 111 247 34 58 32 102 238 113 12
    162 14 255 37 33 172 142 180 238 250 26 179 2 195 192 109 25 224 29
    112 202 85 105 183 182 43 185 31 25 140 200 156 42 97 237 126 94 35
    56 243 82 31 22 117 96 138 2 50 214 243 198 110 98 32 58 198 220 83
    85 140 245 190 32 254 25 157 128 117 87 115 92 43 179 214 145 142 65
    232 210 95 147 202 77 248 182 205 121 103 143 66 226 5 225 132 28 8
    58 217 147 9 38 141 235 57 3 207 108 240 58 199 53 138 153 38 144 82
    175 254 59 54 165 182 246 214 234 125 119 205 244 163 102 185 104
    101 180 111 225 132 164 136 163 158 129 13 114 113 7 30 66 110 80
    117 237 121 36 223 63 97 169 221 225 191 28 248 111 122 165 214 72
    254 185 250 47 59 119 220 241 191 62 196 98 202 198 120 35 47 115 20
    19 220 117 78 170 151 55 73 50 69 190 170 226 5 127 254 189 58 109
    24 205 115 72 181 62 170 191 72 145 179 95 155 230 198 104 3 154 229
    71 0 206 222 205 132 70 22 44 50 158 66 88 206 2 214 190 214 41 186
    205 146 247 43 92 163 106 226 190 174 157 147 131 171 13 171 80 170
    62 164 209 47 223 181 30 17 234 69 200 131 130 54 12 142 19 12 87 31
    130 210 125 205 82 149 180 139 152 80 63 65 21 118 133 165 184 57 81
    186 117 175 72 197 142 235 40 11 188 96 242 137 237 226 246 23 252
    121 126 95 181 82 94 224 79 101 208 76 57 112 85 231 95 84 64 52 243
    20 217 150 70 12 13 154 207 50 195 119 201 209 153 200 113 173 188
    30 27 40 199 19 103 102 189 238 137 169 134 160 134 50 12 177 183
    254 167 124 151 95 201 120 57 189 223 222 29 108 18 121 186 94 202
    101 96 116 183 49 179 235 128 233 28 118 114 147 125 38 120 25 132
    60 82 149 221 28 204 127 67 59 82 176 64 154 139 169 92 24 214 60
    249 191 213 238 140 66 220 174 113 242 100 234 188 215 18 253 187
    245 185 70 216 212 184 67 158 129 69 5 13 253 100 77 56 141 29 247
    31 43 153 96 228 124 235 149 191 89 71 230 102 158 224 69 147 197
    111 66 129 119 181 28 166 72 121 237 4 240 133 250 64 55 81 108 230
    176 57 47 103 90 77 233 220 241 31 60 119 58 40 59 19 35 197 195 42
    86 78 37 223 14 143 98 229 241 100 1 176 255 106 214 151 47 185 46
    225 255 184 62 139 249 219 27 27 64 32 118 182 241 181 31 217 80 235
    215 173 47 156 171 133 48 126 63 54 32 214 182 187 27 174 109 240 26
    216 73 133 176 71 0 11 247 102 76 47 108 137 65 14 17 220 37 134 111
    48 151 143 189 181 9 9 16 53 106 120 146 231 94 94 212 53 245 68 123
    100 20 128 249 28 203 8 163 228 157 185 210 232 57 132 92 57 249 254
    139 168 199 20 249 231 111 31 46 235 129 227 56 43 212 175 1 137 102
    170 37 208 188 168 83 246 54 82 161 105 117 33 64 253 199 252 170
    171 241 169 252 198 201 252 93 108 165 164 218 66 99 31 231 239 9
    224 91 162 114 136 20 162 233 158 16 231 10 86 157 228 209 138 242
    130 174 69 72 104 160 101 146 58 226 173 132 78 247 131 215 83 32
    166 96 172 144 103 50 79 8 11 157 57 175 246 42 191 117 182 2 138 19
    84 214 104 143 110 100 153 86 53 136 247 133 157 219 92 38 212 66 26
    14 186 12 62 172 236 91 203 24 116 157 152 130 56 39 113 86 205 94 2
    136 74 0 7 123 238 153 124 201 229 75 68 247 173 30 194 90 192 124
    204 177 26 166 125 17 250 169 244 2 94 95 198 208 176 211 160 105
    217 50 233 180 254 219 154 97 143 134 16 150 147 190 133 68 56 117
    158 69 59 196 191 90 202 57 104 106 74 158 33 183 176 29 236 50 87
    34 154 204 247 84 23 134 0 209 245 57 238 247 116 68 175 53 57 180
    73 9 114 42 169 163 198 113 21 187 204 106 68 8 216 40 152 101 239
    115 233 36 167 131 73 43 145 5 173 112 10 58 146 80 244 165 225 23
    234 114 43 183 173 125 225 3 163 65 155 145 28 1 83 205 55 84 194 17
    22 207 204 160 35 64 184 211 151 67 139 210 72 243 11 204 4 100 111
    2 184 141 225 110 111 52 66 177 7 239 179 97 240 17 20 173 3 4 135
    206 100 157 102 212 235 192 193 94 20 106 249 144 3 10 147 244 88 17
    240 85 241 181 232 163 139 38 24 247 93 72 0 193 130 94 126 124 235
    6 162 168 255 100 143 19 199 70 240 189 120 122 178 156 221 252 12
    64 210 10 162 112 36 19 78 104 87 137 136 71 130 120 0 18 103 246
    250 191 216 94 229 9 44 228 245 103 224 148 68 247 133 99 48 54 245
    251 226 25 219 225 36 88 131 208 199 138 23 92 39 63 194 108 99 40
    233 9 237 247 141 207 152 169 91 167 89 84 215 193 19 243 56 116 112
    112 223 133 213 166 121 63 6 126 129 110 89 207 210 117 46 83 123
    202 32 111 143 20 132 82 205 98 16 80 90 133 80 175 60 182 128 75 43
    188 69 92 27 93 74 210 51 123 8 100 216 164 114 181 147 244 98 158
    216 99 147 188 255 130 29 201 233 52 110 64 19 143 33 163 12 167 203
    53 113 17 179 53 44 253 182 79 117 172 244 2 180 253 87 210 116 71
    182 16 86 249 69 230 231 183 134 202 223 81 135 235 95 23 56 122 114
    15 1 36 47 74 150 132 253 3 10 57 7 107 196 173 171 182 24 21 237
    145 49 166 118 132 38 63 120 250 237 230 235 35 237 45 186 0 236 222
    48 15 207 131 230 250 241 77 166 248 229 173 63 160 147 6 54 119 223
    120 57 46 127 208 119 66 21 97 99 114 0 113 12 99 194 2 28 236 109
    181 243 11 43 214 118 217 9 12 163 219 51 235 29 35 192 62 169 15 77
    97 46 163 129 105 147 232 215 87 139 164 220 247 218 23 164 125 27
    91 163 92 39 19 24 216 210 4 199 152 72 58 222 95 145 191 22 91 231
    147 158 84 113 179 145 39 117 72 243 214 145 5 176 205 226 49 39 194
    29 204 229 187 55 59 82 68 33 185 218 8 83 146 130 183 214 228 178
    28 61 160 25 160 50 66 207 204 109 99 64 124 160 135 101 151 124 80
    71 6 202 240 60 84 215 41 76 211 63 172 192 154 123 49 138 198 244
    119 222 29 73 20 167 216 92 239 76 230 45 110 77 153 171 66 8 131
    199 179 216 244 21 109 6 227 8 240 8 120 102 232 74 211 39 231 76
    174 214 254 226 3 166 94 26 159 185 193 64 136 245 12 66 220 227 184
    2 50 227 135 14 63 255 28 122 158 146 111 226 209 39 91 153 66 136
    248 93 234 31 91 213 168 197 156 120 114 203 204 137 45 197 176 138
    142 158 219 106 184 177 84 54 45 80 240 67 201 8 39 30 242 178 68
    105 60 219 173 68 84 98 107 100 5 193 125 72 186 93 42 48 63 93 248
    202 81 249 248 34 36 236 229 61 188 255 18 116 162 193 237 44 167 91
    152 186 255 156 15 183 110 139 5 144 13 112 185 86 170 111 111 208
    96 56 120 187 252 227 62 122 146 61 110 9 86 15 151 13 201 252 35 18
    36 79 206 154 42 94 29 64 248 28 4 79 241 92 145 76 15 97 141 216 4
    95 255 214 192 214 178 59 146 67 197 39 218 33 168 33 232 146 223 0
    65 171 70 134 54 161 212 176 89 227 37 161 99 17 199 200 199 145 33
    159 72 54 91 157 220 226 149 33 129 67 81 211 176 10 152 99 5 135 77
    158 127 40 13 157 21 255 239 209 12 184 123 185 220 78 138 205 24
    240 231 191 227 137 33 78 200 96 151 150 223 245 82 73 251 198 59 14
    199 92 40 19 193 3 59 6 195 160 212 7 48 103 129 6 248 131 93 56 3 8
    7 30 200 5 197 251 235 208 68 80 171 62 117 197 15 30 188 111 138
    114 36 202 8 191 7 74 114 234 42 106 16 20 47 40 97 213 124 157 91
    103 59 15 234 39 103 193 199 94 210 3 166 122 99 87 141 186 223 228
    156 210 82 75 107 246 3 203 187 227 210 11 138 81 49 252 122 199 226
    184 117 49 148 39 39 166 254 17 56 239 45 0 199 37 137 245 227 249
    28 181 52 52 187 156 79 16 237 108 93 89 254 17 234 20 2 144 68 42
    52 85 36 159 195 82 39 197 170 62 218 200 196 25 199 25 199 245 190
    250 180 209 121 1 33 225 77 25 254 238 167 123 248 69 7 191 96 241
    72 54 58 230 15 116 13 135 145 187 90 113 168 223 185 167 115 171 4
    167 202 195 110 144 191 164 182 250 68 93 232 139 50 244 255 25 158
    158 104 15 201 176 133 65 56 205 254 138 178 104 162 247 60 46 108
    53 138 168 1 93 121 250 1 164 99 54 232 97 115 239 129 137 52 6 235
    82 44 70 184 140 165 247 145 247 54 215 136 112 183 254 238 134 217
    37 0 22 64 85 228 245 182 171 248 247 3 44 90 90 152 45 190 19 185
    73 21 33 214 139 3 246 208 8 246 212 163 33 197 16 216 108 85 225 6
    232 216 239 223 238 47 4 168 21 182 108 99 73 228 193 182 118 20 60
    101 46 132 133 58 146 56 210 100 64 129 196 208 10 106 45 86 186 16
    176 128 130 234 175 190 101 220 87 157 48 77 110 237 224 166 140 5
    135 201 100 147 178 181 121 33 2 17 193 21 0 162 18 195 103 191 120
    198 3 169 63 18 10 225 11 149 217 216 165 141 17 205 69 209 89 82
    146 163 70 18 102 64 205 8 230 234 190 114 73 35 111 247 200 248 56
    123 18 254 151 193 103 150 28 197 116 226 91 72 135 52 218 53 66 48
    58 120 255 32 102 55 139 10 23 68 246 209 231 7 214 131 209 50 222
    112 127 203 155 207 137 67 124 229 37 243 1 37 60 2 191 191 176 87
    250 43 58 1 241 85 214 226 206 54 27 95 206 155 235 37 162 169 96
    220 234 232 3 209 132 204 131 132 158 147 104 36 0 92 142 193 211
    234 113 100 72 155 225 231 49 35 252 165 146 75 96 255 15 197 223
    224 74 4 72 80 220 61 191 148 136 35 98 107 217 19 73 52 152 90 16
    208 96 15 200 49 8 22 38 226 179 22 64 236 50 0 162 220 29 237 205
    165 140 11 212 100 255 34 252 8 87 93 233 225 211 197 85 91 126 85
    217 174 2 198 32 83 7 88 230 63 82 122 95 85 227 116 45 10 228 251
    160 248 67 145 173 222 112 25 139 106 246 149 196 142 180 31 135 56
    235 163 71 46 4 46 214 184 124 52 6 108 163 65 75 92 136 91 48 45 32
    237 64 23 78 172 238 138 188 140 179 199 191 208 109 133 62 103 172
    214 74 110 78 8 99 24 25 76 58 70 212 157 129 83 132 3 95 222 65 109
    136 124 91 130 54 82 38 72 178 255 252 172 240 207 136 59 68 220 145
    143 204 45 88 82 202 135 148 193 208 59 224 106 29 152 203 215 155
    216 141 24 1 17 182 23 73 139 190 148 77 235 67 149 96 99 214 40 41
    195 44 134 110 71 233 115 72 234 234 99 67 175 229 151 11 18 33 44
    129 19 70 47 187 156 209 225 187 7 169 201 21 152 151 40 237 189 116
    190 153 250 177 18 97 53 52 43 151 164 174 13 44 25 135 5 112 146 27
    85 37 71 161 139 4 223 114 127 201 17 30 176 121 67 27 22 126 42 184
    229 140 69 18 204 211 37 211 165 16 78 177 158 98 216 218 26 123 104
    59 120 172 77 9 164 17 223 81 51 169 234 182 166 179 138 63 233 212
    30 214 218 133 127 164 50 107 7 174 165 202 144 27 114 0 99 113 16
    50 211 93 73 32 128 150 159 81 112 114 62 16 6 152 104 193 191 198
    26 74 76 215 117 236 195 22 109 178 170 1 90 143 145 170 4 46 227
    108 214 150 14 244 248 176 39 5 210 97 175 70 104 194 91 29 85 55
    231 125 151 49 209 103 28 127 153 234 199 39 183 82 114 76 1 133 16
    252 224 66 117 57 46 167 255 0 172 36 173 211 249 219 61 225 192 7 7
    224 246 63 241 58 133 233 240 127 85 220 154 178 83 138 61 234 229
    190 132 18 183 161 130 196 233 68 162 87 239 0 227 152 238 91 6 218
    54 101 160 189 20 251 29 123 170 224 18 73 226 11 216 152 99 62 131
    168 173 220 212 44 176 99 163 155 98 68 184 119 210 99 175 74 29 67
    58 51 228 60 202 108 20 173 59 131 160 89 174 149 96 174 26 211 99
    230 63 11 8 103 170 141 148 206 96 148 85 117 119 251 171 249 215
    204 7 223 235 146 138 93 211 101 86 230 220 250 98 58 156 155 97 74
    16 192 255 74 43 170 84 225 177 154 108 92 198 77 33 0 20 180 186 47
    95 16 251 193 146 16 205 232 100 91 116 165 125 138 63 181 16 112 62
    116 139 255 120 115 84 1 123 73 74 88 247 147 224 107 69 32 101 23
    10 55 5 55 151 198 162 124 201 211 171 45 131 141 240 138 61 244 165
    91 108 145 173 123 31 232 119 182 166 210 2 31 116 195 93 165 74 232
    221 79 73 120 17 106 100 173 156 133 196 161 163 193 224 250 191 8
    165 227 106 14 29 217 76 204 139 208 20 71 181 238 199 147 184 21
    152 114 207 71 237 113 227 143 26 217 230 122 5 128 231 59 223 255
    245 173 224 84 135 39 119 83 237 108 120 43 42 1 23 252 157 182 214
    225 114 141 25 216 146 136 192 108 159 14 210 145 248 128 114 248
    245 138 200 134 206 157 201 76 41 122 76 224 204 244 199 104 232 19
    48 35 245 37 71 3 77 132 223 117 142 174 5 53 82 115 249 59 55 217
    239 211 116 66 16 255 249 72 102 200 200 12 213 134 53 141 208 79 12
    202 139 95 119 84 242 112 191 101 17 142 158 143 142 198 251 189 193
    212 213 193 89 229 90 79 50 133 28 165 52 62 225 254 245 12 195 94
    222 144 21 161 227 237 99 180 213 218 247 191 39 100 167 58 200 162
    5 46 185 98 68 2 29 65 1 57 122 145 144 214 52 49 53 126 140 53 248
    203 13 3 62 60 96 26 152 115 70 37 47 14 112 127 147 53 147 121 92
    12 57 192 193 197 138 50 235 56 203 0 118 13 203 121 17 58 242 232
    202 180 52 254 223 131 147 95 43 100 37 58 182 28 118 102 216 31 228
    70 245 144 189 118 252 244 127 59 220 16 230 171 110 109 88 47 192
    64 137 48 151 42 144 22 46 10 84 148 67 111 107 114 139 101 140 221
    235 32 234 6 208 7 140 104 79 68 98 175 143 194 19 151 203 133 70
    158 184 71 244 155 99 119 10 15 204 53 44 131 5 219 81 36 240 203 83
    80 191 17 108 94 185 159 251 46 139 218 175 6 67 175 38 226 49 197
    66 219 181 31 58 61 92 53 178 216 77 33 156 222 99 95 15 175 172 97
    184 1 163 145 15 178 7 197 181 186 19 147 175 135 148 105 119 129
    246 10 126 27 93 76 63 81 232 219 140 164 12 191 108 19 212 77 166
    19 163 46 154 174 74 212 57 231 143 129 225 252 237 162 83 96 25 23
    210 192 169 113 179 11 71 16 137 69 146 211 119 141 26</data></test_img>
<my_img type_id="opencv-matrix">
  <rows>50</rows>
  <cols>100</cols>
  <dt>u</dt>
  <data>
    238 213 231 212 73 122 6 166 132 80 247 155 114 147 71 13 168 12 29
    131 39 23 64 69 168 151 50 119 142 32 31 142 7 182 86 157 116 41 82
    203 20 112 92 227 209 12 10 91 115 43 66 237 154 114 248 76 46 225
    254 95 189 83 255 149 99 11 245 169 218 55 203 173 154 244 254 243
    94 2 251 42 197 216 117 81 100 117 151 27 107 151 234 184 217 217
    206 247 110 121 11 52 29 7 200 218 186 126 43 241 5 212 162 113 248
    16 115 87 30 114 72 197 194 46 37 51 72 225 149 145 12 84 74 8 235
    42 137 237 25 157 211 146 52 128 131 89 26 121 228 212 52 87 245 255
    239 143 140 132 55 25 45 117 117 62 149 1 110 99 103 239 36 101 24
    95 202 78 20 210 170 95 48 127 61 43 112 179 43 162 115 154 151 14
    209 254 53 58 190 65 60 99 21 196 251 163 186 185 15 190 158 175 58
    5 127 65 101 230 142 209 155 83 12 61 125 135 43 173 135 176 14 68
    60 38 253 55 77 199 111 224 1 170 174 216 114 226 115 170 245 201 69
    117 103 26 105 66 55 130 98 246 72 158 35 76 133 118 62 98 193 107
    214 74 188 174 207 179 115 199 133 191 112 250 5 99 156 29 94 9 125
    203 138 140 90 200 245 94 44 227 131 200 8 129 234 185 106 140 120
    54 199 175 97 177 138 23 150 243 86 215 239 181 86 98 4 22 97 126
    202 193 166 37 1 8 184 208 96 145 10 103 138 195 167 173 176 193 13
    220 197 37 38 189 217 120 247 28 162 109 57 130 130 215 152 82 204
    145 149 204 79 26 134 166 72 33 62 37 186 73 127 13 53 56 95 57 10
    88 150 74 120 193 3 160 212 19 211 216 136 4 65 245 89 240 4 105 192
    132 222 78 47 57 30 51 182 128 87 150 184 88 141 228 146 157 230 61
    219 34 129 174 231 201 113 185 20 135 151 96 31 41 232 176 186 77 68
    53 173 172 12 123 121 1 128 255 186 152 171 135 10 42 77 102 16 86
    75 98 235 161 93 10 31 134 108 125 31 128 201 241 94 46 172 103 235
    59 65 6 149 176 21 68 87 67 222 222 35 37 40 197 133 124 169 29 84 1
    177 239 24 18 221 160 131 207 248 98 73 194 50 171 102 92 14 57 236
    157 104 251 86 121 144 251 90 152 134 210 240 0 69 232 137 93 69 73
    26 254 212 77 12 82 9 104 40 116 133 199 150 203 220 33 107 165 191
    224 215 30 160 98 194 167 8 127 4 29 152 231 242 132 85 94 152 123
    227 201 69 208 144 225 131 46 244 172 200 157 127 100 224 225 239
    130 227 245 76 217 95 50 238 41 236 16 226 0 220 15 29 104 246 234
    67 86 103 62 4 42 187 108 76 191 14 20 204 25 178 153 173 38 150 237
    9 1 112 10 176 206 97 152 123 57 47 46 14 75 28 242 184 135 92 155
    134 208 40 107 151 18 222 175 104 49 240 2 195 211 159 147 186 24
    249 154 218 71 56 55 186 203 233 96 22 21 61 187 63 209 238 205 91
    18 82 162 180 64 101 136 207 213 173 101 116 67 174 220 198 18 10 95
    87 195 96 224 213 144 228 229 44 83 240 52 55 156 79 248 88 75 100
    105 109 148 128 162 180 52 114 151 84 119 184 10 9 72 226 17 127 166
    78 177 89 65 14 106 184 16 171 160 8 225 69 50 196 98 134 185 77 204
    109 150 136 225 38 233 114 4 20 247 180 167 165 206 218 186 55 183
    177 63 121 169 134 74 152 88 87 39 22 38 89 166 102 90 198 206 44
    135 30 121 26 166 206 53 86 27 39 140 246 220 131 40 56 176 54 236
    133 109 240 203 67 221 206 211 95 26 102 167 17 64 10 180 58 2 133
    26 79 128 64 225 160 250 88 152 136 83 205 75 200 95 82 35 230 41 42
    155 247 38 186 191 182 131 226 177 81 123 218 218 82 138 200 176 244
    188 101 137 237 229 112 55 235 29 34 14 118 124 43 95 224 145 58 249
    115 135 246 152 135 58 254 254 86 49 30 10 70 155 175 127 227 228 6
    175 138 186 96 105 68 70 42 64 163 199 199 172 154 229 187 241 131
    55 51 7 162 76 235 11 90 152 201 141 95 34 52 173 73 205 52 56 153
    192 61 118 245 8 237 46 145 23 28 124 168 30 199 49 55 42 233 102
    221 9 191 244 6 159 211 29 226 79 70 136 205 19 40 36 194 147 11 48
    182 206 56 165 52 15 162 15 69 163 57 6 91 237 135 157 80 215 134 72
    123 9 7 196 94 221 101 240 139 37 255 56 230 20 7 109 18 89 222 132
    6 242 87 178 21 253 9 29 191 69 244 128 36 60 154 102 2 214 113 204
    145 19 251 154 214 236 161 26 163 214 15 150 64 18 219 65 116 174
    238 232 215 38 131 93 39 34 142 216 98 246 191 120 145 158 246 4 136
    101 129 196 113 117 7 71 246 177 2 180 118 238 87 115 80 33 64 48
    102 251 237 213 181 89 101 190 25 146 22 20 120 71 233 72 127 25 181
    93 56 68 186 82 223 68 148 236 139 158 174 171 99 237 90 161 162 61
    248 127 36 212 86 173 181 9 248 94 154 167 26 144 176 85 108 163 82
    134 26 157 65 70 244 199 117 62 181 13 159 110 198 147 32 52 91 153
    209 174 169 114 19 171 194 90 191 134 16 213 152 130 50 50 250 165
    126 176 33 134 85 24 135 100 128 173 175 2 141 6 208 159 210 68 31
    94 145 8 56 2 200 172 19 42 161 244 136 226 164 40 243 108 105 41 92
    161 225 97 87 152 68 206 119 19 238 255 76 122 125 178 45 252 182
    112 222 244 92 104 155 34 229 51 213 8 46 103 249 162 249 206 23 1
    169 99 253 114 86 165 219 79 168 86 219 179 101 231 129 4 128 126
    187 240 202 242 43 13 182 215 194 219 57 165 151 97 42 169 246 39
    200 247 72 215 48 63 165 55 25 12 197 199 83 126 234 138 249 161 149
    131 129 225 209 28 71 109 242 42 232 218 191 216 245 52 167 2 68 4
    88 211 129 102 40 91 176 65 86 132 208 99 13 205 190 220 97 236 171
    252 149 244 97 94 161 59 12 109 161 27 122 120 85 191 129 53 20 202
    243 203 209 234 46 252 35 8 198 158 225 192 10 166 213 179 88 174 14
    237 124 92 12 200 154 166 169 165 207 77 22 124 118 92 39 157 48 185
    30 166 207 51 88 219 104 229 224 27 11 233 180 31 153 179 56 149 74
    115 122 10 85 200 11 191 203 89 179 153 11 235 56 35 83 11 176 154
    131 29 62 125 48 170 197 101 44 161 161 4 52 90 135 46 143 151 231
    26 30 209 77 101 122 178 85 127 247 217 89 238 191 122 19 118 240
    183 93 73 195 26 91 82 63 115 11 49 193 233 248 109 174 200 222 159
    177 133 226 172 56 80 173 245 251 146 109 194 57 155 22 162 94 7 209
    223 62 116 45 186 103 4 41 70 109 79 95 11 217 47 7 206 34 52 177
    135 45 2 74 98 224 210 39 27 192 173 252 101 59 116 251 39 59 39 107
    241 115 15 173 19 255 41 35 176 146 184 238 251 26 179 2 195 192 109
    25 224 29 112 202 85 105 183 182 43 188 28 20 144 199 154 37 99 240
    121 95 34 55 242 83 32 27 120 100 136 7 58 214 245 199 109 100 36 57
    199 223 90 91 141 245 200 33 254 19 163 133 124 98 116 101 47 184
    222 138 136 67 235 215 94 138 199 72 251 182 214 126 105 150 71 235
    8 230 141 34 12 65 221 161 14 48 154 237 63 3 213 94 242 64 206 53
    138 153 38 144 82 175 254 59 54 165 182 246 214 234 125 116 203 247
    163 109 194 109 106 185 114 229 130 162 133 167 159 127 17 113 111 9
    34 69 106 79 113 239 116 39 225 64 99 172 225 231 201 27 249 119 131
    168 221 82 254 187 248 51 64 118 222 242 193 65 191 93 199 194 121
    37 49 123 25 22 224 127 86 184 162 57 78 57 78 203 184 226 8 136 254
    194 62 96 30 211 108 72 181 62 170 191 72 145 179 95 155 230 198 104
    3 154 229 60 1 205 223 203 131 65 27 45 50 157 73 90 207 6 214 191
    216 44 184 202 142 246 48 91 161 105 229 184 171 151 143 132 173 17
    174 80 170 64 168 211 52 218 180 30 21 229 74 197 124 126 56 11 136
    18 10 78 31 130 221 133 217 87 159 185 154 167 82 64 67 30 131 142
    176 192 59 82 191 112 174 63 202 140 231 40 11 188 96 242 137 237
    226 246 23 252 121 126 95 181 82 84 226 66 101 211 68 53 115 86 236
    100 87 65 53 242 26 223 156 75 11 14 153 206 49 193 118 198 205 146
    197 115 174 190 29 25 40 202 19 110 111 196 233 136 162 133 155 137
    50 12 173 185 254 162 123 144 90 199 123 56 193 232 230 35 124 21
    139 196 98 211 105 100 126 195 52 184 232 137 227 34 115 100 144 116
    39 120 25 132 60 82 149 221 28 204 127 67 59 82 176 64 154 133 167
    82 23 220 59 251 192 218 240 139 70 223 180 116 239 104 236 192 221
    20 253 184 244 181 70 214 208 178 67 154 131 70 9 16 252 101 72 61
    145 28 244 31 42 143 96 220 123 228 143 186 83 75 228 97 148 223 68
    147 200 122 75 145 138 191 35 180 80 142 233 9 241 146 251 70 61 86
    107 221 172 56 48 94 88 77 233 220 241 31 60 119 58 40 59 19 35 197
    195 42 86 68 33 223 12 145 101 232 240 101 4 178 255 104 215 151 48
    188 48 231 255 185 65 139 250 222 27 30 68 35 118 172 243 177 33 215
    81 234 210 174 51 154 169 130 50 119 67 57 34 213 175 182 26 165 107
    239 23 216 75 135 184 79 2 15 250 110 85 51 120 159 72 22 25 220 47
    143 116 54 154 147 189 179 11 10 18 53 106 120 146 231 94 94 212 53
    245 68 123 100 20 128 249 25 204 9 163 230 158 188 209 237 59 129 86
    56 248 253 141 169 204 24 251 236 115 35 49 238 129 230 57 48 210
    171 3 138 102 165 39 205 188 163 84 244 64 85 151 103 115 33 67 251
    188 251 157 159 241 157 251 192 205 253 94 118 178 178 227 75 108 37
    237 242 17 218 98 171 124 143 30 168 229 161 20 228 11 82 157 228
    209 138 242 130 174 69 72 104 160 101 146 58 226 173 132 68 249 126
    220 73 28 168 88 174 142 103 45 71 8 11 156 64 178 245 43 196 124
    181 4 142 19 87 214 111 144 116 101 153 86 52 137 250 136 156 218 94
    40 197 70 22 15 180 14 64 157 229 86 193 22 108 142 140 130 55 41
    120 92 219 102 4 151 83 3 11 135 236 161 134 207 223 81 77 248 175
    35 199 89 197 126 204 177 26 166 125 17 250 169 244 2 94 95 198 208
    176 211 161 107 221 46 236 182 254 221 155 100 146 134 18 155 154
    194 137 79 60 129 163 76 61 196 193 90 202 56 111 108 76 153 33 178
    170 24 236 49 86 36 150 192 243 82 18 124 2 194 237 56 229 240 104
    67 160 46 55 175 76 9 117 46 181 173 205 118 31 199 212 113 75 15
    214 49 158 102 241 122 235 36 170 133 71 41 145 5 173 112 10 58 146
    80 244 165 225 23 234 114 43 183 172 124 229 6 161 59 155 142 27 4
    86 205 50 88 198 20 30 211 206 161 41 69 182 213 152 71 145 210 82
    244 17 201 7 101 118 4 187 140 221 116 116 58 72 165 9 229 169 94
    230 19 20 158 3 4 127 204 94 150 105 223 244 198 203 104 29 111 251
    157 7 18 155 245 88 28 244 86 244 191 232 169 144 38 26 248 93 72 0
    193 130 94 126 124 235 6 162 168 255 100 143 19 193 63 245 184 115
    121 176 155 221 251 14 64 209 10 163 120 40 26 88 116 101 137 134 79
    129 125 2 24 111 245 252 188 219 98 230 17 50 224 244 115 215 146 76
    242 123 101 49 63 237 248 215 26 210 214 39 89 126 217 208 144 27 97
    49 70 200 114 102 50 234 15 237 249 145 211 156 169 96 174 90 80 214
    195 22 244 56 116 112 112 223 133 213 166 121 63 6 126 129 110 89
    207 210 115 41 75 116 195 31 105 139 24 124 79 205 101 17 84 94 136
    91 171 70 177 129 86 45 188 81 101 32 97 85 204 55 128 18 106 214
    165 122 182 150 234 100 146 202 101 138 182 255 121 30 195 224 48
    106 70 19 140 37 164 18 177 216 61 123 26 180 62 54 253 183 79 121
    176 244 5 179 252 86 207 113 68 184 21 86 249 69 230 231 183 134 202
    223 81 135 235 95 23 56 122 109 18 3 35 45 68 146 124 252 6 13 56 7
    104 194 168 167 179 33 28 234 146 54 159 124 133 42 71 128 251 235
    226 234 41 235 48 187 3 230 215 55 21 191 124 216 248 234 84 158 244
    220 165 67 148 141 8 56 127 228 133 64 53 136 221 131 72 31 104 111
    124 2 117 19 101 196 5 39 231 109 181 242 14 42 211 118 217 9 12 163
    219 51 235 29 35 192 62 169 15 77 97 49 162 124 101 141 237 216 86
    135 163 223 245 221 31 165 123 35 103 165 111 48 26 30 220 208 7 199
    155 86 64 217 99 146 184 28 92 225 145 157 86 120 171 139 41 113 79
    234 204 140 9 171 199 219 49 41 188 29 211 236 192 66 74 94 86 43
    188 221 14 94 150 134 184 209 225 174 41 64 161 34 160 50 60 199 199
    109 99 64 124 160 135 101 151 124 80 71 6 202 240 60 84 217 42 71
    214 63 171 187 149 119 53 130 194 242 116 229 40 79 31 173 224 107
    238 87 230 50 120 87 158 169 70 19 132 194 171 209 241 26 113 12 219
    15 228 15 119 99 219 79 196 43 220 85 168 207 252 221 4 161 103 28
    162 185 199 77 150 247 20 74 229 228 184 5 59 222 137 22 66 255 38
    121 156 143 100 219 205 39 91 153 66 136 248 93 234 31 91 213 168
    197 156 120 114 201 203 130 46 186 175 134 137 157 224 108 181 178
    88 59 54 86 242 71 206 15 48 38 244 178 71 120 65 218 170 71 83 99
    113 102 8 184 124 73 179 90 42 52 64 90 245 188 90 244 244 37 38 234
    225 73 188 255 23 134 172 202 247 53 182 105 165 190 255 164 22 184
    120 142 8 142 20 114 183 83 165 104 101 200 88 56 120 187 252 227 62
    122 146 61 110 9 86 15 151 13 201 251 42 26 41 73 204 154 44 97 37
    62 250 35 8 79 243 104 152 80 16 113 148 220 6 112 255 213 184 208
    171 61 145 70 184 44 206 37 158 36 226 140 207 3 66 156 73 128 60
    158 202 171 94 222 40 161 116 19 208 213 212 161 37 175 90 66 102
    167 229 225 156 40 137 70 83 207 168 14 155 100 8 134 74 156 126 40
    13 157 21 255 239 209 12 184 123 185 220 78 138 205 24 243 236 191
    233 132 39 79 199 103 154 150 232 244 87 78 251 199 68 19 203 111 50
    29 187 4 60 12 186 164 206 15 50 109 131 13 249 129 88 58 4 14 11 37
    189 6 184 249 231 198 78 91 164 69 119 194 15 34 190 127 152 133 41
    218 11 198 8 86 131 236 48 118 24 29 51 44 98 209 123 154 89 99 55
    19 232 39 103 193 199 94 210 3 166 122 99 87 141 186 223 228 156 215
    82 74 109 244 8 202 186 236 215 16 136 82 56 253 125 204 232 191 131
    58 160 50 48 169 252 23 59 240 54 4 191 41 135 244 221 249 34 169 51
    55 176 151 79 15 231 111 99 95 252 19 231 23 4 146 86 46 58 101 39
    174 207 101 43 206 180 71 227 209 203 32 205 34 202 246 185 251 174
    207 121 4 34 221 78 25 254 238 167 123 248 69 7 191 96 241 72 54 58
    230 15 121 19 136 149 184 96 116 172 229 186 170 113 169 7 171 205
    195 118 149 189 165 184 249 72 107 231 139 56 245 255 30 155 161 107
    24 197 169 127 64 56 200 253 130 170 100 154 241 66 53 113 57 131
    163 3 101 133 250 3 176 116 63 243 110 133 249 148 154 61 7 241 95
    50 78 192 145 161 250 146 248 56 214 131 109 183 254 238 134 217 37
    0 22 64 85 228 245 182 171 248 247 3 49 94 93 154 47 185 26 181 67
    27 35 213 131 5 244 203 13 246 209 161 38 193 23 212 116 88 220 14
    228 210 240 217 239 51 9 162 30 174 107 94 79 221 184 177 117 27 68
    110 56 128 131 61 142 60 211 118 74 141 209 218 13 121 49 96 197 18
    189 146 149 242 184 200 109 222 92 160 55 85 116 242 224 165 144 10
    135 201 100 147 178 181 121 33 2 17 193 21 0 162 18 195 105 187 114
    195 6 167 60 19 11 226 13 138 215 215 161 133 20 199 67 203 95 92
    143 159 71 26 110 61 200 17 229 237 185 118 78 42 111 243 199 247 62
    121 26 254 144 188 110 151 35 191 122 227 96 80 135 56 228 55 72 46
    60 132 255 31 111 60 156 12 26 76 247 209 232 9 209 131 208 53 218
    115 130 198 154 200 137 67 124 229 37 243 1 37 60 2 191 191 176 87
    250 43 55 3 243 79 212 226 200 49 24 93 204 147 237 38 154 162 99
    220 234 230 5 204 126 195 128 132 155 144 109 36 3 94 142 184 203
    234 114 98 75 151 224 229 58 45 251 161 147 88 105 255 17 191 221
    224 83 6 82 89 232 60 194 157 145 34 104 117 226 23 82 56 163 96 23
    204 93 19 199 50 10 27 37 223 178 26 64 236 50 0 162 220 29 237 205
    165 140 11 212 100 255 34 253 12 79 89 234 224 203 189 76 84 112 74
    212 163 2 190 34 79 11 90 225 62 83 119 100 88 225 121 51 19 228 251
    163 247 75 147 172 215 116 27 141 109 238 149 193 145 178 41 138 69
    236 161 84 49 6 50 224 191 139 49 6 120 178 69 85 102 153 97 49 44
    32 243 65 29 79 169 244 143 186 146 180 193 186 199 109 133 62 103
    172 214 74 110 78 8 99 24 25 76 58 70 209 154 123 79 124 6 94 213 58
    100 123 109 77 116 49 71 37 61 173 255 252 166 240 199 131 62 72 217
    147 144 206 49 94 86 200 133 149 191 207 66 225 107 39 155 201 214
    162 217 146 36 4 24 184 31 86 154 197 163 88 246 71 169 102 109 225
    40 40 203 45 149 120 78 232 119 72 240 239 103 71 171 227 148 15 25
    33 44 129 19 70 47 187 156 209 225 187 7 169 201 21 152 146 42 236
    184 111 182 150 250 168 23 87 42 43 40 139 148 168 13 41 26 125 9
    110 138 37 88 41 73 167 141 11 222 124 128 203 26 41 176 121 71 34
    28 128 49 185 231 149 82 28 206 216 44 215 177 20 93 190 172 109 231
    236 29 137 113 63 137 187 86 9 175 21 222 87 52 167 238 178 161 175
    141 63 229 208 34 214 218 133 127 164 50 107 7 174 165 202 144 27
    114 0 99 113 16 50 211 93 73 32 128 150 159 81 112 114 62 16 6 152
    104 193 191 198 26 74 76 215 117 236 195 22 109 178 170 1 90 143 145
    170 4 46 227 108 214 150 14 244 248 176 39 5 210 97 175 70 104 194
    91 29 85 55 231 125 151 49 209 103 28 127 153 234 199 39 183 82 114
    76 1 133 16 252 224 66 117 57 46 167 255 0 172 36 173 211 249 219 61
    225 192 7 7 224 246 63 241 58 133 233 240 127 85 220 154 178 83 138
    61 234 229 190 132 18 183 161 130 196 233 68 162 87 239 0 227 152
    238 91 6 218 54 101 160 189 20 251 29 123 170 224 18 73 226 11 216
    152 99 62 131 168 173 220 212 44 176 99 163 155 98 68 184 119 210 99
    175 74 29 67 58 51 228 60 202 108 20 173 59 131 160 89 174 149 96
    174 26 211 99 230 63 11 8 103 170 141 148 206 96 148 85 117 119 251
    171 249 215 204 7 223 235 146 138 93 211 101 86 230 220 250 98 58
    156 155 97 74 16 192 255 74 43 170 84 225 177 154 108 92 198 77 33 0
    20 180 186 47 95 16 251 193 146 16 205 232 100 91 116 165 125 138 63
    181 16 112 62 116 139 255 120 115 84 1 123 73 74 88 247 147 224 107
    69 32 101 23 10 55 5 55 151 198 162 124 201 211 171 45 131 141 240
    138 61 244 165 91 108 145 173 123 31 232 119 182 166 210 2 31 116
    195 93 165 74 232 221 79 73 120 17 106 100 173 156 133 196 161 163
    193 224 250 191 8 165 227 106 14 29 217 76 204 139 208 20 71 181 238
    199 147 184 21 152 114 207 71 237 113 227 143 26 217 230 122 5 128
    231 59 223 255 245 173 224 84 135 39 119 83 237 108 120 43 42 1 23
    252 157 182 214 225 114 141 25 216 146 136 192 108 159 14 210 145
    248 128 114 248 245 138 200 134 206 157 201 76 41 122 76 224 204 244
    199 104 232 19 48 35 245 37 71 3 77 132 223 117 142 174 5 53 82 115
    249 59 55 217 239 211 116 66 16 255 249 72 102 200 200 12 213 134 53
    141 208 79 12 202 139 95 119 84 242 112 191 101 17 142 158 143 142
    198 251 189 193 212 213 193 89 229 90 79 50 133 28 165 52 62 225 254
    245 12 195 94 222 144 21 161 227 237 99 180 213 218 247 191 39 100
    167 58 200 162 5 46 185 98 68 2 29 65 1 57 122 145 144 214 52 49 53
    126 140 53 248 203 13 3 62 60 96 26 152 115 70 37 47 14 112 127 147
    53 147 121 92 12 57 192 193 197 138 50 235 56 203 0 118 13 203 121
    17 58 242 232 202 180 52 254 223 131 147 95 43 100 37 58 182 28 118
    102 216 31 228 70 245 144 189 118 252 244 127 59 220 16 230 171 110
    109 88 47 192 64 137 48 151 42 144 22 46 10 84 148 67 111 107 114
    139 101 140 221 235 32 234 6 208 7 140 104 79 68 98 175 143 194 19
    151 203 133 70 158 184 71 244 155 99 119 10 15 204 53 44 131 5 219
    81 36 240 203 83 80 191 17 108 94 185 159 251 46 139 218 175 6 67
    175 38 226 49 197 66 219 181 31 58 61 92 53 178 216 77 33 156 222 99
    95 15 175 172 97 184 1 163 145 15 178 7 197 181 186 19 147 175 135
    148 105 119 129 246 10 126 27 93 76 63 81 232 219 140 164 12 191 108
    19 212 77 166 19 163 46 154 174 74 212 57 231 143 129 225 252 237
    162 83 96 25 23 210 192 169 113 179 11 71 16 137 69 146 211 119 141
    26</data></my_img>
<your_img type_id="opencv-matrix">
  <rows>50</rows>
  <cols>100</cols>
  <dt>u</dt>
  <data>
    238 213 231 212 73 122 6 166 132 80 247 155 114 147 71 13 168 12 29
    131 39 23 64 69 168 151 50 119 142 32 31 142 7 182 86 157 116 41 82
    203 20 112 92 227 209 12 10 91 115 43 66 237 154 114 248 76 46 225
    254 95 189 83 255 149 99 11 245 169 218 55 203 173 154 244 254 243
    94 2 251 42 197 216 117 81 100 117 151 27 107 151 234 184 217 217
    206 247 110 121 11 52 29 7 200 218 186 126 43 241 5 212 162 113 248
    16 115 87 30 114 72 197 194 46 37 51 72 225 149 145 12 84 74 8 235
    42 137 237 25 157 211 146 52 128 131 89 26 121 228 212 52 87 245 255
    239 143 140 132 55 25 45 117 117 62 149 1 110 99 103 239 36 101 24
    95 202 78 20 210 170 95 48 127 61 43 112 179 43 162 115 154 151 14
    209 254 53 58 190 65 60 99 21 196 251 163 186 185 15 190 158 175 58
    5 127 65 101 230 142 209 155 83 12 61 125 135 43 173 135 176 14 68
    60 38 253 55 77 199 111 224 1 170 174 216 114 226 115 170 245 201 69
    117 103 26 105 66 55 130 98 246 72 158 35 76 133 118 62 98 193 107
    214 74 188 174 207 179 115 199 133 191 112 250 5 99 156 29 94 9 125
    203 138 140 90 200 245 94 44 227 131 200 8 129 234 185 106 140 120
    54 199 175 97 177 138 23 150 243 86 215 239 181 86 98 4 22 97 126
    202 193 166 37 1 8 184 208 96 145 10 103 138 195 167 173 176 193 13
    220 197 37 38 189 217 120 247 28 162 109 57 130 130 215 152 82 204
    145 149 204 79 26 134 166 72 33 62 37 186 73 127 13 53 56 95 57 10
    88 150 74 120 193 3 160 212 19 211 216 136 4 65 245 89 240 4 105 192
    132 222 78 47 57 30 51 182 128 87 150 184 88 141 228 146 157 230 61
    219 34 129 174 231 201 113 185 20 135 151 96 31 41 232 176 186 77 68
    53 173 172 12 123 121 1 128 255 186 152 171 135 10 42 77 102 16 86
    75 98 235 161 93 10 31 134 108 125 31 128 201 241 94 46 172 103 235
    59 65 6 149 176 21 68 87 67 222 222 35 37 40 197 133 124 169 29 84 1
    177 239 24 18 221 160 131 207 248 98 73 194 50 171 102 92 14 57 236
    157 104 251 86 121 144 251 90 152 134 210 240 0 69 232 137 93 69 73
    26 254 212 77 12 82 9 104 40 116 133 199 150 203 220 33 107 165 191
    224 215 30 160 98 194 167 8 127 4 29 152 231 242 132 85 94 152 123
    227 201 69 208 144 225 131 46 244 172 200 157 127 100 224 225 239
    130 227 245 76 217 95 50 238 41 236 16 226 0 220 15 29 104 246 234
    67 86 103 62 4 42 187 108 76 191 14 20 204 25 178 153 173 38 150 237
    9 1 112 10 176 206 97 152 123 57 47 46 14 75 28 242 184 135 92 155
    134 208 40 107 151 18 222 175 104 49 240 2 195 211 159 147 186 24
    249 154 218 71 56 55 186 203 233 96 22 21 61 187 63 209 238 205 91
    18 82 162 180 64 101 136 207 213 173 101 116 67 174 220 198 18 10 95
    87 195 96 224 213 144 228 229 44 83 240 52 55 156 79 248 88 75 100
    105 109 148 128 162 180 52 114 151 84 119 184 10 9 72 226 17 127 166
    78 177 89 65 14 106 184 16 171 160 8 225 69 50 196 98 134 185 77 204
    109 150 136 225 38 233 114 4 20 247 180 167 165 206 218 186 55 183
    177 63 121 169 134 74 152 88 87 39 22 38 89 166 102 90 198 206 44
    135 30 121 26 166 206 53 86 27 43 140 242 215 124 41 56 169 52 230
    127 96 236 192 59 212 194 197 84 23 94 158 11 52 6 169 48 1 128 26
    72 121 63 218 150 250 82 139 128 83 195 77 194 91 81 37 222 42 43
    150 248 39 183 188 183 134 222 182 95 129 213 215 83 139 206 178 244
    188 102 131 238 225 112 46 234 28 32 16 124 128 43 104 227 151 58
    249 115 135 246 152 135 58 254 254 86 49 30 10 70 155 178 127 225
    229 7 169 131 181 95 104 65 65 40 59 156 182 183 159 145 226 174 234
    127 43 41 4 153 70 231 9 83 149 195 136 87 30 53 168 78 197 53 59
    148 187 61 118 244 11 229 44 143 30 35 127 166 35 197 53 60 43 225
    104 218 9 194 243 7 156 207 27 219 72 63 129 200 22 39 37 191 143 9
    45 189 205 56 165 52 15 162 15 69 163 57 6 91 237 135 157 80 215 137
    81 120 11 7 186 91 222 99 231 136 38 253 53 227 17 4 103 13 86 215
    130 3 233 81 171 13 251 7 30 180 66 239 124 33 62 151 96 1 208 109
    194 143 23 251 151 202 222 155 28 157 205 21 150 69 26 211 70 128
    176 229 225 209 39 131 90 45 37 142 208 95 243 181 118 141 148 242 6
    134 109 134 197 125 128 7 71 246 177 2 180 118 238 87 115 80 33 64
    48 102 251 237 210 181 88 96 182 30 143 24 23 113 66 229 68 123 23
    168 89 52 62 180 78 217 64 151 229 138 158 171 168 91 229 85 161 160
    61 248 122 37 201 82 166 178 12 250 97 152 162 28 147 170 88 112 163
    87 137 33 158 70 70 236 200 111 59 183 17 154 111 196 144 30 52 89
    147 202 166 160 119 23 171 192 94 194 136 16 213 152 130 50 50 250
    165 126 176 33 134 85 24 135 100 125 172 173 4 134 9 209 159 207 72
    32 91 149 11 56 1 197 164 16 40 162 243 143 222 162 35 238 106 96 42
    83 156 217 88 80 144 65 192 115 18 238 255 76 123 121 172 43 253 182
    113 215 241 97 108 159 35 225 58 211 7 50 109 245 165 245 206 30 3
    168 99 253 117 83 157 214 77 157 85 218 178 111 235 130 4 128 126
    187 240 202 242 43 13 182 215 194 219 57 165 151 97 44 171 243 44
    200 245 77 216 52 64 164 56 23 15 194 203 81 127 233 141 250 162 155
    132 130 224 214 27 66 105 239 37 224 214 184 208 243 50 165 1 64 7
    85 203 128 105 41 95 181 66 89 140 208 105 17 205 194 217 108 230
    170 248 149 243 102 97 158 61 16 109 153 29 120 119 83 185 124 53 23
    197 241 198 206 237 46 252 35 8 198 158 225 192 10 166 213 179 88
    174 14 237 114 89 13 198 154 166 169 168 207 79 23 125 117 90 41 159
    50 184 30 164 213 43 88 218 111 227 225 28 9 230 174 30 153 172 55
    147 72 108 119 13 81 190 15 187 194 90 173 155 16 232 56 38 94 20
    184 165 145 35 70 133 55 170 201 103 50 156 157 6 55 83 129 41 135
    142 229 25 27 204 77 111 128 176 90 129 247 217 89 238 191 122 19
    118 240 183 93 73 195 26 91 82 67 108 13 58 191 230 248 104 172 205
    225 162 180 135 229 171 56 79 169 249 251 153 114 194 58 159 21 164
    91 6 211 220 64 109 44 175 95 4 44 65 98 72 87 15 210 45 12 197 35
    52 179 140 48 3 77 108 222 206 43 32 195 168 250 102 62 113 248 37
    60 35 105 239 115 15 163 17 255 40 37 173 144 181 239 250 26 179 2
    195 192 109 25 224 29 112 202 85 105 183 182 43 186 35 29 142 201
    158 44 99 238 128 96 38 58 243 84 35 26 120 98 140 4 52 215 243 198
    112 100 35 60 198 221 85 87 142 245 190 35 254 29 159 130 120 89 118
    94 45 180 215 147 144 67 233 211 97 149 203 79 249 183 206 123 106
    145 68 227 7 226 134 32 11 60 218 149 12 41 143 236 59 5 208 111 241
    60 200 53 138 153 38 144 82 175 254 59 54 165 182 246 214 234 125
    121 206 244 164 105 186 107 104 181 113 226 134 165 138 164 160 131
    16 117 115 9 33 68 112 82 120 238 123 39 224 65 99 170 222 226 191
    32 249 113 124 166 215 75 254 186 250 49 61 121 221 242 191 64 196
    100 203 198 122 38 49 118 24 23 221 120 80 171 153 56 76 52 72 190
    171 227 7 129 254 189 60 111 28 206 118 72 181 62 170 191 72 145 179
    95 155 230 198 104 3 154 229 73 1 207 222 206 134 72 26 46 52 160 68
    90 207 4 215 190 215 43 187 206 148 248 45 94 164 109 227 190 175
    159 149 133 172 16 172 82 171 64 165 210 49 224 182 33 21 235 72 201
    133 132 56 15 144 23 15 89 35 132 211 127 206 84 151 181 141 154 82
    65 67 25 120 135 166 185 59 83 187 120 176 75 197 144 236 40 11 188
    96 242 137 237 226 246 23 252 121 126 95 181 82 96 225 81 104 209 78
    59 114 87 232 97 86 66 53 243 24 218 152 72 15 16 156 208 52 195 121
    202 210 155 201 115 174 188 33 30 43 200 23 106 105 189 239 139 170
    136 161 136 52 15 178 184 254 168 126 153 97 202 122 59 189 224 222
    33 111 22 123 187 96 203 104 98 119 184 50 180 236 130 234 32 120
    117 149 127 41 120 25 132 60 82 149 221 28 204 127 67 59 82 176 64
    154 141 170 94 28 215 62 250 191 214 239 142 68 221 175 115 243 103
    235 188 216 22 253 188 245 186 72 217 213 185 69 160 131 72 7 16 253
    103 79 58 143 33 248 35 45 155 98 229 126 236 151 191 91 73 231 105
    160 225 72 149 197 113 68 131 121 182 32 168 75 123 238 6 241 135
    250 66 56 83 111 231 178 59 49 106 91 77 233 220 241 31 60 119 58 40
    59 19 35 197 195 42 86 80 40 224 17 145 100 230 242 103 3 178 255
    109 215 153 49 186 48 226 255 185 64 141 250 220 30 30 66 35 120 183
    242 182 35 218 82 236 216 174 49 158 172 135 50 128 65 56 35 215 183
    188 30 175 111 241 30 217 76 135 178 73 1 14 248 105 78 49 111 139
    67 17 21 221 40 136 113 50 153 145 189 182 12 12 20 53 106 120 146
    231 94 94 212 53 245 68 123 100 20 128 249 32 204 11 164 229 159 186
    211 233 59 134 94 59 250 254 141 169 200 24 250 232 113 35 48 236
    131 229 58 45 213 176 3 139 105 171 40 209 188 169 85 246 56 84 162
    108 120 37 66 253 200 252 171 172 242 170 252 198 202 252 95 111 166
    165 219 68 102 35 232 240 12 225 93 163 117 138 24 163 234 160 20
    232 13 88 159 228 209 138 242 130 174 69 72 104 160 101 146 58 226
    173 132 80 248 133 216 85 35 168 98 173 146 106 52 81 11 14 159 59
    176 246 44 191 120 183 4 140 23 86 215 107 145 112 103 155 88 55 138
    248 135 159 220 94 41 213 68 30 17 187 15 64 173 237 93 204 28 119
    159 154 132 58 42 115 88 206 96 4 138 77 1 9 125 239 155 126 202 230
    77 70 248 174 33 194 91 192 126 204 177 26 166 125 17 250 169 244 2
    94 95 198 208 176 211 161 108 218 52 234 181 254 220 156 99 145 136
    20 152 149 190 135 70 58 120 160 72 61 196 191 91 203 59 107 109 77
    160 37 184 178 33 237 52 89 37 156 205 248 86 27 136 1 210 245 59
    239 248 119 70 176 55 59 181 76 12 117 44 170 164 198 115 25 188 205
    109 70 11 217 43 154 104 240 118 234 39 168 133 76 45 145 5 173 112
    10 58 146 80 244 165 225 23 234 114 43 183 174 127 226 5 164 67 157
    147 32 3 85 206 56 86 194 21 26 208 205 161 38 66 185 212 153 69 141
    211 75 243 14 205 6 103 113 4 185 143 226 112 113 53 68 178 9 240
    180 99 241 21 24 174 5 6 137 207 103 159 105 213 236 192 194 96 24
    109 250 146 5 13 149 244 90 21 241 87 242 182 233 164 141 41 28 248
    93 72 0 193 130 94 126 124 235 6 162 168 255 100 143 19 200 72 241
    189 122 124 179 158 222 252 15 66 211 13 163 114 39 23 80 107 89 139
    138 73 132 122 1 22 106 246 250 191 217 96 230 12 46 229 245 106 225
    150 70 248 135 102 50 56 245 251 227 29 220 226 39 90 133 209 200
    140 27 94 42 65 194 111 102 43 234 12 238 248 143 208 154 170 93 168
    91 86 216 194 23 243 56 116 112 112 223 133 213 166 121 63 6 126 129
    110 89 207 211 120 48 85 125 203 35 113 145 24 134 84 206 100 20 82
    91 135 82 176 62 183 130 77 45 188 72 94 30 95 77 211 52 125 11 103
    217 165 117 182 149 244 100 160 217 102 149 188 255 132 33 202 234
    53 112 66 23 145 37 164 15 168 204 55 115 21 180 55 46 253 183 81
    120 173 244 4 181 253 89 211 119 73 183 20 86 249 69 230 231 183 134
    202 223 81 135 235 95 23 56 122 117 18 3 39 49 77 152 134 253 5 13
    59 9 109 196 174 172 183 28 25 238 147 50 168 120 134 41 65 122 250
    238 231 236 38 238 47 187 1 237 222 50 18 208 133 231 250 242 79 168
    249 230 174 65 161 149 8 56 121 224 122 59 48 129 209 121 68 25 99
    102 117 1 115 15 102 194 4 32 237 111 182 243 14 45 215 118 217 9 12
    163 219 51 235 29 35 192 62 169 15 77 97 48 164 131 108 149 233 216
    89 141 165 221 248 219 27 165 127 30 93 164 94 42 23 28 217 211 6
    200 154 75 60 222 97 147 191 26 93 232 149 160 86 115 180 147 42 120
    75 243 215 147 7 178 206 227 50 42 194 33 205 230 188 56 61 84 70 37
    186 219 11 85 148 132 184 215 229 179 32 63 161 29 161 52 68 208 205
    109 99 64 124 160 135 101 151 124 80 71 6 202 240 60 84 216 43 78
    212 65 173 192 156 125 50 140 198 244 121 222 33 76 24 168 217 94
    240 78 231 47 112 79 155 172 68 11 133 200 180 217 244 25 111 8 229
    11 241 11 122 105 233 77 212 42 232 78 175 215 254 227 5 168 96 30
    160 186 194 66 138 245 15 68 221 229 185 4 52 229 137 17 65 255 32
    124 160 148 113 227 210 39 91 153 66 136 248 93 234 31 91 213 168
    197 156 120 114 204 205 139 47 197 178 140 144 160 220 109 185 178
    86 56 47 82 241 69 202 11 42 33 243 179 70 108 62 220 174 70 86 100
    109 103 7 194 127 75 187 95 44 50 65 95 249 203 83 250 249 37 39 237
    230 63 188 255 22 119 163 194 238 46 168 93 154 187 255 158 18 184
    112 141 7 146 16 114 186 88 171 113 113 209 98 56 120 187 252 227 62
    122 146 61 110 9 86 15 151 13 201 252 38 22 39 81 207 156 44 96 33
    66 249 32 6 81 242 94 147 78 18 99 143 217 6 97 255 215 192 215 179
    61 148 69 197 42 219 37 169 37 233 148 224 1 67 172 72 136 56 162
    213 178 91 229 40 162 102 21 200 201 200 147 37 160 75 56 93 159 221
    227 151 37 131 69 83 212 178 13 154 102 7 137 79 160 129 40 13 157
    21 255 239 209 12 184 123 185 220 78 138 205 24 241 232 191 229 139
    37 80 201 98 153 152 224 245 84 76 251 198 61 17 200 94 43 23 194 5
    61 8 195 161 213 9 50 106 131 8 249 133 95 58 5 11 9 33 201 7 197
    251 236 209 70 82 172 64 120 197 18 33 188 113 140 117 39 203 11 191
    9 77 117 235 44 109 20 24 49 43 99 214 126 159 93 106 61 18 235 39
    103 193 199 94 210 3 166 122 99 87 141 186 223 228 156 211 84 77 109
    246 5 204 188 229 211 14 140 83 50 252 124 200 227 185 120 50 150 42
    42 168 254 21 58 240 47 1 200 40 139 245 229 250 32 182 53 53 188
    158 81 20 238 111 95 91 254 21 235 24 4 146 70 44 53 87 39 160 195
    84 42 197 171 64 219 201 196 29 200 29 200 245 190 250 181 210 123 3
    37 226 79 25 254 238 167 123 248 69 7 191 96 241 72 54 58 230 15 119
    16 137 147 188 91 115 169 224 186 168 118 172 6 168 203 195 112 146
    191 165 183 250 70 95 233 141 52 244 255 29 160 160 107 18 202 178
    135 67 58 206 254 140 179 107 163 248 62 48 111 55 140 169 3 95 123
    250 3 165 102 56 233 99 118 240 131 139 53 8 236 84 46 72 185 142
    166 248 147 248 56 216 138 114 184 254 238 134 217 37 0 22 64 85 228
    245 182 171 248 247 3 46 91 91 154 47 190 23 186 76 25 37 215 141 5
    246 209 11 246 213 164 37 197 20 217 111 87 226 8 233 217 240 224
    239 49 6 169 25 183 111 102 76 229 194 183 120 24 62 104 48 134 135
    60 148 58 211 103 66 131 196 209 13 109 47 88 187 20 178 130 132 235
    176 190 104 221 89 159 50 79 112 238 225 168 142 7 135 201 100 147
    178 181 121 33 2 17 193 21 0 162 18 195 106 191 122 198 5 170 65 22
    13 226 14 151 218 217 166 143 21 206 72 210 91 84 148 164 72 22 105
    66 206 11 231 235 190 117 76 38 113 248 201 249 58 125 22 254 153
    194 106 152 32 197 119 227 93 75 137 53 219 55 68 50 60 122 255 35
    105 56 141 13 27 70 246 210 232 9 215 133 210 52 222 114 129 204 157
    208 137 67 124 229 37 243 1 37 60 2 191 191 176 87 250 43 60 3 242
    87 215 227 207 56 30 97 207 157 236 40 163 170 98 221 235 233 5 210
    134 205 133 134 160 149 107 39 1 94 144 194 212 235 115 103 75 157
    226 232 50 38 252 166 148 77 98 255 18 197 224 225 77 6 75 82 221 63
    191 150 138 38 100 109 218 23 76 53 154 91 20 209 98 18 201 50 11 26
    41 227 180 26 64 236 50 0 162 220 29 237 205 165 140 11 212 100 255
    34 252 11 89 95 234 226 212 197 87 93 128 87 218 175 4 198 35 85 9
    90 231 65 84 124 97 87 229 119 47 13 229 251 161 249 69 147 174 222
    114 29 141 109 246 151 196 144 181 35 137 58 236 164 73 48 6 48 215
    185 126 53 8 111 164 67 77 94 138 93 50 47 35 238 66 27 80 173 239
    140 188 142 180 200 191 209 109 133 62 103 172 214 74 110 78 8 99 24
    25 76 58 70 213 159 131 85 134 5 97 222 67 111 138 126 93 132 56 84
    41 75 179 255 252 173 241 208 138 61 70 221 147 145 205 47 90 84 203
    137 150 194 209 61 225 109 33 154 204 216 157 217 143 28 3 21 183 27
    76 141 190 150 79 236 69 151 98 102 215 43 43 195 46 136 112 73 234
    118 75 235 235 102 69 176 230 153 14 22 33 44 129 19 70 47 187 156
    209 225 187 7 169 201 21 152 153 43 238 189 119 190 155 250 178 22
    99 55 53 45 153 165 175 16 46 29 137 7 114 148 30 87 40 73 162 141 6
    224 117 129 202 21 33 178 123 69 30 26 128 44 185 230 142 72 22 205
    212 40 212 166 20 80 178 160 100 217 219 30 125 107 61 122 173 79 12
    165 21 224 83 52 170 235 183 168 180 140 65 234 213 33 214 218 133
    127 164 50 107 7 174 165 202 144 27 114 0 99 113 16 50 211 93 73 32
    128 150 159 81 112 114 62 16 6 152 104 193 191 198 26 74 76 215 117
    236 195 22 109 178 170 1 90 143 145 170 4 46 227 108 214 150 14 244
    248 176 39 5 210 97 175 70 104 194 91 29 85 55 231 125 151 49 209
    103 28 127 153 234 199 39 183 82 114 76 1 133 16 252 224 66 117 57
    46 167 255 0 172 36 173 211 249 219 61 225 192 7 7 224 246 63 241 58
    133 233 240 127 85 220 154 178 83 138 61 234 229 190 132 18 183 161
    130 196 233 68 162 87 239 0 227 152 238 91 6 218 54 101 160 189 20
    251 29 123 170 224 18 73 226 11 216 152 99 62 131 168 173 220 212 44
    176 99 163 155 98 68 184 119 210 99 175 74 29 67 58 51 228 60 202
    108 20 173 59 131 160 89 174 149 96 174 26 211 99 230 63 11 8 103
    170 141 148 206 96 148 85 117 119 251 171 249 215 204 7 223 235 146
    138 93 211 101 86 230 220 250 98 58 156 155 97 74 16 192 255 74 43
    170 84 225 177 154 108 92 198 77 33 0 20 180 186 47 95 16 251 193
    146 16 205 232 100 91 116 165 125 138 63 181 16 112 62 116 139 255
    120 115 84 1 123 73 74 88 247 147 224 107 69 32 101 23 10 55 5 55
    151 198 162 124 201 211 171 45 131 141 240 138 61 244 165 91 108 145
    173 123 31 232 119 182 166 210 2 31 116 195 93 165 74 232 221 79 73
    120 17 106 100 173 156 133 196 161 163 193 224 250 191 8 165 227 106
    14 29 217 76 204 139 208 20 71 181 238 199 147 184 21 152 114 207 71
    237 113 227 143 26 217 230 122 5 128 231 59 223 255 245 173 224 84
    135 39 119 83 237 108 120 43 42 1 23 252 157 182 214 225 114 141 25
    216 146 136 192 108 159 14 210 145 248 128 114 248 245 138 200 134
    206 157 201 76 41 122 76 224 204 244 199 104 232 19 48 35 245 37 71
    3 77 132 223 117 142 174 5 53 82 115 249 59 55 217 239 211 116 66 16
    255 249 72 102 200 200 12 213 134 53 141 208 79 12 202 139 95 119 84
    242 112 191 101 17 142 158 143 142 198 251 189 193 212 213 193 89
    229 90 79 50 133 28 165 52 62 225 254 245 12 195 94 222 144 21 161
    227 237 99 180 213 218 247 191 39 100 167 58 200 162 5 46 185 98 68
    2 29 65 1 57 122 145 144 214 52 49 53 126 140 53 248 203 13 3 62 60
    96 26 152 115 70 37 47 14 112 127 147 53 147 121 92 12 57 192 193
    197 138 50 235 56 203 0 118 13 203 121 17 58 242 232 202 180 52 254
    223 131 147 95 43 100 37 58 182 28 118 102 216 31 228 70 245 144 189
    118 252 244 127 59 220 16 230 171 110 109 88 47 192 64 137 48 151 42
    144 22 46 10 84 148 67 111 107 114 139 101 140 221 235 32 234 6 208
    7 140 104 79 68 98 175 143 194 19 151 203 133 70 158 184 71 244 155
    99 119 10 15 204 53 44 131 5 219 81 36 240 203 83 80 191 17 108 94
    185 159 251 46 139 218 175 6 67 175 38 226 49 197 66 219 181 31 58
    61 92 53 178 216 77 33 156 222 99 95 15 175 172 97 184 1 163 145 15
    178 7 197 181 186 19 147 175 135 148 105 119 129 246 10 126 27 93 76
    63 81 232 219 140 164 12 191 108 19 212 77 166 19 163 46 154 174 74
    212 57 231 143 129 225 252 237 162 83 96 25 23 210 192 169 113 179
    11 71 16 137 69 146 211 119 141 26</data></your_img>
</opencv_storage>
