<?xml version="1.0"?>
<opencv_storage>
<L2_diff>1.3665650368716447e+02</L2_diff>
<test_hist type_id="opencv-matrix">
  <rows>256</rows>
  <cols>1</cols>
  <dt>f</dt>
  <data>
    7.28465271e+02 1.29086792e+02 1.58133545e+02 8.69671509e+02
    6.58198364e+02 7.39770142e+02 7.22414612e+02 6.53063599e+02
    8.11040955e+01 2.76320190e+02 5.36499084e+02 2.93003845e+02
    6.37517090e+02 2.81466675e+01 2.58889160e+01 3.49232117e+02
    4.58648865e+02 3.13229126e+02 5.97685608e+02 9.67680420e+02
    1.71200562e+01 6.02101685e+02 7.28474487e+02 4.95433350e+01
    9.35141113e+02 4.16789246e+01 3.65219421e+02 7.55559692e+02
    3.17375183e+02 7.97851929e+02 2.37562195e+02 3.83892212e+01
    2.48831482e+01 2.13735565e+02 2.28981628e+02 9.64882935e+02
    7.74736450e+02 8.90953735e+02 1.21871033e+02 8.00916504e+02
    7.17879333e+02 3.64309326e+02 1.26734283e+02 4.19042084e+02
    9.51041260e+01 9.95708801e+02 1.22940735e+02 5.17413086e+02
    3.76357178e+02 7.14486572e+02 2.63208313e+01 2.84175049e+02
    6.22048645e+01 5.04708893e+02 3.34052246e+02 4.01672363e-01
    6.77067261e+02 5.90933228e+00 9.35907959e+02 3.81365204e+02
    8.63289429e+02 8.19855164e+02 9.38909668e+02 3.75061707e+02
    8.26294861e+02 6.79067505e+02 8.42730469e+02 1.05631714e+01
    5.08257629e+02 1.57499237e+02 5.90707092e+02 1.99616547e+02
    9.75228577e+02 7.29948364e+02 6.10933350e+02 6.88166260e+02
    3.93918152e+02 5.20168457e+02 6.34234619e+00 2.40163330e+02
    4.15122253e+02 3.79660522e+02 5.56085693e+02 6.39816650e+02
    4.60232758e+02 5.05943451e+02 9.02774170e+02 6.40750366e+02
    2.55672409e+02 6.86425659e+02 3.33772675e+02 8.47422974e+02
    2.99194275e+02 5.43519409e+02 2.61721924e+02 4.36537476e+02
    6.50051270e+02 9.78707153e+02 9.10714600e+02 1.43235748e+02
    9.21527222e+02 2.77815552e+01 7.18877197e+02 3.48037781e+02
    1.07532074e+02 5.06846283e+02 3.56182861e+00 3.95675293e+02
    6.15427368e+02 5.85414856e+02 1.64128723e+02 9.47841431e+02
    6.23263367e+02 5.68338318e+01 6.90443176e+02 9.08752441e-01
    2.49370163e+02 8.63033447e+02 3.53665771e+02 9.35880859e+02
    6.69997314e+02 1.31538239e+02 2.37762268e+02 4.77654449e+02
    9.21661316e+02 9.41093384e+02 4.01671143e+01 3.29941437e+02
    8.22137329e+02 5.45638916e+02 3.56492004e+02 3.69337097e+02
    5.45601501e+01 7.60076904e+02 7.40222412e+02 6.69755554e+01
    4.87360809e+02 4.99983215e+01 6.71371399e+02 5.24418518e+02
    1.60440063e+01 6.89603577e+01 2.70744690e+02 1.55165802e+02
    6.01689087e+02 6.66883179e+02 3.19276794e+02 1.78234528e+02
    4.38396851e+02 9.70740723e+02 8.58415771e+02 8.74465576e+02
    4.18685730e+02 2.67058105e+01 4.58169434e+02 9.35014771e+02
    5.80642822e+02 3.05284973e+02 9.18748840e+02 8.09551880e+02
    3.34688416e+02 4.68341766e+02 5.73789734e+02 5.87547974e+02
    7.75677979e+02 2.41520477e+02 1.21565002e+02 5.87698669e+01
    8.81418457e+01 8.01806641e+02 3.51160217e+02 7.37850708e+02
    3.18092224e+02 9.80558411e+02 4.29684448e+01 6.92230225e+00
    4.26641296e+02 9.13161255e+02 1.12170990e+02 3.21052094e+02
    6.71361938e+02 9.67171631e+02 9.53194092e+02 2.75397766e+02
    2.06128906e+02 8.00363525e+02 4.87755493e+02 9.14734985e+02
    9.56565552e+02 8.76371155e+01 1.35257812e+02 1.83063263e+02
    2.67759094e+02 2.78816284e+02 5.22594849e+02 3.76343079e+01
    9.88707947e+02 7.51716492e+02 9.11543579e+02 3.67386902e+02
    1.76968170e+02 8.09373352e+02 4.28834442e+02 1.61956543e+02
    6.33052246e+02 8.25741211e+02 7.47689209e+02 8.31434448e+02
    8.53208252e+02 7.43760376e+02 1.88704529e+02 3.97570770e+02
    2.99029236e+01 6.27622131e+02 2.93868103e+02 2.68371582e+01
    4.50817749e+02 9.38928711e+02 8.61119629e+02 6.25912476e+00
    8.49684204e+02 3.71867889e+02 6.55980225e+02 7.92978760e+02
    1.75239380e+02 3.83474854e+02 2.20557587e+02 7.48874512e+02
    5.70508667e+02 8.27881836e+02 4.43003906e+02 7.02417480e+02
    4.05699371e+02 7.16553223e+02 1.88360901e+01 2.70952087e+02
    6.50042603e+02 6.71818054e+02 6.87523193e+02 1.34495392e+02
    4.06659241e+01 6.00981628e+02 1.29522797e+02 3.55018494e+02
    4.07978333e+02 8.87330750e+02 9.86569519e+02 9.17196533e+02
    6.65437561e+02 8.22039795e+02 2.10538452e+02 9.32533325e+02
    8.06293579e+02 1.12760620e+02 2.54536530e+02 9.91879517e+02</data></test_hist>
<my_lkt type_id="opencv-matrix">
  <rows>256</rows>
  <cols>1</cols>
  <dt>u</dt>
  <data>
    2 2 2 4 5 7 8 10 10 10 12 12 14 14 14 14 15 16 17 19 19 21 22 22 24
    24 25 27 27 29 29 29 30 30 30 32 34 36 36 38 39 40 40 41 41 44 44 45
    46 47 47 48 48 49 50 50 51 51 53 54 56 57 59 60 62 63 65 65 66 66 68
    68 70 72 73 74 75 76 76 77 78 79 80 81 82 83 85 86 87 88 89 91 91 92
    93 94 95 97 99 100 101 101 103 104 104 105 105 106 107 108 109 111
    112 112 114 114 114 116 117 119 120 120 121 122 124 126 126 126 128
    129 130 131 131 132 134 134 135 135 136 137 138 138 138 139 140 141
    142 142 143 145 147 148 149 149 150 152 153 154 156 157 158 159 160
    161 163 163 164 164 164 166 166 168 168 170 170 170 171 173 173 174
    175 177 179 180 180 182 183 185 187 187 187 187 188 188 190 190 192
    193 195 196 196 198 199 199 200 202 203 205 207 208 209 209 209 211
    211 211 212 214 216 216 218 218 220 221 222 222 223 224 225 227 228
    229 230 232 232 232 234 235 236 237 237 238 238 239 240 242 243 245
    247 248 249 251 252 252 253 255</data></my_lkt>
<your_lkt type_id="opencv-matrix">
  <rows>256</rows>
  <cols>1</cols>
  <dt>u</dt>
  <data>
    2 3 3 5 7 7 8 10 12 14 14 14 16 16 17 18 19 20 22 23 25 26 26 27 29
    29 30 30 31 31 33 33 35 36 36 37 38 38 39 39 41 42 43 43 43 44 46 46
    46 47 48 49 51 53 53 55 55 56 56 58 59 59 62 63 65 67 67 68 68 70 72
    74 74 76 78 80 80 81 81 83 83 85 85 86 86 86 88 90 90 92 92 95 96 97
    98 99 100 102 103 105 106 107 108 109 109 111 113 114 115 117 117
    118 120 122 124 124 125 125 127 128 128 129 130 131 131 132 134 134
    135 136 138 139 140 140 141 143 145 145 147 148 149 149 150 151 151
    153 153 154 156 157 158 160 160 162 164 166 167 168 169 169 170 172
    172 172 173 175 176 176 177 178 178 179 180 180 182 182 183 184 185
    187 188 189 191 193 195 196 197 198 200 201 202 203 203 204 204 206
    206 207 209 210 211 212 212 214 214 215 216 218 219 219 220 221 222
    223 223 224 225 226 226 228 228 230 230 230 231 232 232 232 232 235
    235 236 236 236 236 237 239 240 240 241 242 244 245 246 246 247 249
    249 250 251 252 253 253 253 254 255</data></your_lkt>
</opencv_storage>
