<?xml version="1.0"?>
<opencv_storage>
<L2_diff>7.0213958726167832e+01</L2_diff>
<test_hist type_id="opencv-matrix">
  <rows>256</rows>
  <cols>1</cols>
  <dt>f</dt>
  <data>
    2.88409485e+02 6.41929321e+01 8.83261963e+02 3.10551727e+02
    8.38626038e+02 8.42439575e+02 6.10792603e+02 9.91281982e+02
    1.23306946e+02 2.52942154e+02 4.52805176e+02 3.27793396e+02
    3.45090027e+01 3.65534485e+02 8.32723816e+02 4.31659729e+02
    8.86299744e+01 9.51886230e+02 4.43006897e+02 4.78799225e+02
    5.32157959e+02 2.56898560e+02 9.44991455e+01 4.17451477e+01
    9.27259216e+01 7.09166321e+02 5.99910645e+02 1.13239380e+02
    2.10500122e+02 6.92474365e+00 6.50722717e+02 4.35700500e+02
    3.39366089e+02 6.83303772e+02 3.70695923e+02 8.71810486e+02
    8.99328613e+02 2.35674438e+02 9.62689575e+02 3.80059753e+02
    4.54286102e+02 9.56187012e+02 3.73201294e+02 1.70882538e+02
    1.96552399e+02 5.69550110e+02 6.42330444e+02 8.46004761e+02
    4.46565369e+02 8.52856445e+02 8.57293274e+02 2.54433350e+02
    6.84374390e+02 6.18659119e+02 3.95638245e+02 6.87469177e+02
    4.45731354e+02 4.79641266e+02 2.69127960e+02 3.95844543e+02
    4.61392548e+02 8.32344727e+02 3.00116943e+02 2.09508087e+02
    4.15815491e+02 8.75894531e+02 9.24208252e+02 3.36063904e+02
    4.71939087e+01 4.39120911e+02 4.82861633e+01 3.85254486e+02
    5.05812927e+02 4.25112244e+02 6.76927612e+02 3.77282410e+01
    9.70117432e+02 7.78221191e+02 8.43824402e+02 2.48576431e+02
    7.52387085e+02 3.28406830e+02 7.10552979e+00 3.27629974e+02
    9.42702148e+02 8.05350525e+02 1.48778564e+02 9.85914429e+02
    2.35746796e+02 3.07975037e+02 7.96461548e+02 1.64368622e+02
    7.63153687e+02 1.84776123e+02 2.09704803e+02 7.67756348e+02
    6.11994690e+02 6.60528259e+01 8.56756470e+02 1.34500610e+02
    8.72880188e+02 3.41758331e+02 3.38217285e+02 4.05502563e+02
    1.60495300e+01 8.28825623e+02 1.77538147e+02 4.05957764e+02
    6.02895203e+01 1.15771606e+02 2.99996246e+02 4.19409760e+02
    7.05201416e+02 4.74611267e+02 1.99547241e+02 3.51646851e+02
    7.52854980e+02 8.86413696e+02 3.68165039e+02 3.60883942e+02
    9.37550964e+02 7.76789185e+02 1.27514648e+01 4.65947235e+02
    2.24624939e+02 3.84394287e+02 5.17156433e+02 2.59208618e+02
    9.88814514e+02 6.20355713e+02 4.29771027e+02 2.64388977e+02
    6.85661194e+02 8.95375610e+02 8.37247681e+02 4.20240570e+02
    5.60188232e+02 4.14494629e+02 8.65278076e+02 2.72508331e+02
    9.22024536e+00 5.03592834e+02 4.26774475e+02 4.85723511e+02
    3.60709412e+02 3.97987061e+02 7.73946289e+02 7.82958679e+02
    5.47916443e+02 6.10372925e+00 7.66605957e+02 5.78146606e+02
    8.14061401e+02 6.59649292e+02 8.89269531e+02 8.26962280e+01
    6.77971985e+02 8.11932556e+02 5.38406860e+02 9.32159912e+02
    5.17730225e+02 5.71572693e+02 6.61889465e+02 6.07553894e+02
    5.24791870e+02 5.86270142e+02 8.11154663e+02 8.37273071e+02
    6.58906250e+01 7.63387695e+02 6.94506653e+02 4.54791016e+02
    9.36095154e+02 8.75627319e+02 7.10483032e+02 6.55320801e+02
    3.83742126e+02 5.53092834e+02 8.11697449e+02 4.35356750e+02
    9.51302490e+02 8.64672546e+02 7.40941589e+02 7.39642639e+02
    5.31626587e+01 1.67476044e+02 6.81005615e+02 3.01248474e+01
    2.51905945e+02 7.51443787e+02 4.62228027e+02 4.93928253e+02
    8.39697632e+02 9.51544128e+02 5.91724121e+02 2.15211090e+02
    9.07819336e+02 4.50545746e+02 2.43649078e+02 1.83981964e+02
    3.13199463e+02 7.81133057e+02 4.48872559e+02 9.61848389e+02
    2.28762573e+02 6.21626770e+02 2.91930298e+02 8.02857666e+02
    2.11766174e+02 3.54905884e+02 9.57286377e+01 6.08224121e+02
    2.89613464e+02 4.45391724e+02 9.98474182e+02 2.49778931e+02
    1.47510101e+02 6.49739136e+02 2.29479919e+02 7.29261536e+02
    2.18931946e+02 9.35957642e+02 8.13926575e+02 4.36327484e+02
    7.51438843e+02 3.62397705e+02 7.02928833e+02 2.28378784e+02
    1.02736542e+02 7.82825317e+02 9.71101562e+02 4.61417297e+02
    9.06651245e+02 7.65111450e+02 1.54579803e+02 8.46379883e+02
    7.31017273e+02 7.86512573e+02 1.89982513e+02 8.50579590e+02
    7.31650085e+01 8.70458008e+02 2.61593628e+01 1.90380890e+02
    4.56159973e+01 2.67880066e+02 9.34358765e+02 6.77813965e+02
    8.44030579e+02 6.49074097e+02 7.14689026e+01 9.50604248e+02
    1.87693909e+02 5.46130127e+02 4.07204865e+02 7.83881409e+02</data></test_hist>
<my_lkt type_id="opencv-matrix">
  <rows>256</rows>
  <cols>1</cols>
  <dt>u</dt>
  <data>
    1 1 3 3 5 7 8 10 10 11 12 12 12 13 15 16 16 18 19 20 21 22 22 22 22
    24 25 25 25 25 27 28 28 30 31 32 34 35 37 38 39 40 41 42 42 43 45 46
    47 49 51 51 53 54 55 56 57 58 59 60 61 62 63 63 64 66 68 69 69 70 70
    71 72 72 74 74 76 78 79 80 81 82 82 83 85 86 87 89 89 90 92 92 93 94
    94 96 97 97 99 99 101 102 103 103 103 105 106 106 106 107 107 108
    110 111 111 112 113 115 116 117 119 120 120 121 122 123 124 124 126
    128 128 129 130 132 134 135 136 137 138 139 139 140 141 141 142 143
    144 146 147 147 148 149 151 152 154 154 155 156 157 159 160 161 162
    164 165 166 167 169 169 170 171 172 174 176 177 178 179 180 181 182
    184 185 187 188 188 189 190 190 190 192 193 194 195 197 198 198 200
    201 201 202 202 204 204 206 207 208 208 210 210 211 211 212 213 214
    215 216 216 217 218 219 219 221 223 223 225 226 227 227 227 229 231
    232 233 235 235 236 238 239 240 241 241 243 243 243 243 244 246 247
    248 250 250 251 252 253 254 255</data></my_lkt>
<your_lkt type_id="opencv-matrix">
  <rows>256</rows>
  <cols>1</cols>
  <dt>u</dt>
  <data>
    1 1 2 3 5 6 8 9 10 10 11 12 12 13 14 15 15 17 18 19 20 20 21 21 21
    22 23 24 24 24 25 26 27 28 29 31 32 33 35 35 36 38 39 39 40 41 42 44
    45 46 48 48 50 51 52 53 54 55 55 56 57 59 59 60 61 62 64 65 65 66 66
    67 68 68 70 70 72 73 75 75 77 77 77 78 80 82 82 84 84 85 86 87 88 89
    89 91 92 92 94 94 95 96 97 98 98 99 100 100 101 101 101 102 104 104
    105 106 107 109 109 110 112 114 114 114 115 116 117 117 119 120 121
    122 123 125 126 127 128 129 131 131 131 132 133 134 135 136 137 139
    140 140 141 142 144 145 147 147 149 150 151 153 154 155 157 158 159
    160 161 163 163 165 166 167 169 171 172 173 174 175 177 177 179 181
    182 184 184 184 186 186 186 188 189 190 191 193 194 195 196 197 198
    198 199 200 201 203 204 205 205 207 207 208 208 209 210 211 213 213
    214 215 215 217 217 219 221 221 223 224 225 225 226 227 229 230 232
    233 234 235 237 238 239 240 240 242 242 243 243 243 245 246 248 249
    249 251 252 253 253 255</data></your_lkt>
</opencv_storage>
