<?xml version="1.0"?>
<opencv_storage>
<L2_diff>2.3270601625226623e+03</L2_diff>
<test_hist type_id="opencv-matrix">
  <rows>256</rows>
  <cols>1</cols>
  <dt>f</dt>
  <data>
    2.22178772e+02 6.61521179e+02 1.34910889e+01 5.20133606e+02
    3.06677124e+02 5.60939514e+02 8.79108337e+02 3.51589661e+01
    3.64085175e+02 3.75828278e+02 1.98432922e+01 9.98878479e+02
    9.16307983e+02 1.79240417e+02 8.10736816e+02 9.70679749e+02
    1.59190887e+02 7.12685913e+02 9.47590942e+02 4.49055481e+01
    9.19031250e+02 4.72467499e+02 4.40174255e+01 6.88054688e+02
    9.04382080e+02 7.54672119e+02 4.55838440e+02 8.52345459e+02
    9.04644775e+02 5.02749908e+02 3.02925903e+02 9.19213013e+02
    1.55408600e+02 4.27394043e+02 3.32145966e+02 5.38207764e+02
    7.33070984e+01 4.02875275e+02 9.76205688e+02 1.56188873e+02
    3.01228455e+02 7.40491028e+02 6.67785339e+02 2.58534119e+02
    7.78835938e+02 4.98504517e+02 7.56135132e+02 8.28974365e+02
    6.74277283e+02 9.14798706e+02 8.58098389e+02 7.19452515e+02
    6.13720276e+02 8.55214111e+02 3.07035828e+02 5.81554260e+02
    3.39335938e+02 8.07169434e+02 2.59286804e+01 3.48024750e+02
    9.40206543e+02 8.84417847e+02 1.36941833e+01 8.13596069e+02
    9.35181091e+02 3.51488892e+02 4.94080414e+02 5.03729279e+02
    6.95669922e+02 6.19417358e+02 5.44578369e+02 1.63357910e+02
    3.66679565e+02 8.79040405e+02 1.82108368e+02 1.41473389e+02
    3.73422241e+00 4.52714569e+02 8.16096313e+02 1.66572479e+02
    7.91449768e+02 6.24588440e+02 4.09845215e+02 7.78894531e+02
    7.33412537e+02 7.31310913e+02 4.73884857e+02 7.84274658e+02
    9.39950256e+02 3.64507812e+02 2.00396118e+02 7.26989807e+02
    2.19982208e+02 2.50069443e+02 6.72772217e+02 7.15694824e+02
    3.05388275e+02 9.99039185e+02 3.10232117e+02 4.72093964e+02
    2.30810181e+02 9.24946594e+01 3.37319031e+02 7.56279419e+02
    2.40749481e+02 6.05729492e+02 8.44888672e+02 6.42684326e+02
    2.66823975e+02 1.45727783e+02 9.32648071e+02 3.56729675e+02
    2.22178772e+02 6.61521179e+02 1.34910889e+01 5.20133606e+02
    3.06677124e+02 5.60939514e+02 8.79108337e+02 3.51589661e+01
    3.64085175e+02 3.75828278e+02 1.98432922e+01 9.98878479e+02
    9.16307983e+02 1.79240417e+02 8.10736816e+02 9.70679749e+02
    1.59190887e+02 7.12685913e+02 9.47590942e+02 4.49055481e+01
    9.19031250e+02 4.72467499e+02 4.40174255e+01 6.88054688e+02
    9.04382080e+02 7.54672119e+02 4.55838440e+02 8.52345459e+02
    9.04644775e+02 5.02749908e+02 3.02925903e+02 9.19213013e+02
    1.55408600e+02 4.27394043e+02 3.32145966e+02 5.38207764e+02
    7.33070984e+01 4.02875275e+02 9.76205688e+02 1.56188873e+02
    3.01228455e+02 7.40491028e+02 6.67785339e+02 2.58534119e+02
    7.78835938e+02 4.98504517e+02 7.56135132e+02 8.28974365e+02
    6.74277283e+02 9.14798706e+02 8.58098389e+02 7.19452515e+02
    6.13720276e+02 8.55214111e+02 3.07035828e+02 5.81554260e+02
    3.39335938e+02 8.07169434e+02 2.59286804e+01 3.48024750e+02
    9.40206543e+02 8.84417847e+02 1.36941833e+01 8.13596069e+02
    9.35181091e+02 3.51488892e+02 4.94080414e+02 5.03729279e+02
    6.95669922e+02 7.04445618e+02 6.88911072e+02 2.21809418e+02
    2.14945679e+02 3.28921570e+02 7.70808716e+02 9.41311951e+02
    4.16547546e+01 4.52582153e+02 1.00596313e+02 3.99465271e+02
    8.53661499e+02 2.09226166e+02 1.76119202e+02 5.92506470e+02
    2.83123871e+02 3.30939941e+01 5.14099487e+02 9.44752747e+02
    5.88096924e+02 1.77255249e+00 5.61088440e+02 4.08145325e+02
    2.76894836e+01 1.30285889e+02 8.83465515e+02 1.23960297e+02
    7.52748535e+02 5.93898682e+02 8.95847168e+01 3.42483521e+01
    3.29743103e+02 2.13033020e+02 6.75101807e+02 6.17367798e+02
    1.19909821e+02 3.73427368e+02 1.01607697e+02 6.85776855e+02
    1.57734253e+02 9.88471069e+01 5.32812134e+02 5.07959900e+01
    5.64122498e+02 9.84441956e+02 1.04249817e+02 3.79098663e+02
    1.45180389e+02 5.81268127e+02 3.13815125e+02 4.04202972e+02
    5.19871155e+02 9.35800842e+02 8.75076538e+02 1.13523285e+02
    7.91507751e+02 7.64655090e+02 5.60331177e+02 7.78401123e+02
    8.69715881e+01 7.51194641e+02 1.31165192e+02 4.65501312e+02
    3.37808136e+02 5.98945679e+02 9.39879883e+02 8.23223877e+02
    5.43666809e+02 4.62360779e+02 3.45309479e+02 9.32503906e+02
    6.54419922e+02 8.06378052e+02 4.79980682e+02 1.80038300e+02</data></test_hist>
<my_lkt type_id="opencv-matrix">
  <rows>256</rows>
  <cols>1</cols>
  <dt>u</dt>
  <data>
    0 0 2 2 3 4 5 7 9 10 10 10 11 11 12 14 15 17 19 20 22 23 23 25 26 27
    28 28 29 30 32 33 33 33 35 35 36 37 37 38 39 40 42 43 45 46 47 49 49
    49 51 51 51 53 53 53 54 55 57 59 59 60 60 61 62 63 64 65 67 68 69 70
    71 72 73 73 73 74 76 76 78 79 80 81 83 84 85 87 89 89 90 91 92 92 94
    95 96 98 98 99 100 100 101 102 103 104 106 107 107 108 110 110 111
    112 112 113 114 115 117 117 118 118 118 120 122 123 124 126 127 128
    130 130 132 133 133 134 136 138 139 140 142 143 144 146 146 147 147
    148 149 149 151 152 152 154 155 156 157 158 160 161 163 165 166 168
    169 171 171 172 173 175 175 176 177 179 179 181 183 183 184 185 187
    188 190 190 191 191 193 195 195 196 196 197 198 199 199 200 201 201
    202 204 205 205 206 207 207 207 209 209 211 212 212 212 213 213 215
    216 216 217 217 219 219 219 220 220 221 223 224 224 225 226 226 227
    228 230 232 232 234 235 236 238 238 240 240 241 241 243 245 246 247
    248 249 251 252 254 255 255</data></my_lkt>
<your_lkt type_id="opencv-matrix">
  <rows>256</rows>
  <cols>1</cols>
  <dt>u</dt>
  <data>
    255 37 127 80 119 219 217 30 176 142 8 156 68 47 239 42 141 195 202
    92 230 21 70 29 87 224 155 62 147 66 176 92 76 181 228 84 169 255
    115 128 180 96 55 139 54 62 21 251 245 133 45 155 186 121 86 234 69
    208 34 182 180 119 250 35 60 237 45 67 6 255 115 184 63 155 102 236
    184 242 233 236 92 38 63 218 140 116 9 54 71 21 157 38 31 24 37 230
    50 35 5 64 233 34 0 83 207 93 151 44 200 41 1 86 80 240 112 26 123
    192 173 6 170 92 196 250 187 138 146 227 146 231 228 187 113 159 216
    94 217 185 15 4 28 201 190 159 205 185 217 27 5 77 100 148 13 153 45
    134 203 143 46 188 165 58 191 164 83 224 214 72 3 4 212 170 137 247
    164 107 135 30 39 195 244 0 0 0 0 0 0 0 0 0 0 0 0 0 0 0 0 0 0 0 0 0
    0 0 0 0 0 0 0 0 0 0 0 0 0 0 0 0 0 0 0 0 0 0 0 0 0 0 0 0 0 0 0 0 0 0
    0 0 0 0 0 0 0 0 0 0 0 0 0 0 0 0 0 0 0 0</data></your_lkt>
</opencv_storage>
