<?xml version="1.0"?>
<opencv_storage>
<L2_diff>2.3508543127977964e+03</L2_diff>
<test_hist type_id="opencv-matrix">
  <rows>256</rows>
  <cols>1</cols>
  <dt>f</dt>
  <data>
    5.21745911e+02 1.81224945e+02 6.47451111e+02 1.83802948e+02
    2.08961090e+02 7.00474243e+02 9.54157410e+01 6.86815918e+02
    8.58413147e+02 8.84881348e+02 1.64523285e+02 3.21881897e+02
    1.81963531e+02 5.59729431e+02 6.07599792e+02 2.30959900e+02
    7.49990967e+02 7.39090942e+02 7.78132751e+02 2.66208282e+02
    9.72015869e+02 3.38417877e+02 9.97409180e+02 2.17729065e+02
    5.84326477e+02 3.31430542e+02 5.39236328e+02 4.43085022e+02
    9.58630005e+02 6.14644653e+02 5.23676147e+02 2.84111755e+02
    1.03500092e+02 9.29700073e+02 6.54358765e+02 9.44664062e+02
    9.80416382e+02 8.81144531e+02 8.77185486e+02 2.15114685e+02
    6.24373474e+02 2.58664673e+02 4.80146301e+02 9.52420471e+02
    1.38932892e+02 7.84089722e+02 9.98778442e+02 3.85585968e+02
    2.82990417e+01 6.62551758e+02 2.83415833e+02 6.91784729e+02
    5.56805664e+02 1.28940002e+02 5.11278381e+01 8.96162231e+02
    2.87959503e+02 2.67514923e+02 4.62471863e+02 2.78062988e+02
    4.77845337e+02 9.46596313e+02 4.90687225e+02 2.12654053e+02
    3.15867035e+02 5.18608032e+02 7.55107544e+02 2.27029480e+02
    8.14216797e+02 5.51430969e+02 6.32607727e+02 3.20649963e+02
    7.18598328e+01 5.21684875e+02 3.49098755e+02 4.67073608e+02
    4.82602356e+02 7.20488098e+02 8.94011597e+02 3.09570251e+02
    2.97145569e+02 6.19273804e+02 3.25885986e+02 6.49312012e+02
    6.74261536e+02 5.84845459e+02 4.90217224e+02 6.15159668e+02
    3.47408691e+02 6.01110107e+02 7.12850708e+02 2.39443085e+02
    6.50151611e+02 3.82936890e+02 5.89355286e+02 4.17583313e+01
    8.26500854e+01 4.52144287e+02 7.18125610e+02 5.34875488e+00
    4.33380737e+02 9.01976929e+02 5.47127747e+02 6.90138672e+02
    4.19631348e+01 6.77164429e+02 4.59274597e+02 6.85337585e+02
    2.91240204e+02 4.57734436e+02 9.58515747e+02 5.09877991e+02
    2.49368729e+02 6.85947815e+02 6.73658081e+02 5.13946533e+01
    8.85910034e+02 8.55952332e+02 4.61316833e+02 8.49827087e+02
    8.05438110e+02 1.60483124e+02 4.76700775e+02 4.39141083e+02
    4.01534241e+02 1.33048920e+02 8.27456543e+02 8.70162109e+02
    9.13091553e+02 4.84395935e+02 2.91617249e+02 1.25365662e+02
    2.09383087e+02 5.03934631e+02 5.73455566e+02 2.44459122e+02
    4.46837769e+01 1.44046844e+02 6.43519287e+02 3.69346771e+02
    3.54719421e+02 7.07916809e+02 1.26696533e+02 2.88842224e+02
    1.26272736e+02 9.56907104e+02 9.95078430e+01 6.87315063e+01
    6.40127136e+02 9.11316284e+02 8.05658752e+02 8.81974304e+02
    3.14961731e+02 6.30274658e+02 1.56727173e+02 2.68587219e+02
    5.13828125e+01 5.55499634e+02 4.72437347e+02 9.20860413e+02
    3.84247101e+02 5.19196594e+02 9.82358948e+02 4.33223206e+02
    1.85876953e+02 5.42492065e+02 3.96309204e+01 4.29237488e+02
    8.40768616e+02 2.78135681e+02 3.15753418e+02 1.60512970e+02
    5.04839355e+02 1.06916809e+01 4.70479919e+02 1.05359711e+02
    9.26452087e+02 2.89480530e+02 6.83753235e+02 4.77748932e+02
    3.55111511e+02 4.99273743e+02 5.67535095e+02 3.08878754e+02
    6.35138733e+02 1.53255920e+01 7.93670532e+02 5.91669250e+02
    9.87661682e+02 3.16590210e+02 3.61962891e+00 8.14628296e+02
    1.61530853e+02 6.74046021e+01 2.17022919e+02 3.65012970e+02
    3.15510620e+02 6.57548157e+02 4.14261292e+02 5.86914917e+02
    5.15650940e+01 7.04568176e+01 4.32540405e+02 2.28964722e+02
    1.20044556e+01 9.76220093e+02 2.13031830e+02 1.97152710e+02
    4.55355896e+02 6.86358643e+01 3.68584534e+02 6.05966736e+02
    7.09162964e+02 6.81965942e+02 8.98711060e+02 8.61458130e+02
    1.75759918e+02 4.19320831e+02 2.48298325e+02 6.49901733e+02
    8.26517761e+02 5.91810425e+02 1.38098022e+02 2.64593018e+02
    9.54619995e+02 7.17929077e+02 1.41038177e+02 6.35668396e+02
    1.17349243e+01 2.75655884e+02 9.73116150e+02 9.21939575e+02
    6.37213013e+02 4.16061157e+02 1.28961792e+02 2.03616699e+02
    9.40030212e+02 5.09254059e+02 2.40755981e+02 5.06540039e+02
    6.96840637e+02 8.59085266e+02 7.06504211e+02 8.36339539e+02
    8.81241699e+02 1.50534119e+02 9.51608276e+02 9.82312622e+02
    4.04251587e+02 6.02778625e+02 2.49006454e+02 8.94284241e+02
    3.68534485e+02 8.12784668e+02 4.56517303e+02 2.77337646e+02</data></test_hist>
<my_lkt type_id="opencv-matrix">
  <rows>256</rows>
  <cols>1</cols>
  <dt>u</dt>
  <data>
    1 1 3 3 4 5 5 7 8 10 10 11 11 13 14 14 16 17 19 19 21 22 24 25 26 26
    28 28 30 32 33 33 33 35 37 39 41 42 44 45 46 46 47 49 50 51 53 54 54
    55 56 57 59 59 59 61 61 62 63 63 64 66 67 68 68 69 71 71 73 74 75 76
    76 77 78 79 80 81 83 84 84 86 86 88 89 90 91 93 93 94 96 96 98 98
    100 100 100 101 102 102 103 105 106 108 108 109 110 111 112 113 115
    116 116 118 119 119 121 123 124 125 127 127 128 129 130 130 132 134
    136 137 137 137 138 139 140 141 141 141 142 143 144 145 145 146 146
    148 148 149 150 152 153 155 156 157 157 158 158 159 160 162 163 164
    166 167 167 168 168 169 171 171 172 172 173 173 174 175 177 177 178
    179 180 181 182 183 184 184 186 187 189 190 190 191 192 192 192 193
    194 195 196 197 197 197 198 199 199 201 201 202 202 203 203 205 206
    207 209 211 211 212 213 214 216 217 217 218 220 221 221 223 223 223
    225 227 228 229 230 230 232 233 233 234 236 238 239 241 242 243 245
    247 248 249 249 251 252 254 254 255</data></my_lkt>
<your_lkt type_id="opencv-matrix">
  <rows>256</rows>
  <cols>1</cols>
  <dt>u</dt>
  <data>
    0 0 0 0 0 0 0 0 0 0 0 0 0 0 0 0 0 0 0 0 0 0 0 0 0 0 0 0 0 0 0 0 0 0
    0 0 0 0 0 0 0 0 0 0 0 0 0 0 0 0 0 0 0 0 0 0 0 0 0 0 0 0 0 0 0 0 0 0
    0 0 0 0 0 0 0 0 0 0 0 0 0 0 0 0 0 0 0 0 0 0 0 0 0 0 0 0 0 0 0 0 0 0
    0 0 0 0 0 0 0 0 0 0 0 0 0 0 0 0 0 0 0 0 0 0 0 0 0 0 0 0 0 0 0 0 0 0
    0 0 0 0 0 0 0 0 0 0 0 0 0 0 0 0 0 0 0 0 0 0 0 0 0 0 0 0 0 0 0 0 0 0
    0 0 0 0 0 0 0 0 0 0 0 0 0 0 0 0 0 0 0 0 0 0 0 0 0 0 0 0 0 0 0 0 0 0
    0 0 0 0 0 0 0 0 0 0 0 0 0 0 0 0 0 0 0 0 0 0 0 0 0 0 0 0 0 0 0 0 0 0
    0 0 0 0 0 0 0 0 0 0 0 0 0 0 0 0 0 254</data></your_lkt>
</opencv_storage>
