<?xml version="1.0"?>
<opencv_storage>
<L2_diff>1.6130716041143370e+02</L2_diff>
<r>12</r>
<test_img type_id="opencv-matrix">
  <rows>50</rows>
  <cols>100</cols>
  <dt>u</dt>
  <data>
    21 101 111 141 216 22 119 38 126 91 203 246 61 49 162 1 138 159 181
    238 163 32 86 132 247 92 148 81 169 90 220 56 188 210 93 198 101 123
    144 59 237 226 147 41 102 59 158 122 76 83 146 145 227 74 137 220
    227 129 89 152 133 119 114 69 254 136 40 208 190 169 105 216 163 234
    97 240 136 37 137 185 182 111 113 46 0 140 86 48 27 220 142 252 173
    217 55 158 217 85 216 229 78 141 122 149 95 43 131 112 151 42 58 100
    185 252 1 153 147 148 135 137 64 118 77 90 1 196 222 26 152 113 80
    190 8 173 136 217 199 231 197 103 49 71 72 59 77 37 11 166 178 238
    75 203 17 18 24 29 61 45 64 33 17 225 57 116 37 197 185 231 175 219
    78 177 47 153 207 228 168 116 218 30 146 74 223 2 106 164 104 94 113
    112 138 80 247 214 63 46 206 248 130 251 229 173 224 112 130 129 70
    227 128 240 73 97 189 120 201 112 52 134 106 126 54 116 58 246 61
    235 25 157 155 95 196 19 26 175 33 254 155 6 153 78 74 193 28 254 91
    223 76 153 48 177 48 205 122 233 228 135 200 70 59 65 231 131 175 39
    107 15 248 233 129 214 119 171 137 129 67 175 251 150 184 50 182 193
    82 87 108 84 30 151 6 219 22 93 242 172 156 194 69 136 211 138 21
    249 168 87 153 37 183 239 197 8 90 254 237 77 216 169 80 229 142 4
    143 126 166 3 170 205 14 57 161 248 124 68 62 113 251 95 136 108 73
    45 7 47 98 252 0 227 168 90 92 121 31 172 35 96 183 58 69 102 221
    108 172 220 29 27 101 146 102 243 143 107 197 37 208 34 135 190 133
    102 142 233 226 134 178 252 139 114 60 237 203 190 232 113 141 65
    226 246 175 195 88 76 136 162 157 238 67 214 131 81 45 18 227 180 78
    3 5 65 132 14 20 138 191 145 238 215 224 44 149 29 49 245 178 180
    139 93 142 47 232 131 43 70 30 144 235 245 207 194 92 127 207 192 95
    64 233 250 191 1 91 155 75 5 140 172 31 215 159 111 141 194 98 204
    109 156 9 18 27 139 227 72 240 166 209 76 84 208 125 239 80 190 164
    241 142 141 245 99 241 222 154 45 166 137 129 98 55 229 93 205 123
    26 94 101 106 105 85 205 43 95 124 16 66 238 91 152 194 101 245 34
    245 199 108 210 16 241 196 248 130 22 232 127 81 137 255 42 146 49
    13 63 64 152 79 93 41 23 225 33 200 248 82 36 192 129 133 155 250
    176 221 197 123 111 111 202 91 173 155 87 75 10 210 53 19 233 152
    217 57 65 249 153 212 153 254 127 96 149 234 69 242 75 172 177 240
    29 116 246 21 227 119 18 191 128 168 62 25 155 72 101 104 122 186
    168 93 106 110 246 97 140 243 59 87 250 163 249 133 52 195 71 165 38
    191 1 33 49 155 157 113 74 224 60 44 249 48 128 149 26 34 31 218 215
    150 198 180 123 52 132 22 190 194 7 195 130 187 52 177 24 104 176 34
    31 79 228 28 227 143 200 13 225 187 91 134 222 14 250 250 59 145 112
    188 87 224 116 189 178 29 119 205 87 33 169 141 248 54 39 52 106 249
    48 132 56 163 6 94 0 53 89 40 33 200 40 121 50 253 59 224 188 187 13
    42 36 172 216 32 237 92 172 120 12 81 216 244 151 169 195 62 95 51
    209 15 112 213 71 110 190 58 63 44 136 170 226 29 230 118 45 181 135
    146 86 216 188 213 245 116 75 124 79 46 188 248 11 60 59 227 212 124
    113 40 240 129 58 108 225 215 208 123 239 235 246 26 196 157 196 154
    106 215 18 226 60 51 53 103 32 111 226 49 232 206 198 64 189 130 63
    69 207 212 93 199 40 9 14 61 241 22 67 146 92 207 1 1 234 226 187
    114 219 91 167 172 0 180 54 169 247 232 43 183 243 130 174 99 217
    250 225 180 216 116 230 200 9 205 191 168 251 124 208 179 235 137
    226 51 33 195 98 233 184 176 192 126 208 133 119 23 200 183 132 12
    240 30 59 225 234 176 121 210 203 113 42 92 177 243 184 120 65 232
    101 7 214 69 220 71 76 10 115 132 161 249 220 23 209 64 58 74 155 85
    234 239 229 24 98 127 92 242 118 202 34 158 137 40 183 175 58 108
    228 252 150 153 113 179 193 232 250 1 181 53 81 9 17 167 103 86 72
    20 224 19 152 113 26 128 107 55 164 130 74 225 102 99 136 217 9 75
    86 94 94 102 140 16 25 78 175 141 25 212 63 212 150 220 15 237 38 3
    169 203 203 225 13 205 93 123 79 95 30 1 139 176 29 62 171 89 185 3
    11 198 59 200 89 120 61 88 129 154 3 208 228 81 52 216 241 93 137
    126 68 22 169 120 108 146 167 239 20 42 193 71 149 13 35 36 226 11
    223 236 151 196 247 129 240 204 143 115 20 6 247 140 105 228 251 87
    81 188 180 79 119 124 35 39 101 180 24 119 101 44 137 151 219 54 223
    47 242 61 198 107 12 25 173 188 245 89 233 129 109 170 40 131 23 9
    76 224 191 30 85 46 193 66 185 44 51 45 122 246 141 8 44 147 183 63
    189 104 53 91 200 203 227 83 181 160 94 157 255 184 188 243 208 121
    69 168 20 95 93 215 252 106 131 238 63 105 93 104 184 215 36 9 131
    234 88 86 179 198 68 105 118 128 79 87 192 87 231 122 74 80 227 48
    97 76 82 186 108 207 7 14 140 186 198 241 194 119 246 225 188 21 35
    119 111 68 41 141 30 22 236 75 60 101 11 78 62 170 251 199 125 253
    154 99 27 143 197 15 77 215 74 196 92 122 109 63 134 118 149 203 64
    54 40 249 220 17 184 103 112 108 217 178 26 140 145 165 195 112 178
    24 55 207 30 65 219 87 210 211 17 24 60 164 124 187 62 217 124 40
    187 161 244 24 38 155 97 176 4 236 92 185 182 254 236 204 84 63 76
    90 163 73 220 191 106 34 194 13 234 62 7 127 148 108 138 252 167 242
    255 248 121 176 211 40 30 74 192 12 6 174 37 81 74 142 156 109 36
    197 10 214 46 109 207 84 60 124 52 197 248 255 25 5 64 148 68 62 216
    253 180 116 5 77 198 129 204 44 239 254 150 224 182 151 190 154 31
    50 177 63 244 229 253 246 85 197 167 10 32 179 75 35 212 137 111 198
    23 113 14 80 163 127 98 147 115 213 243 119 102 185 74 121 45 154 9
    135 173 216 176 251 184 26 57 166 252 214 233 90 23 84 122 164 226
    56 30 13 7 218 74 194 228 191 174 5 181 73 141 162 43 146 19 126 189
    117 128 188 147 221 81 150 87 159 218 45 90 101 86 102 107 232 46
    182 55 126 72 127 84 192 215 9 163 189 231 1 151 227 11 78 96 65 124
    241 88 133 113 222 197 103 212 145 222 73 157 15 228 156 193 58 55
    138 124 182 131 199 211 206 66 73 160 172 253 193 101 122 21 112 167
    158 36 98 190 86 146 62 25 164 48 209 58 86 48 210 34 183 92 26 19
    44 162 175 43 106 158 237 59 94 36 254 17 204 205 60 57 180 149 156
    22 129 136 207 222 88 130 145 155 242 86 207 132 184 118 34 203 210
    137 83 59 72 71 57 191 214 62 13 35 125 12 234 253 147 86 185 186
    171 213 30 164 102 65 252 71 15 130 101 228 222 19 194 252 1 132 96
    190 213 35 43 44 155 104 146 74 121 193 37 153 241 165 98 178 97 45
    216 0 214 4 217 113 217 147 212 224 156 30 72 6 158 32 17 165 1 204
    65 47 182 209 198 22 55 4 123 224 11 174 14 191 161 206 68 122 108
    220 124 237 160 78 67 229 99 181 180 59 76 87 227 160 66 165 61 137
    86 13 147 106 184 122 38 37 135 203 150 47 0 162 216 46 176 49 66
    167 63 119 138 9 152 143 56 238 57 228 101 205 105 188 69 182 187
    135 154 243 129 78 76 134 205 248 79 247 203 43 5 235 80 236 234 140
    191 94 39 230 184 9 213 24 180 169 139 222 123 196 117 239 171 164
    168 63 165 240 142 202 25 88 251 126 164 188 118 211 187 184 21 245
    20 235 93 100 231 164 41 101 179 155 146 204 32 178 22 203 78 3 6 82
    195 144 165 172 8 51 250 156 22 58 229 217 153 6 14 92 245 112 12
    176 7 138 186 45 223 189 26 87 6 176 177 172 115 171 244 235 141 16
    160 22 25 159 41 88 40 140 62 255 9 24 251 187 68 54 213 11 118 53
    86 219 58 51 142 107 32 65 85 209 123 78 176 148 220 13 128 64 137
    59 176 35 63 84 43 41 80 55 98 67 84 68 214 225 26 252 206 32 79 100
    249 104 241 27 202 226 146 225 205 194 63 56 32 9 4 62 107 109 27
    113 1 235 218 215 139 36 92 82 121 180 65 81 171 127 0 135 30 227 68
    217 51 98 209 151 5 23 101 76 151 67 77 41 162 225 101 178 204 137
    39 253 163 36 8 100 135 115 22 240 120 96 199 166 3 95 113 132 41 80
    163 239 200 155 230 118 94 249 217 209 86 239 97 95 195 186 10 155
    122 50 32 111 80 239 37 253 240 253 121 95 123 41 131 219 196 1 5 6
    11 72 250 79 180 104 46 82 91 246 39 154 51 31 235 145 31 211 73 75
    192 35 168 7 82 206 166 103 45 141 232 203 199 44 68 160 167 122 175
    50 175 25 204 105 115 57 31 27 136 162 84 20 37 232 237 95 151 102
    227 204 114 160 189 213 16 97 49 97 106 154 171 22 237 236 192 77
    217 194 119 161 142 173 212 21 63 177 242 251 96 185 178 109 167 219
    156 249 135 118 139 169 59 153 143 115 11 227 203 141 235 216 136 90
    41 250 144 8 114 157 73 6 202 205 31 238 246 6 162 244 234 44 121 36
    103 200 233 243 119 20 89 44 175 176 52 108 190 218 116 200 105 219
    215 82 81 3 130 47 228 19 161 187 126 169 41 146 107 217 32 78 45
    108 110 120 177 203 251 234 121 50 243 154 237 223 169 161 243 92
    208 75 197 50 167 110 89 202 41 155 157 177 22 168 120 142 172 187
    93 147 93 2 185 90 133 89 238 82 29 159 162 161 152 221 112 196 161
    255 63 183 187 57 120 135 151 241 189 215 210 215 95 33 116 17 24
    188 27 167 153 115 167 219 170 237 241 162 208 161 50 238 240 120
    192 210 190 144 85 212 123 197 113 221 58 191 252 52 63 242 213 229
    105 203 236 143 88 184 160 215 114 67 202 188 2 207 34 114 59 140
    250 131 145 70 55 37 59 58 29 42 171 218 68 147 147 105 44 2 127 35
    140 52 2 16 144 5 72 43 68 1 237 120 131 213 115 186 115 138 152 252
    248 66 155 10 19 215 240 36 239 200 138 244 63 188 195 87 224 182 21
    104 61 30 205 204 39 148 166 64 135 73 255 245 205 117 82 116 59 25
    198 242 184 124 208 229 77 12 20 119 12 34 88 229 99 224 8 127 68 55
    226 99 93 130 33 87 124 239 119 234 22 88 78 238 21 49 232 123 161
    240 78 245 234 70 234 195 148 121 10 82 238 114 212 74 101 253 222
    60 132 75 31 25 15 23 240 197 41 61 89 225 153 215 43 213 94 214 67
    105 203 250 101 248 4 21 1 234 78 170 7 140 52 206 69 203 19 67 14
    150 82 236 73 15 191 233 247 88 129 100 232 245 232 1 247 131 192
    207 240 211 48 84 247 7 100 157 141 250 105 100 187 48 91 193 244
    191 204 88 252 18 199 254 138 136 62 18 87 163 68 38 31 31 243 149
    36 44 69 182 101 76 10 45 63 47 141 19 110 86 247 48 96 135 29 120
    74 37 157 156 197 107 63 53 21 104 129 144 110 207 27 217 224 200
    128 100 137 43 95 252 134 83 186 121 119 196 72 34 131 86 37 146 157
    5 102 121 171 74 131 57 49 240 206 130 207 194 204 238 77 133 31 123
    129 121 76 77 145 167 29 238 24 216 153 196 175 104 99 129 25 123 20
    137 233 208 6 71 109 12 83 15 204 211 191 162 95 105 118 88 15 252
    146 211 7 67 177 0 123 26 188 167 161 126 135 248 31 247 137 223 96
    112 150 223 149 132 186 105 53 230 10 20 81 91 5 101 157 105 228 8
    255 10 93 37 237 132 67 54 67 59 153 173 255 17 3 188 61 190 44 166
    79 140 165 106 174 133 79 224 184 74 10 97 10 167 24 66 218 99 31 71
    249 115 149 237 178 215 238 26 255 222 239 213 29 95 122 33 245 70
    40 241 199 90 197 237 184 59 164 164 175 140 92 202 205 9 190 120 92
    108 229 250 145 206 151 197 41 133 203 173 132 11 37 187 122 176 234
    0 113 76 234 30 125 68 105 25 142 165 86 196 161 166 254 147 243 82
    102 250 214 140 99 187 197 98 213 188 32 225 185 193 128 164 79 145
    200 246 21 177 253 29 108 113 222 34 206 98 54 9 40 166 215 102 58
    237 116 22 22 18 79 13 35 12 70 242 126 231 242 126 165 157 244 215
    152 182 58 39 103 91 186 61 138 254 3 231 173 32 105 33 179 63 86
    120 114 211 115 67 241 177 10 91 218 14 243 52 192 201 43 64 48 180
    83 74 236 232 253 91 33 219 37 3 2 19 140 1 229 247 93 219 109 82
    100 195 101 184 87 35 20 212 16 68 173 191 221 221 174 139 93 113
    227 127 163 97 16 121 163 217 134 123 210 97 241 229 3 65 185 78 62
    121 24 126 115 171 112 150 192 25 72 134 133 167 232 8 214 18 209
    229 88 21 193 207 11 79 79 40 0 213 213 35 176 33 208 169 180 102 56
    12 149 75 227 148 236 60 160 180 249 179 70 52 15 71 203 147 143 3
    206 153 160 245 238 164 230 32 216 225 140 143 180 239 230 10 6 255
    55 164 127 179 219 174 83 8 127 158 216 141 43 111 21 97 104 241 245
    161 151 115 179 246 241 68 237 95 255 209 119 223 64 108 170 35 224
    98 248 200 91 106 166 95 55 187 232 46 36 123 199 140 49 206 194 255
    194 27 236 17 55 39 183 190 20 248 59 71 160 19 36 31 229 95 115 68
    226 246 36 218 153 194 233 196 162 151 147 6 142 200 56 85 79 91 25
    59 81 58 98 112 185 204 161 107 95 134 255 204 126 97 178 84 73 213
    119 31 247 86 66 25 239 203 133 113 174 233 102 253 51 36 75 50 187
    147 54 76 83 85 13 201 69 44 217 179 106 28 140 130 13 5 243 164 5
    72 61 193 181 3 110 112 174 90 169 236 245 62 135 10 167 221 106 114
    223 221 50 42 0 195 158 98 200 87 136 101 241 253 31 107 73 87 56
    231 44 40 205 108 152 106 152 249 111 161 22 150 171 175 170 209 180
    19 58 167 84 165 128 2 92 156 203 138 98 238 124 198 26 211 198 49
    124 121 71 185 137 162 142 22 79 114 207 117 95 199 159 146 19 169
    246 14 238 10 225 138 148 31 25 195 122 221 73 2 5 122 191 21 209
    210 29 199 231 239 54 190 159 229 218 63 186 198 238 103 73 143 223
    187 86 224 228 42 222 28 11 107 235 82 211 206 74 99 244 68 61 109
    183 27 100 174 73 65 152 10 206 240 68 189 220 48 201 234 15 163 110
    215 67 53 191 191 39 131 118 67 92 234 226 63 234 62 142 77 188 151
    108 115 77 162 100 67 97 229 146 133 219 165 170 178 151 140 58 115
    176 112 18 179 15 183 89 203 145 39 163 229 192 225 140 10 211 251
    188 81 177 134 236 177 255 6 38 88 124 19 123 147 21 97 86 156 10
    169 25 78 46 220 111 218 21 150 146 213 39 111 193 34 158 79 62 27
    231 52 207 242 6 130 209 132 105 64 102 240 1 248 137 1 155 167 169
    83 220 134 20 73 20 106 57 108 192 219 13 48 67 64 184 185 128 190
    34 105 114 107 159 32 58 249 200 51 53 174 35 99 0 209 5 21 230 70
    48 225 4 142 74 206 214 158 47 145 24 68 254 68 179 5 246 148 57 217
    196 7 236 190 43 171 26 88 39 62 245 65 254 40 166 211 0 189 207 236
    123 193 113 230 163 1 45 169 243 91 248 49 155 13 29 172 149 113 255
    166 188 209 120 65 217 180 8 167 184 60 43 221 37 82 109 47 121 42
    157 6 143 25 85 227 247 48 208 162 76 41 77 16 161 0 146 225 151 18
    96 117 180 105 215 114 24 223 104 159 199 28 164 94 96 37 24 161 161
    0 204 47 195 144 12 126 236 134 207 126 80 235 151 131 246 145 151
    199 221 150 131 36 141 156 106 74 43 41 208 100 93 241 203 129 190 2
    244 207 165 74 55 183 154 153 73 138 209 123 215 139 148 51 213 65
    220 159 77 158 127 41 213 234 43 33 35 115 48 146 128 202 50 208 4
    139 142 41 96 187 52 159 148 210 113 225 222 246 175 159 230 148 151
    244 56 196 244 59 93 186 104 118 39 53 48 79 165 238 219 11 112 112
    70 99 70 179 75 85 102 228 199 233 72 210 242 198 181 150 57 15 130
    96 255 12 36 154 13 3 198 142 154 60 150 20 240 24 167 139 5 109 50
    202 128 165 200 153 63 225 105 24 170 157 223 241 89 132 55 129 209
    26 205 56 8 166 30 24 190 86 116 158 35 135 60 174 84 192 228 249
    127 198 241 150 64 88 201 56 177 202 29 95 237 122 44 205 190 221
    213 107 212 7 211 83 114 44 3 152 102 3 167 219 161 74 89 100 169 91
    248 157 178 72 12 223 251 98 149 99 139 15 45 5 156 188 139 124 62
    161 206 118 181 123 117 195 22 107 46 78 59 230 45 105 183 34 41 248
    43 162 15 211 112 66 141 203 250 79 113 58 164 12 68 190 97 40 148
    244 99 31 199 121 17 153 115 81 48 155 251 123 30 199 163 36 101 210
    2 77 82 2 220 219 130 154 89 248 134 225 113 37 12 237 119 193 117
    126 158 9 146 68 127 221 239 15 191 55 198 46 59 91 194 74 47 252
    191 221 247 209 21 200 252 156 222 11 7 68 114 17 187 245 0 112 19
    238 0 113 92 79 100 49 45 143 212 205 110 102 164 65 240 107 179 176
    117 139 119 153 166 66 190 142 96 155 224 242 92 218 231 31 90 213
    169 176 116 165 58 100 91 151 34 91 12 188 120 184 221 15 196 36 226
    184 16 244 171 168 107 147 82 89 48 123 33 255 144 124 96 17 232 40
    200 28 52 23 149 105 13 12 129 249 133 18 73 156 39 243 177 181 233
    16 34 32 190 36 103 255 158 222 39 23 245 244 50 35 1 172 119 203
    127 47 146 168 193 71 163 155 190 203 22 125 84 38 93 126 169 9 111
    61 139 66 51 234 225 33 132 60 121 251 189 167 122 154 33 91 7 203
    188 100 115 193 251 8 156 221 161 26 238 24 32 85 30 106 74 137 39
    235 223 163 192 89 106 42 207 64 6 126 157 28 97 251 53 24 180 252
    240 194 52 197 233 118 143 137 58 177 41 149 252 100 213 69 128 184
    12 203 92 185 16 133 3 107 224 44 72 125 236 72 18 65 236 13 123 168
    137 162 94 119 77 65 165 157 239 143 105 46 65 44 121 47 233 158 217
    191 40 116 84 168 72 84 26 76 63 161 146 72 8 3 99 138 174 58 98 119
    163 195 139 45 147 101 255 84 72 125 153 169 242 50 150 226 52 67
    150 141 2 88 97 105 240 213 160 228 91 144 68 173 214 63 154 212 28
    147 101 162 37 165 233 193 200 94 147 7 81 103 171 24 47 0 238 43
    166 86 219 108 58 5 135 96 76 18 33 223 154 206 172 255 51 233 234
    176 148 139 215 132 243 15 97 240 37 76 148 194 199 212 113 113 80
    28 100 85 40 104 142 242 169 169 125 64 99 255 81 129 26 247 221 194
    161 41 8 240 174 42 1 124 255 75 34 69 146 106 187 42 131 247 128 18
    3 120 110 147 202 93 104 253 95 77 6 150 74 156 71 84 112 249 237
    179 2 76 12 67 229 212 216 178 139 99 44 84 57 251 221 72 38 179 121
    13 173 199 11 196 120 239 81 255 221 182 114 149 143 51 44 67 201
    114 199 128 170 170 200 97 190 130 141 152 247 48 171 74 38 75 87 7
    240 245 58 162 127 205 151 48 124 109 248 209 19 82 174 134 44 53
    214 18 60 80 92 203 219 131 170 149 172 159 191 41 82 255 177 56 50
    168 90 122 8 97 222 225 229 0 212 233 13 243 2 10 3 204 13 211 44
    119 225 186 102 75 98 62 56 21 82 134 142 39 176 178 68 60 96 232
    116 139 19 173 127 18 148 228 211 159 6 110 8 226 165 118 87 149 141
    147 23 142 191 255 127 35 45 224 177 100 191 242 35 158 92 152 237
    58 200 130 49 103 174 54 223 85 153 240 192 21 26 17 129 55 254 4 38
    143 185 50 191 203 204 204 108 36 252 143 58 75 28 127 78 72 24 39
    16 223 93 193 197 26 199 101 178 11 31 35 67 96 60 20 45 113 33 222
    178 82 197 33 194 118 229 65 81 46 97 154 44 190 138 186 58 208 126
    243 206 40 165 176 45 102 12 76 70 33 94 44 49 54 132 108 122 61 52
    87 200 135 17 86 246 216 249 162 194 230 169 4 76 110 168 58 34 114
    117 54 82 76 249 202 189 243 61 195 49 96 4 110 209 16 194 222 253
    245 51 198 28 155 110 79 221 76 101 236 216 72 24 184 72 11 131 167
    148 100 184 113 196 150 245 130 119 121 104 127 206 26 85 12 184 119
    239 8 223 84 228 182 19 192 72 101 232 84 38 117 57 151 164 109 60
    23 138 207 195 180 119 196 102 162 210 36 145 102 166 106 18 64 142
    93 70 18 47 70 1 193 218 155 122 231 124 106 222 186 141 52 218 132
    178 80 193 206 245 68 100 162 78 232 94 55 90 149 54 54 87 74 187 96
    125 217 11 253 105 57 34 115 155 251 194 137 163 110 181 75 100 91
    147 198 6 192 31 101 219 189 137 12 132 231 193 4 212 161 191 17 31
    84 218 4 2 80 230 107 45 155 34 237 175 75 17 214 107 223 246 26 147
    221 245 248 93 86 157 215 26 42 218 142 209 129 73 80 232 156 8 133
    249 239 246 49 81 243 186 57 189 107 200 22 112 179 252 56 226 30
    235 177 228 132 1 161 132 48 23 33 143 71 72 175 24 193 198 16 220
    62 81 243 14 59 228 148 145 172 37 24 165 199 69 3 60 21 244 45 48
    113 175 140 74 209 255 222 36 150 144 93 98 211 208 60 15 100 192
    113 72 17 224 58 25 16</data></test_img>
<my_img type_id="opencv-matrix">
  <rows>50</rows>
  <cols>100</cols>
  <dt>u</dt>
  <data>
    21 101 111 141 216 22 119 38 126 91 203 246 61 49 162 1 138 159 181
    238 163 32 86 132 247 92 148 81 169 90 220 56 188 210 93 198 101 123
    144 59 237 226 147 41 102 59 158 122 76 83 146 145 227 74 137 220
    227 129 89 152 133 119 114 69 254 136 40 208 190 169 105 216 163 234
    97 240 136 37 137 185 182 111 113 46 0 140 86 48 27 220 142 252 173
    217 55 158 217 85 216 229 78 141 122 149 95 43 131 112 151 42 58 100
    185 252 1 153 147 148 135 137 64 118 77 90 1 196 222 26 152 113 80
    190 8 173 136 217 199 231 197 103 49 71 72 59 77 37 11 166 178 238
    75 203 17 18 24 29 61 45 64 33 17 225 57 116 37 197 185 231 175 219
    78 177 47 153 207 228 168 116 218 30 146 74 223 2 106 164 104 94 113
    112 138 80 247 214 63 46 206 248 130 251 229 173 224 112 130 129 70
    227 128 240 73 97 189 120 201 112 52 134 106 126 54 116 58 246 61
    235 25 157 155 95 196 19 26 175 33 254 155 6 153 78 74 193 28 254 91
    223 76 153 48 177 48 205 122 233 228 135 200 70 59 65 231 131 175 39
    107 15 248 233 129 214 119 171 137 129 67 175 251 150 184 50 182 193
    82 87 108 84 30 151 6 219 22 93 242 172 156 194 69 136 211 138 21
    249 168 87 153 37 183 239 197 8 90 254 237 77 216 169 80 229 142 4
    143 126 166 3 170 205 14 57 161 248 124 68 62 113 251 95 136 108 73
    45 7 47 98 252 0 227 168 90 92 121 31 172 35 96 183 58 69 102 221
    108 172 220 29 27 101 146 102 243 143 107 197 37 208 34 135 190 133
    102 142 233 226 134 178 252 139 114 60 237 203 190 232 113 141 65
    226 246 175 195 88 76 136 162 157 238 67 214 131 81 45 18 227 180 78
    3 5 65 132 14 20 138 191 145 238 215 224 44 149 29 49 245 178 180
    139 93 142 47 232 131 43 70 30 144 235 245 207 194 92 127 207 192 95
    64 233 250 191 1 91 155 75 5 140 172 31 215 159 111 141 194 98 204
    109 156 9 18 27 139 227 72 240 166 209 76 84 208 125 239 80 190 164
    241 142 141 245 99 241 222 154 45 166 137 129 98 55 229 93 205 123
    26 94 101 106 105 85 205 43 95 124 16 66 238 91 152 194 101 245 34
    245 199 108 210 16 241 196 248 130 22 232 127 81 137 255 42 146 49
    13 63 64 152 79 93 41 23 225 33 200 248 82 36 192 129 133 155 250
    176 221 197 123 111 111 202 91 173 155 87 75 10 210 53 19 233 152
    217 57 65 249 153 212 153 254 127 96 149 234 69 242 75 172 177 240
    29 116 246 21 227 119 18 191 128 168 62 25 155 72 101 104 122 186
    168 93 106 110 246 97 140 243 59 87 250 163 249 133 52 195 71 165 38
    191 1 33 49 155 157 113 74 224 60 44 249 48 128 149 26 34 31 218 215
    150 198 180 123 52 132 22 190 194 7 195 130 187 52 177 24 104 176 34
    31 79 228 28 227 143 200 13 225 187 91 134 222 14 250 250 59 145 112
    188 87 224 116 189 178 29 119 205 87 33 169 141 248 54 39 52 106 249
    48 132 56 163 6 94 0 53 89 40 33 200 40 121 50 253 59 224 188 187 13
    42 36 172 216 32 237 92 172 120 12 81 216 244 151 169 195 62 95 51
    209 15 112 213 71 110 190 58 63 44 136 170 226 29 230 118 45 181 135
    146 86 216 188 213 245 116 75 124 79 46 188 248 11 60 59 227 212 124
    113 40 240 129 58 108 225 215 208 123 239 235 246 26 196 157 196 154
    106 215 18 226 60 51 53 103 32 111 226 49 232 206 198 64 189 130 63
    69 207 212 93 199 40 9 14 61 241 22 67 146 92 207 1 1 234 226 187
    114 219 91 167 172 0 180 54 169 247 232 43 183 243 130 174 99 217
    250 225 180 216 116 230 200 9 205 191 168 251 124 208 179 235 137
    226 51 33 195 98 233 184 176 192 126 208 133 119 23 200 183 132 12
    240 30 59 225 234 176 121 210 203 113 42 92 177 243 184 120 65 232
    101 7 214 69 220 71 76 10 115 132 161 249 220 23 209 64 58 74 155 85
    234 239 229 24 98 127 92 242 118 202 34 158 137 40 183 175 58 108
    228 252 150 153 113 179 193 232 250 1 181 53 81 9 17 167 103 86 72
    20 224 19 152 113 26 128 107 55 164 130 74 225 102 99 136 217 9 75
    86 94 94 102 140 16 25 78 175 141 25 212 63 212 150 220 15 237 38 3
    169 203 203 225 13 205 93 123 79 95 30 1 139 176 29 62 171 89 185 3
    11 198 59 200 89 120 61 88 129 154 3 208 228 81 52 216 241 93 137
    126 68 22 169 120 108 146 167 239 20 42 193 71 149 13 35 36 226 11
    223 236 151 196 247 129 240 204 143 115 20 6 247 140 105 228 251 87
    81 188 180 79 119 124 35 39 101 180 24 119 101 44 137 151 219 54 223
    47 242 61 198 107 12 25 173 188 245 89 233 129 109 170 40 131 23 9
    76 224 191 30 85 46 193 66 185 44 51 45 122 246 141 8 44 147 183 63
    189 104 53 91 200 203 227 83 181 160 94 157 255 184 188 243 208 121
    69 168 20 95 93 215 252 106 131 238 63 105 93 104 184 215 36 9 131
    234 88 86 179 198 68 105 118 128 79 87 192 87 231 122 74 80 227 48
    97 76 82 186 108 207 7 12 143 186 198 241 191 122 246 223 185 21 35
    118 110 69 40 141 31 24 231 85 67 114 16 89 69 175 250 203 131 253
    161 113 27 150 204 18 84 219 82 202 101 127 111 63 131 115 146 206
    64 56 43 248 219 17 179 94 102 96 218 170 28 135 137 156 185 103 171
    22 49 201 26 57 216 79 200 211 17 24 60 164 124 187 62 217 124 40
    187 161 244 24 38 155 97 176 4 236 92 185 182 255 236 202 84 61 75
    89 159 72 216 185 107 35 188 16 230 61 10 130 151 114 143 251 169
    237 255 243 126 178 212 42 31 84 197 16 9 182 40 91 84 146 160 115
    39 200 11 213 49 110 209 89 64 120 56 196 248 255 27 6 66 144 71 64
    213 253 171 111 2 70 192 125 199 38 237 255 141 224 182 151 190 154
    31 50 177 63 244 229 253 246 85 197 167 10 32 179 75 35 212 137 111
    195 20 118 13 80 162 132 98 148 119 210 241 118 102 178 75 120 47
    154 13 141 177 215 179 249 183 27 60 166 251 213 231 97 23 90 128
    172 227 59 31 16 11 220 77 196 230 191 171 7 182 76 142 161 47 144
    22 122 186 113 122 185 144 220 80 146 84 155 218 43 85 95 80 94 102
    229 38 182 55 126 72 127 84 192 215 9 163 189 231 1 151 227 11 78 96
    65 124 241 88 133 113 218 193 109 210 151 218 72 155 19 224 154 186
    55 53 137 123 176 133 197 210 206 73 82 163 177 254 195 110 124 21
    116 171 169 38 109 197 89 154 66 26 167 53 210 60 87 51 209 36 184
    93 27 20 51 160 171 49 103 152 236 62 94 43 253 16 197 198 59 54 175
    143 153 19 124 131 200 217 88 130 145 155 242 86 207 132 184 118 34
    203 210 137 83 59 72 71 57 191 214 62 13 35 130 10 235 254 154 87
    180 179 167 210 30 159 106 65 251 71 17 128 101 223 218 18 195 251 4
    135 100 188 212 36 44 47 162 113 151 77 123 200 42 159 242 165 102
    175 99 49 216 1 214 4 220 116 219 144 208 221 154 35 75 7 154 40 18
    159 2 197 66 49 178 204 194 21 50 2 116 220 11 174 14 191 161 206 68
    122 108 220 124 237 160 78 67 229 99 181 180 59 76 87 227 160 62 165
    58 146 87 13 150 112 175 130 37 38 136 198 146 45 1 158 213 49 178
    53 73 168 69 121 139 13 151 144 60 237 60 230 111 211 110 195 70 186
    190 135 156 244 129 78 76 131 206 248 82 246 201 49 5 232 82 234 231
    138 187 96 44 227 177 9 211 27 177 166 139 223 120 191 111 236 171
    164 168 63 165 240 142 202 25 88 251 126 164 188 118 211 187 184 21
    245 20 235 93 100 231 162 42 108 177 155 146 197 31 172 23 199 82 6
    7 85 192 142 163 173 11 54 248 156 26 59 226 215 151 9 18 99 245 119
    17 180 11 137 191 49 224 190 28 88 9 171 173 168 116 170 244 234 140
    19 157 27 31 153 45 89 47 140 67 255 10 28 250 184 68 52 212 9 114
    47 77 215 58 51 142 107 32 65 85 209 123 78 176 148 220 13 128 64
    137 59 176 35 63 84 43 41 82 55 104 71 89 71 211 218 27 251 201 33
    86 104 247 109 238 29 199 223 147 222 204 194 67 56 34 13 7 65 109
    115 29 120 3 236 222 216 139 39 93 83 122 179 62 80 168 128 1 135 32
    226 70 215 54 100 204 147 6 27 102 80 149 69 78 43 157 226 95 173
    203 139 37 253 156 33 8 100 135 115 22 240 120 96 199 166 3 95 113
    132 41 80 163 239 200 155 230 118 94 249 217 208 90 241 101 98 188
    176 11 151 127 49 33 112 82 235 38 253 236 254 121 98 126 42 135 218
    194 3 7 9 16 73 250 82 181 106 47 79 91 247 40 155 51 34 235 140 34
    208 73 76 194 39 168 9 83 202 164 100 51 138 227 195 192 51 70 155
    165 122 173 48 174 25 204 103 111 50 31 27 136 162 84 20 37 232 237
    95 151 102 227 204 114 160 189 213 16 97 49 97 106 154 165 24 240
    237 188 80 212 184 120 155 140 162 205 23 60 168 239 250 94 179 175
    110 169 215 156 246 131 117 133 166 58 155 149 121 15 226 207 142
    237 219 135 91 42 251 143 10 118 155 75 8 201 204 37 236 244 9 163
    243 230 52 125 43 105 193 228 243 119 20 86 44 176 175 47 109 187
    217 116 200 105 219 215 82 81 3 130 47 228 19 161 187 126 169 41 146
    107 217 32 78 45 108 110 124 175 204 251 232 122 51 245 148 236 217
    156 150 242 90 204 75 194 50 164 109 91 201 42 153 154 174 25 166
    117 144 175 189 98 152 97 3 191 93 134 93 240 86 33 160 164 162 156
    225 118 196 163 255 65 183 186 59 120 134 151 240 184 213 204 215 92
    34 114 14 24 186 28 167 150 111 167 219 170 237 241 162 208 161 50
    238 240 120 192 210 190 144 85 212 123 197 113 221 58 191 253 52 64
    244 215 226 106 197 235 140 90 172 148 209 110 66 195 181 4 202 35
    111 61 135 247 128 141 70 55 39 60 60 30 43 172 221 69 152 153 111
    50 3 131 40 139 55 3 18 145 6 75 49 72 2 234 125 133 211 115 182 118
    138 149 250 248 68 150 9 16 217 240 35 237 197 137 245 63 188 195 87
    224 182 21 104 61 30 205 204 39 148 166 64 135 73 255 245 205 117 82
    116 59 28 202 244 182 131 206 224 78 14 22 117 15 34 85 225 94 219
    11 121 70 55 222 96 92 125 34 86 120 237 115 232 24 92 78 239 23 53
    232 129 165 241 81 246 234 70 232 194 150 124 13 89 238 118 210 80
    103 252 224 62 133 80 35 28 16 24 239 195 39 58 89 228 150 217 39
    211 94 214 67 105 203 250 101 248 4 21 1 234 78 170 7 140 52 206 69
    203 19 67 14 150 84 241 78 18 191 231 247 89 128 99 229 243 227 3
    244 121 183 202 236 206 48 80 244 12 97 149 132 248 103 97 182 51 93
    195 242 193 207 91 252 20 202 254 139 137 64 20 93 164 70 42 35 36
    243 148 42 51 72 180 102 81 13 53 65 53 141 21 104 84 248 47 96 135
    30 118 72 36 157 156 197 107 63 53 21 104 129 144 110 207 27 217 224
    200 128 100 137 43 95 252 134 83 187 126 126 200 75 36 133 88 41 143
    151 7 100 114 160 72 120 58 47 237 202 120 202 189 201 236 72 126 31
    117 121 119 75 75 145 171 32 241 26 217 157 199 177 109 105 130 27
    124 21 135 231 205 9 73 112 16 85 17 200 209 189 161 94 105 118 86
    16 252 142 212 7 67 178 0 121 30 188 167 161 126 135 248 31 247 137
    223 96 112 150 223 149 132 186 105 53 230 10 20 81 91 5 107 161 113
    226 8 255 12 94 39 236 127 68 52 65 58 142 167 255 19 6 183 59 184
    43 162 75 133 160 103 167 129 79 224 183 71 14 98 15 173 25 66 218
    103 36 68 251 119 150 239 180 213 238 31 255 221 237 211 32 96 124
    39 244 75 43 240 197 87 193 232 182 58 164 162 173 139 92 202 205 9
    190 120 92 108 229 250 145 206 151 197 41 133 203 173 132 11 37 187
    122 176 238 2 122 82 234 31 130 72 108 25 139 156 85 188 153 159 254
    139 241 80 100 249 208 131 96 180 192 96 207 180 32 225 182 192 127
    168 78 148 204 248 23 180 252 32 111 116 224 37 204 98 55 11 46 169
    212 106 58 234 117 28 27 23 82 16 38 14 73 243 126 226 242 128 166
    156 243 216 152 182 58 39 103 91 186 61 138 254 3 231 173 32 105 33
    179 63 86 120 114 211 115 67 244 178 12 97 220 16 243 56 189 196 44
    64 47 174 79 72 235 231 253 88 34 215 36 6 4 19 132 2 228 246 93 218
    113 81 104 196 104 188 88 41 21 210 20 66 175 190 222 224 176 139 94
    115 224 131 167 98 19 124 163 214 135 125 206 98 239 224 4 67 182 80
    63 121 27 126 112 171 112 150 192 25 72 134 133 167 232 8 214 18 209
    229 88 21 193 207 11 79 79 40 0 213 219 39 179 35 210 168 178 105 59
    14 146 75 222 140 234 57 153 176 248 176 68 49 16 67 200 142 137 5
    202 149 158 245 239 168 230 34 215 228 143 146 185 242 229 15 9 255
    56 167 133 184 221 181 87 10 133 161 215 145 47 113 24 99 106 239
    244 162 151 117 181 244 239 71 231 94 255 208 119 223 64 108 170 35
    224 98 248 200 91 106 166 95 55 187 232 46 36 123 199 140 49 206 197
    255 199 29 236 19 60 42 178 186 22 247 59 68 153 21 35 31 226 91 110
    67 222 245 33 211 148 187 230 190 160 150 149 8 143 201 55 84 80 95
    26 60 80 59 102 117 187 202 167 109 95 140 255 202 131 97 182 85 73
    213 122 35 247 86 66 25 234 204 132 110 177 227 100 252 51 38 75 50
    187 147 54 76 83 85 13 201 69 44 217 179 106 28 140 130 13 5 243 164
    5 72 64 196 185 5 114 113 172 90 166 234 245 61 133 13 162 217 103
    111 219 215 47 40 2 191 153 94 195 80 127 98 240 253 29 109 69 84 53
    229 46 43 205 109 153 107 155 250 112 164 24 151 176 180 175 208 184
    21 55 172 82 166 130 3 89 155 202 138 95 232 122 196 27 211 196 50
    123 122 71 185 137 162 142 22 79 114 207 117 95 199 159 146 19 169
    246 14 238 10 225 138 148 31 27 199 130 223 78 4 9 125 188 26 208
    207 31 192 229 239 51 186 154 227 211 60 180 193 238 101 66 137 219
    180 80 223 227 39 221 24 11 106 236 80 209 207 71 100 246 64 56 108
    185 29 98 181 72 60 158 12 205 236 66 186 216 53 199 226 18 164 106
    216 66 51 191 191 39 129 114 69 92 234 226 63 234 62 142 77 188 151
    108 115 77 162 100 67 97 229 146 133 219 165 170 178 156 144 67 122
    179 115 24 177 20 181 95 200 143 41 159 229 186 223 136 12 207 252
    184 80 176 131 236 174 255 8 38 88 127 17 128 149 19 98 86 160 10
    171 25 78 50 222 111 221 22 152 146 215 41 111 195 35 163 78 60 29
    226 55 206 241 7 132 209 135 104 64 102 233 2 247 135 2 155 167 169
    83 220 134 20 73 20 106 57 108 192 219 13 48 67 64 184 185 128 190
    34 105 122 115 165 36 66 249 199 58 60 172 41 106 2 207 10 27 229 71
    48 223 7 139 75 202 209 155 45 143 24 67 253 67 178 4 247 151 54 216
    199 7 236 193 46 176 30 89 40 58 248 59 253 43 171 213 0 191 208 231
    127 194 117 225 168 2 48 175 242 91 248 48 159 12 30 176 150 115 255
    166 188 209 120 65 217 180 8 167 184 60 43 221 37 82 109 47 121 42
    157 6 143 25 94 231 248 57 214 166 84 48 85 22 160 2 146 224 149 24
    99 120 179 111 209 116 25 217 110 157 195 24 160 93 97 37 23 161 162
    0 205 45 195 144 13 130 236 137 211 129 73 236 153 132 248 144 154
    202 223 157 138 38 145 159 111 77 47 45 209 102 93 239 204 133 191 4
    240 208 170 78 55 183 154 153 73 138 209 123 215 139 148 51 213 65
    220 159 77 158 127 41 213 234 43 33 39 125 57 153 134 204 57 207 8
    138 143 44 101 179 53 156 143 206 114 222 215 246 168 154 229 145
    147 243 55 191 243 58 93 182 109 121 38 50 49 77 166 241 222 13 115
    114 65 98 65 181 71 84 103 231 204 233 70 211 243 199 184 155 59 20
    136 95 255 13 36 160 13 4 201 147 158 62 150 20 240 24 167 139 5 109
    50 202 128 165 200 153 63 225 105 24 170 157 223 241 89 132 55 129
    209 26 205 56 8 166 30 24 190 86 116 158 35 135 60 174 84 192 228
    249 127 198 241 150 64 88 201 56 177 202 29 95 237 122 44 205 190
    221 213 107 212 7 211 83 114 44 3 152 102 3 167 219 161 74 89 100
    169 91 248 157 178 72 12 223 251 98 149 99 139 15 45 5 156 188 139
    124 62 161 206 118 181 123 117 195 22 107 46 78 59 230 45 105 183 34
    41 248 43 162 15 211 112 66 141 203 250 79 113 58 164 12 68 190 97
    40 148 244 99 31 199 121 17 153 115 81 48 155 251 123 30 199 163 36
    101 210 2 77 82 2 220 219 130 154 89 248 134 225 113 37 12 237 119
    193 117 126 158 9 146 68 127 221 239 15 191 55 198 46 59 91 194 74
    47 252 191 221 247 209 21 200 252 156 222 11 7 68 114 17 187 245 0
    112 19 238 0 113 92 79 100 49 45 143 212 205 110 102 164 65 240 107
    179 176 117 139 119 153 166 66 190 142 96 155 224 242 92 218 231 31
    90 213 169 176 116 165 58 100 91 151 34 91 12 188 120 184 221 15 196
    36 226 184 16 244 171 168 107 147 82 89 48 123 33 255 144 124 96 17
    232 40 200 28 52 23 149 105 13 12 129 249 133 18 73 156 39 243 177
    181 233 16 34 32 190 36 103 255 158 222 39 23 245 244 50 35 1 172
    119 203 127 47 146 168 193 71 163 155 190 203 22 125 84 38 93 126
    169 9 111 61 139 66 51 234 225 33 132 60 121 251 189 167 122 154 33
    91 7 203 188 100 115 193 251 8 156 221 161 26 238 24 32 85 30 106 74
    137 39 235 223 163 192 89 106 42 207 64 6 126 157 28 97 251 53 24
    180 252 240 194 52 197 233 118 143 137 58 177 41 149 252 100 213 69
    128 184 12 203 92 185 16 133 3 107 224 44 72 125 236 72 18 65 236 13
    123 168 137 162 94 119 77 65 165 157 239 143 105 46 65 44 121 47 233
    158 217 191 40 116 84 168 72 84 26 76 63 161 146 72 8 3 99 138 174
    58 98 119 163 195 139 45 147 101 255 84 72 125 153 169 242 50 150
    226 52 67 150 141 2 88 97 105 240 213 160 228 91 144 68 173 214 63
    154 212 28 147 101 162 37 165 233 193 200 94 147 7 81 103 171 24 47
    0 238 43 166 86 219 108 58 5 135 96 76 18 33 223 154 206 172 255 51
    233 234 176 148 139 215 132 243 15 97 240 37 76 148 194 199 212 113
    113 80 28 100 85 40 104 142 242 169 169 125 64 99 255 81 129 26 247
    221 194 161 41 8 240 174 42 1 124 255 75 34 69 146 106 187 42 131
    247 128 18 3 120 110 147 202 93 104 253 95 77 6 150 74 156 71 84 112
    249 237 179 2 76 12 67 229 212 216 178 139 99 44 84 57 251 221 72 38
    179 121 13 173 199 11 196 120 239 81 255 221 182 114 149 143 51 44
    67 201 114 199 128 170 170 200 97 190 130 141 152 247 48 171 74 38
    75 87 7 240 245 58 162 127 205 151 48 124 109 248 209 19 82 174 134
    44 53 214 18 60 80 92 203 219 131 170 149 172 159 191 41 82 255 177
    56 50 168 90 122 8 97 222 225 229 0 212 233 13 243 2 10 3 204 13 211
    44 119 225 186 102 75 98 62 56 21 82 134 142 39 176 178 68 60 96 232
    116 139 19 173 127 18 148 228 211 159 6 110 8 226 165 118 87 149 141
    147 23 142 191 255 127 35 45 224 177 100 191 242 35 158 92 152 237
    58 200 130 49 103 174 54 223 85 153 240 192 21 26 17 129 55 254 4 38
    143 185 50 191 203 204 204 108 36 252 143 58 75 28 127 78 72 24 39
    16 223 93 193 197 26 199 101 178 11 31 35 67 96 60 20 45 113 33 222
    178 82 197 33 194 118 229 65 81 46 97 154 44 190 138 186 58 208 126
    243 206 40 165 176 45 102 12 76 70 33 94 44 49 54 132 108 122 61 52
    87 200 135 17 86 246 216 249 162 194 230 169 4 76 110 168 58 34 114
    117 54 82 76 249 202 189 243 61 195 49 96 4 110 209 16 194 222 253
    245 51 198 28 155 110 79 221 76 101 236 216 72 24 184 72 11 131 167
    148 100 184 113 196 150 245 130 119 121 104 127 206 26 85 12 184 119
    239 8 223 84 228 182 19 192 72 101 232 84 38 117 57 151 164 109 60
    23 138 207 195 180 119 196 102 162 210 36 145 102 166 106 18 64 142
    93 70 18 47 70 1 193 218 155 122 231 124 106 222 186 141 52 218 132
    178 80 193 206 245 68 100 162 78 232 94 55 90 149 54 54 87 74 187 96
    125 217 11 253 105 57 34 115 155 251 194 137 163 110 181 75 100 91
    147 198 6 192 31 101 219 189 137 12 132 231 193 4 212 161 191 17 31
    84 218 4 2 80 230 107 45 155 34 237 175 75 17 214 107 223 246 26 147
    221 245 248 93 86 157 215 26 42 218 142 209 129 73 80 232 156 8 133
    249 239 246 49 81 243 186 57 189 107 200 22 112 179 252 56 226 30
    235 177 228 132 1 161 132 48 23 33 143 71 72 175 24 193 198 16 220
    62 81 243 14 59 228 148 145 172 37 24 165 199 69 3 60 21 244 45 48
    113 175 140 74 209 255 222 36 150 144 93 98 211 208 60 15 100 192
    113 72 17 224 58 25 16</data></my_img>
<your_img type_id="opencv-matrix">
  <rows>50</rows>
  <cols>100</cols>
  <dt>u</dt>
  <data>
    21 101 111 141 216 22 119 38 126 91 203 246 61 49 162 1 138 159 181
    238 163 32 86 132 247 92 148 81 169 90 220 56 188 210 93 198 101 123
    144 59 237 226 147 41 102 59 158 122 76 83 146 145 227 74 137 220
    227 129 89 152 133 119 114 69 254 136 40 208 190 169 105 216 163 234
    97 240 136 37 137 185 182 111 113 46 0 140 86 48 27 220 142 252 173
    217 55 158 217 85 216 229 78 141 122 149 95 43 131 112 151 42 58 100
    185 252 1 153 147 148 135 137 64 118 77 90 1 196 222 26 152 113 80
    190 8 173 136 217 199 231 197 103 49 71 72 59 77 37 11 166 178 238
    75 203 17 18 24 29 61 45 64 33 17 225 57 116 37 197 185 231 175 219
    78 177 47 153 207 228 168 116 218 30 146 74 223 2 106 164 104 94 113
    112 138 80 247 214 63 46 206 248 130 251 229 173 224 112 130 129 70
    227 128 240 73 97 189 120 201 112 52 134 106 126 54 116 58 246 61
    235 25 157 155 95 196 19 26 175 33 254 155 6 153 78 74 193 28 254 91
    223 76 153 48 177 48 205 122 233 228 135 200 70 59 65 231 131 175 39
    107 15 248 233 129 214 119 171 137 129 67 175 251 150 184 50 182 193
    82 87 108 84 30 151 6 219 22 93 242 172 156 194 69 136 211 138 21
    249 168 87 153 37 183 239 197 8 90 254 237 77 216 169 80 229 142 4
    143 126 166 3 170 205 14 57 161 248 124 68 62 113 251 95 136 108 73
    45 7 47 98 252 0 227 168 90 92 121 31 172 35 96 183 58 69 102 221
    108 172 220 29 27 101 146 102 243 143 107 197 37 208 34 135 190 133
    102 142 233 226 134 178 252 139 114 60 237 203 190 232 113 141 65
    226 246 175 195 88 76 136 162 157 238 67 214 131 81 45 18 227 180 78
    3 5 65 132 14 20 138 191 145 238 215 224 44 149 29 49 245 178 180
    139 93 142 47 232 131 43 70 30 144 235 245 207 194 92 127 207 192 95
    64 233 250 191 1 91 155 75 5 140 172 31 215 159 111 141 194 98 204
    109 156 9 18 27 139 227 72 240 166 209 76 84 208 125 239 80 190 164
    241 142 141 245 99 241 222 154 45 166 137 129 98 55 229 93 205 123
    26 94 101 106 105 85 205 43 95 124 16 66 238 91 152 194 101 245 34
    245 199 108 210 16 241 196 248 130 22 232 127 81 137 255 42 146 49
    13 63 64 152 79 93 41 23 225 33 200 248 82 36 192 129 133 155 250
    176 221 197 123 111 111 202 91 173 155 87 75 10 210 53 19 233 152
    217 57 65 249 153 212 153 254 127 96 149 234 69 242 75 172 177 240
    29 116 246 21 227 119 18 191 128 168 62 25 155 72 101 104 122 186
    168 93 106 110 246 97 140 243 59 87 250 163 249 133 52 195 71 165 38
    191 1 33 49 155 157 113 74 224 60 44 249 48 128 149 26 34 31 218 215
    150 198 180 123 52 132 22 190 194 7 195 130 187 52 177 24 104 176 34
    31 79 228 28 227 143 200 13 225 187 91 134 222 14 250 250 59 145 112
    188 87 224 116 189 178 29 119 205 87 33 169 141 248 54 39 52 106 249
    48 132 56 163 6 94 0 53 89 40 33 200 40 121 50 253 59 224 188 187 13
    42 36 172 216 32 237 92 172 120 12 81 216 244 151 169 195 62 95 51
    209 15 112 213 71 110 190 58 63 44 136 170 226 29 230 118 45 181 135
    146 86 216 188 213 245 116 75 124 79 46 188 248 11 60 59 227 212 124
    113 40 240 129 58 108 225 215 208 123 239 235 246 26 196 157 196 154
    106 215 18 226 60 51 53 103 32 111 226 49 232 206 198 64 189 130 63
    69 207 212 93 199 40 9 14 61 241 22 67 146 92 207 1 1 234 226 187
    114 219 91 167 172 0 180 54 169 247 232 43 183 243 130 174 99 217
    250 225 180 216 116 230 200 9 205 191 168 251 124 208 179 235 137
    226 51 33 195 98 233 184 176 192 126 208 133 119 23 200 183 132 12
    240 30 59 225 234 176 121 210 203 113 42 92 177 243 184 120 65 232
    101 7 214 69 220 71 76 10 115 132 161 249 220 23 209 64 58 74 155 85
    234 239 229 24 98 127 92 242 118 202 34 158 137 40 183 175 58 108
    228 252 150 153 113 179 193 232 250 1 181 53 81 9 17 167 103 86 72
    20 224 19 152 113 26 128 107 55 164 130 74 225 102 99 136 217 9 75
    86 94 94 102 140 16 25 78 175 141 25 212 63 212 150 220 15 237 38 3
    169 203 203 225 13 205 93 123 79 95 30 1 139 176 29 62 171 89 185 3
    11 198 59 200 89 120 61 88 129 154 3 208 228 81 52 216 241 93 137
    126 68 22 169 120 108 146 167 239 20 42 193 71 149 13 35 36 226 11
    223 236 151 196 247 129 240 204 143 115 20 6 247 140 105 228 251 87
    81 188 180 79 119 124 35 39 101 180 24 119 101 44 137 151 219 54 223
    47 242 61 198 107 12 25 173 188 245 89 233 129 109 170 40 131 23 9
    76 224 191 30 85 46 193 66 185 44 51 45 122 246 141 8 44 147 183 63
    189 104 53 91 200 203 227 83 181 160 94 157 255 184 188 243 208 121
    69 168 20 95 93 215 252 106 131 238 63 105 93 104 184 215 36 9 131
    234 88 86 179 198 68 105 118 128 79 87 192 87 231 122 74 80 227 48
    97 76 82 186 108 207 7 14 140 184 197 241 193 119 246 225 186 21 35
    119 111 68 41 141 30 22 235 75 59 101 12 78 61 170 251 198 125 253
    154 99 27 143 196 15 77 215 74 195 91 123 110 63 134 118 149 202 63
    53 40 249 219 17 182 103 112 109 217 177 27 140 145 165 194 112 177
    24 54 207 30 65 219 87 209 211 17 24 60 164 124 187 62 217 124 40
    187 161 244 24 38 155 97 176 4 236 92 185 182 254 235 203 83 63 76
    89 163 72 219 190 107 34 193 14 234 61 8 128 148 109 138 252 167 242
    255 248 122 175 210 40 30 74 191 13 7 173 37 81 74 142 157 110 36
    196 11 213 46 110 207 83 59 125 52 196 248 255 25 6 63 148 68 61 216
    253 179 117 6 77 197 130 203 44 239 254 150 224 182 151 190 154 31
    50 177 63 244 229 253 246 85 197 167 10 32 179 75 35 212 137 111 197
    23 114 14 80 163 128 98 147 116 212 243 119 103 183 74 122 45 154 10
    135 172 216 175 251 182 27 55 166 252 213 232 89 23 83 123 164 226
    55 30 14 8 218 74 193 228 190 173 6 180 72 141 162 43 146 19 126 187
    117 128 186 147 221 81 150 87 159 218 45 89 101 86 103 108 231 46
    182 55 126 72 127 84 192 215 9 163 189 231 1 151 227 11 78 96 65 124
    241 88 133 113 222 196 103 211 145 222 72 157 15 228 157 192 57 54
    138 125 181 132 198 210 205 65 72 160 172 253 192 101 123 21 112 167
    158 36 98 189 86 146 61 25 164 48 209 57 86 48 209 34 181 91 27 19
    44 162 174 43 107 158 236 58 94 36 254 17 203 204 59 55 179 149 157
    22 130 136 207 222 88 130 145 155 242 86 207 132 184 118 34 203 210
    137 83 59 72 71 57 191 214 62 13 35 125 13 234 253 147 86 183 184
    171 212 30 164 103 65 252 70 15 131 101 228 222 19 193 252 2 133 96
    189 212 35 43 44 156 104 146 74 122 192 37 153 241 165 98 177 97 45
    216 1 213 5 217 114 217 147 211 224 157 30 71 7 158 32 17 165 2 203
    65 47 181 209 197 22 54 5 124 224 11 174 14 191 161 206 68 122 108
    220 124 237 160 78 67 229 99 181 180 59 76 87 227 160 65 165 60 137
    86 14 147 107 182 123 38 37 135 202 150 47 1 162 216 46 175 49 65
    167 63 119 138 10 152 143 55 238 55 228 101 204 105 186 68 181 185
    135 154 243 130 78 76 134 204 248 79 247 202 43 6 234 80 235 234 140
    190 94 39 230 182 10 212 24 179 169 139 222 124 195 117 239 171 164
    168 63 165 240 142 202 25 88 251 126 164 188 118 211 187 184 21 245
    20 235 93 100 230 164 41 101 178 156 146 203 32 177 22 202 78 4 7 82
    194 144 165 172 9 50 250 157 22 57 229 217 153 7 14 91 245 112 13
    175 8 138 184 45 223 187 27 87 7 175 176 172 116 171 244 234 141 16
    160 22 25 159 41 88 40 140 61 255 10 24 251 185 68 53 212 12 118 52
    86 219 58 51 142 107 32 65 85 209 123 78 176 148 220 13 128 64 137
    59 176 35 63 84 43 41 80 54 98 66 83 68 213 225 27 252 205 32 79 100
    249 104 241 27 201 226 146 225 204 193 63 55 32 10 5 61 108 110 27
    114 2 234 218 215 139 36 91 82 122 179 65 81 171 128 1 135 30 227 68
    217 50 98 209 151 6 23 101 76 151 66 77 41 162 225 101 177 203 137
    39 253 163 36 8 100 135 115 22 240 120 96 199 166 3 95 113 132 41 80
    163 239 200 155 230 118 94 249 217 209 86 239 97 95 194 184 11 156
    123 50 32 111 80 239 37 253 240 253 122 95 124 41 132 219 195 2 6 7
    12 71 250 79 179 104 46 82 90 246 39 154 50 31 234 145 31 210 72 75
    191 35 168 8 82 205 166 103 45 141 231 202 198 44 68 160 167 123 174
    50 174 25 203 105 116 55 31 27 136 162 84 20 37 232 237 95 151 102
    227 204 114 160 189 213 16 97 49 97 106 154 171 22 236 235 191 77
    217 193 119 161 142 172 211 21 63 176 242 251 96 183 177 110 167 219
    157 249 135 118 139 169 58 153 143 116 12 227 202 141 234 216 136 89
    41 250 144 9 115 157 72 7 201 204 31 238 246 7 162 244 234 44 122 36
    103 200 232 243 119 20 88 44 174 175 52 109 189 218 116 200 105 219
    215 82 81 3 130 47 228 19 161 187 126 169 41 146 107 217 32 78 45
    108 110 120 176 202 251 234 122 50 243 154 236 223 169 161 243 91
    207 75 196 50 167 110 88 201 41 156 157 176 22 168 120 142 172 185
    93 147 93 3 183 89 134 88 238 82 29 159 162 161 152 221 112 195 161
    255 63 181 185 55 120 135 151 241 187 215 209 215 95 33 117 17 24
    186 27 167 153 116 167 219 170 237 241 162 208 161 50 238 240 120
    192 210 190 144 85 212 123 197 113 221 58 191 252 52 63 242 212 229
    105 202 235 143 88 182 160 215 115 66 201 186 3 207 34 115 58 140
    250 132 145 69 54 37 58 57 29 42 171 218 68 147 147 105 44 3 128 35
    140 52 3 16 144 6 71 43 68 2 236 120 132 212 116 184 116 138 152 252
    248 65 156 11 19 215 240 36 239 200 138 244 63 188 195 87 224 182 21
    104 61 30 205 204 39 148 166 64 135 73 255 245 205 117 82 116 58 25
    197 242 182 125 207 229 77 13 20 119 13 34 88 229 99 224 9 128 68 54
    226 99 93 131 33 87 125 239 119 234 22 88 78 238 21 49 231 124 161
    240 78 245 234 69 234 194 148 122 11 82 238 115 211 74 101 253 222
    59 133 75 31 25 15 23 240 196 41 60 88 225 153 215 43 212 94 214 67
    105 203 250 101 248 4 21 1 234 78 170 7 140 52 206 69 203 19 67 14
    150 82 235 72 15 190 232 247 88 130 100 231 245 231 2 247 132 191
    207 240 210 48 83 247 8 100 157 141 250 105 100 185 48 90 192 244
    190 203 88 252 18 198 254 138 136 61 18 87 163 68 38 31 31 243 149
    36 44 68 181 101 76 11 45 63 47 141 19 110 86 247 48 96 135 29 120
    74 37 157 156 197 107 63 53 21 104 129 144 110 207 27 217 224 200
    128 100 137 43 95 252 134 83 184 122 119 195 71 34 132 86 37 146 157
    6 103 122 171 74 132 55 49 240 205 131 207 193 203 238 77 134 31 124
    130 122 76 77 145 167 29 238 24 216 153 195 174 104 99 130 25 124 20
    137 232 207 7 70 110 13 82 15 203 210 190 162 95 105 118 88 15 252
    146 210 8 66 176 1 124 27 188 167 161 126 135 248 31 247 137 223 96
    112 150 223 149 132 186 105 53 230 10 20 81 91 6 101 157 105 228 9
    255 11 93 37 236 133 66 53 66 58 153 172 255 17 4 186 60 189 44 166
    79 140 165 107 173 134 79 224 182 74 11 97 11 167 24 65 218 99 31 70
    249 116 149 236 177 215 238 27 255 222 239 212 29 95 123 33 245 69
    40 241 198 89 196 236 182 58 164 164 174 140 92 202 205 9 190 120 92
    108 229 250 145 206 151 197 41 133 203 173 132 11 37 187 122 176 234
    1 114 76 234 30 125 68 105 25 142 165 86 195 161 166 254 147 243 82
    103 250 213 140 99 185 196 98 212 186 32 225 183 192 128 164 79 145
    200 246 21 176 253 29 109 114 222 34 205 98 53 10 40 166 215 103 57
    236 117 22 22 18 79 14 35 13 69 242 126 230 242 126 165 157 244 215
    152 182 58 39 103 91 186 61 138 254 3 231 173 32 105 33 179 63 86
    120 114 211 115 67 241 176 11 90 218 14 243 52 191 200 43 63 48 179
    82 74 235 231 253 90 33 219 37 4 3 19 140 2 229 247 93 219 110 82
    100 194 101 182 87 35 20 211 16 68 172 190 221 221 173 139 93 114
    227 128 163 97 16 122 163 217 134 124 209 97 241 229 4 65 183 78 61
    122 24 126 116 171 112 150 192 25 72 134 133 167 232 8 214 18 209
    229 88 21 193 207 11 79 79 40 0 213 212 35 175 33 207 169 179 103 55
    13 149 75 227 148 235 59 160 179 249 178 69 52 15 70 202 147 143 4
    205 153 160 245 238 164 230 32 216 225 140 143 179 239 230 11 7 255
    54 164 128 178 219 173 82 9 128 158 216 141 43 111 21 97 104 241 245
    161 151 116 178 246 241 68 236 95 255 209 119 223 64 108 170 35 224
    98 248 200 91 106 166 95 55 187 232 46 36 123 199 140 49 206 193 255
    193 27 235 17 54 39 181 189 20 248 58 70 160 19 36 31 229 95 116 68
    226 246 36 218 153 193 232 195 162 151 147 7 142 200 55 84 79 90 25
    58 81 57 98 112 183 203 161 108 95 134 255 203 126 97 177 83 72 212
    119 31 247 86 65 25 239 202 134 114 173 232 103 253 50 36 75 50 187
    147 54 76 83 85 13 201 69 44 217 179 106 28 140 130 13 5 243 164 5
    72 60 192 180 4 110 112 173 89 169 235 245 61 135 11 167 221 107 115
    223 221 50 42 1 194 158 98 200 87 136 101 241 253 31 108 72 87 55
    230 44 40 204 109 152 107 152 249 111 161 22 150 171 174 170 209 179
    19 57 167 83 165 128 3 91 157 202 138 98 238 125 197 27 210 197 49
    125 122 71 185 137 162 142 22 79 114 207 117 95 199 159 146 19 169
    246 14 238 10 225 138 148 31 25 194 123 221 72 3 6 123 190 21 209
    209 29 198 230 239 53 189 159 229 218 63 184 197 238 103 72 143 223
    185 86 224 228 42 222 28 12 108 234 82 210 205 74 99 244 68 60 110
    181 27 100 173 72 65 152 11 205 240 68 187 219 48 200 234 15 163 110
    215 66 52 190 190 39 132 118 66 92 234 226 63 234 62 142 77 188 151
    108 115 77 162 100 67 97 229 146 133 219 165 170 178 151 140 57 116
    175 112 18 178 15 181 88 202 145 39 163 229 191 225 140 11 210 251
    186 81 176 134 235 176 255 7 38 88 125 19 124 147 21 97 86 157 11
    169 25 78 46 219 111 218 21 150 146 212 39 111 192 34 158 79 61 27
    230 52 207 242 7 131 209 133 105 63 103 240 2 248 137 2 155 167 169
    83 220 134 20 73 20 106 57 108 192 219 13 48 67 64 184 185 128 190
    34 105 115 108 159 32 57 249 200 50 52 173 35 99 1 209 6 21 230 69
    48 225 5 142 74 205 213 158 47 145 24 68 254 68 178 6 246 148 55 217
    195 8 235 189 43 171 27 88 39 61 245 65 254 40 166 210 1 187 207 235
    124 192 114 230 163 2 45 169 243 90 248 49 156 14 29 172 149 114 255
    166 188 209 120 65 217 180 8 167 184 60 43 221 37 82 109 47 121 42
    157 6 143 25 84 227 247 48 207 162 76 41 77 16 161 1 146 225 151 18
    96 117 179 105 215 115 24 223 104 159 198 28 164 94 96 37 24 161 161
    1 203 47 194 144 13 126 235 134 207 126 80 234 151 132 246 145 151
    198 221 150 132 36 141 157 107 74 43 41 207 100 93 241 202 130 189 3
    244 207 165 74 55 183 154 153 73 138 209 123 215 139 148 51 213 65
    220 159 77 158 127 41 213 234 43 33 35 116 48 146 128 201 50 207 5
    139 142 41 96 185 52 159 148 209 114 225 222 246 174 159 230 148 151
    244 55 195 244 58 93 184 104 118 39 52 48 79 165 238 219 12 112 112
    69 99 69 178 75 84 103 228 198 232 71 209 242 197 180 150 55 15 131
    96 255 13 36 154 14 4 197 142 154 59 150 20 240 24 167 139 5 109 50
    202 128 165 200 153 63 225 105 24 170 157 223 241 89 132 55 129 209
    26 205 56 8 166 30 24 190 86 116 158 35 135 60 174 84 192 228 249
    127 198 241 150 64 88 201 56 177 202 29 95 237 122 44 205 190 221
    213 107 212 7 211 83 114 44 3 152 102 3 167 219 161 74 89 100 169 91
    248 157 178 72 12 223 251 98 149 99 139 15 45 5 156 188 139 124 62
    161 206 118 181 123 117 195 22 107 46 78 59 230 45 105 183 34 41 248
    43 162 15 211 112 66 141 203 250 79 113 58 164 12 68 190 97 40 148
    244 99 31 199 121 17 153 115 81 48 155 251 123 30 199 163 36 101 210
    2 77 82 2 220 219 130 154 89 248 134 225 113 37 12 237 119 193 117
    126 158 9 146 68 127 221 239 15 191 55 198 46 59 91 194 74 47 252
    191 221 247 209 21 200 252 156 222 11 7 68 114 17 187 245 0 112 19
    238 0 113 92 79 100 49 45 143 212 205 110 102 164 65 240 107 179 176
    117 139 119 153 166 66 190 142 96 155 224 242 92 218 231 31 90 213
    169 176 116 165 58 100 91 151 34 91 12 188 120 184 221 15 196 36 226
    184 16 244 171 168 107 147 82 89 48 123 33 255 144 124 96 17 232 40
    200 28 52 23 149 105 13 12 129 249 133 18 73 156 39 243 177 181 233
    16 34 32 190 36 103 255 158 222 39 23 245 244 50 35 1 172 119 203
    127 47 146 168 193 71 163 155 190 203 22 125 84 38 93 126 169 9 111
    61 139 66 51 234 225 33 132 60 121 251 189 167 122 154 33 91 7 203
    188 100 115 193 251 8 156 221 161 26 238 24 32 85 30 106 74 137 39
    235 223 163 192 89 106 42 207 64 6 126 157 28 97 251 53 24 180 252
    240 194 52 197 233 118 143 137 58 177 41 149 252 100 213 69 128 184
    12 203 92 185 16 133 3 107 224 44 72 125 236 72 18 65 236 13 123 168
    137 162 94 119 77 65 165 157 239 143 105 46 65 44 121 47 233 158 217
    191 40 116 84 168 72 84 26 76 63 161 146 72 8 3 99 138 174 58 98 119
    163 195 139 45 147 101 255 84 72 125 153 169 242 50 150 226 52 67
    150 141 2 88 97 105 240 213 160 228 91 144 68 173 214 63 154 212 28
    147 101 162 37 165 233 193 200 94 147 7 81 103 171 24 47 0 238 43
    166 86 219 108 58 5 135 96 76 18 33 223 154 206 172 255 51 233 234
    176 148 139 215 132 243 15 97 240 37 76 148 194 199 212 113 113 80
    28 100 85 40 104 142 242 169 169 125 64 99 255 81 129 26 247 221 194
    161 41 8 240 174 42 1 124 255 75 34 69 146 106 187 42 131 247 128 18
    3 120 110 147 202 93 104 253 95 77 6 150 74 156 71 84 112 249 237
    179 2 76 12 67 229 212 216 178 139 99 44 84 57 251 221 72 38 179 121
    13 173 199 11 196 120 239 81 255 221 182 114 149 143 51 44 67 201
    114 199 128 170 170 200 97 190 130 141 152 247 48 171 74 38 75 87 7
    240 245 58 162 127 205 151 48 124 109 248 209 19 82 174 134 44 53
    214 18 60 80 92 203 219 131 170 149 172 159 191 41 82 255 177 56 50
    168 90 122 8 97 222 225 229 0 212 233 13 243 2 10 3 204 13 211 44
    119 225 186 102 75 98 62 56 21 82 134 142 39 176 178 68 60 96 232
    116 139 19 173 127 18 148 228 211 159 6 110 8 226 165 118 87 149 141
    147 23 142 191 255 127 35 45 224 177 100 191 242 35 158 92 152 237
    58 200 130 49 103 174 54 223 85 153 240 192 21 26 17 129 55 254 4 38
    143 185 50 191 203 204 204 108 36 252 143 58 75 28 127 78 72 24 39
    16 223 93 193 197 26 199 101 178 11 31 35 67 96 60 20 45 113 33 222
    178 82 197 33 194 118 229 65 81 46 97 154 44 190 138 186 58 208 126
    243 206 40 165 176 45 102 12 76 70 33 94 44 49 54 132 108 122 61 52
    87 200 135 17 86 246 216 249 162 194 230 169 4 76 110 168 58 34 114
    117 54 82 76 249 202 189 243 61 195 49 96 4 110 209 16 194 222 253
    245 51 198 28 155 110 79 221 76 101 236 216 72 24 184 72 11 131 167
    148 100 184 113 196 150 245 130 119 121 104 127 206 26 85 12 184 119
    239 8 223 84 228 182 19 192 72 101 232 84 38 117 57 151 164 109 60
    23 138 207 195 180 119 196 102 162 210 36 145 102 166 106 18 64 142
    93 70 18 47 70 1 193 218 155 122 231 124 106 222 186 141 52 218 132
    178 80 193 206 245 68 100 162 78 232 94 55 90 149 54 54 87 74 187 96
    125 217 11 253 105 57 34 115 155 251 194 137 163 110 181 75 100 91
    147 198 6 192 31 101 219 189 137 12 132 231 193 4 212 161 191 17 31
    84 218 4 2 80 230 107 45 155 34 237 175 75 17 214 107 223 246 26 147
    221 245 248 93 86 157 215 26 42 218 142 209 129 73 80 232 156 8 133
    249 239 246 49 81 243 186 57 189 107 200 22 112 179 252 56 226 30
    235 177 228 132 1 161 132 48 23 33 143 71 72 175 24 193 198 16 220
    62 81 243 14 59 228 148 145 172 37 24 165 199 69 3 60 21 244 45 48
    113 175 140 74 209 255 222 36 150 144 93 98 211 208 60 15 100 192
    113 72 17 224 58 25 16</data></your_img>
</opencv_storage>
