<?xml version="1.0"?>
<opencv_storage>
<L2_diff>8.4923494982248585e+01</L2_diff>
<test_hist type_id="opencv-matrix">
  <rows>256</rows>
  <cols>1</cols>
  <dt>f</dt>
  <data>
    9.57426453e+01 7.18305420e+02 1.96726868e+02 2.94373322e+02
    8.24159119e+02 4.81576233e+02 3.03001740e+02 3.65656128e+01
    5.51832153e+02 5.97713745e+02 9.48806396e+02 4.28999268e+02
    5.62172913e+02 8.40708496e+02 3.02425140e+02 3.28928284e+02
    4.09705444e+02 5.26767090e+02 3.20477081e+02 9.73384583e+02
    9.64855835e+02 4.75615021e+02 8.18144348e+02 7.13052246e+02
    1.81007751e+02 6.20365234e+02 1.09136230e+02 5.92328369e+02
    7.06973328e+02 6.54707092e+02 2.17296875e+02 1.99499939e+02
    7.48047363e+02 5.62916870e+02 1.14001312e+02 9.75798340e+02
    6.55546936e+02 8.32117310e+01 8.93159790e+02 8.36578003e+02
    8.53516907e+02 1.23815125e+02 6.50193298e+02 6.23901733e+02
    6.49005310e+02 5.49173462e+02 9.21501831e+02 7.56674866e+02
    4.83827515e+02 5.83300171e+02 6.86549927e+02 1.52099213e+02
    1.92984955e+02 3.25531189e+02 7.30764832e+02 6.42786499e+02
    6.97807373e+02 1.08131531e+02 6.13488770e+02 6.25950439e+02
    8.04781128e+02 2.62736877e+02 3.89104706e+02 6.60649719e+01
    3.02775452e+02 4.49969177e+02 4.20672424e+02 2.40553894e+01
    6.95925964e+02 1.59540466e+02 1.27724915e+01 5.99640198e+01
    2.00379364e+02 4.60328796e+02 7.30487305e+02 6.54237915e+02
    2.18943298e+02 5.77710083e+02 4.31202850e+02 7.34622253e+02
    9.95185486e+02 3.19251160e+02 5.09648468e+02 7.40012512e+02
    2.79590057e+02 5.08013397e+02 2.80989502e+02 5.85389587e+02
    6.72948242e+02 9.21508179e+02 6.65246826e+02 6.37736145e+02
    5.78962158e+02 7.27743896e+02 6.19562500e+02 6.26425415e+02
    3.95266235e+02 3.00222473e+02 8.37147461e+02 5.28981628e+02
    2.78167084e+02 8.94233887e+02 1.98227112e+02 7.69844666e+01
    3.73052979e+01 9.29928345e+02 7.92718628e+02 5.91994751e+02
    1.58794495e+02 7.39489502e+02 2.67016235e+02 9.79600342e+02
    9.58926819e+02 5.98649292e+02 8.22292480e+01 5.18560486e+01
    4.45057861e+02 3.86075287e+02 2.94496948e+02 6.62272400e+02
    3.17900604e+02 1.31851196e+02 9.76168518e+01 1.20236755e+02
    1.36059875e+01 1.31346252e+02 3.36861786e+02 3.84640564e+02
    2.72801392e+02 3.19584351e+02 7.70822754e+02 1.24099365e+02
    9.12894531e+02 4.50785248e+02 4.29488129e+02 9.65448486e+02
    6.15829651e+02 4.65444885e+02 5.10928558e+02 4.76315216e+02
    2.37098785e+02 3.54379578e+02 1.91734131e+02 5.28799683e+02
    2.62766388e+02 7.49843689e+02 7.61040894e+02 6.26740662e+02
    8.12298462e+02 3.78189819e+02 5.02677185e+02 4.72092407e+02
    1.59391663e+02 5.58403015e+02 8.75997437e+02 6.65569153e+02
    3.98998291e+02 2.96152161e+02 3.60550842e+02 3.51813965e+01
    4.78177094e+02 9.69824280e+02 4.20871521e+02 6.51221680e+02
    4.76382324e+02 2.49213562e+01 8.36437378e+02 4.81486420e+02
    8.40435791e+01 6.35727905e+02 2.82876892e+02 9.40129028e+02
    6.87849670e+02 4.35564606e+02 1.69156616e+02 3.33078308e+02
    3.55621826e+02 4.71832092e+02 8.47701355e+02 4.97571106e+01
    4.82316193e+02 3.22772064e+02 5.88762329e+02 4.41811584e+02
    2.32053375e+02 1.77544006e+02 2.13675293e+02 3.82177216e+02
    5.00032928e+02 5.19264099e+02 2.32713989e+02 1.88617188e+02
    2.20622620e+02 4.23722809e+02 8.59954529e+01 4.15683655e+02
    4.81235382e+02 6.87454224e+01 3.11914825e+02 1.19389954e+01
    9.41471741e+02 2.54475571e+02 6.48364136e+02 7.94494080e+02
    9.09781006e+02 5.76602173e+02 1.95382080e+02 6.06873291e+02
    5.48836182e+02 4.82034912e+01 1.82686890e+02 3.77618591e+02
    8.90664978e+01 8.14499146e+02 4.58185120e+01 4.75699951e+02
    7.02113586e+02 2.03846405e+02 4.90816345e+02 2.28044647e+02
    3.69222717e+01 5.41606628e+02 9.96627563e+02 5.08274323e+02
    5.95175171e+02 2.90595398e+02 2.94585938e+02 1.24770660e+02
    5.88539062e+02 6.93323669e+02 7.65310303e+02 6.85334351e+02
    5.81401428e+02 6.95631287e+02 2.40231354e+02 1.18282776e+02
    1.31513062e+01 7.62830872e+02 3.79206543e+01 8.99626709e+02
    9.72685913e+02 6.11854309e+02 6.35649719e+01 1.17041931e+01
    8.18529663e+01 9.87136902e+02 8.16574280e+02 4.33309631e+01
    8.09587524e+02 6.90256958e+01 1.40751801e+02 8.13650391e+02
    9.34685791e+02 4.50777039e+02 7.04425476e+02 9.72267395e+02</data></test_hist>
<my_lkt type_id="opencv-matrix">
  <rows>256</rows>
  <cols>1</cols>
  <dt>u</dt>
  <data>
    0 2 2 3 4 5 6 6 7 8 10 11 12 14 14 15 16 17 17 19 21 22 24 25 25 27
    27 28 29 31 31 31 33 34 34 36 37 38 39 41 43 43 44 45 47 48 50 51 52
    53 54 55 55 56 57 58 60 60 61 62 64 65 65 65 66 67 68 68 69 69 70 70
    70 71 72 74 74 75 76 77 79 80 81 83 83 84 85 86 87 89 90 91 93 94 95
    96 97 98 99 101 101 103 103 103 103 105 107 108 108 110 110 112 114
    115 115 115 116 117 118 119 120 120 120 121 121 121 122 122 123 124
    126 126 128 129 130 132 133 135 136 137 137 138 139 140 140 142 144
    145 147 148 149 150 150 152 154 155 156 157 158 158 159 161 162 163
    164 164 166 167 168 169 170 172 173 174 175 176 176 177 179 179 181
    181 183 184 184 185 185 186 187 188 189 189 190 191 191 192 193 193
    194 194 196 196 198 200 202 203 203 205 206 206 207 207 208 210 210
    211 212 213 214 214 214 216 218 219 220 221 222 222 223 225 227 228
    230 231 232 232 232 234 234 236 238 239 240 240 240 242 244 244 246
    246 246 248 250 251 253 255</data></my_lkt>
<your_lkt type_id="opencv-matrix">
  <rows>256</rows>
  <cols>1</cols>
  <dt>u</dt>
  <data>
    0 2 2 3 4 6 6 6 7 9 11 12 13 15 15 16 17 18 19 21 23 24 25 27 27 29
    29 30 32 33 33 34 35 37 37 39 40 40 42 44 46 46 48 49 50 51 53 55 56
    57 59 59 59 60 62 63 64 65 66 67 69 69 70 70 71 72 73 73 74 75 75 75
    75 76 78 79 80 81 82 83 86 86 87 89 89 90 91 92 94 96 97 98 100 101
    102 104 105 105 107 108 109 111 111 111 111 113 115 116 117 118 119
    121 123 124 124 124 125 126 127 128 129 129 129 129 130 130 131 131
    132 133 134 134 136 137 138 140 142 143 144 145 145 146 146 147 148
    150 151 152 154 155 156 157 157 159 160 162 163 163 164 164 165 167
    168 169 170 171 172 173 173 175 175 177 179 180 180 181 182 183 184
    184 186 186 187 188 189 189 190 190 192 193 193 194 194 195 195 196
    197 197 198 198 200 200 202 203 205 207 207 208 209 209 210 211 211
    213 213 214 215 216 217 217 217 218 220 221 223 223 224 224 225 227
    229 230 231 233 233 233 233 235 235 237 239 240 241 241 241 243 245
    245 246 247 247 249 251 251 253 255</data></your_lkt>
</opencv_storage>
