<?xml version="1.0"?>
<opencv_storage>
<L2_diff>3.3634060117684277e+02</L2_diff>
<r>7</r>
<test_img type_id="opencv-matrix">
  <rows>50</rows>
  <cols>100</cols>
  <dt>u</dt>
  <data>
    84 202 94 185 83 77 4 32 74 216 64 13 63 41 111 161 19 19 166 134
    130 192 21 50 133 4 220 48 107 21 164 35 155 116 103 245 248 70 215
    148 12 170 219 181 200 175 160 22 246 9 211 184 50 202 147 174 10
    113 127 222 45 174 113 36 181 193 161 175 225 182 28 145 50 88 135
    105 83 135 106 39 209 160 64 216 185 16 95 162 149 89 105 66 60 107
    225 86 191 228 112 85 110 175 31 166 187 233 0 205 81 70 137 170 32
    183 72 76 33 189 231 207 25 123 73 138 168 115 60 30 102 233 135 75
    154 156 253 223 201 9 156 214 160 66 141 179 40 199 196 217 85 141
    169 11 238 240 94 249 115 151 194 90 187 27 74 107 6 98 166 44 216
    129 236 109 158 215 231 32 176 219 234 123 138 99 90 90 243 116 38
    35 31 122 37 198 145 183 103 115 217 156 222 2 123 24 170 116 165
    227 41 135 39 94 104 201 167 206 39 177 86 161 224 182 227 252 30
    179 49 142 53 208 210 223 213 251 174 99 126 218 175 186 131 117 9
    130 72 213 21 69 74 137 38 223 155 60 205 90 222 228 253 212 5 25 28
    60 203 155 139 5 87 177 242 109 211 48 217 23 77 214 232 194 251 116
    11 20 29 117 118 229 8 218 125 195 176 46 183 148 178 53 24 97 204
    54 186 94 130 134 210 48 163 96 23 184 94 216 189 26 67 8 189 119 74
    196 255 209 188 14 57 143 175 12 213 52 144 232 45 166 200 62 102 45
    178 106 163 36 128 75 121 126 192 212 246 144 107 97 207 243 27 50
    174 230 201 170 64 201 129 69 187 125 67 20 25 43 174 64 58 192 69
    200 230 173 14 137 217 229 161 101 148 13 133 225 155 196 108 93 51
    91 29 27 94 201 143 157 188 94 234 122 194 181 216 120 149 154 176
    168 251 132 136 186 71 29 28 154 92 10 199 149 127 96 221 20 237 201
    117 197 74 42 63 161 226 68 131 145 185 52 191 242 142 204 125 43
    151 61 92 43 217 111 193 247 157 97 66 100 240 67 59 164 16 153 223
    238 143 62 31 151 78 128 62 209 206 220 204 13 173 165 254 116 107
    64 249 118 155 141 110 253 211 100 152 27 173 98 160 48 157 56 194
    231 1 87 69 95 87 82 87 203 155 159 12 158 250 29 139 66 163 54 208
    143 99 106 231 189 172 193 0 139 51 73 104 186 147 187 185 142 111
    91 187 172 249 195 101 198 60 56 138 52 254 27 77 56 190 58 75 43 76
    105 2 132 35 26 128 202 9 148 188 73 138 128 50 185 188 84 37 93 241
    202 20 193 185 90 237 88 164 9 30 138 28 193 126 152 66 171 116 37
    216 195 231 61 140 122 68 162 45 199 140 214 26 179 243 11 158 141
    59 201 70 173 144 217 110 91 6 170 238 34 167 252 54 169 123 78 211
    246 142 204 246 119 17 185 10 247 249 151 128 67 57 201 161 235 54
    49 159 195 4 225 8 133 176 253 11 159 131 131 228 72 92 203 64 23
    111 241 127 105 72 226 58 162 0 192 212 241 118 182 224 149 134 189
    226 226 71 6 119 145 243 136 144 229 36 165 119 133 117 59 2 222 161
    133 76 4 84 157 146 116 59 211 104 92 229 246 87 186 31 162 225 63
    33 173 214 98 150 236 103 178 165 176 79 17 60 143 8 124 199 72 71
    152 159 205 45 173 43 72 26 176 37 179 115 29 245 94 172 125 252 212
    78 100 223 223 83 107 63 48 0 34 128 19 63 182 240 220 121 112 75
    172 253 20 120 163 16 103 37 188 192 4 198 75 86 65 69 107 2 103 157
    166 234 114 127 18 32 184 146 155 24 157 191 50 154 18 1 149 253 120
    88 49 208 127 255 146 50 91 114 176 132 207 149 141 232 159 176 19
    189 38 33 182 96 149 225 162 229 43 209 12 47 35 115 167 203 91 25
    78 33 23 211 188 171 145 11 247 21 17 249 87 92 42 17 61 121 76 0
    232 156 135 148 114 1 92 156 74 75 61 11 109 103 88 243 160 90 44
    200 87 79 33 50 141 70 129 103 246 246 164 46 208 164 219 24 3 60
    188 37 115 112 103 9 141 143 107 151 137 171 136 119 119 95 57 7 180
    190 91 178 109 109 162 199 148 119 113 207 254 175 175 138 241 98
    151 132 204 153 248 16 95 98 247 198 114 157 138 190 154 39 76 252
    94 144 245 245 98 60 54 30 70 12 25 226 68 146 63 119 46 66 8 248 69
    124 223 46 204 243 73 159 125 133 211 158 226 162 28 141 165 255 189
    53 225 121 186 221 254 35 231 240 169 46 120 142 141 190 239 39 104
    172 232 76 28 24 21 80 32 55 158 162 199 202 7 104 6 106 99 96 215
    196 61 130 221 1 234 15 233 159 139 41 167 252 16 192 222 255 192 47
    234 219 94 66 252 223 164 67 232 135 111 230 202 127 154 149 37 54
    159 153 36 35 86 78 121 145 200 121 70 81 213 162 34 179 21 33 142
    29 100 82 57 72 94 229 94 64 137 185 147 254 206 24 168 177 160 198
    184 147 97 119 174 199 212 192 25 45 30 249 97 78 195 114 72 125 98
    54 53 91 77 58 183 239 18 48 25 130 3 178 117 255 55 186 85 179 100
    208 158 59 200 67 78 149 215 154 77 193 21 251 154 131 180 248 196
    240 82 12 202 167 193 159 80 18 29 40 34 208 210 107 190 95 253 11
    165 35 61 124 48 160 103 40 132 207 72 11 121 139 194 177 10 146 65
    195 38 13 224 72 163 19 136 71 112 229 176 110 143 207 144 247 53 47
    116 179 142 236 231 214 76 36 129 138 89 178 46 185 1 201 1 237 242
    83 159 21 79 71 18 116 252 9 179 195 83 74 109 231 175 230 53 190 68
    221 204 115 252 64 193 203 105 32 253 63 113 137 216 218 220 32 120
    210 177 81 194 183 188 32 214 177 101 186 123 161 39 207 56 139 4 5
    133 199 173 63 32 223 138 167 239 52 86 102 123 130 31 135 228 131
    50 30 87 78 30 143 72 30 44 252 135 210 239 167 6 156 138 217 44 83
    20 242 35 104 189 59 153 59 8 8 150 198 243 155 186 186 5 148 248
    254 111 186 65 17 140 38 59 120 238 151 103 191 181 11 246 241 203
    51 74 141 110 203 132 136 101 90 240 216 131 9 150 7 196 150 37 99
    187 233 92 106 247 104 46 35 23 247 84 214 157 55 166 115 84 68 122
    99 206 207 4 204 208 219 181 232 140 51 35 201 50 243 108 169 94 189
    167 204 160 62 54 43 40 126 43 218 76 165 59 77 74 0 133 54 149 136
    105 157 236 76 122 31 103 123 63 173 209 236 18 150 91 120 193 149
    176 98 6 3 5 108 242 240 138 22 104 153 232 192 100 100 221 18 100
    176 37 170 241 180 150 147 100 232 41 176 97 74 60 182 98 162 209 95
    57 197 209 102 50 142 104 65 106 144 21 207 237 29 52 231 148 252
    190 237 11 214 194 141 24 128 163 29 22 34 76 178 167 145 79 56 66
    44 110 69 12 71 68 92 81 86 108 97 125 175 4 195 218 68 72 20 31 210
    53 156 139 58 168 187 169 219 229 10 81 95 125 205 190 107 66 122 28
    5 73 209 29 165 70 66 5 57 178 109 45 2 131 85 75 77 104 140 92 28
    88 210 117 126 52 237 26 160 184 211 53 229 139 39 132 186 116 50
    238 165 133 9 59 24 227 164 159 151 254 106 92 60 154 154 134 16 195
    17 122 41 232 151 166 42 91 45 145 97 54 233 246 110 133 202 187 228
    207 3 253 168 251 193 26 200 35 152 179 178 73 242 129 137 145 236 6
    165 142 63 200 84 69 247 95 148 88 83 145 236 255 253 113 195 252
    228 213 38 146 56 115 115 50 127 247 146 198 130 29 161 184 212 247
    65 120 242 117 160 69 76 224 12 177 167 214 118 251 121 71 112 14 52
    249 166 190 125 48 177 198 37 50 80 8 229 29 78 70 122 121 7 48 38 2
    120 29 150 233 113 21 224 175 69 204 93 40 168 74 48 161 38 191 62
    63 13 219 7 51 152 7 140 197 209 82 76 46 104 160 1 236 252 226 149
    63 241 84 130 83 203 118 232 70 153 20 245 223 178 186 243 20 221 0
    179 77 149 204 7 165 196 66 111 114 156 210 110 109 109 172 34 133
    229 87 250 12 6 140 58 76 3 134 127 240 169 252 118 226 217 79 41
    171 35 97 128 99 27 187 43 254 62 193 50 107 198 210 113 101 231 131
    162 17 120 222 147 41 73 230 112 223 215 196 191 239 182 135 50 24
    191 210 187 26 187 9 78 170 7 69 193 123 202 43 29 253 51 179 202 25
    132 167 55 220 158 87 115 82 88 247 209 72 154 216 118 121 121 115
    235 120 204 130 106 223 142 8 52 48 231 191 239 132 196 43 43 25 254
    173 193 211 174 19 196 37 240 29 111 130 78 72 154 19 219 237 170 71
    39 76 144 170 188 99 46 66 157 158 11 215 197 60 155 69 104 15 148
    93 17 113 213 183 58 152 253 94 114 170 80 32 21 239 59 51 75 155 77
    123 28 209 57 229 85 181 149 93 206 184 44 99 195 21 169 144 5 36 46
    173 218 245 61 221 195 124 20 243 160 22 148 221 50 203 160 105 10
    153 8 151 172 196 104 249 133 236 239 218 254 235 108 84 204 20 85
    99 14 32 112 216 15 175 139 164 247 217 186 224 69 24 240 148 198 73
    171 85 244 235 95 30 76 185 29 12 232 18 250 78 146 64 236 61 29 204
    182 104 200 99 66 87 11 65 241 200 48 183 230 35 255 47 134 247 23
    226 94 138 45 2 212 244 170 170 96 52 164 105 6 11 203 41 65 251 28
    20 91 255 209 243 222 56 218 206 13 225 149 115 84 112 172 60 231
    175 238 130 192 70 8 184 76 169 230 75 190 150 164 38 143 156 21 155
    18 110 13 159 175 152 232 132 78 8 111 217 158 185 160 138 169 192
    202 34 155 232 113 108 13 15 73 209 212 208 8 35 207 188 56 86 29
    164 37 112 92 240 174 190 58 51 45 205 239 29 194 2 119 47 240 217
    124 155 178 94 63 171 245 251 173 134 39 97 150 138 135 197 164 196
    3 235 111 81 25 167 174 242 177 199 144 171 168 136 197 56 5 11 71
    163 40 200 81 159 227 137 198 121 136 216 111 250 220 137 169 136
    197 210 237 230 215 126 205 56 115 171 236 14 235 78 238 235 73 238
    33 130 57 209 57 117 195 78 99 35 226 133 0 133 66 152 186 106 220
    232 98 61 78 93 141 123 184 211 83 64 42 247 61 192 66 8 184 58 164
    121 11 41 106 254 201 18 175 53 42 77 71 27 178 38 5 133 206 44 108
    64 67 87 61 113 145 16 26 197 26 47 235 192 187 242 238 2 115 102 76
    36 148 174 191 151 223 13 159 135 182 11 156 211 40 129 237 81 45 20
    69 98 6 143 5 108 204 40 76 192 174 157 180 9 117 215 83 82 135 9
    205 10 123 47 192 38 172 185 156 183 0 139 212 62 121 184 27 141 255
    116 32 22 21 250 25 198 181 207 89 193 94 83 122 126 203 124 165 142
    186 50 84 106 18 140 1 237 179 83 196 42 194 172 234 126 134 141 48
    83 114 29 173 37 176 222 223 106 148 203 181 49 243 133 227 31 174
    160 177 202 227 223 209 213 167 203 50 73 201 203 46 54 246 5 21 92
    129 29 53 182 156 52 134 60 61 244 170 6 203 32 213 204 47 12 110 44
    76 214 52 153 11 95 185 242 77 22 69 203 154 83 165 168 67 20 205 13
    138 158 223 96 212 165 99 4 96 20 34 66 158 138 23 203 225 231 137
    118 112 41 95 195 206 224 64 148 49 2 159 129 4 152 225 31 143 158
    71 67 180 238 56 255 73 249 18 92 216 80 154 247 57 222 187 215 79
    134 104 236 15 54 170 14 226 180 126 32 195 252 188 198 153 19 161
    20 60 57 62 228 243 150 85 68 141 169 217 47 62 252 8 159 192 137
    142 1 153 182 78 175 26 197 217 114 25 106 32 15 242 54 210 227 16
    225 174 53 185 8 186 121 16 151 57 68 243 114 165 18 103 37 224 169
    79 48 166 95 51 164 88 17 178 208 67 34 140 39 251 108 150 221 200
    222 35 244 33 163 166 210 99 85 118 181 103 53 71 145 17 124 191 210
    32 96 133 213 24 208 159 95 125 124 173 206 204 178 104 65 56 29 219
    115 120 107 17 243 188 142 30 94 199 86 93 170 251 64 114 62 192 53
    145 106 186 126 67 200 76 240 193 179 210 191 103 138 67 23 58 218
    133 152 247 36 116 179 0 102 133 225 209 238 172 45 14 57 60 193 33
    123 39 157 35 194 169 104 42 71 183 3 251 99 130 158 73 113 33 100
    30 56 202 10 227 251 20 224 43 50 142 205 140 102 213 222 150 203
    198 222 237 221 126 214 151 16 34 126 24 14 232 70 49 16 188 180 27
    241 108 130 241 203 102 102 65 255 170 231 5 12 176 89 46 107 104 67
    119 186 209 74 65 38 244 115 188 84 225 156 88 62 71 175 171 153 173
    149 107 140 66 30 173 25 97 178 223 221 163 139 125 35 15 34 44 12
    125 138 0 151 114 132 36 84 42 44 33 3 125 45 78 211 10 7 113 201
    113 50 129 204 251 10 180 152 149 74 92 57 216 194 49 53 152 192 18
    189 132 174 51 124 126 216 86 96 193 0 144 40 233 166 213 202 246 43
    145 126 90 12 231 251 203 66 175 229 53 80 232 203 196 72 221 193
    106 46 192 179 23 45 137 47 179 86 195 246 210 68 78 26 187 59 164
    154 106 252 10 130 63 62 22 184 0 163 140 162 254 126 10 140 83 173
    167 117 7 182 205 7 247 98 62 225 161 153 15 151 167 120 16 144 162
    207 226 10 0 99 185 183 44 73 21 70 83 245 29 76 123 167 109 154 72
    250 33 25 202 21 150 12 112 27 95 173 73 229 23 218 232 63 176 143
    112 93 46 19 64 72 216 183 217 60 189 172 209 86 154 209 130 79 139
    92 65 203 111 201 166 242 180 112 212 217 23 171 123 177 162 80 227
    247 43 140 9 11 163 177 138 54 199 244 237 109 23 98 209 138 29 119
    95 59 100 20 139 43 195 166 128 154 113 112 186 229 101 250 101 204
    161 85 113 193 8 2 95 51 255 220 12 187 47 1 137 228 116 255 194 112
    207 37 145 235 43 90 148 152 41 23 174 17 126 65 206 2 11 80 137 30
    184 226 190 168 85 152 6 146 54 134 184 185 204 171 0 130 63 88 195
    241 89 166 83 58 146 4 241 178 1 30 172 250 1 90 24 98 113 181 21 81
    141 170 242 13 254 75 195 66 66 187 12 243 21 144 229 176 99 67 139
    104 97 27 103 25 202 96 221 247 157 18 108 229 68 70 106 94 11 139
    136 210 46 4 94 66 140 91 196 86 85 58 226 186 229 218 115 208 109
    138 193 93 120 104 14 245 176 49 105 117 110 163 69 236 190 230 216
    98 74 116 148 123 11 194 213 234 109 63 239 182 177 218 107 194 2 15
    189 72 178 251 54 82 41 212 210 32 197 195 24 14 207 50 252 69 73
    132 28 90 54 11 26 22 36 66 6 89 58 53 29 34 82 157 83 64 39 153 93
    33 100 254 219 54 55 139 239 210 243 104 237 159 233 91 53 23 18 73
    13 124 218 64 182 125 144 108 36 2 240 156 191 220 86 194 80 218 242
    33 137 187 13 52 190 249 177 87 157 108 196 248 203 21 90 213 186 60
    35 34 23 102 134 230 155 120 126 131 54 238 68 193 241 67 157 163
    234 123 36 33 246 49 151 52 116 162 231 65 124 178 106 180 184 163
    157 155 38 150 180 67 22 206 95 213 243 67 130 171 67 69 20 3 219 70
    97 143 213 219 20 211 94 178 72 76 110 202 163 217 126 194 185 130
    136 226 134 177 4 196 27 23 124 212 5 109 130 223 82 4 137 165 98
    146 241 204 198 86 175 3 72 186 222 228 115 228 7 174 78 213 228 87
    161 59 98 164 63 9 192 98 255 150 252 12 98 255 197 192 74 201 52
    239 152 5 13 182 120 93 10 174 190 191 158 191 218 25 225 200 119
    140 65 44 206 79 246 175 96 61 24 127 192 180 240 27 24 67 204 35 22
    1 237 65 249 74 206 241 155 36 66 36 0 23 94 19 197 243 186 240 159
    166 213 155 128 182 89 168 72 48 178 197 209 82 154 230 69 161 50 73
    30 149 241 215 46 153 119 229 63 70 162 74 16 201 134 219 124 185 84
    246 184 32 111 253 6 129 37 28 84 196 152 32 101 116 219 37 88 171
    12 245 216 177 31 8 89 109 204 132 181 103 13 103 175 247 242 147
    120 218 69 157 169 242 54 187 71 114 22 152 205 129 22 60 20 192 1
    42 80 235 137 48 226 57 207 204 129 73 42 129 88 56 110 59 6 46 1
    141 239 155 243 83 195 146 94 237 27 237 216 47 86 24 254 41 244 51
    230 98 226 240 217 52 18 78 48 240 35 58 194 233 206 18 153 93 154
    111 160 237 29 97 22 85 169 68 255 222 27 201 159 93 169 205 230 240
    247 92 237 89 225 99 157 96 14 32 89 135 106 15 3 146 125 114 106
    225 14 238 200 202 220 165 241 159 28 107 93 104 30 182 15 75 77 14
    161 72 87 36 143 132 252 17 124 8 143 165 92 93 211 15 16 200 139 21
    53 174 28 177 157 12 109 78 121 216 133 26 32 79 197 149 40 178 230
    185 182 167 252 162 100 115 201 92 156 75 39 107 90 105 36 119 227
    132 56 65 251 191 254 118 174 119 53 208 129 55 149 70 176 103 241
    224 172 36 73 109 153 129 127 14 201 37 186 102 99 81 104 18 6 59
    135 98 223 61 111 141 73 14 178 44 226 146 152 95 199 177 184 253
    152 96 163 58 197 76 46 116 42 249 214 102 90 152 192 152 149 121 80
    132 231 196 244 33 205 190 220 184 33 66 201 67 248 246 209 107 129
    78 121 177 172 13 102 138 72 130 179 136 183 16 82 24 108 43 68 153
    4 252 157 192 74 97 61 24 110 40 4 11 8 149 95 164 195 171 4 218 26
    106 253 30 232 180 190 85 52 244 141 124 99 160 237 142 143 232 115
    83 188 249 64 99 114 104 78 231 197 175 193 223 168 71 82 158 18 206
    63 60 159 235 35 199 218 107 19 234 167 159 57 35 88 151 19 158 233
    124 27 97 177 26 2 123 65 42 33 6 129 72 234 229 129 93 225 106 225
    109 169 45 47 23 32 184 164 133 16 3 255 81 60 248 173 148 202 62 18
    156 179 234 225 218 176 181 251 171 132 54 169 25 166 154 243 97 222
    131 14 0 85 63 46 128 169 107 69 210 236 25 60 194 242 151 90 161
    128 214 52 231 234 151 251 220 99 220 93 224 113 87 140 10 209 152
    173 133 126 92 138 120 102 156 207 139 69 112 149 129 99 207 207 218
    137 61 87 88 13 225 26 225 196 52 242 127 96 162 99 96 249 200 97
    189 214 135 73 65 98 175 182 113 198 37 99 111 150 45 122 59 242 106
    84 134 177 217 226 223 66 254 221 5 233 166 88 111 81 34 10 115 192
    29 147 191 190 182 14 34 144 145 198 199 116 15 131 11 179 74 94 17
    172 244 200 249 1 184 163 95 39 25 5 63 18 89 68 196 180 251 167 177
    17 64 133 246 146 204 112 17 239 147 128 4 6 204 245 230 237 246 87
    29 191 153 55 102 172 89 22 121 227 48 0 116 21 84 50 0 27 80 35 242
    248 95 49 252 167 209 224 186 54 12 131 146 214 108 89 109 31 61 82
    129 245 20 132 87 13 65 246 124 44 49 215 11 175 111 109 225 2 112 3
    48 106 251 138 143 18 8 77 24 255 116 193 180 35 211 30 202 62 243
    191 93 190 98 210 148 146 127 18 228 181 26 77 117 113 110 12 46 165
    192 192 178 79 199 73 243 76 83 189 74 84 91 59 46 124 247 200 228
    207 145 231 219 205 20 59 108 83 223 11 159 206 218 52 148 216 23
    155 61 192 92 39 16 154 95 101 233 205 107 126 24 221 123 103 218
    167 214 20 56 122 75 182 174 137 51 183 75 236 217 56 222 133 0 255
    52 69 141 98 127 117 91 218 229 245 212 55 193 212 130 184 194 19 6
    87 67 57 139 63 236 148 117 166 137 176 225 124 244 255 55 243 103
    234 80 254 218 117 2 157 229 67 239 60 119 120 54 14 225 153 22 199
    100 79 139 104 143 246 207 31 58 198 10 69 155 131 51 244 114 157 0
    68 25 155 197 0 247 40 203 23 212 189 79 220 42 26 197 159 100 16
    203 108 146 208 207 74 165 67 52 119 149 75 90 164 84 184 4 188 78
    218 131 135 132 209 23 72 132 132 217 249 224 37 35 163 80 176 109
    59 149 68 90 63 156 70 88 212 65 56 148 44 209 109 116 173 98 189
    173 118 248 8 88 6 211 243 5 51 13 250 153 186 234 49 100 40 118 207
    192 0 64 205 247 28 56 189 136 121 54 71 99 141 21 57 143 54 240 136
    241 113 7 107 92 67 116 22 55 236 4 242 179 175 217 218 170 199 48
    75 23 157 45 116 107 231 26 103 136 95 137 122 2 235 194 143 214 95
    208 58 156 236 69 82 248 254 167 212 240 249 249 148 253 249 178 77
    42 168 100 109 236 110 165 144 56 50 132 246 80 178 161 232 173 1 3
    239 74 54 237 98 185 212 62 141 120 37 45 194 222 181 192 12 52 197
    201 147 147 168 78 193 156 125 192 107 139 76 240 106 44 230 174 1
    97 70 95 96 118 28 113 231 132 231 234 118 26 249 159 54 29 203 75
    240 243 165 157 251 223 96 39 243 157 11 224 140 189 133 171 4 70 61
    138 13 80 200 217 229 189 8 202 11 244 81 172 180 71 51 231 72 120
    33 137 87 119 189 134 54 175 240 179 121 162 27 12 79 219 45 11 248
    226 200 183 192 246 125 3 234 0 208 68 136 107 115 13 2 86 74 162
    219 70 179 61 244 167 172 242 41 223 146 48 174 235 115 64 236 205
    151 23 255 144 36 44 239 45 34 171 224 146 184 231 221 216 21 57 253
    29 207 4 111 79 78 249 55 221 193 30 210 128 105 214 29 170 113 110
    215 39 72 10 230 40 60 207 80 253 188 70 185 108 253 120 128 99 17
    249 127 217 251 101 253 31 186 224 4 82 204 27 228 179 154 2 102 4
    173 45 85 33 22 153 212 23 247 65 62 66 125 243 213 68 188 144</data></test_img>
<my_img type_id="opencv-matrix">
  <rows>50</rows>
  <cols>100</cols>
  <dt>u</dt>
  <data>
    84 202 94 185 83 77 4 32 74 216 64 13 63 41 111 161 19 19 166 134
    130 192 21 50 133 4 220 48 107 21 164 35 155 116 103 245 248 70 215
    148 12 170 219 181 200 175 160 22 246 9 211 184 50 202 147 174 10
    113 127 222 45 174 113 36 181 193 161 175 225 182 28 145 50 88 135
    105 83 135 106 39 209 160 64 216 185 16 95 162 149 89 105 66 60 107
    225 86 191 228 112 85 110 175 31 166 187 233 0 205 81 70 137 170 32
    183 72 76 33 189 231 207 25 123 73 138 168 115 60 30 102 233 135 75
    154 156 253 223 201 9 156 214 160 66 141 179 40 199 196 217 85 141
    169 11 238 240 94 249 115 151 194 90 187 27 74 107 6 98 166 44 216
    129 236 109 158 215 231 32 176 219 234 123 138 99 90 90 243 116 38
    35 31 122 37 198 145 183 103 115 217 156 222 2 123 24 170 116 165
    227 41 135 39 94 104 201 167 206 39 177 86 161 224 182 227 252 30
    179 49 142 53 208 210 223 213 251 174 99 126 218 175 186 131 117 9
    130 72 213 21 69 74 137 38 223 155 60 205 90 222 228 253 212 5 25 28
    60 203 155 139 5 87 177 242 109 211 48 217 23 77 214 232 194 251 116
    11 20 29 117 118 229 8 218 125 195 176 46 183 148 178 53 24 97 204
    54 186 94 130 134 210 48 163 96 23 184 94 216 189 26 67 8 189 119 74
    196 255 209 188 14 57 143 175 12 213 52 144 232 45 166 200 62 102 45
    178 106 163 36 128 75 121 126 192 212 246 144 107 97 207 243 27 50
    174 230 201 170 64 201 129 69 187 125 67 20 25 43 174 64 58 192 69
    200 230 173 14 137 217 229 161 101 148 13 133 225 155 196 108 93 51
    91 29 27 94 201 143 157 188 94 234 122 194 181 216 120 149 154 176
    168 251 132 136 186 71 29 28 154 92 10 199 149 127 96 221 20 237 201
    117 197 74 42 63 161 226 68 131 145 185 52 191 242 142 204 125 43
    151 61 92 43 217 111 193 247 157 97 66 100 240 67 59 164 16 153 223
    238 143 62 31 151 78 128 62 209 206 220 204 13 173 165 254 116 107
    64 249 118 155 141 110 253 211 100 152 27 173 98 160 48 157 56 194
    231 1 87 69 95 87 82 87 203 155 159 12 158 250 29 139 66 163 54 208
    143 99 106 231 189 172 193 0 139 51 73 104 186 147 187 185 142 111
    91 187 172 249 195 101 198 60 56 138 52 254 27 77 56 190 58 75 43 76
    105 2 132 35 26 128 202 9 148 188 73 138 128 50 185 188 84 37 93 241
    202 20 193 185 90 237 88 164 9 30 138 28 193 126 152 66 171 116 37
    216 195 231 61 140 122 68 162 45 199 140 214 26 179 243 11 158 141
    59 201 70 173 144 217 110 91 6 170 238 34 167 252 54 169 123 78 211
    246 142 204 246 119 17 185 10 247 249 151 128 67 57 201 161 235 54
    49 159 195 4 225 8 133 176 253 11 159 131 131 228 72 92 203 64 23
    111 241 127 105 72 226 58 162 0 192 212 241 118 182 224 149 134 189
    226 226 71 6 119 145 243 136 144 229 36 165 119 133 117 54 5 236 177
    137 84 7 87 155 142 110 63 219 104 92 235 246 78 185 27 160 230 56
    25 173 220 82 148 240 87 180 156 171 71 11 54 138 6 105 203 71 70
    142 151 205 44 167 43 84 26 179 48 185 126 42 243 94 171 122 252 216
    87 102 224 221 79 99 57 43 3 31 133 18 52 173 237 215 124 108 75 176
    254 23 127 177 18 103 37 188 192 4 198 75 86 65 69 107 2 103 157 176
    245 109 124 17 31 196 143 150 20 151 197 49 151 18 1 150 250 111 75
    34 212 116 255 146 37 77 101 178 122 215 145 128 236 154 172 14 195
    28 24 179 99 142 224 160 230 43 214 12 52 42 135 175 213 109 35 88
    39 27 219 198 179 147 14 243 22 14 247 92 94 37 15 52 119 74 3 231
    158 135 150 111 3 88 168 67 75 61 11 109 103 88 243 160 90 44 200 87
    79 33 50 147 73 127 105 250 249 178 46 219 167 227 23 3 65 193 36
    109 103 94 7 131 141 94 153 130 168 126 110 109 80 53 3 179 193 82
    180 102 100 161 205 145 118 110 210 255 177 178 141 241 116 153 143
    213 163 247 25 104 112 247 207 129 172 143 189 154 33 76 252 101 138
    239 239 93 50 46 33 67 15 32 226 68 141 59 116 46 62 8 248 69 124
    223 46 204 243 73 159 125 133 211 158 231 171 27 147 181 255 206 49
    228 116 190 223 253 36 236 244 179 40 116 135 135 194 246 28 92 173
    239 69 15 11 14 75 26 52 153 162 206 211 5 94 2 103 95 94 220 199 71
    134 229 3 235 18 233 173 154 49 180 252 22 205 223 255 201 44 233
    216 101 65 250 216 156 66 227 130 101 228 199 118 148 144 41 54 167
    159 40 39 86 78 121 145 200 121 70 81 213 162 34 179 21 33 144 26
    100 77 56 71 92 229 95 61 128 186 151 255 206 22 177 182 156 199 187
    146 76 107 171 203 222 197 16 36 25 252 82 73 199 107 67 116 85 52
    51 90 83 68 192 241 19 52 27 142 8 196 135 255 68 198 100 193 118
    214 178 61 206 62 85 153 210 160 85 187 24 247 153 131 167 244 194
    236 85 15 204 169 197 164 76 22 29 40 34 208 210 107 190 95 253 11
    165 35 61 124 48 165 111 42 134 218 75 15 121 134 196 178 11 148 62
    199 35 9 230 67 163 10 126 54 96 233 178 95 142 216 139 249 45 36
    105 180 139 236 230 219 75 35 126 142 93 186 51 198 3 212 5 233 241
    113 172 29 94 79 24 127 249 12 185 201 91 76 114 227 178 222 50 182
    66 215 205 112 250 65 198 207 107 34 255 60 110 138 216 218 220 32
    120 210 177 81 194 183 188 32 214 177 109 192 127 175 42 216 53 138
    8 8 133 197 178 66 29 227 135 171 241 45 69 88 114 119 27 125 231
    122 44 26 76 71 28 139 67 32 37 253 126 212 240 170 6 155 141 221 51
    94 25 243 43 119 195 80 156 69 14 14 150 202 233 163 185 181 6 148
    244 254 126 177 66 15 143 37 54 116 237 139 99 189 181 14 247 245
    210 50 74 141 110 203 132 136 101 90 240 216 131 9 150 7 209 156 45
    102 198 235 94 118 244 116 45 34 18 249 83 220 161 52 163 112 70 59
    113 84 204 212 3 204 212 226 184 236 134 46 35 205 45 245 96 172 88
    190 171 210 164 75 68 53 48 127 57 218 97 165 75 82 75 1 134 51 151
    145 110 160 230 75 129 31 110 130 61 170 205 232 16 143 87 118 201
    145 184 97 6 2 5 107 242 240 138 22 104 153 232 192 100 100 221 18
    100 176 43 177 243 188 153 148 101 230 46 179 103 82 65 184 101 164
    220 93 59 196 214 92 49 139 94 61 104 150 14 213 237 24 53 228 150
    255 192 238 14 214 193 135 28 127 164 34 28 36 88 189 173 146 100 73
    75 52 109 73 15 69 67 96 80 85 107 95 125 175 5 189 209 63 69 20 31
    218 49 150 131 58 176 190 178 226 236 10 81 95 125 205 190 107 66
    122 28 5 73 209 29 165 68 66 7 57 177 114 42 2 136 95 83 85 111 146
    96 23 92 221 118 124 44 240 22 159 185 218 57 232 142 39 126 187 111
    44 240 168 136 11 56 22 226 162 152 153 254 107 94 74 164 159 135 26
    196 26 124 45 227 154 168 42 99 46 142 96 51 227 245 113 137 199 182
    221 207 2 253 163 250 197 32 206 37 148 180 178 73 248 129 137 145
    236 6 165 142 63 200 84 69 247 95 148 85 84 138 238 255 252 117 196
    247 222 215 39 154 57 120 120 46 130 250 145 197 126 28 155 180 219
    253 66 122 245 114 159 68 74 227 17 179 173 215 120 252 122 75 113
    22 62 246 179 205 128 63 179 206 48 66 91 12 226 34 82 71 129 119 8
    45 35 1 124 28 148 230 113 23 226 171 69 211 93 46 164 77 50 158 39
    192 59 63 13 219 7 51 152 7 140 197 209 82 76 46 104 154 1 238 252
    221 148 61 243 95 139 93 197 128 237 73 156 16 248 235 176 187 246
    15 229 2 175 79 156 202 10 161 195 68 102 107 155 210 104 104 108
    177 37 131 228 92 248 19 9 156 78 99 6 143 131 237 176 248 134 228
    220 88 42 168 33 99 133 107 28 196 45 255 57 197 49 105 206 216 112
    97 233 120 156 19 109 226 135 41 73 230 112 223 215 196 191 239 182
    135 50 24 191 212 184 27 187 11 83 165 8 71 189 131 190 40 27 254 50
    177 202 20 138 170 57 223 154 85 112 86 93 252 213 73 154 216 105
    113 113 100 233 114 202 129 101 224 146 10 63 60 230 207 231 135 202
    54 56 36 253 181 201 219 185 24 203 39 243 34 118 142 85 80 156 23
    223 241 165 78 44 88 136 168 186 96 45 63 150 152 12 215 197 60 155
    69 104 15 148 93 17 113 213 183 58 142 253 90 113 164 84 28 19 238
    61 50 85 155 87 130 20 211 63 236 84 178 150 95 204 182 41 105 197
    20 169 146 7 36 42 170 222 250 67 224 193 125 23 241 162 26 147 228
    61 214 172 114 12 158 12 158 181 206 117 248 142 235 237 226 255 238
    113 91 215 25 94 107 14 37 112 226 15 171 129 158 253 221 185 226 63
    25 245 148 198 73 171 85 244 235 95 30 76 185 29 12 232 24 248 77
    135 69 233 62 23 199 182 118 186 111 73 101 7 68 241 196 43 181 237
    36 255 43 138 253 23 227 94 136 44 3 210 248 167 167 87 59 158 95 6
    12 202 39 76 252 33 23 101 255 210 240 226 69 224 214 15 229 159 126
    92 116 172 57 232 189 241 148 196 73 10 186 83 165 238 83 192 145
    161 40 136 150 23 148 22 110 13 159 175 152 232 132 78 8 111 217 158
    185 160 124 160 192 198 37 150 228 116 113 11 12 85 211 215 203 6 37
    206 189 60 91 29 168 39 113 102 246 180 196 70 54 50 207 240 33 193
    3 117 57 239 216 119 147 179 88 71 173 241 249 177 133 45 100 141
    138 137 206 170 206 3 236 116 78 25 168 179 250 189 211 153 171 168
    134 198 60 8 10 79 155 44 206 85 150 230 122 201 121 136 216 111 250
    220 137 169 136 197 210 237 230 215 114 205 51 116 163 235 11 229 91
    241 231 87 239 31 136 67 209 67 125 196 88 105 43 232 136 5 146 79
    160 198 107 229 238 94 74 84 87 147 127 181 209 80 69 37 245 66 190
    80 10 181 65 159 108 16 50 104 253 211 25 181 66 50 71 68 32 185 43
    7 151 213 49 116 62 68 93 63 120 143 22 34 201 32 51 239 189 185 242
    238 2 115 102 76 36 148 174 191 151 223 13 159 116 176 7 144 207 36
    117 235 88 45 16 79 104 3 136 3 110 201 44 77 194 172 154 184 11 120
    224 90 90 148 15 214 18 121 57 194 42 176 185 154 176 1 130 213 66
    117 185 35 150 255 110 42 29 29 246 36 207 185 218 95 196 92 78 120
    134 214 138 172 159 195 53 90 112 22 141 3 245 185 91 202 48 194 167
    239 119 125 141 48 83 114 29 173 37 176 222 223 106 148 203 181 51
    250 120 230 36 168 152 170 198 231 227 213 219 156 199 51 78 193 206
    49 60 247 9 22 99 130 33 62 194 165 60 148 71 71 247 173 11 203 41
    218 202 53 23 107 45 82 216 60 165 14 93 179 236 78 35 74 207 154 88
    160 160 61 19 213 10 145 164 231 105 220 165 105 5 99 25 43 73 162
    142 33 210 224 237 129 112 108 41 95 195 206 224 64 148 49 2 159 129
    4 152 225 32 134 146 76 76 173 245 54 255 83 252 18 103 222 92 146
    248 61 233 193 226 80 144 108 241 20 62 176 22 231 190 138 41 201
    254 188 196 152 29 153 27 65 63 68 232 243 145 93 84 138 161 218 51
    68 249 7 155 190 136 144 2 150 178 78 180 34 214 229 144 29 125 44
    19 245 66 222 235 24 230 180 59 180 7 182 119 16 151 57 68 243 114
    165 18 103 37 224 169 79 48 166 95 50 155 93 17 175 204 68 37 141 42
    254 117 144 222 194 226 36 247 31 162 167 221 103 90 122 187 109 65
    83 154 25 127 192 216 45 105 136 220 36 206 148 95 124 120 170 206
    203 184 105 69 59 39 218 113 120 107 20 246 189 141 39 91 206 91 97
    181 253 70 135 65 205 60 153 120 198 139 83 214 85 241 192 176 211
    186 100 138 67 23 58 218 133 152 247 36 116 179 0 102 133 232 212
    252 164 48 12 52 56 190 31 121 37 151 33 186 159 101 45 75 180 6 253
    102 136 161 79 121 42 107 40 63 210 20 233 253 35 231 53 63 138 205
    134 104 223 230 145 196 192 224 232 219 125 215 138 22 44 128 32 16
    232 79 52 17 192 187 35 243 127 150 243 215 114 114 73 255 179 240 9
    22 179 91 53 104 99 70 120 186 209 74 65 38 244 115 188 84 225 156
    88 62 71 168 162 139 168 144 105 133 63 32 163 24 97 171 228 222 154
    135 121 44 22 39 49 18 131 148 6 156 117 138 48 86 45 50 39 9 120 56
    83 213 19 15 110 199 108 48 126 201 252 9 180 147 143 80 92 66 226
    201 56 63 156 199 22 193 134 179 54 138 147 229 94 105 205 1 152 53
    240 176 228 220 246 54 146 129 88 14 236 251 203 66 175 229 53 80
    232 203 196 72 221 193 106 40 192 176 24 48 131 48 173 88 192 249
    215 66 83 22 180 62 159 156 109 255 16 135 71 70 32 192 6 170 154
    168 255 126 17 138 92 171 164 119 15 176 209 14 250 99 70 228 164
    161 15 146 169 116 19 146 170 212 226 6 1 113 184 180 48 82 25 77 95
    245 36 85 139 179 129 163 91 252 45 35 211 27 147 14 112 32 104 173
    73 229 23 218 232 63 176 143 112 93 46 19 64 70 218 187 220 63 188
    160 209 86 148 215 129 80 136 94 68 204 112 204 167 247 179 111 219
    227 35 178 120 180 167 82 236 249 48 142 17 25 164 176 136 65 198
    248 244 105 29 102 206 138 35 113 100 62 107 25 139 51 201 171 137
    158 114 113 189 232 114 247 117 218 165 92 129 197 10 3 104 62 255
    226 18 190 52 2 131 230 125 255 194 112 207 37 145 235 43 90 148 152
    41 23 174 12 124 58 207 3 5 78 127 27 182 235 192 165 82 142 9 141
    58 138 182 185 213 177 5 141 75 96 199 243 94 175 90 66 148 9 245
    186 3 39 169 249 3 101 34 100 113 181 26 80 136 170 245 11 255 90
    206 74 73 189 10 241 27 147 231 184 110 69 154 120 102 29 114 28 205
    104 226 248 160 25 113 230 74 73 102 94 7 139 136 210 46 4 94 66 140
    91 196 86 85 58 226 192 237 224 119 211 118 135 198 95 121 107 14
    247 179 53 104 116 112 167 71 240 196 236 221 99 78 120 150 124 17
    198 221 237 112 71 239 190 178 221 105 190 5 23 194 66 180 252 48 75
    34 206 207 34 197 198 29 10 209 57 250 77 82 136 34 101 63 8 28 23
    42 71 7 97 66 63 35 44 88 156 80 65 46 144 94 37 109 254 219 54 55
    139 239 210 243 104 237 159 233 91 53 22 15 76 8 129 227 61 185 125
    144 113 42 2 240 159 198 224 88 203 85 223 247 42 142 194 20 59 192
    249 178 86 155 110 203 248 209 32 96 220 193 63 41 41 28 97 130 231
    159 118 125 126 49 238 68 190 241 73 155 167 232 126 39 34 245 49
    153 52 130 168 229 66 131 176 111 178 187 171 161 158 45 142 179 67
    20 209 100 213 243 67 130 171 67 69 20 3 219 70 97 143 213 221 17
    213 99 177 77 77 116 205 164 226 133 213 197 135 144 235 138 182 12
    204 40 34 125 218 11 111 131 224 79 10 138 164 93 147 240 207 198 87
    173 8 71 189 224 231 114 227 11 172 74 210 229 88 158 65 104 165 67
    2 190 104 255 144 252 10 103 255 199 190 74 196 58 235 150 6 18 190
    131 96 12 177 192 195 161 198 224 25 225 200 119 140 65 44 206 79
    246 175 96 61 24 125 188 178 241 32 29 61 203 40 19 1 239 60 252 75
    216 243 159 52 75 50 7 37 95 28 203 247 189 238 159 168 218 151 124
    190 97 169 76 50 181 197 211 85 156 235 66 168 52 73 34 151 244 219
    44 160 124 229 67 78 163 84 18 205 142 220 137 187 88 247 184 39 120
    253 9 133 53 37 90 204 148 41 108 119 223 44 88 171 12 245 216 177
    31 8 89 109 204 132 181 103 13 103 170 252 245 147 125 216 66 155
    168 245 50 194 65 117 25 150 215 137 32 61 26 195 7 48 76 235 134 52
    223 52 206 202 118 66 40 121 90 52 111 60 10 48 5 139 241 161 244 86
    198 147 95 237 31 236 224 52 86 29 253 41 241 52 230 104 224 237 214
    60 20 83 53 240 50 70 203 237 216 25 152 95 154 114 167 239 33 97 22
    85 169 68 255 222 27 201 159 93 169 205 230 243 252 87 239 90 227
    100 156 95 17 32 87 138 103 18 6 142 124 119 109 227 20 236 198 202
    218 153 240 151 34 103 90 97 29 180 22 77 77 20 159 73 93 42 146 134
    253 22 133 9 152 172 95 100 219 14 16 206 139 24 58 171 36 173 159
    14 116 83 130 213 135 34 41 85 202 146 54 180 232 190 184 172 249
    167 104 117 209 92 156 75 39 107 90 105 36 119 227 132 56 65 251 185
    255 110 171 119 53 205 133 56 154 66 185 104 238 221 177 43 74 118
    160 135 133 20 203 43 184 100 99 77 102 20 9 54 128 94 221 67 118
    137 71 23 182 45 229 152 158 99 201 178 182 254 152 104 169 63 204
    87 50 122 44 247 211 109 103 162 193 163 158 126 86 136 232 201 247
    43 213 198 224 190 40 66 205 68 248 247 218 107 129 78 121 177 172
    13 102 138 72 130 179 136 183 15 73 26 102 41 65 152 7 253 163 195
    71 99 52 26 118 43 10 14 14 147 94 160 189 164 9 212 25 104 254 28
    228 176 186 76 45 246 139 116 93 158 236 138 142 236 124 87 186 249
    68 101 116 110 91 228 203 175 187 222 167 83 91 159 19 209 74 73 164
    236 42 199 220 111 23 237 172 167 61 44 85 146 19 163 237 131 24 97
    177 26 2 123 65 42 33 6 129 72 234 229 129 88 220 95 220 105 172 46
    49 26 33 181 165 130 17 6 255 84 56 246 171 145 198 61 22 153 173
    230 219 212 165 173 252 162 127 45 164 26 169 153 243 97 216 130 22
    1 87 60 44 128 176 107 68 209 235 26 63 194 240 144 90 156 125 209
    57 232 232 147 250 218 87 220 87 227 112 84 139 15 218 146 171 129
    124 88 136 125 108 156 207 139 69 112 149 129 99 207 207 218 137 61
    87 82 12 216 29 219 192 50 240 124 95 158 100 95 248 197 103 189 213
    144 79 69 103 170 177 120 189 44 99 119 144 40 121 58 241 105 86 139
    181 210 224 220 63 255 216 8 232 169 91 114 79 34 12 122 201 33 151
    185 179 171 15 39 135 136 189 192 114 18 125 14 165 73 94 25 170 247
    205 249 3 186 167 96 46 29 8 53 14 89 68 196 180 251 167 177 17 64
    133 246 146 204 112 17 239 147 128 4 6 204 245 230 237 246 87 29 191
    153 55 102 172 89 22 121 227 48 0 116 21 84 50 0 27 80 35 242 248 95
    49 252 167 209 224 186 54 12 131 146 214 108 89 109 31 61 82 129 245
    20 132 87 13 65 246 124 44 49 215 11 175 111 109 225 2 112 3 48 106
    251 138 143 18 8 77 24 255 116 193 180 35 211 30 202 62 243 191 93
    190 98 210 148 146 127 18 228 181 26 77 117 113 110 12 46 165 192
    192 178 79 199 73 243 76 83 189 74 84 91 59 46 124 247 200 228 207
    145 231 219 205 20 59 108 83 223 11 159 206 218 52 148 216 23 155 61
    192 92 39 16 154 95 101 233 205 107 126 24 221 123 103 218 167 214
    20 56 122 75 182 174 137 51 183 75 236 217 56 222 133 0 255 52 69
    141 98 127 117 91 218 229 245 212 55 193 212 130 184 194 19 6 87 67
    57 139 63 236 148 117 166 137 176 225 124 244 255 55 243 103 234 80
    254 218 117 2 157 229 67 239 60 119 120 54 14 225 153 22 199 100 79
    139 104 143 246 207 31 58 198 10 69 155 131 51 244 114 157 0 68 25
    155 197 0 247 40 203 23 212 189 79 220 42 26 197 159 100 16 203 108
    146 208 207 74 165 67 52 119 149 75 90 164 84 184 4 188 78 218 131
    135 132 209 23 72 132 132 217 249 224 37 35 163 80 176 109 59 149 68
    90 63 156 70 88 212 65 56 148 44 209 109 116 173 98 189 173 118 248
    8 88 6 211 243 5 51 13 250 153 186 234 49 100 40 118 207 192 0 64
    205 247 28 56 189 136 121 54 71 99 141 21 57 143 54 240 136 241 113
    7 107 92 67 116 22 55 236 4 242 179 175 217 218 170 199 48 75 23 157
    45 116 107 231 26 103 136 95 137 122 2 235 194 143 214 95 208 58 156
    236 69 82 248 254 167 212 240 249 249 148 253 249 178 77 42 168 100
    109 236 110 165 144 56 50 132 246 80 178 161 232 173 1 3 239 74 54
    237 98 185 212 62 141 120 37 45 194 222 181 192 12 52 197 201 147
    147 168 78 193 156 125 192 107 139 76 240 106 44 230 174 1 97 70 95
    96 118 28 113 231 132 231 234 118 26 249 159 54 29 203 75 240 243
    165 157 251 223 96 39 243 157 11 224 140 189 133 171 4 70 61 138 13
    80 200 217 229 189 8 202 11 244 81 172 180 71 51 231 72 120 33 137
    87 119 189 134 54 175 240 179 121 162 27 12 79 219 45 11 248 226 200
    183 192 246 125 3 234 0 208 68 136 107 115 13 2 86 74 162 219 70 179
    61 244 167 172 242 41 223 146 48 174 235 115 64 236 205 151 23 255
    144 36 44 239 45 34 171 224 146 184 231 221 216 21 57 253 29 207 4
    111 79 78 249 55 221 193 30 210 128 105 214 29 170 113 110 215 39 72
    10 230 40 60 207 80 253 188 70 185 108 253 120 128 99 17 249 127 217
    251 101 253 31 186 224 4 82 204 27 228 179 154 2 102 4 173 45 85 33
    22 153 212 23 247 65 62 66 125 243 213 68 188 144</data></my_img>
<your_img type_id="opencv-matrix">
  <rows>50</rows>
  <cols>100</cols>
  <dt>u</dt>
  <data>
    84 202 94 185 83 77 4 32 74 216 64 13 63 41 111 161 19 19 166 134
    130 192 21 50 133 4 220 48 107 21 164 35 155 116 103 245 248 70 215
    148 12 170 219 181 200 175 160 22 246 9 211 184 50 202 147 174 10
    113 127 222 45 174 113 36 181 193 161 175 225 182 28 145 50 88 135
    105 83 135 106 39 209 160 64 216 185 16 95 162 149 89 105 66 60 107
    225 86 191 228 112 85 110 175 31 166 187 233 0 205 81 70 137 170 32
    183 72 76 33 189 231 207 25 123 73 138 168 115 60 30 102 233 135 75
    154 156 253 223 201 9 156 214 160 66 141 179 40 199 196 217 85 141
    169 11 238 240 94 249 115 151 194 90 187 27 74 107 6 98 166 44 216
    129 236 109 158 215 231 32 176 219 234 123 138 99 90 90 243 116 38
    35 31 122 37 198 145 183 103 115 217 156 222 2 123 24 170 116 165
    227 41 135 39 94 104 201 167 206 39 177 86 161 224 182 227 252 30
    179 49 142 53 208 210 223 213 251 174 99 126 218 175 186 131 117 9
    130 72 213 21 69 74 137 38 223 155 60 205 90 222 228 253 212 5 25 28
    60 203 155 139 5 87 177 242 109 211 48 217 23 77 214 232 194 251 116
    11 20 29 117 118 229 8 218 125 195 176 46 183 148 178 53 24 97 204
    54 186 94 130 134 210 48 163 96 23 184 94 216 189 26 67 8 189 119 74
    196 255 209 188 14 57 143 175 12 213 52 144 232 45 166 200 62 102 45
    178 106 163 36 128 75 121 126 192 212 246 144 107 97 207 243 27 50
    174 230 201 170 64 201 129 69 187 125 67 20 25 43 174 64 58 192 69
    200 230 173 14 137 217 229 161 101 148 13 133 225 155 196 108 93 51
    91 29 27 94 201 143 157 188 94 234 122 194 181 216 120 149 154 176
    168 251 132 136 186 71 29 28 154 92 10 199 149 127 96 221 20 237 201
    117 197 74 42 63 161 226 68 131 145 185 52 191 242 142 204 125 43
    151 61 92 43 217 111 193 247 157 97 66 100 240 67 59 164 16 153 223
    238 143 62 31 151 78 128 62 209 206 220 204 13 173 165 254 116 107
    64 249 118 155 141 110 253 211 100 152 27 173 98 160 48 157 56 194
    231 1 87 69 95 87 82 87 203 155 159 12 158 250 29 139 66 163 54 208
    143 99 106 231 189 172 193 0 139 51 73 104 186 147 187 185 142 111
    91 187 172 249 195 101 198 60 56 138 52 254 27 77 56 190 58 75 43 76
    105 2 132 35 26 128 202 9 148 188 73 138 128 50 185 188 84 37 93 241
    202 20 193 185 90 237 88 164 9 30 138 28 193 126 152 66 171 116 37
    216 195 231 61 140 122 68 162 45 199 140 214 26 179 243 11 158 141
    59 201 70 173 144 217 110 91 6 170 238 34 167 252 54 169 123 78 211
    246 142 204 246 119 17 185 10 247 249 151 128 67 57 201 161 235 54
    49 159 195 4 225 8 133 176 253 11 159 131 131 228 72 92 203 64 23
    111 241 127 105 72 226 58 162 0 192 212 241 118 182 224 149 134 189
    226 226 71 6 119 145 243 136 144 229 36 165 119 133 117 58 3 223 160
    132 78 5 85 157 145 116 58 213 104 92 230 246 87 186 32 162 227 63
    34 172 216 98 149 236 103 178 165 176 80 18 60 142 9 124 200 73 72
    151 159 207 45 172 43 73 27 176 39 179 115 31 245 94 171 124 252 214
    80 100 225 225 84 107 63 48 1 35 127 20 63 182 240 222 121 112 76
    171 253 21 120 162 17 103 37 188 192 4 198 75 86 65 69 107 2 103 157
    165 235 114 126 19 33 184 145 154 25 157 191 50 153 19 2 148 253 120
    88 48 210 126 255 145 50 91 114 176 131 209 148 140 233 159 176 20
    189 39 34 182 96 148 227 162 230 43 211 13 47 37 115 167 205 91 26
    80 34 24 213 188 170 144 12 248 22 18 249 87 92 42 18 61 121 78 1
    233 155 134 147 114 2 92 155 75 76 61 11 109 103 88 243 160 90 44
    200 87 79 33 50 140 71 128 103 246 246 163 46 210 163 221 25 4 60
    188 39 115 112 103 10 140 142 107 150 136 170 135 119 119 95 57 8
    180 190 91 178 109 109 162 200 147 119 113 209 254 175 175 137 241
    98 150 131 206 152 248 17 95 98 248 199 114 157 137 190 153 40 78
    252 94 143 245 245 98 60 54 32 71 13 26 228 68 145 63 119 46 66 8
    248 69 124 223 46 204 243 73 159 125 133 211 158 228 162 29 140 165
    255 189 53 227 121 186 222 254 37 232 240 168 46 120 141 140 190 239
    40 104 171 233 78 29 25 22 81 33 55 157 162 200 203 8 104 7 106 100
    96 216 197 61 129 222 2 235 16 234 159 138 41 167 252 17 193 223 255
    193 47 235 221 94 66 252 225 163 67 233 134 111 231 203 126 153 148
    39 54 159 152 37 37 86 78 121 145 200 121 70 81 213 162 34 179 21 33
    141 31 100 83 57 73 94 230 94 64 136 185 146 254 208 25 167 177 160
    199 184 146 97 119 173 200 214 193 26 45 32 249 97 80 196 114 73 124
    98 54 53 91 78 57 183 239 19 48 26 129 4 178 117 255 55 186 86 179
    100 210 157 58 201 67 80 148 216 153 78 194 22 251 153 130 180 248
    197 240 83 13 203 167 194 159 81 19 29 40 34 208 210 107 190 95 253
    11 165 35 61 124 48 160 103 41 131 209 73 12 121 138 195 177 11 145
    65 196 39 14 225 73 162 20 135 72 112 230 176 110 142 209 143 248 53
    47 116 179 141 236 232 216 78 37 128 137 89 178 46 185 2 202 2 237
    242 84 159 22 80 72 19 116 252 10 179 196 84 75 109 232 175 231 53
    190 68 222 206 115 252 64 194 205 105 33 253 63 113 136 216 218 220
    32 120 210 177 81 194 183 188 32 214 177 101 186 123 160 40 209 56
    138 5 6 132 200 172 63 33 225 137 167 239 52 86 102 123 129 32 134
    229 130 50 32 87 80 32 142 73 32 44 252 134 212 239 167 7 155 137
    219 44 84 21 242 37 104 189 58 152 58 9 9 149 199 244 154 186 186 6
    147 248 254 111 186 65 18 139 39 58 120 238 150 103 191 181 12 246
    241 205 51 74 141 110 203 132 136 101 90 240 216 131 9 150 7 197 149
    39 100 187 234 92 106 248 104 46 37 24 248 85 216 157 55 165 115 85
    68 122 100 208 209 5 206 210 221 181 233 139 51 37 202 50 244 108
    168 94 189 167 206 160 62 54 43 41 126 43 220 78 165 58 78 75 1 132
    54 148 135 105 157 236 78 122 32 103 123 63 172 211 236 19 149 91
    120 194 148 176 98 7 4 6 108 242 240 138 22 104 153 232 192 100 100
    221 18 100 176 39 169 241 180 149 146 100 233 41 176 97 75 60 182 98
    162 211 95 57 198 211 102 50 141 104 65 106 143 22 209 237 31 52 232
    147 252 190 237 12 216 195 140 25 127 162 31 23 35 78 178 167 144 80
    56 66 44 110 70 13 72 68 92 82 86 108 97 124 175 5 196 220 68 73 21
    32 212 53 155 138 57 167 187 168 221 230 11 81 95 125 205 190 107 66
    122 28 5 73 209 29 165 71 66 6 57 178 109 45 3 130 86 76 78 104 139
    92 29 88 212 117 126 52 237 27 160 184 213 53 230 138 40 131 186 116
    50 238 165 132 10 58 25 228 163 159 150 254 106 92 60 153 153 133 17
    196 18 122 41 233 150 165 42 91 45 144 97 54 234 246 110 132 203 187
    229 209 4 253 167 251 194 27 201 37 151 179 178 74 242 129 137 145
    236 6 165 142 63 200 84 69 247 95 148 88 84 144 236 255 253 113 196
    252 229 215 39 145 56 115 115 50 126 248 145 199 129 31 160 184 214
    248 65 120 242 117 160 70 78 225 13 177 167 216 118 251 121 72 112
    15 52 249 165 190 124 48 177 199 39 50 81 9 230 31 80 71 122 121 8
    48 39 3 120 31 149 234 113 22 225 175 70 206 93 41 167 75 48 160 39
    191 62 63 13 219 7 51 152 7 140 197 209 82 76 46 104 160 2 236 252
    228 148 63 241 85 129 84 205 118 233 71 152 21 245 225 178 186 244
    21 222 1 179 78 148 206 8 165 197 66 111 114 155 212 110 109 109 171
    35 132 230 87 250 13 7 139 57 78 4 133 126 240 168 252 118 228 219
    80 41 170 37 97 127 100 28 187 43 254 62 194 50 107 199 212 113 101
    232 130 162 18 120 223 146 41 73 230 112 223 215 196 191 239 182 135
    50 24 191 212 187 27 187 10 80 169 8 70 194 123 203 43 31 253 51 179
    203 26 131 167 55 222 157 87 115 83 88 248 211 73 153 217 118 121
    121 115 235 120 206 129 106 225 141 9 52 48 232 191 239 131 197 43
    43 26 254 172 194 213 173 20 197 39 240 31 111 129 80 73 153 20 221
    237 169 72 40 78 143 169 188 100 46 66 157 157 12 215 197 60 155 69
    104 15 148 93 17 113 213 183 58 151 253 94 114 169 81 33 22 239 58
    51 76 154 78 123 29 211 57 230 86 181 148 93 208 184 44 100 196 22
    168 143 6 37 46 172 220 245 61 222 196 124 21 244 160 23 147 222 50
    205 160 105 11 152 9 150 171 197 104 249 132 236 239 220 254 235 108
    85 206 21 86 100 15 33 112 217 16 175 138 163 248 219 186 225 70 25
    240 148 198 73 171 85 244 235 95 30 76 185 29 12 232 19 250 80 145
    64 236 61 31 206 182 104 201 100 66 87 12 65 241 201 48 183 231 37
    255 47 133 248 24 228 94 137 45 3 214 244 169 169 96 52 163 105 7 12
    205 41 65 251 29 21 91 255 211 244 223 56 220 208 14 227 148 115 85
    112 171 60 232 175 238 129 193 71 9 184 78 168 231 76 190 149 163 39
    142 155 22 154 19 110 13 159 175 152 232 132 78 8 111 217 158 185
    160 137 168 193 203 35 154 233 113 108 14 16 74 211 214 210 9 37 209
    188 56 86 31 163 39 112 92 240 173 190 57 51 45 207 239 31 195 3 119
    47 240 219 124 154 178 94 63 170 245 251 172 133 40 97 149 137 134
    198 163 197 4 235 111 82 26 167 173 242 177 200 143 170 167 135 198
    56 6 12 72 162 41 201 82 159 228 136 199 121 136 216 111 250 220 137
    169 136 197 210 237 230 215 126 207 56 115 170 236 15 235 80 238 235
    74 238 34 129 57 211 57 117 196 80 100 37 228 132 1 132 66 151 186
    106 222 233 98 61 80 93 140 123 184 213 84 64 42 248 61 193 66 9 184
    57 163 121 12 41 106 254 202 19 175 53 42 78 72 28 178 39 6 132 208
    44 108 64 67 87 61 113 144 17 27 198 27 47 235 193 187 242 238 2 115
    102 76 36 148 174 191 151 223 13 159 134 182 12 155 213 41 128 237
    82 45 21 70 98 7 142 6 108 206 41 78 193 173 157 180 10 117 216 84
    83 134 10 207 11 123 47 193 39 171 185 155 183 1 138 214 62 121 184
    28 140 255 116 33 23 22 250 26 199 181 209 89 194 94 84 122 126 205
    124 165 141 186 50 85 106 19 139 2 237 179 84 197 42 195 171 235 126
    133 141 48 83 114 29 173 37 176 222 223 106 148 203 181 48 244 132
    228 32 173 160 177 203 228 225 211 215 167 205 50 74 202 205 46 54
    246 6 22 92 128 31 53 182 155 52 133 60 61 244 169 7 205 33 215 206
    47 13 110 44 78 216 52 152 12 95 185 242 78 23 70 205 153 84 165 167
    67 21 207 14 137 157 225 96 214 165 100 5 96 21 35 66 157 137 24 205
    227 232 136 118 112 41 95 195 206 224 64 148 49 2 159 129 4 152 225
    32 142 157 72 67 180 238 56 255 74 249 19 92 217 81 153 248 57 223
    187 216 80 133 104 236 16 54 169 15 228 180 126 33 196 252 188 199
    152 20 160 21 60 57 62 229 244 149 86 68 140 168 219 47 62 252 9 159
    193 136 141 2 152 182 80 175 27 198 219 114 26 106 33 16 242 54 212
    228 17 227 173 53 185 9 186 121 17 151 57 68 243 114 165 18 103 37
    224 169 79 48 166 95 51 163 88 18 178 210 67 35 139 40 251 108 149
    222 201 223 37 244 34 162 165 212 100 86 118 181 103 53 72 144 18
    124 191 212 33 96 132 215 25 210 159 95 124 124 172 208 206 178 104
    65 56 31 221 115 120 107 18 244 188 141 32 94 200 86 93 169 251 64
    114 62 193 53 144 106 186 126 67 201 78 240 194 179 212 191 103 138
    67 23 58 218 133 152 247 36 116 179 0 102 133 227 211 238 171 45 15
    57 60 194 34 123 40 157 37 195 168 104 42 72 183 4 251 100 129 157
    74 113 34 100 32 56 203 11 228 251 21 225 43 50 141 207 139 102 215
    223 149 205 199 223 237 222 126 216 150 17 35 126 25 15 233 71 48 17
    188 180 28 241 108 129 241 205 102 102 65 255 169 232 6 13 176 89 46
    107 104 67 119 186 209 74 65 38 244 115 188 84 225 156 88 62 71 175
    170 152 172 148 107 139 66 32 172 26 97 178 225 222 162 138 124 37
    16 35 44 13 124 137 1 150 114 131 37 85 42 44 34 4 124 45 80 213 11
    8 113 202 113 50 128 206 251 11 180 151 148 75 92 57 217 195 48 53
    151 193 19 189 131 173 51 124 126 217 86 96 194 1 143 41 234 165 215
    203 246 43 144 126 90 13 232 251 203 66 175 229 53 80 232 203 196 72
    221 193 106 46 193 179 24 45 136 47 179 86 196 246 212 68 80 27 187
    58 163 153 106 252 11 129 63 62 23 184 1 162 139 162 254 126 11 139
    84 172 167 117 8 182 207 8 248 98 62 227 160 152 16 150 167 120 17
    143 162 209 228 11 1 100 185 183 44 74 22 71 84 245 31 78 123 167
    109 153 73 250 34 26 203 22 149 13 112 28 95 173 73 229 23 218 232
    63 176 143 112 93 46 19 64 73 217 183 219 60 189 171 211 86 153 211
    129 80 138 92 65 205 111 202 165 242 180 112 214 219 24 170 123 177
    162 81 228 248 43 139 10 12 162 177 137 54 200 244 237 109 24 98 211
    137 31 119 95 58 100 21 138 43 196 165 127 153 113 112 186 230 101
    250 101 206 160 86 113 194 9 3 95 51 255 222 13 187 47 2 136 229 116
    255 194 112 207 37 145 235 43 90 148 152 41 23 174 18 126 65 208 3
    12 81 136 32 184 228 190 167 86 151 7 145 54 133 184 185 206 170 1
    129 63 88 196 241 89 165 84 57 145 5 241 178 2 32 171 250 2 90 25 98
    113 181 22 82 140 169 242 14 254 76 196 66 66 187 13 244 22 143 230
    176 100 67 138 104 97 28 103 26 203 96 222 248 157 19 108 230 68 71
    106 94 12 139 136 210 46 4 94 66 140 91 196 86 85 58 226 186 230 220
    115 210 109 137 194 93 120 104 15 245 176 48 105 117 110 162 70 236
    190 231 217 98 75 116 147 123 12 195 215 235 109 63 239 182 177 220
    107 195 3 16 189 73 178 251 54 83 41 214 212 33 198 196 25 15 209 50
    252 70 74 131 29 90 54 12 27 23 37 66 7 89 57 53 31 35 83 157 84 64
    40 152 93 34 100 254 219 54 55 139 239 210 243 104 237 159 233 91 53
    24 19 74 14 124 220 64 182 124 143 108 37 3 240 155 191 222 86 195
    81 220 242 34 136 187 14 52 190 249 177 87 157 108 197 248 205 22 90
    215 186 60 37 35 24 102 133 231 154 120 126 130 54 238 68 194 241 67
    157 162 235 123 37 34 246 48 150 52 116 162 232 65 124 178 106 180
    184 162 157 154 39 149 180 67 23 208 95 213 243 67 130 171 67 69 20
    3 219 70 97 143 213 221 21 213 94 178 73 78 110 203 162 219 126 195
    185 129 135 228 133 177 5 197 28 24 124 214 6 109 129 225 83 5 136
    165 98 145 241 206 199 86 175 4 73 186 223 229 115 229 8 173 80 215
    229 87 160 58 98 163 63 10 193 98 255 149 252 13 98 255 198 193 75
    202 52 239 151 6 14 182 120 93 11 173 190 191 157 191 220 25 225 200
    119 140 65 44 206 79 246 175 96 61 24 126 193 180 240 28 25 67 206
    37 23 2 237 65 249 75 208 241 154 37 66 37 1 24 94 20 198 244 186
    240 159 165 215 154 127 182 89 167 73 48 178 198 211 83 153 231 70
    160 50 74 32 148 241 216 46 152 119 230 63 71 162 75 17 202 133 221
    124 185 85 246 184 33 111 253 7 128 39 29 85 197 151 33 101 116 221
    39 88 171 12 245 216 177 31 8 89 109 204 132 181 103 13 103 175 248
    242 146 120 220 70 157 168 242 54 187 72 114 23 151 207 128 23 60 21
    193 2 42 81 235 136 48 228 57 209 206 128 74 42 128 88 56 110 58 7
    46 2 140 239 154 244 84 196 145 94 237 28 237 217 47 86 25 254 41
    244 51 231 98 228 240 219 52 19 80 48 240 37 57 195 234 208 19 152
    93 153 111 160 237 31 97 22 85 169 68 255 222 27 201 159 93 169 205
    230 240 248 92 237 89 227 100 157 96 15 33 89 134 106 16 4 145 124
    114 106 227 15 238 201 203 222 165 241 159 29 107 93 104 32 182 16
    76 78 15 160 73 87 37 142 131 252 18 124 9 142 165 92 93 213 16 17
    201 138 22 53 173 29 177 157 13 109 80 121 217 132 27 33 80 198 148
    41 178 231 185 182 167 252 162 100 115 202 92 156 75 39 107 90 105
    36 119 227 132 56 65 251 191 254 118 173 119 53 210 128 55 148 71
    176 103 241 225 171 37 74 109 152 128 126 15 202 39 186 102 100 82
    104 19 7 58 134 98 225 61 111 140 74 15 178 44 228 145 151 95 200
    177 184 253 151 96 162 57 198 78 46 116 42 249 216 102 90 151 193
    151 148 121 81 131 232 197 244 34 207 190 222 184 34 66 202 67 248
    246 211 107 129 78 121 177 172 13 102 138 72 130 179 136 183 17 83
    25 108 43 68 152 5 252 157 193 75 97 61 25 110 41 5 12 9 148 95 163
    196 170 5 220 27 106 253 32 233 180 190 86 52 244 140 124 100 160
    237 141 142 233 115 84 188 249 64 100 114 104 80 232 198 175 194 225
    167 72 83 157 19 208 63 60 159 235 37 200 220 107 20 235 167 159 57
    37 88 150 20 157 234 124 28 97 177 26 2 123 65 42 33 6 129 72 234
    229 129 93 227 106 227 109 168 45 47 24 33 184 163 132 17 4 255 82
    60 248 172 147 203 62 19 155 179 235 227 220 176 181 251 170 131 54
    168 26 165 153 244 97 223 130 15 1 86 63 46 127 168 107 70 212 236
    26 60 195 242 150 90 160 127 216 52 232 235 150 251 222 100 222 93
    225 113 87 139 11 211 151 172 132 126 92 137 120 102 156 207 139 69
    112 149 129 99 207 207 218 137 61 87 88 14 227 27 227 197 52 242 126
    96 162 100 96 249 201 97 189 216 134 74 65 98 175 182 113 199 39 100
    111 149 45 122 58 242 106 85 133 177 219 228 225 66 254 222 6 234
    165 88 111 82 35 11 115 193 31 146 191 190 182 15 35 143 144 199 200
    116 16 130 12 179 75 94 18 171 244 201 249 2 184 162 95 40 26 6 63
    19 89 68 196 180 251 167 177 17 64 133 246 146 204 112 17 239 147
    128 4 6 204 245 230 237 246 87 29 191 153 55 102 172 89 22 121 227
    48 0 116 21 84 50 0 27 80 35 242 248 95 49 252 167 209 224 186 54 12
    131 146 214 108 89 109 31 61 82 129 245 20 132 87 13 65 246 124 44
    49 215 11 175 111 109 225 2 112 3 48 106 251 138 143 18 8 77 24 255
    116 193 180 35 211 30 202 62 243 191 93 190 98 210 148 146 127 18
    228 181 26 77 117 113 110 12 46 165 192 192 178 79 199 73 243 76 83
    189 74 84 91 59 46 124 247 200 228 207 145 231 219 205 20 59 108 83
    223 11 159 206 218 52 148 216 23 155 61 192 92 39 16 154 95 101 233
    205 107 126 24 221 123 103 218 167 214 20 56 122 75 182 174 137 51
    183 75 236 217 56 222 133 0 255 52 69 141 98 127 117 91 218 229 245
    212 55 193 212 130 184 194 19 6 87 67 57 139 63 236 148 117 166 137
    176 225 124 244 255 55 243 103 234 80 254 218 117 2 157 229 67 239
    60 119 120 54 14 225 153 22 199 100 79 139 104 143 246 207 31 58 198
    10 69 155 131 51 244 114 157 0 68 25 155 197 0 247 40 203 23 212 189
    79 220 42 26 197 159 100 16 203 108 146 208 207 74 165 67 52 119 149
    75 90 164 84 184 4 188 78 218 131 135 132 209 23 72 132 132 217 249
    224 37 35 163 80 176 109 59 149 68 90 63 156 70 88 212 65 56 148 44
    209 109 116 173 98 189 173 118 248 8 88 6 211 243 5 51 13 250 153
    186 234 49 100 40 118 207 192 0 64 205 247 28 56 189 136 121 54 71
    99 141 21 57 143 54 240 136 241 113 7 107 92 67 116 22 55 236 4 242
    179 175 217 218 170 199 48 75 23 157 45 116 107 231 26 103 136 95
    137 122 2 235 194 143 214 95 208 58 156 236 69 82 248 254 167 212
    240 249 249 148 253 249 178 77 42 168 100 109 236 110 165 144 56 50
    132 246 80 178 161 232 173 1 3 239 74 54 237 98 185 212 62 141 120
    37 45 194 222 181 192 12 52 197 201 147 147 168 78 193 156 125 192
    107 139 76 240 106 44 230 174 1 97 70 95 96 118 28 113 231 132 231
    234 118 26 249 159 54 29 203 75 240 243 165 157 251 223 96 39 243
    157 11 224 140 189 133 171 4 70 61 138 13 80 200 217 229 189 8 202
    11 244 81 172 180 71 51 231 72 120 33 137 87 119 189 134 54 175 240
    179 121 162 27 12 79 219 45 11 248 226 200 183 192 246 125 3 234 0
    208 68 136 107 115 13 2 86 74 162 219 70 179 61 244 167 172 242 41
    223 146 48 174 235 115 64 236 205 151 23 255 144 36 44 239 45 34 171
    224 146 184 231 221 216 21 57 253 29 207 4 111 79 78 249 55 221 193
    30 210 128 105 214 29 170 113 110 215 39 72 10 230 40 60 207 80 253
    188 70 185 108 253 120 128 99 17 249 127 217 251 101 253 31 186 224
    4 82 204 27 228 179 154 2 102 4 173 45 85 33 22 153 212 23 247 65 62
    66 125 243 213 68 188 144</data></your_img>
</opencv_storage>
