<?xml version="1.0"?>
<opencv_storage>
<L2_diff>3.2490306246633008e+02</L2_diff>
<r>8</r>
<test_img type_id="opencv-matrix">
  <rows>50</rows>
  <cols>100</cols>
  <dt>u</dt>
  <data>
    227 14 236 236 32 105 236 129 108 211 130 68 129 55 112 106 142 193
    7 113 28 138 80 3 61 185 13 209 71 171 101 42 122 52 103 178 29 56
    118 36 99 143 116 184 109 112 185 156 53 34 106 203 64 72 101 88 116
    193 230 43 166 107 23 69 170 208 247 57 107 176 53 102 188 177 221
    11 1 247 197 114 94 189 1 215 19 242 186 43 205 185 22 204 113 119
    152 62 245 233 220 10 5 22 25 3 105 126 66 32 206 156 83 208 89 49
    226 190 141 237 214 20 212 49 16 181 93 77 72 13 240 129 53 76 65 56
    72 50 17 10 121 254 98 97 144 226 208 247 46 141 166 21 143 5 188
    127 184 57 174 174 66 47 70 35 243 102 166 191 49 184 81 182 189 204
    83 63 119 101 194 12 29 216 134 42 52 35 90 34 7 165 43 102 217 250
    142 100 157 75 18 143 59 20 27 191 104 193 35 157 66 83 26 9 137 82
    217 142 2 246 242 175 199 72 164 217 244 187 39 100 170 189 85 187
    63 113 167 55 198 59 128 137 46 229 209 177 116 3 124 153 255 91 41
    218 52 89 200 196 187 173 172 81 40 234 197 159 245 30 84 118 237 62
    124 184 186 230 65 200 44 252 120 249 237 74 68 249 214 141 226 31
    48 45 21 5 95 178 8 33 170 122 160 153 91 35 147 15 80 19 202 242
    156 22 39 241 117 22 25 37 100 179 78 239 48 43 8 242 155 190 228
    165 138 58 126 235 131 83 102 188 255 131 228 71 239 139 107 104 66
    17 217 232 0 61 167 158 56 82 235 195 209 41 158 189 133 239 196 18
    253 245 236 101 165 224 216 81 126 96 202 148 149 220 152 49 170 33
    58 62 35 108 56 18 92 123 250 72 73 145 204 68 59 161 232 139 2 83
    172 133 165 4 255 193 251 6 253 176 29 108 121 95 163 97 81 14 236
    29 162 83 95 209 221 0 243 172 28 176 62 212 164 240 39 167 141 26
    204 223 32 165 8 111 200 246 22 42 221 217 56 109 163 164 172 30 171
    149 112 204 134 209 26 33 6 177 76 208 158 105 8 76 31 25 12 17 4
    242 139 216 16 241 146 19 75 203 227 59 50 36 244 48 31 65 234 229
    75 42 111 208 156 132 27 17 16 207 222 219 123 43 78 70 74 141 89
    170 115 69 134 2 79 30 152 42 99 111 141 125 36 140 68 20 177 127
    123 35 99 220 106 29 176 81 44 192 13 15 41 92 229 33 250 128 73 122
    154 77 36 66 92 18 233 94 75 215 251 187 202 179 150 187 40 168 106
    64 101 122 242 154 4 29 32 8 88 242 182 86 152 158 102 14 71 173 213
    218 60 52 203 168 115 109 28 252 103 101 107 210 149 193 59 113 228
    82 233 79 244 85 21 14 43 137 156 161 165 36 102 80 95 230 123 29
    116 152 69 24 154 36 208 221 56 106 184 113 174 93 40 253 19 194 230
    139 94 183 59 212 152 179 10 26 97 50 21 104 123 75 111 186 23 210
    188 114 137 20 18 49 188 28 160 29 172 125 55 117 107 222 210 179
    237 216 63 104 48 238 21 108 17 136 223 54 159 229 88 243 67 151 156
    161 21 49 20 236 106 192 167 16 254 133 250 116 13 24 67 141 56 160
    142 107 166 227 75 146 104 227 38 78 223 215 235 91 209 177 91 63
    228 0 235 130 62 185 18 84 196 73 148 171 62 162 20 101 193 115 48
    145 229 44 44 63 45 51 60 254 143 214 121 163 85 243 117 204 103 226
    38 114 225 144 176 196 217 154 253 4 96 183 236 86 26 52 160 21 139
    238 24 35 178 159 102 116 193 234 154 26 136 11 53 33 38 181 204 127
    142 97 154 172 218 173 161 127 202 99 146 34 122 62 201 176 214 254
    145 108 205 112 89 101 208 255 216 79 159 43 223 223 82 46 37 30 254
    37 163 61 156 49 206 6 229 147 102 146 97 197 39 167 241 215 184 1
    21 141 33 203 43 32 181 250 49 175 19 46 165 85 177 241 213 161 85
    29 111 84 184 88 137 113 157 43 213 243 205 149 237 55 13 3 28 114
    188 39 181 216 86 165 92 219 69 222 221 55 136 110 82 91 218 173 155
    155 53 144 132 153 0 121 226 174 183 40 130 197 194 14 116 3 119 152
    130 85 216 66 178 168 91 212 227 140 113 242 0 170 181 195 57 172
    240 166 86 55 208 239 3 232 148 115 190 79 212 2 140 118 248 86 16
    38 191 74 66 232 117 9 105 71 38 88 199 245 31 147 121 119 191 180
    155 217 32 72 215 173 218 233 49 158 159 9 156 224 61 99 89 29 0 62
    176 20 126 72 82 85 92 106 81 34 20 146 176 114 33 207 150 55 160 77
    84 222 134 196 151 153 49 55 128 181 17 41 90 78 231 83 151 48 79 90
    47 37 104 181 85 180 150 98 39 185 116 138 115 184 92 68 38 9 132
    217 111 205 86 225 215 183 20 72 244 53 84 52 157 98 25 137 94 26
    130 187 125 235 91 181 252 0 64 99 194 113 195 174 174 11 157 183
    181 90 241 0 18 36 26 188 86 106 80 198 129 79 213 9 145 255 33 41
    252 34 97 39 180 240 57 254 15 221 212 24 97 131 5 47 239 0 249 92
    40 114 128 221 182 43 42 133 0 94 34 107 62 127 211 28 100 196 157
    178 95 94 172 77 228 124 208 159 204 67 223 197 23 21 30 252 18 0
    223 179 19 136 166 172 71 59 58 184 95 217 23 189 189 65 5 213 252
    148 129 87 60 28 67 32 107 129 41 158 135 111 73 219 12 239 151 202
    107 106 250 243 134 226 185 251 87 171 109 51 250 189 14 210 163 19
    112 10 77 24 200 72 167 226 72 214 118 76 44 100 4 73 34 252 226 29
    179 84 139 53 171 210 58 86 188 151 197 209 67 247 71 102 100 237 86
    96 185 252 253 15 221 122 154 159 38 70 113 93 69 155 172 34 174 158
    97 131 27 73 159 160 160 101 138 132 105 236 214 80 227 186 47 172
    14 79 100 99 244 95 232 87 65 228 156 169 176 238 163 197 57 95 127
    255 66 130 123 163 4 68 51 28 253 84 210 40 77 206 176 12 229 179 56
    99 56 2 114 247 204 61 79 237 231 4 38 175 51 12 90 110 220 101 161
    52 68 157 216 20 106 211 12 92 221 65 143 89 53 65 183 140 199 255
    67 24 123 81 255 128 182 161 72 19 200 250 64 112 206 70 112 13 105
    44 81 91 134 111 55 168 143 108 210 156 88 229 131 98 15 171 146 35
    86 166 26 28 238 165 6 201 221 75 64 237 200 164 44 168 234 207 192
    8 211 128 154 101 127 149 68 220 22 201 69 85 199 87 128 243 189 26
    159 217 52 194 49 160 72 182 223 125 43 213 74 165 4 216 0 253 6 104
    215 222 150 216 117 96 219 81 94 204 177 239 197 31 125 201 41 4 23
    212 31 31 252 176 245 3 46 232 60 247 62 218 83 237 251 184 174 103
    174 73 69 50 28 26 144 216 248 106 93 237 57 78 13 203 172 94 249
    113 84 97 149 148 117 21 171 84 26 150 219 167 169 158 32 236 253
    214 254 60 247 77 85 212 59 139 106 251 248 119 109 63 14 15 129 137
    63 193 208 201 0 252 186 184 168 11 118 78 44 78 153 8 107 218 33
    200 246 141 117 89 245 6 26 246 162 12 192 18 175 74 231 250 151 72
    42 58 60 107 48 184 147 193 135 167 204 235 242 200 183 24 86 20 26
    210 209 54 4 180 144 64 137 106 105 221 84 79 164 152 22 135 121 61
    51 193 107 136 140 56 22 47 237 131 122 125 185 253 201 132 185 53
    55 111 26 51 58 163 172 18 72 17 178 10 166 98 119 90 47 51 9 213
    199 58 114 89 10 234 191 184 12 209 51 14 230 119 249 92 191 87 124
    122 249 251 243 216 183 235 6 133 57 14 216 251 190 61 247 156 205
    140 130 244 100 40 54 224 7 67 115 113 121 78 145 33 235 155 208 118
    242 11 212 119 205 143 172 130 31 252 255 69 138 92 216 76 182 76 20
    102 187 1 196 81 27 83 85 246 153 208 103 137 200 247 63 0 154 157
    200 254 228 189 236 129 133 5 220 50 174 41 115 196 247 167 193 56
    94 73 206 119 1 224 153 201 58 164 15 238 33 212 227 182 85 37 232
    82 165 82 198 60 209 116 181 144 139 143 161 69 60 250 90 186 25 187
    156 110 224 64 87 230 93 97 226 31 17 84 191 183 8 15 22 114 236 134
    211 33 89 39 38 98 83 63 105 158 184 213 51 64 184 175 145 255 210
    33 47 15 40 242 109 140 205 88 130 103 251 6 15 110 244 61 110 96
    146 150 9 112 40 4 11 241 33 169 134 223 71 185 135 79 60 126 46 209
    0 79 133 164 168 235 154 54 141 13 17 105 13 168 142 213 122 32 165
    219 74 134 31 109 247 54 94 5 184 57 138 221 178 2 53 149 151 179
    191 68 72 181 201 220 144 168 94 64 76 88 108 240 118 122 128 227
    210 231 142 238 120 15 134 238 185 132 21 31 124 168 254 81 190 19
    195 99 8 64 134 145 10 71 183 124 194 186 53 120 192 191 0 216 38
    142 0 95 254 116 206 137 133 219 240 111 167 34 170 231 195 251 177
    147 174 108 243 86 162 134 148 102 40 65 13 216 57 76 8 189 49 91 86
    99 238 90 1 231 82 216 29 221 254 171 2 186 95 155 139 134 243 115
    75 55 107 15 15 202 119 196 128 96 118 80 59 246 245 105 13 9 96 80
    145 228 51 128 41 240 10 25 101 64 182 131 251 94 41 105 254 241 214
    34 205 203 118 127 208 23 176 204 26 3 225 239 155 114 224 28 61 203
    216 49 209 28 20 1 176 79 179 145 40 237 45 38 65 132 163 234 91 63
    141 15 177 43 242 221 17 215 254 153 115 136 136 205 33 207 187 101
    151 2 222 82 34 160 124 101 136 254 132 209 95 101 130 99 19 106 217
    21 137 115 175 209 17 134 111 70 227 178 184 34 113 64 143 250 152
    189 254 164 141 0 166 208 179 46 101 179 25 134 100 211 133 88 230 7
    160 157 243 208 191 34 130 49 243 245 37 162 85 232 103 34 168 222
    15 169 132 216 110 106 42 189 124 210 216 93 146 26 210 39 71 200
    106 35 160 173 181 229 63 223 245 23 61 246 49 220 110 84 108 180 82
    194 122 29 117 235 20 145 111 170 64 40 182 197 112 154 180 183 175
    195 16 70 247 195 137 154 115 195 228 21 6 213 173 105 88 173 224
    171 119 94 242 232 92 236 244 1 224 72 129 247 193 57 65 155 180 107
    99 104 25 114 98 254 42 73 89 179 208 116 204 48 93 231 67 230 253
    38 85 120 207 40 245 48 94 238 252 191 122 72 171 56 52 147 234 51
    82 210 214 142 158 6 64 12 12 214 116 120 96 15 44 60 118 188 25 161
    160 147 70 42 123 118 113 226 138 8 132 50 178 175 1 174 67 29 205
    80 142 197 141 62 162 87 60 193 204 230 197 159 120 53 146 237 201
    197 218 213 138 235 223 63 146 116 44 141 179 192 175 18 122 197 85
    15 237 199 220 159 154 89 34 122 223 132 233 229 55 242 209 122 72
    225 90 191 164 112 125 70 11 62 97 149 177 166 218 161 189 38 107
    239 74 127 161 7 106 172 233 171 38 17 74 58 134 77 149 154 160 8 80
    227 229 31 189 137 240 158 129 18 27 87 40 252 21 255 217 28 175 153
    217 128 194 1 250 164 219 203 34 252 155 178 17 65 166 14 104 115 10
    6 174 105 214 123 129 9 236 88 23 162 186 135 152 231 220 251 102 60
    55 6 37 43 218 59 245 10 87 49 54 88 248 218 59 222 242 204 150 76
    73 154 52 6 35 79 244 143 45 31 199 129 60 240 128 226 193 158 141
    114 160 212 16 35 55 189 87 163 214 165 35 74 114 173 149 108 144
    192 222 134 126 24 231 181 118 222 74 19 149 60 99 116 56 75 174 63
    83 140 138 23 164 49 219 173 140 104 242 188 194 157 241 34 157 205
    105 71 241 118 43 136 68 6 65 35 66 93 190 116 74 227 237 50 63 209
    155 12 229 153 229 119 224 163 16 61 185 35 106 154 179 45 180 81
    117 16 128 27 203 170 99 77 7 12 145 91 50 228 21 180 185 111 51 113
    89 180 95 181 41 82 40 32 9 176 81 121 79 97 170 125 168 134 95 188
    96 102 2 170 149 78 250 121 92 28 178 227 130 95 217 86 121 237 55
    194 88 39 4 52 100 214 94 78 43 243 169 145 7 104 65 53 5 122 194 78
    172 63 168 91 65 231 229 60 22 219 73 131 6 221 19 38 113 2 10 223
    38 119 17 204 153 69 101 180 166 85 105 84 159 80 5 155 195 148 94
    77 0 193 137 179 82 82 11 19 136 212 142 127 55 148 180 87 137 2 154
    127 78 187 194 55 197 69 249 159 164 92 69 223 58 34 6 211 117 62 66
    18 225 224 42 216 169 125 183 103 162 83 249 120 88 90 134 14 158 12
    39 119 96 88 95 250 173 232 17 218 178 89 11 63 34 175 102 48 104
    152 61 224 183 161 223 4 180 71 194 153 157 66 87 45 228 152 232 149
    116 231 73 122 225 88 79 66 130 91 109 148 92 34 244 203 147 156 101
    133 3 248 120 55 106 80 187 100 162 14 75 15 76 159 35 139 136 28
    135 24 58 171 180 129 165 20 85 90 246 192 176 216 126 117 169 245
    46 51 49 237 92 199 65 97 12 194 80 82 106 6 118 49 216 219 255 38
    213 179 33 2 89 234 24 221 206 191 145 43 189 9 247 170 235 115 45
    222 140 14 57 22 232 192 193 250 203 7 208 7 128 152 66 71 197 235
    166 24 99 141 71 166 226 157 189 245 187 13 83 89 253 99 223 18 47
    82 70 42 250 119 101 172 10 245 224 216 72 108 47 28 118 179 193 168
    21 144 86 21 161 46 234 191 109 57 126 149 78 199 16 27 148 62 228
    184 117 162 200 93 228 123 191 70 242 152 113 136 247 147 190 154
    142 33 195 244 167 41 154 109 190 216 147 219 29 109 162 145 111 18
    155 71 91 14 186 98 71 181 166 196 169 57 211 234 81 204 213 130 218
    18 3 110 174 141 238 206 96 10 156 46 196 221 101 128 36 42 44 9 252
    10 100 43 22 240 16 63 232 139 255 146 54 53 86 252 102 235 199 40
    95 162 163 154 187 217 27 119 178 161 67 191 208 159 122 78 104 142
    64 10 108 1 74 117 7 230 245 54 61 109 5 19 0 174 195 6 133 195 96
    212 135 79 174 179 168 163 187 149 4 183 51 30 206 139 250 168 193
    179 213 146 1 55 56 57 147 234 25 9 0 163 99 186 36 186 192 245 240
    221 29 133 52 9 94 204 226 92 29 126 243 185 220 217 125 232 160 131
    160 49 56 128 255 72 103 115 120 166 90 238 119 138 91 5 112 67 139
    222 29 244 70 170 212 195 29 26 27 136 47 190 49 15 118 143 10 174
    248 47 170 142 152 26 0 26 124 3 10 100 177 160 119 220 116 50 98 68
    239 78 175 69 214 145 128 187 237 137 168 130 183 4 18 135 202 147
    67 46 38 202 123 130 47 131 57 180 156 135 19 151 14 247 92 162 44
    100 30 58 191 48 51 234 119 153 54 49 19 152 223 248 227 93 241 52
    127 174 239 92 204 220 111 126 243 183 20 131 213 212 90 73 85 54 98
    53 60 38 230 14 205 14 79 82 115 128 181 20 33 117 225 83 103 75 78
    86 109 245 231 77 246 244 124 16 151 179 178 219 85 139 148 58 69
    212 165 50 229 97 90 105 252 145 219 49 174 204 53 79 139 86 108 5
    153 221 183 92 147 30 202 127 136 30 206 111 28 59 63 211 166 127
    163 204 8 190 115 63 97 147 107 135 234 26 153 94 199 73 75 186 31
    149 45 176 72 224 186 241 166 98 152 82 68 240 92 41 174 193 95 223
    109 33 146 35 222 135 17 145 199 135 90 20 213 41 177 140 2 191 64
    185 161 178 81 192 238 212 136 188 218 30 193 248 103 191 242 228
    172 252 17 165 116 60 194 19 153 132 149 195 252 103 238 98 194 201
    51 132 66 91 185 39 236 253 248 32 156 149 133 215 28 140 112 37 72
    19 119 104 186 229 33 196 169 31 61 227 94 254 105 196 76 196 255 46
    118 95 18 108 230 197 63 79 203 59 108 174 255 61 40 87 0 19 113 234
    174 78 72 228 186 243 105 177 153 5 137 239 204 244 53 157 200 128
    66 200 15 146 17 148 47 132 14 208 240 5 214 92 126 159 121 36 67 71
    118 31 43 140 9 141 254 121 171 120 159 41 38 165 70 28 187 240 86 9
    158 40 238 125 99 57 243 28 139 108 44 178 20 201 253 157 203 189 95
    217 77 228 76 122 135 68 8 29 174 167 164 112 115 9 64 3 8 62 176 12
    124 91 254 173 55 103 34 217 174 202 132 32 66 76 242 226 47 50 187
    100 35 14 92 17 6 96 91 11 77 140 3 74 233 150 91 109 134 195 12 212
    70 67 34 144 83 145 53 13 156 167 124 242 43 10 227 25 138 211 134
    227 33 252 34 223 107 143 160 31 94 31 114 31 92 243 99 67 59 109 38
    107 186 152 156 86 254 166 219 30 236 229 167 162 252 172 121 155
    211 34 101 112 234 83 28 17 64 147 34 99 98 46 163 139 86 192 143 73
    121 109 145 163 227 138 32 17 253 151 117 245 16 139 61 160 195 80
    37 182 121 220 16 239 157 167 83 6 91 202 140 216 247 179 72 226 26
    143 54 88 203 26 77 206 29 63 223 117 224 116 81 88 111 165 206 40
    198 42 2 22 164 136 236 48 228 78 200 247 105 130 226 157 174 25 102
    131 245 208 215 24 105 90 243 177 64 92 102 31 209 41 252 47 223 100
    231 68 215 87 117 54 184 204 71 170 58 80 16 65 34 72 15 109 60 225
    243 26 45 207 38 85 102 109 216 3 46 102 111 231 134 101 234 215 43
    2 210 192 63 63 0 193 215 5 244 245 101 102 219 108 207 90 135 18
    100 24 232 91 91 86 19 75 219 41 171 42 4 166 145 153 85 105 64 55
    103 27 22 234 74 251 98 109 112 207 64 247 125 99 99 175 113 59 226
    204 27 187 181 64 148 164 199 200 204 188 157 43 54 98 19 141 179 83
    82 167 123 51 112 233 225 194 208 247 149 30 66 57 220 105 99 157
    165 113 124 252 89 134 9 101 224 188 17 222 85 63 214 101 146 131 31
    154 46 94 203 104 163 40 36 16 50 149 220 234 118 48 69 177 73 94 59
    207 104 213 165 165 47 97 142 167 120 163 87 174 178 53 167 208 84 0
    42 32 44 37 198 190 209 30 34 249 189 55 174 179 4 2 118 37 139 227
    156 38 235 60 168 249 40 206 103 155 144 81 184 164 2 234 224 223 45
    66 129 223 106 78 208 113 135 157 72 213 136 86 88 100 77 33 53 239
    101 128 53 15 211 197 143 161 173 235 202 14 73 100 79 65 211 99 49
    181 50 148 202 101 233 213 59 233 230 233 27 255 42 204 80 4 204 108
    212 79 79 123 194 174 164 235 34 55 85 77 81 47 134 95 119 223 118 7
    119 100 250 229 69 243 39 217 156 178 161 131 155 198 91 147 205 239
    45 199 0 10 224 181 171 53 196 245 221 75 222 7 254 91 187 247 42 30
    8 221 180 67 140 210 195 216 75 87 46 228 242 201 57 203 179 221 45
    73 121 47 166 84 25 51 151 192 156 157 231 27 80 165 37 77 155 174
    37 220 79 85 243 150 173 229 106 91 175 250 242 152 2 169 38 130 229
    161 173 36 138 143 244 193 37 67 151 77 184 223 15 161 122 164 168 7
    182 220 102 202 233 69 150 87 136 153 132 57 232 218 244 99 174 247
    22 111 202 234 109 29 118 11 135 139 127 217 72 235 70 251 130 114
    99 183 172 170 211 176 18 238 110 21 139 24 77 110 167 123 126 230
    241 104 209 139 128 230 149 156 74 253 19 87 168 127 201 190 139 225
    5 223 126 1 171 222 37 180 136 26 31 36 9 236 162 102 175 198 226
    244 75 174 73 20 244 34 53 195 92 32 80 58 13 167 148 23 35 157 39
    85 231 132 203 79 241 251 196 161 30 245 207 68 77 15 43 27 68 223
    70 85 150 117 48 169 148 95 249 235 18 206 48 49 245 4 219 214 62
    102 119 215 62 88 207 160 54 113 108 15 214 252 62 82 176 129 219 41
    33 131 203 63 35 229 94 151 41 111 203 37 126 155 207 203 75 60 230
    183 128 241 103 124 55 130 72 47 208 218 92 175 104 239 72 73 187
    241 19 102 136 143 88 159 227 203 107 238 90 255 112 175 204 61 131
    123 6 54 91 19 47 39 180 154 27 220 134 245 50 222 12 167 91 116 211
    140 154 144 164 178 65 235 206 236 59 251 73 207 190 183 51 150 52
    166 216 238 222 228 47 245 102 207 159 99 88 167 79 121 58 13 23 90
    234 37 237 85 123 156 223 108 35 177 215 183 27 9 30 129 220 68 157
    192 194 213 30 231 129 107 100 57 31 47 93 96 70 82 37 165 152 106
    242 78 183 253 61 240 156 17 33 96 20 142 117 233 43 31 173 72 145
    136 201 255 148 29 216 71 162 245 87 1 247 100 246 185 197 1 194 174
    21 254 18 214 227 66 162 61 129 205 168 85 157 93 148 102 229 27 179
    214 212 198 156 191 113 108 98 59 190 65 102 67 172 24 195 164 165
    58 217 213 25 229 138 66 251 1 140 184 171 44 136 63 115 51 162 125
    219 33 36 241 234 64 58 91 31 189 205 170 186 101 68 39 48 129 106
    218 114 151 2 41 80 66 134 35 88 49 88 72 118 209 161 117 26 42 132
    78 67 150 233 43 78 65 220 58 22 224 162 70 25 53 131 109 120 4 79
    146 200 205 138 9 49 40 25 255 29 89 214 22 243 58 88 198 104 148 48
    222 157 153 56 125 209 202 182 132 90 149 111 186 82 148 245 224 121
    195 235 102 225 8 186 94 254 60 224 47 244 72 182 4 83 75 206 47 153
    203 46 155 53 206 146 169 219 78 1 19 13 250 224 115 147 196 29 187
    44 42 186 10 222 212 219 31 126 43 241 190 143 70 36 156 240 247 13
    191 16 77 231 248 42 9 11 92 131 77 173 191 82 43 61 214 24 192 49
    217 215 22 227 14 195 2 59 32 100 50 204 184 146 201 83 149 67 232
    90 250 71 32 170 144 1 198 95 29 37 192 215 109 50 222 82 247</data></test_img>
<my_img type_id="opencv-matrix">
  <rows>50</rows>
  <cols>100</cols>
  <dt>u</dt>
  <data>
    227 14 236 236 32 105 236 129 108 211 130 68 129 55 112 106 142 193
    7 113 28 138 80 3 61 185 13 209 71 171 101 42 122 52 103 178 29 56
    118 36 99 143 116 184 109 112 185 156 53 34 106 203 64 72 101 88 116
    193 230 43 166 107 23 69 170 208 247 57 107 176 53 102 188 177 221
    11 1 247 197 114 94 189 1 215 19 242 186 43 205 185 22 204 113 119
    152 62 245 233 220 10 5 22 25 3 105 126 66 32 206 156 83 208 89 49
    226 190 141 237 214 20 212 49 16 181 93 77 72 13 240 129 53 76 65 56
    72 50 17 10 121 254 98 97 144 226 208 247 46 141 166 21 143 5 188
    127 184 57 174 174 66 47 70 35 243 102 166 191 49 184 81 182 189 204
    83 63 119 101 194 12 29 216 134 42 52 35 90 34 7 165 43 102 217 250
    142 100 157 75 18 143 59 20 27 191 104 193 35 157 66 83 26 9 137 82
    217 142 2 246 242 175 199 72 164 217 244 187 39 100 170 189 85 187
    63 113 167 55 198 59 128 137 46 229 209 177 116 3 124 153 255 91 41
    218 52 89 200 196 187 173 172 81 40 234 197 159 245 30 84 118 237 62
    124 184 186 230 65 200 44 252 120 249 237 74 68 249 214 141 226 31
    48 45 21 5 95 178 8 33 170 122 160 153 91 35 147 15 80 19 202 242
    156 22 39 241 117 22 25 37 100 179 78 239 48 43 8 242 155 190 228
    165 138 58 126 235 131 83 102 188 255 131 228 71 239 139 107 104 66
    17 217 232 0 61 167 158 56 82 235 195 209 41 158 189 133 239 196 18
    253 245 236 101 165 224 216 81 126 96 202 148 149 220 152 49 170 33
    58 62 35 108 56 18 92 123 250 72 73 145 204 68 59 161 232 139 2 83
    172 133 165 4 255 193 251 6 253 176 29 108 121 95 163 97 81 14 236
    29 162 83 95 209 221 0 243 172 28 176 62 212 164 240 39 167 141 26
    204 223 32 165 8 111 200 246 22 42 221 217 56 109 163 164 172 30 171
    149 112 204 134 209 26 33 6 177 76 208 158 105 8 76 31 25 12 17 4
    242 139 216 16 241 146 19 75 203 227 59 50 36 244 48 31 65 234 229
    75 42 111 208 156 132 27 17 16 207 222 219 123 43 78 70 74 141 89
    170 115 69 134 2 79 30 152 42 99 111 141 125 36 140 68 20 177 127
    123 35 99 220 106 29 176 81 44 192 13 15 41 92 229 33 250 128 73 122
    154 77 36 66 92 18 233 94 75 215 251 187 202 179 150 187 40 168 106
    64 101 122 242 154 4 29 32 8 88 242 182 86 152 158 102 14 71 173 213
    218 60 52 203 168 115 109 28 252 103 101 107 210 149 193 59 113 228
    82 233 79 244 85 21 14 43 137 156 161 165 36 102 80 95 230 123 29
    116 152 69 24 154 36 208 221 56 106 184 113 174 93 40 253 19 194 230
    139 94 183 59 212 152 179 10 26 97 50 21 104 123 75 111 186 23 210
    188 114 137 20 18 49 188 28 160 29 172 125 55 117 107 222 210 179
    237 216 63 104 48 238 21 108 17 136 223 54 159 229 88 243 67 151 156
    161 21 49 20 236 106 192 167 16 254 133 250 116 13 24 67 141 56 160
    142 107 166 227 75 146 104 227 38 78 223 215 235 91 209 177 91 63
    228 0 235 130 62 185 18 84 196 73 148 171 62 162 20 101 193 115 48
    145 229 44 44 63 45 51 60 254 143 214 121 163 85 243 117 204 103 226
    38 114 225 144 176 196 217 154 253 4 96 183 236 86 26 52 160 21 139
    238 24 35 178 159 102 116 193 234 155 34 138 15 56 38 41 191 211 134
    157 109 158 181 225 187 176 140 217 112 161 34 137 65 204 190 217
    252 152 112 205 119 86 98 201 255 209 74 151 42 227 229 87 52 40 34
    253 41 162 63 154 54 208 7 233 146 116 146 104 199 37 169 241 222
    188 3 21 149 38 208 53 38 179 250 56 166 19 46 163 95 175 237 210
    167 85 29 111 84 184 88 137 113 157 43 213 243 205 149 237 55 17 5
    38 120 191 43 184 219 92 174 99 227 70 226 225 55 146 120 90 101 221
    184 169 165 48 154 139 160 2 119 220 170 176 35 121 186 183 11 109 4
    116 144 128 96 216 77 180 170 101 216 228 140 121 245 3 171 185 198
    60 174 240 168 89 56 214 240 4 234 153 121 194 86 213 3 146 121 244
    99 13 40 192 86 73 232 117 9 105 71 38 88 199 245 31 147 121 119 191
    180 155 217 42 74 217 172 222 231 51 158 160 14 157 230 62 104 90 34
    3 62 191 19 128 66 81 82 92 107 72 29 17 141 174 116 26 191 137 48
    148 71 77 218 130 199 146 149 51 57 129 181 13 41 95 86 233 86 153
    52 87 97 49 37 104 184 88 183 154 100 47 191 118 144 122 186 103 76
    42 9 136 218 129 199 104 226 215 184 20 72 244 53 84 52 157 98 25
    137 94 26 130 187 125 235 93 184 249 3 67 102 199 119 203 185 188 17
    164 196 194 97 244 3 20 41 25 194 87 109 79 194 131 75 206 7 142 255
    26 37 250 30 94 34 174 238 64 253 19 223 213 28 109 134 4 49 241 2
    251 98 41 130 142 226 188 46 43 136 2 95 41 114 74 136 215 34 109
    199 160 177 103 101 168 82 228 137 204 163 202 65 223 197 23 21 30
    252 18 0 223 179 19 136 166 172 71 59 59 185 96 219 30 193 195 66 6
    220 252 159 140 90 63 37 71 40 117 140 46 169 145 118 72 217 11 237
    147 196 105 103 246 239 124 216 176 249 81 166 106 53 247 191 13 213
    167 19 118 10 84 26 206 77 178 234 80 224 138 84 50 109 9 77 44 252
    230 37 182 87 143 56 167 206 56 87 184 146 194 199 68 246 71 109 100
    237 86 96 185 252 253 15 221 122 154 159 38 70 113 93 71 156 174 46
    180 159 100 138 34 79 169 174 172 109 150 146 116 240 223 84 231 193
    51 176 16 75 98 97 242 90 231 83 60 221 146 154 162 236 150 195 63
    99 120 255 75 134 129 168 4 75 57 32 254 97 220 42 89 211 184 13 233
    185 61 105 60 5 120 247 204 65 77 239 233 10 38 167 44 11 93 117 224
    110 167 46 68 157 216 20 106 211 12 92 221 65 143 89 53 65 183 140
    202 255 68 35 124 79 255 130 190 169 75 26 206 248 68 119 217 71 122
    15 105 46 82 88 139 116 49 161 134 102 203 146 80 221 114 86 14 156
    131 33 85 159 29 34 236 165 8 202 223 82 71 241 206 176 49 184 242
    210 202 11 216 138 168 109 132 154 74 223 25 200 69 82 192 84 121
    241 183 18 154 216 48 191 41 158 72 182 223 125 43 213 74 165 4 216
    0 253 6 104 215 222 150 221 116 97 227 79 88 214 180 238 206 39 124
    209 49 6 29 217 35 31 252 180 243 7 47 230 54 244 53 209 67 232 251
    169 160 89 157 64 64 47 32 27 136 216 245 110 101 236 65 86 12 206
    185 108 251 131 94 110 161 159 127 19 179 86 22 154 216 167 161 154
    31 236 251 210 254 52 244 73 83 206 54 147 114 250 248 119 109 63 14
    15 129 137 63 193 208 201 0 252 186 184 172 14 120 82 49 75 147 8
    103 227 38 213 244 145 118 91 244 10 31 243 165 19 196 21 171 69 228
    247 139 56 31 44 48 91 35 167 127 173 117 152 195 230 239 195 182 21
    91 20 27 211 209 60 4 192 153 67 145 120 116 225 82 78 169 158 21
    135 126 65 52 190 109 134 138 54 18 36 236 128 127 133 188 252 201
    140 185 53 55 111 26 51 58 163 172 18 72 17 178 10 166 98 122 86 50
    57 12 217 210 56 115 89 17 238 198 191 22 216 58 23 234 124 247 98
    194 88 127 124 244 249 240 210 176 229 8 115 48 11 203 249 171 56
    244 142 200 131 120 241 100 46 57 229 8 72 130 128 138 85 156 30 238
    164 209 124 248 11 210 124 199 148 166 126 28 250 255 66 134 95 213
    77 174 78 16 114 186 2 196 81 27 83 85 246 153 208 103 137 200 247
    63 0 154 157 212 252 233 199 238 127 131 4 228 51 175 51 120 207 246
    172 204 61 102 77 213 127 6 221 152 193 55 157 17 234 26 200 217 165
    72 32 222 67 146 71 190 58 205 116 184 140 133 143 163 75 60 251 101
    199 31 200 167 124 229 63 85 236 96 97 227 28 18 87 190 180 9 12 17
    114 233 135 206 21 95 30 32 108 86 58 105 158 184 213 51 64 184 175
    145 255 210 33 47 15 40 242 112 151 219 93 138 98 250 4 19 106 244
    65 109 95 147 153 14 114 50 7 15 238 38 162 136 217 64 180 130 66 49
    114 37 195 2 64 112 141 150 228 138 48 132 12 18 107 12 170 146 216
    125 36 174 224 77 147 31 119 248 55 98 6 186 55 144 221 175 4 54 148
    151 176 188 70 75 176 197 217 149 168 105 63 79 93 108 240 118 122
    128 227 210 231 142 238 120 15 134 238 185 132 34 39 136 177 253 85
    205 26 208 101 11 67 142 148 18 77 191 128 204 192 55 125 197 189 4
    214 38 139 4 87 254 104 198 123 115 210 236 94 151 33 163 229 195
    252 181 143 179 112 243 89 161 139 158 108 41 67 14 220 57 76 10 187
    48 92 86 103 236 97 1 229 81 212 24 220 254 171 4 184 109 162 154
    145 239 122 75 55 107 15 15 202 119 196 128 96 118 80 59 246 245 105
    19 12 101 92 153 236 54 132 44 244 16 32 99 63 184 132 252 96 48 104
    255 238 214 35 201 197 114 122 201 21 175 199 20 6 219 235 144 97
    219 28 55 203 216 41 214 30 19 1 185 83 191 155 42 245 47 37 64 140
    170 239 93 60 145 14 174 43 242 217 15 205 254 153 116 144 141 199
    26 203 190 115 164 3 223 86 34 160 124 101 136 254 132 209 95 101
    130 99 19 106 217 21 148 120 180 217 26 138 109 72 232 179 189 41
    112 67 139 251 148 189 255 161 139 4 165 206 174 51 98 172 26 131 93
    208 119 81 225 9 151 146 242 205 188 33 119 41 241 244 38 161 86 234
    103 36 180 227 19 181 137 220 116 113 43 190 127 204 215 93 142 26
    200 37 70 193 109 32 159 174 178 225 64 225 244 21 56 249 49 220 110
    84 108 180 82 194 122 29 117 235 20 145 111 170 72 50 186 206 109
    158 187 193 179 205 24 71 248 205 129 152 112 202 229 26 11 215 169
    103 88 162 219 159 108 89 241 231 85 235 244 4 221 58 109 249 188 47
    55 149 185 107 98 108 26 119 94 255 46 74 96 196 209 127 206 56 102
    236 70 231 253 39 85 122 196 40 243 49 102 235 249 191 131 75 178 52
    44 157 232 42 82 210 214 142 158 6 64 12 12 214 116 120 96 15 44 60
    124 196 39 172 169 154 76 49 127 122 113 229 136 17 127 57 177 176 5
    173 63 37 210 75 137 202 133 57 153 78 50 192 203 227 190 142 96 39
    127 239 199 194 216 215 124 235 227 65 149 124 46 154 196 206 189 22
    128 201 88 19 243 197 217 160 157 89 34 125 217 131 231 226 58 240
    203 129 76 221 100 199 178 121 136 68 11 62 97 149 177 166 218 161
    189 38 107 239 74 127 161 7 109 183 236 179 48 28 82 64 139 83 150
    159 166 15 86 230 234 39 192 131 242 161 124 23 35 79 45 252 24 255
    221 31 169 138 216 107 185 4 251 153 220 199 27 253 151 184 19 65
    171 16 106 122 13 7 188 115 214 135 139 11 240 88 24 161 180 143 149
    225 213 248 110 65 60 7 33 40 213 60 244 7 94 40 49 93 248 218 59
    222 242 204 150 76 73 154 52 6 35 79 244 143 56 39 206 136 64 241
    132 232 206 164 140 114 169 220 27 45 61 196 90 168 228 173 44 71
    111 170 149 102 143 197 226 131 114 23 233 177 99 220 59 19 136 46
    85 103 44 68 176 62 84 144 139 26 175 53 223 184 145 117 245 196 199
    161 244 34 162 199 112 76 240 120 45 141 72 8 72 31 75 104 194 129
    79 227 240 41 63 209 155 12 229 153 229 119 224 163 16 61 185 35 106
    154 188 56 191 93 123 21 135 35 218 178 102 84 11 20 146 94 55 234
    30 191 199 116 56 113 88 186 95 189 44 75 40 33 13 175 69 103 65 82
    158 106 161 114 77 190 84 96 5 172 150 79 251 123 94 31 186 229 128
    101 216 92 127 238 62 191 86 38 3 55 104 203 100 76 40 243 171 149 7
    114 69 46 3 127 193 78 172 63 168 91 65 231 229 60 22 219 73 131 6
    221 19 38 116 3 13 228 47 126 23 221 161 71 103 184 170 90 106 86
    161 82 7 159 211 155 94 70 5 203 138 184 74 75 14 20 132 214 135 111
    41 133 169 76 120 7 139 109 68 191 197 51 206 69 249 160 169 94 76
    227 63 35 4 212 122 68 71 20 223 221 43 207 169 127 183 109 169 82
    248 125 92 96 146 11 169 12 32 127 96 88 95 250 173 232 17 218 178
    89 11 63 34 175 102 48 106 163 68 229 192 170 229 4 188 74 198 151
    161 66 91 49 232 149 239 148 121 242 66 125 234 92 76 64 134 92 109
    152 91 37 246 202 139 146 92 123 10 251 106 44 101 79 187 101 159 15
    73 19 79 161 37 145 137 33 140 31 71 169 178 131 169 26 81 88 246
    189 179 214 136 124 178 245 41 50 44 236 101 202 72 108 12 194 80 82
    106 6 118 49 216 219 255 38 213 179 33 2 89 242 26 224 216 203 153
    48 200 9 250 174 240 116 47 225 134 18 55 27 243 206 207 249 215 11
    217 11 131 159 57 62 206 238 167 25 93 133 61 163 228 152 190 245
    191 13 79 86 254 97 232 24 49 79 74 44 249 119 107 180 12 247 225
    214 75 112 55 31 117 181 194 175 23 155 93 18 170 40 233 196 118 59
    135 156 78 199 16 27 148 62 228 184 117 162 200 93 228 123 191 70
    249 161 124 143 252 152 201 167 146 38 204 247 172 44 155 113 195
    218 144 224 34 115 164 143 112 22 156 64 86 16 196 100 62 191 166
    197 166 48 207 236 72 207 213 124 220 21 6 109 174 144 242 217 99 11
    161 48 199 221 112 138 43 49 53 8 253 11 107 51 26 237 17 71 231 154
    255 161 57 55 94 251 114 233 199 35 95 162 163 154 187 217 27 119
    178 161 67 191 208 159 122 78 109 156 71 12 117 1 81 135 8 239 250
    64 70 117 6 22 3 185 208 8 138 210 102 219 139 78 185 191 177 175
    199 159 7 196 43 26 206 135 251 166 196 181 214 140 3 47 47 51 142
    240 24 9 1 165 106 191 41 189 197 250 242 222 34 142 58 10 102 199
    224 103 28 136 245 190 220 216 137 231 176 146 174 48 59 142 255 72
    103 115 120 166 90 238 119 138 91 5 112 67 139 222 33 251 76 179 217
    204 32 27 28 143 56 199 59 16 129 143 12 185 251 48 184 147 157 29 3
    30 130 4 11 104 192 166 128 227 119 45 95 62 242 79 176 64 217 139
    124 194 237 130 167 125 184 6 26 133 212 154 75 54 47 208 133 136 58
    138 64 184 161 139 24 161 14 248 105 177 41 108 26 60 200 41 51 234
    130 163 54 49 19 152 223 248 227 93 241 52 127 174 239 92 204 220
    119 136 246 188 19 142 221 222 98 82 97 64 109 59 64 36 236 15 212
    15 79 84 124 131 195 22 35 124 232 82 111 68 71 88 116 246 236 71
    250 247 125 11 152 182 183 227 86 137 149 58 70 221 170 52 232 101
    94 113 254 155 221 57 178 204 60 79 141 90 112 6 161 221 191 96 157
    27 205 136 147 26 207 117 26 63 63 211 166 127 163 204 8 190 115 63
    97 147 107 135 234 26 160 102 200 80 82 190 35 159 51 184 81 230 192
    246 174 109 154 87 68 247 94 41 188 205 101 230 116 37 152 37 227
    146 18 152 207 138 87 21 221 40 181 136 6 193 56 187 151 180 81 197
    241 221 138 194 219 29 198 247 113 199 242 233 178 254 23 169 114 64
    192 23 159 135 155 198 253 105 238 96 197 201 48 135 71 98 185 39
    236 253 248 32 156 149 133 215 28 140 112 37 72 19 127 111 186 232
    36 197 173 34 67 230 106 254 116 206 81 204 255 41 126 96 17 111 236
    206 54 73 207 50 108 187 255 52 40 89 2 21 115 236 170 75 64 229 184
    243 105 175 142 11 130 242 214 247 57 157 208 124 74 203 19 154 24
    153 59 136 14 210 237 5 208 101 131 164 124 34 68 69 116 26 37 144 7
    142 253 129 171 120 159 41 38 165 70 28 187 240 86 9 158 40 238 125
    100 58 245 24 140 116 43 181 19 206 253 158 207 188 104 217 81 226
    77 130 139 66 8 31 187 177 164 116 120 11 56 4 11 55 183 13 123 91
    254 169 51 103 30 217 170 201 120 29 69 77 245 230 55 55 193 103 35
    15 99 26 5 101 95 9 82 141 3 79 232 154 96 114 137 197 10 208 64 64
    27 143 77 143 52 11 156 167 124 242 43 10 227 25 138 211 134 227 33
    252 34 223 111 150 165 34 96 32 123 34 99 244 109 74 67 120 34 114
    183 148 155 88 253 171 222 32 241 229 169 156 251 173 122 151 215 34
    101 111 234 80 24 17 62 143 30 101 97 46 152 131 87 191 139 74 120
    110 146 163 225 139 34 26 255 152 120 246 19 139 68 163 197 87 41
    187 126 222 13 244 164 176 79 4 86 197 142 209 247 179 72 226 26 143
    54 88 203 26 77 206 29 63 223 117 230 124 81 88 116 169 206 40 201
    43 4 23 163 138 237 48 228 79 201 249 103 128 225 153 181 22 94 131
    246 210 216 21 109 90 241 177 58 91 107 26 211 37 254 45 226 101 235
    68 222 84 109 52 183 212 77 169 64 90 19 75 36 79 15 118 68 222 243
    32 54 207 41 86 109 113 214 4 41 105 113 223 135 98 230 207 43 2 210
    192 63 63 0 193 215 5 244 245 101 102 219 108 212 96 151 12 109 19
    234 101 107 98 19 86 224 40 175 40 6 169 149 154 86 107 60 49 103 26
    19 236 68 250 96 117 120 206 62 246 127 101 105 176 118 57 226 205
    23 187 178 67 145 159 203 206 212 189 160 42 56 100 22 141 179 84 83
    168 116 50 109 234 229 195 214 251 152 25 61 52 215 104 94 158 169
    113 124 249 89 134 9 101 224 188 17 222 85 63 214 101 146 131 31 154
    56 106 203 117 171 40 36 10 62 158 225 235 133 52 73 179 78 98 61
    206 103 210 163 164 47 96 136 168 124 162 90 184 190 53 170 204 85 2
    47 31 47 36 199 189 213 26 31 252 189 56 169 176 4 2 117 39 141 232
    153 42 239 65 171 251 43 208 104 157 142 84 192 174 4 242 228 224 41
    63 131 216 109 79 199 120 135 157 72 213 136 86 88 100 77 33 53 239
    101 128 53 15 211 197 143 161 173 235 202 14 73 100 79 65 211 99 49
    181 50 148 202 101 233 213 59 233 230 233 27 255 42 204 80 4 204 108
    212 79 79 123 194 174 164 235 34 55 85 77 81 47 134 95 119 223 118 7
    119 100 250 229 69 243 39 217 156 178 161 131 155 198 91 147 205 239
    45 199 0 10 224 181 171 53 196 245 221 75 222 7 254 91 187 247 42 30
    8 221 180 67 140 210 195 216 75 87 46 228 242 201 57 203 179 221 45
    73 121 47 166 84 25 51 151 192 156 157 231 27 80 165 37 77 155 174
    37 220 79 85 243 150 173 229 106 91 175 250 242 152 2 169 38 130 229
    161 173 36 138 143 244 193 37 67 151 77 184 223 15 161 122 164 168 7
    182 220 102 202 233 69 150 87 136 153 132 57 232 218 244 99 174 247
    22 111 202 234 109 29 118 11 135 139 127 217 72 235 70 251 130 114
    99 183 172 170 211 176 18 238 110 21 139 24 77 110 167 123 126 230
    241 104 209 139 128 230 149 156 74 253 19 87 168 127 201 190 139 225
    5 223 126 1 171 222 37 180 136 26 31 36 9 236 162 102 175 198 226
    244 75 174 73 20 244 34 53 195 92 32 80 58 13 167 148 23 35 157 39
    85 231 132 203 79 241 251 196 161 30 245 207 68 77 15 43 27 68 223
    70 85 150 117 48 169 148 95 249 235 18 206 48 49 245 4 219 214 62
    102 119 215 62 88 207 160 54 113 108 15 214 252 62 82 176 129 219 41
    33 131 203 63 35 229 94 151 41 111 203 37 126 155 207 203 75 60 230
    183 128 241 103 124 55 130 72 47 208 218 92 175 104 239 72 73 187
    241 19 102 136 143 88 159 227 203 107 238 90 255 112 175 204 61 131
    123 6 54 91 19 47 39 180 154 27 220 134 245 50 222 12 167 91 116 211
    140 154 144 164 178 65 235 206 236 59 251 73 207 190 183 51 150 52
    166 216 238 222 228 47 245 102 207 159 99 88 167 79 121 58 13 23 90
    234 37 237 85 123 156 223 108 35 177 215 183 27 9 30 129 220 68 157
    192 194 213 30 231 129 107 100 57 31 47 93 96 70 82 37 165 152 106
    242 78 183 253 61 240 156 17 33 96 20 142 117 233 43 31 173 72 145
    136 201 255 148 29 216 71 162 245 87 1 247 100 246 185 197 1 194 174
    21 254 18 214 227 66 162 61 129 205 168 85 157 93 148 102 229 27 179
    214 212 198 156 191 113 108 98 59 190 65 102 67 172 24 195 164 165
    58 217 213 25 229 138 66 251 1 140 184 171 44 136 63 115 51 162 125
    219 33 36 241 234 64 58 91 31 189 205 170 186 101 68 39 48 129 106
    218 114 151 2 41 80 66 134 35 88 49 88 72 118 209 161 117 26 42 132
    78 67 150 233 43 78 65 220 58 22 224 162 70 25 53 131 109 120 4 79
    146 200 205 138 9 49 40 25 255 29 89 214 22 243 58 88 198 104 148 48
    222 157 153 56 125 209 202 182 132 90 149 111 186 82 148 245 224 121
    195 235 102 225 8 186 94 254 60 224 47 244 72 182 4 83 75 206 47 153
    203 46 155 53 206 146 169 219 78 1 19 13 250 224 115 147 196 29 187
    44 42 186 10 222 212 219 31 126 43 241 190 143 70 36 156 240 247 13
    191 16 77 231 248 42 9 11 92 131 77 173 191 82 43 61 214 24 192 49
    217 215 22 227 14 195 2 59 32 100 50 204 184 146 201 83 149 67 232
    90 250 71 32 170 144 1 198 95 29 37 192 215 109 50 222 82 247</data></my_img>
<your_img type_id="opencv-matrix">
  <rows>50</rows>
  <cols>100</cols>
  <dt>u</dt>
  <data>
    227 14 236 236 32 105 236 129 108 211 130 68 129 55 112 106 142 193
    7 113 28 138 80 3 61 185 13 209 71 171 101 42 122 52 103 178 29 56
    118 36 99 143 116 184 109 112 185 156 53 34 106 203 64 72 101 88 116
    193 230 43 166 107 23 69 170 208 247 57 107 176 53 102 188 177 221
    11 1 247 197 114 94 189 1 215 19 242 186 43 205 185 22 204 113 119
    152 62 245 233 220 10 5 22 25 3 105 126 66 32 206 156 83 208 89 49
    226 190 141 237 214 20 212 49 16 181 93 77 72 13 240 129 53 76 65 56
    72 50 17 10 121 254 98 97 144 226 208 247 46 141 166 21 143 5 188
    127 184 57 174 174 66 47 70 35 243 102 166 191 49 184 81 182 189 204
    83 63 119 101 194 12 29 216 134 42 52 35 90 34 7 165 43 102 217 250
    142 100 157 75 18 143 59 20 27 191 104 193 35 157 66 83 26 9 137 82
    217 142 2 246 242 175 199 72 164 217 244 187 39 100 170 189 85 187
    63 113 167 55 198 59 128 137 46 229 209 177 116 3 124 153 255 91 41
    218 52 89 200 196 187 173 172 81 40 234 197 159 245 30 84 118 237 62
    124 184 186 230 65 200 44 252 120 249 237 74 68 249 214 141 226 31
    48 45 21 5 95 178 8 33 170 122 160 153 91 35 147 15 80 19 202 242
    156 22 39 241 117 22 25 37 100 179 78 239 48 43 8 242 155 190 228
    165 138 58 126 235 131 83 102 188 255 131 228 71 239 139 107 104 66
    17 217 232 0 61 167 158 56 82 235 195 209 41 158 189 133 239 196 18
    253 245 236 101 165 224 216 81 126 96 202 148 149 220 152 49 170 33
    58 62 35 108 56 18 92 123 250 72 73 145 204 68 59 161 232 139 2 83
    172 133 165 4 255 193 251 6 253 176 29 108 121 95 163 97 81 14 236
    29 162 83 95 209 221 0 243 172 28 176 62 212 164 240 39 167 141 26
    204 223 32 165 8 111 200 246 22 42 221 217 56 109 163 164 172 30 171
    149 112 204 134 209 26 33 6 177 76 208 158 105 8 76 31 25 12 17 4
    242 139 216 16 241 146 19 75 203 227 59 50 36 244 48 31 65 234 229
    75 42 111 208 156 132 27 17 16 207 222 219 123 43 78 70 74 141 89
    170 115 69 134 2 79 30 152 42 99 111 141 125 36 140 68 20 177 127
    123 35 99 220 106 29 176 81 44 192 13 15 41 92 229 33 250 128 73 122
    154 77 36 66 92 18 233 94 75 215 251 187 202 179 150 187 40 168 106
    64 101 122 242 154 4 29 32 8 88 242 182 86 152 158 102 14 71 173 213
    218 60 52 203 168 115 109 28 252 103 101 107 210 149 193 59 113 228
    82 233 79 244 85 21 14 43 137 156 161 165 36 102 80 95 230 123 29
    116 152 69 24 154 36 208 221 56 106 184 113 174 93 40 253 19 194 230
    139 94 183 59 212 152 179 10 26 97 50 21 104 123 75 111 186 23 210
    188 114 137 20 18 49 188 28 160 29 172 125 55 117 107 222 210 179
    237 216 63 104 48 238 21 108 17 136 223 54 159 229 88 243 67 151 156
    161 21 49 20 236 106 192 167 16 254 133 250 116 13 24 67 141 56 160
    142 107 166 227 75 146 104 227 38 78 223 215 235 91 209 177 91 63
    228 0 235 130 62 185 18 84 196 73 148 171 62 162 20 101 193 115 48
    145 229 44 44 63 45 51 60 254 143 214 121 163 85 243 117 204 103 226
    38 114 225 144 176 196 217 154 253 4 96 183 236 86 26 52 160 21 139
    238 24 35 178 159 102 116 193 234 156 26 139 11 54 34 39 183 205 130
    144 100 156 174 219 175 163 130 202 102 148 35 126 63 202 178 215
    254 147 113 206 116 92 105 209 255 217 81 161 45 225 225 84 47 38 30
    254 38 165 62 158 51 207 7 231 149 106 148 100 199 40 169 241 215
    186 2 22 144 34 204 45 33 183 250 51 177 20 47 167 88 179 241 213
    163 85 29 111 84 184 88 137 113 157 43 213 243 205 149 237 55 13 4
    28 118 190 40 183 217 89 167 96 220 71 223 222 56 139 114 84 94 219
    175 157 157 54 146 135 155 1 125 227 177 185 41 133 199 196 14 120 4
    124 153 133 88 217 68 180 171 94 212 228 143 117 242 1 172 183 197
    58 174 240 168 89 56 209 240 4 233 150 119 192 81 212 3 143 122 248
    89 16 39 193 76 68 233 117 9 105 71 38 88 199 245 31 147 121 119 191
    180 155 217 33 74 215 175 219 234 51 160 161 10 158 226 62 102 92 30
    1 63 178 21 129 74 84 88 96 111 83 35 21 148 178 118 34 207 152 56
    162 79 86 223 137 198 152 155 51 56 131 183 17 42 93 80 232 85 152
    49 81 93 48 38 108 183 88 182 152 101 40 187 120 141 119 186 96 70
    39 10 135 218 115 206 89 226 215 185 20 72 244 53 84 52 157 98 25
    137 94 26 130 187 125 235 94 183 252 1 66 102 196 117 197 177 177 11
    159 185 183 93 241 1 19 37 26 190 89 111 82 199 132 81 213 10 147
    255 34 42 252 35 100 40 182 240 58 254 15 222 212 24 100 134 6 48
    240 1 249 96 41 118 131 222 184 45 43 136 1 98 35 112 63 130 211 28
    104 198 159 180 99 98 174 79 229 128 209 161 205 69 223 197 23 21 30
    252 18 0 223 179 19 136 166 172 71 59 59 186 99 218 23 191 191 67 6
    213 252 150 132 90 61 28 69 33 112 132 42 160 138 115 75 220 12 240
    152 202 112 111 250 244 137 227 187 251 90 173 114 52 250 191 14 211
    165 20 116 11 79 24 201 74 169 227 74 215 122 78 46 104 5 75 35 252
    227 30 181 86 142 54 173 211 59 89 190 152 199 210 69 248 73 106 100
    237 86 96 185 252 253 15 221 122 154 159 38 70 113 93 71 157 174 35
    177 160 100 134 27 75 161 162 162 105 141 135 109 237 215 82 228 188
    48 174 14 81 104 102 245 99 233 90 67 229 158 171 178 239 165 199 58
    99 130 255 68 133 127 165 5 70 52 28 253 86 211 41 79 207 178 12 231
    181 57 102 57 3 118 248 205 62 81 238 232 5 39 177 52 12 93 114 221
    105 163 53 68 157 216 20 106 211 12 92 221 65 143 89 53 65 183 140
    200 255 69 24 127 83 255 131 184 163 74 20 201 250 66 116 207 72 116
    13 109 46 83 94 137 115 56 171 145 113 211 158 91 231 134 101 15 173
    148 36 89 168 26 28 239 167 7 202 222 77 66 238 201 166 46 171 235
    207 194 8 211 131 156 105 130 151 70 221 23 202 71 88 200 90 131 244
    191 26 161 218 53 196 51 162 72 182 223 125 43 213 74 165 4 216 0
    253 6 104 215 222 152 217 121 99 220 83 98 205 179 240 199 32 128
    202 42 5 23 212 32 32 252 178 246 4 47 233 61 248 63 219 85 238 251
    186 177 107 177 75 71 51 28 26 146 217 248 111 96 238 58 80 13 204
    174 98 249 117 86 100 151 150 121 22 173 86 26 152 220 169 171 160
    33 237 253 215 254 61 248 79 88 212 60 142 111 251 248 119 109 63 14
    15 129 137 63 193 208 201 0 252 186 184 171 11 122 80 46 80 155 8
    112 219 34 201 247 144 121 92 246 7 26 247 164 12 194 19 177 76 232
    250 152 74 43 59 61 112 49 186 149 195 138 169 205 236 242 201 185
    24 89 21 26 211 210 55 5 182 146 66 140 111 109 222 86 81 166 153 23
    138 125 62 52 195 112 139 143 57 23 48 238 134 126 128 187 253 202
    135 185 53 55 111 26 51 58 163 172 18 72 17 178 10 166 98 124 93 48
    52 10 213 200 59 118 92 11 235 193 186 12 210 52 14 231 124 249 96
    193 90 128 126 249 251 244 217 185 236 7 136 58 14 217 251 192 62
    248 158 206 143 133 245 104 41 55 226 8 69 119 117 125 80 147 34 236
    157 209 122 242 11 212 124 206 145 174 133 32 252 255 71 141 96 217
    78 184 78 21 106 189 2 196 81 27 83 85 246 153 208 103 137 200 247
    63 0 154 157 201 254 229 191 237 132 136 6 221 51 177 42 119 198 248
    169 195 57 98 75 207 124 2 226 155 202 59 166 15 239 34 212 228 184
    88 38 233 84 167 84 199 61 210 120 183 146 142 145 163 71 61 250 93
    188 25 189 158 114 226 66 90 231 96 100 227 32 17 86 193 185 8 15 23
    118 237 137 211 34 92 40 39 101 85 65 105 158 184 213 51 64 184 175
    145 255 210 33 47 15 40 242 114 143 206 91 133 107 251 7 15 114 245
    62 114 99 148 152 10 116 41 5 11 241 34 171 137 225 73 187 138 81 61
    129 47 210 1 81 136 166 171 236 156 55 144 13 17 109 13 171 144 213
    126 33 167 220 76 137 32 114 248 55 98 6 186 58 141 222 180 3 54 151
    152 181 193 70 74 183 202 221 146 171 98 66 78 91 108 240 118 122
    128 227 210 231 142 238 120 15 134 238 185 132 22 32 128 171 254 83
    192 20 197 102 8 66 137 147 11 73 185 128 196 188 54 124 194 193 1
    217 39 144 1 99 254 120 207 140 136 220 240 115 169 35 172 232 197
    251 179 149 177 113 244 89 164 137 150 106 41 67 13 217 58 78 8 191
    51 94 89 102 239 93 2 232 84 217 30 222 254 173 3 188 99 157 142 137
    244 119 75 55 107 15 15 202 119 196 128 96 118 80 59 246 245 105 13
    10 99 82 147 229 52 131 42 240 11 25 105 66 184 134 251 98 42 109
    254 241 215 35 206 204 122 130 209 23 178 205 26 4 226 240 157 118
    226 28 62 204 217 51 210 28 21 2 178 81 181 147 41 238 46 39 67 135
    165 235 94 65 144 15 179 45 242 222 17 215 254 155 119 139 139 206
    34 207 189 105 152 3 223 84 34 160 124 101 136 254 132 209 95 101
    130 99 19 106 217 21 140 119 177 210 17 137 115 72 228 180 186 35
    117 66 145 250 153 191 254 166 144 1 168 209 181 47 105 181 25 137
    104 211 136 91 231 8 162 159 244 209 193 35 133 51 244 246 38 164 88
    233 107 35 171 223 15 171 135 217 114 111 43 191 128 211 217 96 148
    26 211 40 73 201 111 36 162 175 183 231 65 225 246 23 62 247 49 220
    110 84 108 180 82 194 122 29 117 235 20 145 111 170 66 41 184 199
    116 156 182 185 177 197 16 72 248 197 140 156 119 197 229 22 7 213
    175 109 91 175 226 173 124 98 242 233 96 237 245 2 226 74 132 248
    195 58 67 157 182 112 102 108 25 118 101 254 43 75 92 181 209 120
    205 49 96 232 69 231 253 39 88 124 207 41 246 49 98 239 252 193 126
    74 173 57 53 149 235 52 82 210 214 142 158 6 64 12 12 214 116 120 96
    15 44 60 122 190 25 163 162 149 72 43 127 122 117 227 141 8 135 51
    180 177 2 177 69 30 206 82 144 199 144 63 164 90 61 195 205 231 199
    161 124 54 148 238 202 199 219 213 141 236 225 65 148 120 46 144 181
    194 177 19 126 199 88 15 238 200 221 161 156 92 35 126 225 135 234
    231 56 242 210 126 74 226 93 193 166 116 128 72 11 62 97 149 177 166
    218 161 189 38 107 239 74 127 161 7 111 174 234 173 39 17 76 59 137
    79 151 156 162 8 82 228 231 32 191 140 240 160 132 19 27 90 41 252
    22 255 218 28 177 155 218 131 196 2 250 166 220 204 35 252 157 180
    17 67 168 14 108 119 11 7 177 109 215 127 132 10 237 91 23 164 188
    138 153 232 221 251 106 61 56 7 38 45 219 60 246 11 90 51 55 91 248
    218 59 222 242 204 150 76 73 154 52 6 35 79 244 143 46 32 200 132 61
    240 131 227 195 160 144 118 162 212 16 36 56 191 90 165 215 167 36
    76 118 175 151 113 146 194 223 137 129 24 232 183 122 223 76 20 151
    61 102 120 57 77 177 65 85 143 141 23 166 51 220 175 143 108 242 190
    196 159 241 35 159 206 109 73 241 122 45 139 70 7 67 36 68 96 192
    120 76 228 238 51 63 209 155 12 229 153 229 119 224 163 16 61 185 35
    106 154 181 46 182 83 121 16 131 27 204 172 102 79 8 12 147 94 51
    229 22 182 187 115 52 117 92 182 99 183 42 84 41 33 10 178 83 125 81
    100 172 128 171 137 99 190 99 106 3 172 151 80 250 125 96 28 180 228
    133 99 218 89 125 238 56 196 91 40 5 53 104 215 98 80 45 244 171 147
    8 108 67 54 6 126 196 80 172 63 168 91 65 231 229 60 22 219 73 131 6
    221 19 38 117 3 11 225 39 124 17 205 155 71 105 182 168 88 109 86
    161 82 6 157 197 150 98 79 1 195 140 181 84 84 11 20 139 212 144 130
    56 150 182 90 140 3 156 130 80 189 196 56 199 71 249 161 166 96 71
    225 59 35 7 211 121 63 68 19 226 226 43 217 171 128 185 107 164 85
    249 124 91 93 137 14 160 12 40 124 96 88 95 250 173 232 17 218 178
    89 11 63 34 175 102 48 108 153 62 226 185 163 225 5 182 73 196 155
    159 68 90 46 229 153 233 151 120 232 75 126 226 91 81 68 133 94 114
    150 96 35 245 204 149 158 105 136 4 248 124 56 111 82 189 104 164 14
    77 15 78 161 36 142 139 28 138 24 59 173 182 132 167 21 88 93 247
    194 178 217 129 121 171 246 47 52 51 238 96 200 67 100 12 194 80 82
    106 6 118 49 216 219 255 38 213 179 33 2 92 235 24 222 207 193 147
    45 191 10 248 172 236 119 46 223 143 14 58 23 233 194 195 250 204 8
    209 8 131 153 68 73 199 236 168 24 102 144 73 168 227 159 191 246
    189 13 85 92 253 102 225 19 48 84 72 43 250 124 105 174 11 246 226
    217 74 113 48 28 122 181 195 171 22 146 89 22 163 47 235 193 114 58
    129 151 78 199 16 27 148 62 228 184 117 162 200 93 228 123 191 70
    242 153 117 139 248 149 192 156 144 34 197 245 169 42 156 114 192
    217 149 220 30 114 164 147 115 19 157 73 94 14 188 101 73 183 168
    198 171 58 211 235 83 205 213 133 219 19 4 114 177 144 239 207 99 11
    158 47 198 222 105 131 37 43 46 10 252 11 104 45 23 240 16 65 233
    142 255 148 55 54 89 252 106 236 200 41 95 162 163 154 187 217 27
    119 178 161 67 191 208 159 122 78 108 144 66 11 113 2 76 121 8 231
    246 55 62 114 6 20 1 177 197 7 136 197 99 212 138 81 177 181 171 165
    189 151 5 185 52 30 207 142 250 171 195 181 213 148 2 56 57 58 149
    235 25 10 1 165 102 188 37 188 194 246 240 222 30 136 53 10 98 205
    227 96 30 129 244 187 221 218 128 233 162 134 162 51 57 131 255 72
    103 115 120 166 90 238 119 138 91 5 112 67 139 222 30 245 72 172 212
    197 30 26 27 139 48 192 51 15 122 145 11 177 248 48 172 144 153 26 1
    26 128 4 11 104 179 162 124 221 120 51 101 70 240 80 177 71 215 147
    131 189 238 140 171 133 185 5 19 138 202 149 69 47 39 202 127 133 48
    134 58 182 158 138 20 152 14 248 96 164 46 104 30 59 193 49 52 235
    124 155 54 49 19 152 223 248 227 93 241 52 127 174 239 92 204 220
    115 129 244 185 21 134 213 212 93 75 88 55 101 54 61 39 231 14 206
    14 81 84 119 131 183 21 34 121 226 85 107 77 80 89 114 246 232 79
    247 245 128 16 152 181 180 220 88 142 150 59 71 212 167 51 231 100
    93 109 252 147 220 51 177 205 54 81 142 89 113 6 155 222 185 96 149
    30 202 130 139 30 207 115 28 60 63 211 166 127 163 204 8 190 115 63
    97 147 107 135 234 26 155 98 200 75 77 188 32 151 46 178 74 226 188
    241 168 101 153 84 70 240 96 42 177 195 99 225 114 34 148 36 223 138
    17 147 200 138 93 21 213 42 179 143 3 193 66 187 163 180 83 194 239
    212 139 190 219 30 195 248 107 193 242 229 174 252 17 167 120 61 196
    20 155 135 151 197 252 107 239 101 196 202 52 135 68 94 185 39 236
    253 248 32 156 149 133 215 28 140 112 37 72 19 124 108 188 231 34
    198 171 32 62 228 98 254 109 198 78 198 255 47 122 99 19 113 231 199
    65 81 204 60 113 177 255 62 41 90 1 20 117 235 177 80 74 229 188 244
    109 179 155 6 140 240 205 245 54 159 201 131 68 201 15 148 17 150 48
    135 14 209 240 6 215 96 129 161 125 37 69 73 122 32 45 143 10 144
    254 125 171 120 159 41 38 165 70 28 187 240 86 9 158 40 238 125 102
    58 244 28 142 113 46 180 21 202 253 159 204 191 99 218 79 229 78 126
    138 70 8 30 177 169 166 116 119 10 66 4 8 63 178 12 128 94 254 175
    56 107 35 218 177 202 135 33 68 78 242 227 48 51 189 104 36 14 96 17
    7 99 94 11 79 143 4 76 234 152 94 114 137 197 12 212 72 69 35 146 85
    147 54 13 156 167 124 242 43 10 227 25 138 211 134 227 33 252 34 223
    112 145 162 32 98 32 118 32 96 244 102 69 60 114 39 112 188 153 158
    89 254 168 220 30 237 231 169 164 252 174 125 157 211 35 105 116 235
    85 28 17 66 149 35 102 101 47 165 142 89 194 145 75 125 114 147 165
    228 141 33 17 253 152 121 246 16 142 62 162 197 82 38 184 125 221 16
    240 159 169 85 7 94 202 143 217 247 179 72 226 26 143 54 88 203 26
    77 206 29 63 223 117 226 120 83 91 115 167 207 41 199 43 3 23 166
    139 237 49 229 80 201 248 109 133 227 159 177 25 106 134 246 209 215
    24 109 93 244 179 66 96 106 32 210 42 252 48 225 104 232 70 215 90
    121 55 186 205 73 172 59 82 16 67 35 74 15 114 61 226 244 26 46 207
    39 88 106 114 217 4 47 106 115 232 137 105 235 215 43 2 210 192 63
    63 0 193 215 5 244 245 101 102 219 108 207 93 138 19 104 24 233 94
    94 89 20 77 220 42 173 43 5 168 147 155 88 109 66 56 107 27 23 235
    76 251 101 114 116 207 66 248 128 102 102 177 117 60 227 205 27 189
    183 66 150 166 200 201 205 190 159 45 55 101 20 144 181 85 84 169
    127 52 116 234 226 196 209 248 151 30 68 58 221 109 102 159 167 117
    128 252 89 134 9 101 224 188 17 222 85 63 214 101 146 131 31 154 47
    98 204 108 165 41 37 16 51 151 221 235 122 49 71 179 75 98 60 207
    108 213 167 167 48 100 144 169 124 165 90 177 180 54 169 209 86 1 43
    33 46 38 199 192 210 30 35 249 191 56 177 181 5 3 122 38 142 228 158
    39 236 61 171 249 41 207 107 157 146 83 186 166 3 235 226 225 46 68
    132 225 111 80 209 117 135 157 72 213 136 86 88 100 77 33 53 239 101
    128 53 15 211 197 143 161 173 235 202 14 73 100 79 65 211 99 49 181
    50 148 202 101 233 213 59 233 230 233 27 255 42 204 80 4 204 108 212
    79 79 123 194 174 164 235 34 55 85 77 81 47 134 95 119 223 118 7 119
    100 250 229 69 243 39 217 156 178 161 131 155 198 91 147 205 239 45
    199 0 10 224 181 171 53 196 245 221 75 222 7 254 91 187 247 42 30 8
    221 180 67 140 210 195 216 75 87 46 228 242 201 57 203 179 221 45 73
    121 47 166 84 25 51 151 192 156 157 231 27 80 165 37 77 155 174 37
    220 79 85 243 150 173 229 106 91 175 250 242 152 2 169 38 130 229
    161 173 36 138 143 244 193 37 67 151 77 184 223 15 161 122 164 168 7
    182 220 102 202 233 69 150 87 136 153 132 57 232 218 244 99 174 247
    22 111 202 234 109 29 118 11 135 139 127 217 72 235 70 251 130 114
    99 183 172 170 211 176 18 238 110 21 139 24 77 110 167 123 126 230
    241 104 209 139 128 230 149 156 74 253 19 87 168 127 201 190 139 225
    5 223 126 1 171 222 37 180 136 26 31 36 9 236 162 102 175 198 226
    244 75 174 73 20 244 34 53 195 92 32 80 58 13 167 148 23 35 157 39
    85 231 132 203 79 241 251 196 161 30 245 207 68 77 15 43 27 68 223
    70 85 150 117 48 169 148 95 249 235 18 206 48 49 245 4 219 214 62
    102 119 215 62 88 207 160 54 113 108 15 214 252 62 82 176 129 219 41
    33 131 203 63 35 229 94 151 41 111 203 37 126 155 207 203 75 60 230
    183 128 241 103 124 55 130 72 47 208 218 92 175 104 239 72 73 187
    241 19 102 136 143 88 159 227 203 107 238 90 255 112 175 204 61 131
    123 6 54 91 19 47 39 180 154 27 220 134 245 50 222 12 167 91 116 211
    140 154 144 164 178 65 235 206 236 59 251 73 207 190 183 51 150 52
    166 216 238 222 228 47 245 102 207 159 99 88 167 79 121 58 13 23 90
    234 37 237 85 123 156 223 108 35 177 215 183 27 9 30 129 220 68 157
    192 194 213 30 231 129 107 100 57 31 47 93 96 70 82 37 165 152 106
    242 78 183 253 61 240 156 17 33 96 20 142 117 233 43 31 173 72 145
    136 201 255 148 29 216 71 162 245 87 1 247 100 246 185 197 1 194 174
    21 254 18 214 227 66 162 61 129 205 168 85 157 93 148 102 229 27 179
    214 212 198 156 191 113 108 98 59 190 65 102 67 172 24 195 164 165
    58 217 213 25 229 138 66 251 1 140 184 171 44 136 63 115 51 162 125
    219 33 36 241 234 64 58 91 31 189 205 170 186 101 68 39 48 129 106
    218 114 151 2 41 80 66 134 35 88 49 88 72 118 209 161 117 26 42 132
    78 67 150 233 43 78 65 220 58 22 224 162 70 25 53 131 109 120 4 79
    146 200 205 138 9 49 40 25 255 29 89 214 22 243 58 88 198 104 148 48
    222 157 153 56 125 209 202 182 132 90 149 111 186 82 148 245 224 121
    195 235 102 225 8 186 94 254 60 224 47 244 72 182 4 83 75 206 47 153
    203 46 155 53 206 146 169 219 78 1 19 13 250 224 115 147 196 29 187
    44 42 186 10 222 212 219 31 126 43 241 190 143 70 36 156 240 247 13
    191 16 77 231 248 42 9 11 92 131 77 173 191 82 43 61 214 24 192 49
    217 215 22 227 14 195 2 59 32 100 50 204 184 146 201 83 149 67 232
    90 250 71 32 170 144 1 198 95 29 37 192 215 109 50 222 82 247</data></your_img>
</opencv_storage>
