<?xml version="1.0"?>
<opencv_storage>
<L2_diff>11.</L2_diff>
<test_hist type_id="opencv-matrix">
  <rows>256</rows>
  <cols>1</cols>
  <dt>f</dt>
  <data>
    5.74453613e+02 1.27740875e+02 5.71170959e+02 8.52200806e+02
    1.68076721e+02 7.25175964e+02 1.40219421e+02 5.70495544e+02
    8.54078735e+02 8.49431335e+02 6.10514526e+01 1.65290558e+02
    6.06615112e+02 4.73654663e+02 4.95820923e+01 3.29105835e+02
    8.38943359e+02 1.50841675e+01 5.82863220e+02 4.35006470e+02
    6.76810913e+02 9.60246948e+02 4.43519989e+02 1.73283478e+02
    9.81153687e+02 7.11275330e+01 6.63613403e+02 9.00188782e+02
    8.31379517e+02 3.13631073e+02 2.87538391e+02 4.94669678e+02
    1.72894653e+02 5.06544739e+02 7.34913452e+02 2.58451141e+02
    8.14424866e+02 5.75158142e+02 7.44130981e+02 3.74004578e+02
    3.30385620e+02 3.01412292e+02 3.73049988e+02 1.40140076e+02
    2.42195984e+02 9.48804382e+02 3.31232361e+02 1.19636139e+02
    2.80323853e+02 5.64170715e+02 9.54775391e+01 5.04482727e+01
    5.82376221e+02 6.55853760e+02 4.30631409e+02 4.14597382e+02
    3.38061096e+02 4.75908081e+02 4.46715393e+01 1.51887787e+02
    1.31361359e+02 2.09199982e+02 3.51817413e+02 7.69018677e+02
    4.36260925e+02 7.39467285e+02 9.45898743e+01 3.98080841e+02
    1.20964203e+02 3.52530212e+02 9.12376404e+02 3.70264587e+01
    9.88412964e+02 2.92248291e+02 9.47998657e+02 8.04265747e+02
    2.29390900e+02 8.10916748e+01 9.07399109e+02 1.85994110e+02
    4.58557861e+02 1.83950134e+02 5.44146301e+02 2.75643921e+00
    6.42796814e+02 2.25187531e+02 1.52738068e+02 5.46006287e+02
    1.23400848e+02 7.69357422e+02 2.35992096e+02 5.40173279e+02
    9.71146484e+02 7.65504883e+02 5.35036743e+02 6.91352783e+02
    8.30240479e+02 5.34301086e+02 7.51734375e+02 9.91310425e+02
    4.33457642e+02 2.40208008e+02 3.18377075e+02 4.38725494e+02
    9.73124573e+02 1.76071411e+02 3.92031189e+02 9.83504639e+02
    3.71545898e+02 9.92505798e+01 2.04272766e+01 1.26860504e+02
    7.52483093e+02 7.99149292e+02 3.93916534e+02 1.24153290e+02
    5.98277954e+02 6.35233704e+02 3.09384308e+02 2.48168106e+02
    4.52577820e+01 1.27890106e+02 3.61660400e+02 1.62930237e+02
    9.27832214e+02 1.51771027e+02 4.16844757e+02 6.16546997e+02
    1.90329407e+02 5.65635193e+02 1.19808075e+02 2.39628510e+02
    5.57150146e+02 2.65797241e+02 5.17476562e+02 5.43280334e+02
    6.93268250e+02 2.06541199e+02 6.79822388e+02 6.18225647e+02
    7.48680237e+02 9.47644775e+02 1.83905243e+02 1.46588013e+02
    7.37967834e+01 8.29373718e+02 4.78679321e+02 7.27636047e+02
    2.99433472e+02 2.16835297e+02 4.02794800e+02 9.09248657e+02
    5.33316101e+02 8.50117065e+02 7.47966064e+02 3.40862152e+02
    9.29325867e+02 8.16902832e+02 6.41108398e+02 1.69368408e+02
    5.19111755e+02 7.30941528e+02 5.51263489e+02 1.16345703e+02
    7.34747681e+02 1.70194183e+02 8.96830322e+02 9.29284912e+02
    3.81808472e+00 9.90532593e+02 7.30447693e+01 1.94615448e+02
    4.84723633e+02 3.19343262e+02 9.57993896e+02 6.85047302e+02
    1.79598297e+02 5.72760986e+02 7.70970703e+02 2.55574524e+02
    2.13729614e+02 7.23808838e+02 6.58737000e+02 5.98080078e+02
    2.28275757e+02 1.96239990e+02 7.44545166e+02 7.35269958e+02
    4.77115967e+02 9.03564453e+02 1.17842773e+02 7.87989502e+01
    3.68038422e+02 9.66270142e+02 6.70236023e+02 3.35476074e+01
    1.97571106e+02 8.60510132e+02 9.77475586e+02 2.80682556e+02
    8.17832886e+02 3.03370056e+01 9.46446289e+02 8.35030884e+02
    2.16759369e+02 4.44498810e+02 3.48519958e+02 6.91758118e+02
    9.70801147e+02 8.69373169e+02 5.72402039e+02 8.95379944e+01
    5.90952637e+02 7.84667664e+01 5.30668457e+02 7.95290039e+02
    8.62132690e+02 8.01588562e+02 7.57758240e+02 9.55873901e+02
    4.23223114e+02 3.36980896e+01 3.38935608e+02 5.43315735e+02
    6.59385193e+02 4.57499268e+02 2.99269836e+02 6.14361084e+02
    9.31936035e+02 1.62504486e+02 9.89979004e+02 1.01928192e+02
    4.99047546e+01 2.86604401e+02 1.80265045e+02 7.42118103e+02
    4.30592499e+02 2.07886322e+02 5.50331726e+02 5.03208710e+02
    8.02662659e+01 7.31694214e+02 9.39782227e+02 4.09975372e+02
    4.58109741e+02 3.59251373e+02 5.51379089e+02 1.06874451e+02
    4.49804260e+02 3.52028259e+02 3.91432739e+02 1.96933563e+02
    7.01704712e+02 2.44326263e+02 2.87862427e+02 9.55821289e+02</data></test_hist>
<my_lkt type_id="opencv-matrix">
  <rows>256</rows>
  <cols>1</cols>
  <dt>u</dt>
  <data>
    1 1 3 4 5 6 7 8 10 11 11 12 13 14 14 15 17 17 18 19 20 22 23 24 26
    26 27 29 31 31 32 33 33 34 36 37 38 39 41 42 42 43 44 44 45 47 47 48
    48 49 50 50 51 52 53 54 55 56 56 56 56 57 58 59 60 62 62 63 63 64 66
    66 68 68 70 72 73 73 75 75 76 76 77 77 79 79 80 81 81 83 83 84 86 88
    89 90 92 93 95 97 98 98 99 100 102 102 103 105 106 106 106 107 108
    110 111 111 112 113 114 115 115 115 116 116 118 118 119 120 121 122
    122 123 124 125 126 127 128 129 130 131 133 135 135 136 136 137 138
    140 141 141 142 144 145 147 148 149 151 153 154 154 155 157 158 158
    160 160 162 164 164 166 166 167 168 168 170 172 172 173 175 176 176
    178 179 180 181 181 183 184 185 187 187 187 188 190 192 192 192 194
    196 197 198 198 200 202 203 203 204 206 208 209 211 211 212 212 213
    215 217 219 220 222 223 223 224 225 226 227 228 229 231 231 234 234
    234 234 235 236 237 238 239 240 240 242 244 244 245 246 247 248 248
    249 250 250 252 252 253 255</data></my_lkt>
<your_lkt type_id="opencv-matrix">
  <rows>256</rows>
  <cols>1</cols>
  <dt>u</dt>
  <data>
    1 1 2 4 4 6 6 7 9 11 11 11 13 14 14 14 16 16 17 18 20 22 23 23 25 25
    27 29 30 31 32 33 33 34 35 36 38 39 41 41 42 43 43 44 44 46 47 47 48
    49 49 49 50 52 53 54 54 55 55 56 56 56 57 59 60 61 61 62 62 63 65 65
    67 68 70 72 72 72 74 74 75 76 77 77 78 79 79 80 81 82 83 84 86 87 88
    90 92 93 94 96 97 98 99 99 101 102 103 105 105 106 106 106 108 109
    110 110 112 113 114 114 114 114 115 116 117 118 119 120 120 122 122
    122 123 124 125 126 128 128 130 131 132 134 135 135 135 137 138 140
    140 141 141 143 144 146 148 149 150 152 153 154 155 156 158 158 159
    160 162 164 164 166 166 166 167 168 170 171 172 173 175 175 176 177
    178 180 180 181 182 184 185 187 187 187 188 190 191 191 192 193 195
    196 198 198 200 202 202 203 204 205 207 209 210 210 212 212 213 215
    216 218 220 222 222 223 223 224 226 227 227 229 231 231 233 233 233
    234 234 236 237 237 238 239 240 241 243 244 245 246 247 247 248 249
    250 250 251 252 252 255</data></your_lkt>
</opencv_storage>
