<?xml version="1.0"?>
<opencv_storage>
<L2_diff>1.7849929971851429e+02</L2_diff>
<r>12</r>
<test_img type_id="opencv-matrix">
  <rows>50</rows>
  <cols>100</cols>
  <dt>u</dt>
  <data>
    33 235 217 22 253 80 176 246 34 197 160 238 156 188 25 225 243 134
    188 48 161 233 162 71 70 23 152 114 222 137 162 26 251 242 107 82
    171 156 199 4 133 59 100 231 240 80 76 79 56 94 186 231 14 231 100
    220 85 92 115 238 64 204 217 211 150 134 121 171 73 182 36 238 122
    137 44 186 133 20 220 106 93 122 204 225 3 104 209 129 85 56 26 105
    215 19 157 241 21 88 163 190 43 142 232 140 246 159 130 205 20 143
    36 193 101 192 247 11 70 208 58 51 184 45 172 219 62 154 93 220 17
    49 149 168 96 187 173 168 56 183 89 134 184 225 181 235 188 38 245
    217 245 198 100 222 191 249 134 202 10 80 132 113 231 229 249 192 10
    153 152 247 67 183 188 195 55 52 212 145 218 151 211 161 189 234 12
    66 43 79 184 12 209 150 114 41 35 106 145 144 180 243 135 16 145 203
    10 30 155 210 219 249 137 16 79 222 34 114 125 254 207 62 251 81 251
    10 212 80 51 48 204 83 21 9 140 207 46 8 105 40 90 40 217 142 236 34
    108 212 3 95 84 224 189 57 196 123 250 159 10 223 223 170 210 216
    151 110 121 221 40 124 237 237 67 203 230 70 99 211 212 217 1 174 45
    2 120 75 142 93 87 37 99 131 184 29 114 76 151 229 163 45 89 215 122
    60 226 231 60 65 19 111 81 85 155 215 18 208 180 96 254 243 8 41 103
    221 253 137 120 80 173 252 7 166 59 120 162 167 72 92 93 192 31 89
    156 182 1 139 189 73 128 126 124 12 214 81 202 10 96 166 82 41 254
    74 168 143 108 116 39 94 220 234 114 193 131 201 193 70 194 193 83
    239 219 215 142 160 117 133 7 178 243 151 100 168 129 70 33 244 36
    201 154 92 88 118 109 198 54 136 127 206 117 96 93 248 204 176 252
    172 122 192 73 141 38 83 22 64 194 95 99 242 106 66 205 164 34 223
    213 195 240 131 210 212 238 164 54 111 65 29 221 110 202 192 202 109
    137 77 177 63 125 156 23 69 69 252 246 172 213 132 47 117 103 167 94
    164 188 107 107 114 102 78 132 69 14 231 138 107 243 210 162 154 29
    103 6 188 98 68 55 224 9 84 13 156 241 209 168 127 122 243 106 255
    20 216 38 237 200 6 175 205 114 245 165 9 172 40 233 44 18 68 133
    151 219 156 130 208 233 111 150 252 221 162 176 23 202 26 53 93 77
    37 30 140 22 194 239 65 159 252 181 230 190 242 222 214 48 98 16 73
    7 149 201 170 177 125 20 92 247 237 148 145 20 119 235 120 72 181 87
    3 230 248 129 222 122 118 44 8 244 207 88 179 105 148 220 238 203
    216 195 141 101 205 18 48 2 233 125 19 72 254 34 234 16 148 82 20 39
    216 119 141 37 142 147 236 16 253 5 170 42 152 114 161 12 22 136 102
    138 125 90 75 232 125 120 232 25 245 143 178 137 135 253 15 77 242
    47 107 227 206 7 3 221 218 29 93 38 84 33 38 225 245 125 64 67 88 90
    218 194 89 176 86 202 29 21 112 200 149 30 228 58 103 6 198 37 147
    167 170 162 74 149 70 35 40 12 113 183 52 14 43 194 152 153 219 204
    105 145 171 181 49 191 109 185 73 155 115 228 208 134 88 68 100 67
    80 114 188 252 20 57 155 162 172 25 36 194 31 39 89 26 19 143 128
    230 198 211 147 111 38 117 235 83 48 27 13 102 198 128 55 144 199
    144 167 252 249 22 91 160 246 19 185 81 82 220 252 152 180 216 129
    186 225 233 134 200 212 29 242 60 162 127 158 124 99 70 132 189 186
    111 152 65 83 92 182 233 94 158 220 6 104 17 161 129 110 82 69 105
    242 227 91 66 24 182 96 15 12 216 115 80 159 147 240 202 35 102 161
    160 23 213 53 128 181 88 239 39 90 91 134 199 205 32 115 146 194 30
    29 170 88 4 202 247 54 136 48 196 229 66 37 52 191 195 237 126 156
    132 142 78 87 69 83 108 84 222 167 19 219 168 64 47 218 198 199 162
    73 105 44 235 160 46 68 155 40 243 30 204 148 118 166 30 237 99 184
    230 244 103 228 158 248 44 231 93 19 70 136 252 134 73 40 146 90 60
    222 38 52 97 230 13 58 210 19 20 129 67 211 108 87 178 146 155 226
    55 163 99 226 54 119 74 174 84 30 213 28 134 246 188 10 56 12 167 21
    170 217 113 190 246 110 116 205 42 234 172 100 70 14 225 228 21 17
    42 174 148 123 93 124 16 240 192 116 118 235 232 56 210 165 105 255
    164 107 30 75 219 54 218 7 98 231 121 162 181 70 249 101 20 21 46
    190 19 75 194 50 20 3 184 184 246 164 133 179 86 147 173 77 130 238
    1 105 148 249 160 198 239 218 13 52 147 26 163 141 98 50 77 192 129
    241 246 60 62 184 67 2 189 126 69 233 104 52 111 71 48 89 105 83 166
    118 176 183 20 138 131 190 54 143 149 92 243 19 66 187 218 143 224
    136 140 77 163 124 11 155 141 63 246 94 15 135 62 194 125 36 115 229
    65 111 187 76 254 214 215 178 131 51 125 183 178 12 122 216 167 13
    106 233 155 243 112 23 175 253 27 150 178 207 254 188 171 59 164 10
    182 26 216 251 114 41 225 85 241 105 24 5 52 186 130 129 164 75 218
    212 16 22 186 182 248 57 37 214 140 175 24 248 162 21 247 223 114
    214 119 128 221 71 217 107 146 44 62 129 132 101 45 232 162 62 216
    248 170 143 174 147 206 116 133 66 81 230 73 19 230 19 101 187 192
    22 243 48 38 117 67 58 73 226 193 48 123 216 139 130 152 235 186 203
    146 200 104 247 192 209 37 193 78 54 194 185 70 191 20 5 1 174 35
    207 104 138 219 178 139 122 143 123 188 129 164 205 43 92 174 43 103
    131 115 64 31 177 8 121 222 196 246 243 56 238 197 237 3 109 54 161
    151 9 152 250 68 105 35 214 79 190 212 201 159 79 0 85 3 171 166 212
    54 48 207 18 16 225 60 215 152 89 151 232 55 141 175 186 44 255 140
    24 243 69 12 157 227 95 35 152 104 78 158 184 132 56 161 13 127 83
    170 92 169 238 105 30 65 160 225 244 147 140 70 87 64 140 194 158
    207 46 56 72 64 168 48 51 157 161 191 126 231 214 66 30 200 192 121
    45 40 30 223 42 224 218 81 77 117 239 137 179 169 10 195 235 250 217
    110 168 77 132 197 43 158 9 41 226 225 168 166 76 179 92 128 212 67
    70 62 115 56 159 40 150 42 189 177 113 249 41 11 252 180 68 50 36
    243 131 61 23 109 201 84 182 54 94 145 41 165 216 53 7 146 99 204
    107 158 76 105 56 162 201 40 64 74 128 35 13 21 7 109 190 235 10 232
    188 138 19 199 45 40 178 122 252 49 158 236 19 96 129 79 163 240 85
    21 10 116 160 126 233 239 74 82 253 68 214 110 147 129 28 147 47 237
    224 123 74 123 187 71 241 0 87 205 189 158 161 163 37 107 85 212 77
    148 141 40 249 228 187 58 237 110 125 173 9 141 19 102 204 117 193
    161 230 180 76 34 74 122 105 242 72 50 226 43 5 3 18 59 141 11 168 6
    184 13 3 232 78 34 41 229 216 232 13 190 115 55 247 56 3 44 179 153
    182 121 255 62 77 196 225 26 41 137 197 127 186 148 234 244 46 189
    90 142 91 18 134 178 58 15 198 8 28 28 4 140 251 247 109 34 55 103
    189 149 195 91 60 232 37 142 9 120 10 214 166 22 227 52 39 56 10 21
    208 92 255 146 45 44 117 234 97 232 71 126 32 39 231 200 235 212 125
    88 177 222 231 238 97 245 139 155 2 224 230 117 105 159 249 138 138
    175 145 91 4 117 77 84 125 236 14 68 235 124 140 10 72 17 160 101
    123 58 226 233 64 20 69 142 79 156 20 36 191 205 167 234 234 204 28
    220 136 40 129 189 17 148 162 232 7 103 143 149 185 212 193 80 48
    206 100 63 229 98 204 1 6 198 14 136 8 128 96 148 107 24 48 227 92
    142 137 179 250 251 95 58 253 59 209 70 49 159 61 194 234 101 179 84
    171 67 93 48 84 137 7 150 127 44 249 32 229 76 174 50 33 29 224 70
    72 77 73 196 154 133 50 13 220 98 225 220 143 38 249 74 70 215 6 35
    105 104 114 22 226 251 166 170 208 160 80 64 64 189 2 106 3 45 105 4
    36 210 13 59 154 28 241 65 214 174 164 68 234 125 167 244 152 241 98
    67 201 13 242 134 81 206 152 62 75 73 140 74 159 101 251 23 148 209
    137 122 95 230 27 32 16 151 98 59 22 17 88 62 112 99 12 60 184 242
    244 87 204 129 241 94 105 8 32 1 2 103 105 148 139 27 137 217 146
    175 33 132 73 1 23 168 88 161 125 255 95 61 245 39 198 25 114 128 0
    12 230 114 189 206 46 228 18 121 181 107 199 136 156 123 100 197 109
    54 193 161 25 127 213 197 212 219 127 102 124 97 5 172 236 0 210 77
    136 27 115 193 254 96 19 228 194 108 93 17 140 132 158 95 138 31 190
    88 204 214 78 205 164 111 103 84 82 254 169 108 119 191 4 84 229 21
    227 237 25 209 42 169 26 186 94 190 144 176 28 178 223 124 113 185
    185 2 82 145 222 129 156 251 182 90 227 236 198 215 189 195 53 231
    76 223 140 231 69 114 196 249 67 243 97 145 74 144 151 70 231 35 233
    29 106 10 75 54 222 168 12 129 59 150 20 195 239 230 143 50 105 177
    234 185 203 117 165 151 122 127 66 66 68 255 248 111 38 24 110 156
    94 148 146 221 173 136 237 129 72 26 146 0 241 38 149 59 13 102 191
    15 253 65 235 144 240 187 61 8 67 241 174 126 16 46 157 233 104 212
    188 57 191 160 166 47 10 94 170 27 142 194 176 249 70 104 234 167 78
    52 214 160 182 221 158 48 184 96 179 209 224 223 214 203 183 16 114
    242 196 13 159 191 183 221 223 44 195 245 86 229 219 253 240 36 195
    162 223 34 36 96 125 242 155 245 192 159 219 8 207 96 199 133 82 201
    193 183 206 216 84 155 219 92 11 126 143 249 223 233 25 68 173 44 86
    54 12 157 65 75 250 181 240 202 42 252 70 69 174 135 107 171 90 130
    171 126 188 130 124 48 214 82 133 210 104 158 236 169 144 176 61 172
    13 226 231 45 95 68 179 87 134 105 86 200 131 82 52 91 29 51 118 196
    58 123 246 102 224 100 17 153 158 214 168 235 100 60 232 244 137 241
    142 1 194 8 50 109 89 58 152 182 132 52 77 254 200 199 223 71 18 232
    209 57 31 156 18 65 14 192 204 104 139 14 209 88 106 159 159 242 9
    188 24 118 238 136 44 23 60 151 200 213 235 253 142 90 194 13 236
    201 201 129 25 215 99 121 117 176 23 255 122 234 171 90 58 115 200
    225 205 236 150 57 80 158 221 86 243 150 105 198 0 18 137 119 250 30
    184 219 46 70 156 12 31 77 161 151 137 131 251 91 107 236 113 133 22
    11 104 116 141 88 43 84 227 153 132 224 225 160 44 37 92 88 12 31
    208 119 87 255 197 195 11 231 18 202 65 144 163 117 49 30 32 21 109
    181 16 151 149 149 31 175 33 14 61 200 184 69 202 138 94 155 81 207
    175 188 253 122 163 111 252 173 46 168 105 67 97 252 51 26 204 106
    223 117 100 233 163 2 243 104 146 63 243 131 170 88 201 179 34 134
    241 228 83 245 3 249 49 88 118 231 226 226 66 236 239 55 108 190 254
    231 199 122 105 70 176 250 138 106 4 121 247 93 110 74 196 110 201
    115 164 120 29 214 19 241 113 195 179 84 252 61 48 78 48 254 1 105
    11 150 2 57 202 11 169 52 240 50 40 60 197 154 101 33 53 17 163 193
    237 221 115 84 248 60 114 12 222 113 247 60 170 12 103 52 110 11 225
    238 50 202 24 239 210 100 28 7 175 93 162 105 63 154 136 135 10 214
    236 130 222 30 234 147 245 232 172 120 80 70 146 208 10 18 157 249
    49 235 211 104 157 26 88 87 175 1 6 134 23 184 166 213 219 22 84 233
    147 254 50 57 217 6 225 228 198 191 78 21 75 186 233 40 86 216 74
    145 45 67 108 83 246 129 44 205 154 190 110 214 62 235 228 18 72 139
    28 8 90 186 4 116 155 190 67 112 161 177 1 22 11 160 62 159 112 152
    98 144 111 93 201 98 34 215 83 205 157 21 162 178 156 158 111 217 7
    198 79 126 132 105 69 31 127 185 124 98 92 88 47 225 22 62 42 89 58
    142 112 67 78 252 34 176 158 193 135 81 88 43 221 15 245 108 30 96
    32 48 0 189 121 135 179 169 131 16 117 84 49 62 194 46 101 178 152 9
    22 199 38 89 248 149 57 210 149 103 186 249 154 129 221 120 217 7
    214 104 77 188 0 121 215 110 117 87 207 37 179 216 50 242 94 233 128
    0 208 177 71 72 31 100 61 207 18 64 214 199 250 63 138 166 223 54
    115 168 36 140 24 77 22 184 92 129 125 145 252 208 20 224 85 57 187
    232 150 194 178 203 131 155 212 42 108 88 54 215 195 201 109 248 232
    57 255 136 166 217 92 254 100 222 126 188 2 74 58 254 170 61 45 86 9
    145 250 175 144 79 168 130 223 26 110 240 193 176 69 28 175 188 184
    110 40 143 170 214 165 112 60 190 38 151 177 46 21 65 55 59 4 68 198
    55 182 100 116 176 94 50 94 54 37 196 102 173 116 175 177 213 235 51
    125 69 141 243 5 96 128 137 128 216 141 105 207 93 26 199 144 67 155
    253 4 43 180 212 238 110 149 103 153 147 145 128 74 88 221 64 113
    237 172 8 131 118 73 92 13 246 89 30 25 168 91 120 56 230 43 217 38
    62 61 210 84 108 95 211 229 25 42 253 37 89 252 47 214 66 239 51 99
    182 99 127 150 13 39 134 94 173 57 123 88 44 133 90 65 38 128 170 74
    14 147 241 114 137 209 39 242 186 166 195 147 188 249 182 145 45 149
    71 152 23 145 220 124 241 156 13 189 142 235 156 54 19 29 127 16 175
    5 216 145 170 31 179 58 187 92 129 152 197 255 218 46 93 65 213 226
    110 70 238 175 218 11 148 197 114 40 158 189 206 1 120 181 130 230
    244 56 145 119 172 72 70 24 228 164 31 23 255 181 166 175 110 26 18
    61 150 144 84 30 140 80 90 3 21 184 138 158 95 162 6 127 131 184 43
    30 49 191 122 225 23 62 12 233 141 15 205 64 213 178 182 34 236 13
    141 155 218 100 162 206 228 103 213 119 131 182 255 110 164 50 3 128
    22 155 180 254 58 92 148 193 125 15 186 200 161 153 188 110 189 53
    12 204 119 80 39 110 167 131 206 92 196 21 229 21 236 175 152 7 39
    124 78 88 118 186 10 42 92 208 50 83 34 133 248 117 222 44 61 187
    113 145 197 133 95 1 87 153 251 78 7 131 222 103 75 30 173 110 206
    118 168 198 208 106 139 32 136 255 148 185 176 177 170 160 226 75
    168 55 33 129 86 122 192 159 104 48 54 149 191 32 88 13 107 149 205
    65 193 228 21 141 86 6 160 125 239 165 173 50 117 9 151 249 168 98
    126 5 116 240 118 16 86 12 130 53 240 9 251 202 7 111 153 40 53 127
    124 203 24 40 120 229 135 214 109 81 118 206 254 25 248 67 204 251
    117 215 128 231 24 228 81 48 239 83 206 208 38 0 49 81 90 72 206 194
    33 52 235 174 130 222 95 83 34 33 104 176 187 245 24 145 70 120 22
    158 16 224 81 211 212 217 21 40 63 34 47 204 94 203 117 208 112 131
    97 148 6 45 89 36 248 72 66 92 80 37 22 149 209 115 114 107 112 183
    67 254 78 245 86 43 201 77 5 55 169 189 199 57 140 134 23 26 182 51
    111 18 86 167 110 220 243 21 19 247 27 155 202 172 154 42 34 93 252
    70 68 45 142 98 114 30 161 29 108 105 177 196 211 77 2 249 31 53 217
    235 129 243 31 66 51 55 222 185 85 52 179 111 99 53 101 151 225 161
    71 133 252 221 148 73 219 132 235 179 180 80 211 60 77 120 59 3 186
    63 199 141 177 212 85 121 136 226 165 71 108 162 54 232 54 141 0 17
    189 210 25 210 229 16 129 54 188 65 171 214 143 204 58 31 118 89 195
    164 84 210 140 109 195 189 72 127 105 94 114 31 20 71 63 228 141 23
    96 95 61 67 229 35 191 235 116 16 232 14 140 10 149 164 73 14 207 87
    107 236 44 92 242 240 169 36 51 87 193 59 106 214 96 27 80 118 187
    50 67 38 80 50 254 145 156 121 45 8 223 122 196 130 224 29 0 100 185
    130 125 204 226 133 244 74 119 217 61 38 134 244 123 126 235 193 118
    2 128 218 29 225 9 177 141 30 118 14 131 32 206 6 97 240 226 240 164
    69 75 82 80 162 210 63 244 146 124 180 76 244 161 1 208 77 134 31 71
    198 27 211 102 29 206 174 146 197 60 98 137 34 56 15 182 134 134 228
    68 203 229 120 172 36 236 89 245 126 248 240 255 187 75 112 84 90 22
    226 124 47 95 129 81 113 214 135 164 254 149 20 130 190 106 221 163
    30 204 211 217 118 165 126 84 190 53 52 34 146 47 132 34 217 93 168
    189 113 47 190 246 34 158 127 12 141 169 198 160 241 223 37 121 193
    53 76 145 172 108 189 205 194 144 166 53 17 32 189 217 165 120 255
    52 74 166 98 57 36 185 195 51 250 237 191 93 80 102 63 213 42 20 164
    225 219 63 85 185 195 1 186 238 40 244 167 76 103 79 82 175 138 158
    154 74 101 181 82 19 114 103 148 129 2 9 152 107 241 249 145 164 46
    227 0 68 133 211 203 23 206 100 111 232 82 243 26 158 49 174 185 203
    110 2 254 178 142 244 124 39 169 219 248 73 139 195 140 13 22 202 14
    6 45 31 72 13 131 114 210 178 52 74 159 129 239 39 31 250 145 100 44
    171 200 29 219 4 99 229 72 167 133 183 160 25 18 164 50 203 244 104
    181 110 140 212 195 115 158 152 167 154 14 112 181 233 120 113 214 4
    79 121 107 45 168 58 62 189 25 159 128 208 83 6 55 249 175 146 53
    196 235 106 141 244 95 137 248 243 179 167 91 104 159 243 16 31 154
    162 51 38 55 5 236 199 39 244 208 202 0 196 11 90 105 76 238 17 182
    72 4 184 182 131 118 30 203 61 204 113 122 69 95 104 234 237 246 162
    69 236 114 125 253 121 222 242 149 255 198 28 181 67 203 61 198 139
    146 34 65 62 109 119 98 24 221 84 57 64 254 52 23 192 22 189 47 211
    56 240 172 72 209 147 57 226 141 32 82 57 101 151 222 117 222 185
    174 0 183 238 162 216 120 135 96 128 217 45 196 192 34 2 73 98 153 2
    249 67 9 85 177 46 114 220 240 77 137 12 254 13 86 26 17 228 111 220
    149 94 74 147 147 74 233 247 167 70 245 55 23 186 103 37 91 161 240
    220 211 61 119 177 63 212 189 128 91 28 23 96 177 18 27 80 63 92 6 8
    57 7 27 207 66 121 168 145 89 185 140 103 194 238 82 217 211 80 186
    165 6 232 51 165 128 233 240 16 118 207 104 234 167 80 202 30 251 78
    128 245 163 196 46 235 110 205 12 128 73 26 19 246 141 93 12 172 223
    157 251 12 242 251 152 88 86 101 141 28 91 91 202 97 145 206 80 210
    203 99 141 35 75 194 4 20 40 94 65 58 179 182 56 141 212 27 105 9
    221 250 251 197 25 107 94 11 155 250 62 72 113 3 139 12 163 187 160
    214 195 35 30 172 250 168 31 230 106 24 3 168 168 152 205 83 250 135
    85 188 171 233 182 102 81 191 56 159 72 109 189 26 183 130 199 139
    250 0 79 42 146 154 136 41 118 130 17 22 9 89 115 53 149 98 141 104
    35 115 37 145 28 227 252 201 0 235 88 64 100 45 57 127 87 132 203 94
    169 180 232 188 144 10 120 232 253 78 102 81 152 198 59 40 33 206
    121 30 244 174 155 36 252 188 86 46 206 183 252 31 102 88 149 243
    156 163 35 245 183 181 66 171 65 23 161 106 64 19 91 205 236 245 38
    98 186 242 214 210 16 117 55 167 59 50 212 21 13 232 98 16 214 15
    248 171 214 63 94 235 70 36 203 80 212 17 110 88 172 122 182 22 74
    213 165 154 108 89 50 111 123 51 23 8 216 226 233 136 38 223 220 230
    195 227 10 174 118 112 93 215 68 171 243 49 235 212 83 5 99 158 226
    222 210 0 162 63 163 247 117 158 166 103 49 230 183 194 134 4 198 59
    210 92 72 147 113 119 93 62 31 239 120 0 13 81 77 230 25 119 5 112
    158 62 192 227 59 148 60 35 99 60 16 77 2 14 133 48 99 33 214 6 244
    127 176 97 55 125 13 246 84 85 55 75 24 207 110 164 81 153 66 198
    171 95 71 82 76 121 31 196 11 165 160 158 142 192 253 85 86 86 37 10
    157 190 101 184 226 215 41 151 220 13 141 217 130 149 152 39 98 160
    187 27 137 200 221 50 160 113 210 237 198 194 220 211 154 238 74 75
    255 49 139 160 173 204 137 184 142 126 202 17 34 11 191 104 165 39
    99 183 196 93 98 129 105 236 43 189 51 43 114 195 2 205 40 138 163
    198 228 77 118 135 215 211 121 214 96 145 243 106 237 237 86 245 104
    98 113 192 220 5 253 66 72 204 231 194 172 134 187 135 16 151 188 83
    192 92 88 100 166 77 197 59 231 172 228 239 236 5 155 92 205 108 13
    143 185 162 217 127 70 83 173 246 100 208 45 116 170 204 49 89 190
    226 150 60 116 169 212 234 194 166 35 184 235 178 87 216 189 255 2
    192 253 154 81 130 167 87 149 156 43 84 51 183 236 92 250 247 67 251
    113 177 47 170 147 176 242 45 56 22 249 38 191 1 169 189 92 226 18
    96 64 27 213 154 154 229 198 135 194 78 154 127 123 102 228 125 113
    166 143 26 155 162 221 126 236 7 113 240 93 178 148 40 37 247 212
    252 135 15 90 13 235 185 235 232 141 177 226 183 188 126 21 5 71 203
    110 133 206 122 87 226 219 212 254 245 157 203 166 141 56 114 112 43
    74 198 180 19 5 13 20 84 102 114 40 41 15 40 116 136 73 189 161 203
    8 240 205 81 68 147 77 109 132 206 10 178 50 84 195 62 142 45 37 210
    118 117 224 152 48 69 3 202 12 144 241 66 116 116 253 222 108 255
    101 3 173</data></test_img>
<my_img type_id="opencv-matrix">
  <rows>50</rows>
  <cols>100</cols>
  <dt>u</dt>
  <data>
    33 235 217 22 253 80 176 246 34 197 160 238 156 188 25 225 243 134
    188 48 161 233 162 71 70 23 152 114 222 137 162 26 251 242 107 82
    171 156 199 4 133 59 100 231 240 80 76 79 56 94 186 231 14 231 100
    220 85 92 115 238 64 204 217 211 150 134 121 171 73 182 36 238 122
    137 44 186 133 20 220 106 93 122 204 225 3 104 209 129 85 56 26 105
    215 19 157 241 21 88 163 190 43 142 232 140 246 159 130 205 20 143
    36 193 101 192 247 11 70 208 58 51 184 45 172 219 62 154 93 220 17
    49 149 168 96 187 173 168 56 183 89 134 184 225 181 235 188 38 245
    217 245 198 100 222 191 249 134 202 10 80 132 113 231 229 249 192 10
    153 152 247 67 183 188 195 55 52 212 145 218 151 211 161 189 234 12
    66 43 79 184 12 209 150 114 41 35 106 145 144 180 243 135 16 145 203
    10 30 155 210 219 249 137 16 79 222 34 114 125 254 207 62 251 81 251
    10 212 80 51 48 204 83 21 9 140 207 46 8 105 40 90 40 217 142 236 34
    108 212 3 95 84 224 189 57 196 123 250 159 10 223 223 170 210 216
    151 110 121 221 40 124 237 237 67 203 230 70 99 211 212 217 1 174 45
    2 120 75 142 93 87 37 99 131 184 29 114 76 151 229 163 45 89 215 122
    60 226 231 60 65 19 111 81 85 155 215 18 208 180 96 254 243 8 41 103
    221 253 137 120 80 173 252 7 166 59 120 162 167 72 92 93 192 31 89
    156 182 1 139 189 73 128 126 124 12 214 81 202 10 96 166 82 41 254
    74 168 143 108 116 39 94 220 234 114 193 131 201 193 70 194 193 83
    239 219 215 142 160 117 133 7 178 243 151 100 168 129 70 33 244 36
    201 154 92 88 118 109 198 54 136 127 206 117 96 93 248 204 176 252
    172 122 192 73 141 38 83 22 64 194 95 99 242 106 66 205 164 34 223
    213 195 240 131 210 212 238 164 54 111 65 29 221 110 202 192 202 109
    137 77 177 63 125 156 23 69 69 252 246 172 213 132 47 117 103 167 94
    164 188 107 107 114 102 78 132 69 14 231 138 107 243 210 162 154 29
    103 6 188 98 68 55 224 9 84 13 156 241 209 168 127 122 243 106 255
    20 216 38 237 200 6 175 205 114 245 165 9 172 40 233 44 18 68 133
    151 219 156 130 208 233 111 150 252 221 162 176 23 202 26 53 93 77
    37 30 140 22 194 239 65 159 252 181 230 190 242 222 214 48 98 16 73
    7 149 201 170 177 125 20 92 247 237 148 145 20 119 235 120 72 181 87
    3 230 248 129 222 122 118 44 8 244 207 88 179 105 148 220 238 203
    216 195 141 101 205 18 48 2 233 125 19 72 254 34 234 16 148 82 20 39
    216 119 141 37 142 147 236 16 253 5 170 42 152 114 161 12 22 136 102
    138 125 90 75 232 125 120 232 25 245 143 178 137 135 253 15 77 242
    47 107 227 206 7 3 221 218 29 93 38 84 33 38 225 245 125 64 67 88 90
    218 194 89 176 86 202 29 21 112 200 149 30 228 58 103 6 198 37 147
    167 170 162 74 149 70 35 40 12 113 183 52 14 43 194 152 153 219 204
    105 145 171 181 49 191 109 185 73 155 115 228 208 134 88 68 100 67
    80 114 188 252 20 57 155 162 172 25 36 194 31 39 89 26 19 143 128
    230 198 211 147 111 38 117 235 83 48 27 13 102 198 128 55 144 199
    144 167 252 249 22 91 160 246 19 185 81 82 220 252 152 180 216 129
    186 225 233 134 200 212 29 242 60 162 127 158 124 99 70 132 189 186
    111 152 65 83 92 182 233 94 158 220 6 104 17 161 129 110 82 69 105
    242 227 91 66 24 182 96 15 12 216 115 80 159 147 240 202 35 102 161
    160 23 213 53 128 181 88 239 39 90 91 134 199 205 32 115 146 194 30
    29 170 88 4 202 247 54 136 48 196 229 66 37 52 191 195 237 126 156
    132 142 78 87 69 83 108 84 222 167 19 219 168 64 47 218 198 199 162
    73 105 44 235 160 46 68 155 40 243 30 204 148 118 166 30 237 99 184
    230 244 103 228 158 248 44 231 93 19 70 136 252 134 73 40 146 90 60
    222 38 52 97 230 13 58 210 19 20 129 67 211 108 87 178 146 155 226
    55 163 99 226 54 119 74 174 84 30 213 28 134 246 188 10 56 12 167 21
    170 217 113 190 246 110 116 205 42 234 172 100 70 14 225 228 21 17
    42 174 148 123 93 124 16 240 192 116 118 235 232 56 210 165 105 255
    164 107 30 75 219 54 218 7 98 231 121 162 181 70 249 101 20 21 46
    190 19 75 194 50 20 3 184 184 246 164 133 179 86 147 173 77 130 238
    1 105 148 249 160 198 239 218 13 52 147 26 163 141 98 50 77 192 129
    241 246 60 62 184 67 2 189 126 69 233 104 52 111 71 48 89 105 83 166
    118 176 183 20 138 131 190 54 143 149 92 243 19 66 187 218 143 224
    136 140 77 163 124 11 155 141 63 246 94 15 135 62 194 125 36 115 229
    65 111 187 76 254 214 215 178 131 51 125 183 178 12 122 216 167 13
    106 233 155 243 112 23 175 253 27 150 178 207 254 188 171 59 164 10
    182 26 216 251 114 41 225 85 241 105 24 5 52 186 130 129 164 75 218
    212 16 22 186 182 248 57 37 214 140 175 24 248 162 21 247 223 114
    214 119 128 221 71 217 107 146 44 62 129 132 101 44 224 161 56 207
    246 171 141 175 143 200 115 133 63 83 228 72 18 229 20 104 188 194
    25 245 51 44 117 67 58 69 226 191 48 114 213 133 123 151 235 181 200
    142 197 100 246 185 203 36 187 77 54 189 174 72 185 23 6 2 173 33
    209 100 138 221 173 139 117 142 121 190 129 168 207 38 84 174 43 103
    131 115 64 31 177 8 121 222 196 246 243 56 238 197 237 3 109 54 161
    151 9 149 246 65 103 31 207 75 186 205 197 159 75 1 86 3 174 169 207
    52 47 204 18 14 224 62 214 156 90 151 229 54 135 168 178 46 255 133
    23 242 68 14 152 224 93 35 145 95 73 151 172 129 56 153 17 123 83
    165 89 167 240 100 31 59 158 224 246 148 136 68 83 61 140 197 155
    207 42 56 72 64 168 48 51 157 161 191 126 231 214 66 30 200 192 121
    45 40 30 223 42 224 218 76 71 118 235 138 179 171 9 190 230 247 209
    113 172 78 134 195 42 161 8 44 224 224 172 172 81 184 96 128 209 67
    69 63 110 55 157 44 146 46 187 174 110 248 44 12 251 171 65 49 36
    240 128 61 26 108 198 83 178 54 93 146 40 166 219 49 7 149 92 203
    107 160 78 105 52 161 203 40 64 74 128 35 13 21 7 109 190 235 10 232
    188 138 19 199 45 40 178 122 252 49 158 233 18 93 130 74 164 236 82
    21 8 117 161 129 228 236 72 81 253 66 208 112 149 130 35 153 51 237
    223 122 74 116 188 71 242 1 85 205 188 158 164 166 42 105 83 211 74
    144 135 41 247 225 180 58 236 111 125 170 10 143 20 95 209 116 194
    161 230 180 71 33 73 124 108 243 70 45 229 43 5 3 18 59 141 11 168 6
    184 13 3 232 78 34 41 229 216 232 13 190 115 55 247 53 3 41 178 154
    183 124 255 56 75 196 222 29 40 142 197 129 185 151 231 245 48 187
    93 146 95 20 135 180 60 18 197 9 33 33 6 135 251 246 106 38 58 98
    187 146 192 86 58 230 40 137 10 119 13 214 164 26 226 52 40 56 11 22
    213 92 255 151 40 42 119 237 100 233 71 124 32 39 231 200 235 212
    125 88 177 222 231 238 97 245 139 155 2 224 230 117 105 159 249 138
    138 170 140 88 4 118 72 82 126 234 11 64 233 126 144 10 70 17 162
    102 124 57 222 232 67 26 71 147 83 160 24 41 193 203 165 231 232 202
    32 217 131 47 123 188 19 144 159 229 9 97 134 145 179 211 188 82 51
    208 102 66 231 97 209 2 7 201 14 140 8 130 98 154 114 26 46 230 89
    142 137 179 250 251 95 58 253 59 209 70 49 159 61 194 234 101 179 84
    171 67 93 48 84 135 6 149 128 39 248 28 224 69 178 47 33 30 219 69
    69 75 70 195 157 136 52 16 215 102 224 221 148 45 248 75 69 212 7 38
    105 102 112 21 226 251 166 169 206 159 78 65 65 186 3 109 4 47 107 5
    38 211 16 63 155 29 242 65 220 175 165 68 237 127 172 246 160 243
    100 67 208 13 242 134 81 206 152 62 75 73 140 74 159 101 251 23 148
    209 137 122 95 230 27 32 16 147 90 52 18 15 82 55 111 92 9 53 184
    239 243 87 201 131 239 94 106 8 35 3 4 109 111 155 143 35 137 215
    147 175 36 127 74 3 22 166 88 164 121 255 95 62 244 40 194 25 114
    126 1 15 229 115 186 206 46 230 20 122 182 108 204 140 155 126 101
    200 114 55 200 167 25 131 217 197 212 219 127 102 124 97 5 172 236 0
    210 77 136 27 115 193 254 96 19 228 194 108 93 15 136 129 158 89 138
    28 190 84 202 209 76 202 168 115 103 82 80 253 168 107 120 191 7 86
    228 28 226 236 31 206 44 169 29 185 93 191 137 173 31 177 222 120
    111 182 181 4 77 139 219 127 149 252 174 90 228 239 202 222 193 200
    54 234 81 226 147 235 72 119 203 251 73 245 103 155 78 144 151 70
    231 35 233 29 106 10 75 54 222 168 12 129 59 150 20 195 239 230 143
    50 105 171 231 179 200 114 166 151 119 125 62 61 64 255 248 112 37
    26 107 156 90 147 144 218 173 137 237 129 72 32 145 1 242 40 146 57
    18 96 192 16 252 67 235 139 240 185 62 9 67 242 168 124 20 46 150
    235 105 215 188 59 196 161 170 47 12 96 175 29 149 198 184 251 80
    111 238 176 84 52 214 160 182 221 158 48 184 96 179 209 224 223 214
    203 183 16 114 242 196 13 159 191 183 215 217 38 190 243 82 223 215
    251 237 34 191 163 220 35 36 91 121 241 153 245 191 158 216 12 206
    98 202 132 81 203 198 183 204 213 82 154 217 87 12 120 137 248 223
    233 29 68 167 47 84 54 16 150 68 77 251 177 243 206 44 253 75 73 181
    144 114 178 92 141 180 138 201 143 132 48 223 82 133 210 104 158 236
    169 144 176 61 172 13 226 231 45 95 68 179 87 134 105 86 200 131 78
    49 87 25 47 116 194 53 121 242 100 220 98 18 153 158 208 166 233 95
    57 230 245 136 242 142 3 199 11 53 107 86 59 152 182 131 51 76 253
    203 200 222 73 20 232 207 58 33 151 19 67 17 188 201 102 137 18 213
    89 107 159 162 245 10 192 27 124 240 144 43 24 63 163 209 220 239
    253 142 90 194 13 236 201 201 129 25 215 99 121 117 176 23 255 122
    234 171 90 58 115 200 222 203 235 148 53 74 160 218 84 240 149 104
    195 2 19 135 118 250 31 179 216 46 70 160 16 35 81 169 154 139 132
    251 89 107 237 116 134 21 11 105 118 140 90 46 84 227 150 133 223
    223 158 45 37 92 89 16 33 213 122 88 255 202 201 12 234 18 208 67
    153 172 127 50 29 32 20 117 181 16 151 149 149 31 175 33 14 61 200
    184 69 202 138 94 155 81 207 175 188 253 122 163 106 251 168 44 164
    99 65 93 251 51 26 199 105 221 117 96 231 163 4 242 102 146 62 244
    133 177 89 205 186 41 136 242 229 83 246 5 250 48 88 120 230 225 226
    69 239 240 56 111 190 254 231 196 121 105 73 175 251 138 109 4 124
    248 94 119 78 200 118 206 122 172 130 28 222 18 242 120 195 179 84
    252 61 48 78 48 254 1 105 11 150 2 57 202 11 169 52 240 50 40 60 197
    153 95 33 49 15 160 187 234 217 112 82 247 58 113 12 219 109 247 57
    169 13 102 52 110 15 227 239 53 207 26 238 211 98 31 9 178 95 163
    103 65 155 136 135 11 215 239 130 222 30 235 142 246 233 168 122 86
    76 146 215 11 19 161 250 50 238 218 110 162 26 91 91 185 1 5 148 25
    184 166 213 219 22 84 233 147 254 50 57 217 6 225 228 198 191 78 21
    75 186 233 40 86 214 68 147 41 61 101 76 243 129 42 204 157 190 112
    210 59 234 226 19 69 139 29 11 88 188 8 120 162 195 67 114 166 180 3
    24 15 161 60 156 112 151 99 141 111 93 198 95 37 215 80 202 152 24
    160 174 153 157 113 224 7 202 82 133 142 110 73 33 137 188 132 107
    100 93 46 226 22 62 42 89 58 142 112 67 78 252 34 176 158 193 135 81
    88 43 221 15 245 108 30 96 32 42 2 186 116 134 175 170 131 13 115 81
    47 61 193 46 96 181 153 11 23 197 44 86 248 155 60 214 156 105 190
    249 157 128 218 119 215 8 210 99 77 186 1 120 214 110 116 84 205 39
    173 214 50 243 95 235 130 1 213 179 78 77 36 106 69 212 20 67 222
    202 250 67 148 172 225 54 122 168 36 140 24 77 22 184 92 129 125 145
    252 208 20 224 85 57 187 232 150 194 178 203 131 153 209 36 98 80 47
    214 194 198 105 247 230 54 255 140 171 216 89 253 97 221 128 186 5
    76 62 254 179 63 46 85 11 146 251 173 144 77 163 124 223 28 109 239
    193 173 69 29 171 182 175 105 40 133 165 215 162 113 62 191 41 151
    180 49 24 67 58 62 4 72 203 57 189 110 126 185 104 50 94 54 37 196
    102 173 116 175 177 213 235 51 125 69 141 243 5 96 128 137 128 216
    141 97 206 84 22 196 140 62 157 252 4 39 180 211 237 111 152 102 155
    149 146 130 78 88 223 68 121 239 182 12 135 121 74 92 16 247 89 30
    25 164 90 119 55 228 42 215 41 60 60 207 79 101 90 207 226 27 44 254
    38 90 253 49 219 69 240 51 102 186 105 136 155 13 41 145 104 180 59
    123 88 44 133 90 65 38 128 170 74 14 147 241 114 137 209 39 242 186
    166 195 147 188 249 173 142 39 145 62 149 20 144 220 123 239 160 13
    189 144 235 160 53 21 32 129 19 176 8 218 151 180 38 188 62 193 93
    130 153 198 255 217 44 89 66 210 225 108 67 237 172 217 11 139 191
    106 39 146 182 202 2 118 176 130 231 245 58 147 125 173 74 71 25 229
    166 32 24 255 189 173 182 110 26 18 61 150 144 84 30 140 80 90 3 21
    184 138 158 95 162 6 127 131 184 43 30 41 185 118 226 19 53 8 232
    141 9 205 61 212 179 182 37 237 14 141 157 218 102 164 208 231 108
    217 125 135 187 255 113 166 49 5 126 21 150 175 254 58 91 141 192
    119 16 180 196 153 139 179 102 180 53 11 200 116 80 40 112 165 133
    211 98 200 21 228 21 235 177 158 7 41 135 88 98 118 186 10 42 92 208
    50 83 34 133 248 117 222 44 61 187 113 145 197 133 95 1 87 153 250
    70 6 129 223 93 67 27 173 107 206 117 170 198 207 104 139 35 137 255
    152 186 175 180 176 167 229 77 174 56 38 129 83 122 188 157 103 44
    48 144 187 32 85 14 104 141 199 65 188 224 20 130 80 7 150 122 240
    160 174 52 118 10 151 249 172 103 135 6 124 241 129 17 94 12 145 58
    240 9 251 202 7 111 153 40 53 127 124 203 24 40 120 229 135 214 109
    81 118 206 254 25 249 64 203 250 114 216 128 230 22 229 78 47 238 85
    206 208 41 2 50 78 89 74 207 197 38 54 237 182 135 224 100 83 38 36
    103 174 183 245 22 139 67 119 21 151 18 224 74 210 209 216 20 39 59
    33 47 200 92 202 118 215 114 133 99 150 7 46 93 37 247 77 70 102 88
    40 23 162 209 115 114 107 112 183 67 254 78 245 86 43 201 77 5 55
    169 189 199 57 140 134 23 26 180 47 109 16 80 169 109 224 242 19 18
    247 28 165 202 178 159 42 40 92 252 73 69 44 150 104 122 32 168 31
    113 109 182 195 207 74 2 248 30 49 213 233 124 243 31 62 47 54 221
    176 73 47 169 107 95 55 98 142 229 158 71 132 253 225 148 76 225 142
    233 181 182 88 217 65 86 135 59 3 186 63 199 141 177 212 85 121 136
    226 165 71 108 162 54 232 54 141 0 17 189 210 25 211 230 13 129 49
    184 64 172 218 147 206 60 33 123 91 200 166 84 209 144 113 197 193
    75 134 111 100 121 34 18 69 61 226 139 22 94 91 52 62 224 34 185 233
    111 18 231 16 128 9 135 155 67 15 205 85 104 238 43 92 244 243 171
    38 51 86 198 62 112 222 101 29 87 129 198 53 67 38 80 50 254 145 156
    121 45 8 223 122 196 130 224 29 0 100 185 130 125 204 226 133 244 69
    115 222 57 34 134 242 121 126 238 194 122 4 132 223 30 229 11 176
    145 32 122 18 140 35 209 7 103 237 228 239 168 69 74 81 77 156 204
    60 243 138 122 176 70 245 153 3 206 70 120 28 65 195 24 213 99 26
    211 174 140 200 60 101 142 33 57 16 188 143 144 229 71 211 231 134
    172 36 236 89 245 126 248 240 255 187 75 112 84 90 22 226 124 47 95
    129 81 113 214 135 164 254 149 20 130 190 106 221 163 30 204 211 217
    118 165 126 84 190 53 52 34 146 47 132 34 217 93 168 189 113 47 190
    246 34 158 127 12 141 169 198 160 241 223 37 121 193 53 76 145 172
    108 189 205 194 144 166 53 17 32 189 217 165 120 255 52 74 166 98 57
    36 185 195 51 250 237 191 93 80 102 63 213 42 20 164 225 219 63 85
    185 195 1 186 238 40 244 167 76 103 79 82 175 138 158 154 74 101 181
    82 19 114 103 148 129 2 9 152 107 241 249 145 164 46 227 0 68 133
    211 203 23 206 100 111 232 82 243 26 158 49 174 185 203 110 2 254
    178 142 244 124 39 169 219 248 73 139 195 140 13 22 202 14 6 45 31
    72 13 131 114 210 178 52 74 159 129 239 39 31 250 145 100 44 171 200
    29 219 4 99 229 72 167 133 183 160 25 18 164 50 203 244 104 181 110
    140 212 195 115 158 152 167 154 14 112 181 233 120 113 214 4 79 121
    107 45 168 58 62 189 25 159 128 208 83 6 55 249 175 146 53 196 235
    106 141 244 95 137 248 243 179 167 91 104 159 243 16 31 154 162 51
    38 55 5 236 199 39 244 208 202 0 196 11 90 105 76 238 17 182 72 4
    184 182 131 118 30 203 61 204 113 122 69 95 104 234 237 246 162 69
    236 114 125 253 121 222 242 149 255 198 28 181 67 203 61 198 139 146
    34 65 62 109 119 98 24 221 84 57 64 254 52 23 192 22 189 47 211 56
    240 172 72 209 147 57 226 141 32 82 57 101 151 222 117 222 185 174 0
    183 238 162 216 120 135 96 128 217 45 196 192 34 2 73 98 153 2 249
    67 9 85 177 46 114 220 240 77 137 12 254 13 86 26 17 228 111 220 149
    94 74 147 147 74 233 247 167 70 245 55 23 186 103 37 91 161 240 220
    211 61 119 177 63 212 189 128 91 28 23 96 177 18 27 80 63 92 6 8 57
    7 27 207 66 121 168 145 89 185 140 103 194 238 82 217 211 80 186 165
    6 232 51 165 128 233 240 16 118 207 104 234 167 80 202 30 251 78 128
    245 163 196 46 235 110 205 12 128 73 26 19 246 141 93 12 172 223 157
    251 12 242 251 152 88 86 101 141 28 91 91 202 97 145 206 80 210 203
    99 141 35 75 194 4 20 40 94 65 58 179 182 56 141 212 27 105 9 221
    250 251 197 25 107 94 11 155 250 62 72 113 3 139 12 163 187 160 214
    195 35 30 172 250 168 31 230 106 24 3 168 168 152 205 83 250 135 85
    188 171 233 182 102 81 191 56 159 72 109 189 26 183 130 199 139 250
    0 79 42 146 154 136 41 118 130 17 22 9 89 115 53 149 98 141 104 35
    115 37 145 28 227 252 201 0 235 88 64 100 45 57 127 87 132 203 94
    169 180 232 188 144 10 120 232 253 78 102 81 152 198 59 40 33 206
    121 30 244 174 155 36 252 188 86 46 206 183 252 31 102 88 149 243
    156 163 35 245 183 181 66 171 65 23 161 106 64 19 91 205 236 245 38
    98 186 242 214 210 16 117 55 167 59 50 212 21 13 232 98 16 214 15
    248 171 214 63 94 235 70 36 203 80 212 17 110 88 172 122 182 22 74
    213 165 154 108 89 50 111 123 51 23 8 216 226 233 136 38 223 220 230
    195 227 10 174 118 112 93 215 68 171 243 49 235 212 83 5 99 158 226
    222 210 0 162 63 163 247 117 158 166 103 49 230 183 194 134 4 198 59
    210 92 72 147 113 119 93 62 31 239 120 0 13 81 77 230 25 119 5 112
    158 62 192 227 59 148 60 35 99 60 16 77 2 14 133 48 99 33 214 6 244
    127 176 97 55 125 13 246 84 85 55 75 24 207 110 164 81 153 66 198
    171 95 71 82 76 121 31 196 11 165 160 158 142 192 253 85 86 86 37 10
    157 190 101 184 226 215 41 151 220 13 141 217 130 149 152 39 98 160
    187 27 137 200 221 50 160 113 210 237 198 194 220 211 154 238 74 75
    255 49 139 160 173 204 137 184 142 126 202 17 34 11 191 104 165 39
    99 183 196 93 98 129 105 236 43 189 51 43 114 195 2 205 40 138 163
    198 228 77 118 135 215 211 121 214 96 145 243 106 237 237 86 245 104
    98 113 192 220 5 253 66 72 204 231 194 172 134 187 135 16 151 188 83
    192 92 88 100 166 77 197 59 231 172 228 239 236 5 155 92 205 108 13
    143 185 162 217 127 70 83 173 246 100 208 45 116 170 204 49 89 190
    226 150 60 116 169 212 234 194 166 35 184 235 178 87 216 189 255 2
    192 253 154 81 130 167 87 149 156 43 84 51 183 236 92 250 247 67 251
    113 177 47 170 147 176 242 45 56 22 249 38 191 1 169 189 92 226 18
    96 64 27 213 154 154 229 198 135 194 78 154 127 123 102 228 125 113
    166 143 26 155 162 221 126 236 7 113 240 93 178 148 40 37 247 212
    252 135 15 90 13 235 185 235 232 141 177 226 183 188 126 21 5 71 203
    110 133 206 122 87 226 219 212 254 245 157 203 166 141 56 114 112 43
    74 198 180 19 5 13 20 84 102 114 40 41 15 40 116 136 73 189 161 203
    8 240 205 81 68 147 77 109 132 206 10 178 50 84 195 62 142 45 37 210
    118 117 224 152 48 69 3 202 12 144 241 66 116 116 253 222 108 255
    101 3 173</data></my_img>
<your_img type_id="opencv-matrix">
  <rows>50</rows>
  <cols>100</cols>
  <dt>u</dt>
  <data>
    33 235 217 22 253 80 176 246 34 197 160 238 156 188 25 225 243 134
    188 48 161 233 162 71 70 23 152 114 222 137 162 26 251 242 107 82
    171 156 199 4 133 59 100 231 240 80 76 79 56 94 186 231 14 231 100
    220 85 92 115 238 64 204 217 211 150 134 121 171 73 182 36 238 122
    137 44 186 133 20 220 106 93 122 204 225 3 104 209 129 85 56 26 105
    215 19 157 241 21 88 163 190 43 142 232 140 246 159 130 205 20 143
    36 193 101 192 247 11 70 208 58 51 184 45 172 219 62 154 93 220 17
    49 149 168 96 187 173 168 56 183 89 134 184 225 181 235 188 38 245
    217 245 198 100 222 191 249 134 202 10 80 132 113 231 229 249 192 10
    153 152 247 67 183 188 195 55 52 212 145 218 151 211 161 189 234 12
    66 43 79 184 12 209 150 114 41 35 106 145 144 180 243 135 16 145 203
    10 30 155 210 219 249 137 16 79 222 34 114 125 254 207 62 251 81 251
    10 212 80 51 48 204 83 21 9 140 207 46 8 105 40 90 40 217 142 236 34
    108 212 3 95 84 224 189 57 196 123 250 159 10 223 223 170 210 216
    151 110 121 221 40 124 237 237 67 203 230 70 99 211 212 217 1 174 45
    2 120 75 142 93 87 37 99 131 184 29 114 76 151 229 163 45 89 215 122
    60 226 231 60 65 19 111 81 85 155 215 18 208 180 96 254 243 8 41 103
    221 253 137 120 80 173 252 7 166 59 120 162 167 72 92 93 192 31 89
    156 182 1 139 189 73 128 126 124 12 214 81 202 10 96 166 82 41 254
    74 168 143 108 116 39 94 220 234 114 193 131 201 193 70 194 193 83
    239 219 215 142 160 117 133 7 178 243 151 100 168 129 70 33 244 36
    201 154 92 88 118 109 198 54 136 127 206 117 96 93 248 204 176 252
    172 122 192 73 141 38 83 22 64 194 95 99 242 106 66 205 164 34 223
    213 195 240 131 210 212 238 164 54 111 65 29 221 110 202 192 202 109
    137 77 177 63 125 156 23 69 69 252 246 172 213 132 47 117 103 167 94
    164 188 107 107 114 102 78 132 69 14 231 138 107 243 210 162 154 29
    103 6 188 98 68 55 224 9 84 13 156 241 209 168 127 122 243 106 255
    20 216 38 237 200 6 175 205 114 245 165 9 172 40 233 44 18 68 133
    151 219 156 130 208 233 111 150 252 221 162 176 23 202 26 53 93 77
    37 30 140 22 194 239 65 159 252 181 230 190 242 222 214 48 98 16 73
    7 149 201 170 177 125 20 92 247 237 148 145 20 119 235 120 72 181 87
    3 230 248 129 222 122 118 44 8 244 207 88 179 105 148 220 238 203
    216 195 141 101 205 18 48 2 233 125 19 72 254 34 234 16 148 82 20 39
    216 119 141 37 142 147 236 16 253 5 170 42 152 114 161 12 22 136 102
    138 125 90 75 232 125 120 232 25 245 143 178 137 135 253 15 77 242
    47 107 227 206 7 3 221 218 29 93 38 84 33 38 225 245 125 64 67 88 90
    218 194 89 176 86 202 29 21 112 200 149 30 228 58 103 6 198 37 147
    167 170 162 74 149 70 35 40 12 113 183 52 14 43 194 152 153 219 204
    105 145 171 181 49 191 109 185 73 155 115 228 208 134 88 68 100 67
    80 114 188 252 20 57 155 162 172 25 36 194 31 39 89 26 19 143 128
    230 198 211 147 111 38 117 235 83 48 27 13 102 198 128 55 144 199
    144 167 252 249 22 91 160 246 19 185 81 82 220 252 152 180 216 129
    186 225 233 134 200 212 29 242 60 162 127 158 124 99 70 132 189 186
    111 152 65 83 92 182 233 94 158 220 6 104 17 161 129 110 82 69 105
    242 227 91 66 24 182 96 15 12 216 115 80 159 147 240 202 35 102 161
    160 23 213 53 128 181 88 239 39 90 91 134 199 205 32 115 146 194 30
    29 170 88 4 202 247 54 136 48 196 229 66 37 52 191 195 237 126 156
    132 142 78 87 69 83 108 84 222 167 19 219 168 64 47 218 198 199 162
    73 105 44 235 160 46 68 155 40 243 30 204 148 118 166 30 237 99 184
    230 244 103 228 158 248 44 231 93 19 70 136 252 134 73 40 146 90 60
    222 38 52 97 230 13 58 210 19 20 129 67 211 108 87 178 146 155 226
    55 163 99 226 54 119 74 174 84 30 213 28 134 246 188 10 56 12 167 21
    170 217 113 190 246 110 116 205 42 234 172 100 70 14 225 228 21 17
    42 174 148 123 93 124 16 240 192 116 118 235 232 56 210 165 105 255
    164 107 30 75 219 54 218 7 98 231 121 162 181 70 249 101 20 21 46
    190 19 75 194 50 20 3 184 184 246 164 133 179 86 147 173 77 130 238
    1 105 148 249 160 198 239 218 13 52 147 26 163 141 98 50 77 192 129
    241 246 60 62 184 67 2 189 126 69 233 104 52 111 71 48 89 105 83 166
    118 176 183 20 138 131 190 54 143 149 92 243 19 66 187 218 143 224
    136 140 77 163 124 11 155 141 63 246 94 15 135 62 194 125 36 115 229
    65 111 187 76 254 214 215 178 131 51 125 183 178 12 122 216 167 13
    106 233 155 243 112 23 175 253 27 150 178 207 254 188 171 59 164 10
    182 26 216 251 114 41 225 85 241 105 24 5 52 186 130 129 164 75 218
    212 16 22 186 182 248 57 37 214 140 175 24 248 162 21 247 223 114
    214 119 128 221 71 217 107 146 44 62 129 132 101 44 231 162 60 215
    248 169 142 173 146 205 115 132 64 79 229 71 19 229 19 99 185 191 23
    243 47 38 116 65 56 71 225 192 47 122 215 137 129 151 235 184 202
    145 199 102 247 191 208 37 192 76 53 193 183 68 190 20 5 2 173 35
    206 102 137 218 176 137 121 142 122 186 128 164 204 42 90 174 43 103
    131 115 64 31 177 8 121 222 196 246 243 56 238 197 237 3 109 54 161
    151 9 151 250 66 104 35 214 77 189 211 200 158 77 1 83 4 170 165 211
    53 47 206 18 16 224 58 214 151 87 150 231 53 140 174 184 43 255 139
    25 243 67 12 156 226 94 35 151 102 76 157 182 131 55 160 14 126 81
    169 90 168 238 104 30 63 159 224 244 146 139 68 85 62 139 193 157
    206 45 56 72 64 168 48 51 157 161 191 126 231 214 66 30 200 192 121
    45 40 30 223 42 224 218 79 75 116 239 136 177 168 10 194 235 250 217
    109 168 75 131 196 42 157 9 41 225 224 168 165 74 177 90 127 211 65
    68 60 114 55 158 40 149 41 188 175 112 249 41 11 252 178 66 49 36
    243 130 59 24 107 200 82 180 53 93 144 41 164 215 51 7 145 97 203
    106 157 74 104 55 162 200 40 64 74 128 35 13 21 7 109 190 235 10 232
    188 138 19 199 45 40 178 122 252 49 158 236 19 95 128 77 162 240 83
    22 10 115 159 125 232 239 72 80 253 66 214 109 146 128 28 146 46 237
    223 122 72 122 185 69 241 1 85 204 188 157 160 162 37 106 83 211 75
    147 140 40 249 227 185 56 237 109 124 172 9 140 19 100 203 116 192
    160 229 178 74 34 72 121 104 242 70 49 225 43 5 3 18 59 141 11 168 6
    184 13 3 232 78 34 41 229 216 232 13 190 115 55 247 55 4 43 177 152
    180 120 255 60 75 195 224 27 41 136 196 126 184 147 233 244 45 188
    88 141 89 18 133 176 56 15 197 8 28 28 4 139 251 247 107 34 53 101
    188 148 194 89 58 231 37 141 9 119 10 214 165 23 226 51 39 55 10 22
    207 90 255 145 44 43 116 233 95 231 69 125 32 39 231 200 235 212 125
    88 177 222 231 238 97 245 139 155 2 224 230 117 105 159 249 138 138
    174 144 89 4 116 75 82 124 236 15 66 235 123 139 10 70 17 159 99 122
    56 225 232 62 20 67 141 77 155 20 36 190 204 166 233 233 203 28 219
    135 40 128 188 17 147 162 231 7 101 142 148 183 211 192 78 47 205 98
    61 228 96 203 2 6 197 15 135 8 127 95 147 106 25 47 226 90 142 137
    179 250 251 95 58 253 59 209 70 49 159 61 194 234 101 179 84 171 67
    93 48 84 136 7 149 126 43 249 32 228 74 173 49 33 29 223 68 70 75 71
    195 153 132 49 14 219 96 224 219 142 38 249 72 68 214 6 35 104 102
    113 23 225 251 165 169 207 159 78 62 62 188 3 105 4 44 104 4 36 209
    14 57 153 28 241 63 214 173 164 66 233 124 166 244 151 241 96 65 200
    13 242 134 81 206 152 62 75 73 140 74 159 101 251 23 148 209 137 122
    95 230 27 32 16 150 96 57 23 17 86 60 111 97 12 58 182 242 244 85
    203 128 241 93 104 8 32 2 3 101 104 147 137 27 136 217 145 174 33
    131 71 2 24 168 86 160 124 255 94 59 245 39 197 26 113 127 1 12 229
    113 188 205 45 227 18 120 179 106 198 135 155 122 98 196 107 53 192
    160 26 126 212 197 212 219 127 102 124 97 5 172 236 0 210 77 136 27
    115 193 254 96 19 228 194 108 93 17 139 131 157 94 137 32 189 86 203
    214 76 204 164 110 101 82 80 254 168 107 118 190 4 82 228 22 226 237
    26 208 41 168 27 184 93 189 143 175 28 176 222 123 112 183 183 3 80
    144 221 128 155 251 180 88 226 236 197 214 188 194 51 230 74 222 139
    230 67 113 195 249 65 243 95 144 72 144 151 70 231 35 233 29 106 10
    75 54 222 168 12 129 59 150 20 195 239 230 143 50 105 175 233 183
    202 116 164 150 121 126 64 64 66 255 248 110 38 25 109 155 93 147
    145 220 172 135 237 128 70 27 145 1 241 38 148 57 14 100 190 15 253
    63 235 143 240 185 59 8 65 241 173 125 16 45 156 232 102 211 186 55
    190 159 165 46 10 93 169 27 141 193 175 249 68 102 233 166 76 52 214
    160 182 221 158 48 184 96 179 209 224 223 214 203 183 16 114 242 196
    13 159 191 183 220 222 43 194 245 84 228 218 253 240 36 194 162 222
    34 36 95 124 242 154 245 191 158 218 8 206 95 198 132 80 200 192 181
    205 215 82 154 218 90 11 125 142 249 222 232 26 66 172 43 84 53 12
    156 63 73 250 179 240 201 41 252 68 67 173 134 106 170 88 129 170
    125 186 129 123 47 214 82 133 210 104 158 236 169 144 176 61 172 13
    226 231 45 95 68 179 87 134 105 86 200 131 80 51 89 29 50 117 195 56
    122 246 100 223 98 17 152 157 214 168 235 98 58 231 244 136 241 141
    2 193 8 49 107 87 56 151 180 131 51 75 254 199 198 222 69 18 231 208
    55 32 155 18 63 15 191 203 102 137 15 208 86 105 158 158 242 9 186
    25 117 238 135 43 24 58 150 199 212 235 253 142 90 194 13 236 201
    201 129 25 215 99 121 117 176 23 255 122 234 171 90 58 115 200 224
    204 236 149 55 78 157 220 84 243 149 104 197 1 18 136 118 250 30 182
    218 45 68 155 12 32 75 160 150 136 130 251 89 106 236 112 132 23 11
    102 115 140 86 42 82 226 152 131 223 224 159 43 37 90 86 12 32 207
    118 85 255 196 194 11 230 18 201 63 143 162 116 48 30 32 22 107 181
    16 151 149 149 31 175 33 14 61 200 184 69 202 138 94 155 81 207 175
    188 253 122 163 110 252 172 45 168 104 65 95 252 50 27 203 105 222
    116 98 232 162 3 243 102 145 61 243 130 169 86 200 177 34 133 241
    227 81 245 4 249 48 86 117 230 225 225 64 236 239 53 107 189 254 230
    198 121 104 68 175 250 137 105 4 120 247 92 109 72 195 109 200 114
    164 119 29 214 19 241 112 195 179 84 252 61 48 78 48 254 1 105 11
    150 2 57 202 11 169 52 240 50 40 60 197 153 99 33 51 17 162 192 237
    220 114 82 248 58 113 12 221 112 247 58 169 12 101 51 109 11 224 238
    49 201 25 239 209 98 28 7 174 92 162 104 61 153 135 134 10 214 236
    129 221 30 233 146 245 231 171 119 78 68 145 207 10 18 156 249 48
    235 210 102 156 27 86 85 174 2 6 133 24 184 166 213 219 22 84 233
    147 254 50 57 217 6 225 228 198 191 78 21 75 186 233 40 86 215 72
    144 44 65 107 81 246 128 43 204 153 189 109 214 60 235 227 18 70 137
    28 8 88 184 4 115 154 189 65 111 160 175 2 23 11 159 60 158 111 151
    96 143 110 92 200 96 34 214 81 204 156 22 162 176 155 157 110 217 7
    197 77 125 131 104 67 32 126 183 123 96 90 86 46 224 23 62 42 89 58
    142 112 67 78 252 34 176 158 193 135 81 88 43 221 15 245 108 30 96
    32 47 1 188 120 134 177 168 130 16 116 82 48 60 193 45 99 176 151 9
    23 198 38 87 248 148 55 209 148 101 184 249 153 128 220 119 217 7
    214 102 75 186 1 120 214 109 116 85 206 37 177 215 49 242 93 232 127
    1 207 175 69 70 32 98 59 206 18 62 214 198 250 61 137 165 222 53 114
    168 36 140 24 77 22 184 92 129 125 145 252 208 20 224 85 57 187 232
    150 194 178 203 131 154 211 41 107 86 53 214 194 200 107 248 231 55
    255 135 165 217 90 254 98 221 125 186 3 72 56 254 169 59 44 84 9 144
    250 174 143 77 168 129 222 27 109 240 192 175 67 28 174 186 182 109
    40 142 169 214 164 111 58 189 38 150 175 45 22 63 53 57 4 66 197 53
    180 98 115 175 93 50 94 54 37 196 102 173 116 175 177 213 235 51 125
    69 141 243 5 96 128 137 128 216 141 104 206 92 27 198 143 65 154 253
    4 42 178 211 238 109 148 101 152 146 144 127 72 86 220 62 112 237
    171 8 130 117 71 90 14 246 87 30 26 168 89 119 55 229 42 217 38 60
    59 209 82 107 94 210 228 26 41 253 37 87 252 46 214 64 239 50 97 180
    97 126 149 14 39 133 93 172 55 123 88 44 133 90 65 38 128 170 74 14
    147 241 114 137 209 39 242 186 166 195 147 188 249 180 144 44 148 69
    151 24 144 219 123 241 155 14 188 141 235 155 53 19 29 126 16 174 5
    215 144 169 32 177 56 185 90 128 151 196 255 217 45 92 63 212 225
    109 68 238 174 217 11 147 196 113 40 157 188 205 2 119 179 129 229
    244 55 144 118 171 70 68 25 227 164 32 24 255 179 165 174 110 26 18
    61 150 144 84 30 140 80 90 3 21 184 138 158 95 162 6 127 131 184 43
    30 48 190 121 224 24 60 12 232 140 15 204 62 212 176 180 34 236 14
    140 154 217 98 162 205 227 101 212 118 130 180 255 109 164 49 4 127
    23 154 178 254 56 90 147 192 124 15 184 199 160 152 186 109 188 51
    12 203 118 78 39 109 166 130 205 90 195 22 228 22 236 174 151 7 39
    123 76 86 118 186 10 42 92 208 50 83 34 133 248 117 222 44 61 187
    113 145 197 133 95 1 87 153 251 76 7 130 221 101 73 30 172 109 205
    117 168 197 207 105 137 32 135 255 147 183 175 175 169 159 225 73
    168 53 33 128 84 121 191 158 102 47 53 148 190 32 86 14 106 148 204
    63 192 227 22 140 84 6 159 124 239 164 172 49 116 9 150 249 168 96
    125 5 115 240 117 16 84 12 129 51 240 9 251 202 7 111 153 40 53 127
    124 203 24 40 120 229 135 214 109 81 118 206 254 25 248 65 203 251
    116 214 127 230 25 227 79 47 239 81 205 207 38 1 48 79 88 70 205 193
    33 51 235 173 129 221 94 81 34 33 102 175 185 245 25 144 68 119 23
    157 16 223 79 210 211 217 22 40 61 34 46 203 93 202 116 207 111 130
    95 147 6 44 87 36 248 70 64 90 78 37 23 148 209 115 114 107 112 183
    67 254 78 245 86 43 201 77 5 55 169 189 199 57 140 134 23 26 180 50
    110 18 84 166 109 219 243 22 19 247 27 154 201 171 153 41 34 92 252
    68 66 44 141 96 113 30 160 29 107 104 175 195 210 75 3 249 32 51 217
    235 128 243 32 64 50 53 221 183 83 51 177 110 97 51 99 150 224 160
    69 132 252 220 147 71 218 131 235 177 178 78 210 58 75 119 59 3 186
    63 199 141 177 212 85 121 136 226 165 71 108 162 54 232 54 141 0 17
    189 210 26 209 228 16 128 53 186 63 170 214 142 203 56 32 117 87 194
    164 82 209 139 107 194 188 70 126 104 93 113 32 20 69 61 227 140 24
    95 94 59 65 228 35 190 235 115 16 231 15 139 10 148 164 71 15 206 85
    106 236 43 90 242 240 168 36 50 85 192 57 105 214 95 27 78 117 185
    49 67 38 80 50 254 145 156 121 45 8 223 122 196 130 224 29 0 100 185
    130 125 204 226 133 244 72 118 217 59 38 133 244 122 125 235 192 117
    3 127 217 29 224 9 175 140 30 117 15 130 32 205 6 95 240 225 240 164
    67 73 80 78 162 209 61 244 145 123 178 74 244 160 2 207 75 133 32 69
    197 27 210 100 29 205 173 145 196 58 96 136 34 55 15 180 133 133 227
    66 202 228 119 172 36 236 89 245 126 248 240 255 187 75 112 84 90 22
    226 124 47 95 129 81 113 214 135 164 254 149 20 130 190 106 221 163
    30 204 211 217 118 165 126 84 190 53 52 34 146 47 132 34 217 93 168
    189 113 47 190 246 34 158 127 12 141 169 198 160 241 223 37 121 193
    53 76 145 172 108 189 205 194 144 166 53 17 32 189 217 165 120 255
    52 74 166 98 57 36 185 195 51 250 237 191 93 80 102 63 213 42 20 164
    225 219 63 85 185 195 1 186 238 40 244 167 76 103 79 82 175 138 158
    154 74 101 181 82 19 114 103 148 129 2 9 152 107 241 249 145 164 46
    227 0 68 133 211 203 23 206 100 111 232 82 243 26 158 49 174 185 203
    110 2 254 178 142 244 124 39 169 219 248 73 139 195 140 13 22 202 14
    6 45 31 72 13 131 114 210 178 52 74 159 129 239 39 31 250 145 100 44
    171 200 29 219 4 99 229 72 167 133 183 160 25 18 164 50 203 244 104
    181 110 140 212 195 115 158 152 167 154 14 112 181 233 120 113 214 4
    79 121 107 45 168 58 62 189 25 159 128 208 83 6 55 249 175 146 53
    196 235 106 141 244 95 137 248 243 179 167 91 104 159 243 16 31 154
    162 51 38 55 5 236 199 39 244 208 202 0 196 11 90 105 76 238 17 182
    72 4 184 182 131 118 30 203 61 204 113 122 69 95 104 234 237 246 162
    69 236 114 125 253 121 222 242 149 255 198 28 181 67 203 61 198 139
    146 34 65 62 109 119 98 24 221 84 57 64 254 52 23 192 22 189 47 211
    56 240 172 72 209 147 57 226 141 32 82 57 101 151 222 117 222 185
    174 0 183 238 162 216 120 135 96 128 217 45 196 192 34 2 73 98 153 2
    249 67 9 85 177 46 114 220 240 77 137 12 254 13 86 26 17 228 111 220
    149 94 74 147 147 74 233 247 167 70 245 55 23 186 103 37 91 161 240
    220 211 61 119 177 63 212 189 128 91 28 23 96 177 18 27 80 63 92 6 8
    57 7 27 207 66 121 168 145 89 185 140 103 194 238 82 217 211 80 186
    165 6 232 51 165 128 233 240 16 118 207 104 234 167 80 202 30 251 78
    128 245 163 196 46 235 110 205 12 128 73 26 19 246 141 93 12 172 223
    157 251 12 242 251 152 88 86 101 141 28 91 91 202 97 145 206 80 210
    203 99 141 35 75 194 4 20 40 94 65 58 179 182 56 141 212 27 105 9
    221 250 251 197 25 107 94 11 155 250 62 72 113 3 139 12 163 187 160
    214 195 35 30 172 250 168 31 230 106 24 3 168 168 152 205 83 250 135
    85 188 171 233 182 102 81 191 56 159 72 109 189 26 183 130 199 139
    250 0 79 42 146 154 136 41 118 130 17 22 9 89 115 53 149 98 141 104
    35 115 37 145 28 227 252 201 0 235 88 64 100 45 57 127 87 132 203 94
    169 180 232 188 144 10 120 232 253 78 102 81 152 198 59 40 33 206
    121 30 244 174 155 36 252 188 86 46 206 183 252 31 102 88 149 243
    156 163 35 245 183 181 66 171 65 23 161 106 64 19 91 205 236 245 38
    98 186 242 214 210 16 117 55 167 59 50 212 21 13 232 98 16 214 15
    248 171 214 63 94 235 70 36 203 80 212 17 110 88 172 122 182 22 74
    213 165 154 108 89 50 111 123 51 23 8 216 226 233 136 38 223 220 230
    195 227 10 174 118 112 93 215 68 171 243 49 235 212 83 5 99 158 226
    222 210 0 162 63 163 247 117 158 166 103 49 230 183 194 134 4 198 59
    210 92 72 147 113 119 93 62 31 239 120 0 13 81 77 230 25 119 5 112
    158 62 192 227 59 148 60 35 99 60 16 77 2 14 133 48 99 33 214 6 244
    127 176 97 55 125 13 246 84 85 55 75 24 207 110 164 81 153 66 198
    171 95 71 82 76 121 31 196 11 165 160 158 142 192 253 85 86 86 37 10
    157 190 101 184 226 215 41 151 220 13 141 217 130 149 152 39 98 160
    187 27 137 200 221 50 160 113 210 237 198 194 220 211 154 238 74 75
    255 49 139 160 173 204 137 184 142 126 202 17 34 11 191 104 165 39
    99 183 196 93 98 129 105 236 43 189 51 43 114 195 2 205 40 138 163
    198 228 77 118 135 215 211 121 214 96 145 243 106 237 237 86 245 104
    98 113 192 220 5 253 66 72 204 231 194 172 134 187 135 16 151 188 83
    192 92 88 100 166 77 197 59 231 172 228 239 236 5 155 92 205 108 13
    143 185 162 217 127 70 83 173 246 100 208 45 116 170 204 49 89 190
    226 150 60 116 169 212 234 194 166 35 184 235 178 87 216 189 255 2
    192 253 154 81 130 167 87 149 156 43 84 51 183 236 92 250 247 67 251
    113 177 47 170 147 176 242 45 56 22 249 38 191 1 169 189 92 226 18
    96 64 27 213 154 154 229 198 135 194 78 154 127 123 102 228 125 113
    166 143 26 155 162 221 126 236 7 113 240 93 178 148 40 37 247 212
    252 135 15 90 13 235 185 235 232 141 177 226 183 188 126 21 5 71 203
    110 133 206 122 87 226 219 212 254 245 157 203 166 141 56 114 112 43
    74 198 180 19 5 13 20 84 102 114 40 41 15 40 116 136 73 189 161 203
    8 240 205 81 68 147 77 109 132 206 10 178 50 84 195 62 142 45 37 210
    118 117 224 152 48 69 3 202 12 144 241 66 116 116 253 222 108 255
    101 3 173</data></your_img>
</opencv_storage>
