<?xml version="1.0"?>
<opencv_storage>
<L2_diff>8.6145226217127089e+01</L2_diff>
<test_hist type_id="opencv-matrix">
  <rows>256</rows>
  <cols>1</cols>
  <dt>f</dt>
  <data>
    9.22225830e+02 2.07105957e+02 5.65892456e+02 6.96522522e+01
    4.24345032e+02 5.12321777e+01 8.79113770e+00 5.98501526e+02
    6.53654480e+02 5.89436401e+02 8.07440796e+02 3.38184814e+01
    2.07328278e+02 5.75971375e+01 2.74555664e+01 7.28881531e+02
    5.09747711e+02 3.07322754e+02 9.71922974e+02 8.78956055e+02
    7.38435547e+02 2.39652313e+02 1.06552734e+01 6.56815308e+02
    3.00771362e+02 7.98381348e+02 1.11652954e+02 3.62496338e+02
    1.88147583e+01 5.00357880e+02 7.74734436e+02 9.62029175e+02
    8.97351440e+02 5.67925659e+02 7.03151123e+02 3.50253967e+02
    1.12167999e+02 3.04094543e+02 4.48154846e+02 1.78706696e+02
    4.51971924e+02 2.84137146e+02 6.03863403e+02 8.53325806e+01
    3.65209778e+02 7.76735229e+02 4.60753723e+02 5.85656616e+02
    1.80086212e+02 2.48834167e+02 5.68922241e+02 8.77225159e+02
    1.47026428e+02 1.55195801e+02 2.42334015e+02 1.09003052e+02
    9.84734375e+02 1.12052246e+02 6.41882935e+02 9.58980469e+02
    3.56555176e+02 9.90499023e+02 7.01326538e+02 8.14811707e+01
    4.91776398e+02 2.24012878e+02 1.18772919e+02 8.43084656e+02
    9.49927856e+02 6.28258789e+02 4.17151184e+01 8.78652344e+02
    3.50327820e+02 8.86550049e+02 8.62051453e+02 9.18655762e+02
    6.79345703e+02 5.57721863e+01 8.93033691e+02 3.95339844e+02
    1.06624481e+02 2.96337891e+01 4.97909180e+02 3.42891663e+02
    3.91005615e+02 6.42012939e+01 1.65593140e+02 3.11900024e+01
    9.39375122e+02 2.48308685e+02 4.50786621e+02 3.88425873e+02
    5.77620544e+02 8.11353699e+02 9.74208130e+02 9.27120728e+02
    4.91983063e+02 9.61176758e+01 4.65088013e+02 9.27797485e+02
    6.72466858e+02 7.70258179e+01 9.34357300e+01 6.52617432e+02
    4.75768829e+02 4.60644409e+02 1.25062988e+02 4.30285431e+02
    5.55723206e+02 9.98434448e+02 2.68829346e+02 9.65544434e+01
    4.57625244e+02 3.37788696e+02 2.36150513e+02 9.49506714e+02
    2.47694702e+02 6.40260437e+02 5.49871033e+02 3.01497894e+02
    1.78906403e+02 7.89064087e+02 3.39962158e+02 5.62824219e+02
    1.47461426e+02 6.61382751e+02 8.81173828e+02 1.12904358e+02
    3.34341003e+02 6.28580994e+02 8.73414551e+02 1.13537872e+02
    3.30645935e+02 2.49539917e+02 6.34274048e+02 4.39067749e+02
    4.82748596e+02 3.44196625e+02 4.36762024e+02 4.89554382e+02
    4.65726898e+02 7.49010071e+02 7.42151123e+02 8.47095093e+02
    7.67026123e+02 2.17322296e+02 3.06279846e+02 5.55571777e+02
    9.89181519e+02 1.43650452e+02 5.59759583e+02 6.20304443e+02
    9.79250732e+02 6.10526062e+02 3.19066040e+02 4.08055603e+02
    7.82125122e+02 7.39814270e+02 8.27333252e+02 7.74208557e+02
    8.71798096e+02 6.37374756e+02 8.53844482e+02 6.83627625e+01
    3.82468231e+02 7.70529480e+01 8.64819336e+02 5.92784424e+02
    7.66800842e+01 6.00527649e+02 4.31967682e+02 6.60281128e+02
    7.21581116e+01 8.05048340e+02 4.22739258e+01 1.68288361e+02
    7.88663208e+02 1.21027832e+02 2.01667847e+02 7.83449585e+02
    9.37030151e+02 9.73750610e+02 2.26634125e+02 7.82961548e+02
    7.23191345e+02 5.40092529e+02 7.28886719e+02 3.06230347e+02
    3.24203979e+02 9.37610229e+02 7.69708008e+02 8.02017273e+02
    6.56364258e+02 9.54193726e+02 6.19459106e+02 5.85179932e+02
    5.27030945e+01 8.59599304e+02 3.07305603e+02 1.61764526e+00
    8.85292236e+02 8.29772095e+02 2.52519424e+02 4.25616608e+02
    6.61856934e+02 1.52575073e+02 7.11975342e+02 7.53842163e+02
    2.20026154e+02 4.91762726e+02 2.59141785e+02 3.68739929e+02
    1.44768585e+02 3.57711334e+02 2.67685364e+02 9.20573486e+02
    4.30707153e+02 9.22302917e+02 8.98155823e+01 5.75355835e+01
    9.57210327e+02 2.35921600e+02 1.39441071e+02 5.33291321e+02
    6.17434265e+02 3.02857727e+02 6.51215454e+02 9.74419312e+02
    8.01310791e+02 9.05035400e+02 9.27182007e+00 7.82456909e+02
    5.57306030e+02 5.53722412e+02 6.73525269e+02 4.36330750e+02
    1.11763428e+02 8.55698242e+02 8.11300354e+01 5.73987244e+02
    8.04534912e+02 5.70215027e+02 7.85449280e+02 9.99067993e+01
    7.90729370e+02 7.60718994e+02 1.70936981e+02 9.70783325e+02
    2.36041870e+01 7.99886353e+02 7.13521729e+02 3.01422729e+01
    1.13857117e+01 9.10404480e+02 7.01917664e+02 7.17580261e+02</data></test_hist>
<my_lkt type_id="opencv-matrix">
  <rows>256</rows>
  <cols>1</cols>
  <dt>u</dt>
  <data>
    2 2 4 4 5 5 5 6 8 9 11 11 11 11 11 13 14 15 17 19 20 21 21 22 23 25
    25 26 26 27 28 30 32 34 35 36 36 37 38 38 39 40 41 41 42 44 45 46 46
    47 48 50 50 51 51 51 53 54 55 57 58 60 62 62 63 63 64 65 67 69 69 71
    72 73 75 77 79 79 81 82 82 82 83 84 85 85 85 85 87 88 89 90 91 93 95
    97 98 98 99 101 102 103 103 104 105 106 106 107 109 111 111 111 112
    113 114 116 116 118 119 120 120 122 122 124 124 125 127 127 128 130
    131 132 132 133 134 135 136 137 138 139 140 141 142 144 145 146 146
    147 149 149 151 152 154 155 155 156 157 159 160 162 163 165 166 166
    167 167 169 170 170 171 172 173 173 175 175 175 177 177 177 179 181
    182 183 184 186 187 188 189 189 191 192 194 195 197 198 199 199 201
    201 201 203 205 205 206 207 207 209 210 210 211 212 213 213 213 214
    216 216 218 218 218 220 221 221 222 223 224 225 227 228 230 230 231
    232 233 235 235 236 237 237 238 240 241 243 243 244 246 246 248 248
    249 251 251 251 252 254 255</data></my_lkt>
<your_lkt type_id="opencv-matrix">
  <rows>256</rows>
  <cols>1</cols>
  <dt>u</dt>
  <data>
    2 2 3 4 4 5 5 6 7 8 10 10 10 10 11 12 13 14 16 17 19 19 19 21 21 23
    23 24 24 25 26 28 30 31 33 33 34 34 35 35 36 37 38 38 39 41 42 43 43
    44 45 47 47 47 48 48 50 50 51 53 54 56 57 58 59 59 59 61 63 64 64 66
    67 68 70 72 73 73 75 76 76 76 77 78 79 79 79 79 81 82 83 83 85 86 88
    90 91 91 92 94 95 96 96 97 98 99 99 100 101 103 104 104 105 105 106
    108 108 110 111 111 112 113 114 115 115 117 119 119 119 121 122 123
    123 124 125 126 127 128 129 130 130 132 133 135 137 137 138 139 141
    141 142 144 145 147 147 148 150 151 153 154 156 157 159 159 160 160
    162 163 163 165 165 167 167 169 169 169 171 171 171 173 175 177 177
    179 180 181 183 183 184 186 187 189 190 192 193 195 195 196 197 197
    199 201 201 202 203 204 205 206 207 208 208 209 209 210 211 213 213
    215 215 216 217 218 218 219 221 221 222 224 226 228 228 229 231 232
    233 234 234 236 236 237 239 240 242 242 243 245 245 247 247 249 250
    250 250 252 254 255</data></your_lkt>
</opencv_storage>
