<?xml version="1.0"?>
<opencv_storage>
<L2_diff>1.8729148405626991e+03</L2_diff>
<test_hist type_id="opencv-matrix">
  <rows>256</rows>
  <cols>1</cols>
  <dt>f</dt>
  <data>
    7.60536499e+02 9.42348206e+02 5.24234863e+02 6.19225830e+02
    4.77464905e+01 1.94776642e+02 8.63556519e+02 1.00312195e+01
    4.44153992e+02 4.18876495e+02 3.72615234e+02 7.40234924e+02
    8.11424805e+02 3.45597260e+02 8.28905090e+02 6.50049316e+02
    9.14348145e+02 7.93652954e+02 6.03702087e+02 5.26090637e+02
    1.06059387e+02 4.02429138e+02 9.88958008e+02 6.54879944e+02
    7.27508728e+02 7.34165344e+02 8.09737061e+02 1.85768860e+02
    2.09108582e+02 6.43131775e+02 4.47053986e+02 8.53414734e+02
    8.66650269e+02 4.55347534e+02 2.61804321e+02 8.43926880e+02
    7.17184814e+02 9.83005981e+01 1.47444092e+02 3.70528473e+02
    4.33480560e+02 6.90252747e+02 8.16712097e+02 7.06650696e+02
    7.40031494e+02 6.02014221e+02 5.56402283e+02 4.31838074e+02
    2.01160889e+02 8.07594971e+02 2.43634796e+02 7.54118958e+01
    2.74581970e+02 8.11051270e+02 9.31569824e+01 4.39790253e+02
    2.97381287e+01 5.56306946e+02 1.36912323e+02 9.28068542e+02
    2.12674744e+02 4.14660645e+02 7.91718445e+01 9.76031860e+02
    4.96435150e+02 4.75009491e+02 9.44389648e+02 5.18919373e+01
    3.39967102e+02 1.85204803e+02 2.78241577e+01 5.28931641e+02
    7.85072021e+02 5.75702026e+02 8.07487549e+02 1.46132690e+02
    3.74904907e+02 5.19346680e+02 9.87026855e+02 7.99994019e+02
    6.49991028e+02 2.43463165e+02 8.53232178e+02 7.38402344e+02
    4.81773682e+02 5.35094849e+02 3.46531097e+02 7.89951538e+02
    7.90023987e+02 8.20404053e-01 2.71573059e+02 9.11236206e+02
    2.46571091e+02 6.36534729e+02 2.06367493e+01 2.78819031e+02
    7.32682251e+02 9.26115723e+02 7.80773987e+02 1.10857422e+02
    7.16024109e+02 4.11863098e+02 1.96573090e+02 7.52439148e+02
    8.62408447e+02 4.88111481e+02 7.95561462e+02 8.33164673e+02
    5.02394531e+02 2.53728851e+02 6.21911438e+02 3.93602051e+02
    1.24403076e+01 6.53667114e+02 8.49825439e+02 2.09770630e+02
    1.62225037e+02 5.73492188e+02 5.49538147e+02 1.54375122e+02
    3.01315369e+02 8.10009766e+02 4.10004364e+02 7.92083130e+02
    1.24334198e+02 9.78931091e+02 1.39303711e+02 1.94581818e+02
    7.14739258e+02 8.74799927e+02 5.55867676e+02 5.32409607e+02
    2.65558350e+02 9.41366943e+02 5.39320068e+02 7.95725769e+02
    7.39022461e+02 6.27204407e+02 9.49610962e+02 7.78172791e+02
    3.13796600e+02 2.58893097e+02 9.73593384e+02 7.22246460e+02
    2.96015930e+02 7.76914062e+01 2.43842468e+02 9.06189697e+02
    9.22909790e+02 4.18395386e+02 8.07412109e+01 6.88286438e+02
    3.85839905e+02 9.48324585e+02 8.89158630e+02 3.26857422e+02
    1.13655396e+01 7.78197327e+02 7.77264282e+02 3.67330444e+02
    5.63516663e+02 9.14279785e+01 9.77053345e+02 2.57044250e+02
    6.44847595e+02 7.22325928e+02 5.48117188e+02 3.06127869e+02
    3.63222229e+02 4.80780640e+02 7.36090027e+02 5.60487366e+02
    9.04346375e+02 8.58679932e+02 8.92463867e+02 6.17550537e+02
    9.41757812e+02 9.43894897e+02 4.21619263e+01 2.93457642e+02
    4.49973694e+02 2.58561340e+02 2.85890808e+01 9.91462891e+02
    3.45305725e+02 9.66265991e+02 3.72885132e+01 5.14773132e+02
    7.53164368e+01 1.80520782e+02 2.20114410e+02 6.67705139e+02
    2.96602570e+02 4.07120575e+02 4.89053650e+02 3.68895752e+02
    6.09770935e+02 6.69799683e+02 6.11164673e+02 5.26818481e+02
    8.62471497e+02 1.87231140e+01 1.67418762e+02 3.62786682e+02
    5.18739868e+02 2.16058655e+01 8.24993530e+02 8.63617188e+02
    2.24770081e+02 9.90274414e+02 2.68248169e+02 2.37706757e+02
    6.33087708e+02 9.17317505e+02 7.15807861e+02 4.85400757e+02
    7.27456360e+01 8.22705566e+02 9.57972168e+02 9.20488403e+02
    5.22201904e+02 4.73545868e+02 7.53547729e+02 4.86505585e+02
    4.72733093e+02 7.71957886e+02 2.10683197e+02 8.29234802e+02
    8.42595398e+02 2.27641296e+01 5.67125854e+02 2.76961853e+02
    3.54800171e+02 5.44346497e+02 5.98297546e+02 6.85097229e+02
    2.92805664e+02 5.22714233e+02 7.00451477e+02 2.98427338e+02
    8.31960327e+02 9.73598633e+02 9.13111328e+02 4.57106018e+02
    3.93503845e+02 3.44731689e+02 7.34604126e+02 3.63538910e+02
    8.83559265e+01 1.59270599e+02 6.34379456e+02 3.90993011e+02
    8.88231140e+02 3.80898010e+02 9.66196960e+02 9.83862122e+02</data></test_hist>
<my_lkt type_id="opencv-matrix">
  <rows>256</rows>
  <cols>1</cols>
  <dt>u</dt>
  <data>
    1 3 4 5 6 6 8 8 8 9 10 11 13 14 15 17 18 20 21 22 22 23 25 26 28 29
    31 31 31 33 33 35 37 38 38 40 41 41 42 42 43 44 46 47 49 50 51 52 52
    54 54 54 55 56 57 58 58 59 59 61 61 62 62 64 65 66 68 68 68 69 69 70
    71 72 74 74 75 76 78 79 81 81 83 84 85 86 87 88 90 90 90 92 93 94 94
    94 96 98 99 99 101 102 102 103 105 106 108 109 110 111 112 113 113
    114 115 116 116 117 118 119 119 121 122 123 123 125 125 126 127 129
    130 131 131 133 134 136 137 138 140 141 142 142 144 146 146 146 147
    148 150 151 151 152 153 155 156 157 157 158 160 161 162 162 164 164
    165 167 168 168 169 170 171 172 174 175 177 178 180 182 182 182 183
    184 184 186 186 188 188 189 189 189 190 191 192 192 193 194 195 196
    197 198 200 200 200 201 202 202 204 205 206 207 208 208 209 211 213
    213 214 215 217 219 220 220 222 223 224 225 225 227 228 228 230 230
    231 232 233 234 235 236 237 237 239 241 242 243 244 245 246 247 247
    247 248 249 251 251 253 255</data></my_lkt>
<your_lkt type_id="opencv-matrix">
  <rows>256</rows>
  <cols>1</cols>
  <dt>u</dt>
  <data>
    2 5 6 8 8 8 11 11 12 13 14 16 18 19 21 23 25 27 29 30 31 32 34 36 38
    40 42 43 43 45 46 48 51 52 53 55 57 57 57 58 60 61 64 65 67 69 71 72
    72 74 75 75 76 78 78 80 80 81 81 84 84 86 86 88 90 91 93 94 95 95 95
    96 99 100 102 103 104 105 108 110 112 112 114 116 118 119 120 122
    124 124 125 127 128 130 130 131 133 135 137 137 139 140 141 143 145
    146 149 151 152 153 154 156 156 157 160 160 161 162 164 164 165 167
    168 170 170 173 173 174 176 178 180 181 182 184 186 188 190 191 194
    196 197 198 200 202 203 203 204 206 209 210 210 212 213 215 218 219
    219 221 223 224 225 225 228 229 230 232 234 235 236 237 239 240 243
    245 247 249 252 254 254 255 0 0 0 0 0 0 84 0 243 0 0 0 0 0 197 0 0
    121 0 0 0 0 0 88 0 0 0 0 0 0 0 0 0 0 0 0 0 0 233 0 0 0 0 0 0 0 0 0 0
    0 0 0 0 158 0 0 0 0 128 0 127 0 0 0 0 0 0 241 0 0 0 0 0 0 0 0</data></your_lkt>
</opencv_storage>
