<?xml version="1.0"?>
<opencv_storage>
<L2_diff>1.8296174463531986e+02</L2_diff>
<r>14</r>
<test_img type_id="opencv-matrix">
  <rows>50</rows>
  <cols>100</cols>
  <dt>u</dt>
  <data>
    65 153 105 178 204 140 37 62 114 221 32 230 34 128 61 222 248 248
    122 206 238 60 160 251 161 172 158 34 25 138 149 30 168 89 248 91
    250 232 95 144 81 36 141 153 81 103 126 136 124 28 186 176 216 80 41
    135 52 190 104 18 207 7 131 235 62 98 238 100 88 16 241 66 83 152 68
    126 76 39 237 154 67 164 155 137 252 109 83 123 131 153 63 203 232 3
    174 175 15 207 126 163 41 247 19 148 166 214 254 170 31 150 104 109
    5 17 150 87 177 1 197 230 55 148 215 106 140 12 14 44 113 237 117 69
    18 126 245 98 158 83 33 135 0 177 123 46 124 168 81 184 188 222 239
    138 247 37 130 211 52 199 71 190 170 87 189 99 230 208 166 25 24 58
    159 28 73 129 119 86 99 158 98 60 249 166 80 181 203 77 142 207 173
    145 108 160 112 215 107 123 72 160 167 166 206 34 239 254 11 173 26
    50 160 204 225 122 214 29 234 170 178 23 130 85 152 225 201 144 253
    202 115 209 31 49 176 142 98 241 157 159 250 87 0 50 58 165 87 135
    236 152 20 56 54 168 67 237 4 75 93 90 141 196 183 215 25 245 131
    204 16 174 70 95 169 117 85 42 123 3 210 188 50 249 222 195 14 70
    124 91 155 167 84 45 230 135 251 65 185 124 240 70 78 108 35 239 127
    238 64 134 29 245 234 251 24 239 74 160 172 156 149 72 204 234 50
    123 165 248 96 47 25 90 4 218 11 220 27 197 32 12 78 27 136 164 192
    250 212 99 25 163 22 152 237 20 235 109 171 14 21 134 84 167 42 16
    140 158 17 48 82 168 33 101 186 65 51 2 188 36 67 167 123 86 58 172
    159 103 48 92 250 177 26 129 186 89 202 179 50 67 146 8 59 129 89
    141 182 173 77 32 3 224 17 230 3 41 100 14 137 11 157 42 77 6 68 2
    81 182 93 179 226 231 75 151 230 166 48 242 213 117 194 187 172 18
    112 203 93 30 0 56 2 24 233 145 48 177 47 230 241 107 176 23 219 156
    40 14 181 151 28 27 127 197 14 217 115 61 127 237 108 237 132 213
    241 27 228 178 188 238 19 91 194 77 215 209 254 235 138 224 106 250
    174 109 209 243 128 29 64 4 31 232 216 36 55 56 253 125 166 183 229
    25 0 223 4 85 118 169 138 46 187 5 111 199 153 100 180 119 1 8 255
    42 51 24 98 178 36 96 111 109 0 224 94 142 226 189 115 202 65 250
    160 223 75 42 98 79 127 249 128 249 205 156 193 90 249 31 153 139 99
    147 161 25 136 242 10 49 198 240 138 174 90 185 210 204 123 220 80
    244 118 8 80 1 159 202 90 82 157 66 78 58 160 169 80 87 153 192 169
    145 238 115 111 72 1 21 2 147 204 28 177 245 179 110 208 91 135 245
    64 197 84 115 190 96 111 194 253 238 91 249 59 55 210 239 235 198
    229 90 51 173 74 237 104 151 151 133 7 59 44 192 240 241 210 108 202
    177 55 152 72 92 43 86 164 23 181 43 208 175 34 194 128 143 234 237
    245 198 105 13 91 168 19 163 132 143 70 156 45 19 225 51 157 51 211
    248 43 158 39 99 235 4 150 183 132 0 191 109 221 218 43 217 152 56
    41 208 197 63 127 18 51 38 248 65 62 17 244 106 4 97 110 30 77 66
    135 7 238 212 97 160 185 64 9 23 160 142 113 59 36 29 78 108 132 201
    210 181 130 104 172 126 131 147 117 247 203 206 182 210 128 193 8
    105 215 83 1 232 164 232 60 227 181 61 175 111 88 173 155 133 141 56
    19 193 111 161 225 253 139 168 201 41 145 199 116 182 188 146 241 6
    0 190 96 158 73 42 253 97 254 208 201 116 25 232 59 121 73 41 128
    174 87 229 127 183 113 247 79 2 14 179 144 18 213 114 149 81 146 161
    170 167 73 192 48 11 59 142 209 246 232 94 143 225 231 139 189 75
    131 137 21 83 153 104 180 155 162 176 183 31 75 223 86 69 133 135
    245 7 183 13 248 183 239 33 191 204 214 154 205 125 123 169 30 158
    18 132 0 96 155 249 218 124 68 246 81 129 167 246 62 179 75 163 88
    82 183 194 226 3 3 162 11 91 14 32 157 216 148 122 68 5 78 223 141
    12 176 135 51 228 248 232 248 199 25 110 35 132 73 157 7 239 89 106
    57 53 50 34 16 148 179 120 197 19 95 58 5 207 226 54 84 148 192 221
    225 150 199 56 170 95 141 87 228 227 105 137 62 181 70 155 105 169
    92 152 39 43 140 200 99 66 130 4 193 82 153 141 167 44 220 44 52 235
    70 52 212 178 6 229 207 157 72 30 148 105 229 127 63 52 148 47 173
    80 133 139 64 104 30 162 112 132 140 70 146 21 122 205 224 229 115
    64 47 192 205 175 252 234 108 129 171 123 159 203 50 133 164 53 200
    116 178 180 22 145 94 195 208 203 112 231 136 98 221 14 14 5 167 17
    60 194 86 36 44 246 98 246 74 173 33 61 11 67 119 173 62 162 146 72
    212 204 240 47 158 1 42 13 104 79 163 102 15 70 114 129 104 40 199
    104 34 141 134 75 5 138 206 12 64 95 233 119 253 185 30 108 250 223
    170 108 85 247 168 10 100 249 138 97 55 189 209 215 174 113 125 193
    53 90 247 108 237 115 56 48 173 200 6 64 156 94 52 73 240 114 28 195
    60 41 156 175 44 175 3 67 9 159 1 113 226 218 195 38 3 128 127 124
    91 126 208 185 27 120 33 156 168 30 150 117 142 63 119 136 174 240
    52 24 130 0 76 186 161 146 161 210 142 190 74 120 216 8 207 219 248
    17 80 136 62 153 66 203 69 72 78 252 44 90 23 135 155 216 70 20 108
    121 173 41 86 41 249 75 205 62 76 247 194 234 98 123 218 73 51 184 4
    145 220 219 149 129 77 37 165 203 2 127 124 21 164 36 243 242 101
    199 220 125 68 140 46 33 217 209 216 42 167 108 51 130 191 122 172
    167 190 182 119 251 165 56 179 201 57 66 93 236 61 49 223 147 238 97
    250 49 34 178 157 0 39 10 225 248 34 102 233 7 212 196 82 149 185
    188 49 175 10 18 65 78 60 34 222 2 28 244 144 220 8 68 188 225 203
    201 132 243 127 169 20 9 87 171 192 2 51 154 0 25 117 19 224 146 197
    199 80 158 130 109 81 252 187 1 11 213 11 190 203 29 61 23 192 47 40
    64 101 19 210 226 233 161 198 245 86 26 170 214 45 145 83 228 46 3
    165 94 86 103 104 184 170 149 251 173 200 99 93 78 6 11 43 36 51 160
    105 225 65 162 179 158 238 156 88 107 22 124 157 62 57 199 165 154
    106 228 67 162 195 205 8 20 97 101 65 88 10 246 14 187 214 174 198
    169 194 101 110 131 135 130 10 115 222 203 143 245 54 123 165 222
    254 204 134 65 37 172 243 10 143 216 188 29 142 135 239 14 81 132
    143 63 53 60 49 18 41 158 226 38 21 60 191 221 217 161 148 228 135
    103 212 75 19 214 54 58 165 64 35 219 216 222 110 42 132 165 42 116
    189 108 78 204 41 106 70 154 72 144 3 224 171 228 65 248 254 250 80
    245 180 85 121 171 4 38 17 4 98 8 163 171 115 216 171 196 34 93 40
    118 100 245 172 211 198 157 215 221 233 178 109 125 213 230 239 232
    41 183 175 127 96 23 171 157 212 224 42 143 7 141 175 121 4 52 243
    171 14 198 153 231 79 84 201 119 101 40 127 177 130 85 154 88 44 191
    53 204 208 238 198 196 141 101 86 169 241 238 41 91 145 40 143 176
    186 218 93 14 26 224 60 138 144 73 95 85 47 195 168 79 148 63 109 67
    55 238 133 52 182 26 70 1 41 45 202 62 57 217 175 121 5 239 201 171
    251 192 141 237 130 195 133 101 209 13 47 165 194 21 16 231 114 91
    247 41 226 115 37 29 135 241 150 60 7 36 201 17 215 87 68 91 174 213
    203 245 4 113 235 235 105 73 61 226 204 248 101 55 178 255 201 78
    129 83 76 196 239 87 108 0 245 103 104 212 149 222 251 153 101 13
    143 87 33 181 241 118 88 25 132 254 103 160 245 246 140 22 200 218
    217 30 120 8 52 33 46 108 193 222 166 164 232 207 15 41 159 67 199
    65 102 157 225 116 250 234 145 156 252 92 111 0 246 53 39 175 67 59
    92 153 77 148 219 207 114 228 151 180 146 49 229 60 66 66 45 85 144
    56 175 77 231 212 192 137 254 160 11 108 235 109 205 235 205 48 35
    197 69 148 91 206 230 96 16 142 254 138 210 82 201 178 62 118 91 47
    94 229 237 14 13 164 12 69 7 152 156 155 5 253 150 23 54 12 224 2
    130 120 163 41 40 189 196 114 164 135 14 6 120 186 172 139 2 68 67
    106 67 88 221 93 42 213 79 75 238 60 233 80 149 103 70 51 140 166
    239 94 250 139 241 48 208 208 38 81 27 182 234 64 74 64 238 148 46
    148 84 181 83 66 89 98 194 133 102 198 216 17 216 159 0 172 227 49
    77 157 105 237 246 212 72 156 213 140 246 227 3 32 16 216 106 179
    206 82 182 30 16 212 210 83 152 179 246 155 175 202 199 66 222 51
    126 223 6 246 96 157 0 135 33 217 21 44 33 68 219 21 17 129 200 140
    20 113 31 90 159 63 102 106 92 191 30 186 141 115 5 200 117 233 20
    168 60 44 219 52 174 206 108 120 9 198 64 104 240 112 27 8 127 201
    231 157 66 147 23 116 232 234 59 109 111 122 218 111 232 204 31 239
    181 17 11 61 233 179 180 69 153 248 42 212 179 49 16 145 122 83 165
    94 5 12 111 233 93 255 254 56 234 80 247 168 84 203 206 14 230 217
    58 154 148 116 134 70 5 253 80 102 129 136 161 177 170 2 16 91 90 80
    190 195 68 0 246 140 15 36 67 82 235 108 243 29 118 139 59 20 158 80
    87 144 193 241 22 98 247 103 218 182 113 24 164 215 158 130 252 14
    169 144 94 66 20 86 194 137 222 35 41 88 46 160 178 195 198 186 187
    9 148 93 15 127 175 41 166 88 109 166 227 253 211 146 10 215 182 187
    81 253 36 52 26 211 94 220 177 11 78 157 2 85 211 129 120 166 41 64
    70 200 109 82 19 33 47 4 170 102 61 63 230 113 254 46 4 137 233 80
    75 7 170 62 112 143 97 245 134 37 156 89 33 142 137 220 188 196 90
    24 52 64 192 109 97 148 192 230 193 185 51 99 242 150 29 111 131 39
    72 190 157 97 22 99 200 138 199 92 56 251 196 17 162 191 152 75 12
    92 44 48 243 237 150 153 55 43 110 131 57 51 125 60 13 80 45 26 88
    107 149 17 68 154 99 60 56 109 85 200 129 93 234 55 95 230 83 142
    154 159 247 240 229 78 79 45 185 48 162 156 180 126 164 56 190 118
    156 249 143 126 183 193 176 159 90 38 149 6 117 19 169 42 250 31 78
    53 186 72 79 131 23 167 175 19 170 189 120 152 90 48 253 21 244 105
    151 111 48 56 66 114 243 17 87 210 108 29 241 36 105 88 88 89 60 201
    77 69 76 197 67 198 222 156 218 100 47 185 24 230 158 41 242 8 172
    166 144 44 24 214 27 91 61 207 0 110 226 53 137 12 89 134 124 42 75
    177 224 36 41 21 255 199 234 123 255 133 201 246 108 249 155 12 25
    215 112 192 222 74 248 90 68 189 229 201 123 191 29 135 205 152 67
    211 25 133 52 26 95 169 138 27 183 184 180 130 1 34 60 214 5 39 126
    116 209 193 254 151 20 115 77 16 10 169 215 219 61 137 16 86 67 78
    234 116 239 75 93 171 11 83 51 111 63 79 0 239 143 182 254 104 229
    232 128 247 26 104 69 19 28 73 96 86 123 177 156 204 189 41 201 191
    9 46 237 108 125 164 66 192 253 128 154 68 3 11 158 254 163 64 178
    240 110 181 250 28 231 231 110 53 178 112 246 239 146 232 211 12 92
    179 215 7 3 12 222 8 253 135 169 27 152 116 18 60 25 107 10 136 181
    154 58 37 4 209 148 12 219 179 186 126 135 255 240 157 123 111 88
    131 194 126 254 132 39 43 18 62 103 61 246 90 80 51 231 231 101 2
    197 240 68 140 91 231 155 62 8 191 249 91 7 23 80 44 97 82 242 127
    243 73 42 30 110 74 31 159 3 226 83 79 123 179 184 170 22 123 209
    184 59 132 191 122 153 173 91 65 178 223 101 105 249 145 171 63 71
    200 162 96 10 65 6 9 219 7 145 212 151 74 89 131 111 112 159 26 99
    87 101 101 83 191 238 169 16 218 16 215 119 17 182 185 63 71 180 14
    9 130 47 143 109 216 157 189 80 21 137 216 253 161 40 239 9 149 120
    213 205 225 121 69 166 196 137 209 26 39 167 238 124 237 61 145 48
    64 51 24 95 6 123 156 222 160 29 97 168 15 190 126 68 84 255 107 161
    23 51 13 138 70 123 119 246 226 218 111 129 1 185 162 12 176 5 170
    104 8 13 104 201 39 58 145 117 172 5 17 156 71 137 49 37 214 243 213
    195 237 122 98 217 227 53 157 41 74 30 165 105 226 102 186 71 173
    136 33 139 12 148 75 231 243 91 19 217 254 12 104 224 190 60 25 22
    111 54 216 123 241 248 61 118 68 11 24 201 208 12 177 63 193 5 16 95
    42 38 28 137 239 202 96 174 71 146 8 60 166 29 121 25 135 133 67 43
    168 15 51 138 69 180 88 233 228 104 44 38 166 250 175 60 204 117 172
    16 146 255 87 48 182 164 94 80 13 9 16 197 116 247 66 6 124 218 243
    40 120 233 154 209 50 230 148 244 86 76 102 4 161 11 219 193 30 232
    240 32 87 222 138 94 75 221 194 132 18 150 83 4 102 120 120 93 156
    49 144 178 137 29 217 108 250 8 198 224 235 79 72 44 146 128 135 222
    13 128 226 86 127 101 91 239 93 3 84 8 13 231 147 164 170 128 103 28
    138 204 58 28 127 168 230 248 127 165 204 134 63 168 156 27 77 144
    103 155 59 3 147 84 180 191 53 178 15 117 139 158 120 145 56 35 191
    113 189 230 238 211 139 110 96 249 189 251 60 178 174 22 18 137 162
    98 35 43 200 246 79 25 195 241 155 142 40 150 30 96 81 183 101 211
    87 234 1 138 205 173 26 226 227 23 136 9 71 140 172 164 24 35 180
    127 0 149 51 41 188 242 120 181 82 91 208 224 82 97 156 244 235 5
    238 68 148 43 159 199 194 150 85 182 49 137 246 3 145 94 142 106 198
    148 168 249 154 175 44 198 54 139 166 94 228 173 205 108 95 189 44
    209 224 83 222 132 35 9 22 154 189 43 218 50 69 76 94 204 110 155
    120 65 116 144 17 201 29 141 149 209 46 135 135 154 99 215 32 18 246
    64 202 231 92 249 35 163 248 164 63 167 57 152 131 156 104 14 56 81
    119 4 33 189 210 155 15 216 210 28 243 249 149 244 214 32 69 148 7
    228 61 216 117 75 26 215 92 177 177 77 98 61 194 86 111 172 200 215
    42 80 248 83 141 52 73 138 195 236 78 142 10 209 186 198 59 186 152
    173 171 70 55 149 214 211 232 232 38 135 96 37 27 50 62 190 50 42
    178 28 102 87 16 144 207 143 93 96 130 43 233 105 179 120 95 81 127
    11 41 156 221 50 54 36 73 225 154 147 121 128 64 245 48 102 29 235
    22 196 77 33 13 221 70 213 125 62 191 218 249 60 55 200 244 26 35 60
    167 127 254 176 138 119 184 193 40 104 7 174 181 52 68 199 31 82 89
    34 38 156 27 225 79 212 31 215 60 84 20 88 20 152 190 248 118 45 151
    142 18 163 188 121 29 23 34 208 160 0 117 142 141 117 4 193 5 189
    121 83 216 109 65 110 206 108 35 53 55 153 18 136 212 186 10 178 237
    253 202 248 196 12 26 250 218 139 114 205 13 238 187 223 169 41 211
    94 5 112 232 46 53 90 149 125 240 206 63 98 26 173 92 106 51 245 59
    39 164 106 219 222 224 98 55 211 69 58 162 216 211 233 171 46 109
    135 35 19 36 138 215 149 191 121 66 38 76 134 252 194 18 130 154 23
    98 244 216 219 253 247 252 167 18 35 60 88 48 253 61 104 201 142 181
    47 182 43 220 83 146 201 142 171 172 99 199 71 128 54 6 183 101 143
    108 60 20 255 7 43 202 211 120 38 157 202 15 51 236 52 234 51 36 70
    53 113 101 103 104 91 205 188 178 169 58 109 21 39 206 221 232 133
    65 195 119 148 134 130 9 164 76 179 203 148 55 57 17 245 137 174 159
    40 212 41 24 240 96 94 175 139 26 171 203 104 164 54 250 173 211 206
    226 70 15 38 122 113 48 143 235 213 180 149 109 158 121 159 233 151
    3 105 52 88 223 50 181 9 119 214 41 86 71 86 69 164 42 177 25 146
    214 1 38 141 213 228 136 135 15 20 34 109 100 194 53 108 242 76 182
    36 221 118 93 183 61 205 154 202 120 141 61 19 254 15 29 99 144 62
    124 46 157 211 152 34 77 218 132 204 0 236 27 208 75 143 174 199 240
    45 127 3 103 39 110 225 45 113 71 229 63 90 60 226 98 222 24 73 162
    17 121 254 41 135 76 80 237 109 29 173 24 247 217 23 165 78 217 239
    175 240 162 177 74 251 23 159 224 67 149 176 163 230 122 237 43 94
    87 35 59 43 179 229 180 228 129 48 222 252 142 167 246 146 11 81 150
    225 78 193 110 25 211 48 8 208 154 24 202 207 207 245 9 77 11 226
    226 171 208 206 176 7 112 222 192 184 54 48 147 18 137 90 215 133
    119 180 38 148 33 213 95 244 244 67 243 149 32 92 205 244 245 195
    238 55 16 245 201 3 220 233 213 68 42 204 155 26 119 125 32 123 17
    112 224 161 214 233 175 161 200 101 240 208 47 197 194 137 110 127
    10 141 140 79 89 3 17 87 121 103 0 83 215 223 60 105 217 212 86 85 4
    67 40 233 188 105 58 94 96 145 136 76 3 185 141 239 42 163 9 228 108
    57 28 98 225 206 4 94 82 186 179 200 44 237 108 253 23 22 109 198
    130 7 55 157 23 96 118 245 137 226 229 227 136 72 84 51 131 142 206
    15 252 149 49 171 217 83 72 245 52 158 169 13 244 22 117 93 210 244
    190 1 105 88 113 244 240 122 38 221 123 241 37 51 238 8 151 23 92
    207 133 72 138 213 238 210 65 75 50 29 201 172 155 224 109 110 173
    83 217 227 27 245 129 140 191 247 116 21 64 58 162 154 151 166 107
    49 19 89 189 108 189 89 113 252 86 243 22 73 218 19 246 225 44 105
    208 86 237 117 194 89 5 167 181 166 4 17 245 11 40 119 204 238 251
    125 129 132 240 48 29 81 141 250 158 128 123 173 117 16 105 51 174
    124 125 176 124 171 202 220 201 234 228 254 69 232 78 209 23 162 15
    169 78 126 236 156 83 26 56 223 130 21 248 228 190 187 117 245 228
    213 254 63 184 91 206 125 222 116 222 199 250 121 131 34 13 112 165
    39 98 81 118 211 109 41 168 33 6 192 120 239 197 15 23 63 20 18 179
    3 37 103 22 117 117 186 116 122 77 57 0 153 189 106 221 56 36 92 206
    201 76 25 178 115 22 66 35 2 245 68 138 187 24 32 111 30 82 235 132
    5 107 23 227 20 254 108 156 19 147 166 5 57 105 191 212 226 235 172
    119 44 184 229 86 22 92 19 162 109 41 12 31 239 167 124 81 121 116
    188 93 157 71 51 187 155 73 59 55 121 216 116 16 254 91 157 135 192
    22 48 234 206 40 111 219 133 212 233 12 250 192 214 231 47 240 15
    213 82 1 228 0 60 245 52 199 20 226 136 189 115 49 223 26 133 240
    239 167 108 179 44 124 61 204 143 141 61 158 6 247 100 32 189 199
    101 131 17 185 36 221 10 240 154 89 68 147 201 3 254 84 115 142 168
    194 141 40 100 146 75 153 14 195 127 68 68 51 133 58 143 7 48 140
    171 31 189 169 14 155 168 191 111 182 151 13 48 216 165 90 52 88 19
    110 88 169 144 52 59 164 137 86 75 99 97 97 97 166 147 226 158 119
    105 59 88 233 249 118 66 7 69 49 41 94 30 203 174 154 119 193 17 11
    71 53 203 198 216 122 191 72 247 104 234 31 236 32 20 73 240 137 139
    124 126 203 184 140 18 177 177 146 193 189 78 254 142 130 52 155 34
    67 23 6 198 17 190 71 218 78 238 131 67 71 5 45 177 56 48 190 170
    236 5 171 1 203 4 159 238 102 200 163 168 19 104 100 245 109 213 96
    18 186 132 26 54 247 120 245 73 175 84 158 18 11 25 184 155 162 57
    163 42 35 205 136 127 221 58 162 111 93 222 40 41 197 115 186 166 23
    125 114 27 112 176 47 11 90 233 69 231 128 227 247 185 188 96 110
    253 175 171 82 56 194 15 114 233 8 172 232 65 246 28 246 133 6 252
    67 25 175 193 127 158 125 91 117 227 69 236 108 122 52 236 44 193 22
    43 157 226 120 138 138 71 199 46 62 142 176 181 221 42 134 158 43 42
    100 104 141 128 134 114 101 110 229 28 227 6 145 76 116 120 54 201
    131 4 129 59 14 109 36 255 176 100 190 173 49 117 26 169 135 253 228
    205 188 156 49 105 245 163 121 197 80 66 117 216 74 67 104 94 187
    111 53 19 173 15 221 108 148 9 230 67 124 183 173 193 0 200 25 72
    110 14 42 189 73 238 53 10 93 30 168 84 178 236 24 237 125 232 103
    232 10 70 165 119 25 207 94 100 202 125 247 56 174 186 90 245 153
    113 204 99 18 64 126 16 173 58 234 12 71 149 104 46 65 101 207 210
    215 229 65 128 21 60 203 34 81 16 183 145 216 117 34 26 171 142 96
    38 111 142 94 180 39 136 78 87 142 169 57 192 140 59 110 109 72 236
    48 233 246 244 30 87 195 213 155 218 63 82 57 165 119 171 137 184 90
    40 49 141 229 112 159 87 194 140 40 62 21 173 186 4 53 142 171 140
    131 16 83 50 133 84 71 151 26 170 0 84 249 65 231 40 45 80 72 205
    103 177 145 118 232 164 181 48 166 168 240 237 200 207 180 220 119
    131 94 84 210 246 214 80 118 77 87 201 228 235 203 78 83 208 138 160
    110 75 210 236 97 182 34 79 60 255 103 67 47 101 69 22 196 144 197
    100 95 49 136 236 142 2 131 120 102 132 107 117 83 95 93 4 100 13
    205 150 235 186 7 96 244 41 167 247 169 67 236 97 49 66 35</data></test_img>
<my_img type_id="opencv-matrix">
  <rows>50</rows>
  <cols>100</cols>
  <dt>u</dt>
  <data>
    65 153 105 178 204 140 37 62 114 221 32 230 34 128 61 222 248 248
    122 206 238 60 160 251 161 172 158 34 25 138 149 30 168 89 248 91
    250 232 95 144 81 36 141 153 81 103 126 136 124 28 186 176 216 80 41
    135 52 190 104 18 207 7 131 235 62 98 238 100 88 16 241 66 83 152 68
    126 76 39 237 154 67 164 155 137 252 109 83 123 131 153 63 203 232 3
    174 175 15 207 126 163 41 247 19 148 166 214 254 170 31 150 104 109
    5 17 150 87 177 1 197 230 55 148 215 106 140 12 14 44 113 237 117 69
    18 126 245 98 158 83 33 135 0 177 123 46 124 168 81 184 188 222 239
    138 247 37 130 211 52 199 71 190 170 87 189 99 230 208 166 25 24 58
    159 28 73 129 119 86 99 158 98 60 249 166 80 181 203 77 142 207 173
    145 108 160 112 215 107 123 72 160 167 166 206 34 239 254 11 173 26
    50 160 204 225 122 214 29 234 170 178 23 130 85 152 225 201 144 253
    202 115 209 31 49 176 142 98 241 157 159 250 87 0 50 58 165 87 135
    236 152 20 56 54 168 67 237 4 75 93 90 141 196 183 215 25 245 131
    204 16 174 70 95 169 117 85 42 123 3 210 188 50 249 222 195 14 70
    124 91 155 167 84 45 230 135 251 65 185 124 240 70 78 108 35 239 127
    238 64 134 29 245 234 251 24 239 74 160 172 156 149 72 204 234 50
    123 165 248 96 47 25 90 4 218 11 220 27 197 32 12 78 27 136 164 192
    250 212 99 25 163 22 152 237 20 235 109 171 14 21 134 84 167 42 16
    140 158 17 48 82 168 33 101 186 65 51 2 188 36 67 167 123 86 58 172
    159 103 48 92 250 177 26 129 186 89 202 179 50 67 146 8 59 129 89
    141 182 173 77 32 3 224 17 230 3 41 100 14 137 11 157 42 77 6 68 2
    81 182 93 179 226 231 75 151 230 166 48 242 213 117 194 187 172 18
    112 203 93 30 0 56 2 24 233 145 48 177 47 230 241 107 176 23 219 156
    40 14 181 151 28 27 127 197 14 217 115 61 127 237 108 237 132 213
    241 27 228 178 188 238 19 91 194 77 215 209 254 235 138 224 106 250
    174 109 209 243 128 29 64 4 31 232 216 36 55 56 253 125 166 183 229
    25 0 223 4 85 118 169 138 46 187 5 111 199 153 100 180 119 1 8 255
    42 51 24 98 178 36 96 111 109 0 224 94 142 226 189 115 202 65 250
    160 223 75 42 98 79 127 249 128 249 205 156 193 90 249 31 153 139 99
    147 161 25 136 242 10 49 198 240 138 174 90 185 210 204 123 220 80
    244 118 8 80 1 159 202 90 82 157 66 78 58 160 169 80 87 153 192 169
    145 238 115 111 72 1 21 2 147 204 28 177 245 179 110 208 91 135 245
    64 197 84 115 190 96 111 194 253 238 91 249 59 55 210 239 235 198
    229 90 51 173 74 237 104 151 151 133 7 59 44 192 240 241 210 108 202
    177 55 152 72 92 43 86 164 23 181 43 208 175 34 194 128 143 234 237
    245 198 105 13 91 168 19 163 132 143 70 156 45 19 225 51 157 51 211
    248 43 158 39 99 235 4 150 183 132 0 191 109 221 218 43 217 152 56
    41 208 197 63 127 18 51 38 248 65 62 17 244 106 4 97 110 30 77 66
    135 7 238 212 97 160 185 64 9 23 160 142 113 59 36 29 78 108 132 201
    210 181 130 104 172 126 131 147 117 247 203 206 182 210 128 193 8
    105 215 83 1 232 164 232 60 227 181 61 175 111 88 173 155 133 141 56
    19 193 111 161 225 253 139 168 201 41 145 199 116 182 188 146 241 6
    0 190 96 158 73 42 253 97 254 208 201 116 25 232 59 121 73 41 128
    174 87 229 127 183 113 247 79 2 14 179 144 18 213 114 149 81 146 161
    170 167 73 192 48 11 59 142 209 246 232 94 143 225 231 139 189 75
    131 137 21 83 153 104 180 155 162 176 183 31 75 223 86 69 133 135
    245 7 183 13 248 183 239 33 191 204 214 154 205 125 123 169 30 158
    18 132 0 96 155 249 218 124 68 246 81 129 167 246 62 179 75 163 88
    82 183 194 226 3 3 162 11 91 14 32 157 216 148 122 68 5 78 223 141
    12 176 135 51 228 248 232 248 199 25 110 35 132 73 157 7 239 89 106
    57 53 50 34 16 148 179 120 197 19 95 58 5 207 226 54 84 148 192 221
    225 150 199 56 170 95 141 87 228 227 105 137 62 181 70 155 105 169
    92 152 39 43 140 200 99 66 130 4 193 82 153 141 167 44 220 44 52 235
    70 52 212 178 6 229 207 157 72 30 148 105 229 127 63 52 148 47 173
    80 133 139 64 104 30 162 112 132 140 70 146 21 122 205 224 229 115
    64 47 192 205 175 252 234 108 129 171 123 159 203 50 133 164 53 200
    116 178 180 22 145 94 195 208 203 112 231 136 98 221 14 14 5 167 17
    60 194 86 36 44 246 98 246 74 173 33 61 11 67 119 173 62 162 146 72
    212 204 240 47 158 1 42 13 104 79 163 102 15 70 114 129 104 40 199
    104 34 141 134 75 5 138 206 12 64 95 233 119 253 185 30 108 250 223
    170 108 85 247 168 10 100 249 138 97 55 189 209 215 174 113 125 193
    53 90 247 108 237 115 56 48 173 200 6 64 156 94 52 73 240 114 28 195
    60 41 156 175 44 175 3 67 9 159 1 113 226 218 195 38 3 128 127 124
    91 126 208 185 27 120 33 156 168 30 150 117 142 63 119 136 174 240
    52 24 130 0 76 186 161 146 161 210 142 190 74 120 216 8 207 219 248
    17 80 136 62 153 66 203 69 72 78 252 44 90 23 135 155 216 70 20 108
    121 173 41 86 41 249 75 205 62 76 247 194 234 98 123 218 73 51 184 4
    145 220 219 149 129 77 37 165 203 2 127 124 21 164 36 243 242 101
    199 220 125 68 140 46 33 217 209 216 42 167 108 51 130 191 122 172
    167 190 182 119 251 165 56 179 201 57 66 93 236 61 49 223 147 238 97
    250 49 34 178 157 0 39 10 225 248 34 102 233 7 212 196 82 149 185
    188 49 175 10 18 65 78 60 34 222 2 28 244 144 220 8 68 188 225 203
    201 132 243 127 169 20 9 87 171 192 2 51 154 0 25 117 19 224 146 197
    199 80 158 130 109 81 252 187 1 11 213 15 185 199 32 64 28 190 54 44
    65 99 24 211 226 233 160 199 243 88 31 173 214 47 144 85 225 51 6
    172 102 92 110 111 190 176 153 251 178 201 107 101 81 5 11 44 38 52
    169 115 230 68 171 186 166 242 162 93 111 21 126 159 57 50 202 169
    157 108 229 64 164 198 210 8 20 97 101 65 88 10 246 14 187 214 174
    198 169 194 101 110 131 135 130 10 115 222 203 143 245 54 123 161
    220 254 203 129 68 42 169 243 12 139 218 186 35 139 135 239 19 85
    133 144 67 58 63 53 23 47 160 226 45 27 69 196 220 217 167 153 227
    142 111 213 80 21 217 56 60 172 68 37 226 223 230 122 43 142 170 40
    121 193 113 78 210 36 111 72 157 70 148 4 225 173 230 65 248 254 250
    80 245 180 85 121 171 4 38 17 4 98 8 163 171 115 216 171 196 34 93
    40 118 100 245 168 206 193 151 211 220 232 173 106 119 214 230 239
    233 46 182 173 127 99 28 171 156 211 221 47 143 11 143 182 128 6 59
    243 177 18 198 161 230 87 92 203 126 107 41 133 188 137 94 165 96 47
    196 55 211 214 242 203 199 145 104 88 173 244 240 37 95 150 35 147
    180 190 219 93 14 26 224 60 138 144 73 95 85 47 195 168 79 148 63
    109 67 55 238 133 52 182 26 70 1 41 45 200 63 60 216 172 118 9 238
    204 167 251 193 138 237 128 195 131 103 208 16 51 165 195 25 20 229
    117 93 246 51 227 123 44 36 139 241 156 67 10 41 203 20 217 92 75 98
    183 219 209 246 3 122 238 239 114 77 62 230 208 249 104 52 184 255
    205 78 132 84 75 199 242 92 108 0 245 103 104 212 149 222 251 153
    101 13 143 87 33 181 241 118 88 25 132 254 103 160 245 246 140 22
    199 218 216 33 115 12 58 38 51 101 194 223 164 162 233 206 19 43 157
    72 202 67 101 156 222 116 250 234 148 159 252 98 119 2 244 56 42 180
    73 63 98 161 80 153 223 212 121 233 161 186 153 51 233 63 69 67 44
    85 147 52 178 76 232 214 194 140 254 163 15 113 237 115 205 235 205
    48 35 197 69 148 91 206 230 96 16 142 254 138 210 82 201 178 62 118
    91 47 94 229 237 14 16 161 17 70 10 147 153 149 8 253 145 26 59 16
    223 2 128 120 162 43 40 190 197 113 164 134 17 8 125 189 176 144 2
    74 70 109 71 92 220 100 42 215 83 80 240 64 237 89 158 110 77 53 149
    174 243 102 253 143 245 44 212 213 37 82 30 190 236 65 74 67 241 156
    46 148 84 181 83 66 89 98 194 133 102 198 216 17 216 159 0 172 227
    49 77 157 105 237 246 212 72 156 209 134 247 225 5 35 21 216 103 175
    206 84 179 34 19 211 208 86 150 180 244 152 174 205 200 68 220 53
    129 226 7 246 105 163 1 137 35 218 24 47 35 72 223 24 19 136 205 149
    23 123 32 101 170 68 114 116 100 195 29 191 146 123 7 206 126 237 25
    176 60 46 224 55 174 206 108 120 9 198 64 104 240 112 27 8 127 201
    231 157 66 147 23 116 232 234 59 109 111 122 218 111 229 201 32 237
    174 22 15 63 233 174 176 73 147 248 45 211 180 52 19 145 121 86 165
    95 6 15 113 235 100 255 255 62 238 88 247 173 91 203 205 17 232 221
    59 163 155 127 139 79 5 254 90 113 139 146 173 186 178 2 16 97 95 83
    196 199 72 2 247 146 19 38 73 85 235 108 243 29 118 139 59 20 158 80
    87 144 193 241 22 98 247 103 218 182 113 24 164 215 158 130 252 14
    165 137 90 65 23 86 192 130 224 37 43 86 50 155 174 195 198 186 187
    10 147 92 18 126 176 43 165 90 114 170 230 253 215 152 10 216 185
    189 89 254 38 54 28 215 104 227 186 12 87 168 2 96 217 138 132 177
    43 67 75 205 118 86 21 35 49 5 179 108 62 67 233 121 254 46 4 137
    233 80 75 7 170 62 112 143 97 245 134 37 156 89 33 142 137 220 188
    196 90 24 52 64 189 104 93 141 189 229 191 180 53 94 241 143 31 109
    125 40 78 190 157 100 25 100 203 137 200 95 61 252 198 21 166 196
    158 83 13 97 47 49 243 239 158 163 58 47 122 140 60 55 136 66 14 92
    49 27 101 119 160 18 73 165 107 63 58 119 92 206 135 99 237 58 104
    233 83 142 154 159 247 240 229 78 79 45 185 48 162 156 180 126 164
    56 190 118 156 249 143 126 183 193 176 159 88 38 143 6 109 22 165 46
    250 34 79 58 182 76 80 127 25 166 176 21 168 190 119 151 90 50 253
    22 244 114 153 121 52 62 72 121 243 18 94 208 117 29 243 39 115 97
    96 100 67 206 86 78 84 201 75 203 230 166 223 106 49 192 28 231 167
    44 243 11 182 173 153 50 24 214 27 91 61 207 0 110 226 53 137 12 89
    134 124 42 75 177 224 36 41 21 255 199 234 123 255 133 197 246 102
    250 148 15 28 212 107 186 222 76 247 89 69 184 225 200 122 191 32
    131 203 148 69 210 26 132 58 31 103 169 142 28 185 186 183 134 2 35
    65 217 4 43 134 129 213 199 255 161 22 128 86 17 12 180 223 227 63
    146 18 95 74 86 237 126 241 79 101 180 17 90 51 111 63 79 0 239 143
    182 254 104 229 232 128 247 26 104 69 19 28 73 96 86 123 177 156 204
    189 41 197 186 10 48 233 101 118 155 66 185 253 119 144 72 3 11 152
    254 158 69 176 239 106 179 250 29 230 230 114 62 180 119 247 240 146
    233 210 13 100 183 216 7 3 14 228 9 254 145 180 29 164 130 21 66 29
    120 13 145 188 166 60 41 7 212 160 16 221 187 192 133 141 255 240
    157 123 111 88 131 194 126 254 132 39 43 18 62 103 61 246 90 80 51
    231 231 101 2 197 240 68 140 88 227 148 62 8 183 249 88 7 25 79 47
    95 82 239 124 240 77 46 34 108 76 33 153 3 223 84 82 126 180 184 169
    24 129 207 186 65 137 193 129 160 180 98 72 186 230 110 116 251 153
    179 71 79 204 176 108 13 69 6 11 223 8 156 216 163 77 96 137 121 124
    167 33 99 87 101 101 83 191 238 169 16 218 16 215 119 17 182 185 63
    71 180 14 9 130 47 143 109 216 157 189 78 22 130 211 252 155 42 236
    9 138 113 208 200 221 118 74 161 193 135 205 32 41 164 236 124 235
    67 144 54 73 59 27 104 7 129 159 224 166 32 106 175 16 196 136 75 92
    255 118 174 24 56 15 150 78 134 130 250 232 222 120 137 3 193 173 16
    187 8 180 112 12 17 112 201 39 58 145 117 172 5 17 156 71 137 49 37
    214 243 213 195 237 122 98 217 227 53 157 41 74 30 165 99 221 96 179
    69 166 129 36 130 12 138 74 227 241 89 21 213 254 13 103 222 188 65
    29 25 112 61 214 128 242 249 70 122 77 10 26 199 205 13 179 70 196 6
    17 104 46 42 31 149 243 205 107 180 79 159 10 66 176 32 129 30 145
    142 74 47 176 17 55 147 75 188 94 233 228 104 44 38 166 250 175 60
    204 117 172 16 146 255 87 48 182 164 94 80 13 9 16 197 116 247 66 5
    123 214 239 40 117 230 146 206 52 227 139 242 86 75 101 3 156 12 217
    193 33 230 239 35 89 221 140 101 83 222 196 135 20 150 85 5 108 129
    130 102 166 52 153 186 149 33 223 119 252 8 202 229 239 88 80 48 160
    135 145 225 17 139 228 95 136 109 98 242 101 5 89 8 13 231 147 164
    170 128 103 28 138 204 58 28 127 168 230 248 127 165 204 134 63 168
    156 27 77 144 103 153 59 3 143 83 176 186 57 173 17 112 133 155 119
    141 62 40 189 113 189 228 236 210 140 112 102 249 189 251 72 179 174
    27 21 139 162 105 39 46 200 247 86 30 200 244 167 155 46 163 34 106
    91 189 111 215 98 239 3 150 208 184 33 229 229 29 147 12 78 150 183
    174 29 35 180 127 0 149 51 41 188 242 120 181 82 91 208 224 82 97
    156 244 235 5 238 68 148 43 159 199 194 147 83 178 50 133 245 3 140
    94 135 100 196 142 166 248 151 171 48 200 60 140 165 98 226 171 206
    110 102 189 52 209 225 88 223 133 38 10 26 158 192 46 222 53 78 83
    104 210 123 169 130 72 126 156 20 207 35 156 165 213 52 147 148 173
    111 222 38 23 249 72 208 234 98 249 35 163 248 164 63 167 57 152 131
    156 104 14 56 81 119 4 33 189 210 155 15 216 210 28 243 249 149 240
    210 34 67 144 7 224 62 216 113 74 29 213 93 174 174 81 101 65 197 91
    115 170 203 215 46 85 249 92 144 61 82 143 197 236 83 147 12 210 190
    202 65 194 161 182 182 79 62 162 220 216 237 236 45 148 110 44 34 55
    69 199 57 49 193 36 111 93 20 157 214 156 99 96 130 43 233 105 179
    120 95 81 127 11 41 156 221 50 54 36 73 225 154 147 121 128 64 245
    48 102 29 231 22 194 75 35 13 218 70 213 122 59 188 218 249 60 59
    201 241 31 39 64 167 131 254 176 139 121 185 195 46 109 8 173 182 58
    75 199 36 88 97 39 42 164 34 230 87 218 37 222 68 91 25 98 25 167
    201 251 129 51 167 160 23 181 200 133 38 29 41 217 173 2 124 142 141
    117 4 193 5 189 121 83 216 109 65 110 206 108 35 53 55 153 18 136
    212 186 10 178 237 253 202 247 195 10 26 250 218 135 111 206 12 235
    181 220 166 41 209 97 4 113 230 46 55 92 150 130 240 206 67 107 32
    172 97 111 54 246 65 41 167 113 220 225 229 107 61 216 76 63 173 222
    216 238 183 51 120 149 40 25 41 154 223 167 203 134 74 45 80 143 253
    205 25 139 167 23 98 244 216 219 253 247 252 167 18 35 60 88 48 253
    61 104 201 142 181 47 182 43 220 83 146 201 142 171 172 99 199 71
    128 54 6 183 101 143 108 60 20 255 7 43 202 211 120 38 157 202 15 51
    236 52 234 51 36 70 53 113 101 103 104 91 205 188 178 169 58 109 21
    39 206 221 232 133 65 195 119 148 134 130 9 164 76 179 203 148 55 57
    17 245 137 174 159 40 212 41 24 240 96 94 175 139 26 171 203 104 164
    54 250 173 211 206 226 70 15 38 122 113 48 143 235 213 180 149 109
    158 121 159 233 151 3 105 52 88 223 50 181 9 119 214 41 86 71 86 69
    164 42 177 25 146 214 1 38 141 213 228 136 135 15 20 34 109 100 194
    53 108 242 76 182 36 221 118 93 183 61 205 154 202 120 141 61 19 254
    15 29 99 144 62 124 46 157 211 152 34 77 218 132 204 0 236 27 208 75
    143 174 199 240 45 127 3 103 39 110 225 45 113 71 229 63 90 60 226
    98 222 24 73 162 17 121 254 41 135 76 80 237 109 29 173 24 247 217
    23 165 78 217 239 175 240 162 177 74 251 23 159 224 67 149 176 163
    230 122 237 43 94 87 35 59 43 179 229 180 228 129 48 222 252 142 167
    246 146 11 81 150 225 78 193 110 25 211 48 8 208 154 24 202 207 207
    245 9 77 11 226 226 171 208 206 176 7 112 222 192 184 54 48 147 18
    137 90 215 133 119 180 38 148 33 213 95 244 244 67 243 149 32 92 205
    244 245 195 238 55 16 245 201 3 220 233 213 68 42 204 155 26 119 125
    32 123 17 112 224 161 214 233 175 161 200 101 240 208 47 197 194 137
    110 127 10 141 140 79 89 3 17 87 121 103 0 83 215 223 60 105 217 212
    86 85 4 67 40 233 188 105 58 94 96 145 136 76 3 185 141 239 42 163 9
    228 108 57 28 98 225 206 4 94 82 186 179 200 44 237 108 253 23 22
    109 198 130 7 55 157 23 96 118 245 137 226 229 227 136 72 84 51 131
    142 206 15 252 149 49 171 217 83 72 245 52 158 169 13 244 22 117 93
    210 244 190 1 105 88 113 244 240 122 38 221 123 241 37 51 238 8 151
    23 92 207 133 72 138 213 238 210 65 75 50 29 201 172 155 224 109 110
    173 83 217 227 27 245 129 140 191 247 116 21 64 58 162 154 151 166
    107 49 19 89 189 108 189 89 113 252 86 243 22 73 218 19 246 225 44
    105 208 86 237 117 194 89 5 167 181 166 4 17 245 11 40 119 204 238
    251 125 129 132 240 48 29 81 141 250 158 128 123 173 117 16 105 51
    174 124 125 176 124 171 202 220 201 234 228 254 69 232 78 209 23 162
    15 169 78 126 236 156 83 26 56 223 130 21 248 228 190 187 117 245
    228 213 254 63 184 91 206 125 222 116 222 199 250 121 131 34 13 112
    165 39 98 81 118 211 109 41 168 33 6 192 120 239 197 15 23 63 20 18
    179 3 37 103 22 117 117 186 116 122 77 57 0 153 189 106 221 56 36 92
    206 201 76 25 178 115 22 66 35 2 245 68 138 187 24 32 111 30 82 235
    132 5 107 23 227 20 254 108 156 19 147 166 5 57 105 191 212 226 235
    172 119 44 184 229 86 22 92 19 162 109 41 12 31 239 167 124 81 121
    116 188 93 157 71 51 187 155 73 59 55 121 216 116 16 254 91 157 135
    192 22 48 234 206 40 111 219 133 212 233 12 250 192 214 231 47 240
    15 213 82 1 228 0 60 245 52 199 20 226 136 189 115 49 223 26 133 240
    239 167 108 179 44 124 61 204 143 141 61 158 6 247 100 32 189 199
    101 131 17 185 36 221 10 240 154 89 68 147 201 3 254 84 115 142 168
    194 141 40 100 146 75 153 14 195 127 68 68 51 133 58 143 7 48 140
    171 31 189 169 14 155 168 191 111 182 151 13 48 216 165 90 52 88 19
    110 88 169 144 52 59 164 137 86 75 99 97 97 97 166 147 226 158 119
    105 59 88 233 249 118 66 7 69 49 41 94 30 203 174 154 119 193 17 11
    71 53 203 198 216 122 191 72 247 104 234 31 236 32 20 73 240 137 139
    124 126 203 184 140 18 177 177 146 193 189 78 254 142 130 52 155 34
    67 23 6 198 17 190 71 218 78 238 131 67 71 5 45 177 56 48 190 170
    236 5 171 1 203 4 159 238 102 200 163 168 19 104 100 245 109 213 96
    18 186 132 26 54 247 120 245 73 175 84 158 18 11 25 184 155 162 57
    163 42 35 205 136 127 221 58 162 111 93 222 40 41 197 115 186 166 23
    125 114 27 112 176 47 11 90 233 69 231 128 227 247 185 188 96 110
    253 175 171 82 56 194 15 114 233 8 172 232 65 246 28 246 133 6 252
    67 25 175 193 127 158 125 91 117 227 69 236 108 122 52 236 44 193 22
    43 157 226 120 138 138 71 199 46 62 142 176 181 221 42 134 158 43 42
    100 104 141 128 134 114 101 110 229 28 227 6 145 76 116 120 54 201
    131 4 129 59 14 109 36 255 176 100 190 173 49 117 26 169 135 253 228
    205 188 156 49 105 245 163 121 197 80 66 117 216 74 67 104 94 187
    111 53 19 173 15 221 108 148 9 230 67 124 183 173 193 0 200 25 72
    110 14 42 189 73 238 53 10 93 30 168 84 178 236 24 237 125 232 103
    232 10 70 165 119 25 207 94 100 202 125 247 56 174 186 90 245 153
    113 204 99 18 64 126 16 173 58 234 12 71 149 104 46 65 101 207 210
    215 229 65 128 21 60 203 34 81 16 183 145 216 117 34 26 171 142 96
    38 111 142 94 180 39 136 78 87 142 169 57 192 140 59 110 109 72 236
    48 233 246 244 30 87 195 213 155 218 63 82 57 165 119 171 137 184 90
    40 49 141 229 112 159 87 194 140 40 62 21 173 186 4 53 142 171 140
    131 16 83 50 133 84 71 151 26 170 0 84 249 65 231 40 45 80 72 205
    103 177 145 118 232 164 181 48 166 168 240 237 200 207 180 220 119
    131 94 84 210 246 214 80 118 77 87 201 228 235 203 78 83 208 138 160
    110 75 210 236 97 182 34 79 60 255 103 67 47 101 69 22 196 144 197
    100 95 49 136 236 142 2 131 120 102 132 107 117 83 95 93 4 100 13
    205 150 235 186 7 96 244 41 167 247 169 67 236 97 49 66 35</data></my_img>
<your_img type_id="opencv-matrix">
  <rows>50</rows>
  <cols>100</cols>
  <dt>u</dt>
  <data>
    65 153 105 178 204 140 37 62 114 221 32 230 34 128 61 222 248 248
    122 206 238 60 160 251 161 172 158 34 25 138 149 30 168 89 248 91
    250 232 95 144 81 36 141 153 81 103 126 136 124 28 186 176 216 80 41
    135 52 190 104 18 207 7 131 235 62 98 238 100 88 16 241 66 83 152 68
    126 76 39 237 154 67 164 155 137 252 109 83 123 131 153 63 203 232 3
    174 175 15 207 126 163 41 247 19 148 166 214 254 170 31 150 104 109
    5 17 150 87 177 1 197 230 55 148 215 106 140 12 14 44 113 237 117 69
    18 126 245 98 158 83 33 135 0 177 123 46 124 168 81 184 188 222 239
    138 247 37 130 211 52 199 71 190 170 87 189 99 230 208 166 25 24 58
    159 28 73 129 119 86 99 158 98 60 249 166 80 181 203 77 142 207 173
    145 108 160 112 215 107 123 72 160 167 166 206 34 239 254 11 173 26
    50 160 204 225 122 214 29 234 170 178 23 130 85 152 225 201 144 253
    202 115 209 31 49 176 142 98 241 157 159 250 87 0 50 58 165 87 135
    236 152 20 56 54 168 67 237 4 75 93 90 141 196 183 215 25 245 131
    204 16 174 70 95 169 117 85 42 123 3 210 188 50 249 222 195 14 70
    124 91 155 167 84 45 230 135 251 65 185 124 240 70 78 108 35 239 127
    238 64 134 29 245 234 251 24 239 74 160 172 156 149 72 204 234 50
    123 165 248 96 47 25 90 4 218 11 220 27 197 32 12 78 27 136 164 192
    250 212 99 25 163 22 152 237 20 235 109 171 14 21 134 84 167 42 16
    140 158 17 48 82 168 33 101 186 65 51 2 188 36 67 167 123 86 58 172
    159 103 48 92 250 177 26 129 186 89 202 179 50 67 146 8 59 129 89
    141 182 173 77 32 3 224 17 230 3 41 100 14 137 11 157 42 77 6 68 2
    81 182 93 179 226 231 75 151 230 166 48 242 213 117 194 187 172 18
    112 203 93 30 0 56 2 24 233 145 48 177 47 230 241 107 176 23 219 156
    40 14 181 151 28 27 127 197 14 217 115 61 127 237 108 237 132 213
    241 27 228 178 188 238 19 91 194 77 215 209 254 235 138 224 106 250
    174 109 209 243 128 29 64 4 31 232 216 36 55 56 253 125 166 183 229
    25 0 223 4 85 118 169 138 46 187 5 111 199 153 100 180 119 1 8 255
    42 51 24 98 178 36 96 111 109 0 224 94 142 226 189 115 202 65 250
    160 223 75 42 98 79 127 249 128 249 205 156 193 90 249 31 153 139 99
    147 161 25 136 242 10 49 198 240 138 174 90 185 210 204 123 220 80
    244 118 8 80 1 159 202 90 82 157 66 78 58 160 169 80 87 153 192 169
    145 238 115 111 72 1 21 2 147 204 28 177 245 179 110 208 91 135 245
    64 197 84 115 190 96 111 194 253 238 91 249 59 55 210 239 235 198
    229 90 51 173 74 237 104 151 151 133 7 59 44 192 240 241 210 108 202
    177 55 152 72 92 43 86 164 23 181 43 208 175 34 194 128 143 234 237
    245 198 105 13 91 168 19 163 132 143 70 156 45 19 225 51 157 51 211
    248 43 158 39 99 235 4 150 183 132 0 191 109 221 218 43 217 152 56
    41 208 197 63 127 18 51 38 248 65 62 17 244 106 4 97 110 30 77 66
    135 7 238 212 97 160 185 64 9 23 160 142 113 59 36 29 78 108 132 201
    210 181 130 104 172 126 131 147 117 247 203 206 182 210 128 193 8
    105 215 83 1 232 164 232 60 227 181 61 175 111 88 173 155 133 141 56
    19 193 111 161 225 253 139 168 201 41 145 199 116 182 188 146 241 6
    0 190 96 158 73 42 253 97 254 208 201 116 25 232 59 121 73 41 128
    174 87 229 127 183 113 247 79 2 14 179 144 18 213 114 149 81 146 161
    170 167 73 192 48 11 59 142 209 246 232 94 143 225 231 139 189 75
    131 137 21 83 153 104 180 155 162 176 183 31 75 223 86 69 133 135
    245 7 183 13 248 183 239 33 191 204 214 154 205 125 123 169 30 158
    18 132 0 96 155 249 218 124 68 246 81 129 167 246 62 179 75 163 88
    82 183 194 226 3 3 162 11 91 14 32 157 216 148 122 68 5 78 223 141
    12 176 135 51 228 248 232 248 199 25 110 35 132 73 157 7 239 89 106
    57 53 50 34 16 148 179 120 197 19 95 58 5 207 226 54 84 148 192 221
    225 150 199 56 170 95 141 87 228 227 105 137 62 181 70 155 105 169
    92 152 39 43 140 200 99 66 130 4 193 82 153 141 167 44 220 44 52 235
    70 52 212 178 6 229 207 157 72 30 148 105 229 127 63 52 148 47 173
    80 133 139 64 104 30 162 112 132 140 70 146 21 122 205 224 229 115
    64 47 192 205 175 252 234 108 129 171 123 159 203 50 133 164 53 200
    116 178 180 22 145 94 195 208 203 112 231 136 98 221 14 14 5 167 17
    60 194 86 36 44 246 98 246 74 173 33 61 11 67 119 173 62 162 146 72
    212 204 240 47 158 1 42 13 104 79 163 102 15 70 114 129 104 40 199
    104 34 141 134 75 5 138 206 12 64 95 233 119 253 185 30 108 250 223
    170 108 85 247 168 10 100 249 138 97 55 189 209 215 174 113 125 193
    53 90 247 108 237 115 56 48 173 200 6 64 156 94 52 73 240 114 28 195
    60 41 156 175 44 175 3 67 9 159 1 113 226 218 195 38 3 128 127 124
    91 126 208 185 27 120 33 156 168 30 150 117 142 63 119 136 174 240
    52 24 130 0 76 186 161 146 161 210 142 190 74 120 216 8 207 219 248
    17 80 136 62 153 66 203 69 72 78 252 44 90 23 135 155 216 70 20 108
    121 173 41 86 41 249 75 205 62 76 247 194 234 98 123 218 73 51 184 4
    145 220 219 149 129 77 37 165 203 2 127 124 21 164 36 243 242 101
    199 220 125 68 140 46 33 217 209 216 42 167 108 51 130 191 122 172
    167 190 182 119 251 165 56 179 201 57 66 93 236 61 49 223 147 238 97
    250 49 34 178 157 0 39 10 225 248 34 102 233 7 212 196 82 149 185
    188 49 175 10 18 65 78 60 34 222 2 28 244 144 220 8 68 188 225 203
    201 132 243 127 169 20 9 87 171 192 2 51 154 0 25 117 19 224 146 197
    199 80 158 130 109 81 252 187 1 11 213 12 192 205 32 63 26 194 49 41
    66 103 22 211 226 233 164 199 245 88 29 173 215 47 148 85 228 48 4
    167 97 88 105 106 187 173 152 252 176 201 101 95 80 7 12 45 38 53
    163 107 225 67 165 182 161 238 159 90 109 24 126 160 64 59 200 167
    156 108 228 70 165 197 207 8 20 97 101 65 88 10 246 14 187 214 174
    198 169 194 101 110 131 135 130 10 115 222 203 143 245 54 123 167
    223 254 206 136 67 38 175 243 11 146 217 190 32 145 137 240 16 83
    134 146 65 55 62 51 20 43 161 226 39 23 62 193 221 218 164 151 228
    137 105 213 77 22 215 56 60 167 66 37 220 217 223 113 44 134 167 44
    118 191 110 80 206 43 108 73 156 75 147 4 224 174 228 65 248 254 250
    80 245 180 85 121 171 4 38 17 4 98 8 163 171 115 216 171 196 34 93
    40 118 100 245 175 212 199 160 216 221 233 181 112 127 214 230 240
    232 43 186 178 129 99 26 174 160 213 224 44 146 9 143 178 123 5 54
    243 174 16 199 155 231 81 86 203 121 103 41 129 180 132 87 156 90 46
    193 55 206 209 238 199 197 143 103 88 172 242 238 43 93 148 41 146
    179 188 219 93 14 26 224 60 138 144 73 95 85 47 195 168 79 148 63
    109 67 55 238 133 52 182 26 70 1 41 45 203 64 59 218 178 123 7 240
    203 174 252 194 143 237 132 197 135 103 210 14 49 167 196 23 18 231
    116 93 248 43 226 117 38 32 137 242 152 62 9 38 203 19 216 89 71 93
    177 214 205 245 5 116 235 235 107 76 63 226 206 249 103 57 181 255
    203 80 131 85 78 197 240 89 108 0 245 103 104 212 149 222 251 153
    101 13 143 87 33 181 241 118 88 25 132 254 103 160 245 246 140 22
    201 219 218 33 122 10 54 35 48 110 195 223 168 166 232 208 17 43 162
    70 200 67 104 160 225 118 251 234 148 159 252 94 114 1 247 55 40 178
    70 60 94 155 79 151 220 208 116 228 153 183 149 51 229 62 68 68 47
    87 147 58 178 79 231 213 194 139 254 163 12 110 235 112 205 235 205
    48 35 197 69 148 91 206 230 96 16 142 254 138 210 82 201 178 62 118
    91 47 94 229 237 14 14 166 14 72 9 154 159 157 7 253 152 26 56 14
    224 3 132 122 165 43 41 191 197 116 166 137 16 7 122 188 175 141 3
    71 70 108 70 90 221 95 44 214 81 77 238 62 233 82 152 105 73 53 142
    168 240 97 251 141 242 50 209 209 39 83 30 185 234 66 76 66 238 151
    46 148 84 181 83 66 89 98 194 133 102 198 216 17 216 159 0 172 227
    49 77 157 105 237 246 212 72 156 214 142 247 227 4 34 18 217 108 182
    208 84 185 33 18 213 211 85 154 182 247 157 178 203 200 68 223 53
    128 223 7 247 99 160 1 137 35 218 23 46 35 71 220 23 19 131 201 142
    22 116 33 92 162 65 104 108 94 193 33 188 143 117 7 201 119 233 22
    171 62 46 220 54 174 206 108 120 9 198 64 104 240 112 27 8 127 201
    231 157 66 147 23 116 232 234 59 109 111 122 218 111 232 206 33 240
    184 19 12 63 233 182 183 72 155 249 44 213 182 51 18 148 124 85 167
    97 7 14 114 233 95 255 254 58 234 82 248 171 86 205 208 16 230 218
    60 156 151 118 136 73 7 253 82 104 131 138 164 180 173 3 18 93 92 82
    192 197 71 1 247 142 17 38 70 84 235 108 243 29 118 139 59 20 158 80
    87 144 193 241 22 98 247 103 218 182 113 24 164 215 158 130 252 14
    172 147 97 68 22 88 196 139 223 37 43 90 48 163 181 197 199 188 189
    10 151 95 17 129 178 43 168 90 112 168 227 253 212 149 11 216 185
    189 83 253 38 54 29 212 97 221 180 12 80 160 3 87 212 131 122 168 43
    66 73 201 112 84 22 35 49 5 173 104 63 65 230 116 254 46 4 137 233
    80 75 7 170 62 112 143 97 245 134 37 156 89 33 142 137 220 188 196
    90 24 52 64 194 112 99 151 194 230 195 187 53 101 242 152 32 114 133
    40 75 192 160 99 24 101 201 140 200 94 58 252 197 19 165 193 154 77
    14 94 46 50 243 237 152 155 57 45 113 133 59 53 127 62 14 82 47 29
    90 109 152 19 71 156 101 62 58 112 87 201 131 95 234 57 97 230 83
    142 154 159 247 240 229 78 79 45 185 48 162 156 180 126 164 56 190
    118 156 249 143 126 183 193 176 159 92 39 152 7 119 22 172 44 251 33
    80 55 188 75 81 133 26 169 178 22 173 191 122 154 92 50 253 23 244
    107 153 114 50 58 68 116 243 19 89 211 110 32 242 38 107 90 90 91 62
    203 79 72 78 198 70 199 223 159 219 102 49 187 27 230 161 43 242 10
    175 168 147 46 24 214 27 91 61 207 0 110 226 53 137 12 89 134 124 42
    75 177 224 36 41 21 255 199 234 123 255 133 203 247 110 250 157 14
    28 216 115 194 223 76 249 92 71 191 229 203 125 193 32 137 207 154
    70 212 28 135 54 29 97 172 140 30 186 187 183 132 2 36 62 215 7 40
    128 118 210 195 254 153 22 117 79 18 11 172 216 220 63 139 18 88 70
    80 234 118 240 77 95 174 12 85 51 111 63 79 0 239 143 182 254 104
    229 232 128 247 26 104 69 19 28 73 96 86 123 177 156 204 189 41 203
    193 10 48 237 110 127 166 68 194 253 130 156 71 4 12 161 254 165 66
    181 241 113 184 251 31 231 231 113 55 181 115 247 240 149 232 212 14
    94 182 216 9 4 14 223 10 253 137 172 30 154 118 20 62 28 109 11 138
    184 156 60 38 5 210 151 14 220 182 188 128 137 255 240 157 123 111
    88 131 194 126 254 132 39 43 18 62 103 61 246 90 80 51 231 231 101 2
    197 240 68 140 93 231 157 64 10 193 250 93 9 26 82 46 99 84 242 129
    243 76 44 33 113 76 33 162 4 226 85 81 125 182 187 173 24 125 210
    187 60 134 193 124 155 176 93 67 181 223 103 107 250 148 174 65 74
    201 165 99 11 67 7 10 220 9 148 213 153 76 91 133 114 115 162 29 99
    87 101 101 83 191 238 169 16 218 16 215 119 17 182 185 63 71 180 14
    9 130 47 143 109 216 157 189 82 23 139 217 253 164 41 240 10 152 122
    214 207 225 123 72 168 197 139 210 29 40 169 238 126 237 63 148 50
    66 53 27 97 7 125 159 223 163 32 99 171 17 192 128 71 86 255 109 164
    26 53 14 140 73 125 121 247 226 219 114 131 2 187 165 14 179 7 173
    106 10 14 106 201 39 58 145 117 172 5 17 156 71 137 49 37 214 243
    213 195 237 122 98 217 227 53 157 41 74 30 165 107 226 104 188 74
    176 138 35 141 14 151 77 231 243 93 22 218 254 14 106 224 192 62 28
    24 114 56 217 125 242 249 63 120 71 12 27 203 209 14 180 65 195 7 18
    97 44 39 31 139 240 203 99 177 74 149 10 62 168 32 123 28 137 135 70
    45 171 17 53 140 72 183 90 233 228 104 44 38 166 250 175 60 204 117
    172 16 146 255 87 48 182 164 94 80 13 9 16 197 116 247 66 7 126 219
    243 41 122 233 156 210 52 230 151 244 88 78 104 5 164 12 220 195 33
    232 241 34 89 223 140 97 77 221 196 134 20 152 85 5 104 122 122 95
    159 51 147 181 139 32 218 110 251 10 199 224 235 81 75 46 149 130
    137 223 14 130 226 88 129 103 93 240 95 4 86 8 13 231 147 164 170
    128 103 28 138 204 58 28 127 168 230 248 127 165 204 134 63 168 156
    27 77 144 103 157 60 4 149 86 183 193 55 181 17 119 141 161 122 148
    58 37 193 116 191 230 238 212 141 113 99 250 191 252 62 181 177 24
    20 139 165 100 37 45 201 247 81 28 197 242 157 145 41 152 33 99 83
    186 103 212 89 234 2 140 207 176 29 226 227 26 138 10 74 142 175 166
    27 35 180 127 0 149 51 41 188 242 120 181 82 91 208 224 82 97 156
    244 235 5 238 68 148 43 159 199 194 152 87 185 51 139 247 4 148 97
    145 108 199 151 171 250 156 178 46 199 56 141 168 97 228 176 207 110
    97 191 46 210 224 85 223 134 37 10 24 156 191 45 219 52 72 78 97 206
    113 157 122 67 118 147 19 203 32 143 152 210 48 137 137 156 101 216
    34 20 247 66 203 231 94 249 35 163 248 164 63 167 57 152 131 156 104
    14 56 81 119 4 33 189 210 155 15 216 210 28 243 249 149 244 215 34
    72 151 9 228 63 217 119 77 29 216 94 180 180 79 100 63 196 88 114
    175 201 216 44 82 249 85 143 54 76 140 197 236 80 145 11 210 188 199
    60 188 154 176 174 73 57 152 215 212 232 232 39 137 99 38 30 52 64
    192 52 44 181 31 104 89 18 147 208 146 95 96 130 43 233 105 179 120
    95 81 127 11 41 156 221 50 54 36 73 225 154 147 121 128 64 245 48
    102 29 235 24 197 79 35 14 221 73 214 127 64 193 219 250 62 57 201
    244 29 37 62 169 129 254 179 140 121 187 195 41 106 9 177 184 54 71
    200 33 84 91 36 39 159 30 225 81 213 33 216 62 86 22 90 22 154 192
    249 120 47 153 145 20 165 190 123 32 26 36 209 163 1 119 142 141 117
    4 193 5 189 121 83 216 109 65 110 206 108 35 53 55 153 18 136 212
    186 10 178 237 253 202 249 197 14 29 251 219 141 116 207 14 238 189
    223 172 43 212 97 7 115 232 48 55 92 152 127 241 208 65 100 29 176
    94 108 53 245 60 40 166 108 220 223 224 100 57 212 72 60 165 217 212
    233 174 48 112 137 37 22 38 140 216 152 193 123 68 39 78 136 252 196
    20 132 156 23 98 244 216 219 253 247 252 167 18 35 60 88 48 253 61
    104 201 142 181 47 182 43 220 83 146 201 142 171 172 99 199 71 128
    54 6 183 101 143 108 60 20 255 7 43 202 211 120 38 157 202 15 51 236
    52 234 51 36 70 53 113 101 103 104 91 205 188 178 169 58 109 21 39
    206 221 232 133 65 195 119 148 134 130 9 164 76 179 203 148 55 57 17
    245 137 174 159 40 212 41 24 240 96 94 175 139 26 171 203 104 164 54
    250 173 211 206 226 70 15 38 122 113 48 143 235 213 180 149 109 158
    121 159 233 151 3 105 52 88 223 50 181 9 119 214 41 86 71 86 69 164
    42 177 25 146 214 1 38 141 213 228 136 135 15 20 34 109 100 194 53
    108 242 76 182 36 221 118 93 183 61 205 154 202 120 141 61 19 254 15
    29 99 144 62 124 46 157 211 152 34 77 218 132 204 0 236 27 208 75
    143 174 199 240 45 127 3 103 39 110 225 45 113 71 229 63 90 60 226
    98 222 24 73 162 17 121 254 41 135 76 80 237 109 29 173 24 247 217
    23 165 78 217 239 175 240 162 177 74 251 23 159 224 67 149 176 163
    230 122 237 43 94 87 35 59 43 179 229 180 228 129 48 222 252 142 167
    246 146 11 81 150 225 78 193 110 25 211 48 8 208 154 24 202 207 207
    245 9 77 11 226 226 171 208 206 176 7 112 222 192 184 54 48 147 18
    137 90 215 133 119 180 38 148 33 213 95 244 244 67 243 149 32 92 205
    244 245 195 238 55 16 245 201 3 220 233 213 68 42 204 155 26 119 125
    32 123 17 112 224 161 214 233 175 161 200 101 240 208 47 197 194 137
    110 127 10 141 140 79 89 3 17 87 121 103 0 83 215 223 60 105 217 212
    86 85 4 67 40 233 188 105 58 94 96 145 136 76 3 185 141 239 42 163 9
    228 108 57 28 98 225 206 4 94 82 186 179 200 44 237 108 253 23 22
    109 198 130 7 55 157 23 96 118 245 137 226 229 227 136 72 84 51 131
    142 206 15 252 149 49 171 217 83 72 245 52 158 169 13 244 22 117 93
    210 244 190 1 105 88 113 244 240 122 38 221 123 241 37 51 238 8 151
    23 92 207 133 72 138 213 238 210 65 75 50 29 201 172 155 224 109 110
    173 83 217 227 27 245 129 140 191 247 116 21 64 58 162 154 151 166
    107 49 19 89 189 108 189 89 113 252 86 243 22 73 218 19 246 225 44
    105 208 86 237 117 194 89 5 167 181 166 4 17 245 11 40 119 204 238
    251 125 129 132 240 48 29 81 141 250 158 128 123 173 117 16 105 51
    174 124 125 176 124 171 202 220 201 234 228 254 69 232 78 209 23 162
    15 169 78 126 236 156 83 26 56 223 130 21 248 228 190 187 117 245
    228 213 254 63 184 91 206 125 222 116 222 199 250 121 131 34 13 112
    165 39 98 81 118 211 109 41 168 33 6 192 120 239 197 15 23 63 20 18
    179 3 37 103 22 117 117 186 116 122 77 57 0 153 189 106 221 56 36 92
    206 201 76 25 178 115 22 66 35 2 245 68 138 187 24 32 111 30 82 235
    132 5 107 23 227 20 254 108 156 19 147 166 5 57 105 191 212 226 235
    172 119 44 184 229 86 22 92 19 162 109 41 12 31 239 167 124 81 121
    116 188 93 157 71 51 187 155 73 59 55 121 216 116 16 254 91 157 135
    192 22 48 234 206 40 111 219 133 212 233 12 250 192 214 231 47 240
    15 213 82 1 228 0 60 245 52 199 20 226 136 189 115 49 223 26 133 240
    239 167 108 179 44 124 61 204 143 141 61 158 6 247 100 32 189 199
    101 131 17 185 36 221 10 240 154 89 68 147 201 3 254 84 115 142 168
    194 141 40 100 146 75 153 14 195 127 68 68 51 133 58 143 7 48 140
    171 31 189 169 14 155 168 191 111 182 151 13 48 216 165 90 52 88 19
    110 88 169 144 52 59 164 137 86 75 99 97 97 97 166 147 226 158 119
    105 59 88 233 249 118 66 7 69 49 41 94 30 203 174 154 119 193 17 11
    71 53 203 198 216 122 191 72 247 104 234 31 236 32 20 73 240 137 139
    124 126 203 184 140 18 177 177 146 193 189 78 254 142 130 52 155 34
    67 23 6 198 17 190 71 218 78 238 131 67 71 5 45 177 56 48 190 170
    236 5 171 1 203 4 159 238 102 200 163 168 19 104 100 245 109 213 96
    18 186 132 26 54 247 120 245 73 175 84 158 18 11 25 184 155 162 57
    163 42 35 205 136 127 221 58 162 111 93 222 40 41 197 115 186 166 23
    125 114 27 112 176 47 11 90 233 69 231 128 227 247 185 188 96 110
    253 175 171 82 56 194 15 114 233 8 172 232 65 246 28 246 133 6 252
    67 25 175 193 127 158 125 91 117 227 69 236 108 122 52 236 44 193 22
    43 157 226 120 138 138 71 199 46 62 142 176 181 221 42 134 158 43 42
    100 104 141 128 134 114 101 110 229 28 227 6 145 76 116 120 54 201
    131 4 129 59 14 109 36 255 176 100 190 173 49 117 26 169 135 253 228
    205 188 156 49 105 245 163 121 197 80 66 117 216 74 67 104 94 187
    111 53 19 173 15 221 108 148 9 230 67 124 183 173 193 0 200 25 72
    110 14 42 189 73 238 53 10 93 30 168 84 178 236 24 237 125 232 103
    232 10 70 165 119 25 207 94 100 202 125 247 56 174 186 90 245 153
    113 204 99 18 64 126 16 173 58 234 12 71 149 104 46 65 101 207 210
    215 229 65 128 21 60 203 34 81 16 183 145 216 117 34 26 171 142 96
    38 111 142 94 180 39 136 78 87 142 169 57 192 140 59 110 109 72 236
    48 233 246 244 30 87 195 213 155 218 63 82 57 165 119 171 137 184 90
    40 49 141 229 112 159 87 194 140 40 62 21 173 186 4 53 142 171 140
    131 16 83 50 133 84 71 151 26 170 0 84 249 65 231 40 45 80 72 205
    103 177 145 118 232 164 181 48 166 168 240 237 200 207 180 220 119
    131 94 84 210 246 214 80 118 77 87 201 228 235 203 78 83 208 138 160
    110 75 210 236 97 182 34 79 60 255 103 67 47 101 69 22 196 144 197
    100 95 49 136 236 142 2 131 120 102 132 107 117 83 95 93 4 100 13
    205 150 235 186 7 96 244 41 167 247 169 67 236 97 49 66 35</data></your_img>
</opencv_storage>
