<?xml version="1.0"?>
<opencv_storage>
<L2_diff>7.4919957287761449e+01</L2_diff>
<r>7</r>
<test_img type_id="opencv-matrix">
  <rows>50</rows>
  <cols>100</cols>
  <dt>u</dt>
  <data>
    14 149 228 188 115 212 159 131 56 251 223 90 65 229 81 189 47 147
    249 203 82 35 210 243 30 95 216 176 110 66 14 250 27 136 206 220 168
    124 212 23 171 150 248 93 244 194 42 161 5 16 60 138 238 227 14 6 20
    91 88 44 153 55 120 182 27 234 217 175 23 58 162 153 89 207 252 250
    28 183 241 101 71 9 136 152 22 57 59 4 86 74 183 1 224 148 44 146
    136 109 26 152 14 65 155 107 1 56 42 100 230 158 230 101 97 218 48
    118 230 175 11 155 73 104 177 31 29 4 147 208 20 22 52 58 163 169
    192 3 24 136 174 134 35 43 254 130 67 165 211 112 162 6 177 83 41
    224 193 185 248 211 129 110 107 255 52 164 58 125 86 215 69 82 80
    124 154 0 192 210 147 43 46 74 28 188 50 174 94 69 141 31 200 87 102
    168 252 112 194 160 55 181 154 10 166 132 140 186 54 224 235 31 93
    245 27 169 60 245 209 3 88 189 202 117 40 197 128 221 115 189 87 42
    223 118 201 115 55 93 199 224 173 191 166 137 21 46 47 122 204 138
    80 57 126 69 130 161 96 168 140 17 157 228 217 32 167 64 147 247 82
    83 181 110 218 234 143 83 176 140 114 82 34 171 57 245 180 55 192 62
    225 94 37 204 85 119 95 251 104 72 194 56 105 197 241 222 4 149 170
    184 37 201 119 146 58 36 165 22 69 39 196 103 49 206 201 128 95 184
    77 173 242 83 154 183 60 17 26 155 173 215 125 51 224 251 76 239 147
    31 120 76 69 233 33 134 110 25 171 228 131 152 168 109 83 253 139
    201 231 120 50 44 219 146 4 139 51 68 185 169 42 61 248 253 246 33
    69 77 53 211 166 98 225 217 42 251 157 143 247 87 235 6 104 143 67
    193 223 133 102 190 7 197 16 203 218 221 52 104 19 127 108 17 253 83
    27 182 109 138 180 130 204 31 0 70 17 101 64 186 148 249 169 200 151
    123 48 18 36 146 111 234 26 26 95 54 190 52 139 102 38 33 81 22 130
    60 199 154 202 193 208 1 107 5 230 195 253 69 44 154 134 233 5 52
    148 1 5 47 151 231 172 187 217 238 17 166 252 55 118 33 228 33 83
    142 46 78 233 12 38 158 174 17 162 21 218 255 88 8 230 168 11 250
    248 211 119 175 233 100 40 142 210 147 24 100 230 80 168 196 245 178
    134 223 113 124 118 243 103 101 81 69 237 219 212 215 87 66 232 185
    85 226 110 129 171 190 13 175 77 11 222 56 211 224 190 32 214 144
    120 11 205 111 35 39 109 72 49 98 109 0 182 117 137 57 81 13 24 176
    72 65 209 36 194 75 230 215 143 208 188 54 45 1 149 212 113 234 109
    4 119 215 232 165 135 3 0 217 125 253 120 194 65 252 241 174 30 90
    149 50 199 220 182 162 102 202 139 96 208 201 158 17 244 165 14 160
    238 7 226 50 151 43 173 132 228 169 31 90 20 107 180 243 5 232 197
    91 156 30 3 252 18 248 87 14 159 18 46 5 187 252 9 176 175 26 43 28
    59 251 198 136 169 92 195 97 221 154 176 104 76 250 249 245 244 44
    200 229 175 47 199 193 139 90 28 188 156 59 61 252 143 179 63 10 253
    22 184 181 121 252 71 20 154 252 112 171 41 46 170 209 112 144 214
    186 22 187 29 29 223 239 26 178 136 158 237 139 56 251 196 203 96 79
    81 189 109 129 24 37 104 218 106 22 212 172 51 214 212 204 195 87 75
    21 191 189 127 63 67 137 5 176 111 190 92 241 196 79 70 91 87 133
    225 44 74 145 75 104 237 224 222 232 243 119 38 161 84 59 130 250 75
    248 248 187 94 228 31 85 51 1 249 161 1 190 73 165 36 35 172 80 145
    168 116 222 71 100 168 15 216 119 140 8 21 56 44 117 203 129 223 218
    120 108 129 6 27 92 199 19 129 7 92 183 250 52 108 164 158 77 11 48
    188 171 200 8 232 65 27 132 54 222 41 180 197 173 246 185 247 35 6
    243 163 240 67 180 189 142 125 92 246 29 108 18 146 214 9 145 118 36
    40 200 1 128 90 45 173 213 96 255 148 38 248 197 104 200 173 136 24
    118 219 92 186 22 176 83 154 105 124 127 190 252 191 149 169 112 159
    214 160 210 153 13 169 179 245 169 195 193 218 163 225 21 71 59 185
    91 128 199 217 170 126 114 26 86 225 121 254 121 134 182 240 118 32
    174 67 237 82 209 49 190 85 51 39 139 241 58 188 74 160 238 100 54
    150 12 18 42 233 190 59 61 3 119 76 91 116 217 32 144 246 8 117 145
    28 254 86 1 218 37 156 231 156 99 175 240 202 213 91 190 170 248 94
    41 255 141 77 242 59 104 208 150 176 3 239 53 124 113 82 132 26 73
    236 78 111 138 54 35 214 198 131 93 131 20 218 253 88 70 95 143 47
    230 190 247 229 246 17 57 195 122 199 183 76 189 152 167 21 137 22
    133 161 240 148 160 31 114 141 143 25 126 1 8 225 41 46 175 105 19
    34 0 206 117 141 87 74 79 232 173 178 110 217 41 55 69 191 14 22 249
    90 4 176 46 152 4 64 24 137 9 245 66 240 95 125 136 209 132 253 45
    195 67 14 130 119 10 89 90 30 115 237 79 45 186 201 174 162 126 117
    141 243 75 236 185 207 201 147 70 190 225 12 207 153 240 255 243 239
    79 121 184 204 231 19 63 161 36 130 135 37 152 9 216 97 225 184 242
    30 26 191 58 233 210 81 155 41 5 17 142 37 200 93 181 152 202 238
    252 18 116 244 4 150 115 35 176 97 144 205 93 161 27 138 83 9 181
    169 203 108 7 221 43 39 227 147 105 20 240 192 41 19 133 174 25 244
    202 113 206 84 182 225 124 195 245 48 49 28 151 10 183 65 87 113 190
    88 32 170 103 137 63 124 197 168 240 169 130 23 162 141 139 104 53
    149 227 238 16 103 3 205 152 213 148 23 239 46 160 17 2 72 23 206
    200 32 87 199 7 53 38 20 152 138 6 38 130 50 204 114 169 255 95 246
    49 149 135 209 134 199 246 187 49 215 245 123 167 246 38 13 115 17
    54 136 29 40 234 250 9 227 225 213 232 80 39 64 87 170 82 46 70 69
    185 56 4 84 44 230 205 90 54 230 90 194 227 210 235 13 114 52 25 72
    44 9 210 245 158 164 126 251 216 222 221 77 96 49 225 226 91 69 6
    101 148 59 120 116 153 166 31 119 87 253 65 141 170 178 121 29 244
    159 169 103 247 204 28 127 115 132 178 55 81 5 194 177 244 66 148
    246 50 242 26 126 178 122 33 82 0 245 216 67 224 86 221 39 188 254
    40 202 101 242 8 183 4 76 251 222 253 128 176 42 162 136 68 155 61
    139 199 74 174 221 55 9 185 197 62 93 75 171 97 212 254 151 239 58
    16 94 152 58 162 143 106 21 158 95 101 141 211 94 150 102 133 132
    149 111 192 174 76 6 216 140 7 84 9 225 6 35 41 100 254 113 217 26
    186 84 54 162 152 137 178 124 36 244 227 163 225 74 25 252 205 88 62
    165 77 171 176 247 78 200 85 95 76 119 50 177 2 194 65 200 158 29
    235 154 198 139 182 21 57 40 35 61 245 212 2 47 215 66 11 234 149 35
    201 103 227 222 61 211 253 10 30 84 193 130 135 128 31 173 236 227
    243 217 117 141 160 51 182 1 31 22 162 196 185 200 44 216 157 23 148
    31 61 140 46 58 236 89 175 255 9 71 31 198 136 111 217 0 122 78 55
    17 167 24 91 144 209 98 226 199 79 173 121 176 219 31 12 227 170 129
    209 56 83 197 85 178 101 213 46 81 52 164 36 81 177 254 115 110 101
    252 68 160 244 162 67 80 5 61 31 96 193 182 225 255 134 214 50 151
    209 55 14 36 254 176 49 175 113 215 219 208 225 161 153 83 103 5 130
    70 255 146 149 118 120 197 208 242 198 97 11 132 89 194 113 90 21
    187 140 18 21 7 184 223 221 82 21 16 85 95 53 53 17 60 119 149 188
    204 170 102 179 55 13 35 21 72 170 251 151 107 175 229 254 222 169
    133 46 191 27 185 86 234 243 19 2 32 209 201 214 65 99 165 232 227
    180 31 65 186 172 167 27 128 132 69 221 74 245 69 61 246 84 95 86 40
    101 137 177 190 40 22 10 234 32 138 185 247 189 125 125 78 177 20 67
    146 249 66 75 131 221 27 243 124 212 248 249 87 113 39 84 48 5 47
    169 240 207 66 227 108 96 37 7 6 135 180 242 155 146 172 92 46 166
    239 130 37 104 208 153 16 245 125 146 79 189 200 210 41 61 140 137
    241 230 158 44 100 34 53 4 0 0 65 56 5 132 158 89 244 252 6 89 27
    254 11 37 68 46 182 28 27 229 170 249 208 252 194 124 183 175 173
    240 80 107 193 144 52 251 33 70 152 35 164 159 201 116 151 252 124
    212 89 128 249 132 35 32 86 74 141 107 90 135 152 145 232 152 190
    147 12 129 219 104 169 231 179 236 51 3 227 241 66 189 48 84 32 186
    229 144 41 181 119 159 128 91 85 95 167 134 219 218 13 35 49 185 165
    64 231 72 36 202 56 187 37 229 241 43 173 161 184 52 70 111 236 1 49
    85 158 231 163 204 13 184 119 195 100 171 126 152 74 190 98 188 24
    133 136 163 118 200 99 230 104 53 10 218 242 3 15 59 15 158 26 89
    244 36 32 109 172 166 255 127 165 47 151 235 87 6 15 185 231 175 231
    197 117 148 96 25 143 126 227 247 253 22 161 110 95 128 211 78 109
    51 144 233 41 146 200 111 68 23 240 128 219 47 130 232 15 19 133 217
    239 59 186 15 180 138 51 189 2 86 51 228 83 233 58 150 123 114 63 87
    117 78 179 215 215 96 190 191 250 9 247 10 157 249 247 84 214 127
    124 199 17 4 92 8 82 188 203 34 6 71 18 246 68 20 102 26 40 185 45
    77 136 32 213 28 203 68 55 152 12 204 173 3 154 215 65 197 225 64
    106 109 43 44 229 11 3 97 183 7 232 231 243 10 40 86 201 153 123 212
    165 220 79 253 11 199 25 186 213 29 84 214 124 150 180 74 93 99 154
    185 194 73 201 200 162 108 28 122 255 154 177 49 112 112 11 67 118
    16 174 102 73 245 55 241 91 220 147 136 68 188 76 208 90 181 250 136
    94 205 16 233 12 42 10 185 184 68 158 3 3 129 121 53 10 107 226 190
    245 254 141 63 213 79 138 52 216 200 82 197 35 96 2 153 165 88 59 53
    92 117 148 68 171 213 113 76 112 70 169 129 244 68 139 166 150 36
    227 50 93 151 111 198 169 133 32 113 119 208 249 91 231 173 92 54 9
    232 232 227 168 201 194 255 213 231 241 142 143 116 137 127 2 152 64
    229 41 115 121 195 114 177 173 135 135 18 4 81 105 202 29 152 101
    132 215 76 54 193 251 88 34 61 91 252 225 116 220 117 24 115 229 139
    4 135 171 55 62 189 142 35 248 81 0 111 230 48 57 4 106 166 98 140
    56 241 99 74 253 103 26 179 240 35 165 44 231 36 23 161 192 206 80
    70 68 162 146 124 9 84 102 165 211 168 130 231 210 70 181 38 121 224
    165 91 236 193 153 85 244 57 243 127 89 197 247 4 250 110 249 71 216
    69 0 202 44 184 248 180 152 125 166 247 147 113 248 230 49 228 243
    100 112 187 206 194 131 230 4 145 240 43 123 238 254 46 126 207 15
    111 222 110 112 193 137 255 152 205 66 199 23 137 82 110 153 77 32 0
    199 120 231 58 242 255 215 81 53 104 23 96 214 20 159 26 63 10 30 93
    24 119 116 232 71 23 207 7 189 191 250 199 235 33 7 23 0 162 38 107
    134 240 124 20 34 44 199 134 2 251 20 42 253 229 19 250 125 145 201
    80 84 56 103 243 21 245 211 247 244 244 65 58 255 159 172 96 8 47
    221 40 49 25 139 210 183 82 220 214 60 226 203 7 210 173 146 195 143
    113 48 155 187 65 166 3 71 61 108 91 199 208 239 77 36 155 187 74
    212 153 194 209 167 61 187 246 149 114 169 203 20 148 219 245 70 25
    66 27 87 166 254 150 178 236 29 178 45 41 238 201 84 26 6 100 231 58
    232 226 186 79 177 83 67 51 145 129 222 103 36 13 49 167 221 180 148
    0 30 114 68 196 52 67 192 72 91 163 158 217 30 215 79 123 167 145
    184 132 70 38 54 167 154 58 216 52 28 180 39 237 133 107 86 68 50
    209 168 74 210 37 17 97 74 183 95 115 77 108 245 174 194 76 76 109
    148 24 17 68 52 44 149 27 98 64 185 70 8 193 255 73 162 155 48 81
    229 207 181 124 22 223 149 126 63 59 121 150 110 53 231 217 189 83
    174 52 88 76 2 0 216 239 90 32 247 32 120 180 228 233 153 5 57 94
    147 219 218 54 167 254 1 148 81 33 217 53 156 52 211 76 163 15 52
    244 7 70 177 183 181 87 137 171 154 163 244 111 37 120 16 20 116 183
    198 252 188 242 181 81 194 71 93 95 30 82 95 180 137 201 86 138 36
    219 243 246 133 207 71 71 10 236 66 103 173 77 122 245 214 85 134
    252 172 95 38 46 161 234 179 196 69 7 35 37 94 247 231 95 180 36 222
    135 219 129 43 252 87 155 144 77 118 76 170 106 177 233 121 114 41
    247 32 0 72 245 247 186 105 100 98 78 18 8 210 63 132 0 196 111 90
    86 58 104 125 186 51 126 55 242 248 80 93 23 79 205 222 23 136 193
    50 61 69 231 112 124 88 10 44 131 104 159 12 108 171 150 238 147 3
    255 113 48 6 226 66 51 19 148 121 124 254 157 101 235 113 255 71 232
    139 103 172 35 121 15 59 21 68 63 169 212 100 61 102 72 30 175 144
    39 209 105 246 237 184 234 88 63 102 245 71 198 194 218 61 4 186 95
    8 156 13 164 59 24 171 46 71 145 168 186 104 111 126 48 127 22 159
    169 195 123 49 230 46 92 68 34 237 82 220 228 163 153 58 70 118 36
    191 252 9 55 181 87 126 97 171 185 196 205 116 234 27 213 106 139
    215 248 149 63 19 225 49 135 80 43 83 155 190 108 201 230 240 192 76
    82 147 159 120 192 97 208 103 39 134 41 39 170 229 196 198 248 162
    81 67 135 59 254 78 73 73 116 22 165 240 114 230 190 107 238 153 252
    23 53 170 114 121 162 202 154 104 107 183 11 54 11 102 40 213 232
    248 39 236 82 91 157 126 136 121 165 154 125 33 182 43 43 62 202 15
    219 81 233 242 168 184 249 19 65 91 16 119 156 144 75 122 149 77 185
    41 210 34 128 48 27 106 156 156 21 186 209 14 177 177 48 106 135 59
    140 59 122 255 177 99 251 192 132 3 172 185 66 128 179 62 38 37 231
    17 43 144 140 71 122 157 47 91 179 55 42 48 139 26 170 170 105 157
    210 209 179 204 111 191 125 52 12 74 195 24 45 89 30 137 33 52 194
    185 49 38 213 172 18 146 73 192 5 243 99 0 51 79 148 11 43 189 89
    180 97 143 120 0 231 179 234 147 198 68 11 153 255 63 51 162 145 236
    233 131 6 32 152 234 2 217 184 47 76 181 31 148 38 92 84 120 57 176
    235 95 207 113 17 239 233 145 166 252 34 230 25 209 106 15 96 182 90
    117 145 139 165 154 16 118 236 81 102 118 203 200 62 109 71 201 223
    16 2 49 253 237 170 168 178 69 127 137 210 232 73 209 60 165 239 2
    12 20 250 94 167 78 82 253 58 111 212 56 184 59 60 228 52 91 214 94
    1 137 195 72 214 224 212 128 90 251 124 70 142 191 41 158 18 237 1
    75 188 211 142 13 128 105 118 71 131 87 18 153 27 124 24 201 144 245
    7 154 173 202 183 201 50 171 127 2 145 4 27 205 229 140 237 15 94 5
    4 200 201 161 207 207 107 120 25 180 103 174 105 246 159 233 144 224
    128 1 22 69 221 139 180 109 59 90 133 225 171 104 1 40 40 62 78 96
    201 42 187 55 148 11 182 43 218 205 13 139 113 134 46 200 6 193 117
    228 94 127 215 136 7 248 88 244 162 10 208 73 8 193 13 209 94 115
    187 4 239 241 202 235 15 164 228 199 31 50 184 6 191 239 11 158 242
    84 179 216 201 153 171 193 28 31 199 79 59 60 129 162 79 210 56 155
    27 51 147 240 211 234 173 164 12 240 209 203 119 70 173 120 182 157
    243 29 180 72 81 246 90 222 161 111 62 57 81 204 217 169 209 246 246
    211 103 131 60 163 232 177 18 179 103 181 234 95 64 94 81 157 26 142
    99 43 53 98 203 242 4 133 10 208 70 227 70 185 171 166 160 46 250 47
    122 82 205 186 16 165 118 93 82 203 140 92 119 187 240 227 17 167
    238 195 178 191 38 100 85 8 115 64 79 136 192 198 102 69 44 138 78
    226 102 41 161 26 184 46 220 56 66 179 197 55 5 232 108 230 20 84 75
    69 127 147 211 198 194 1 193 45 116 73 196 140 111 8 253 7 66 67 247
    77 28 65 168 47 67 54 63 95 137 211 39 155 82 16 112 153 244 88 83
    95 72 99 126 205 96 17 125 114 136 31 128 228 55 85 176 106 160 75
    245 121 121 17 169 163 137 77 103 193 51 81 112 236 89 219 226 202
    64 86 222 191 80 31 136 120 160 14 44 72 183 40 162 233 20 233 25
    105 132 199 160 190 253 246 214 254 122 113 7 175 135 245 81 203 192
    88 26 129 47 117 195 215 62 62 182 223 132 46 173 105 218 205 44 69
    21 72 123 70 7 120 240 197 181 70 225 79 26 185 161 187 219 76 194
    233 66 210 39 13 73 216 201 122 110 131 63 217 255 156 114 107 246
    16 157 2 122 110 109 188 220 76 142 16 114 191 36 110 86 132 148 32
    122 76 243 0 31 28 178 65 138 4 98 102 225 90 64 245 234 221 79 48
    230 58 89 0 80 148 182 2 71 66 131 182 110 151 220 253 105 205 59
    190 76 47 201 201 70 70 83 171 33 173 84 196 36 158 132 163 235 189
    148 53 71 66 167 160 23 104 152 64 107 197 167 247 131 186 222 9 119
    203 56 67 247 45 194 250 188 250 84 188 171 178 182 255 90 16 241
    250 125 191 219 52 34 124 189 54 93 247 7 26 178 190 240 69 158 114
    50 76 54 30 0 5 10 205 221 70 159 58 68 181 215 49 47 49 27 18 206
    103 251 11 100 139 55 222 248 161 77 98 92 16 48 208 163 195 43 62
    150 201 92 49 53 172 200 247 73 85 88 49 236 80 173 187 171 55 254
    20 85 172 136 50 239 18 66 169 119 20 185 139 187 188 143 253 187
    148 28 159 155 39 137 252 186 146 28 105 22 15 133 104 179 205 95
    246 201 9 178 24 4 237 29 224 1 101 194 159 183 208 58 23 165 204
    247 230 25 136 243 36 144 58 69 53 179 11 159 231 94 239 113 10 193
    32 194 80 130 224 223 75 211 25 223 8 47 70 52 172 48 62 90 199 89
    69 96 36 14 233 203 176 126 201 207 208 69 233 124 212 207 202 142
    165 3 152 0 239 199 107 23 130 165 235 84 89 243 233 51 168 59 127
    237 246 202 185 27 152 31 151 23 2 222 105 126 0 176 91 138 7 188 58
    167 221 33 230 210 239 23 163 75 94 133 244 62 66 73 155 48 79 218
    175 39 19 140 222 254 219 0 6 12 159 108 156 31 44 134 231 136 171
    158 105 165 153 131 83 135 172 149 53 208 28 198 135 211 211 7 182
    111 105 207 47 228 178 181 62 150 237 191 203 34 214 25 51 140 228
    195 100 10 192 10 193 252 22 220 6 54 144 178 228 49 109 175 208 9
    211 232 50 10 87 73 120 211 107 90 92 37 164 204 248 225 46 34 114
    107 177 25 32 42 175 159 240 65 236 112 17 158 163 27 95 149 52 38
    204 235 255 184 100 128 111 254 226 106 3 59 21 151 208 212 9 242
    247 185 96 179 222 60 48 96 7 89 0 34 83 187 112 132 186 43 62 103
    183 163 138 134 192 244 224 212 68 110 39 13 122 61 89 148 97 9 10
    172 178 15 191 112 17 197 42 62 130 71 101 92 144 228 226 139 145
    155 73 78 10 151 94 206 127 117 123 203 101 111 162 107 224 100 153
    12 72 147 128 11 41 81 234 54 95 110 200 126 62 164 36 221 183 243
    37 197 212 138 54 121 254 252 42 29 187 245 144 139 65 200 254 63 66
    242 186 206 8 167 73 43 252 232 232 207 135 159 48 209 186 140 109
    205 180 83 84 0 204 222 42 96 240 93 91 202 246 210 54 56 98 253 125
    100 112 211 137 39 185 129 41 194 69 235 167 237 177 40 206 178 25
    142 206 23 79 53 144 172 201 160 198 63 190 112 189 62 189 23 154
    194 126 18 141 93 32 233 96 143 19 79 136 205 230 209 157 38 166 21
    63 201 154 125 34 139 94 103 248 161 170 64 187 106 146 3 57 204 184
    109 9 191 175 61 30 34 91 133 90 118 244 36 150 187 200 204 248 78
    34 62 9 40 126 39 86 170 224 34 120 231 27 160 123 186 244 99 217
    134 52 51 7 4 136 24 165 109 63 134 79 238 69 177 217 139 131 167 33
    5 135 184 242 223 209 73 10 211 75 75 140 180 158 42 180 74 125 97
    123 211 104 46 185 87 175 235 217 2 78 255 201 63 25 244 148 2 177
    174 57 60 10 54 223 32 30 197 122 209 43 173 72 91 228 49 134 188
    221 32 42 194 236 109 142 197 138 114 111 53 92 188 46 207 167 33 32
    217 166 120 70 193 254 203 207 32 235 81 239 162 161 129 173 218 147
    130 135 32 159 45 5 11 164 153 132 208 35 43 164 38 130 78 233 78 56
    242 239 181 47 172 88 14 236 101 11 114 101 179 217 159 155 88 83
    219 66 225 172 93 199 94 202 183 199 84 94 230 126 210 170 209 99 95
    121 252 239 104 79 249 73 158 83 194 128 18 52 139 25 88 33 221 145
    5 131 245 195 88 99 239 60 152 69 115 101 170 126 233 37 173 122 81
    5 152 71 246 164 227 211 222 146 166 125 121 149 104 85 156 28 131
    66 173 232 101 202 120 121 8 108 121 253 26 104 72 167 157 130 72 77
    133 97 50 238 120 159 90 236 181 107 185 172 76 132 162 50 196 243
    180 169 103 75 172 169 91 24 206 60 165 16 102 222 72 43 254 83 24
    122 12 209 233 18 15 155 83 177 245 12 67 5 246 38 225 86 179 233
    128 98 193 250 181 242 196 180 24 232 65 63 119 230 135</data></test_img>
<my_img type_id="opencv-matrix">
  <rows>50</rows>
  <cols>100</cols>
  <dt>u</dt>
  <data>
    14 149 228 188 115 212 159 131 56 251 223 90 65 229 81 189 47 147
    249 203 82 35 210 243 30 95 216 176 110 66 14 250 27 136 206 220 168
    124 212 23 171 150 248 93 244 194 42 161 5 16 60 138 238 227 14 6 20
    91 88 44 153 55 120 182 27 234 217 175 23 58 162 153 89 207 252 250
    28 183 241 101 71 9 136 152 22 57 59 4 86 74 183 1 224 148 44 146
    136 109 26 152 14 65 155 107 1 56 42 100 230 158 230 101 97 218 48
    118 230 175 11 155 73 104 177 31 29 4 147 208 20 22 52 58 163 169
    192 3 24 136 174 134 35 43 254 130 67 165 211 112 162 6 177 83 41
    224 193 185 248 211 129 110 107 255 52 164 58 125 86 215 69 82 80
    124 154 0 192 210 147 43 46 74 28 188 50 174 94 69 141 31 200 87 102
    168 252 112 194 160 55 181 154 10 166 132 140 186 54 224 235 31 93
    245 27 169 60 245 209 3 88 189 202 117 40 197 128 221 115 189 87 42
    223 118 201 115 55 93 199 224 173 191 166 137 21 46 47 122 204 138
    80 57 126 69 130 161 96 168 140 17 157 228 217 32 167 64 147 247 82
    83 181 110 218 234 143 83 176 140 114 82 34 171 57 245 180 55 192 62
    225 94 37 204 85 119 95 251 104 72 194 56 105 197 241 222 4 149 170
    184 37 201 119 146 58 36 165 22 69 39 196 103 49 206 201 128 95 184
    77 173 242 83 154 183 60 17 26 155 173 215 125 51 224 251 76 239 147
    31 120 76 69 233 33 134 110 25 171 228 131 152 168 109 83 253 139
    201 231 120 50 44 219 146 4 139 51 68 185 169 42 61 248 253 246 33
    69 77 53 211 166 98 225 217 42 251 157 143 247 87 235 6 104 143 67
    193 223 133 102 190 7 197 16 203 218 221 52 104 19 127 108 17 253 83
    27 182 109 138 180 130 204 31 0 70 17 101 64 186 148 249 169 200 151
    123 48 18 36 146 111 234 26 26 95 54 190 52 139 102 38 33 81 22 130
    60 199 154 202 193 208 1 107 5 230 195 253 69 44 154 134 233 5 52
    148 1 5 47 151 231 172 187 217 238 17 166 252 55 118 33 228 33 83
    142 46 78 233 12 38 158 174 17 162 21 218 255 88 8 230 168 11 250
    248 211 119 175 233 100 40 142 210 147 24 100 230 80 168 196 245 178
    134 223 113 124 118 243 103 101 81 69 237 219 212 215 87 66 232 185
    85 226 110 129 171 190 13 175 77 11 222 56 211 224 190 32 214 144
    120 11 205 111 35 39 109 72 49 98 109 0 182 117 137 57 81 13 24 176
    72 65 209 36 194 75 230 215 143 208 188 54 45 1 149 212 113 234 109
    4 119 215 232 165 135 3 0 217 125 253 120 194 65 252 241 174 30 90
    149 50 199 220 182 162 102 202 139 96 208 201 158 17 244 165 14 160
    238 7 226 50 151 43 173 132 228 169 31 90 20 107 180 243 5 232 197
    91 156 30 3 252 18 248 87 14 159 18 46 5 187 252 9 176 175 26 43 28
    59 251 198 136 169 92 195 97 221 154 176 104 76 250 249 245 244 44
    200 229 175 47 199 193 139 91 36 182 152 73 70 250 142 173 71 17 253
    25 179 178 129 252 74 23 155 253 107 167 46 50 167 216 99 133 214
    185 23 187 33 33 222 238 27 187 129 153 231 142 54 253 199 204 90 71
    80 185 113 137 33 46 109 220 104 27 210 169 59 210 204 197 190 100
    84 20 193 189 130 71 78 136 8 165 121 187 104 237 194 78 60 93 84
    133 225 44 74 145 75 104 237 224 222 232 243 119 38 161 90 75 133
    247 78 244 244 186 99 221 43 90 58 6 247 165 6 202 73 168 42 37 172
    73 134 167 107 224 69 92 167 17 221 114 145 9 22 62 46 109 202 124
    223 220 107 87 121 7 32 91 199 22 133 9 101 175 249 63 114 162 160
    78 17 53 185 162 195 10 232 73 27 134 56 215 39 167 197 155 243 173
    245 25 6 239 150 240 67 180 189 142 125 92 246 29 108 18 146 214 9
    138 116 49 53 180 5 134 94 58 170 209 105 255 147 43 245 197 103 209
    182 130 26 110 224 80 190 23 179 70 151 96 121 121 195 253 197 153
    177 105 158 213 162 213 156 14 173 179 246 168 195 190 218 163 224
    28 79 68 177 102 135 193 215 162 131 117 27 94 222 124 255 127 131
    176 231 117 28 153 69 231 82 205 39 180 83 37 26 139 241 58 188 74
    160 238 100 54 150 12 18 42 233 181 73 77 9 127 83 96 117 211 44 147
    235 14 118 144 32 253 83 5 224 40 154 233 152 87 175 239 205 211 77
    190 172 247 88 48 255 142 76 240 60 95 205 152 179 1 236 48 117 108
    78 137 37 78 236 86 119 146 71 53 214 193 145 107 139 27 215 253 103
    78 109 145 49 228 188 244 223 241 17 57 190 116 196 170 71 173 134
    167 21 137 22 133 161 240 148 160 31 114 141 143 25 125 3 15 216 51
    54 165 111 29 48 3 198 122 136 90 79 78 231 177 187 100 221 41 50 63
    196 10 23 248 77 5 181 54 156 5 66 26 133 14 243 66 236 93 120 131
    214 127 253 45 195 74 20 144 126 12 97 100 46 125 237 87 61 177 194
    170 155 133 120 143 244 86 237 185 210 205 141 79 192 219 12 207 138
    237 255 241 231 79 121 184 204 231 19 63 161 36 130 135 37 152 9 206
    100 218 168 235 34 31 180 69 227 198 93 160 50 11 22 137 44 206 95
    192 151 205 236 252 17 109 241 5 145 111 45 180 96 138 203 84 156 29
    120 68 15 172 161 202 93 6 219 41 41 228 154 109 27 231 187 58 25
    144 175 34 241 195 120 202 87 175 223 133 196 245 52 51 28 148 14
    178 66 91 112 190 85 26 148 94 119 63 124 197 168 240 169 130 23 162
    141 139 104 53 149 222 233 23 108 9 189 148 202 150 33 232 57 165 23
    8 84 27 205 206 39 93 199 11 54 45 19 142 128 9 45 124 65 207 113
    169 255 90 243 57 134 120 207 124 198 246 185 42 216 244 112 162 247
    51 14 121 18 62 145 42 53 235 249 10 227 222 206 229 80 40 66 102
    161 92 46 79 76 180 58 3 80 39 227 207 80 43 219 90 194 227 210 235
    13 114 52 25 72 44 9 210 245 153 167 129 249 209 212 209 84 109 60
    220 223 101 77 12 117 151 70 127 121 163 167 34 120 92 253 63 138
    167 181 119 44 240 161 169 101 246 207 34 108 99 121 169 52 70 5 193
    175 241 57 151 248 52 241 31 129 178 124 43 80 2 241 206 65 216 87
    214 35 175 255 41 203 116 238 15 177 6 85 252 221 253 119 169 36 148
    124 68 155 61 139 199 74 174 221 55 9 185 197 62 93 83 169 105 202
    255 146 236 65 24 104 160 69 172 151 122 27 164 105 114 150 214 102
    147 107 138 129 139 107 193 171 76 11 219 139 12 84 15 229 9 37 40
    92 250 100 219 23 184 77 44 155 153 147 184 130 41 238 229 164 227
    71 31 253 195 92 63 158 71 160 169 247 82 198 96 109 85 120 56 172 1
    194 61 202 146 26 230 139 198 139 182 21 57 40 35 61 245 212 2 47
    215 66 20 235 154 44 189 110 226 218 74 202 249 17 33 90 196 136 137
    133 37 186 237 224 241 218 122 138 159 54 181 1 34 31 162 201 187
    202 48 222 144 22 137 33 57 130 36 51 232 83 171 255 6 68 31 210 143
    101 218 2 125 75 57 17 154 25 94 142 192 96 212 185 76 165 128 169
    215 29 17 223 162 126 216 51 79 198 86 175 101 213 46 81 52 164 36
    81 177 254 115 110 101 252 82 163 243 167 75 83 9 68 39 108 188 180
    229 255 145 214 59 158 210 70 22 45 255 182 58 177 112 211 216 207
    223 164 158 91 109 10 129 74 255 138 148 114 113 198 209 236 204 93
    9 130 87 202 116 94 18 187 148 17 25 3 177 218 213 78 25 16 84 97 49
    51 23 57 122 147 184 204 162 109 170 48 17 32 23 65 163 250 151 107
    175 229 254 222 169 133 46 191 27 185 86 234 238 24 5 36 192 184 196
    69 101 165 233 227 179 35 76 189 175 171 32 137 142 84 220 84 245 82
    69 245 93 107 93 53 105 139 182 196 48 22 15 230 34 138 181 246 188
    118 122 75 176 14 65 148 249 62 74 131 219 34 236 134 203 244 247 92
    117 39 87 48 3 46 168 238 207 68 228 112 109 42 11 8 130 177 240 144
    131 165 92 46 166 239 130 37 104 208 153 16 245 125 146 79 176 188
    197 40 59 125 125 231 226 155 48 102 37 56 9 2 2 76 69 11 138 164 94
    241 249 11 95 28 253 17 39 76 54 184 35 32 232 167 247 207 248 192
    117 180 168 170 237 75 96 193 137 51 252 33 66 151 40 162 156 194
    120 144 252 128 202 96 133 248 138 39 35 94 78 142 112 99 135 156
    141 232 159 195 142 17 118 215 104 169 231 179 236 51 3 227 241 66
    189 48 84 32 172 221 134 39 164 113 151 121 88 85 96 164 134 212 213
    18 37 54 188 177 77 228 86 42 204 70 192 39 227 237 48 177 163 184
    63 75 105 237 1 44 80 151 229 158 206 11 186 112 207 92 168 130 159
    74 195 95 187 26 138 147 162 125 186 110 226 119 52 14 210 241 1 19
    59 20 158 31 96 244 39 35 116 175 165 255 118 161 47 151 235 87 6 15
    185 231 175 231 197 117 148 96 29 130 122 218 240 253 18 155 108 88
    127 196 73 111 46 152 235 40 154 201 117 79 28 235 135 214 50 130
    230 22 23 137 218 238 67 186 20 176 128 48 189 3 85 48 230 79 235 56
    150 114 111 59 94 119 80 180 218 216 101 190 189 250 9 241 14 153
    248 245 83 215 138 131 198 25 6 91 12 84 188 210 41 8 70 20 243 75
    20 102 26 40 185 45 77 136 32 213 28 203 68 55 143 16 194 164 7 153
    203 61 180 213 62 105 109 35 39 226 14 8 102 186 16 227 224 238 18
    49 94 193 154 130 205 165 221 86 250 17 197 24 187 207 26 84 215 119
    146 184 70 94 96 154 189 202 71 214 210 161 109 32 128 255 153 179
    45 120 125 15 65 129 19 182 112 67 247 54 238 93 221 151 138 66 195
    75 216 93 184 249 136 94 205 16 233 12 42 10 185 184 68 158 3 3 124
    114 52 15 104 214 181 238 253 138 63 197 76 142 52 205 189 90 192 39
    108 7 152 164 102 73 61 103 127 150 82 170 206 120 82 113 76 168 119
    245 59 133 164 152 27 226 39 93 154 108 206 171 143 25 118 121 209
    249 97 228 173 99 56 14 233 235 230 171 203 199 255 222 235 240 142
    142 119 144 135 1 161 59 229 44 116 124 195 114 177 173 135 135 18 4
    81 105 202 29 152 101 127 207 76 48 186 247 88 27 57 87 249 214 114
    212 122 22 117 219 142 11 141 162 68 76 186 146 34 246 93 3 124 227
    52 61 5 105 164 92 133 45 243 92 61 252 93 12 182 244 24 163 40 230
    32 14 160 188 206 83 66 65 160 145 130 12 90 114 170 212 178 148 232
    215 70 186 45 125 220 168 94 231 204 158 78 241 65 239 127 89 197
    247 4 250 110 249 71 216 69 0 202 44 172 246 169 148 118 171 243 148
    112 245 227 42 221 239 103 117 184 194 187 137 218 11 145 231 51 131
    229 253 51 139 203 19 124 219 113 117 197 134 255 144 207 58 206 17
    126 75 107 153 76 20 2 207 122 229 46 233 255 215 79 44 110 25 95
    213 24 158 34 67 16 39 102 32 127 125 231 68 25 212 8 198 205 252
    213 232 36 11 23 0 162 38 107 134 240 124 20 34 44 199 134 2 250 19
    42 253 224 16 246 126 151 195 83 85 60 105 241 22 246 198 248 245
    243 83 75 255 164 176 111 15 57 218 50 61 23 142 204 179 84 227 216
    54 227 206 7 215 173 137 205 135 112 42 153 192 62 165 5 66 58 113
    92 201 207 235 75 36 152 193 80 219 162 201 210 172 56 190 246 148
    113 175 207 20 155 220 244 66 28 71 27 87 166 254 150 178 236 29 178
    45 41 238 201 84 29 8 99 226 56 231 222 187 79 172 82 66 49 142 130
    215 104 32 19 56 161 207 171 154 5 32 122 79 198 60 78 195 82 99 163
    160 221 23 219 82 122 172 139 189 124 63 29 51 178 155 53 220 45 15
    178 29 236 137 111 94 65 41 207 164 76 216 43 28 109 84 190 100 114
    83 100 247 173 199 84 83 114 152 25 15 73 62 44 149 27 98 64 185 70
    8 193 255 73 162 155 48 87 224 205 175 119 25 218 151 134 61 59 117
    143 102 51 226 205 179 86 173 60 93 84 9 5 207 235 101 35 245 39 133
    188 228 239 158 7 49 99 148 226 229 49 173 253 3 152 85 26 227 52
    156 49 213 73 158 15 52 238 11 68 175 177 176 88 144 173 156 168 245
    110 41 121 17 26 117 176 197 255 189 240 181 77 198 76 100 95 30 82
    95 180 137 201 86 138 36 219 243 246 133 206 78 77 16 230 71 107 171
    80 122 241 207 84 128 250 162 90 34 45 155 227 168 184 78 16 40 40
    102 244 230 110 187 33 223 138 222 134 34 248 91 160 139 78 120 75
    172 111 181 238 119 110 37 248 22 2 70 241 246 181 116 105 103 83 25
    10 219 60 146 1 207 113 86 80 53 96 126 179 48 135 57 241 249 73 87
    24 79 205 222 23 136 193 50 61 69 231 112 124 88 10 44 133 101 156
    18 104 172 154 235 143 2 255 104 39 6 216 63 43 20 143 119 122 253
    154 110 230 122 255 76 231 152 118 179 31 135 10 54 11 66 60 176 215
    103 60 109 76 18 181 141 36 212 100 245 238 178 232 88 62 104 241 74
    199 196 223 52 6 194 110 11 164 19 169 53 28 182 43 73 148 175 188
    108 113 130 48 129 18 160 169 195 123 49 230 46 92 68 34 237 82 220
    228 163 154 59 66 116 35 189 252 8 50 180 82 126 88 163 180 192 193
    111 231 31 203 108 137 203 248 158 65 23 223 53 145 90 44 96 161 194
    116 207 237 245 198 80 93 147 160 120 194 96 203 101 37 129 39 33
    160 222 186 193 247 156 87 61 145 50 254 87 80 80 134 31 177 244 124
    229 196 110 232 159 255 27 59 175 116 122 162 210 154 104 107 183 11
    54 11 102 40 213 232 248 39 236 86 91 151 127 134 121 168 153 126 27
    179 35 35 57 196 9 210 77 226 237 160 170 248 25 65 100 22 124 162
    153 83 135 162 82 190 33 216 28 134 48 23 110 163 163 16 187 214 16
    177 176 45 103 134 56 136 53 120 255 162 107 249 193 142 8 176 198
    71 148 190 66 45 41 233 19 41 152 144 79 139 169 52 99 181 62 41 52
    139 26 170 170 105 157 210 209 179 204 111 191 125 52 16 74 188 26
    41 95 28 143 33 45 193 185 42 32 210 165 17 137 71 186 9 235 99 3 50
    84 151 12 43 193 97 180 111 151 127 1 240 182 241 151 205 78 14 154
    255 67 45 163 141 236 230 127 12 28 144 230 6 213 176 44 85 181 34
    154 40 109 103 142 53 187 239 109 219 128 18 236 229 155 175 254 36
    231 26 223 117 10 96 182 90 117 145 139 165 154 16 118 236 81 102
    118 206 197 57 113 68 210 229 15 1 41 252 239 162 163 178 65 124 135
    206 226 76 198 58 163 235 8 15 24 249 94 170 78 86 253 52 116 219 56
    196 68 70 232 56 102 219 100 3 138 192 80 209 216 207 126 91 252 119
    75 143 185 45 154 31 238 7 87 204 226 159 18 146 125 137 86 146 97
    18 165 34 143 29 209 148 248 5 154 173 202 183 201 50 171 127 2 145
    4 27 205 229 140 245 15 105 5 3 206 215 160 219 219 103 116 20 178
    94 167 94 243 146 228 134 216 119 5 27 63 212 135 177 104 62 91 131
    223 172 109 3 39 41 74 90 107 206 43 190 58 153 15 178 48 212 194 23
    137 110 128 45 195 17 190 121 226 104 133 221 146 12 252 104 247 175
    12 216 94 8 199 11 218 111 133 195 2 238 241 213 237 15 164 228 199
    31 50 184 6 191 239 11 158 242 84 188 222 209 153 176 197 24 27 207
    76 56 57 121 152 76 209 52 135 26 50 134 238 205 229 160 154 14 238
    209 206 117 66 172 122 184 161 247 26 187 85 93 248 101 224 160 118
    73 63 82 196 209 150 202 246 246 204 102 129 63 158 230 169 32 178
    119 185 239 118 71 116 102 170 29 163 113 43 59 111 206 245 2 142 7
    218 78 231 70 185 171 166 160 46 250 47 122 82 205 186 16 165 126 95
    84 212 144 94 120 193 244 235 18 159 240 190 169 179 35 86 78 12 108
    56 73 125 188 197 96 59 43 134 75 227 97 40 163 17 190 50 221 67 82
    182 203 62 5 231 124 231 25 86 80 75 125 143 210 194 185 7 189 46
    121 79 197 150 121 17 254 9 71 76 248 93 33 75 182 53 77 61 73 104
    146 221 35 159 84 20 112 153 244 88 83 95 72 99 126 205 96 17 125
    114 144 29 130 232 54 85 180 103 147 73 245 113 110 15 154 142 124
    70 91 181 46 76 104 231 87 215 226 204 59 80 221 197 76 26 130 117
    162 10 48 79 178 45 164 237 23 238 32 114 128 194 154 176 253 248
    214 254 119 114 17 168 141 241 88 207 195 99 27 139 46 130 201 220
    63 69 190 224 135 50 178 117 223 210 42 70 22 78 123 70 7 120 240
    197 181 70 225 79 26 185 161 187 227 71 193 238 66 221 36 8 70 224
    201 116 102 120 61 219 255 139 103 99 244 20 147 7 116 112 105 194
    220 65 137 16 109 201 28 110 91 134 153 36 127 90 244 2 39 36 179 76
    134 8 102 102 226 96 71 241 232 221 83 52 230 62 96 3 91 158 192 3
    75 69 142 194 121 164 223 255 114 209 70 196 94 53 204 209 77 76 83
    171 33 173 84 196 36 158 132 163 235 189 148 53 74 63 165 159 23 101
    145 59 107 195 156 249 121 181 226 8 103 196 50 60 246 37 189 250
    182 250 80 189 162 169 176 255 88 18 240 249 128 197 218 62 41 134
    189 62 109 252 10 33 167 179 238 74 153 119 59 82 60 34 3 11 24 203
    222 79 165 65 75 187 219 50 45 50 27 18 206 114 252 12 112 150 60
    222 249 161 78 101 92 16 48 208 163 195 43 62 150 201 92 49 53 172
    207 253 73 90 87 39 236 77 170 186 160 46 254 17 80 159 125 41 238
    19 57 154 111 22 169 135 180 187 129 252 182 134 23 147 144 32 137
    253 186 151 28 118 23 19 142 117 175 204 97 246 188 19 170 33 9 235
    33 228 7 107 193 163 178 213 68 26 177 206 249 232 20 147 241 39 156
    63 77 58 187 14 170 230 99 243 112 12 193 32 194 80 130 224 223 75
    211 25 223 8 47 70 53 179 44 59 87 198 84 59 94 29 11 233 203 172
    125 197 201 206 61 228 114 216 205 197 128 159 8 137 2 239 201 92 15
    114 151 237 85 88 245 238 56 165 67 133 239 249 202 181 32 148 41
    147 31 7 222 113 131 3 173 99 150 16 182 69 177 224 37 232 209 238
    20 164 86 105 141 243 65 69 85 159 48 84 219 178 37 22 140 222 254
    219 0 6 12 159 108 156 31 44 134 231 136 171 158 105 165 153 131 83
    135 172 149 53 208 28 198 135 211 211 7 182 111 105 207 47 228 178
    181 62 150 237 191 203 34 214 25 51 140 228 195 100 10 192 10 193
    252 22 220 6 54 144 178 228 49 109 175 208 9 211 232 50 10 87 73 120
    211 107 90 92 37 164 204 248 225 46 34 114 107 177 25 32 42 175 159
    240 65 236 112 17 158 163 27 95 149 52 38 204 235 255 184 100 128
    111 254 226 106 3 59 21 151 208 212 9 242 247 185 96 179 222 60 48
    96 7 89 0 34 83 187 112 132 186 43 62 103 183 163 138 134 192 244
    224 212 68 110 39 13 122 61 89 148 97 9 10 172 178 15 191 112 17 197
    42 62 130 71 101 92 144 228 226 139 145 155 73 78 10 151 94 206 127
    117 123 203 101 111 162 107 224 100 153 12 72 147 128 11 41 81 234
    54 95 110 200 126 62 164 36 221 183 243 37 197 212 138 54 121 254
    252 42 29 187 245 144 139 65 200 254 63 66 242 186 206 8 167 73 43
    252 232 232 207 135 159 48 209 186 140 109 205 180 83 84 0 204 222
    42 96 240 93 91 202 246 210 54 56 98 253 125 100 112 211 137 39 185
    129 41 194 69 235 167 237 177 40 206 178 25 142 206 23 79 53 144 172
    201 160 198 63 190 112 189 62 189 23 154 194 126 18 141 93 32 233 96
    143 19 79 136 205 230 209 157 38 166 21 63 201 154 125 34 139 94 103
    248 161 170 64 187 106 146 3 57 204 184 109 9 191 175 61 30 34 91
    133 90 118 244 36 150 187 200 204 248 78 34 62 9 40 126 39 86 170
    224 34 120 231 27 160 123 186 244 99 217 134 52 51 7 4 136 24 165
    109 63 134 79 238 69 177 217 139 131 167 33 5 135 184 242 223 209 73
    10 211 75 75 140 180 158 42 180 74 125 97 123 211 104 46 185 87 175
    235 217 2 78 255 201 63 25 244 148 2 177 174 57 60 10 54 223 32 30
    197 122 209 43 173 72 91 228 49 134 188 221 32 42 194 236 109 142
    197 138 114 111 53 92 188 46 207 167 33 32 217 166 120 70 193 254
    203 207 32 235 81 239 162 161 129 173 218 147 130 135 32 159 45 5 11
    164 153 132 208 35 43 164 38 130 78 233 78 56 242 239 181 47 172 88
    14 236 101 11 114 101 179 217 159 155 88 83 219 66 225 172 93 199 94
    202 183 199 84 94 230 126 210 170 209 99 95 121 252 239 104 79 249
    73 158 83 194 128 18 52 139 25 88 33 221 145 5 131 245 195 88 99 239
    60 152 69 115 101 170 126 233 37 173 122 81 5 152 71 246 164 227 211
    222 146 166 125 121 149 104 85 156 28 131 66 173 232 101 202 120 121
    8 108 121 253 26 104 72 167 157 130 72 77 133 97 50 238 120 159 90
    236 181 107 185 172 76 132 162 50 196 243 180 169 103 75 172 169 91
    24 206 60 165 16 102 222 72 43 254 83 24 122 12 209 233 18 15 155 83
    177 245 12 67 5 246 38 225 86 179 233 128 98 193 250 181 242 196 180
    24 232 65 63 119 230 135</data></my_img>
<your_img type_id="opencv-matrix">
  <rows>50</rows>
  <cols>100</cols>
  <dt>u</dt>
  <data>
    14 149 228 188 115 212 159 131 56 251 223 90 65 229 81 189 47 147
    249 203 82 35 210 243 30 95 216 176 110 66 14 250 27 136 206 220 168
    124 212 23 171 150 248 93 244 194 42 161 5 16 60 138 238 227 14 6 20
    91 88 44 153 55 120 182 27 234 217 175 23 58 162 153 89 207 252 250
    28 183 241 101 71 9 136 152 22 57 59 4 86 74 183 1 224 148 44 146
    136 109 26 152 14 65 155 107 1 56 42 100 230 158 230 101 97 218 48
    118 230 175 11 155 73 104 177 31 29 4 147 208 20 22 52 58 163 169
    192 3 24 136 174 134 35 43 254 130 67 165 211 112 162 6 177 83 41
    224 193 185 248 211 129 110 107 255 52 164 58 125 86 215 69 82 80
    124 154 0 192 210 147 43 46 74 28 188 50 174 94 69 141 31 200 87 102
    168 252 112 194 160 55 181 154 10 166 132 140 186 54 224 235 31 93
    245 27 169 60 245 209 3 88 189 202 117 40 197 128 221 115 189 87 42
    223 118 201 115 55 93 199 224 173 191 166 137 21 46 47 122 204 138
    80 57 126 69 130 161 96 168 140 17 157 228 217 32 167 64 147 247 82
    83 181 110 218 234 143 83 176 140 114 82 34 171 57 245 180 55 192 62
    225 94 37 204 85 119 95 251 104 72 194 56 105 197 241 222 4 149 170
    184 37 201 119 146 58 36 165 22 69 39 196 103 49 206 201 128 95 184
    77 173 242 83 154 183 60 17 26 155 173 215 125 51 224 251 76 239 147
    31 120 76 69 233 33 134 110 25 171 228 131 152 168 109 83 253 139
    201 231 120 50 44 219 146 4 139 51 68 185 169 42 61 248 253 246 33
    69 77 53 211 166 98 225 217 42 251 157 143 247 87 235 6 104 143 67
    193 223 133 102 190 7 197 16 203 218 221 52 104 19 127 108 17 253 83
    27 182 109 138 180 130 204 31 0 70 17 101 64 186 148 249 169 200 151
    123 48 18 36 146 111 234 26 26 95 54 190 52 139 102 38 33 81 22 130
    60 199 154 202 193 208 1 107 5 230 195 253 69 44 154 134 233 5 52
    148 1 5 47 151 231 172 187 217 238 17 166 252 55 118 33 228 33 83
    142 46 78 233 12 38 158 174 17 162 21 218 255 88 8 230 168 11 250
    248 211 119 175 233 100 40 142 210 147 24 100 230 80 168 196 245 178
    134 223 113 124 118 243 103 101 81 69 237 219 212 215 87 66 232 185
    85 226 110 129 171 190 13 175 77 11 222 56 211 224 190 32 214 144
    120 11 205 111 35 39 109 72 49 98 109 0 182 117 137 57 81 13 24 176
    72 65 209 36 194 75 230 215 143 208 188 54 45 1 149 212 113 234 109
    4 119 215 232 165 135 3 0 217 125 253 120 194 65 252 241 174 30 90
    149 50 199 220 182 162 102 202 139 96 208 201 158 17 244 165 14 160
    238 7 226 50 151 43 173 132 228 169 31 90 20 107 180 243 5 232 197
    91 156 30 3 252 18 248 87 14 159 18 46 5 187 252 9 176 175 26 43 28
    59 251 198 136 169 92 195 97 221 154 176 104 76 250 249 245 244 44
    200 229 175 47 199 193 139 91 36 182 152 73 70 250 142 173 71 17 253
    25 179 178 129 252 74 23 155 253 107 167 46 50 167 216 99 133 214
    185 23 187 33 33 222 238 27 187 129 153 231 142 54 253 199 204 90 71
    80 185 113 137 33 46 109 220 104 27 210 169 59 210 204 197 190 100
    84 20 193 189 130 71 78 136 8 165 121 187 104 237 194 78 60 93 87
    133 225 44 74 145 75 104 237 224 222 232 243 119 38 161 90 75 133
    247 78 244 244 186 99 221 43 90 58 6 247 165 6 202 73 168 42 37 172
    73 134 167 107 224 69 92 167 17 221 114 145 9 22 62 46 109 202 124
    223 220 107 87 121 7 32 91 199 22 133 9 101 175 249 63 114 162 160
    78 17 53 185 162 195 10 232 73 27 134 56 215 39 167 197 155 243 173
    245 25 6 239 163 240 67 180 189 142 125 92 246 29 108 18 146 214 9
    138 116 49 53 180 5 134 94 58 170 209 105 255 147 43 245 197 103 209
    182 130 26 110 224 80 190 23 179 70 151 96 121 121 195 253 197 153
    177 105 158 213 162 213 156 14 173 179 246 168 195 190 218 163 224
    28 79 68 177 102 135 193 215 162 131 117 27 94 222 124 255 127 131
    176 231 117 28 153 69 231 82 205 39 180 83 37 39 139 241 58 188 74
    160 238 100 54 150 12 18 42 233 181 73 77 9 127 83 96 117 211 44 147
    235 14 118 144 32 253 83 5 224 40 154 233 152 87 175 239 205 211 77
    190 172 247 88 48 255 142 76 240 60 95 205 152 179 1 236 48 117 108
    78 137 37 78 236 86 119 146 71 53 214 193 145 107 139 27 215 253 103
    78 109 145 49 228 188 244 223 241 17 57 190 116 196 170 71 173 152
    167 21 137 22 133 161 240 148 160 31 114 141 143 25 125 3 15 216 51
    54 165 111 29 48 3 198 122 136 90 79 78 231 177 187 100 221 41 50 63
    196 10 23 248 77 5 181 54 156 5 66 26 133 14 243 66 236 93 120 131
    214 127 253 45 195 74 20 144 126 12 97 100 46 125 237 87 61 177 194
    170 155 133 120 143 244 86 237 185 210 205 141 79 192 219 12 207 138
    237 255 241 239 79 121 184 204 231 19 63 161 36 130 135 37 152 9 206
    100 218 168 235 34 31 180 69 227 198 93 160 50 11 22 137 44 206 95
    192 151 205 236 252 17 109 241 5 145 111 45 180 96 138 203 84 156 29
    120 68 15 172 161 202 93 6 219 41 41 228 154 109 27 231 187 58 25
    144 175 34 241 195 120 202 87 175 223 133 196 245 52 51 28 148 14
    178 66 91 112 190 85 26 148 94 137 63 124 197 168 240 169 130 23 162
    141 139 104 53 149 222 233 23 108 9 189 148 202 150 33 232 57 165 23
    8 84 27 205 206 39 93 199 11 54 45 19 142 128 9 45 124 65 207 113
    169 255 90 243 57 134 120 207 124 198 246 185 42 216 244 112 162 247
    51 14 121 18 62 145 42 53 235 249 10 227 222 206 229 80 40 66 102
    161 92 46 79 76 180 58 3 80 39 227 207 80 43 230 90 194 227 210 235
    13 114 52 25 72 44 9 210 245 153 167 129 249 209 212 209 84 109 60
    220 223 101 77 12 117 151 70 127 121 163 167 34 120 92 253 63 138
    167 181 119 44 240 161 169 101 246 207 34 108 99 121 169 52 70 5 193
    175 241 57 151 248 52 241 31 129 178 124 43 80 2 241 206 65 216 87
    214 35 175 255 41 203 116 238 15 177 6 85 252 221 253 119 169 36 148
    136 68 155 61 139 199 74 174 221 55 9 185 197 62 93 83 169 105 202
    255 146 236 65 24 104 160 69 172 151 122 27 164 105 114 150 214 102
    147 107 138 129 139 107 193 171 76 11 219 139 12 84 15 229 9 37 40
    92 250 100 219 23 184 77 44 155 153 147 184 130 41 238 229 164 227
    71 31 253 195 92 63 158 71 160 169 247 82 198 96 109 85 120 56 172 1
    194 61 202 146 26 230 154 198 139 182 21 57 40 35 61 245 212 2 47
    215 66 20 235 154 44 189 110 226 218 74 202 249 17 33 90 196 136 137
    133 37 186 237 224 241 218 122 138 159 54 181 1 34 31 162 201 187
    202 48 222 144 22 137 33 57 130 36 51 232 83 171 255 6 68 31 210 143
    101 218 2 125 75 57 17 154 25 94 142 192 96 212 185 76 165 128 169
    215 29 17 223 162 126 216 51 79 198 86 178 101 213 46 81 52 164 36
    81 177 254 115 110 101 252 82 163 243 167 75 83 9 68 39 108 188 180
    229 255 145 214 59 158 210 70 22 45 255 182 58 177 112 211 216 207
    223 164 158 91 109 10 129 74 255 138 148 114 113 198 209 236 204 93
    9 130 87 202 116 94 18 187 148 17 25 3 177 218 213 78 25 16 84 97 49
    51 23 57 122 147 184 204 162 109 170 48 17 32 23 65 163 251 151 107
    175 229 254 222 169 133 46 191 27 185 86 234 238 24 5 36 192 184 196
    69 101 165 233 227 179 35 76 189 175 171 32 137 142 84 220 84 245 82
    69 245 93 107 93 53 105 139 182 196 48 22 15 230 34 138 181 246 188
    118 122 75 176 14 65 148 249 62 74 131 219 34 236 134 203 244 247 92
    117 39 87 48 3 46 168 238 207 68 228 112 109 42 11 8 130 177 240 144
    131 172 92 46 166 239 130 37 104 208 153 16 245 125 146 79 176 188
    197 40 59 125 125 231 226 155 48 102 37 56 9 2 2 76 69 11 138 164 94
    241 249 11 95 28 253 17 39 76 54 184 35 32 232 167 247 207 248 192
    117 180 168 170 237 75 96 193 137 51 252 33 66 151 40 162 156 194
    120 144 252 128 202 96 133 248 138 39 35 94 78 142 112 99 135 156
    141 232 159 195 142 17 118 219 104 169 231 179 236 51 3 227 241 66
    189 48 84 32 172 221 134 39 164 113 151 121 88 85 96 164 134 212 213
    18 37 54 188 177 77 228 86 42 204 70 192 39 227 237 48 177 163 184
    63 75 105 237 1 44 80 151 229 158 206 11 186 112 207 92 168 130 159
    74 195 95 187 26 138 147 162 125 186 110 226 119 52 14 210 241 1 19
    59 20 158 31 96 244 39 35 116 175 165 255 118 165 47 151 235 87 6 15
    185 231 175 231 197 117 148 96 29 130 122 218 240 253 18 155 108 88
    127 196 73 111 46 152 235 40 154 201 117 79 28 235 135 214 50 130
    230 22 23 137 218 238 67 186 20 176 128 48 189 3 85 48 230 79 235 56
    150 114 111 59 94 119 80 180 218 216 101 190 189 250 9 241 14 153
    248 245 83 215 138 131 198 25 6 91 12 84 188 210 41 8 70 20 243 68
    20 102 26 40 185 45 77 136 32 213 28 203 68 55 143 16 194 164 7 153
    203 61 180 213 62 105 109 35 39 226 14 8 102 186 16 227 224 238 18
    49 94 193 154 130 205 165 221 86 250 17 197 24 187 207 26 84 215 119
    146 184 70 94 96 154 189 202 71 214 210 161 109 32 128 255 153 179
    45 120 125 15 65 129 19 182 112 67 247 54 238 93 221 151 138 66 195
    75 216 93 184 250 136 94 205 16 233 12 42 10 185 184 68 158 3 3 124
    114 52 15 104 214 181 238 253 138 63 197 76 142 52 205 189 90 192 39
    108 7 152 164 102 73 61 103 127 150 82 170 206 120 82 113 76 168 119
    245 59 133 164 152 27 226 39 93 154 108 206 171 143 25 118 121 209
    249 97 228 173 99 56 14 233 235 230 171 203 199 255 222 235 240 142
    142 119 144 135 1 161 59 229 44 116 121 195 114 177 173 135 135 18 4
    81 105 202 29 152 101 127 207 76 48 186 247 88 27 57 87 249 214 114
    212 122 22 117 219 142 11 141 162 68 76 186 146 34 246 93 3 124 227
    52 61 5 105 164 92 133 45 243 92 61 252 93 12 182 244 24 163 40 230
    32 14 160 188 206 83 66 65 160 145 130 12 90 114 170 212 178 148 232
    215 70 186 45 125 220 168 94 231 204 158 78 241 65 243 127 89 197
    247 4 250 110 249 71 216 69 0 202 44 172 246 169 148 118 171 243 148
    112 245 227 42 221 239 103 117 184 194 187 137 218 11 145 231 51 131
    229 253 51 139 203 19 124 219 113 117 197 134 255 144 207 58 206 17
    126 75 107 153 76 20 2 207 122 229 46 233 255 215 79 44 110 25 95
    213 24 158 34 67 16 39 102 32 127 125 231 68 25 212 8 198 205 252
    213 232 36 7 23 0 162 38 107 134 240 124 20 34 44 199 134 2 250 19
    42 253 224 16 246 126 151 195 83 85 60 105 241 22 246 198 248 245
    243 83 75 255 164 176 111 15 57 218 50 61 23 142 204 179 84 227 216
    54 227 206 7 215 173 137 205 135 112 42 153 192 62 165 5 66 58 113
    92 201 207 235 75 36 152 193 80 219 162 201 210 172 56 190 246 148
    113 175 207 20 155 220 244 66 28 66 27 87 166 254 150 178 236 29 178
    45 41 238 201 84 29 8 99 226 56 231 222 187 79 172 82 66 49 142 130
    215 104 32 19 56 161 207 171 154 5 32 122 79 198 60 78 195 82 99 163
    160 221 23 219 82 122 172 139 189 124 63 29 51 178 155 53 220 45 15
    178 29 236 137 111 94 65 41 207 164 76 216 43 28 109 84 190 100 114
    83 100 247 173 199 84 83 114 152 25 15 73 52 44 149 27 98 64 185 70
    8 193 255 73 162 155 48 87 224 205 175 119 25 218 151 134 61 59 117
    143 102 51 226 205 179 86 173 60 93 84 9 5 207 235 101 35 245 39 133
    188 228 239 158 7 49 99 148 226 229 49 173 253 3 152 85 26 227 52
    156 49 213 73 158 15 52 238 11 68 175 177 176 88 144 173 156 168 245
    110 41 121 17 26 117 176 197 255 189 240 181 77 198 76 93 95 30 82
    95 180 137 201 86 138 36 219 243 246 133 206 78 77 16 230 71 107 171
    80 122 241 207 84 128 250 162 90 34 45 155 227 168 184 78 16 40 40
    102 244 230 110 187 33 223 138 222 134 34 248 91 160 139 78 120 75
    172 111 181 238 119 110 37 248 22 2 70 241 246 181 116 105 103 83 25
    10 219 60 146 1 207 113 86 80 53 96 126 179 48 135 57 241 249 73 87
    24 79 205 222 23 136 193 50 61 69 231 112 124 88 10 44 133 101 156
    18 104 172 154 235 143 2 255 104 39 6 216 63 43 20 143 119 122 253
    154 110 230 122 255 76 231 152 118 179 31 135 10 54 11 66 60 176 215
    103 60 109 76 18 181 141 36 212 100 245 238 178 232 88 62 104 241 74
    199 196 223 52 6 194 110 11 164 19 169 53 28 182 43 73 148 175 188
    108 113 130 48 129 18 159 169 195 123 49 230 46 92 68 34 237 82 220
    228 163 154 59 66 116 35 189 252 8 50 180 82 126 88 163 180 192 193
    111 231 31 203 108 137 203 248 158 65 23 223 53 145 90 44 96 161 194
    116 207 237 245 198 80 93 147 160 120 194 96 203 101 37 129 39 33
    160 222 186 193 247 156 87 61 145 50 254 87 80 80 134 31 177 244 124
    229 196 110 232 159 255 27 59 175 116 122 162 202 154 104 107 183 11
    54 11 102 40 213 232 248 39 236 86 91 151 127 134 121 168 153 126 27
    179 35 35 57 196 9 210 77 226 237 160 170 248 25 65 100 22 124 162
    153 83 135 162 82 190 33 216 28 134 48 23 110 163 163 16 187 214 16
    177 176 45 103 134 56 136 53 120 255 162 107 249 193 142 8 176 198
    71 148 190 66 45 41 233 19 41 152 144 79 139 169 52 99 181 62 41 48
    139 26 170 170 105 157 210 209 179 204 111 191 125 52 16 74 188 26
    41 95 28 143 33 45 193 185 42 32 210 165 17 137 71 186 9 235 99 3 50
    84 151 12 43 193 97 180 111 151 127 1 240 182 241 151 205 78 14 154
    255 67 45 163 141 236 230 127 12 28 144 230 6 213 176 44 85 181 34
    154 40 109 103 142 53 187 239 109 219 128 18 236 229 155 175 254 36
    231 26 223 117 15 96 182 90 117 145 139 165 154 16 118 236 81 102
    118 206 197 57 113 68 210 229 15 1 41 252 239 162 163 178 65 124 135
    206 226 76 198 58 163 235 8 15 24 249 94 170 78 86 253 52 116 219 56
    196 68 70 232 56 102 219 100 3 138 192 80 209 216 207 126 91 252 119
    75 143 185 45 154 31 238 7 87 204 226 159 18 146 125 137 86 146 97
    18 165 34 143 29 209 148 248 5 154 173 202 183 201 50 171 127 2 145
    4 27 205 229 140 245 15 105 5 3 206 215 160 219 219 103 116 20 178
    94 167 94 243 146 228 134 216 119 5 27 63 212 135 177 104 62 91 131
    223 172 109 3 39 41 74 90 107 206 43 190 58 153 15 178 48 212 194 23
    137 110 128 45 195 17 190 121 226 104 133 221 146 12 252 104 247 175
    12 216 94 8 199 11 218 111 133 195 2 238 241 213 235 15 164 228 199
    31 50 184 6 191 239 11 158 242 84 188 222 209 153 176 197 24 27 207
    76 56 57 121 152 76 209 52 135 26 50 134 238 205 229 160 154 14 238
    209 206 117 66 172 122 184 161 247 26 187 85 93 248 101 224 160 118
    73 63 82 196 209 150 202 246 246 204 102 129 63 158 230 169 32 178
    119 185 239 118 71 116 102 170 29 163 113 43 59 111 206 245 2 142 7
    218 78 227 70 185 171 166 160 46 250 47 122 82 205 186 16 165 126 95
    84 212 144 94 120 193 244 235 18 159 240 190 169 179 35 86 78 12 108
    56 73 125 188 197 96 59 43 134 75 227 97 40 163 17 190 50 221 67 82
    182 203 62 5 231 124 231 25 86 80 75 125 143 210 194 185 7 189 46
    121 79 197 150 121 17 254 9 71 76 248 93 33 75 182 53 77 61 73 104
    146 221 35 159 84 16 112 153 244 88 83 95 72 99 126 205 96 17 125
    114 144 29 130 232 54 85 180 103 147 73 245 113 110 15 154 142 124
    70 91 181 46 76 104 231 87 215 226 204 59 80 221 197 76 26 130 117
    162 10 48 79 178 45 164 237 23 238 32 114 128 194 154 176 253 248
    214 254 119 114 17 168 141 241 88 207 195 99 27 139 46 130 201 220
    63 69 190 224 135 50 178 117 223 210 42 70 22 72 123 70 7 120 240
    197 181 70 225 79 26 185 161 187 227 71 193 238 66 221 36 8 70 224
    201 116 102 120 61 219 255 139 103 99 244 20 147 7 116 112 105 194
    220 65 137 16 109 201 28 110 91 134 153 36 127 90 244 2 39 36 179 76
    134 8 102 102 226 96 71 241 232 221 83 52 230 62 96 3 91 158 192 3
    75 69 142 194 121 164 223 255 114 209 70 196 94 53 204 209 77 70 83
    171 33 173 84 196 36 158 132 163 235 189 148 53 74 63 165 159 23 101
    145 59 107 195 156 249 121 181 226 8 103 196 50 60 246 37 189 250
    182 250 80 189 162 169 176 255 88 18 240 249 128 197 218 62 41 134
    189 62 109 252 10 33 167 179 238 74 153 119 59 82 60 34 3 11 24 203
    222 79 165 65 75 187 219 50 45 50 27 18 206 114 252 12 112 150 60
    222 249 161 78 98 92 16 48 208 163 195 43 62 150 201 92 49 53 172
    207 253 73 90 87 39 236 77 170 186 160 46 254 17 80 159 125 41 238
    19 57 154 111 22 169 135 180 187 129 252 182 134 23 147 144 32 137
    253 186 151 28 118 23 19 142 117 175 204 97 246 188 19 170 33 9 235
    33 228 7 107 193 163 178 213 68 26 177 206 249 232 20 147 241 39 156
    63 77 58 187 14 170 230 99 243 112 10 193 32 194 80 130 224 223 75
    211 25 223 8 47 70 52 172 48 62 90 199 89 69 96 36 14 233 203 176
    126 201 207 208 69 233 124 212 207 202 142 165 3 152 0 239 199 107
    23 130 165 235 84 89 243 233 51 168 59 127 237 246 202 185 27 152 31
    151 23 2 222 105 126 0 176 91 138 7 188 58 167 221 33 230 210 239 23
    163 75 94 133 244 62 66 73 155 48 79 218 175 39 19 140 222 254 219 0
    6 12 159 108 156 31 44 134 231 136 171 158 105 165 153 131 83 135
    172 149 53 208 28 198 135 211 211 7 182 111 105 207 47 228 178 181
    62 150 237 191 203 34 214 25 51 140 228 195 100 10 192 10 193 252 22
    220 6 54 144 178 228 49 109 175 208 9 211 232 50 10 87 73 120 211
    107 90 92 37 164 204 248 225 46 34 114 107 177 25 32 42 175 159 240
    65 236 112 17 158 163 27 95 149 52 38 204 235 255 184 100 128 111
    254 226 106 3 59 21 151 208 212 9 242 247 185 96 179 222 60 48 96 7
    89 0 34 83 187 112 132 186 43 62 103 183 163 138 134 192 244 224 212
    68 110 39 13 122 61 89 148 97 9 10 172 178 15 191 112 17 197 42 62
    130 71 101 92 144 228 226 139 145 155 73 78 10 151 94 206 127 117
    123 203 101 111 162 107 224 100 153 12 72 147 128 11 41 81 234 54 95
    110 200 126 62 164 36 221 183 243 37 197 212 138 54 121 254 252 42
    29 187 245 144 139 65 200 254 63 66 242 186 206 8 167 73 43 252 232
    232 207 135 159 48 209 186 140 109 205 180 83 84 0 204 222 42 96 240
    93 91 202 246 210 54 56 98 253 125 100 112 211 137 39 185 129 41 194
    69 235 167 237 177 40 206 178 25 142 206 23 79 53 144 172 201 160
    198 63 190 112 189 62 189 23 154 194 126 18 141 93 32 233 96 143 19
    79 136 205 230 209 157 38 166 21 63 201 154 125 34 139 94 103 248
    161 170 64 187 106 146 3 57 204 184 109 9 191 175 61 30 34 91 133 90
    118 244 36 150 187 200 204 248 78 34 62 9 40 126 39 86 170 224 34
    120 231 27 160 123 186 244 99 217 134 52 51 7 4 136 24 165 109 63
    134 79 238 69 177 217 139 131 167 33 5 135 184 242 223 209 73 10 211
    75 75 140 180 158 42 180 74 125 97 123 211 104 46 185 87 175 235 217
    2 78 255 201 63 25 244 148 2 177 174 57 60 10 54 223 32 30 197 122
    209 43 173 72 91 228 49 134 188 221 32 42 194 236 109 142 197 138
    114 111 53 92 188 46 207 167 33 32 217 166 120 70 193 254 203 207 32
    235 81 239 162 161 129 173 218 147 130 135 32 159 45 5 11 164 153
    132 208 35 43 164 38 130 78 233 78 56 242 239 181 47 172 88 14 236
    101 11 114 101 179 217 159 155 88 83 219 66 225 172 93 199 94 202
    183 199 84 94 230 126 210 170 209 99 95 121 252 239 104 79 249 73
    158 83 194 128 18 52 139 25 88 33 221 145 5 131 245 195 88 99 239 60
    152 69 115 101 170 126 233 37 173 122 81 5 152 71 246 164 227 211
    222 146 166 125 121 149 104 85 156 28 131 66 173 232 101 202 120 121
    8 108 121 253 26 104 72 167 157 130 72 77 133 97 50 238 120 159 90
    236 181 107 185 172 76 132 162 50 196 243 180 169 103 75 172 169 91
    24 206 60 165 16 102 222 72 43 254 83 24 122 12 209 233 18 15 155 83
    177 245 12 67 5 246 38 225 86 179 233 128 98 193 250 181 242 196 180
    24 232 65 63 119 230 135</data></your_img>
</opencv_storage>
