<?xml version="1.0"?>
<opencv_storage>
<L2_diff>2.3618636709175235e+02</L2_diff>
<r>9</r>
<test_img type_id="opencv-matrix">
  <rows>50</rows>
  <cols>100</cols>
  <dt>u</dt>
  <data>
    96 16 133 93 93 193 33 145 108 148 171 193 254 50 106 158 219 99 46
    154 96 178 240 74 141 53 133 125 137 89 72 121 146 154 226 241 42
    158 42 4 186 213 185 43 151 152 185 95 152 53 210 130 119 95 43 52
    233 199 193 20 113 217 206 220 203 14 27 173 231 35 219 91 252 206
    39 155 23 147 176 221 60 159 229 2 15 95 74 16 122 173 42 85 117 9
    147 197 19 12 200 146 134 46 192 56 243 198 207 90 208 248 226 122
    31 237 85 166 165 142 217 147 167 206 144 124 115 5 11 16 132 207
    161 27 91 205 156 168 24 207 186 5 178 5 204 81 196 114 136 244 6 46
    68 191 152 217 16 231 76 176 175 16 78 208 207 122 135 161 12 13 185
    62 70 100 221 117 46 201 121 242 4 78 44 22 212 156 4 254 87 133 128
    194 187 55 82 91 91 40 101 248 27 7 130 65 36 56 88 176 162 76 138
    241 165 196 232 97 42 70 248 253 77 184 28 66 85 96 159 153 130 211
    129 239 13 248 211 33 4 202 168 214 181 40 129 96 91 64 125 228 28
    185 193 184 168 248 156 173 10 25 204 32 19 230 120 183 234 44 45 18
    194 203 162 157 61 63 134 67 210 204 146 206 160 251 25 240 182 16 4
    34 40 168 61 60 234 101 68 117 133 30 22 7 32 236 28 161 0 200 48
    157 49 185 123 213 123 92 240 210 63 229 112 234 207 101 30 16 167
    113 215 219 222 117 24 183 215 153 90 131 112 47 126 0 134 117 54
    125 111 198 7 176 7 112 199 184 133 51 137 92 74 103 50 229 93 122
    219 230 196 82 9 248 133 207 120 105 161 252 57 177 220 71 220 226
    41 241 100 135 49 216 72 64 195 180 205 221 217 244 67 217 5 174 212
    20 44 92 133 141 179 206 225 124 218 135 10 3 164 72 178 72 200 54
    93 140 46 50 138 9 28 206 60 66 104 30 57 252 81 182 208 108 65 59
    45 65 159 149 50 0 246 73 43 171 20 19 6 241 77 204 133 123 59 82
    232 89 240 58 45 55 254 111 206 253 126 20 99 148 104 91 236 45 181
    131 17 1 142 123 177 190 220 248 177 14 189 243 63 125 243 168 132
    193 206 137 198 81 59 122 102 46 77 44 23 253 150 69 251 132 100 215
    16 195 154 110 132 132 73 125 0 137 219 58 240 151 12 99 228 254 98
    218 131 218 152 202 228 43 124 136 150 32 101 203 189 93 209 230 134
    20 45 234 221 152 128 81 53 23 156 131 86 41 38 222 43 172 67 107 15
    84 58 58 135 51 126 116 150 36 139 9 231 137 118 240 102 224 15 253
    198 149 174 248 238 117 221 219 144 89 250 193 110 42 15 196 183 192
    44 67 214 136 110 97 14 23 10 203 0 133 60 112 94 62 176 73 213 52
    249 222 158 106 10 181 241 228 189 62 78 15 210 97 215 65 41 159 195
    110 215 6 33 29 148 88 65 75 206 230 121 126 13 158 176 186 7 156
    221 143 19 32 193 52 23 232 33 151 232 28 229 156 182 29 199 42 50
    88 51 228 73 68 230 18 54 36 168 44 62 12 48 16 40 102 44 117 130 3
    200 178 76 111 201 147 193 196 250 92 27 14 177 142 88 242 45 6 225
    89 138 112 66 144 134 2 60 13 107 0 48 180 131 206 51 105 11 216 218
    141 240 237 209 100 103 60 214 182 49 134 215 4 227 0 172 184 199
    206 158 223 103 99 56 132 239 237 214 15 170 21 113 82 41 185 253 7
    80 13 141 7 8 59 24 166 215 233 16 42 206 224 16 164 4 63 21 251 143
    251 71 7 0 225 195 130 59 83 185 65 17 52 192 94 84 106 143 143 173
    75 70 248 152 86 204 164 153 188 161 245 232 74 182 101 153 37 96
    149 193 106 148 223 105 239 109 239 138 24 135 89 1 28 232 95 178
    133 245 180 78 169 25 184 254 110 38 7 122 1 117 55 132 61 25 254
    213 135 9 233 109 11 185 133 89 136 115 18 210 29 209 173 220 221 69
    129 48 93 56 115 2 229 104 56 205 217 225 127 127 94 51 190 2 67 208
    16 217 63 251 87 38 84 54 152 52 42 85 207 206 19 12 95 26 71 225
    154 242 16 221 54 177 213 238 211 245 137 186 231 89 251 113 73 174
    82 68 230 193 31 175 154 136 20 233 107 4 89 131 189 39 138 46 99
    102 165 157 94 165 140 102 141 19 115 192 254 238 50 208 162 177 138
    111 239 122 223 110 180 52 64 246 3 158 179 54 62 129 167 82 221 146
    211 20 9 240 152 46 192 249 53 213 178 179 32 215 170 239 83 132 255
    12 105 28 253 50 52 119 81 162 145 151 133 191 252 26 235 134 165 88
    91 174 164 111 73 78 55 114 122 119 169 65 103 180 154 31 224 78 212
    124 208 102 145 130 19 9 173 154 163 227 142 23 149 218 183 176 159
    106 57 58 147 132 248 106 176 16 157 137 217 243 161 32 137 172 121
    167 15 177 213 229 118 14 234 90 164 30 166 206 48 223 219 18 99 96
    26 249 124 184 244 160 20 100 250 100 255 145 124 99 153 226 255 102
    142 84 192 86 226 155 9 135 162 73 102 158 242 68 73 80 61 151 174
    121 68 91 44 227 53 32 194 210 73 249 95 111 93 54 126 84 214 163
    215 0 198 88 97 96 216 37 173 18 174 45 4 158 75 111 194 169 87 134
    82 119 189 72 52 143 255 107 100 66 178 240 78 148 249 245 89 62 180
    24 187 137 148 41 159 108 10 54 71 236 220 15 121 42 225 47 32 102
    97 173 84 89 154 192 66 66 96 58 157 83 101 122 152 175 137 219 57
    27 97 191 38 217 60 199 203 162 73 74 89 36 254 217 11 145 236 61
    133 24 110 20 226 229 143 124 148 23 243 25 21 102 211 171 134 7 17
    7 160 115 44 45 119 163 173 111 19 167 22 49 9 189 119 159 197 246
    152 245 251 77 134 236 133 27 85 116 76 46 15 248 148 115 2 5 86 224
    194 230 222 162 99 234 58 35 72 180 62 93 1 175 12 36 49 14 215 179
    132 183 231 73 103 20 230 54 108 103 228 51 216 73 187 163 233 135
    89 113 18 100 43 214 64 171 189 163 250 128 17 179 176 0 222 79 104
    98 229 81 67 231 14 45 21 112 235 166 244 23 103 170 160 180 51 109
    192 254 124 91 116 84 139 4 122 230 93 144 160 72 58 224 123 108 187
    183 64 201 250 91 204 171 138 204 59 83 64 222 253 12 145 248 83 177
    120 239 175 22 193 3 248 198 153 214 162 169 159 20 242 97 206 11 15
    49 126 228 211 146 10 96 56 40 177 62 47 64 99 120 166 211 14 166
    169 107 5 147 135 10 119 174 200 69 131 199 205 150 131 36 26 189 96
    198 157 245 182 5 225 36 35 68 247 27 140 81 98 135 37 202 242 27 4
    249 11 22 140 101 218 192 45 42 162 176 124 95 187 80 242 131 11 232
    76 63 81 187 101 121 95 209 186 227 44 135 93 40 160 169 150 127 213
    25 0 37 21 237 34 171 47 164 24 5 80 204 249 79 55 13 102 134 125
    148 47 141 203 71 95 15 28 92 90 78 10 137 242 218 43 40 233 13 212
    93 138 20 245 246 89 212 118 133 58 72 36 148 219 105 11 73 196 167
    238 8 70 126 68 20 114 105 101 51 122 147 114 176 193 232 94 224 221
    105 81 98 70 25 21 82 93 69 42 197 16 112 245 133 128 85 14 249 201
    198 6 210 143 12 30 104 21 92 227 26 170 155 159 95 51 188 87 142 16
    95 124 146 154 35 151 64 99 179 158 121 138 179 145 107 71 60 5 225
    44 152 76 214 116 191 223 234 180 153 34 1 111 134 217 131 49 250
    230 227 175 24 177 195 56 212 135 153 100 246 235 189 81 229 253 194
    102 229 179 108 14 166 237 209 26 23 91 241 148 40 118 82 244 210
    198 48 211 123 91 101 103 31 175 102 180 199 158 160 70 124 77 150
    105 131 17 215 181 4 24 205 227 101 219 157 175 208 183 196 154 116
    6 65 133 227 0 170 230 172 206 16 98 167 100 150 176 208 19 254 250
    245 160 3 27 101 81 18 93 56 113 62 178 141 222 65 147 131 216 46 67
    229 99 152 124 54 122 22 123 150 34 64 92 103 156 39 178 0 234 213
    229 47 160 155 246 21 146 119 163 180 166 120 218 55 110 254 53 219
    140 243 187 212 10 61 141 98 226 0 224 251 216 168 70 254 220 126
    117 3 237 113 93 225 104 200 98 149 156 95 126 245 87 191 41 174 24
    84 24 63 244 33 68 122 101 224 5 24 232 25 109 189 47 95 171 206 16
    125 194 4 247 66 79 117 130 185 100 3 215 89 108 30 54 18 45 126 147
    23 152 68 74 172 150 46 178 171 61 111 246 10 202 15 39 217 138 46
    249 51 79 203 68 91 154 193 38 238 53 92 201 119 75 156 129 124 39
    214 30 143 255 213 90 120 97 72 216 16 4 35 5 137 4 156 15 229 89
    139 204 197 19 179 231 52 153 120 201 228 241 111 118 242 85 101 21
    40 183 153 15 10 23 109 245 175 138 194 48 243 138 74 186 149 239
    186 227 215 81 69 50 154 210 25 14 207 97 25 190 234 96 110 229 174
    239 183 231 155 99 45 153 40 101 35 21 125 81 226 188 196 11 157 32
    94 69 21 126 86 70 106 104 146 212 199 70 100 146 49 48 101 128 203
    56 155 7 49 138 125 113 19 154 199 124 106 21 28 209 203 22 119 117
    124 96 51 179 173 44 190 46 51 202 13 163 40 109 156 11 235 118 72
    45 234 239 232 193 177 70 96 142 172 225 177 100 250 217 156 108 30
    115 151 28 245 240 35 125 108 244 154 137 231 29 129 140 45 175 228
    20 220 29 0 125 168 244 243 122 224 150 179 147 93 75 183 208 33 117
    107 60 39 149 2 128 208 247 247 182 198 80 215 2 157 63 205 194 120
    125 2 190 47 96 13 64 130 100 138 152 84 4 97 100 184 125 14 117 23
    232 205 190 138 251 247 235 183 232 242 109 37 133 87 173 52 13 162
    164 157 84 83 97 127 197 66 145 23 167 157 127 218 18 76 231 141 93
    169 195 249 37 201 161 187 75 142 105 47 50 192 142 14 31 215 46 176
    41 73 196 5 176 182 229 133 73 199 134 139 41 180 35 215 206 1 117
    203 152 151 150 4 50 110 53 190 165 169 116 170 238 74 55 22 76 48 0
    230 194 87 238 166 100 149 6 25 41 188 131 203 160 199 68 3 175 174
    156 159 106 240 232 91 172 176 239 32 129 213 35 110 235 148 166 203
    112 174 187 24 108 237 213 190 246 250 187 84 22 110 253 204 5 229
    13 189 131 37 31 189 138 101 74 73 144 85 135 6 168 63 226 108 72 45
    33 48 72 192 28 4 119 105 223 135 150 2 201 244 146 46 134 194 96
    158 141 80 37 119 9 160 227 25 170 97 136 151 181 122 9 123 222 109
    79 150 122 202 136 39 230 64 109 7 24 201 77 121 145 208 233 149 139
    156 26 136 4 127 40 91 3 253 170 222 101 216 168 86 70 74 15 159 114
    255 148 139 180 66 231 249 41 30 123 131 208 241 229 213 130 181 46
    201 172 21 110 86 226 108 25 171 90 178 135 147 114 196 86 247 179
    190 121 142 87 248 102 235 56 144 161 243 45 84 35 161 124 135 66 48
    109 94 196 176 141 61 207 219 177 238 2 36 149 246 33 149 181 2 70
    31 0 238 240 222 243 220 198 145 152 52 52 57 82 148 37 43 34 62 122
    95 244 169 2 101 190 15 118 137 204 174 104 88 116 32 48 25 213 109
    181 74 89 133 103 140 109 226 245 213 59 12 37 75 241 120 45 61 116
    107 185 125 141 65 171 170 223 215 167 24 99 213 106 172 214 82 247
    143 18 46 142 158 131 0 104 127 20 173 64 212 41 203 237 192 77 0
    197 3 251 235 216 186 9 16 40 110 160 131 43 43 67 26 204 82 138 199
    122 178 23 99 54 143 119 230 45 248 110 43 20 252 222 38 81 214 59
    83 71 86 216 191 81 103 0 124 52 112 240 158 49 150 211 165 69 24
    136 85 107 170 124 106 70 14 12 74 180 195 122 72 121 68 148 31 145
    87 85 234 179 242 128 75 123 102 46 214 221 46 238 248 48 71 130 69
    50 184 210 14 223 242 43 25 190 135 228 213 65 150 150 75 7 91 102
    241 34 220 56 123 23 173 206 211 209 63 41 139 166 250 29 93 76 103
    230 64 48 134 242 8 193 19 29 232 173 145 242 44 217 59 120 226 175
    95 212 117 4 247 249 170 179 27 137 116 243 202 234 113 39 148 118
    10 252 135 253 239 152 58 167 12 233 25 82 190 234 64 214 83 19 176
    157 131 202 138 57 45 48 227 66 92 252 96 35 13 22 226 94 137 154
    221 74 15 136 36 187 202 84 85 188 22 40 79 158 220 94 163 175 39
    170 184 27 147 123 238 208 191 110 41 79 177 243 13 49 6 181 27 13
    185 13 34 198 123 42 224 141 33 70 150 151 127 202 176 204 134 34
    119 205 25 30 121 46 59 33 196 14 64 244 24 239 171 242 127 39 240
    251 199 77 59 98 155 6 173 165 0 249 182 137 19 94 25 11 69 96 151
    82 94 196 226 87 35 30 5 212 103 39 177 234 128 211 26 245 144 125
    236 226 241 68 234 165 11 46 44 95 15 21 33 107 226 252 106 13 209
    217 121 121 170 76 112 253 161 219 170 87 62 98 254 121 39 10 51 182
    126 30 209 152 206 121 166 24 44 216 125 117 57 214 62 44 17 106 66
    105 198 139 179 136 141 110 221 97 252 160 169 197 75 124 204 110 25
    33 48 102 147 125 70 99 47 174 149 213 61 217 10 0 151 246 143 143 9
    140 47 63 52 246 112 148 214 110 177 175 24 70 103 161 242 104 107
    104 55 178 217 125 165 35 55 163 90 65 149 202 194 47 134 133 254
    163 230 144 222 175 106 199 91 8 83 240 84 63 63 119 201 230 173 252
    230 138 36 22 28 103 197 242 54 189 242 103 127 158 92 186 54 50 247
    134 139 182 20 62 31 198 124 134 42 42 82 135 78 16 68 162 119 231
    97 191 248 44 249 49 14 229 189 90 196 31 231 25 100 119 138 109 148
    166 78 46 229 0 35 2 151 64 249 219 52 91 242 42 11 154 216 13 11
    176 98 8 82 100 17 134 70 79 201 30 17 54 193 225 233 83 126 109 93
    116 164 90 95 0 125 72 250 130 77 163 238 214 126 12 111 245 255 156
    153 123 88 24 120 212 38 102 158 115 210 162 19 135 223 165 135 208
    136 47 79 247 14 126 40 133 194 72 152 97 45 16 244 12 122 185 128
    213 130 17 87 0 9 134 51 189 223 37 100 5 111 122 232 1 194 15 249
    168 34 83 106 189 65 131 134 141 133 42 176 136 52 114 75 79 117 19
    117 69 115 186 200 107 6 95 153 99 244 44 188 206 220 90 93 169 110
    28 102 252 208 5 74 140 113 20 21 254 137 241 147 27 164 191 73 105
    121 14 24 198 66 223 105 56 40 153 207 198 185 251 226 179 153 182
    135 185 73 187 1 145 235 244 94 216 35 7 223 166 181 96 231 63 110
    38 204 191 165 2 224 179 29 44 94 224 105 124 77 208 208 63 141 73
    78 146 96 125 21 237 222 22 211 250 35 68 160 4 130 203 115 200 81
    160 179 165 91 101 84 158 44 49 146 140 238 229 22 90 75 115 178 13
    42 255 95 234 139 121 11 208 234 135 239 4 51 110 63 191 132 75 110
    139 130 204 115 72 82 162 207 103 217 43 82 2 252 122 60 69 113 111
    48 126 57 201 239 208 236 17 148 27 255 253 102 42 111 206 190 32 37
    67 184 143 13 226 5 93 128 242 54 173 108 180 161 11 173 238 162 171
    214 193 132 22 19 171 63 226 231 54 40 13 243 44 12 55 171 241 106
    96 132 254 24 118 228 118 98 39 79 69 116 50 187 101 250 171 148 107
    17 239 124 151 121 147 214 240 172 23 23 121 144 241 237 5 23 122
    146 167 195 163 88 138 196 50 71 134 163 231 205 171 4 78 242 193
    177 154 56 1 40 63 170 53 211 18 26 59 21 140 67 162 86 124 74 128
    118 186 129 87 6 215 158 69 166 15 177 52 208 235 84 117 62 57 203
    39 40 136 28 189 108 131 51 212 77 93 204 228 24 222 201 83 34 150
    140 28 148 81 43 175 221 174 88 39 23 162 86 159 88 225 225 11 109
    54 35 32 191 10 197 231 72 90 5 13 97 164 151 108 155 87 253 90 160
    39 57 167 170 96 42 187 201 74 8 207 85 12 53 32 232 165 133 239 134
    144 180 189 130 62 48 134 234 155 2 240 123 139 27 243 87 248 6 138
    90 57 119 103 54 249 212 248 9 188 80 29 116 193 97 77 231 226 154
    235 108 14 175 3 76 182 118 232 114 2 105 125 51 190 134 109 185 238
    250 18 4 133 219 41 132 136 103 53 59 103 233 192 177 94 88 143 253
    5 179 70 210 44 147 26 106 229 81 176 15 28 198 205 50 228 66 193
    127 30 181 202 65 245 135 58 20 94 184 244 121 156 67 155 233 26 61
    221 100 25 178 51 155 163 236 218 123 170 201 173 58 173 94 183 72
    151 124 64 222 223 231 95 214 66 204 208 101 190 125 69 189 18 223
    212 168 215 219 140 247 51 193 37 42 102 5 203 34 191 170 253 43 29
    211 174 255 252 23 68 207 76 15 228 108 38 70 132 159 142 84 61 223
    196 218 185 105 7 8 147 143 216 62 24 160 241 248 161 227 50 13 39
    222 10 32 172 83 187 244 255 62 19 87 204 36 48 78 108 136 192 174
    246 23 173 198 193 218 6 146 54 15 5 233 53 70 249 170 51 214 228
    148 127 232 30 20 99 191 193 140 125 175 116 129 108 189 173 254 5
    66 39 222 251 225 66 234 94 238 50 160 174 117 120 144 58 228 97 91
    206 207 115 83 150 61 50 24 245 68 158 40 245 25 155 50 9 36 199 215
    62 172 0 56 209 12 35 183 219 215 16 139 114 108 158 234 130 18 9 21
    228 143 4 182 53 202 84 61 1 226 14 251 133 138 179 97 237 108 196
    33 111 7 221 12 67 221 145 119 48 220 57 124 96 19 44 94 91 177 77
    246 154 34 86 211 60 40 125 51 211 139 38 61 241 13 111 78 3 58 86
    36 76 110 153 62 114 58 150 175 71 129 58 3 75 132 5 3 209 165 246
    121 217 100 31 111 254 254 229 250 85 29 220 250 2 243 40 111 183
    157 84 222 165 31 32 236 17 17 178 30 148 211 182 159 3 154 38 128
    221 213 174 88 233 241 48 73 158 226 204 95 226 125 127 21 217 132
    45 108 30 240 102 210 235 220 41 151 134 83 238 233 8 17 44 62 97
    143 31 76 48 50 215 170 253 241 113 8 142 16 246 175 72 9 38 179 122
    38 109 104 109 227 227 159 203 161 240 84 48 46 249 115 177 130 198
    20 217 169 80 166 249 0 98 201 117 167 194 218 138 151 112 35 39 6
    25 188 191 43 82 116 89 99 136 212 20 180 114 39 208 132 35 101 17
    131 48 5 50 37 215 17 223 17 32 130 151 198 87 251 113 112 146 104
    163 91 190 206 202 94 100 139 126 107 197 14 97 172 117 247 56 39
    116 158 223 116 115 242 151 143 61 131 84 226 51 120 79 117 125 84
    157 40 69 172 86 194 249 225 94 128 32 52 211 69 45 29 196 183 62
    111 186 14 11 207 194 206 198 152 170 19 61 116 248 238 249 67 189
    48 237 206 176 242 138 39 132 142 64 73 193 2 119 236 211 107 62 47
    174 166 93 210 228 247 191 49 207 170 119 219 184 2 234 154 3 136 75
    76 70 135 130 39 154 106 159 105 120 243 169 88 13 129 191 192 126
    169 144 70 163 151 29 52 119 146 86 248 253 79 216 179 38 82 118 101
    201 252 35 110 206 89 4 136 102 78 102 19 173 102 80 241 99 211 59
    116 122 46 116 132 61 187 63 43 62 64 90 2 58 239 144 7 159 201 186
    105 142 164 187 10 189 120 112 113 32 62 1 198 199 216 243 238 221
    167 86 131 23 106 103 243 167 129 22 99 234 24 38 47 158 205 203 196
    236 182 20 88 179 146 118 214 95 212 211 18 250 0 192 194 234 150
    168 91 174 156 98 87 242 108 37 4 80 2 227 54 123 79 120 4 37 45 238
    159 199 186 51 83 254 149 79 155 200 204 77 34 202 229 14 41 177 244
    107 187 18 155 55 233 210 1 81 236 86 229 179 83 124 52 10 124 171 0
    97 38 6 193 105 77 154 85 120 97 251 131 197 227 13 238 10 73 23 17
    143 30 118 60 176 72 50 40 240 76 4 162 183 123 246 147 107 226 157
    112 238 163 138 100 16 71 150 223 114 42 201 55 199 175 36 180 251
    131 122 121 207 93 72 113 23 123 216 124 105 219 145 152 235 205 115
    141 167 255 239 55 59 199 129 58 172 242 224 222 75 52 178 67 154 38
    197 237 184 117 44 121 22 158 28 12 185 193 43 55 26 213 229 3 204
    109 73 223 122 203 79 199 149 140 90 192 175 195 216 57 186 170 188
    128 143 233 66 105 54 18 247 123 143 122 14 149 253 33 93 149 215 25
    150 223 7 92 155 252 190 18 50 57 137 66 235 58 246 63 25 151 193 32
    101 241 43 202 162 35 176 67 53 171 147 59 32 148 168 42 127 247 131
    137 114 167 124 129 228 132 7 110 228 46 92 70 16 136 138 58 245 57
    50 28 31 181 111 90 160 179 96 113 48 128 80 95 140 82 121 84 86 243
    138 132 221 53 156 109 214 254 216 138 99 46 251 199 219 176 193 203
    172 114 199 76 139 21 13 191 78 210 128 197 12 92 210 146 80 239 73
    28 222 108 127 165 165 187 36 180 75 143 23 228 113 202 122 159 69
    232 19 222 186 50 59 251 23 47 14 56 206 73 12 127 216 42 19 167 28
    145 172 54 244 110 195 86 186 103 155 218 105 202 23 174 103 48 8 92
    81 224 52 29 173 206 253 155 96 110 188 207 198 239 239 188 102 234
    68 198 104 210 167 155 205 74 200 66 92 81 36 168 47 83 72 3 164 61
    156 188 15 181 123 216 183 238 112 25 191 137 176 131 90 242 214 112
    89 230 247 219 206 149 22 203 77 34 209 237 66 72 82 248 71 212 3 36
    24 242 131 217 117 93 155 124 184 147 238 29 43 74 143 129 19 15 227
    126 250 211 2 95 86 87 167</data></test_img>
<my_img type_id="opencv-matrix">
  <rows>50</rows>
  <cols>100</cols>
  <dt>u</dt>
  <data>
    96 16 133 93 93 193 33 145 108 148 171 193 254 50 106 158 219 99 46
    154 96 178 240 74 141 53 133 125 137 89 72 121 146 154 226 241 42
    158 42 4 186 213 185 43 151 152 185 95 152 53 210 130 119 95 43 52
    233 199 193 20 113 217 206 220 203 14 27 173 231 35 219 91 252 206
    39 155 23 147 176 221 60 159 229 2 15 95 74 16 122 173 42 85 117 9
    147 197 19 12 200 146 134 46 192 56 243 198 207 90 208 248 226 122
    31 237 85 166 165 142 217 147 167 206 144 124 115 5 11 16 132 207
    161 27 91 205 156 168 24 207 186 5 178 5 204 81 196 114 136 244 6 46
    68 191 152 217 16 231 76 176 175 16 78 208 207 122 135 161 12 13 185
    62 70 100 221 117 46 201 121 242 4 78 44 22 212 156 4 254 87 133 128
    194 187 55 82 91 91 40 101 248 27 7 130 65 36 56 88 176 162 76 138
    241 165 196 232 97 42 70 248 253 77 184 28 66 85 96 159 153 130 211
    129 239 13 248 211 33 4 202 168 214 181 40 129 96 91 64 125 228 28
    185 193 184 168 248 156 173 10 25 204 32 19 230 120 183 234 44 45 18
    194 203 162 157 61 63 134 67 210 204 146 206 160 251 25 240 182 16 4
    34 40 168 61 60 234 101 68 117 133 30 22 7 32 236 28 161 0 200 48
    157 49 185 123 213 123 92 240 210 63 229 112 234 207 101 30 16 167
    113 215 219 222 117 24 183 215 153 90 131 112 47 126 0 134 117 54
    125 111 198 7 176 7 112 199 184 133 51 137 92 74 103 50 229 93 122
    219 230 196 82 9 248 133 207 120 105 161 252 57 177 220 71 220 226
    41 241 100 135 49 216 72 64 195 180 205 221 217 244 67 217 5 174 212
    20 44 92 133 141 179 206 225 124 218 135 10 3 164 72 178 72 200 54
    93 140 46 50 138 9 28 206 60 66 104 30 57 252 81 182 208 108 65 59
    45 65 159 149 50 0 246 73 43 171 20 19 6 241 77 204 133 123 59 82
    232 89 240 58 45 55 254 111 206 253 126 20 99 148 104 91 236 45 181
    131 17 1 142 123 177 190 220 248 177 14 189 243 63 125 243 168 132
    193 206 137 198 81 59 122 102 46 77 44 23 253 150 69 251 132 100 215
    16 195 154 110 132 132 73 125 0 137 219 58 240 151 12 99 228 254 98
    218 131 218 152 202 228 43 124 136 150 32 101 203 189 93 209 230 134
    20 45 234 221 152 128 81 53 23 156 131 86 41 38 222 43 172 67 107 15
    84 58 58 135 51 126 116 150 36 139 9 231 137 118 240 102 224 15 253
    198 149 174 248 238 117 221 219 144 89 250 193 110 42 15 196 183 192
    44 67 214 136 110 97 14 23 10 203 0 133 60 112 94 62 176 73 213 52
    249 222 158 106 10 181 241 228 189 62 78 15 210 97 215 65 41 159 195
    110 215 6 33 29 148 88 65 75 206 230 121 126 13 158 176 186 7 156
    221 143 19 32 193 52 23 232 33 151 232 28 229 156 182 29 199 42 50
    88 51 228 73 68 230 18 54 36 168 44 62 12 48 16 40 102 44 117 130 3
    200 178 76 111 201 147 193 196 250 92 27 14 177 142 88 242 45 6 225
    89 138 112 66 144 134 2 60 13 107 0 48 180 131 206 51 105 11 216 218
    141 240 237 209 100 103 60 214 182 49 134 215 4 227 0 172 184 199
    206 158 223 103 99 56 132 239 237 214 15 170 21 113 82 41 185 253 7
    80 13 141 7 8 59 24 166 215 233 16 42 206 224 16 164 4 63 21 251 143
    251 71 7 0 225 195 130 59 83 185 65 17 52 192 94 84 106 143 143 173
    75 70 248 152 86 204 164 153 188 161 245 232 74 182 101 153 37 96
    149 193 106 148 223 105 239 109 239 138 24 135 89 1 28 232 95 178
    133 245 180 78 169 25 184 254 110 38 7 122 1 117 55 132 61 25 254
    213 135 9 233 109 11 185 133 89 136 115 18 210 29 209 173 220 221 69
    129 48 93 56 115 2 229 104 56 205 217 225 127 127 93 47 184 4 63 206
    18 218 62 253 89 38 88 54 159 49 37 80 206 203 20 14 85 27 69 225
    154 244 19 217 52 172 215 239 213 249 143 192 234 87 254 114 66 170
    77 65 235 192 34 172 150 140 24 242 119 4 92 138 191 45 141 56 101
    107 174 161 93 174 145 110 146 29 109 196 255 240 54 208 164 184 148
    117 239 122 223 110 180 52 64 246 3 158 179 54 62 129 167 82 221 146
    208 23 11 235 154 45 191 250 53 210 184 182 41 213 172 237 77 136
    255 15 113 30 252 46 51 125 76 165 145 152 136 190 254 27 237 136
    169 90 90 176 163 114 69 73 56 114 126 118 167 66 105 182 160 36 227
    85 215 132 211 109 153 132 24 10 183 158 173 231 152 32 156 220 189
    179 161 102 57 61 150 134 251 114 176 16 157 137 217 243 161 32 137
    172 121 167 15 177 213 229 118 14 233 88 162 38 167 205 50 223 218
    21 107 102 33 247 129 185 239 165 22 106 250 101 255 145 128 100 155
    224 255 109 143 80 196 83 226 160 8 143 165 69 106 158 245 61 69 78
    66 146 174 120 68 95 47 230 61 37 198 214 84 249 103 119 95 59 131
    78 218 175 220 2 203 87 93 92 219 43 175 31 178 53 6 164 75 111 194
    169 87 134 82 119 189 72 52 143 255 107 100 66 178 240 80 151 248
    244 93 66 186 31 191 150 160 43 170 116 11 59 70 235 215 19 128 34
    222 37 28 107 91 170 82 83 157 191 62 61 96 53 164 83 100 122 151
    179 142 220 57 26 99 192 37 215 61 199 207 172 78 80 92 42 255 220
    13 155 240 65 139 31 111 26 232 237 150 126 154 30 245 34 32 97 210
    172 135 13 17 7 160 115 44 45 119 163 173 111 19 167 22 49 9 189 119
    159 202 245 160 244 253 84 148 235 147 36 93 126 87 48 21 245 150
    117 3 6 88 215 191 225 215 165 95 231 52 29 66 179 56 90 3 182 9 35
    43 13 214 184 131 187 232 73 107 18 232 56 107 107 234 56 218 80 194
    176 239 146 95 123 20 104 51 220 70 184 203 179 250 133 23 192 185 2
    227 76 99 97 235 85 67 231 14 45 21 112 235 166 244 23 103 170 160
    180 51 109 192 254 131 91 123 93 150 7 131 231 101 160 171 77 68 221
    125 109 183 181 59 196 250 84 196 165 133 198 47 71 54 215 254 7 140
    251 75 182 117 241 177 18 194 4 251 198 146 214 161 167 155 18 244
    95 210 11 18 57 131 233 213 153 11 104 68 49 187 67 56 72 105 130
    181 216 18 179 179 109 8 156 138 18 127 186 200 69 131 199 205 150
    131 36 26 189 96 198 157 245 182 5 225 36 40 73 248 40 149 85 107
    149 43 208 239 38 7 248 16 28 139 100 212 191 42 35 163 172 124 90
    181 68 245 130 8 231 66 51 72 194 100 121 88 206 187 223 40 128 80
    42 158 167 141 124 211 27 2 42 27 240 42 176 57 168 31 6 85 206 247
    78 62 18 107 142 129 160 52 148 210 72 92 21 37 97 98 89 10 137 242
    218 43 40 233 13 212 93 138 20 245 246 89 212 118 133 60 70 41 155
    218 110 13 78 207 179 235 8 77 134 71 24 111 103 100 49 124 148 112
    174 195 230 86 217 213 107 71 93 61 23 17 73 89 62 38 196 15 109 248
    124 119 77 10 251 200 196 8 208 146 13 33 112 27 95 230 32 177 161
    170 97 57 196 83 153 21 95 130 159 166 41 163 62 94 190 168 125 148
    191 145 107 71 60 5 225 44 152 76 214 116 191 223 234 180 153 34 1
    111 135 217 136 53 253 230 228 188 29 184 203 66 212 136 158 95 244
    233 189 78 224 253 195 100 223 172 109 15 163 236 202 27 20 85 242
    144 42 115 76 245 208 200 46 212 123 89 97 100 32 179 105 190 204
    165 166 75 131 83 158 119 141 18 220 187 5 28 210 236 103 232 170
    184 215 198 203 162 120 11 62 139 237 0 170 230 172 206 16 98 167
    100 150 176 208 19 254 250 245 160 3 31 99 79 21 95 59 116 65 189
    155 222 68 158 137 213 49 65 225 94 155 130 54 118 22 122 147 32 59
    92 107 152 36 181 2 231 210 225 47 162 153 249 17 143 114 164 187
    168 118 220 58 111 255 58 224 148 242 189 214 8 67 148 105 230 2 228
    250 223 178 68 254 231 131 117 4 243 114 84 232 103 206 96 154 156
    95 126 245 87 191 41 174 24 84 24 63 244 33 68 122 101 224 7 28 226
    32 110 192 51 94 182 206 19 131 201 6 246 66 74 112 128 182 99 4 208
    81 111 30 51 18 44 127 141 20 153 65 73 176 149 49 187 174 60 115
    250 8 204 13 37 220 134 50 251 54 81 208 72 92 155 195 44 240 61 96
    202 121 78 157 132 130 44 223 35 155 255 220 92 124 95 77 227 24 8
    42 5 137 4 156 15 229 89 139 204 197 19 179 231 52 153 120 201 228
    237 107 119 237 89 106 21 45 192 169 18 11 28 113 244 173 137 195 49
    242 146 71 183 147 239 184 223 209 80 68 50 153 210 30 18 205 107 30
    195 235 100 115 229 177 241 184 232 153 95 52 146 45 106 37 22 131
    87 225 189 195 11 159 37 101 71 25 135 89 71 118 116 160 215 206 70
    101 155 59 57 105 137 212 56 155 7 49 138 125 113 19 154 199 124 106
    21 28 209 203 22 119 118 130 95 58 187 183 47 202 50 54 208 14 174
    37 110 157 13 235 111 70 42 233 239 231 194 178 71 100 141 170 224
    179 112 253 218 166 117 36 120 152 35 248 242 37 118 105 244 153 128
    232 32 126 139 52 180 227 20 220 35 2 134 172 244 243 126 226 158
    189 162 96 79 194 213 36 123 112 60 42 160 4 133 216 247 247 182 198
    80 215 2 157 63 205 194 120 125 2 190 47 96 13 67 135 100 146 161 87
    5 97 102 192 133 15 121 25 227 207 187 135 254 249 236 182 230 242
    114 37 134 89 170 56 13 164 169 163 95 93 107 131 198 66 143 26 169
    159 121 216 16 75 231 136 89 170 198 251 42 201 163 189 84 149 117
    57 59 199 149 16 35 222 52 187 46 77 201 8 188 196 237 142 76 203
    141 148 41 180 35 215 206 1 117 203 152 151 150 4 50 110 53 190 165
    169 120 174 234 80 59 23 80 54 2 227 201 86 235 170 95 148 6 25 35
    185 134 204 162 201 67 6 172 173 158 161 109 244 235 94 176 184 238
    37 129 212 41 112 234 147 165 200 109 173 183 28 105 235 218 197 247
    251 189 91 28 125 253 206 7 234 17 197 142 46 37 200 153 106 76 78
    158 83 145 11 175 64 236 112 72 45 33 48 72 192 28 4 119 105 223 135
    150 2 201 244 146 46 146 196 98 163 153 81 42 129 9 172 221 30 176
    92 137 150 177 110 8 117 222 105 74 153 122 204 139 41 230 64 114 6
    28 201 85 127 146 207 232 150 141 165 30 134 4 122 45 85 3 254 170
    222 102 218 168 88 75 78 18 162 123 255 158 146 183 71 235 249 49 35
    136 141 210 244 239 219 135 192 49 206 182 26 110 86 226 108 25 171
    90 178 135 147 114 196 86 247 179 190 121 142 88 249 104 232 59 154
    172 244 43 82 32 172 124 136 62 46 101 81 196 175 148 54 206 215 183
    238 4 40 152 249 37 152 188 4 82 38 3 237 241 220 244 220 198 146
    153 58 57 59 77 148 38 46 32 64 123 97 244 172 6 106 193 18 123 143
    201 175 109 92 124 36 57 28 212 114 189 76 87 141 103 148 112 237
    245 213 59 12 37 75 241 120 45 61 116 107 185 125 141 65 171 170 226
    216 168 30 99 214 106 184 215 79 247 149 18 45 144 158 127 2 97 124
    20 176 63 210 42 204 235 195 80 3 198 6 252 235 217 191 8 19 47 108
    167 129 47 45 66 25 198 76 130 197 114 177 22 95 59 146 117 230 52
    247 114 47 21 252 220 46 85 213 62 88 77 88 216 193 85 106 1 130 59
    117 242 167 49 150 211 165 69 24 136 85 107 170 124 106 70 14 12 74
    180 195 133 72 131 70 157 35 153 89 87 232 191 242 132 75 124 100 45
    213 217 47 237 248 53 73 134 73 57 189 211 15 225 247 53 31 196 139
    230 215 66 151 153 76 6 89 95 242 30 218 59 118 28 170 207 210 205
    68 47 143 170 250 30 95 81 107 228 71 58 145 242 12 197 24 28 239
    178 154 243 51 225 68 128 237 175 95 212 117 4 247 249 170 179 27
    137 116 243 202 234 113 39 148 121 10 254 142 255 238 159 61 177 15
    225 30 82 196 227 66 213 78 19 176 164 134 202 143 61 50 53 225 64
    93 253 101 42 14 25 226 95 141 165 220 73 16 136 40 187 199 81 82
    187 22 48 76 162 221 96 166 177 45 177 188 28 158 133 238 208 198
    122 49 85 184 246 19 56 11 191 25 18 191 20 41 202 131 42 224 141 33
    70 150 151 127 202 176 204 134 34 119 205 25 30 121 43 56 35 201 15
    66 248 25 237 183 239 129 37 236 253 199 74 57 92 153 6 174 165 2
    248 181 136 19 91 30 10 68 100 155 86 93 194 225 86 38 32 6 209 99
    40 175 232 124 204 30 245 141 124 234 222 239 72 232 166 13 57 54
    100 20 28 41 119 225 249 119 18 213 220 129 130 174 83 124 253 166
    228 177 87 62 98 254 121 39 10 51 182 126 30 209 152 206 121 166 24
    44 223 131 117 57 218 65 43 17 111 69 109 199 142 184 138 143 109
    218 93 252 165 168 196 75 125 203 109 31 37 51 105 147 129 77 105 56
    179 153 209 59 217 9 1 155 249 140 138 9 139 57 67 59 244 112 150
    208 109 176 176 28 75 107 159 239 111 116 113 64 179 218 138 166 35
    60 165 97 70 156 203 197 56 141 133 254 163 230 144 222 175 106 199
    91 8 83 240 84 63 63 119 201 231 179 254 225 144 40 24 32 108 198
    239 56 191 239 105 127 155 87 186 57 53 245 134 143 183 24 64 37 196
    124 137 47 50 90 140 84 20 71 170 115 233 99 194 251 49 252 50 13
    229 191 86 198 29 231 28 100 120 142 118 157 166 85 54 225 1 42 5
    160 72 246 223 59 97 246 47 12 160 223 20 14 186 111 8 82 100 17 134
    70 79 201 30 17 54 193 225 233 83 126 109 93 114 160 89 92 2 128 73
    249 134 77 166 232 210 126 11 114 243 255 154 154 124 88 30 120 212
    44 106 158 112 206 165 21 138 220 170 138 203 139 52 77 250 15 123
    45 130 191 69 155 93 55 17 242 11 124 182 131 208 136 19 93 1 13 143
    62 186 220 43 112 8 128 141 233 3 201 18 249 173 38 99 121 198 78
    131 134 141 133 42 176 136 52 114 75 79 117 19 117 69 115 186 200
    101 6 90 144 95 244 45 190 201 213 88 88 170 109 32 100 252 208 5 73
    149 114 25 25 254 144 243 152 35 165 192 79 112 125 20 31 197 71 227
    107 62 46 164 206 197 184 254 231 183 162 182 140 189 80 188 2 152
    233 242 101 212 39 10 220 172 188 107 228 68 124 41 203 191 170 4
    227 184 32 54 105 229 112 124 77 208 208 63 141 73 78 146 96 125 21
    237 222 22 211 250 35 66 153 4 131 199 116 199 79 161 181 163 89 99
    83 159 46 51 148 143 237 231 27 94 81 117 177 15 52 255 100 236 145
    126 15 203 236 139 242 6 55 111 67 191 134 81 112 143 134 203 114 76
    82 167 207 107 215 52 85 5 253 131 66 73 126 122 58 141 65 199 239
    213 237 24 157 27 255 253 109 52 124 213 202 32 37 67 184 143 13 226
    5 93 128 242 54 173 108 180 161 11 173 232 158 169 205 190 139 22 18
    172 65 219 220 56 42 11 239 46 13 60 172 241 112 100 139 254 30 124
    230 122 104 45 87 78 123 60 187 107 252 176 158 108 19 244 122 159
    121 153 215 244 172 30 27 121 152 242 237 8 26 131 150 167 191 160
    93 143 196 59 79 142 167 230 203 174 7 87 243 196 188 165 64 2 49 63
    170 53 211 18 26 59 21 140 67 162 86 124 74 128 118 186 129 88 6 207
    150 67 168 16 176 54 200 227 81 118 64 62 204 43 44 141 32 193 114
    140 61 214 81 96 208 230 29 225 202 95 37 160 152 28 157 84 43 178
    224 173 90 42 28 163 88 164 87 225 225 13 109 61 40 38 192 14 194
    227 75 89 12 23 107 167 158 119 162 94 254 92 165 45 62 173 179 105
    54 198 212 74 8 207 85 12 53 32 232 165 133 239 134 144 180 189 130
    62 48 136 225 146 4 234 126 144 28 237 88 242 8 136 90 62 124 109 59
    249 218 246 11 194 86 33 123 199 100 76 234 232 165 240 110 16 179 4
    78 182 115 235 111 3 102 120 56 186 136 107 181 237 250 19 5 134 217
    47 137 143 107 60 64 104 231 192 184 104 95 148 254 10 185 76 218 54
    156 30 116 235 95 191 22 28 198 205 50 228 66 193 127 30 181 202 65
    245 135 58 20 94 184 242 117 149 61 150 226 28 64 214 100 27 176 51
    153 167 229 219 131 174 206 179 70 181 98 187 73 160 133 64 223 228
    234 99 215 69 203 207 102 189 126 70 188 18 223 210 165 209 215 142
    251 57 194 35 43 95 9 201 37 193 170 254 49 30 210 179 255 251 28 74
    209 85 23 229 121 42 76 143 170 155 95 71 232 196 218 185 105 7 8
    147 143 216 62 24 160 241 248 161 227 50 13 33 215 8 28 170 75 186
    239 255 63 22 82 203 38 52 78 113 142 194 178 245 28 180 201 194 220
    7 152 54 13 4 236 54 72 251 172 51 213 230 154 126 235 26 22 93 193
    192 141 123 175 112 127 105 191 174 255 10 74 43 220 251 225 71 234
    100 242 58 165 182 129 138 153 66 232 109 100 215 218 130 95 166 73
    50 24 245 68 158 40 245 25 155 50 9 36 199 215 62 172 0 56 200 10 29
    171 213 210 16 136 114 107 152 228 129 18 9 26 231 150 6 186 59 208
    97 71 1 227 16 251 134 145 178 95 239 102 191 28 102 5 218 7 62 221
    142 110 50 217 59 119 92 22 49 90 92 175 81 246 155 39 93 208 69 48
    134 59 210 153 45 71 239 20 129 85 7 69 95 38 84 124 166 71 132 71
    150 175 71 129 58 3 75 132 5 3 209 165 246 121 217 100 31 111 254
    254 229 250 85 29 220 250 2 243 40 111 183 157 84 222 165 31 32 236
    17 17 178 30 148 211 182 159 3 154 38 128 221 213 174 88 233 241 48
    73 158 226 204 95 226 125 127 21 217 132 45 108 30 240 102 210 235
    220 41 151 134 83 238 233 8 17 44 62 97 143 31 76 48 50 215 170 253
    241 113 8 142 16 246 175 72 9 38 179 122 38 109 104 109 227 227 159
    203 161 240 84 48 46 249 115 177 130 198 20 217 169 80 166 249 0 98
    201 117 167 194 218 138 151 112 35 39 6 25 188 191 43 82 116 89 99
    136 212 20 180 114 39 208 132 35 101 17 131 48 5 50 37 215 17 223 17
    32 130 151 198 87 251 113 112 146 104 163 91 190 206 202 94 100 139
    126 107 197 14 97 172 117 247 56 39 116 158 223 116 115 242 151 143
    61 131 84 226 51 120 79 117 125 84 157 40 69 172 86 194 249 225 94
    128 32 52 211 69 45 29 196 183 62 111 186 14 11 207 194 206 198 152
    170 19 61 116 248 238 249 67 189 48 237 206 176 242 138 39 132 142
    64 73 193 2 119 236 211 107 62 47 174 166 93 210 228 247 191 49 207
    170 119 219 184 2 234 154 3 136 75 76 70 135 130 39 154 106 159 105
    120 243 169 88 13 129 191 192 126 169 144 70 163 151 29 52 119 146
    86 248 253 79 216 179 38 82 118 101 201 252 35 110 206 89 4 136 102
    78 102 19 173 102 80 241 99 211 59 116 122 46 116 132 61 187 63 43
    62 64 90 2 58 239 144 7 159 201 186 105 142 164 187 10 189 120 112
    113 32 62 1 198 199 216 243 238 221 167 86 131 23 106 103 243 167
    129 22 99 234 24 38 47 158 205 203 196 236 182 20 88 179 146 118 214
    95 212 211 18 250 0 192 194 234 150 168 91 174 156 98 87 242 108 37
    4 80 2 227 54 123 79 120 4 37 45 238 159 199 186 51 83 254 149 79
    155 200 204 77 34 202 229 14 41 177 244 107 187 18 155 55 233 210 1
    81 236 86 229 179 83 124 52 10 124 171 0 97 38 6 193 105 77 154 85
    120 97 251 131 197 227 13 238 10 73 23 17 143 30 118 60 176 72 50 40
    240 76 4 162 183 123 246 147 107 226 157 112 238 163 138 100 16 71
    150 223 114 42 201 55 199 175 36 180 251 131 122 121 207 93 72 113
    23 123 216 124 105 219 145 152 235 205 115 141 167 255 239 55 59 199
    129 58 172 242 224 222 75 52 178 67 154 38 197 237 184 117 44 121 22
    158 28 12 185 193 43 55 26 213 229 3 204 109 73 223 122 203 79 199
    149 140 90 192 175 195 216 57 186 170 188 128 143 233 66 105 54 18
    247 123 143 122 14 149 253 33 93 149 215 25 150 223 7 92 155 252 190
    18 50 57 137 66 235 58 246 63 25 151 193 32 101 241 43 202 162 35
    176 67 53 171 147 59 32 148 168 42 127 247 131 137 114 167 124 129
    228 132 7 110 228 46 92 70 16 136 138 58 245 57 50 28 31 181 111 90
    160 179 96 113 48 128 80 95 140 82 121 84 86 243 138 132 221 53 156
    109 214 254 216 138 99 46 251 199 219 176 193 203 172 114 199 76 139
    21 13 191 78 210 128 197 12 92 210 146 80 239 73 28 222 108 127 165
    165 187 36 180 75 143 23 228 113 202 122 159 69 232 19 222 186 50 59
    251 23 47 14 56 206 73 12 127 216 42 19 167 28 145 172 54 244 110
    195 86 186 103 155 218 105 202 23 174 103 48 8 92 81 224 52 29 173
    206 253 155 96 110 188 207 198 239 239 188 102 234 68 198 104 210
    167 155 205 74 200 66 92 81 36 168 47 83 72 3 164 61 156 188 15 181
    123 216 183 238 112 25 191 137 176 131 90 242 214 112 89 230 247 219
    206 149 22 203 77 34 209 237 66 72 82 248 71 212 3 36 24 242 131 217
    117 93 155 124 184 147 238 29 43 74 143 129 19 15 227 126 250 211 2
    95 86 87 167</data></my_img>
<your_img type_id="opencv-matrix">
  <rows>50</rows>
  <cols>100</cols>
  <dt>u</dt>
  <data>
    96 16 133 93 93 193 33 145 108 148 171 193 254 50 106 158 219 99 46
    154 96 178 240 74 141 53 133 125 137 89 72 121 146 154 226 241 42
    158 42 4 186 213 185 43 151 152 185 95 152 53 210 130 119 95 43 52
    233 199 193 20 113 217 206 220 203 14 27 173 231 35 219 91 252 206
    39 155 23 147 176 221 60 159 229 2 15 95 74 16 122 173 42 85 117 9
    147 197 19 12 200 146 134 46 192 56 243 198 207 90 208 248 226 122
    31 237 85 166 165 142 217 147 167 206 144 124 115 5 11 16 132 207
    161 27 91 205 156 168 24 207 186 5 178 5 204 81 196 114 136 244 6 46
    68 191 152 217 16 231 76 176 175 16 78 208 207 122 135 161 12 13 185
    62 70 100 221 117 46 201 121 242 4 78 44 22 212 156 4 254 87 133 128
    194 187 55 82 91 91 40 101 248 27 7 130 65 36 56 88 176 162 76 138
    241 165 196 232 97 42 70 248 253 77 184 28 66 85 96 159 153 130 211
    129 239 13 248 211 33 4 202 168 214 181 40 129 96 91 64 125 228 28
    185 193 184 168 248 156 173 10 25 204 32 19 230 120 183 234 44 45 18
    194 203 162 157 61 63 134 67 210 204 146 206 160 251 25 240 182 16 4
    34 40 168 61 60 234 101 68 117 133 30 22 7 32 236 28 161 0 200 48
    157 49 185 123 213 123 92 240 210 63 229 112 234 207 101 30 16 167
    113 215 219 222 117 24 183 215 153 90 131 112 47 126 0 134 117 54
    125 111 198 7 176 7 112 199 184 133 51 137 92 74 103 50 229 93 122
    219 230 196 82 9 248 133 207 120 105 161 252 57 177 220 71 220 226
    41 241 100 135 49 216 72 64 195 180 205 221 217 244 67 217 5 174 212
    20 44 92 133 141 179 206 225 124 218 135 10 3 164 72 178 72 200 54
    93 140 46 50 138 9 28 206 60 66 104 30 57 252 81 182 208 108 65 59
    45 65 159 149 50 0 246 73 43 171 20 19 6 241 77 204 133 123 59 82
    232 89 240 58 45 55 254 111 206 253 126 20 99 148 104 91 236 45 181
    131 17 1 142 123 177 190 220 248 177 14 189 243 63 125 243 168 132
    193 206 137 198 81 59 122 102 46 77 44 23 253 150 69 251 132 100 215
    16 195 154 110 132 132 73 125 0 137 219 58 240 151 12 99 228 254 98
    218 131 218 152 202 228 43 124 136 150 32 101 203 189 93 209 230 134
    20 45 234 221 152 128 81 53 23 156 131 86 41 38 222 43 172 67 107 15
    84 58 58 135 51 126 116 150 36 139 9 231 137 118 240 102 224 15 253
    198 149 174 248 238 117 221 219 144 89 250 193 110 42 15 196 183 192
    44 67 214 136 110 97 14 23 10 203 0 133 60 112 94 62 176 73 213 52
    249 222 158 106 10 181 241 228 189 62 78 15 210 97 215 65 41 159 195
    110 215 6 33 29 148 88 65 75 206 230 121 126 13 158 176 186 7 156
    221 143 19 32 193 52 23 232 33 151 232 28 229 156 182 29 199 42 50
    88 51 228 73 68 230 18 54 36 168 44 62 12 48 16 40 102 44 117 130 3
    200 178 76 111 201 147 193 196 250 92 27 14 177 142 88 242 45 6 225
    89 138 112 66 144 134 2 60 13 107 0 48 180 131 206 51 105 11 216 218
    141 240 237 209 100 103 60 214 182 49 134 215 4 227 0 172 184 199
    206 158 223 103 99 56 132 239 237 214 15 170 21 113 82 41 185 253 7
    80 13 141 7 8 59 24 166 215 233 16 42 206 224 16 164 4 63 21 251 143
    251 71 7 0 225 195 130 59 83 185 65 17 52 192 94 84 106 143 143 173
    75 70 248 152 86 204 164 153 188 161 245 232 74 182 101 153 37 96
    149 193 106 148 223 105 239 109 239 138 24 135 89 1 28 232 95 178
    133 245 180 78 169 25 184 254 110 38 7 122 1 117 55 132 61 25 254
    213 135 9 233 109 11 185 133 89 136 115 18 210 29 209 173 220 221 69
    129 48 93 56 115 2 229 104 56 205 217 225 127 127 95 54 192 3 69 209
    18 218 65 252 88 40 85 57 156 55 44 86 208 207 22 13 96 29 73 226
    158 243 18 222 57 180 214 238 212 246 141 188 232 89 252 115 75 177
    83 70 231 195 34 178 158 140 23 234 109 6 89 134 191 41 143 49 100
    104 168 161 95 168 144 104 145 22 117 193 254 238 53 209 166 180 143
    113 239 122 223 110 180 52 64 246 3 158 179 54 62 129 167 82 221 146
    212 23 10 240 156 49 193 250 56 214 181 182 35 216 173 239 84 135
    255 13 107 31 253 53 55 121 82 166 149 155 136 193 252 29 236 138
    168 88 92 177 167 113 75 79 58 116 124 121 171 67 105 183 158 34 225
    79 213 127 209 104 149 133 22 10 176 158 166 228 146 26 153 219 186
    179 163 108 60 61 151 135 249 108 176 16 157 137 217 243 161 32 137
    172 121 167 15 177 213 229 118 14 235 90 167 33 169 207 51 224 220
    20 100 97 29 250 127 186 245 164 23 101 251 101 255 149 127 100 157
    227 255 104 146 85 193 87 227 159 10 139 166 75 104 162 243 70 75 81
    63 155 177 123 70 92 46 228 56 35 196 211 75 250 96 113 94 57 129 85
    215 166 216 1 199 88 98 97 217 39 176 20 177 48 6 162 75 111 194 169
    87 134 82 119 189 72 52 143 255 107 100 66 178 240 79 152 250 246 89
    64 183 27 189 141 152 43 163 110 11 57 73 236 221 17 123 44 226 50
    35 104 98 176 85 89 158 193 68 68 97 61 161 84 102 124 156 178 141
    220 60 30 98 193 40 218 62 200 204 166 75 76 89 38 254 218 12 149
    236 63 136 27 112 23 227 230 147 127 152 26 244 29 24 104 212 173
    138 9 17 7 160 115 44 45 119 163 173 111 19 167 22 49 9 189 119 159
    198 247 156 246 252 78 138 236 136 30 86 118 78 49 17 249 152 117 3
    7 87 225 196 231 223 166 100 235 61 37 74 183 64 94 2 178 13 38 52
    16 216 182 135 186 232 75 105 23 231 57 110 105 229 54 217 75 189
    166 234 139 89 115 20 101 45 215 66 173 191 166 251 131 19 182 179 1
    223 80 106 99 230 82 67 231 14 45 21 112 235 166 244 23 103 170 160
    180 51 109 192 254 127 92 118 85 144 6 124 231 94 148 164 74 61 225
    125 110 189 186 66 202 251 92 205 173 143 205 62 84 66 223 253 13
    149 249 84 180 122 239 178 25 195 4 249 199 157 215 166 171 163 23
    243 98 207 12 17 52 129 229 212 150 11 97 59 42 180 64 50 66 100 122
    169 212 16 169 171 109 7 151 139 11 121 177 200 69 131 199 205 150
    131 36 26 189 96 198 157 245 182 5 225 36 37 70 247 30 144 82 99 139
    39 203 243 30 6 250 12 25 144 102 219 193 48 44 166 179 127 96 189
    81 243 134 12 233 78 65 82 189 102 123 96 210 188 228 46 139 94 42
    164 171 154 130 214 29 1 39 24 237 36 173 50 167 27 7 81 205 250 80
    58 15 104 138 128 152 50 145 204 73 96 17 31 92 90 79 10 137 242 218
    43 40 233 13 212 93 138 20 245 246 89 212 118 133 61 74 38 152 220
    107 12 75 197 170 238 9 72 129 70 23 116 107 102 54 124 151 116 179
    195 233 95 225 222 107 82 99 72 29 24 83 94 71 44 198 18 114 246 136
    131 86 16 250 202 199 8 211 147 13 33 106 24 92 228 29 173 159 163
    96 54 190 88 146 18 96 127 150 158 37 155 66 100 182 162 123 143 182
    145 107 71 60 5 225 44 152 76 214 116 191 223 234 180 153 34 1 113
    138 218 134 52 251 231 228 178 27 180 196 59 213 139 157 101 247 236
    191 82 230 253 196 104 230 182 110 16 169 237 210 29 26 92 241 152
    42 120 83 245 211 199 51 212 125 92 102 105 34 178 104 183 200 162
    164 72 127 78 154 107 134 19 216 184 6 27 206 228 102 220 161 178
    209 186 197 158 118 8 67 136 228 0 170 230 172 206 16 98 167 100 150
    176 208 19 254 250 245 160 3 30 102 82 20 94 59 115 64 181 145 223
    67 151 134 217 49 69 230 100 156 127 57 124 25 125 154 36 66 92 105
    160 41 181 1 235 214 230 50 164 159 247 24 150 121 166 183 169 122
    219 58 112 254 56 220 144 244 189 213 11 63 145 99 227 1 225 252 217
    171 72 254 221 129 119 4 237 115 94 226 106 201 99 153 156 95 126
    245 87 191 41 174 24 84 24 63 244 33 68 122 101 224 7 27 233 29 111
    191 50 96 173 207 18 128 196 6 247 68 80 119 133 187 101 4 216 89
    110 33 57 20 48 129 151 26 156 70 76 174 154 49 181 173 63 113 247
    11 203 17 41 218 143 49 250 54 80 204 70 92 158 195 40 238 56 92 202
    121 77 160 132 127 41 215 33 147 255 214 90 122 98 74 217 18 6 37 5
    137 4 156 15 229 89 139 204 197 19 179 231 52 153 120 201 228 241
    113 120 243 86 102 24 42 186 157 17 11 26 111 246 178 143 196 51 244
    143 76 188 153 239 188 228 216 82 71 53 158 211 29 16 208 98 29 192
    235 97 112 230 177 239 186 232 159 100 48 157 42 102 37 24 128 82
    227 190 197 12 161 35 95 71 24 129 87 72 108 106 150 213 200 72 101
    150 52 51 102 131 204 56 155 7 49 138 125 113 19 154 199 124 106 21
    28 209 203 22 119 119 127 97 54 182 176 46 192 49 54 203 15 166 42
    111 160 12 236 120 74 48 235 239 233 195 180 72 97 146 174 226 180
    101 251 218 160 110 33 117 155 31 246 240 37 128 110 245 158 141 232
    32 132 144 48 178 229 23 221 32 1 128 171 245 244 124 225 154 182
    151 94 77 186 209 35 119 109 62 41 153 3 131 209 247 247 182 198 80
    215 2 157 63 205 194 120 125 2 190 47 96 13 66 133 101 143 156 85 6
    98 101 186 128 16 119 26 233 206 192 143 252 247 236 186 233 243 111
    39 136 88 176 55 15 166 167 161 85 84 98 130 198 68 149 26 170 161
    130 219 20 78 232 145 94 171 196 250 39 202 165 189 77 146 107 50 53
    193 146 16 34 216 49 179 43 75 197 7 179 185 230 136 75 200 138 144
    41 180 35 215 206 1 117 203 152 151 150 4 50 110 53 190 165 169 118
    173 238 76 58 25 78 51 1 231 196 88 238 169 101 153 8 29 43 190 134
    204 164 200 70 4 178 177 160 163 108 240 233 92 174 179 239 35 132
    214 37 112 236 152 169 204 114 177 189 27 110 237 214 192 247 251
    189 85 25 112 253 205 7 230 15 191 134 39 34 191 143 102 76 75 148
    86 139 8 171 65 227 110 72 45 33 48 72 192 28 4 119 105 223 135 150
    2 201 244 146 46 138 196 97 162 145 81 39 121 10 164 228 29 173 98
    140 155 184 124 10 125 223 111 80 154 124 203 140 41 231 66 111 9 27
    202 78 123 149 209 234 153 144 160 29 140 6 130 42 92 4 253 173 223
    102 217 171 87 72 76 17 163 116 255 152 144 183 68 232 250 43 33 125
    134 209 241 230 214 133 184 49 202 174 24 110 86 226 108 25 171 90
    178 135 147 114 196 86 247 179 190 121 142 88 249 104 236 59 148 165
    244 48 85 37 165 127 139 68 51 111 95 197 179 145 63 208 220 180 238
    3 38 153 247 35 153 184 3 72 34 1 238 240 223 244 221 199 149 156 55
    55 60 83 152 39 45 36 64 124 96 245 171 3 102 192 17 120 141 205 177
    106 88 118 35 51 29 214 111 184 76 89 136 105 144 111 227 245 213 59
    12 37 75 241 120 45 61 116 107 185 125 141 65 171 170 224 216 170 27
    100 214 108 174 215 83 247 147 20 49 146 162 134 1 106 130 23 176 66
    213 43 204 237 193 78 1 198 4 252 236 217 188 10 18 42 112 164 134
    45 45 69 29 205 83 143 200 124 181 26 100 57 147 121 231 48 249 112
    45 23 252 223 40 82 215 62 84 73 87 217 193 82 105 1 127 55 114 240
    162 49 150 211 165 69 24 136 85 107 170 124 106 70 14 12 74 180 195
    124 74 123 70 152 34 149 88 86 235 182 243 131 77 125 104 49 215 222
    49 238 249 51 73 133 71 53 186 211 16 224 243 45 29 192 139 229 214
    67 154 154 77 9 92 104 241 36 221 59 125 26 176 207 212 210 65 43
    144 169 251 32 94 78 105 231 66 51 138 243 9 195 22 32 233 176 149
    243 46 218 62 122 227 175 95 212 117 4 247 249 170 179 27 137 116
    243 202 234 113 39 148 120 11 252 139 253 239 156 61 170 13 234 29
    83 192 235 66 215 84 22 179 161 134 203 143 60 48 51 228 68 92 252
    97 37 15 25 227 95 141 158 222 76 17 140 38 189 203 85 86 190 25 42
    80 162 221 95 166 178 41 173 186 30 151 125 238 209 193 112 43 80
    180 244 15 52 8 184 30 15 187 15 36 199 125 42 224 141 33 70 150 151
    127 202 176 204 134 34 119 205 25 30 121 49 62 35 197 16 66 245 27
    239 173 243 130 41 240 252 200 78 62 99 159 8 176 168 1 250 185 141
    22 95 29 12 71 97 155 83 95 197 227 88 37 33 7 213 105 41 180 235
    131 212 29 246 148 128 236 227 241 70 235 168 12 49 46 96 17 24 35
    109 227 252 108 15 210 218 123 123 173 78 114 253 165 220 173 87 62
    98 254 121 39 10 51 182 126 30 209 152 206 121 166 24 44 217 128 119
    60 215 64 46 19 108 68 107 199 144 182 140 145 112 222 98 252 164
    171 198 77 127 205 112 29 35 51 104 151 128 72 100 50 177 153 214 63
    218 11 1 155 247 147 147 10 144 50 65 55 247 114 152 215 112 180 178
    27 72 105 165 243 106 109 106 58 181 218 128 168 37 58 166 90 67 153
    203 196 50 138 133 254 163 230 144 222 175 106 199 91 8 83 240 84 63
    63 119 201 231 176 252 231 143 38 25 31 105 198 243 57 191 243 105
    130 162 92 188 57 53 247 138 144 185 23 64 34 199 127 138 44 44 83
    139 79 18 70 166 121 232 98 193 249 46 250 52 16 230 191 90 197 34
    232 29 101 121 143 111 152 169 79 49 230 1 37 3 155 66 250 220 55 92
    243 44 12 158 217 15 12 179 99 8 82 100 17 134 70 79 201 30 17 54
    193 225 233 83 126 109 93 118 167 90 96 1 128 74 251 133 78 166 238
    215 129 13 113 246 255 160 157 125 88 27 122 213 40 104 162 117 211
    166 22 139 224 168 139 209 140 50 80 247 16 129 42 136 196 74 156 98
    48 18 245 13 124 187 131 214 133 19 88 1 10 138 54 191 224 39 101 7
    113 124 233 2 196 17 250 171 36 84 108 191 67 131 134 141 133 42 176
    136 52 114 75 79 117 19 117 69 115 186 200 109 8 96 157 100 245 46
    190 207 221 90 94 171 112 31 104 252 209 7 76 144 115 23 24 254 141
    241 151 30 167 193 75 107 123 16 27 199 68 224 107 59 42 157 208 199
    187 252 227 182 157 185 139 187 75 189 2 149 236 245 95 217 37 9 224
    169 184 97 232 65 112 40 205 193 168 3 225 182 32 46 95 225 107 124
    77 208 208 63 141 73 78 146 96 125 21 237 222 22 211 250 35 70 164 6
    133 204 117 201 82 164 182 168 92 102 85 162 46 52 150 144 238 230
    25 90 77 117 181 15 44 255 96 235 144 123 12 209 235 139 239 6 54
    112 65 193 135 77 112 144 133 205 117 74 83 166 208 105 218 45 83 3
    252 124 62 71 115 113 51 129 60 202 239 209 236 19 152 30 255 253
    104 44 113 207 192 32 37 67 184 143 13 226 5 93 128 242 54 173 108
    180 161 11 173 238 166 173 215 195 135 25 22 173 65 227 232 57 42 15
    244 46 13 58 173 241 108 97 135 254 27 120 229 120 99 41 80 71 118
    53 189 102 251 173 152 109 19 239 127 155 123 151 215 240 174 26 26
    123 148 241 237 7 26 124 150 170 196 166 88 143 197 53 73 138 166
    232 206 173 6 79 243 195 180 158 59 2 42 63 170 53 211 18 26 59 21
    140 67 162 86 124 74 128 118 186 129 88 8 216 162 71 169 17 180 55
    209 236 85 119 64 60 204 41 42 140 31 191 110 134 54 213 78 94 205
    229 27 223 202 84 36 154 144 31 152 82 45 178 222 177 88 41 26 166
    87 163 88 226 226 12 111 57 37 35 193 11 198 232 74 90 7 15 98 167
    155 110 159 88 253 90 164 41 60 170 173 97 44 189 202 74 8 207 85 12
    53 32 232 165 133 239 134 144 180 189 130 62 48 138 235 159 3 240
    125 144 30 244 88 249 8 143 90 60 121 105 57 250 213 249 10 190 81
    32 118 195 98 78 232 227 158 236 110 16 178 4 78 185 120 233 116 3
    107 128 54 192 138 111 187 238 251 20 6 136 220 43 135 140 105 56 62
    105 234 193 180 95 88 147 253 7 182 72 211 46 151 29 108 230 82 179
    17 28 198 205 50 228 66 193 127 30 181 202 65 245 135 58 20 94 184
    245 123 160 69 159 234 29 63 222 101 29 181 54 159 166 236 219 125
    173 202 176 61 176 95 186 74 155 127 66 223 224 232 96 215 68 205
    209 102 192 128 71 191 20 224 213 171 216 220 144 247 54 195 39 44
    104 7 204 36 193 173 253 45 32 212 177 255 252 26 70 208 78 17 229
    110 40 72 135 163 146 85 63 224 196 218 185 105 7 8 147 143 216 62
    24 160 241 248 161 227 50 13 41 223 11 35 174 84 189 245 255 64 22
    88 205 38 51 79 110 140 193 177 247 26 176 199 195 219 8 150 57 17 7
    234 56 72 250 173 54 215 229 152 130 233 33 23 100 193 195 144 128
    178 118 132 110 191 176 254 7 68 41 223 252 226 68 235 95 238 53 164
    177 119 122 148 61 229 98 92 207 208 117 84 154 63 50 24 245 68 158
    40 245 25 155 50 9 36 199 215 62 172 0 56 210 13 37 186 220 216 18
    144 116 110 162 235 133 20 10 24 229 147 6 185 56 203 85 63 2 227 16
    252 136 143 182 98 237 110 197 35 113 9 222 13 69 222 149 121 51 221
    60 127 97 22 46 95 92 180 78 247 158 36 87 212 62 42 128 54 212 144
    40 63 241 15 113 79 4 61 87 38 78 112 157 64 116 61 150 175 71 129
    58 3 75 132 5 3 209 165 246 121 217 100 31 111 254 254 229 250 85 29
    220 250 2 243 40 111 183 157 84 222 165 31 32 236 17 17 178 30 148
    211 182 159 3 154 38 128 221 213 174 88 233 241 48 73 158 226 204 95
    226 125 127 21 217 132 45 108 30 240 102 210 235 220 41 151 134 83
    238 233 8 17 44 62 97 143 31 76 48 50 215 170 253 241 113 8 142 16
    246 175 72 9 38 179 122 38 109 104 109 227 227 159 203 161 240 84 48
    46 249 115 177 130 198 20 217 169 80 166 249 0 98 201 117 167 194
    218 138 151 112 35 39 6 25 188 191 43 82 116 89 99 136 212 20 180
    114 39 208 132 35 101 17 131 48 5 50 37 215 17 223 17 32 130 151 198
    87 251 113 112 146 104 163 91 190 206 202 94 100 139 126 107 197 14
    97 172 117 247 56 39 116 158 223 116 115 242 151 143 61 131 84 226
    51 120 79 117 125 84 157 40 69 172 86 194 249 225 94 128 32 52 211
    69 45 29 196 183 62 111 186 14 11 207 194 206 198 152 170 19 61 116
    248 238 249 67 189 48 237 206 176 242 138 39 132 142 64 73 193 2 119
    236 211 107 62 47 174 166 93 210 228 247 191 49 207 170 119 219 184
    2 234 154 3 136 75 76 70 135 130 39 154 106 159 105 120 243 169 88
    13 129 191 192 126 169 144 70 163 151 29 52 119 146 86 248 253 79
    216 179 38 82 118 101 201 252 35 110 206 89 4 136 102 78 102 19 173
    102 80 241 99 211 59 116 122 46 116 132 61 187 63 43 62 64 90 2 58
    239 144 7 159 201 186 105 142 164 187 10 189 120 112 113 32 62 1 198
    199 216 243 238 221 167 86 131 23 106 103 243 167 129 22 99 234 24
    38 47 158 205 203 196 236 182 20 88 179 146 118 214 95 212 211 18
    250 0 192 194 234 150 168 91 174 156 98 87 242 108 37 4 80 2 227 54
    123 79 120 4 37 45 238 159 199 186 51 83 254 149 79 155 200 204 77
    34 202 229 14 41 177 244 107 187 18 155 55 233 210 1 81 236 86 229
    179 83 124 52 10 124 171 0 97 38 6 193 105 77 154 85 120 97 251 131
    197 227 13 238 10 73 23 17 143 30 118 60 176 72 50 40 240 76 4 162
    183 123 246 147 107 226 157 112 238 163 138 100 16 71 150 223 114 42
    201 55 199 175 36 180 251 131 122 121 207 93 72 113 23 123 216 124
    105 219 145 152 235 205 115 141 167 255 239 55 59 199 129 58 172 242
    224 222 75 52 178 67 154 38 197 237 184 117 44 121 22 158 28 12 185
    193 43 55 26 213 229 3 204 109 73 223 122 203 79 199 149 140 90 192
    175 195 216 57 186 170 188 128 143 233 66 105 54 18 247 123 143 122
    14 149 253 33 93 149 215 25 150 223 7 92 155 252 190 18 50 57 137 66
    235 58 246 63 25 151 193 32 101 241 43 202 162 35 176 67 53 171 147
    59 32 148 168 42 127 247 131 137 114 167 124 129 228 132 7 110 228
    46 92 70 16 136 138 58 245 57 50 28 31 181 111 90 160 179 96 113 48
    128 80 95 140 82 121 84 86 243 138 132 221 53 156 109 214 254 216
    138 99 46 251 199 219 176 193 203 172 114 199 76 139 21 13 191 78
    210 128 197 12 92 210 146 80 239 73 28 222 108 127 165 165 187 36
    180 75 143 23 228 113 202 122 159 69 232 19 222 186 50 59 251 23 47
    14 56 206 73 12 127 216 42 19 167 28 145 172 54 244 110 195 86 186
    103 155 218 105 202 23 174 103 48 8 92 81 224 52 29 173 206 253 155
    96 110 188 207 198 239 239 188 102 234 68 198 104 210 167 155 205 74
    200 66 92 81 36 168 47 83 72 3 164 61 156 188 15 181 123 216 183 238
    112 25 191 137 176 131 90 242 214 112 89 230 247 219 206 149 22 203
    77 34 209 237 66 72 82 248 71 212 3 36 24 242 131 217 117 93 155 124
    184 147 238 29 43 74 143 129 19 15 227 126 250 211 2 95 86 87 167</data></your_img>
</opencv_storage>
