<?xml version="1.0"?>
<opencv_storage>
<L2_diff>1.0477117924314874e+02</L2_diff>
<test_hist type_id="opencv-matrix">
  <rows>256</rows>
  <cols>1</cols>
  <dt>f</dt>
  <data>
    8.62336426e+02 2.21419128e+02 5.79272644e+02 4.58357239e+02
    9.76924622e+02 6.71682068e+02 8.81796448e+02 6.97220154e+02
    5.44104126e+02 6.55751709e+02 8.25591309e+02 9.81977905e+02
    4.33739807e+02 3.32502380e+02 1.58822144e+02 8.59748596e+02
    6.28365051e+02 6.71887207e+01 9.65663818e+02 7.01148682e+02
    9.94870789e+02 2.97299133e+02 9.93750977e+02 5.76474670e+02
    7.70249939e+02 2.52211151e+02 8.81227112e+01 8.72924988e+02
    2.50785767e+02 6.59699707e+02 5.10685791e+02 8.06266724e+02
    8.52151367e+02 1.60483337e+02 7.52010254e+02 3.68910034e+02
    4.08416229e+02 4.17213715e+02 7.52140381e+02 1.05217285e+02
    6.37696899e+02 5.67401733e+02 2.78255676e+02 5.70310120e+02
    5.38806763e+02 9.44145020e+02 8.76400085e+02 4.94051971e+02
    9.65073608e+02 1.18730835e+02 1.46941986e+02 6.89239746e+02
    7.01759033e+02 9.57405334e+02 6.27737854e+02 6.15497009e+02
    2.86263306e+02 9.90339600e+02 6.92904724e+02 4.05857513e+02
    6.03971558e+02 9.05869263e+02 1.17552246e+02 4.05842865e+02
    5.31568298e+02 2.68163391e+02 9.39556396e+02 2.63779022e+02
    6.49701782e+02 6.72626343e+02 9.39324341e+02 9.14228516e+02
    7.97222290e+02 1.16142914e+02 3.48618164e+02 5.75740479e+02
    3.89610504e+02 9.67956299e+02 3.63728973e+02 8.64977417e+02
    9.31867676e+01 4.72924042e+02 5.00874969e+02 8.48019409e+00
    9.75923584e+02 7.75262207e+02 2.63989807e+02 2.96091858e+02
    5.33609497e+02 3.65522888e+02 3.08290405e+02 3.91188629e+02
    3.60926392e+02 2.25666107e+02 1.42606964e+02 7.26677795e+02
    6.51788574e+02 1.98670837e+02 4.55354919e+01 5.22018616e+02
    8.97397156e+01 4.97198212e+02 6.97931519e+02 8.78842773e+02
    2.94515137e+02 8.72947388e+02 2.75178894e+02 5.59483032e+02
    6.75770874e+02 8.39221558e+02 9.02027283e+02 5.58547852e+02
    2.74208252e+02 9.78783325e+02 6.18667236e+02 8.12320190e+02
    6.27045837e+02 5.56969299e+01 2.97361145e+01 3.72935547e+02
    6.87803406e+02 1.53030701e+01 1.90165375e+02 5.89242859e+01
    6.37230835e+02 8.91620850e+02 7.95644897e+02 8.53903503e+01
    9.08361877e+02 6.60329224e+02 4.10563354e+02 5.17050476e+01
    8.19660828e+02 4.74520050e+02 5.05225067e+02 5.98544250e+02
    1.17382812e+02 7.45617859e+02 7.12525024e+02 1.05317444e+02
    7.00094727e+02 9.77947998e+02 1.25275879e+02 9.49564514e+02
    1.48347473e+01 4.13954468e+01 7.72047241e+02 7.08653931e+02
    2.98609497e+02 4.91743805e+02 7.22104309e+02 8.07056946e+02
    5.56871826e+02 4.42956085e+02 3.13337769e+02 6.29871460e+02
    5.33518860e+02 4.78388824e+02 7.96500061e+02 4.64126678e+02
    9.89142456e+02 3.83186646e+02 9.87876831e+02 2.39558350e+02
    7.83518066e+02 1.67047882e+02 5.66219788e+02 3.02576172e+02
    2.17851868e+02 1.59129791e+02 6.09521118e+02 5.66933472e+02
    7.91102417e+02 4.89229156e+02 4.50011078e+02 9.10701172e+02
    6.95109863e+01 9.96175598e+02 3.99447571e+02 3.96092590e+02
    6.62053833e+02 6.33376770e+02 8.50174316e+02 7.62418518e+02
    9.44716187e+02 9.25252930e+02 2.34941162e+02 5.25572449e+02
    4.68573029e+02 9.51354492e+02 3.25892212e+02 5.73510254e+02
    6.63323669e+01 4.49454407e+02 8.43951050e+02 9.36578674e+01
    2.79924683e+02 6.92582092e+02 6.72127075e+01 5.09928894e+01
    7.29570618e+01 3.56778992e+02 8.26721436e+02 7.00094604e+00
    2.06244293e+02 4.17448669e+02 8.86744629e+02 8.40543213e+02
    1.00780792e+02 5.66622131e+02 4.21091248e+02 3.29150330e+02
    4.89883484e+02 7.52453491e+02 1.23797058e+02 4.37705078e+02
    5.48493042e+02 5.78456787e+02 6.79213013e+02 5.84164368e+02
    2.34869385e+02 7.14372437e+02 7.30282288e+02 9.26857422e+02
    6.93191528e+00 6.64306335e+02 6.76306213e+02 6.81071716e+02
    5.09126465e+02 2.34807404e+02 3.45757324e+02 9.69955750e+02
    8.99354309e+02 3.25140076e+02 9.67069580e+02 2.02279388e+02
    8.17508484e+02 1.79911682e+02 3.92804291e+02 7.58086060e+02
    1.15573181e+02 9.70938721e+02 8.10517578e+01 1.26843201e+02
    4.92359711e+02 6.04080933e+02 8.87951660e+02 7.21931885e+02
    9.32668457e+02 7.78747742e+02 2.73137207e+01 7.05750732e+02
    8.43399536e+02 9.76888794e+02 5.07692474e+02 4.87305115e+02</data></test_hist>
<my_lkt type_id="opencv-matrix">
  <rows>256</rows>
  <cols>1</cols>
  <dt>u</dt>
  <data>
    2 2 3 4 6 7 8 10 11 12 13 15 16 17 17 18 20 20 21 23 25 25 27 28 29
    30 30 32 32 33 34 36 37 37 39 40 40 41 42 43 44 45 45 46 47 49 51 52
    53 54 54 55 56 58 59 60 61 63 64 65 66 67 68 68 69 70 72 72 73 74 76
    78 79 79 80 81 82 84 84 86 86 87 88 88 90 91 91 92 93 94 94 95 96 96
    96 98 99 99 99 100 100 101 103 104 105 106 107 108 109 111 112 113
    114 115 117 118 119 119 119 120 121 121 122 122 123 125 126 126 128
    129 130 130 132 133 133 135 135 136 138 138 139 141 141 143 143 143
    145 146 147 148 149 150 151 152 153 154 155 156 158 158 160 161 163
    163 165 165 166 167 167 168 169 170 171 172 173 175 175 177 178 178
    180 181 183 184 186 188 188 189 190 192 192 193 194 194 196 196 197
    198 198 198 198 199 201 201 201 202 204 205 205 206 207 208 209 210
    211 211 212 213 215 216 216 218 219 221 221 222 223 225 226 226 227
    229 230 231 233 233 235 235 236 237 238 239 240 240 241 242 244 245
    247 248 248 250 251 253 254 255</data></my_lkt>
<your_lkt type_id="opencv-matrix">
  <rows>256</rows>
  <cols>1</cols>
  <dt>u</dt>
  <data>
    0 2 2 4 4 5 5 6 7 8 10 12 12 12 14 15 16 16 17 18 18 20 21 21 22 23
    24 25 27 28 30 31 33 34 34 34 34 35 36 38 38 38 39 40 41 43 44 44 46
    48 49 49 51 53 53 53 53 54 55 56 58 58 60 62 63 64 65 66 67 68 68 69
    69 70 72 73 73 74 75 76 77 78 78 79 79 79 81 82 84 84 86 87 87 87 89
    90 92 94 94 94 94 95 95 97 99 100 101 101 102 103 104 105 106 106
    106 107 108 108 110 111 113 113 113 114 115 115 117 118 119 121 121
    122 122 124 124 126 127 129 130 132 134 134 136 137 137 138 139 139
    141 142 144 144 144 145 147 147 147 148 149 149 150 150 152 153 154
    156 156 157 158 160 161 161 163 164 165 167 169 170 170 172 173 175
    175 177 179 179 180 181 182 183 184 186 187 188 190 190 191 193 193
    195 196 197 198 199 200 201 201 202 203 204 205 207 207 208 210 211
    213 215 216 216 217 218 219 220 221 222 223 224 225 226 228 229 229
    231 232 234 235 236 237 239 240 241 242 242 244 244 245 247 248 250
    250 251 252 253 254 255</data></your_lkt>
</opencv_storage>
