<?xml version="1.0"?>
<opencv_storage>
<L2_diff>1.1704699910719626e+01</L2_diff>
<test_hist type_id="opencv-matrix">
  <rows>256</rows>
  <cols>1</cols>
  <dt>f</dt>
  <data>
    9.44631836e+02 8.99408264e+01 7.50128479e+02 4.05043671e+02
    9.52102783e+02 1.82224426e+02 9.37134521e+02 1.32731720e+02
    6.22822388e+02 3.63069153e+02 7.57302734e+02 7.89728027e+02
    6.09167603e+02 9.11268921e+02 6.88094177e+02 7.83660889e+02
    3.14402496e+02 7.15789795e+02 5.44663879e+02 1.15028656e+02
    5.56163757e+02 2.61179565e+02 6.39286682e+02 4.39947479e+02
    4.36398773e+02 9.18000732e+02 4.25790344e+02 9.85481384e+02
    8.00362061e+02 2.12142914e+02 9.45998169e+02 4.84241455e+02
    1.70065033e+02 8.85308044e+02 2.50383530e+02 5.57511841e+02
    3.81771210e+02 9.67398682e+02 1.34135437e+02 6.31999023e+02
    1.92380066e+02 3.37296173e+02 8.05787109e+02 8.12505615e+02
    2.87242188e+02 3.86429840e+02 2.91478912e+02 4.93325043e+02
    4.87902618e+02 4.36177185e+02 5.52271851e+02 1.43100250e+02
    5.86822144e+02 2.07785492e+02 2.12476440e+02 1.78065369e+02
    9.03814026e+02 2.47681473e+02 1.72739258e+02 9.12971008e+02
    4.55015045e+02 5.59229553e+02 8.22533264e+02 6.03098999e+02
    2.86380890e+02 6.22042969e+02 7.67626648e+02 9.19276123e+02
    4.83914032e+02 6.23442688e+02 3.73746490e+02 6.58553833e+02
    2.16475800e+02 3.84923523e+02 6.00072327e+02 2.14638885e+02
    4.84948303e+02 8.00243835e+01 6.92107361e+02 4.92505707e+02
    2.96530548e+02 7.04464966e+02 4.09411438e+02 7.28178528e+02
    9.28658203e+02 4.95383453e+02 1.81546936e+01 3.44990601e+02
    8.45463440e+02 3.50029297e+02 7.86794434e+02 2.57220886e+02
    3.00236572e+02 5.35070007e+02 8.26368652e+02 5.78485107e+00
    3.52060364e+02 5.38713989e+01 3.63107971e+02 9.42172241e+02
    8.75202942e+02 4.69528229e+02 6.48511597e+02 5.80391968e+02
    2.51831665e+02 9.79903320e+02 2.81321899e+02 1.47197357e+02
    7.68946655e+02 9.23065613e+02 6.76771790e+02 2.79884949e+02
    1.70765594e+02 1.85322784e+02 2.42042938e+02 9.60033325e+02
    6.91892883e+02 6.28402710e+00 8.80962280e+02 8.17799438e+02
    6.44151306e+02 7.44217346e+02 7.03025574e+02 5.52344299e+02
    2.73520111e+02 1.92404297e+02 4.27776520e+02 2.79371979e+02
    8.87554321e+02 7.22273315e+02 1.52963776e+02 7.37660767e+02
    6.12522949e+02 5.57012390e+02 7.16486145e+02 8.81857300e+02
    1.21378815e+02 3.12547363e+02 5.57366699e+02 4.01493134e+02
    3.41037720e+02 5.81997864e+02 2.28583069e+01 4.72372192e+02
    1.65129425e+02 5.16608948e+02 5.52707153e+02 6.32913879e+02
    8.71583252e+02 5.82963623e+02 5.97728394e+02 6.75165894e+02
    2.63946625e+02 7.17044800e+02 4.24622253e+02 1.71723633e+01
    1.67149811e+02 3.18421692e+02 3.07188354e+02 3.79297852e+02
    9.57565857e+02 2.06063934e+02 6.94259521e+02 4.31664124e+02
    9.72294800e+02 7.14064026e+02 8.17799194e+02 2.77904297e+02
    6.06476257e+02 8.18040100e+02 3.23287231e+02 8.12628174e+02
    9.24779175e+02 4.79031860e+02 6.77452393e+01 7.37369019e+02
    7.20897827e+02 5.41661987e+02 7.79125061e+01 1.24753448e+02
    4.87481140e+02 4.43744476e+02 7.73181274e+02 8.17589722e+02
    5.82487488e+02 1.90372040e+02 2.39718536e+02 2.04244690e+02
    9.35155396e+02 4.97091888e+02 3.66526917e+02 4.81361572e+02
    9.60531799e+02 1.16968079e+01 6.62767639e+01 4.06347961e+01
    1.18235779e+01 4.63934998e+02 2.03869934e+02 4.56820587e+02
    5.32548828e+02 5.98984009e+02 5.81646667e+02 1.38931152e+02
    2.43332153e+02 2.12781342e+02 6.24428223e+02 4.71587341e+02
    8.94614868e+02 4.91223145e+01 7.73842590e+02 6.44971497e+02
    7.49265137e+02 3.30776459e+02 8.76625732e+02 8.40549011e+01
    6.97780029e+02 2.19136169e+02 7.18190186e+02 9.36242981e+02
    1.61083252e+02 1.88851532e+02 3.36204742e+02 5.73383606e+02
    2.19943085e+02 3.49827271e+01 6.51183838e+02 4.83356476e+02
    2.05382050e+02 2.69536285e+02 7.44983826e+01 8.39766235e+02
    2.61579742e+02 8.48851135e+02 6.63147888e+02 8.91193481e+02
    7.60372192e+02 4.29452637e+02 4.53509460e+02 9.86591431e+02
    6.15140076e+02 7.63065063e+02 7.03186157e+02 8.56655518e+02
    1.28498138e+02 4.50603424e+02 1.36580994e+02 6.04877808e+02
    6.87565979e+02 7.28148987e+02 2.35580139e+02 6.01780396e+02
    2.29755859e+02 8.78429810e+02 4.94544952e+02 9.67614746e+02</data></test_hist>
<my_lkt type_id="opencv-matrix">
  <rows>256</rows>
  <cols>1</cols>
  <dt>u</dt>
  <data>
    2 2 4 4 6 7 8 9 10 11 12 14 15 17 18 20 20 22 23 23 24 24 26 27 27
    29 30 32 34 34 36 37 37 39 39 41 41 43 43 45 45 46 47 49 49 50 51 52
    53 54 55 55 56 57 57 57 59 60 60 62 63 64 65 67 67 68 70 72 73 74 75
    76 76 77 78 79 80 80 81 82 83 84 85 86 88 89 89 90 91 92 94 94 95 96
    97 98 98 98 99 101 103 104 105 106 106 108 109 109 111 113 114 114
    115 115 116 118 119 119 121 122 123 125 126 127 128 128 129 130 131
    133 133 135 136 137 138 140 140 141 142 143 144 145 145 146 146 147
    148 149 151 152 153 155 155 157 157 158 158 158 159 160 162 162 163
    164 166 168 169 170 171 173 173 175 177 178 178 179 181 182 182 182
    183 184 185 187 188 189 189 189 191 192 193 194 196 196 196 196 196
    197 197 198 199 201 202 202 202 203 204 205 207 207 208 210 211 212
    214 214 215 215 217 219 219 219 220 221 222 222 223 224 224 225 225
    227 227 229 230 232 233 234 235 237 238 240 241 243 243 244 244 246
    247 248 249 250 250 252 253 255</data></my_lkt>
<your_lkt type_id="opencv-matrix">
  <rows>256</rows>
  <cols>1</cols>
  <dt>u</dt>
  <data>
    1 2 3 4 6 6 8 8 9 10 12 13 14 16 17 19 20 21 22 22 23 24 25 26 27 29
    30 32 33 34 35 36 37 38 39 40 41 43 43 44 45 45 47 48 49 50 50 51 52
    53 54 54 56 56 56 57 59 59 59 61 62 63 65 66 67 68 69 71 72 73 74 75
    76 77 78 78 79 79 81 82 82 84 84 86 88 89 89 89 91 92 93 94 94 95 97
    97 98 98 99 100 102 103 104 105 106 108 108 109 110 112 113 114 114
    115 115 117 118 118 120 122 123 124 126 127 127 128 129 129 131 132
    133 134 135 136 138 140 140 140 142 142 143 144 144 145 145 146 148
    149 151 152 153 154 155 156 157 157 157 158 159 159 161 162 163 164
    166 167 169 169 170 172 173 174 176 177 177 179 180 181 181 182 183
    183 185 187 188 188 189 189 191 192 192 193 195 195 195 196 196 196
    197 198 199 200 201 201 202 202 204 204 206 206 208 209 211 211 213
    213 215 215 216 218 219 219 220 221 221 221 222 223 224 224 225 226
    227 228 230 231 233 234 235 237 238 239 241 242 243 244 244 245 246
    248 248 249 250 252 253 255</data></your_lkt>
</opencv_storage>
