<?xml version="1.0"?>
<opencv_storage>
<L2_diff>2.3770355487455377e+03</L2_diff>
<test_hist type_id="opencv-matrix">
  <rows>256</rows>
  <cols>1</cols>
  <dt>f</dt>
  <data>
    9.46927185e+01 5.54372681e+02 6.56335449e+02 6.63268799e+02
    1.56885254e+02 6.78410828e+02 8.47159058e+02 5.97992188e+02
    3.46416321e+02 5.11540955e+02 3.77448181e+02 9.01043457e+02
    4.48685974e+02 3.75407959e+02 1.42406891e+02 9.95792114e+02
    5.97105835e+02 2.08353973e+02 6.92244446e+02 6.81740845e+02
    1.99165619e+02 2.02478210e+02 7.77526672e+02 1.88062408e+02
    4.65870911e+02 4.88549591e+02 9.15192810e+02 2.67993958e+02
    9.87675171e+01 6.88751953e+02 8.01758423e+02 8.67433838e+02
    6.65074341e+02 2.63464447e+02 4.04724915e+02 4.71849701e+02
    6.97187927e+02 9.19072021e+02 1.92912994e+02 9.65150146e+02
    5.10561066e+02 8.37661621e+02 6.35289917e+02 9.13874146e+02
    2.48608704e+02 5.92905457e+02 6.68312073e+02 5.63897339e+02
    5.93283752e+02 6.99795105e+02 6.48788330e+02 1.88609955e+02
    2.35930115e+02 3.45380859e+02 9.80781555e+01 7.25165649e+02
    2.99250549e+02 6.18294312e+02 7.69296753e+02 2.64373901e+02
    8.56709106e+02 8.73876404e+02 7.81374512e+02 7.73753845e+02
    3.06525330e+02 9.76001709e+02 6.95993347e+02 9.11896362e+02
    8.94494629e+00 1.65738037e+02 7.22915161e+02 2.97216888e+02
    3.85167542e+01 5.01113556e+02 5.36592285e+02 2.48345978e+02
    7.85025757e+02 3.96927185e+01 7.03321655e+02 3.58960266e+02
    3.93658691e+02 3.15948425e+02 4.93213379e+02 3.49178375e+02
    7.84789368e+02 8.59623718e+02 2.02147675e+02 7.78886353e+02
    1.52543213e+02 2.38344025e+02 2.12673645e+02 7.12892578e+02
    3.86641815e+02 6.14797363e+02 2.70363586e+02 8.01815430e+02
    7.47436157e+02 5.62590332e+01 9.41516113e+02 6.97912903e+02
    8.71252258e+02 4.23072021e+02 1.21635834e+02 9.64896423e+02
    8.43346802e+02 4.93471558e+02 9.39560974e+02 2.77304993e+02
    7.55791504e+02 7.46548706e+02 5.10132538e+02 1.07717957e+02
    8.79349304e+02 9.01463623e+02 6.64852478e+02 5.54690918e+02
    8.34357971e+02 2.60343018e+02 8.95155273e+02 6.03286804e+02
    6.50232666e+02 2.96151794e+02 5.79816895e+01 2.66486816e+02
    6.32504333e+02 7.55217651e+02 6.35569885e+02 3.18977570e+02
    9.55620605e+02 1.35540466e+02 6.21085449e+02 3.63047974e+02
    8.82131226e+02 4.35286163e+02 7.32856567e+02 1.68285339e+02
    4.51306763e+01 6.70110413e+02 3.11500916e+02 7.41683228e+02
    9.99067017e+02 9.11927795e+02 8.20940674e+02 3.19368286e+01
    1.53947784e+02 6.83760620e+02 6.83939331e+02 6.68810425e+02
    6.06754883e+02 8.98400146e+02 4.31767273e+02 4.68282867e+02
    6.08927429e+02 5.71851013e+02 5.80992310e+02 9.34916260e+02
    7.56264648e+01 6.26303467e+02 2.66705688e+02 8.15681885e+02
    7.46917603e+02 6.93852539e+02 4.63515564e+02 1.05036957e+02
    8.05696167e+02 4.07655090e+02 1.68284943e+02 1.80910461e+02
    1.45806885e+00 2.56673157e+02 3.82154083e+02 6.52698547e+02
    1.72065521e+02 1.77955017e+01 5.40646240e+02 2.91648773e+02
    3.75587036e+02 1.32561279e+02 9.30080444e+02 4.69467865e+02
    1.20826691e+02 7.59673462e+01 1.31262817e+02 3.56037903e+02
    8.64291260e+02 3.82809509e+02 5.88738098e+01 8.59036865e+02
    8.52930969e+02 5.21219360e+02 8.55485718e+02 7.63810791e+02
    3.90210022e+02 1.69408173e+02 6.35945435e+01 6.97547729e+02
    7.96881958e+02 3.85162842e+02 5.68050781e+02 8.70734802e+02
    8.36427734e+02 8.61245850e+02 4.23025330e+02 7.21768616e+02
    4.99123840e+02 1.62377319e+01 4.28796692e+02 3.23781494e+02
    5.78222839e+02 6.45436035e+02 7.26454163e+02 6.70647827e+02
    4.10185425e+02 3.32399231e+02 2.94864868e+02 5.90485413e+02
    6.33228149e+01 5.18430847e+02 4.14936401e+02 5.55315613e+02
    7.39660461e+02 5.71260803e+02 8.00256714e+02 5.62364746e+02
    1.42247009e+02 9.50489746e+02 7.88885437e+02 3.17588531e+02
    3.43456665e+02 4.75599426e+02 4.05630798e+02 1.74851837e+02
    5.95842224e+02 6.65279846e+01 9.29580200e+02 1.73622437e+01
    3.90424194e+01 8.57262451e+02 1.16378632e+02 1.38055359e+02
    2.47193390e+02 3.39527954e+02 6.88090576e+02 5.19675049e+02
    6.76926453e+02 9.66016357e+02 1.77956818e+02 2.31083771e+02
    8.57814148e+02 1.34171265e+02 2.46804916e+02 5.75904846e+01
    3.05701233e+02 3.49505463e+02 3.37151184e+01 9.91622314e+02</data></test_hist>
<my_lkt type_id="opencv-matrix">
  <rows>256</rows>
  <cols>1</cols>
  <dt>u</dt>
  <data>
    0 1 2 4 4 5 7 8 8 9 10 12 13 13 13 15 16 17 18 19 20 20 21 22 23 24
    25 26 26 27 29 30 31 32 33 34 35 37 37 39 40 41 42 44 44 46 47 48 49
    50 51 52 52 53 53 54 55 56 57 58 59 61 62 64 64 66 67 69 69 69 71 71
    71 72 73 74 75 75 77 77 78 79 79 80 82 83 83 85 85 86 86 87 88 89 90
    91 92 93 94 96 97 98 98 100 102 102 104 105 106 107 108 109 110 112
    113 114 116 116 118 119 120 121 121 121 123 124 126 126 128 129 130
    131 132 133 135 135 135 137 137 139 141 143 145 145 145 147 148 149
    151 153 153 154 156 157 158 160 160 162 162 164 165 167 168 168 170
    171 171 171 171 172 173 174 174 174 176 176 177 177 179 180 181 181
    181 182 184 184 184 186 188 189 191 193 193 194 194 195 197 198 199
    201 203 204 205 207 208 208 209 209 211 212 214 215 216 217 217 218
    219 220 220 222 223 224 226 227 228 230 231 232 233 234 234 235 236
    236 238 238 238 240 240 241 241 242 243 244 246 248 248 249 251 251
    251 251 252 253 253 255</data></my_lkt>
<your_lkt type_id="opencv-matrix">
  <rows>256</rows>
  <cols>1</cols>
  <dt>u</dt>
  <data>
    0 0 0 0 0 0 0 0 0 0 0 0 0 0 0 0 0 0 0 0 0 0 0 0 0 0 0 0 0 0 0 0 0 0
    0 0 0 0 0 0 0 0 0 0 0 0 0 0 0 0 0 0 0 0 0 0 0 0 0 0 0 0 0 0 0 0 0 0
    0 0 0 0 0 0 0 0 0 0 0 0 0 0 0 0 0 0 0 0 0 0 0 0 0 0 0 0 0 0 0 0 0 0
    0 0 0 0 0 0 0 0 0 0 0 0 0 0 0 0 0 0 0 0 0 0 0 0 0 0 0 0 0 0 0 0 0 0
    0 0 0 0 0 0 0 0 0 0 0 0 0 0 0 0 0 0 0 0 0 0 0 0 0 0 0 0 0 0 0 0 0 0
    0 0 0 0 0 0 0 0 0 0 0 0 0 0 0 0 0 0 0 0 0 0 0 0 0 0 0 0 0 0 0 0 0 0
    0 0 0 0 0 0 0 0 0 0 0 0 0 0 0 0 0 0 0 0 0 0 0 0 0 0 0 0 0 0 0 0 0 0
    0 0 0 0 0 0 0 0 0 0 0 0 0 0 0 0 0 0</data></your_lkt>
</opencv_storage>
