<?xml version="1.0"?>
<opencv_storage>
<L2_diff>3.8013155617496423e+01</L2_diff>
<test_hist type_id="opencv-matrix">
  <rows>256</rows>
  <cols>1</cols>
  <dt>f</dt>
  <data>
    1.69768433e+02 8.01576172e+02 1.30953644e+02 7.03098877e+02
    2.02921936e+02 1.69029358e+02 1.67382172e+02 4.21197723e+02
    3.46166809e+02 3.77848114e+02 1.07431213e+02 6.45377563e+02
    4.28677521e+02 4.85013702e+02 5.77118469e+02 5.10083344e+02
    4.84285583e+02 4.60218384e+02 5.60526428e+02 2.73659271e+02
    3.26984009e+02 8.44264282e+02 5.32669739e+02 4.25068970e+02
    8.18630981e+02 2.38122223e+02 5.52129822e+02 7.25376221e+02
    7.95768066e+02 3.80516968e+02 3.63947815e+02 4.97424011e+02
    3.46357391e+02 7.91326599e+01 3.50458496e+02 3.76135345e+02
    3.63919189e+02 7.61919006e+02 2.71024597e+02 3.70084717e+02
    8.01902710e+02 8.58625854e+02 1.24569824e+02 7.39048584e+02
    2.14700745e+02 8.46318237e+02 9.48147217e+02 5.82440796e+02
    4.99466858e+01 9.73610107e+02 1.18224060e+02 3.78519867e+02
    6.68240662e+02 7.58208618e+02 6.07889465e+02 7.86903259e+02
    7.58410889e+02 2.14677155e+02 8.42474731e+02 2.40075684e+02
    8.50954102e+02 2.19423431e+02 2.58090088e+02 5.69929565e+02
    2.93672577e+02 4.30255096e+02 9.92462646e+02 9.91931091e+02
    7.33810669e+02 9.03444702e+02 4.43862305e+02 2.20058289e+01
    8.78210632e+02 4.24330872e+02 9.37609497e+02 8.34977600e+02
    5.46522461e+02 1.98072479e+02 4.22237732e+02 2.88556366e+02
    3.83303284e+02 4.17851166e+02 6.79868591e+02 2.60072144e+02
    5.34858276e+02 5.56575012e+01 4.82765869e+02 4.44726562e+02
    5.24017822e+02 5.46426208e+02 7.57425537e+01 3.07499939e+02
    8.60986206e+02 4.33062897e+02 4.51105042e+01 2.64002686e+02
    4.92679504e+02 1.39065887e+02 5.17854004e+01 5.74816589e+02
    6.19135254e+02 4.20792847e+01 2.81238647e+02 7.28647522e+02
    8.99007202e+02 6.19196411e+02 5.18943359e+02 2.55819809e+02
    9.25671387e+02 9.40808289e+02 1.41843262e+02 8.58399841e+02
    9.87754883e+02 8.60361145e+02 3.41645630e+02 8.34544678e+02
    5.54506897e+02 5.20581909e+02 5.85738770e+02 8.91320068e+02
    1.19073334e+02 8.41836914e+02 7.98501404e+02 7.70316406e+02
    3.34404205e+02 9.27459106e+01 7.29982605e+02 2.15539490e+02
    4.63714417e+02 9.24588623e+02 1.81542572e+02 4.62390228e+02
    5.84885437e+02 5.77104736e+02 9.28330078e+02 4.36295502e+02
    5.97686646e+02 8.44733887e+02 4.56713135e+02 6.63021667e+02
    9.63148804e+02 9.23172913e+02 9.19429016e+02 7.39310303e+01
    3.99845581e+02 4.60646454e+02 5.64195312e+02 8.32682861e+02
    8.78326416e-01 8.62500366e+02 8.36709473e+02 3.12218597e+02
    2.80345032e+02 7.16592407e+02 6.09366150e+01 2.37486603e+02
    4.47534058e+02 9.13381287e+02 2.89298309e+02 1.36372986e+02
    5.19105103e+02 3.03638916e+02 2.12976440e+02 8.23421387e+02
    5.20093811e+02 6.32733093e+02 5.52602844e+02 3.76932892e+02
    6.98757385e+02 5.74627075e+02 6.52746643e+02 5.39978943e+02
    9.65100830e+02 7.44031311e+02 8.13861694e+02 7.65161621e+02
    5.51988647e+02 7.26866577e+02 9.59088440e+01 8.83963318e+01
    8.97043335e+02 7.90113159e+02 3.40669647e+02 4.19471161e+02
    8.08708862e+02 6.94270386e+02 5.66691284e+02 2.19036896e+02
    5.99344177e+02 3.37784973e+02 2.60993073e+02 9.82122803e+01
    2.39031982e+02 5.01032135e+02 4.42085999e+02 9.97109497e+02
    9.31186218e+02 6.15389709e+01 1.32374969e+02 6.17093140e+02
    8.71528748e+02 1.17492371e+01 7.18921692e+02 8.05536865e+02
    8.58057678e+02 8.29747009e+02 5.34851807e+02 9.50914795e+02
    9.27456177e+02 6.85313293e+02 4.51876068e+02 2.92170288e+02
    6.78873718e+02 8.77846619e+02 6.02454224e+01 4.66158752e+02
    9.29857178e+02 9.65938904e+02 9.04840454e+02 6.46746521e+02
    1.56508545e+02 7.08800049e+01 4.99282867e+02 5.69146973e+02
    7.48236450e+02 2.64424927e+02 8.45367432e+02 3.52691406e+02
    6.56817810e+02 8.77772949e+02 9.39889282e+02 1.57297882e+02
    5.32661438e+01 9.30180115e+02 8.15375671e+02 5.25839844e+01
    2.76585510e+02 4.48468750e+02 4.65745117e+02 3.53821411e+02
    1.42713379e+02 2.51779388e+02 1.22472229e+01 1.29977539e+02
    9.76382507e+02 1.39810059e+02 6.24577271e+02 9.29384338e+02
    2.36096100e+02 3.10442566e+02 8.79595947e+01 5.22360229e+01
    6.29445984e+02 7.54276550e+02 8.03449341e+02 4.13281250e+02</data></test_hist>
<my_lkt type_id="opencv-matrix">
  <rows>256</rows>
  <cols>1</cols>
  <dt>u</dt>
  <data>
    0 2 2 4 4 4 5 5 6 7 7 8 9 10 11 12 13 14 15 16 17 18 19 20 22 22 23
    25 26 27 28 29 29 30 30 31 32 33 34 35 36 38 38 40 40 42 44 45 45 47
    47 48 49 51 52 53 55 55 57 57 59 59 60 61 62 63 65 67 68 70 71 71 72
    73 75 77 78 78 79 80 80 81 83 83 84 84 85 86 87 88 88 89 91 92 92 92
    93 93 94 95 96 96 97 98 100 101 102 103 104 106 106 108 110 112 113
    114 115 116 117 119 119 121 123 124 125 125 127 127 128 130 130 131
    132 133 135 136 137 138 139 141 142 144 146 146 147 148 149 150 150
    152 153 154 155 156 156 156 157 159 160 160 161 161 162 163 164 165
    167 167 169 170 171 172 174 175 177 178 179 180 181 181 182 184 185
    185 187 188 189 190 191 191 192 192 193 194 194 196 198 198 198 200
    201 201 203 204 206 207 208 210 212 213 214 214 216 217 217 218 220
    222 224 225 225 225 226 227 229 229 231 231 233 234 236 236 236 238
    240 240 240 241 242 243 243 244 244 244 246 246 247 249 249 250 250
    250 251 253 254 255</data></my_lkt>
<your_lkt type_id="opencv-matrix">
  <rows>256</rows>
  <cols>1</cols>
  <dt>u</dt>
  <data>
    0 1 2 3 3 4 4 5 6 6 6 8 9 9 11 12 12 13 14 15 16 17 18 19 21 21 22
    24 25 26 27 28 28 28 29 30 30 32 32 33 35 36 37 38 38 40 42 43 43 45
    45 46 47 49 50 51 53 53 55 55 57 57 58 59 60 60 62 64 66 67 68 68 70
    71 73 74 75 76 77 77 78 79 80 80 82 82 83 83 84 85 86 86 88 89 89 89
    90 91 91 92 93 93 94 95 97 98 99 99 101 103 103 105 107 109 109 111
    112 113 114 116 116 118 119 121 121 121 123 123 124 126 126 127 128
    129 131 132 133 135 136 137 139 141 142 143 143 144 145 147 147 149
    150 151 151 153 153 153 154 156 156 157 158 158 159 160 161 163 164
    164 166 167 168 169 171 172 174 175 177 178 178 178 180 182 182 183
    185 186 187 187 189 189 190 190 190 191 192 194 196 196 196 198 199
    199 201 202 204 205 206 208 210 211 212 213 214 216 216 217 219 221
    222 224 224 224 225 226 227 228 230 230 232 233 235 235 236 237 239
    239 240 240 241 242 242 243 243 243 245 245 246 248 249 249 249 249
    251 252 254 255</data></your_lkt>
</opencv_storage>
