<?xml version="1.0"?>
<opencv_storage>
<L2_diff>2.3363608454175051e+03</L2_diff>
<test_hist type_id="opencv-matrix">
  <rows>256</rows>
  <cols>1</cols>
  <dt>f</dt>
  <data>
    4.89778412e+02 2.81254883e+01 7.41934448e+02 2.59409821e+02
    2.08660675e+02 3.55562561e+02 9.88915649e+02 7.15719116e+02
    5.12985229e+02 6.62146484e+02 6.17031006e+02 9.86538452e+02
    2.84158691e+02 5.80674133e+01 9.81508484e+01 3.70526306e+02
    1.76593628e+01 4.75899536e+02 9.92015991e+02 6.08379333e+02
    8.92475647e+02 5.76967163e+02 3.88278870e+02 4.39911987e+02
    9.86497192e+02 1.60360413e+01 6.11861389e+02 5.38307068e+02
    5.21982666e+02 7.80939331e+01 5.87850952e+01 8.22527893e+02
    1.65805298e+02 5.51959839e+01 6.76705627e+02 9.60845764e+02
    3.37149902e+02 4.45205475e+02 2.51440353e+02 7.75781860e+02
    6.11510498e+02 1.99982971e+02 2.68062622e+02 9.81251465e+02
    3.83923676e+02 4.96503723e+02 7.40730591e+02 3.44231842e+02
    5.17493896e+01 1.86080231e+02 6.86533875e+02 3.39529938e+02
    6.20872498e+02 7.20241150e+02 5.93060425e+02 4.09374695e+02
    1.84333313e+02 7.12841309e+02 2.95086365e+02 8.77402039e+01
    9.70864868e+02 6.96803345e+02 3.71209229e+02 6.83496826e+02
    2.39307068e+02 7.30141907e+01 9.57595459e+02 6.98181946e+02
    6.95457520e+02 1.27417999e+02 8.06752991e+02 4.54563599e+01
    8.38717224e+02 1.16806671e+02 2.04287872e+02 5.38206543e+02
    8.44471924e+02 2.41783997e+02 4.28543335e+02 5.21548035e+02
    2.24929169e+02 8.80280151e+02 4.04968719e+02 6.55170349e+02
    5.24885681e+02 3.33714264e+02 9.78058167e+01 1.64499634e+02
    1.08723511e+02 7.93379761e+02 7.11128540e+02 1.68965973e+02
    6.35813171e+02 8.03722656e+02 5.46241943e+02 6.62241211e+02
    7.92079590e+02 3.34276978e+02 8.14364990e+02 4.14023987e+02
    5.18919373e+01 2.50289291e+02 3.16165161e+02 6.18898926e+02
    6.70169250e+02 4.96925659e+02 2.96384491e+02 4.68256805e+02
    6.37667725e+02 3.51419495e+02 5.06867828e+02 5.96509277e+02
    5.46977661e+02 9.85182190e+02 7.30305420e+02 3.84663483e+02
    6.78078857e+02 3.90112305e+00 3.88106598e+02 2.12995911e+02
    5.65320190e+02 7.27899658e+02 6.86955078e+02 6.86566101e+02
    4.15462250e+02 6.10914612e+01 7.66264404e+02 6.99592163e+02
    9.32264771e+02 1.84894012e+02 5.60276917e+02 5.90846252e+02
    2.88208435e+02 9.74458252e+02 3.13697205e+02 5.68621216e+02
    8.39208435e+02 8.04879761e+02 6.17813660e+02 9.06277710e+02
    4.51665161e+02 3.25987762e+02 5.75086670e+02 6.64675842e+02
    2.80519226e+02 9.55099365e+02 4.24081512e+02 2.79260681e+02
    2.87906799e+01 7.78931396e+02 2.67977936e+02 7.88194824e+02
    8.70985107e+02 4.45005005e+02 4.05383423e+02 3.38972839e+02
    1.40038269e+02 7.83725464e+02 1.89397858e+02 2.15902008e+02
    6.01694824e+02 1.95700317e+02 7.13915894e+02 1.61393188e+02
    4.59183441e+02 8.05832520e+02 8.48616150e+02 9.19495178e+02
    6.00882202e+02 2.14910461e+02 4.83111115e+02 2.99488220e+01
    7.62743652e+02 9.21929077e+02 4.32781433e+02 3.98750183e+02
    2.93611084e+02 9.50585205e+02 2.32756775e+02 1.10690369e+02
    6.62021851e+02 1.82106628e+02 6.26680298e+02 2.15085571e+02
    5.76506592e+02 1.22431519e+02 6.37979370e+02 3.85845032e+01
    5.37428711e+02 9.22834961e+02 1.93434296e+02 8.56279541e+02
    4.40564209e+02 2.51344025e+02 5.81090210e+02 6.21439087e+02
    8.35369507e+02 3.34763123e+02 9.28771667e+02 4.27931366e+02
    8.76798035e+02 3.85146179e+01 7.26741089e+02 9.64903564e+02
    7.15425537e+02 2.39875336e+02 5.26125366e+02 8.36403931e+02
    5.50326050e+02 3.76238281e+02 3.21589050e+02 8.12552246e+02
    7.50957642e+02 2.07349487e+02 6.54785767e+02 3.62050110e+02
    7.29121887e+02 1.49154053e+02 3.37420776e+02 1.07503235e+02
    9.87522217e+02 7.86579468e+02 6.18224426e+02 4.73474640e+02
    3.21453552e+02 9.16387817e+02 9.76657715e+01 3.16106628e+02
    5.03181610e+02 8.30816650e+02 9.79986816e+02 3.71266357e+02
    1.03096649e+02 7.66891113e+02 7.63457703e+02 7.36744629e+02
    2.44322144e+02 2.67381348e+02 2.12836609e+01 5.74557861e+02
    2.51874405e+02 4.16158264e+02 1.34732880e+02 7.51846985e+02
    2.44785400e+02 6.21675415e+01 5.57319458e+02 6.61885986e+02
    5.02518127e+02 1.63423553e+02 6.67751282e+02 4.19575500e+01
    3.52308838e+02 5.92975830e+02 8.53219238e+02 6.80163940e+02</data></test_hist>
<my_lkt type_id="opencv-matrix">
  <rows>256</rows>
  <cols>1</cols>
  <dt>u</dt>
  <data>
    1 1 3 3 4 4 6 8 9 10 11 13 14 14 14 15 15 16 18 19 21 22 23 24 26 26
    27 28 30 30 30 31 32 32 33 35 36 37 37 39 40 41 41 43 44 45 46 47 47
    48 49 50 51 53 54 55 55 56 57 57 59 61 61 63 63 63 65 67 68 68 70 70
    72 72 73 74 75 76 77 78 78 80 81 82 83 84 84 85 85 86 88 88 89 91 92
    94 95 96 98 98 98 99 100 101 102 103 104 105 106 107 108 109 110 112
    114 115 116 116 117 117 118 120 121 123 123 124 125 127 128 129 130
    131 132 134 134 135 137 139 140 142 143 143 144 146 146 148 149 150
    150 151 152 153 155 156 157 157 158 159 159 160 161 161 163 163 164
    166 167 169 170 171 172 172 173 175 176 177 177 179 180 180 181 182
    183 183 184 185 186 186 187 189 189 191 192 192 194 195 196 197 199
    200 202 202 203 205 206 207 208 210 211 211 212 214 215 215 217 218
    219 219 220 220 222 224 225 226 226 228 228 229 230 232 234 234 235
    236 238 239 240 240 240 241 242 243 243 244 245 245 246 247 248 249
    250 250 251 252 254 255</data></my_lkt>
<your_lkt type_id="opencv-matrix">
  <rows>256</rows>
  <cols>1</cols>
  <dt>u</dt>
  <data>
    1 0 2 1 1 1 3 2 1 2 2 3 1 0 0 1 0 1 3 2 3 2 1 1 3 0 2 2 1 0 0 2 0 0
    2 3 1 1 1 2 2 1 1 3 1 1 2 1 0 1 2 1 2 2 2 1 1 2 1 0 3 2 1 2 1 0 3 2
    2 0 2 0 2 0 1 2 2 1 1 1 1 3 1 2 1 1 0 0 0 2 2 0 2 2 2 2 2 1 2 1 0 1
    1 2 2 1 1 1 2 1 1 2 2 3 2 1 2 0 1 1 2 2 2 2 1 0 2 2 3 1 2 2 1 3 1 2
    2 2 2 3 1 1 2 2 1 3 1 1 0 2 1 2 2 1 1 1 0 2 1 1 2 1 2 0 1 2 2 3 2 1
    1 0 2 3 1 1 1 3 1 0 2 5 1 4 1 4 1 4 0 4 6 1 6 3 2 4 4 6 2 6 3 6 0 5
    7 5 2 4 6 4 3 2 6 5 1 4 2 5 1 2 1 7 5 4 3 2 6 1 2 3 6 7 3 1 5 5 5 2
    2 0 4 2 3 1 5 2 0 4 5 3 1 5 0 2 4 6</data></your_lkt>
</opencv_storage>
