<?xml version="1.0"?>
<opencv_storage>
<L2_diff>3.5580893749314392e+01</L2_diff>
<test_hist type_id="opencv-matrix">
  <rows>256</rows>
  <cols>1</cols>
  <dt>f</dt>
  <data>
    5.36213135e+02 9.81916321e+02 9.16942383e+02 2.72368469e+02
    9.04856506e+02 7.96569580e+02 2.86249329e+02 7.66782227e+02
    2.00726013e+02 7.88259705e+02 8.39918579e+02 9.55822388e+02
    5.47258911e+01 1.28188782e+02 6.32131226e+02 8.89235962e+02
    8.30101807e+02 6.77912842e+02 9.70472473e+02 3.78463501e+02
    4.42747253e+02 6.55665405e+02 8.89145691e+02 4.95147644e+02
    9.05312195e+01 6.32137512e+02 6.72214783e+02 2.11336273e+02
    6.51281494e+02 5.38139038e+02 4.36628418e+01 7.80076660e+02
    3.05970734e+02 3.23422058e+02 2.47085159e+02 6.27735962e+02
    4.91860077e+02 9.04569824e+02 1.27053772e+02 9.54814514e+02
    6.72309143e+02 6.98221863e+02 4.06989624e+02 9.50965698e+02
    2.31831299e+02 9.15482300e+02 7.60172974e+02 4.07113342e+01
    4.27786438e+02 3.27548950e+02 3.70969910e+02 3.71846436e+02
    4.46315552e+02 8.01107178e+02 5.70352661e+02 5.30939270e+02
    9.35004639e+02 4.06950806e+02 5.92061829e+02 6.12840820e+02
    5.04105652e+02 7.67302490e+02 3.91005493e+02 7.38287537e+02
    3.22733887e+02 9.10219238e+02 4.81892273e+02 6.13948914e+02
    1.15354614e+01 2.51566391e+02 3.71523132e+02 8.34663269e+02
    4.35154266e+02 6.16572632e+02 5.59760010e+02 1.76869110e+02
    2.95438171e+02 9.06901062e+02 6.18731934e+02 4.55904297e+02
    5.34653381e+02 9.96844482e+00 5.76874817e+02 4.75592926e+02
    1.86793701e+02 5.09035095e+02 3.27830536e+02 1.35618286e+02
    1.71744995e+02 8.70590027e+02 1.96604309e+01 5.85694580e+02
    5.14191589e+01 8.09849426e+02 6.23120728e+02 2.53590363e+02
    4.29510681e+02 6.13168274e+02 7.75670349e+02 5.41310791e+02
    6.65856995e+02 6.71987122e+02 5.47817017e+02 8.03228516e+02
    3.29880737e+02 4.37666534e+02 6.40659790e+01 8.13121460e+02
    4.61102844e+02 5.72686157e+02 4.49796234e+02 7.42355957e+01
    8.68693970e+02 9.75191528e+02 6.73306763e+02 8.21734863e+02
    7.15428223e+02 9.45112610e+02 6.96308594e+02 6.16690552e+02
    5.15063354e+02 6.81998169e+02 8.47808472e+02 6.27649048e+02
    2.46712265e+02 6.92766602e+02 3.15149872e+02 6.18863892e+02
    1.42704956e+02 5.66212646e+02 9.58047302e+02 4.47383209e+02
    6.22459778e+02 5.73356567e+02 8.15668884e+02 7.34624573e+02
    3.56377563e+02 9.70703613e+02 8.23146423e+02 3.29050232e+02
    1.81307922e+02 1.55650848e+02 7.07207764e+02 7.28474609e+02
    9.95826721e+01 5.64505432e+02 9.23273804e+02 6.35881348e+02
    9.17736084e+02 1.05775299e+02 9.68155273e+02 8.09184814e+02
    5.37029480e+02 4.56301849e+02 6.77053711e+02 9.36177002e+02
    9.32314453e+02 3.66423309e+02 1.99240540e+02 6.19340820e+02
    7.56917725e+02 1.81721741e+02 3.59398529e+02 2.23674744e+02
    9.64037231e+02 7.20715393e+02 7.23536987e+02 2.46742630e+02
    6.38320862e+02 8.83368530e+01 1.61859497e+02 3.19105225e+02
    9.54270081e+02 3.23628693e+02 7.44125488e+02 8.05344971e+02
    8.07822388e+02 4.73419006e+02 9.14503418e+02 6.19422913e+01
    5.04250305e+02 9.89310608e+02 7.04578552e+01 7.65823730e+02
    4.33030396e+02 7.94808044e+02 7.15193787e+02 2.67679749e+01
    9.06829773e+02 4.95871216e+02 1.80711639e+02 4.30088165e+02
    7.05473511e+02 1.70372955e+02 4.08792572e+02 1.77150482e+02
    8.78104614e+02 5.45127014e+02 8.58183838e+02 8.76731934e+02
    1.67329620e+02 7.49503906e+02 9.85072876e+02 3.06386719e+02
    1.65596527e+02 2.56389801e+02 3.37132263e+02 7.13274780e+02
    2.08936646e+02 3.90376831e+02 6.86424255e+01 1.50446655e+02
    5.61734436e+02 4.09207153e+00 7.81290283e+02 6.35190125e+02
    6.69320984e+02 9.34627075e+02 9.14906921e+01 1.80743439e+02
    1.20681763e+01 7.70581848e+02 6.91914673e+01 5.72542664e+02
    2.05062805e+02 8.80327148e+02 4.74812775e+02 6.73842102e+02
    2.30127563e+02 4.71127106e+02 7.82590332e+02 9.93007507e+02
    9.16146851e+01 7.74499939e+02 5.79243225e+02 4.06626495e+02
    3.93849915e+02 2.87229797e+02 5.08234222e+02 5.42998535e+02
    7.06533508e+02 4.41648682e+02 6.09599365e+02 2.79328186e+02
    9.53757568e+02 6.80385071e+02 3.99916290e+02 1.10531616e+01
    2.15320831e+02 9.14265991e+02 5.95737183e+02 3.77794250e+02
    2.14397858e+02 2.59081848e+02 3.13342102e+02 4.92438263e+02</data></test_hist>
<my_lkt type_id="opencv-matrix">
  <rows>256</rows>
  <cols>1</cols>
  <dt>u</dt>
  <data>
    1 3 4 5 7 8 9 10 10 12 13 15 15 15 17 18 20 21 23 23 24 25 27 28 28
    29 30 31 32 33 33 35 35 36 36 37 38 40 40 42 43 44 45 47 47 49 50 50
    51 52 52 53 54 55 56 57 59 60 61 62 63 64 65 66 67 69 70 71 71 71 72
    73 74 75 76 77 77 79 80 81 82 82 83 84 84 85 86 86 86 88 88 89 89 90
    92 92 93 94 95 96 98 99 100 101 102 103 103 104 105 106 107 107 109
    110 112 113 115 116 118 119 120 121 122 124 124 125 126 127 127 129
    130 131 132 134 135 137 137 139 141 141 142 142 143 145 145 146 148
    149 151 151 153 155 156 157 158 160 161 162 163 164 165 166 166 167
    169 170 171 172 173 173 174 174 176 177 178 180 181 182 184 184 185
    187 187 189 190 191 192 192 194 195 196 196 198 198 199 199 201 202
    204 205 206 207 209 210 210 210 211 213 213 214 214 214 215 215 217
    218 219 221 221 222 222 223 223 224 225 226 227 229 229 230 232 234
    234 235 236 237 238 238 239 240 242 243 244 244 246 248 248 248 249
    251 252 253 253 253 254 255</data></my_lkt>
<your_lkt type_id="opencv-matrix">
  <rows>256</rows>
  <cols>1</cols>
  <dt>u</dt>
  <data>
    1 3 5 5 7 8 9 10 11 12 14 16 16 16 17 19 20 22 23 24 25 26 28 29 29
    30 31 32 33 34 34 36 36 37 37 38 39 41 41 43 44 46 47 48 49 50 52 52
    53 53 54 55 56 57 58 59 61 62 63 64 65 66 67 69 69 71 72 73 73 73 74
    76 77 78 79 79 80 81 83 83 84 84 85 86 87 88 88 89 89 91 91 92 92 93
    94 95 96 97 98 99 101 102 103 104 105 106 106 108 108 110 110 110
    112 114 115 117 118 120 121 122 123 125 126 127 128 129 130 131 131
    132 134 135 136 137 139 140 141 143 144 145 145 145 147 148 148 149
    151 152 154 154 156 158 159 159 161 163 164 165 165 167 168 168 169
    169 171 173 174 174 176 176 176 177 178 179 180 182 184 184 186 186
    187 189 189 191 191 193 194 194 196 197 197 198 199 200 201 201 203
    204 205 207 207 209 210 211 211 212 212 214 214 215 215 215 216 216
    218 219 220 222 222 223 223 224 224 225 226 227 228 230 230 231 232
    234 234 236 237 238 238 239 240 241 242 243 244 245 247 248 249 249
    249 251 252 253 253 253 254 255</data></your_lkt>
</opencv_storage>
