<?xml version="1.0"?>
<opencv_storage>
<L2_diff>1.6155494421403510e+01</L2_diff>
<test_hist type_id="opencv-matrix">
  <rows>256</rows>
  <cols>1</cols>
  <dt>f</dt>
  <data>
    1.43939331e+02 2.22535889e+02 9.94571838e+01 7.34067688e+01
    2.77746094e+02 5.29066345e+02 1.61075104e+02 6.91763916e+02
    5.32833618e+02 3.38250610e+02 7.01143188e+02 3.90814026e+02
    8.81119995e+02 8.41956970e+02 9.15052124e+02 5.00566559e+02
    2.62965088e+01 4.46247620e+02 4.56138916e+01 4.84427612e+02
    5.97539001e+02 3.32312683e+02 1.95728546e+02 8.15441895e+02
    9.73913513e+02 3.27907959e+02 4.22375488e+01 2.07651062e+02
    9.68452026e+02 9.51598816e+01 5.28323914e+02 2.78713074e+01
    4.42639740e+02 8.80596924e+02 2.78430664e+02 8.51317749e+01
    7.46702026e+02 5.79291870e+02 9.42801514e+02 6.29848022e+02
    4.44772644e+01 6.56737915e+02 5.41968445e+02 9.83777161e+02
    1.19952087e+02 6.76341675e+02 3.56357910e+02 5.38325378e+02
    9.26883301e+02 5.22270020e+02 4.60604980e+02 2.28056915e+02
    7.39700195e+02 5.88121582e+02 6.71197205e+01 1.41526093e+02
    2.12871704e+01 3.33084167e+02 3.89339905e+02 7.90469971e+02
    9.52438354e+02 5.73274109e+02 3.93823029e+02 3.83311340e+02
    9.86822815e+01 8.17659607e+02 5.19117798e+02 4.62557556e+02
    3.96291199e+02 3.20376495e+02 9.23298950e+02 8.56154785e+02
    2.76529297e+02 8.29073975e+02 3.19151550e+02 5.71053833e+02
    2.82744751e+02 6.96944580e+02 3.13046326e+02 4.82228119e+02
    9.22111694e+02 4.88598511e+02 7.01192383e+02 5.29684143e+01
    6.70130127e+02 6.07452393e+02 3.74329559e+02 9.89375427e+02
    3.33332031e+02 4.46269775e+02 5.11628845e+02 3.57156494e+02
    9.74973145e+02 7.08398193e+02 2.05512817e+02 3.39382538e+02
    1.01217590e+02 4.42320801e+02 8.98420532e+02 7.23388672e+01
    7.17674988e+02 4.40672791e+02 1.91283936e+02 4.52170227e+02
    9.27309814e+02 2.26418152e+01 8.96994995e+02 4.28187164e+02
    4.12413147e+02 7.87801086e+02 5.94270325e+01 4.26872559e+02
    5.50213501e+02 7.41191406e+02 2.66561890e+01 4.86356964e+02
    4.56386932e+02 6.00148010e+02 7.40241699e+02 9.27258301e+02
    7.44814453e+01 6.71232056e+02 7.40601196e+02 2.99737244e+02
    5.11511353e+02 2.15288025e+02 5.47944763e+02 7.32868408e+02
    6.08814819e+02 7.68196777e+02 7.94375854e+02 7.50788208e+02
    8.59803223e+02 5.54979736e+02 4.91108521e+02 5.40736145e+02
    8.99994324e+02 4.14493042e+02 7.83340576e+02 7.84727783e+02
    4.12524200e+02 8.91536865e+01 6.37500000e+02 3.11598938e+02
    8.65476562e+02 6.42042969e+02 8.12418945e+02 6.54590576e+02
    7.57458496e+00 1.70549347e+02 7.88799133e+02 3.30768127e+02
    2.20652222e+02 5.27049683e+02 9.41445068e+02 5.89374878e+02
    9.80814697e+02 4.87908142e+02 1.77092804e+02 3.93012665e+02
    8.36556152e+02 4.12476807e+01 1.16895691e+02 3.79063202e+02
    6.21176697e+02 4.10522064e+02 7.86890137e+02 1.21539215e+02
    1.92309296e+02 2.13732300e+01 6.21072693e+02 7.50067810e+02
    3.14481201e+02 5.56059143e+02 5.10861084e+02 6.70375671e+02
    6.37513428e+02 9.84020630e+02 9.74372314e+02 6.72151184e+01
    5.96516724e+02 4.03702545e+02 7.81584717e+02 3.40642609e+02
    9.70266968e+02 6.14982666e+02 9.12699890e+02 5.58489990e+02
    7.38336487e+02 1.30894775e+01 4.14057495e+02 4.30207916e+02
    7.96092651e+02 9.73588562e+01 4.30893982e+02 2.42451813e+02
    9.79547485e+02 1.04200012e+02 9.25030151e+02 2.10967957e+02
    7.28700684e+02 7.87346191e+02 9.51201782e+02 2.39470306e+02
    4.88324890e+02 8.62200073e+02 5.75418640e+02 5.54287781e+02
    9.22701172e+02 3.10357971e+02 1.25773254e+02 7.45994751e+02
    5.36170654e+02 2.00158112e+02 9.03328552e+02 4.66090210e+02
    5.16505798e+02 7.25550110e+02 1.19096649e+02 1.00952301e+02
    5.94578918e+02 4.02620483e+02 7.58482056e+02 5.77341919e+01
    4.72625305e+02 1.39298309e+02 2.14781494e+01 2.33276337e+02
    3.39946899e+02 9.08873169e+02 8.64580322e+02 9.86689575e+02
    5.47259216e+01 9.17194519e+02 7.69874390e+02 1.18889832e+02
    6.24930115e+02 4.37817383e+00 1.92992340e+02 1.57176636e+02
    4.88506592e+02 8.99947510e+01 6.93806091e+02 6.35382629e+02
    7.39531738e+02 8.87416626e+02 1.07506653e+02 3.63804138e+02
    8.35152222e+02 1.30598450e+01 1.75060181e+02 1.11327148e+02
    4.51424866e+01 3.36688232e+01 6.71478882e+02 1.85271179e+02</data></test_hist>
<my_lkt type_id="opencv-matrix">
  <rows>256</rows>
  <cols>1</cols>
  <dt>u</dt>
  <data>
    0 1 1 1 2 3 3 4 6 6 8 8 10 12 14 15 15 16 16 17 18 19 19 21 23 24 24
    24 26 26 27 27 28 30 31 31 32 34 35 37 37 38 39 41 41 43 44 45 47 48
    49 49 51 52 52 52 52 53 54 55 57 58 59 60 60 62 63 64 65 65 67 69 70
    71 72 73 74 75 76 77 79 80 81 81 82 84 84 86 87 88 89 90 92 93 94 94
    95 95 97 97 99 100 100 101 103 103 105 106 107 108 108 109 110 112
    112 113 114 115 117 118 119 120 121 122 123 124 125 126 127 129 131
    132 134 135 136 137 139 140 141 143 144 144 145 146 147 149 150 152
    152 152 154 154 155 156 158 159 161 162 162 163 165 165 165 166 167
    168 169 170 170 170 171 173 174 175 176 177 178 180 182 182 184 184
    186 187 189 190 192 193 194 194 195 196 198 198 199 199 201 201 203
    204 205 207 209 209 210 212 213 214 216 217 217 218 219 220 222 222
    224 225 225 225 227 227 229 229 230 230 230 231 232 233 235 237 237
    239 241 241 242 242 242 243 244 244 245 247 248 250 250 251 253 253
    253 253 253 253 255 255</data></my_lkt>
<your_lkt type_id="opencv-matrix">
  <rows>256</rows>
  <cols>1</cols>
  <dt>u</dt>
  <data>
    0 0 0 1 1 2 3 4 5 6 7 8 10 11 13 14 14 15 15 16 18 18 19 20 22 23 23
    23 25 26 27 27 28 29 30 30 32 33 35 36 36 37 38 40 41 42 43 44 46 47
    48 48 50 51 51 51 51 52 53 54 56 58 58 59 59 61 62 63 64 64 66 68 69
    70 71 72 73 74 75 76 78 79 80 80 81 83 83 85 86 87 88 89 91 92 93 93
    93 94 96 96 98 99 99 100 102 102 104 105 105 107 107 108 109 111 111
    112 113 114 115 117 117 119 120 121 122 122 123 125 126 128 129 131
    132 134 135 136 138 138 140 142 142 143 144 144 146 148 149 151 151
    151 152 153 154 155 157 158 160 161 161 162 164 164 164 165 166 167
    168 169 169 169 170 172 172 174 175 176 177 179 181 181 183 183 185
    186 188 189 191 192 193 193 194 195 197 197 198 198 200 200 202 203
    204 206 208 208 209 211 212 213 215 216 216 218 219 219 221 222 223
    224 225 225 226 227 228 228 229 230 230 230 231 233 234 236 237 238
    240 240 241 241 242 242 243 243 245 246 248 249 250 250 252 252 252
    253 253 253 254 254</data></your_lkt>
</opencv_storage>
