<?xml version="1.0"?>
<opencv_storage>
<L2_diff>3.5022849684170478e+02</L2_diff>
<r>8</r>
<test_img type_id="opencv-matrix">
  <rows>50</rows>
  <cols>100</cols>
  <dt>u</dt>
  <data>
    254 3 167 69 249 154 45 10 165 99 136 167 188 102 86 177 64 83 212
    97 229 156 52 23 178 153 243 19 223 141 66 85 69 181 176 22 127 89
    169 255 212 105 123 158 144 122 214 77 213 69 229 62 243 37 220 241
    229 34 17 145 116 19 14 164 173 35 75 144 137 141 100 176 58 7 77
    223 93 204 32 37 251 219 188 93 56 160 56 33 9 21 218 58 90 98 21
    168 84 124 22 115 217 172 159 204 250 242 21 239 171 133 197 149 246
    207 85 177 167 176 140 43 182 133 223 8 183 174 117 43 31 84 205 132
    61 10 83 125 200 200 254 31 167 169 88 106 28 244 49 24 104 150 94
    221 50 122 234 20 148 141 98 215 244 23 78 210 67 25 57 128 103 159
    108 2 40 31 147 152 167 131 253 71 240 6 222 155 39 128 58 110 47
    197 150 214 6 216 153 41 97 243 29 232 4 91 128 171 25 151 72 125 22
    97 186 4 146 164 186 240 115 157 114 137 251 9 27 194 183 133 248 43
    145 63 174 191 95 51 182 38 84 2 61 95 221 170 126 104 191 210 195
    145 149 173 123 182 144 50 250 145 209 168 184 23 50 241 124 231 29
    133 118 62 24 197 184 0 58 67 234 120 243 58 31 13 12 40 18 246 86
    181 223 41 210 219 165 4 33 226 197 3 219 107 206 78 198 137 83 158
    129 111 176 129 81 95 74 78 199 20 118 60 180 51 138 55 156 253 81
    241 173 222 134 225 250 199 247 69 237 252 59 207 8 229 83 101 69
    119 198 76 107 180 29 84 68 179 182 30 74 231 195 41 102 63 23 29
    106 11 7 179 136 41 252 82 93 94 252 103 7 123 181 73 6 190 57 131
    152 205 177 79 0 62 28 55 194 102 92 162 233 10 136 130 51 63 81 186
    138 77 190 38 177 60 14 149 218 196 39 225 122 177 222 94 92 99 177
    138 8 175 253 243 224 29 15 252 34 246 222 247 129 209 175 94 63 112
    255 39 82 132 181 91 71 61 58 238 27 103 96 9 234 223 75 20 97 243
    59 246 58 140 3 190 13 244 106 108 189 11 4 248 18 1 88 165 5 85 201
    33 220 114 79 146 147 248 108 245 42 192 112 220 54 21 12 31 77 133
    186 64 139 96 228 44 130 62 59 187 44 18 3 183 73 122 137 36 4 76 24
    25 151 190 194 24 58 151 206 142 103 32 214 247 156 151 185 200 15
    13 154 252 201 205 103 242 35 141 13 238 12 161 201 24 161 0 244 25
    132 192 110 151 218 94 109 24 219 203 114 90 207 167 230 87 208 53
    142 205 117 192 202 25 57 109 120 230 139 28 251 196 9 153 139 91 2
    127 221 175 26 163 8 17 154 139 89 255 188 151 230 53 104 154 145
    182 168 251 66 100 155 14 82 49 31 58 57 202 162 246 42 141 243 202
    5 135 155 121 103 102 83 188 37 156 33 13 8 213 108 126 238 57 86 64
    93 9 240 39 221 202 69 7 58 208 74 113 199 249 197 208 187 61 41 101
    196 53 244 9 191 229 169 81 127 225 35 128 238 186 12 183 38 212 157
    31 134 163 16 252 211 238 133 116 68 117 242 122 15 122 140 189 107
    228 154 195 83 82 134 32 81 204 48 159 142 123 100 246 18 110 5 14
    115 156 35 27 227 80 202 202 176 41 93 19 122 229 184 79 146 48 196
    89 90 55 175 17 148 64 114 153 93 224 1 131 172 103 134 187 55 210
    181 239 52 30 199 102 41 200 180 187 160 4 57 156 67 170 105 0 146
    122 243 70 207 182 61 136 49 161 217 249 231 195 2 147 101 173 255
    191 72 233 116 114 253 46 175 145 237 69 68 135 64 42 78 10 96 8 80
    138 231 185 251 115 87 95 178 238 79 242 183 124 176 234 204 18 34
    79 4 181 98 104 94 56 148 248 180 5 242 91 72 248 1 232 120 196 248
    5 116 111 53 234 100 175 134 163 162 71 208 101 166 105 71 181 134
    77 58 229 73 234 5 20 252 158 21 80 3 90 194 208 111 115 204 172 32
    103 97 139 62 64 32 37 56 91 133 82 185 167 68 162 86 183 23 178 131
    27 88 44 118 206 4 40 26 8 18 182 176 239 10 107 153 249 252 149 71
    4 220 188 218 212 42 221 222 133 198 124 250 85 160 125 148 64 8 187
    33 48 138 61 61 242 127 93 211 40 93 18 146 74 5 141 72 43 200 105
    233 147 6 122 55 253 95 212 67 191 137 121 180 244 198 203 60 180
    142 244 50 112 165 253 73 132 78 220 98 120 39 52 137 54 217 178 221
    66 221 82 28 201 81 7 97 140 54 216 146 9 99 21 196 54 42 191 147 44
    205 57 36 209 205 179 113 42 212 45 59 67 222 110 93 83 164 40 90
    253 13 42 112 244 20 190 133 211 176 87 176 15 195 108 58 176 8 96
    139 53 59 20 113 10 90 226 174 121 251 198 163 80 50 99 29 18 56 214
    2 58 134 250 76 102 230 183 30 115 51 8 31 213 61 78 145 47 106 122
    156 52 25 81 170 143 109 115 47 218 80 58 161 106 8 53 29 49 188 193
    4 107 232 185 255 1 81 22 193 224 247 108 11 107 188 122 81 140 33
    18 183 185 134 37 90 3 179 158 25 190 211 148 172 206 212 76 144 144
    226 88 239 131 178 116 134 18 1 238 31 96 88 134 127 182 12 3 206 30
    154 124 38 240 149 159 117 59 232 153 218 85 156 102 207 189 51 93
    109 82 222 71 237 146 195 3 160 143 121 205 43 225 80 101 57 16 18
    21 118 29 65 103 236 127 104 219 186 232 193 122 202 148 28 19 143
    44 104 145 39 118 6 137 148 158 139 66 216 157 19 131 42 110 126 13
    23 1 252 182 244 193 2 52 101 95 154 229 163 85 54 47 153 199 0 181
    147 74 167 227 81 85 18 8 167 22 103 187 207 57 182 146 230 147 36
    171 151 148 126 152 99 2 135 103 246 194 111 83 51 44 177 41 165 96
    121 190 254 138 38 42 27 103 120 138 127 62 24 169 11 123 165 234 91
    106 186 188 65 193 88 174 118 1 54 96 30 215 199 249 25 37 173 103
    47 143 122 77 127 44 67 149 206 195 55 21 110 88 86 181 234 68 55
    225 53 187 61 129 144 29 63 48 45 165 169 142 152 241 92 154 228 226
    206 55 139 75 159 123 188 241 194 227 141 18 62 94 199 127 41 181
    123 106 101 181 227 200 21 90 40 203 77 249 98 208 205 232 58 33 127
    217 218 192 215 231 34 217 144 246 241 11 209 229 204 9 49 41 229
    176 195 122 113 44 90 1 111 104 144 203 26 178 167 8 122 79 57 250
    235 225 99 183 20 46 191 253 43 180 11 65 137 179 198 5 240 111 251
    54 111 27 198 115 236 48 251 159 86 194 19 126 118 205 57 79 131 4 3
    205 8 115 237 125 189 69 136 148 249 5 235 59 73 81 205 122 168 235
    133 37 88 123 202 118 52 224 166 176 78 111 54 111 167 233 170 4 198
    250 249 250 243 23 255 4 11 56 103 24 88 205 65 86 146 22 77 177 49
    114 80 14 88 253 74 233 101 103 112 195 20 130 117 70 56 25 86 82 97
    236 56 60 67 138 89 209 234 93 218 246 27 189 113 174 70 126 152 109
    105 97 45 205 91 70 143 171 119 180 41 91 112 88 17 8 188 189 215
    161 104 234 227 153 146 114 22 51 105 213 87 228 97 86 87 81 124 131
    29 11 125 214 100 163 210 15 109 76 4 249 128 28 228 217 110 111 232
    174 87 211 136 135 55 97 24 41 254 44 131 192 255 198 225 137 78 33
    54 110 187 83 229 132 135 80 59 14 61 107 141 152 127 195 206 47 171
    133 221 139 114 125 201 220 145 55 17 98 49 27 242 119 236 248 32
    216 139 58 241 135 77 127 218 122 174 25 138 187 107 97 71 20 153
    103 167 188 195 98 235 229 40 39 81 239 29 245 28 253 159 169 32 104
    183 214 114 110 203 148 135 61 237 233 229 134 146 94 111 147 22 73
    170 12 236 193 76 52 212 240 89 31 68 179 136 216 56 49 205 110 67
    159 206 220 169 88 152 12 41 168 242 199 219 32 208 204 135 142 159
    124 143 28 47 52 36 216 236 73 219 236 76 190 211 176 46 232 63 37
    171 196 19 138 190 241 7 60 58 66 115 126 162 147 153 57 197 97 148
    99 203 10 241 100 175 83 28 217 169 114 107 241 162 8 170 189 63 218
    244 35 12 146 99 141 16 115 48 187 79 38 111 102 229 84 30 167 10
    234 179 97 192 197 13 79 77 117 1 115 141 70 7 209 254 43 202 94 237
    191 29 145 77 121 160 91 102 68 217 161 111 67 228 85 174 28 66 94
    135 206 200 49 203 168 86 144 174 244 228 136 123 137 90 54 37 162
    184 164 240 206 186 201 157 139 30 44 159 22 113 192 12 227 19 4 170
    182 37 20 17 39 231 6 178 159 219 209 90 182 213 228 116 166 132 113
    79 14 1 240 230 184 24 68 245 157 206 113 31 186 123 210 27 153 204
    85 61 102 244 26 64 8 76 37 30 130 12 254 77 147 91 252 107 141 216
    19 12 26 50 239 112 91 58 212 121 165 39 196 198 86 30 189 174 239
    174 7 126 222 187 54 35 202 214 162 80 251 63 72 205 38 72 135 42
    170 85 154 82 72 172 59 215 188 137 198 241 49 47 0 15 190 253 196
    167 253 71 32 76 20 7 13 231 234 33 253 119 151 165 164 124 120 203
    251 6 216 183 235 112 55 94 59 22 241 66 202 184 229 212 167 118 15
    146 111 121 9 121 152 208 72 92 188 19 74 206 10 221 71 9 140 87 202
    4 225 121 54 164 63 250 70 118 119 146 74 78 77 201 136 171 137 68
    15 7 99 164 39 106 192 62 84 221 146 99 191 17 218 195 137 124 241
    193 250 151 58 18 223 147 167 177 105 74 73 60 82 215 192 102 166 12
    113 62 73 242 204 120 21 172 55 142 180 75 8 60 117 182 206 24 45 70
    164 97 251 137 175 76 253 197 171 92 107 157 230 39 27 225 20 125
    190 133 52 170 5 230 210 104 136 241 120 191 153 74 63 214 204 167
    165 37 179 206 82 67 225 24 186 17 116 223 139 1 74 66 157 149 97 23
    125 170 150 208 225 82 64 141 185 218 52 140 254 95 38 127 15 229 22
    6 55 104 119 121 10 7 104 223 185 228 8 214 19 146 247 38 80 170 99
    109 163 18 59 96 52 102 180 130 218 39 175 194 124 252 165 212 223
    179 109 126 108 183 238 118 97 130 111 52 61 79 250 172 106 177 71
    89 108 61 60 55 70 185 66 136 110 87 11 190 234 84 117 103 39 218 75
    184 175 226 63 100 35 165 240 162 121 178 22 90 246 59 176 13 242
    196 248 24 53 101 181 34 190 160 123 217 136 19 104 14 152 248 251
    48 12 226 90 214 64 178 107 245 198 212 192 233 221 250 135 206 165
    242 98 94 214 39 149 74 74 138 108 17 11 251 64 168 217 133 57 52
    194 193 145 20 155 63 2 253 149 184 198 163 223 167 40 249 202 219
    51 107 234 199 88 246 76 21 82 63 202 57 8 4 57 146 200 124 203 184
    81 168 55 236 157 200 101 87 70 245 65 34 241 228 103 89 130 133 31
    156 5 70 141 107 176 220 56 128 21 44 44 55 54 173 71 234 7 26 147 4
    89 43 184 35 170 191 75 133 198 124 141 125 158 212 195 164 112 143
    129 7 73 108 222 209 152 212 206 155 196 133 54 111 201 247 46 208
    225 195 247 105 238 181 173 234 6 104 120 20 5 198 250 169 133 97
    116 69 128 68 210 52 252 29 142 127 98 102 98 165 50 40 63 33 86 46
    177 173 180 123 62 37 184 23 2 24 208 213 166 249 231 194 171 122
    203 97 5 232 120 23 241 84 131 252 4 117 12 29 116 222 150 148 50
    207 162 96 17 96 225 185 214 249 216 228 204 223 1 89 238 125 189
    196 255 207 251 218 179 5 207 229 45 156 177 172 34 245 65 84 37 139
    52 183 191 128 172 225 16 40 48 239 27 190 38 46 65 190 158 161 24
    135 134 170 214 91 33 203 79 228 215 100 217 20 37 234 203 216 179
    55 214 222 223 158 48 123 153 36 78 150 130 51 81 200 233 51 214 104
    123 101 8 47 94 255 128 156 62 27 137 21 26 194 233 56 123 202 121
    168 98 5 133 225 33 207 196 38 125 142 153 107 249 41 117 228 45 85
    109 48 163 204 210 151 134 239 113 230 22 251 71 101 23 192 202 196
    9 53 20 8 120 177 88 165 42 234 117 182 91 64 214 170 2 29 150 54 62
    195 60 232 149 138 17 227 194 102 38 251 254 64 44 191 21 39 234 150
    162 218 207 33 51 100 225 3 7 94 228 129 79 176 196 82 160 212 67
    181 121 55 131 243 134 141 33 208 121 194 39 171 155 109 93 237 115
    30 39 46 127 241 199 186 241 222 53 65 212 217 192 107 190 211 45 4
    151 64 236 118 235 88 107 51 230 170 187 130 111 88 226 190 167 141
    33 199 190 166 74 30 242 204 65 231 19 105 193 119 241 116 30 157 34
    201 217 157 229 105 4 107 117 194 140 99 165 157 68 237 250 249 200
    209 41 170 32 133 99 36 154 56 65 80 141 47 159 156 112 112 33 71 53
    178 58 121 190 118 58 231 103 254 132 98 230 168 38 139 72 198 246
    34 200 126 249 222 39 4 230 70 1 39 105 94 25 75 48 48 42 216 161
    157 235 102 251 207 102 183 79 237 4 167 210 212 64 14 237 166 121
    18 230 129 115 126 199 113 67 117 245 155 58 236 193 53 155 15 112 1
    108 185 175 151 120 236 138 36 62 111 127 43 212 243 176 142 60 187
    142 140 77 69 30 110 229 142 59 48 34 187 185 87 19 25 195 108 172
    249 15 155 25 51 249 182 196 136 3 230 69 219 177 147 11 160 197 57
    194 95 138 72 155 132 51 17 240 33 200 168 43 78 175 231 26 90 84 96
    132 196 52 159 120 74 244 57 164 218 65 234 22 248 174 132 128 255
    89 25 186 213 124 44 189 189 226 228 92 115 226 148 192 105 13 197
    149 158 11 121 205 153 136 86 83 131 164 27 85 252 140 192 184 241
    207 150 210 218 153 197 227 139 142 19 41 57 37 248 195 5 157 242 38
    35 251 118 146 65 5 38 151 197 222 138 108 158 36 160 46 38 240 141
    60 104 194 250 87 16 79 74 59 180 251 186 87 217 27 111 71 69 222
    149 41 167 176 15 101 209 246 89 109 65 176 101 167 22 64 43 159 100
    248 54 169 54 175 41 121 187 224 195 236 44 122 18 235 58 43 100 234
    28 57 219 155 77 34 213 238 148 20 173 96 220 165 189 13 135 42 112
    47 240 253 95 135 135 35 4 149 69 27 102 117 200 167 4 49 199 225 32
    51 108 108 26 62 208 131 30 37 176 143 147 108 112 109 163 78 228
    107 142 29 145 45 167 244 170 36 127 0 147 180 57 211 190 49 190 105
    69 159 64 201 153 86 163 74 8 252 173 95 71 167 155 19 195 58 6 69
    143 89 248 139 191 236 117 87 125 91 229 215 22 207 233 17 117 62
    253 53 168 159 53 211 70 231 136 59 79 89 211 203 219 103 247 109
    240 245 95 117 106 82 142 34 107 60 86 205 105 43 147 6 75 175 126
    89 191 12 146 78 19 63 108 14 110 192 124 166 158 125 88 184 178 21
    93 7 190 13 152 194 50 3 39 224 247 241 195 205 16 68 96 125 219 157
    141 39 176 40 13 202 243 162 234 164 80 29 234 115 135 56 23 103 33
    234 100 35 166 237 146 98 211 0 209 25 194 95 255 208 204 160 200
    133 111 80 228 204 61 141 18 33 194 4 11 24 196 94 21 111 71 32 8
    228 207 236 253 49 147 162 144 210 251 144 44 195 90 251 195 125 113
    31 69 124 204 236 159 68 132 223 135 229 117 178 198 166 86 173 37
    124 169 207 100 5 211 180 56 125 79 168 76 191 168 16 244 138 124 63
    211 98 205 70 16 212 186 40 76 248 230 203 35 42 62 43 161 107 16
    199 35 101 209 190 175 174 240 250 42 153 15 31 46 133 132 147 8 203
    30 119 3 238 188 213 119 200 172 87 104 204 210 170 180 75 229 147 3
    19 46 26 26 167 78 252 230 178 122 174 212 153 62 15 74 15 77 178 55
    162 234 69 231 103 85 88 246 0 42 24 117 199 53 18 48 182 117 7 97
    73 134 55 35 66 186 39 251 244 78 249 20 233 29 222 252 14 252 235
    238 2 12 89 36 196 2 77 167 68 43 143 2 3 4 75 159 65 165 179 34 131
    180 99 17 216 85 151 178 146 199 32 241 50 21 146 82 164 159 8 73
    214 158 128 169 99 102 239 9 248 218 173 182 162 214 34 139 233 175
    96 91 110 45 17 127 219 154 235 177 243 215 51 207 82 180 222 93 83
    72 138 99 13 233 210 236 28 189 22 35 99 44 144 185 61 188 47 247
    166 142 157 60 56 55 223 38 155 116 162 232 132 92 71 233 24 164 163
    59 96 149 248 32 16 65 239 103 67 181 106 56 188 128 138 96 7 19 43
    90 107 135 97 2 25 185 242 33 22 248 133 248 9 190 129 2 205 56 197
    178 1 206 140 213 194 193 196 34 106 223 112 224 183 239 155 55 48
    13 121 153 253 232 144 195 210 53 217 176 59 30 159 84 81 53 235 26
    89 129 204 235 108 254 3 115 19 52 200 42 178 186 42 192 56 171 40
    147 232 81 238 150 223 192 199 133 25 4 161 138 188 118 193 106 146
    166 43 219 163 209 146 70 68 199 115 220 45 201 192 144 147 1 46 37
    20 131 243 149 3 161 45 205 9 123 50 194 240 74 187 225 30 186 172
    236 48 52 0 195 63 136 130 239 130 42 99 34 218 176 143 255 103 203
    255 99 148 65 210 161 119 91 247 133 134 88 61 75 139 19 132 196 100
    147 226 128 94 9 6 140 20 32 249 168 131 129 215 189 223 229 152 44
    168 254 214 48 34 20 120 163 212 77 52 230 147 211 212 93 18 200 138
    80 88 47 54 216 145 68 47 155 130 199 181 128 44 72 187 242 133 205
    221 199 27 254 64 236 15 186 67 207 37 135 99 128 139 132 62 100 132
    35 104 218 185 209 126 204 193 178 96 176 8 28 180 4 132 137 225 38
    117 16 9 121 85 1 55 198 81 172 243 36 173 107 77 77 244 80 18 49
    205 169 7 151 236 205 255 109 7 33 41 24 69 11 197 44 41 243 118 168
    84 83 47 79 74 175 27 234 229 234 221 249 35 133 225 29 52 150 53
    255 17 217 243 36 24 40 34 153 135 57 148 114 195 117 193 80 39 249
    49 74 117 57 54 160 240 69 20 254 92 190 66 21 162 144 63 147 100 56
    230 241 160 233 50 202 30 236 72 255 64 54 158 27 243 184 118 148
    171 77 190 188 128 239 132 76 24 242 86 13 70 119 32 67 210 66 142
    100 181 228 43 20 183 164 54 197 80 184 109 186 111 231 125 81 4 107
    132 16 223 223 144 95 92 90 33 242 23 30 143 20 81 85 175 192 125
    100 182 223 57 212 152 211 2 107 1 169 36 102 30 57 206 33 111 163
    147 147 127 117 17 189 182 68 123 164 96 203 132 8 73 54 246 91 217
    26 214 234 59 65 83 37 219 236 184 192 173 214 232 160 71 39 147 123
    75 101 114 202 0 29 238 50 154 20 213 249 105 164 147 156 38 79 116
    86 171 149 86 61 109 14 46 178 73 200 174 37 24 202 7 191 142 211
    231 153 37 6 15 3 252 60 80 222 173 37 179 219 150 38 185 145 113
    118 29 239 188 197 18 231 215 44 87 250 248 75 187 174 110 79 124 38
    150 89 21 89 74 118 182 61 101 250 119 27 81 225 55 43 227 39 227 81
    157 45 18 238 90 212 100 245 71 168 17 237 61 120 51 54 119 23 105
    154 196 55 6 239 252 3 199 236 222 208 29 57 29 111 45 31 233 148 68
    113 252 167 214 109 204 127 51 50 6 7 38 94 34 234 91 29 234 113 204
    154 239 64 24 241 227 88 252 228 3 115 227 57 235 207 38 76 248 172
    227 6 31 30 169 107 120 110 144 19 35 54 75 118 127 105 117 2 174 98
    89 241 215 126 219 217 92 115 147 205 197 169 69 100 69 143 52 66 25
    152 172 100 81 235 233 147 238 164 178 255 12 183 195 200 33 42 87
    43 116 183 128 127 144 50 140 113 89 237 27 20 228 158 227 164 125
    105 242 132 157 203 235 157 106 108 130 15 132 193 62 2 72 203 207
    233 151 34 160 70 107 240 133 93 108 99 6 138 68 143 247 78 241 65
    167 121 173 38 235 109 221 144 175 205 126 36 219 22 10 41 35 118
    132 108 222 21 69 153 178 229 4 143 111 175 115 6 100 239 93 60 211
    176 28 127 159 115 247 53 191 69 197 196 62 171 3 96 169 126 111 30
    139 161 8 143 88 156 135 115 100 234 29 57 111 206 115 203 220 28 15
    72 201 196 46 168 104 230 68 19 70 43 122 124 90 71 107 164 168 195
    163 32 178 63 216 32 109 13 137 37 227 76 56 125 31 218 49 162 254
    13 91 204 62 58 194 80 114 15 137 111 235 215 177 231 5 181 111 10
    197 168 70 224 150 147 160 128 130 193 190 154 85 61 2 220 151 96
    200 123 251 207 175 53 148 244 25 229 76 102 20 193 236 65 57 25 10
    105 10 181 26 175 242 186 95 206 38 30 100 48 253 181 11 159 115 235
    5 206 52 101 208 73 73 207 219 136 188 124 74 92 49 103 32 192 201
    253 185 63 31 155 46 81 126 1 60 164 18 9 167 91 116 28 185 119 226
    122 168 252 67 43 209 167 222 95 101 244 251 199 102 10 45 153 29
    115 207 135 141 69 75 136 158 214 59 168 205 38 98 27 187 106 109
    206 164 89 31 231 150 8 109 222 212 240 157 39 124 23 42 28 88 175
    168 110 113 161 93 16 154 209 52 119 201 127 227 233 4 104 93 187
    107 233 169 204 107 96 237 130 76 108 91 18 114 255 29 216 247 44
    208 105 26 217 224 205 190 103 191 2 185 83 255 127 229 234 138 146
    103 198 189 148 117 113 151 92 5 90 210 2 51 22 12 206 14 17 88 154
    189 206 73 160 74 178 3 92 88 197 188 49 170 26 147 27 132 248 31
    103 219 22 148 135 17 23 133 188 179 129 198 125 6 230 197 183 100
    192 32 155 138 103 127 164 216 140 104 115 188 47 57 121 42 109 223
    40 219 235 212 2 27</data></test_img>
<my_img type_id="opencv-matrix">
  <rows>50</rows>
  <cols>100</cols>
  <dt>u</dt>
  <data>
    254 3 167 69 249 154 45 10 165 99 136 167 188 102 86 177 64 83 212
    97 229 156 52 23 178 153 243 19 223 141 66 85 69 181 176 22 127 89
    169 255 212 105 123 158 144 122 214 77 213 69 229 62 243 37 220 241
    229 34 17 145 116 19 14 164 173 35 75 144 137 141 100 176 58 7 77
    223 93 204 32 37 251 219 188 93 56 160 56 33 9 21 218 58 90 98 21
    168 84 124 22 115 217 172 159 204 250 242 21 239 171 133 197 149 246
    207 85 177 167 176 140 43 182 133 223 8 183 174 117 43 31 84 205 132
    61 10 83 125 200 200 254 31 167 169 88 106 28 244 49 24 104 150 94
    221 50 122 234 20 148 141 98 215 244 23 78 210 67 25 57 128 103 159
    108 2 40 31 147 152 167 131 253 71 240 6 222 155 39 128 58 110 47
    197 150 214 6 216 153 41 97 243 29 232 4 91 128 171 25 151 72 125 22
    97 186 4 146 164 186 240 115 157 114 137 251 9 27 194 183 133 248 43
    145 63 174 191 95 51 182 38 84 2 61 95 221 170 126 104 191 210 195
    145 149 173 123 182 144 50 250 145 209 168 184 23 50 241 124 231 29
    133 118 62 24 197 184 0 58 67 234 120 243 58 31 13 12 40 18 246 86
    181 223 41 210 219 165 4 33 226 197 3 219 107 206 78 198 137 83 158
    129 111 176 129 81 95 74 78 199 20 118 60 180 51 138 55 156 253 81
    241 173 222 134 225 250 199 247 69 237 252 59 207 8 229 83 101 69
    119 198 76 107 180 29 84 68 179 182 30 74 231 195 41 102 63 23 29
    106 11 7 179 136 41 252 82 93 94 252 103 7 123 181 73 6 190 57 131
    152 205 177 79 0 62 28 55 194 102 92 162 233 10 136 130 51 63 81 186
    138 77 190 38 177 60 14 149 218 196 39 225 122 177 222 94 92 99 177
    138 8 175 253 243 224 29 15 252 34 246 222 247 129 209 175 94 63 112
    255 39 82 132 181 91 71 61 58 238 27 103 96 9 234 223 75 20 97 243
    59 246 58 140 3 190 13 244 106 108 189 11 4 248 18 1 88 165 5 85 201
    33 220 114 79 146 147 248 108 245 42 192 112 220 54 21 12 31 77 133
    186 64 139 96 228 44 130 62 59 187 44 18 3 183 73 122 137 36 4 76 24
    25 151 190 194 24 58 151 206 142 103 32 214 247 156 151 185 200 15
    13 154 252 201 205 103 242 35 141 13 238 12 161 201 24 161 0 244 25
    132 192 110 151 218 94 109 24 219 203 114 90 207 167 230 87 208 53
    142 205 117 192 202 25 57 109 120 230 139 28 251 196 9 153 139 91 2
    127 221 175 26 163 8 17 154 139 89 255 188 151 230 53 104 154 145
    182 168 251 66 100 155 14 82 49 31 58 57 202 162 246 42 141 243 202
    5 135 155 121 103 102 83 188 37 156 33 13 8 213 108 126 238 57 86 64
    93 9 240 39 221 202 69 7 58 208 74 113 199 249 197 208 187 61 41 101
    196 53 244 9 191 229 169 81 127 225 35 128 238 186 12 183 38 212 157
    31 134 163 16 252 211 238 133 116 68 117 242 122 15 122 140 189 107
    228 154 195 83 82 134 32 81 204 48 159 142 123 100 246 18 110 5 14
    115 156 35 27 227 80 202 202 176 41 93 19 122 229 184 79 146 48 196
    89 90 55 175 17 148 64 114 153 93 224 1 131 172 103 134 187 55 210
    181 239 52 30 199 102 41 200 180 187 160 4 57 156 67 170 105 0 146
    122 243 70 207 182 61 136 49 161 217 249 231 195 2 147 101 173 255
    191 72 233 116 114 253 46 188 157 245 65 63 144 64 39 77 18 105 12
    84 150 233 192 251 121 88 95 170 234 81 236 172 123 165 233 198 15
    29 68 5 178 99 113 100 56 150 246 179 8 237 101 86 247 4 229 130 197
    246 9 124 120 61 238 109 184 150 171 169 71 222 114 171 121 78 189
    146 88 75 229 89 236 9 27 251 169 31 91 8 97 197 211 111 115 204 172
    32 103 97 139 62 64 32 37 56 91 133 82 198 182 61 180 88 202 24 192
    138 34 100 53 128 216 3 47 29 11 20 176 169 235 13 109 146 248 252
    143 64 4 220 184 221 214 45 224 223 138 197 131 252 88 168 139 162
    79 14 192 48 62 146 71 69 239 135 99 223 42 97 21 159 74 10 147 81
    47 209 119 232 164 14 139 64 253 105 217 83 192 146 123 183 245 199
    201 60 180 142 244 50 112 165 253 73 132 78 220 98 120 39 52 149 52
    231 199 236 65 232 94 33 213 94 6 107 154 68 214 153 11 96 22 188 60
    52 183 140 50 202 54 34 206 206 170 116 42 214 49 60 69 221 117 99
    86 170 53 101 254 23 55 121 243 26 193 135 217 177 90 182 21 201 114
    58 178 15 103 148 58 68 30 126 16 110 226 178 134 251 207 172 97 56
    106 34 23 58 216 2 58 134 250 76 102 230 183 30 115 51 8 31 213 61
    78 162 42 114 131 180 51 23 89 183 161 126 130 56 221 91 72 167 109
    10 55 32 52 175 183 4 104 232 171 255 1 72 20 191 226 248 119 15 112
    188 129 86 149 44 25 191 190 148 51 94 7 182 161 37 195 220 163 176
    212 222 76 153 150 229 93 244 139 181 129 145 25 5 240 39 106 99 144
    137 186 18 7 212 34 161 125 38 240 149 159 117 59 232 153 218 85 156
    102 207 189 51 93 116 91 236 73 244 169 208 4 177 164 142 217 55 228
    94 118 67 17 19 23 122 38 74 102 236 126 100 219 175 233 191 115 205
    146 27 24 140 50 107 144 47 128 9 146 159 163 149 77 220 160 25 137
    51 115 132 19 31 3 253 184 250 199 4 54 110 101 159 230 168 94 63 51
    160 206 3 182 159 85 170 222 93 90 23 10 167 22 103 187 207 57 182
    146 230 147 36 171 151 148 126 152 105 1 152 110 249 208 127 99 56
    53 192 48 185 111 144 199 255 150 44 49 32 109 122 138 129 64 25 159
    12 119 155 238 84 103 179 185 64 189 85 171 124 4 64 104 41 220 205
    249 34 48 178 107 55 147 131 85 135 48 65 154 211 199 56 26 114 93
    86 179 235 69 64 224 56 193 70 134 154 35 72 47 48 171 176 143 152
    241 92 154 228 226 206 55 139 75 159 123 188 241 194 227 153 15 60
    96 212 142 37 197 138 120 119 195 231 206 26 101 45 207 80 251 103
    211 208 236 65 37 130 217 219 185 216 236 27 219 141 248 244 16 206
    229 208 13 56 50 231 184 199 134 121 58 97 4 116 109 154 214 37 187
    170 11 124 76 57 250 239 225 103 184 25 44 198 252 44 181 14 75 152
    180 203 7 242 118 251 49 111 27 198 115 236 48 251 159 86 194 19 126
    118 205 57 79 146 4 3 220 8 127 244 145 200 73 154 167 249 4 237 68
    73 84 206 129 165 238 139 42 87 126 199 114 49 222 155 173 64 109 49
    113 164 233 167 4 204 251 248 251 241 26 255 8 16 64 111 32 94 214
    72 95 160 27 77 183 47 119 83 16 94 253 77 233 106 113 124 204 27
    137 130 83 65 33 99 91 109 237 57 61 67 138 89 209 234 93 218 246 27
    189 113 174 70 126 152 109 113 104 41 214 92 69 160 183 125 187 41
    97 124 91 16 7 191 191 214 161 105 236 228 152 146 113 23 45 96 211
    79 229 86 79 83 76 122 125 24 13 128 215 107 167 214 20 111 79 7 250
    138 37 232 226 123 131 239 184 89 219 142 140 54 103 33 37 254 41
    132 196 255 207 220 147 88 41 58 124 190 93 229 146 150 84 59 14 61
    107 141 152 127 195 206 47 171 133 221 139 114 125 208 231 162 56 11
    105 49 26 245 128 241 247 36 222 149 64 244 141 79 134 226 124 175
    28 142 178 99 84 66 19 147 86 161 180 190 90 237 230 33 29 78 233 30
    241 30 254 159 174 37 113 190 221 124 118 213 167 150 69 244 238 235
    140 157 101 116 151 27 73 176 12 235 201 84 54 212 239 107 35 79 185
    153 223 59 48 205 110 67 159 206 220 169 88 152 12 41 168 242 199
    219 32 214 210 146 150 169 136 159 29 47 54 34 220 238 71 224 241 74
    192 214 178 46 240 64 35 165 194 15 139 183 248 8 54 47 57 105 119
    145 131 137 48 192 94 142 97 203 11 237 100 173 90 36 223 164 121
    114 245 168 13 176 192 65 225 246 37 13 146 101 143 15 124 52 197 88
    41 126 123 230 101 32 179 10 239 190 106 192 197 13 79 77 117 1 115
    141 70 7 209 254 43 202 94 242 196 26 154 75 130 173 94 107 65 222
    169 114 63 230 84 178 26 65 88 144 207 199 45 201 166 74 146 171 249
    232 131 114 130 79 44 31 145 167 151 235 205 183 199 147 136 31 50
    158 26 122 197 15 230 22 8 176 191 40 21 19 41 231 8 175 154 217 210
    94 188 217 229 127 168 141 129 94 17 3 244 236 202 29 77 245 157 206
    113 31 186 123 210 27 153 204 85 61 102 244 26 68 11 76 30 24 139 13
    255 79 157 94 251 109 151 216 19 11 23 51 245 114 85 56 213 112 161
    33 196 197 71 26 184 169 243 166 10 115 217 171 44 28 199 216 154 79
    251 63 73 205 41 77 134 48 168 93 163 90 79 177 60 216 186 141 202
    243 49 43 2 13 195 252 206 170 252 79 32 86 19 5 13 237 241 41 254
    119 151 165 164 124 120 203 251 6 216 183 235 112 55 94 59 24 243 69
    201 184 229 215 176 122 18 152 110 121 9 120 153 207 62 83 184 17 71
    206 9 222 60 6 142 74 203 3 231 111 42 155 53 252 60 101 104 134 72
    76 76 195 132 162 137 66 16 8 98 157 41 109 198 67 89 222 148 102
    190 19 218 195 139 124 241 196 247 162 71 18 215 154 167 178 119 79
    78 65 89 218 194 102 166 12 113 62 73 242 204 120 21 172 55 142 180
    75 8 65 116 182 206 19 46 72 174 95 250 142 175 68 253 191 169 81 97
    155 234 39 26 229 17 116 185 125 40 170 4 237 213 87 129 244 104 181
    140 65 56 215 201 162 155 34 169 204 80 67 221 24 182 18 123 221 151
    2 78 67 152 149 99 30 123 162 146 206 223 88 72 151 190 216 57 147
    254 108 38 135 15 231 20 6 56 104 119 121 10 7 104 223 185 228 8 214
    19 146 247 38 80 168 97 107 163 14 62 94 56 101 178 131 216 36 176
    191 121 252 164 213 227 180 101 122 98 176 244 103 85 126 101 41 56
    66 251 172 91 172 61 78 91 51 55 50 65 171 64 126 109 84 11 184 231
    86 121 101 49 217 80 181 170 225 69 107 38 158 238 156 121 183 25
    103 246 68 176 11 245 206 248 19 52 114 194 40 196 160 123 217 136
    19 104 14 152 248 251 48 12 226 90 214 64 175 105 244 190 205 191
    232 225 247 138 204 166 242 89 86 211 34 146 69 66 140 101 16 11 253
    56 168 223 131 49 43 200 196 146 13 154 56 2 254 140 179 197 159 221
    154 40 249 195 219 51 103 233 191 88 245 80 26 82 66 197 64 14 8 69
    145 201 116 207 184 90 178 71 238 158 206 114 96 75 247 71 41 246
    231 115 89 130 133 31 156 5 70 141 107 176 220 56 128 21 44 44 61 55
    174 72 229 5 22 152 5 84 41 181 31 171 191 70 131 199 122 140 124
    155 218 195 158 101 142 124 7 71 99 228 216 146 218 210 150 195 117
    40 99 198 245 41 206 221 183 246 96 236 172 163 233 5 99 123 26 7
    197 251 166 129 103 117 79 124 71 207 55 251 32 153 136 105 115 111
    165 52 39 67 38 94 54 186 173 180 123 62 37 184 23 2 24 208 213 166
    249 231 194 171 123 200 98 4 228 124 21 242 79 131 251 6 111 13 28
    115 225 145 144 49 212 157 91 16 91 229 183 221 251 224 236 212 227
    1 81 240 113 185 194 255 210 251 219 169 2 206 224 43 146 172 167 34
    244 71 86 41 138 61 176 180 123 169 226 20 46 51 236 31 186 41 52 79
    194 161 166 27 147 145 179 218 105 43 213 94 228 215 100 217 20 37
    234 203 216 179 55 214 222 223 158 48 124 151 33 79 153 139 51 79
    203 233 51 215 94 119 95 9 41 86 255 127 153 54 25 131 19 19 192 239
    49 116 208 112 169 87 5 120 229 19 210 192 27 117 137 140 94 250 36
    115 226 49 91 112 56 153 196 205 146 128 237 109 231 28 251 85 104
    26 182 202 194 12 64 25 11 127 181 101 169 49 236 128 194 103 75 221
    170 2 29 150 54 62 195 60 232 149 138 17 227 194 102 38 251 254 66
    45 188 21 42 236 148 156 221 206 32 48 93 227 3 5 89 236 132 76 179
    196 78 158 220 62 185 120 52 131 245 132 139 24 215 117 191 30 167
    154 107 89 234 110 19 37 48 127 238 188 171 236 210 62 74 206 211
    180 109 179 212 54 12 146 71 234 119 233 99 119 65 229 182 191 143
    131 96 231 203 182 154 41 199 190 166 74 30 242 204 65 231 19 105
    193 119 241 116 30 147 34 198 213 150 226 102 4 97 109 197 131 84
    161 151 57 242 249 249 206 211 38 170 26 130 90 29 151 51 64 78 146
    37 161 157 106 104 23 69 42 173 56 123 180 114 57 220 100 255 126 98
    223 154 40 132 82 191 242 32 191 120 245 219 47 11 228 80 1 43 111
    99 28 88 54 57 51 224 173 166 240 116 254 219 116 183 79 237 4 167
    210 212 64 14 237 166 121 18 230 129 115 124 198 108 65 112 242 152
    60 235 192 52 142 19 101 3 97 181 172 140 110 239 131 27 55 100 116
    36 216 248 181 142 55 186 139 131 75 65 21 102 228 139 59 46 27 172
    168 81 11 19 180 108 156 249 12 142 29 61 247 169 184 131 6 227 88
    220 174 145 16 164 201 68 202 105 143 87 165 144 63 17 246 41 216
    178 55 78 175 231 26 90 84 96 132 196 52 159 120 74 244 57 164 213
    64 232 26 247 175 135 127 255 82 30 182 212 114 41 182 184 232 236
    77 107 231 137 184 92 11 199 142 158 11 117 207 150 131 82 83 124
    164 16 82 250 137 184 168 237 196 134 199 206 144 180 214 134 137 19
    44 68 39 244 182 11 155 239 47 41 252 124 151 74 11 45 160 206 221
    146 124 163 43 164 54 47 245 146 66 104 194 250 87 16 79 74 59 180
    251 186 87 217 27 111 71 69 217 146 41 162 176 19 98 211 245 86 101
    60 169 94 159 23 61 41 150 94 249 48 159 48 167 34 108 185 230 199
    240 40 111 15 237 56 36 94 232 19 54 216 144 69 30 198 234 135 15
    155 93 209 152 169 12 135 53 112 56 237 253 109 146 143 41 11 158 79
    30 115 128 213 177 8 62 208 227 33 62 119 118 26 71 208 131 30 37
    176 143 147 108 112 109 163 78 228 107 142 29 140 47 169 242 169 42
    128 1 145 182 64 209 185 49 184 94 68 151 66 204 143 83 155 74 7 252
    169 86 67 168 160 19 199 59 5 69 147 86 246 140 185 233 116 82 119
    86 215 205 16 193 220 11 114 73 251 64 161 151 63 207 85 224 143 79
    96 101 215 211 221 112 248 121 245 248 105 130 116 89 149 43 115 67
    93 214 105 43 147 6 75 175 126 89 191 12 146 78 19 63 108 14 102 188
    117 161 154 124 87 185 177 25 88 12 185 16 141 189 51 5 43 226 248
    242 192 201 11 68 94 120 220 161 146 38 178 34 11 205 247 167 235
    168 82 21 231 116 131 57 16 102 28 227 98 36 161 230 137 97 208 1
    204 28 186 103 255 206 205 160 203 141 122 92 229 214 73 142 21 41
    199 7 11 26 202 99 19 118 71 32 8 228 207 236 253 49 147 162 144 210
    251 144 44 195 90 252 197 121 107 31 72 121 208 240 158 67 127 219
    129 231 111 177 199 161 88 165 40 120 161 212 101 4 215 187 64 130
    81 176 79 199 175 12 246 147 129 67 212 97 198 73 6 208 179 41 77
    244 220 191 38 47 73 50 154 105 19 192 38 114 207 183 179 182 241
    251 53 163 19 32 55 143 139 147 11 208 31 125 2 243 188 213 119 200
    172 87 104 204 210 170 180 75 229 147 3 19 51 27 27 169 76 253 231
    178 113 170 213 144 63 19 74 19 77 174 62 154 235 76 233 102 87 87
    248 2 45 25 121 209 56 19 49 191 119 8 101 80 141 56 37 70 178 46
    248 243 79 245 15 222 32 207 250 11 251 230 233 4 17 101 40 194 5 92
    174 79 52 150 4 4 11 84 169 77 172 180 38 134 184 103 15 222 85 151
    178 146 199 32 241 50 21 146 82 164 159 8 73 214 161 129 175 94 95
    239 12 249 219 167 180 154 212 34 125 232 162 94 91 107 50 19 123
    219 152 235 178 248 217 59 216 89 191 224 96 90 77 145 103 9 229 206
    236 21 183 18 39 95 47 134 169 66 178 56 238 160 139 152 68 66 64
    218 47 161 125 169 229 144 103 75 235 26 177 174 69 107 156 250 34
    15 73 243 108 71 181 106 56 188 128 138 96 7 19 43 90 107 135 97 2
    25 191 240 34 26 248 137 249 13 193 124 4 208 58 193 166 3 207 133
    219 192 189 198 34 103 226 109 228 184 242 161 62 51 16 121 160 254
    231 155 200 211 55 212 173 60 32 154 79 80 55 231 26 92 126 196 229
    111 254 7 116 26 56 201 52 186 188 52 196 62 186 44 159 235 98 237
    162 225 197 202 142 26 5 170 152 194 118 193 106 146 166 43 219 163
    209 146 70 68 199 115 220 45 207 197 140 146 2 49 41 24 123 244 140
    6 152 47 202 11 109 53 192 242 78 183 229 29 181 167 238 53 56 2 202
    68 141 131 244 133 43 102 35 217 176 146 255 107 192 255 94 146 73
    201 151 123 98 241 131 133 94 71 85 146 24 141 199 111 154 221 140
    105 14 11 152 21 38 251 179 139 137 214 192 225 233 164 55 177 254
    214 48 34 20 120 163 212 77 52 230 147 211 212 93 18 208 135 79 87
    49 56 218 133 64 50 149 124 201 174 116 43 74 182 244 129 206 223
    202 24 254 74 238 15 184 73 214 38 139 102 131 146 137 73 108 143 42
    109 214 178 201 130 192 186 170 96 166 7 34 175 5 134 142 218 44 125
    19 13 132 89 2 60 202 93 185 244 41 184 119 85 83 247 85 17 58 210
    176 7 164 240 205 255 109 7 33 41 24 69 11 197 44 41 243 118 168 84
    86 50 74 70 171 31 234 227 235 218 249 34 128 223 30 53 139 58 255
    24 219 247 39 26 45 40 154 139 64 153 118 205 122 198 83 44 252 52
    81 128 64 56 161 240 71 18 253 95 184 79 19 162 145 75 148 106 67
    227 243 161 235 50 204 32 238 75 255 64 52 163 25 246 188 124 157
    177 79 192 194 135 243 145 80 25 242 86 13 70 119 32 67 210 66 142
    100 181 228 43 20 183 164 54 197 80 184 109 186 111 231 125 81 4 107
    132 16 223 223 144 95 92 90 33 242 23 30 143 20 81 85 175 192 125
    100 182 223 57 212 152 211 2 107 1 169 36 102 30 57 206 33 111 163
    147 147 127 117 17 189 182 68 123 164 96 203 132 8 73 54 246 91 217
    26 214 234 59 65 83 37 219 236 184 192 173 214 232 160 71 39 147 123
    75 101 114 202 0 29 238 50 154 20 213 249 105 164 147 156 38 79 116
    86 171 149 86 61 109 14 46 178 73 200 174 37 24 202 7 191 142 211
    231 153 37 6 15 3 252 60 80 222 173 37 179 219 150 38 185 145 113
    118 29 239 188 197 18 231 215 44 87 250 248 75 187 174 110 79 124 38
    150 89 21 89 74 118 182 61 101 250 119 27 81 225 55 43 227 39 227 81
    157 45 18 238 90 212 100 245 71 168 17 237 61 120 51 54 119 23 105
    154 196 55 6 239 252 3 199 236 222 208 29 57 29 111 45 31 233 148 68
    113 252 167 214 109 204 127 51 50 6 7 38 94 34 234 91 29 234 113 204
    154 239 64 24 241 227 88 252 228 3 115 227 57 235 207 38 76 248 172
    227 6 31 30 169 107 120 110 144 19 35 54 75 118 127 105 117 2 174 98
    89 241 215 126 219 217 92 115 147 205 197 169 69 100 69 143 52 66 25
    152 172 100 81 235 233 147 238 164 178 255 12 183 195 200 33 42 87
    43 116 183 128 127 144 50 140 113 89 237 27 20 228 158 227 164 125
    105 242 132 157 203 235 157 106 108 130 15 132 193 62 2 72 203 207
    233 151 34 160 70 107 240 133 93 108 99 6 138 68 143 247 78 241 65
    167 121 173 38 235 109 221 144 175 205 126 36 219 22 10 41 35 118
    132 108 222 21 69 153 178 229 4 143 111 175 115 6 100 239 93 60 211
    176 28 127 159 115 247 53 191 69 197 196 62 171 3 96 169 126 111 30
    139 161 8 143 88 156 135 115 100 234 29 57 111 206 115 203 220 28 15
    72 201 196 46 168 104 230 68 19 70 43 122 124 90 71 107 164 168 195
    163 32 178 63 216 32 109 13 137 37 227 76 56 125 31 218 49 162 254
    13 91 204 62 58 194 80 114 15 137 111 235 215 177 231 5 181 111 10
    197 168 70 224 150 147 160 128 130 193 190 154 85 61 2 220 151 96
    200 123 251 207 175 53 148 244 25 229 76 102 20 193 236 65 57 25 10
    105 10 181 26 175 242 186 95 206 38 30 100 48 253 181 11 159 115 235
    5 206 52 101 208 73 73 207 219 136 188 124 74 92 49 103 32 192 201
    253 185 63 31 155 46 81 126 1 60 164 18 9 167 91 116 28 185 119 226
    122 168 252 67 43 209 167 222 95 101 244 251 199 102 10 45 153 29
    115 207 135 141 69 75 136 158 214 59 168 205 38 98 27 187 106 109
    206 164 89 31 231 150 8 109 222 212 240 157 39 124 23 42 28 88 175
    168 110 113 161 93 16 154 209 52 119 201 127 227 233 4 104 93 187
    107 233 169 204 107 96 237 130 76 108 91 18 114 255 29 216 247 44
    208 105 26 217 224 205 190 103 191 2 185 83 255 127 229 234 138 146
    103 198 189 148 117 113 151 92 5 90 210 2 51 22 12 206 14 17 88 154
    189 206 73 160 74 178 3 92 88 197 188 49 170 26 147 27 132 248 31
    103 219 22 148 135 17 23 133 188 179 129 198 125 6 230 197 183 100
    192 32 155 138 103 127 164 216 140 104 115 188 47 57 121 42 109 223
    40 219 235 212 2 27</data></my_img>
<your_img type_id="opencv-matrix">
  <rows>50</rows>
  <cols>100</cols>
  <dt>u</dt>
  <data>
    254 3 167 69 249 154 45 10 165 99 136 167 188 102 86 177 64 83 212
    97 229 156 52 23 178 153 243 19 223 141 66 85 69 181 176 22 127 89
    169 255 212 105 123 158 144 122 214 77 213 69 229 62 243 37 220 241
    229 34 17 145 116 19 14 164 173 35 75 144 137 141 100 176 58 7 77
    223 93 204 32 37 251 219 188 93 56 160 56 33 9 21 218 58 90 98 21
    168 84 124 22 115 217 172 159 204 250 242 21 239 171 133 197 149 246
    207 85 177 167 176 140 43 182 133 223 8 183 174 117 43 31 84 205 132
    61 10 83 125 200 200 254 31 167 169 88 106 28 244 49 24 104 150 94
    221 50 122 234 20 148 141 98 215 244 23 78 210 67 25 57 128 103 159
    108 2 40 31 147 152 167 131 253 71 240 6 222 155 39 128 58 110 47
    197 150 214 6 216 153 41 97 243 29 232 4 91 128 171 25 151 72 125 22
    97 186 4 146 164 186 240 115 157 114 137 251 9 27 194 183 133 248 43
    145 63 174 191 95 51 182 38 84 2 61 95 221 170 126 104 191 210 195
    145 149 173 123 182 144 50 250 145 209 168 184 23 50 241 124 231 29
    133 118 62 24 197 184 0 58 67 234 120 243 58 31 13 12 40 18 246 86
    181 223 41 210 219 165 4 33 226 197 3 219 107 206 78 198 137 83 158
    129 111 176 129 81 95 74 78 199 20 118 60 180 51 138 55 156 253 81
    241 173 222 134 225 250 199 247 69 237 252 59 207 8 229 83 101 69
    119 198 76 107 180 29 84 68 179 182 30 74 231 195 41 102 63 23 29
    106 11 7 179 136 41 252 82 93 94 252 103 7 123 181 73 6 190 57 131
    152 205 177 79 0 62 28 55 194 102 92 162 233 10 136 130 51 63 81 186
    138 77 190 38 177 60 14 149 218 196 39 225 122 177 222 94 92 99 177
    138 8 175 253 243 224 29 15 252 34 246 222 247 129 209 175 94 63 112
    255 39 82 132 181 91 71 61 58 238 27 103 96 9 234 223 75 20 97 243
    59 246 58 140 3 190 13 244 106 108 189 11 4 248 18 1 88 165 5 85 201
    33 220 114 79 146 147 248 108 245 42 192 112 220 54 21 12 31 77 133
    186 64 139 96 228 44 130 62 59 187 44 18 3 183 73 122 137 36 4 76 24
    25 151 190 194 24 58 151 206 142 103 32 214 247 156 151 185 200 15
    13 154 252 201 205 103 242 35 141 13 238 12 161 201 24 161 0 244 25
    132 192 110 151 218 94 109 24 219 203 114 90 207 167 230 87 208 53
    142 205 117 192 202 25 57 109 120 230 139 28 251 196 9 153 139 91 2
    127 221 175 26 163 8 17 154 139 89 255 188 151 230 53 104 154 145
    182 168 251 66 100 155 14 82 49 31 58 57 202 162 246 42 141 243 202
    5 135 155 121 103 102 83 188 37 156 33 13 8 213 108 126 238 57 86 64
    93 9 240 39 221 202 69 7 58 208 74 113 199 249 197 208 187 61 41 101
    196 53 244 9 191 229 169 81 127 225 35 128 238 186 12 183 38 212 157
    31 134 163 16 252 211 238 133 116 68 117 242 122 15 122 140 189 107
    228 154 195 83 82 134 32 81 204 48 159 142 123 100 246 18 110 5 14
    115 156 35 27 227 80 202 202 176 41 93 19 122 229 184 79 146 48 196
    89 90 55 175 17 148 64 114 153 93 224 1 131 172 103 134 187 55 210
    181 239 52 30 199 102 41 200 180 187 160 4 57 156 67 170 105 0 146
    122 243 70 207 182 61 136 49 161 217 249 231 195 2 147 101 173 255
    191 72 233 116 114 253 46 176 147 238 72 71 138 67 45 80 12 97 10 82
    141 232 185 251 118 89 96 179 239 81 243 184 127 177 235 206 19 36
    81 5 182 99 106 96 59 151 248 181 6 243 93 75 248 2 232 123 198 248
    6 119 114 55 235 102 176 137 164 163 74 211 103 167 107 74 182 137
    80 61 230 76 235 6 22 252 160 23 82 4 92 195 211 111 115 204 172 32
    103 97 139 62 64 32 37 56 91 133 82 185 168 71 163 88 184 24 179 133
    29 90 47 121 208 5 43 27 10 19 183 177 240 12 109 155 249 252 152 74
    5 221 189 220 214 45 222 223 136 200 127 250 87 162 128 151 67 10
    187 35 50 141 64 64 243 130 95 213 43 95 19 148 77 6 144 75 46 202
    107 233 150 7 125 58 253 96 214 70 192 140 124 181 245 200 205 60
    180 142 244 50 112 165 253 73 132 78 220 98 120 39 52 140 56 219 179
    222 69 222 85 29 203 84 9 98 143 56 218 148 11 100 23 198 56 45 192
    150 47 207 60 38 211 207 180 116 45 214 48 62 70 223 113 95 85 165
    43 92 253 14 45 115 245 22 191 136 213 177 89 177 16 196 111 61 177
    10 97 142 55 62 22 116 12 92 226 175 124 251 200 164 82 52 100 31 19
    59 216 2 58 134 250 76 102 230 183 30 115 51 8 31 213 61 78 147 49
    108 125 158 54 27 84 171 145 112 118 49 220 82 61 162 108 10 55 31
    51 189 194 5 109 232 185 255 2 84 24 194 225 247 111 12 109 189 125
    84 143 35 19 184 185 137 39 92 4 180 160 27 191 213 151 173 208 214
    79 146 146 226 90 240 133 179 119 137 19 2 239 33 97 90 137 130 183
    13 4 208 32 156 127 38 240 149 159 117 59 232 153 218 85 156 102 207
    189 51 93 112 85 223 74 238 148 196 4 162 145 124 207 46 226 82 103
    60 17 19 23 121 31 68 105 237 130 106 221 186 232 194 125 204 151 29
    20 145 47 106 147 42 121 7 140 151 160 142 69 218 159 20 133 45 113
    129 14 24 2 252 183 245 194 3 54 103 96 156 230 164 87 56 49 155 201
    1 182 150 77 168 227 84 87 19 10 167 22 103 187 207 57 182 146 230
    147 36 171 151 148 126 152 100 3 138 105 246 195 114 85 53 47 178 44
    166 97 124 191 254 141 41 45 29 105 123 141 130 65 26 170 12 126 166
    235 93 108 186 189 68 194 90 175 121 2 56 97 32 217 201 249 27 39
    174 105 49 145 125 80 130 47 70 152 208 196 58 23 113 90 88 182 235
    71 58 226 55 187 64 132 146 31 66 50 48 166 170 145 152 241 92 154
    228 226 206 55 139 75 159 123 188 241 194 227 144 19 65 96 201 130
    44 182 126 108 103 182 227 202 23 92 43 205 80 249 99 211 207 232 61
    35 130 219 220 193 217 232 36 219 146 246 242 12 211 230 206 11 51
    44 230 177 196 125 116 47 92 2 114 106 146 205 27 179 168 10 125 81
    60 250 236 226 100 184 22 49 192 253 46 181 12 68 140 180 200 6 241
    114 251 56 111 27 198 115 236 48 251 159 86 194 19 126 118 205 57 79
    133 5 4 207 10 118 238 128 189 72 139 151 249 6 236 62 76 84 207 125
    170 236 136 39 90 126 204 121 54 225 167 177 80 114 56 114 168 233
    171 5 200 250 249 250 244 24 255 5 12 59 105 26 90 207 68 88 148 24
    80 178 51 116 82 15 90 253 77 233 103 105 115 196 22 132 120 73 59
    27 88 85 98 237 59 63 67 138 89 209 234 93 218 246 27 189 113 174 70
    126 152 109 107 98 48 207 93 73 145 172 122 181 44 93 115 90 18 10
    189 189 217 162 106 235 227 155 148 116 24 53 107 215 89 228 98 88
    89 84 127 133 31 12 128 216 102 164 212 16 112 79 5 249 131 29 228
    219 113 114 232 175 89 213 139 138 58 98 26 44 254 47 133 193 255
    200 226 140 80 35 56 113 187 85 230 134 138 82 59 14 61 107 141 152
    127 195 206 47 171 133 221 139 114 125 203 221 147 58 18 99 51 29
    243 122 237 248 34 218 142 61 242 138 80 130 220 125 175 27 141 187
    109 98 74 22 155 105 168 189 196 99 236 230 43 42 84 240 31 245 29
    253 161 170 34 106 184 216 116 113 205 151 138 64 238 233 230 137
    148 96 114 150 24 76 171 13 237 194 79 54 214 241 91 33 71 180 139
    218 59 51 205 110 67 159 206 220 169 88 152 12 41 168 242 199 219 32
    211 206 138 145 161 127 145 29 49 54 38 218 237 76 221 237 79 191
    213 177 49 232 66 39 172 198 20 141 191 242 9 63 61 69 118 129 163
    150 155 60 199 98 151 100 205 12 242 102 176 85 29 219 170 116 109
    242 163 10 171 189 66 220 245 37 13 148 100 144 17 118 50 187 81 41
    114 104 230 86 32 168 12 235 180 98 192 197 13 79 77 117 1 115 141
    70 7 209 254 43 202 94 238 192 31 147 80 124 162 93 104 71 219 162
    114 70 228 87 175 29 69 96 138 208 202 51 205 170 88 146 175 245 228
    139 126 140 92 56 39 163 184 165 241 208 186 203 159 142 32 47 161
    24 116 193 13 227 20 5 171 183 39 22 18 42 232 7 179 161 221 211 92
    183 215 228 119 167 134 116 81 15 2 241 231 184 26 71 245 157 206
    113 31 186 123 210 27 153 204 85 61 102 244 26 67 10 79 39 32 132 13
    254 80 150 93 252 109 144 218 20 13 27 52 240 115 93 61 214 124 166
    42 198 200 88 32 189 175 240 175 9 129 223 187 56 37 204 216 163 82
    251 66 75 207 41 75 138 45 171 87 156 85 75 173 62 217 189 140 200
    242 51 49 1 16 191 253 198 168 253 74 34 79 22 9 14 232 235 35 253
    119 151 165 164 124 120 203 251 6 216 183 235 112 55 94 59 24 242 69
    204 184 230 214 168 121 16 148 114 124 11 124 154 211 75 94 189 20
    77 208 12 222 74 11 143 89 204 5 226 124 56 165 66 250 73 121 122
    148 77 80 80 203 139 172 140 71 16 9 100 165 42 108 193 65 86 222
    148 100 192 18 220 196 140 127 242 194 250 154 61 19 224 150 168 178
    107 77 76 63 85 217 193 102 166 12 113 62 73 242 204 120 21 172 55
    142 180 75 8 63 120 183 208 26 48 73 165 98 251 140 176 79 253 199
    172 94 109 159 231 42 29 226 22 128 191 136 54 171 6 231 212 106 139
    242 123 192 155 77 66 216 206 168 166 39 180 208 85 70 226 26 186 18
    119 224 142 2 77 69 159 152 98 24 128 171 153 211 226 85 67 144 185
    220 54 143 254 96 41 130 16 230 24 7 58 104 119 121 10 7 104 223 185
    228 8 214 19 146 247 38 80 171 100 112 164 19 62 97 54 104 181 132
    220 42 176 195 127 252 166 214 224 180 112 129 111 184 239 121 98
    132 114 54 64 81 250 173 108 178 74 91 111 64 63 58 73 185 69 139
    113 89 12 191 235 86 120 105 42 220 78 184 176 226 66 102 37 166 241
    163 124 179 24 92 246 62 177 14 243 198 248 26 55 103 182 36 191 160
    123 217 136 19 104 14 152 248 251 48 12 226 90 214 64 179 109 245
    200 214 193 233 222 250 138 208 166 243 99 96 216 42 152 77 77 141
    111 18 12 251 67 170 219 136 60 54 195 194 147 22 157 66 3 253 152
    184 200 164 224 168 43 249 204 221 53 109 235 201 90 246 79 23 85 66
    204 60 10 5 60 148 202 127 205 184 84 170 58 237 159 202 103 89 73
    245 68 36 242 228 105 89 130 133 31 156 5 70 141 107 176 220 56 128
    21 44 44 58 56 174 74 235 9 27 150 5 91 46 184 37 171 192 78 136 200
    127 144 128 160 214 196 165 115 145 132 9 76 111 223 211 154 214 208
    157 198 136 56 114 203 247 49 211 226 196 247 107 239 182 174 235 7
    106 123 22 6 200 250 170 136 98 119 72 131 71 212 54 252 31 145 130
    99 104 99 166 52 43 66 35 88 49 178 173 180 123 62 37 184 23 2 24
    208 213 166 249 231 194 171 125 205 98 6 232 123 24 242 86 133 252 5
    120 13 31 119 223 153 151 52 210 163 97 18 97 226 185 216 249 218
    228 206 224 2 91 239 128 189 198 255 210 251 220 180 6 210 230 48
    158 178 173 36 245 68 86 39 142 54 184 192 131 173 226 17 43 50 240
    29 191 41 49 68 191 160 162 26 138 137 171 216 93 35 205 81 228 215
    100 217 20 37 234 203 216 179 55 214 222 223 158 48 126 155 38 80
    153 132 53 84 202 233 53 216 106 126 103 10 49 96 255 131 158 65 29
    140 23 27 195 233 59 126 204 124 170 99 6 136 226 35 210 198 41 128
    145 155 109 249 44 120 228 48 87 112 50 164 206 212 154 137 240 116
    231 24 251 74 103 24 193 204 198 11 55 22 10 123 178 90 166 45 235
    120 183 93 67 216 170 2 29 150 54 62 195 60 232 149 138 17 227 194
    102 38 251 254 67 47 192 23 42 235 153 163 220 210 35 53 102 226 4 9
    96 228 132 81 177 198 85 162 214 70 182 124 58 133 244 137 144 35
    211 124 195 42 172 157 112 95 238 118 32 42 49 130 242 201 186 242
    223 55 68 214 219 193 109 191 213 48 5 154 67 237 121 236 90 109 53
    231 171 187 132 114 90 226 191 168 144 35 199 190 166 74 30 242 204
    65 231 19 105 193 119 241 116 30 159 36 203 219 159 230 107 5 109
    120 195 143 100 166 159 71 238 250 249 202 211 44 171 34 136 100 38
    156 59 68 82 144 49 161 158 115 115 35 74 55 179 61 124 191 121 61
    232 105 254 134 99 231 170 41 142 75 200 246 36 202 129 249 223 42 5
    231 73 2 42 107 96 27 78 50 50 45 218 162 159 236 104 251 210 104
    183 79 237 4 167 210 212 64 14 237 166 121 18 230 129 115 129 201
    116 70 120 245 157 61 237 194 55 157 16 115 2 111 185 176 154 123
    237 141 38 65 114 130 46 214 244 177 145 63 187 145 143 80 72 32 113
    230 145 62 50 36 187 185 89 20 27 196 111 173 249 16 157 27 53 249
    183 198 139 4 231 72 221 178 150 12 162 199 60 195 96 141 75 157 134
    53 18 241 35 202 170 46 78 175 231 26 90 84 96 132 196 52 159 120 74
    244 57 164 220 68 235 24 248 175 134 131 255 91 27 186 215 127 47
    189 189 226 228 94 118 226 151 193 107 14 199 152 160 12 124 207 155
    139 88 85 133 165 29 87 252 143 193 184 242 210 153 212 220 155 199
    227 142 145 20 44 60 39 248 196 6 159 243 41 37 251 121 148 68 6 41
    154 199 223 141 111 160 38 162 49 41 241 144 63 104 194 250 87 16 79
    74 59 180 251 186 87 217 27 111 71 72 223 152 44 168 177 16 103 211
    246 91 112 68 177 103 168 24 67 46 161 102 248 56 170 56 176 44 124
    187 225 196 237 47 125 19 236 61 46 102 235 29 60 221 157 80 36 215
    239 151 22 174 97 221 166 189 14 138 45 115 49 241 253 96 138 138 37
    5 152 72 29 104 120 202 168 5 51 201 226 34 53 111 111 27 65 208 131
    30 37 176 143 147 108 112 109 163 78 228 107 142 29 147 48 168 245
    171 38 130 1 150 181 60 213 191 51 191 107 72 161 67 203 155 88 164
    77 10 252 174 96 74 168 157 20 196 61 7 72 145 91 248 142 192 237
    120 89 128 93 230 217 24 210 233 18 120 65 253 55 170 161 55 213 73
    232 139 62 81 91 213 205 221 105 247 112 241 245 96 120 108 85 145
    36 109 63 88 207 105 43 147 6 75 175 126 89 191 12 146 78 19 63 108
    14 113 193 127 167 160 128 90 184 179 23 95 9 191 14 154 195 52 4 42
    225 247 242 196 207 17 71 97 128 221 159 144 42 177 43 14 204 244
    163 235 165 82 31 235 118 138 59 24 105 35 235 102 37 167 238 148 99
    213 1 211 27 195 96 255 211 206 162 202 136 114 82 228 206 64 144 19
    35 195 5 12 26 198 96 23 114 71 32 8 228 207 236 253 49 147 162 144
    210 251 144 44 195 92 251 196 128 116 33 72 127 206 237 161 71 134
    224 138 230 120 179 200 167 88 174 39 127 170 210 102 6 213 181 59
    128 81 170 79 192 170 17 245 141 127 66 213 99 207 73 17 214 186 43
    79 248 231 205 37 45 65 46 162 109 17 201 37 103 211 191 176 175 241
    250 45 155 16 33 49 136 134 150 10 205 32 122 4 239 188 213 119 200
    172 87 104 204 210 170 180 75 229 147 3 19 49 27 27 168 80 252 231
    179 125 175 214 155 65 16 77 16 80 179 58 163 235 72 232 105 87 90
    246 1 45 26 120 201 55 19 50 183 120 9 98 76 137 58 37 69 186 42 251
    245 80 249 22 233 31 223 252 15 252 236 239 3 13 91 38 198 3 80 168
    71 46 145 3 4 5 78 161 68 166 180 36 133 181 100 18 218 85 151 178
    146 199 32 241 50 21 146 82 164 159 8 73 214 160 131 170 100 104 240
    11 248 220 174 183 163 216 36 142 233 176 97 93 113 48 18 130 221
    156 236 178 244 217 53 210 85 181 223 95 85 75 141 100 14 233 212
    237 29 189 24 37 100 47 146 185 64 189 49 247 167 145 159 63 59 58
    224 41 157 119 163 232 134 94 74 233 26 165 164 62 97 152 248 34 17
    68 240 105 70 181 106 56 188 128 138 96 7 19 43 90 107 135 97 2 25
    185 243 35 24 248 136 248 11 191 132 3 207 59 199 179 2 208 143 215
    195 194 198 36 108 224 115 225 184 240 157 58 50 14 124 155 253 232
    146 196 212 55 219 177 62 32 161 86 84 55 236 27 91 132 206 236 111
    254 4 118 20 54 202 45 179 186 45 193 59 172 43 150 232 84 239 153
    224 193 201 136 27 5 162 141 189 118 193 106 146 166 43 219 163 209
    146 70 68 199 115 220 45 203 193 146 150 2 49 39 22 133 244 152 4
    162 48 207 11 126 52 195 241 77 187 226 32 186 173 237 50 54 1 196
    66 139 132 240 132 45 100 36 220 177 145 255 105 205 255 100 151 68
    212 162 122 93 247 136 137 90 64 78 142 20 134 198 102 150 226 131
    96 11 7 143 22 34 249 170 133 132 217 189 224 230 154 47 170 254 214
    48 34 20 120 163 212 77 52 230 147 211 212 93 18 202 141 82 90 49 56
    218 147 71 49 157 132 201 182 131 47 75 187 243 136 207 222 201 29
    254 67 237 16 186 70 210 39 138 100 131 142 134 65 102 134 37 106
    220 185 211 129 206 194 179 97 177 10 29 181 5 134 140 226 41 120 17
    11 124 87 2 58 200 84 173 244 38 174 109 80 80 245 82 19 51 207 170
    9 154 237 205 255 109 7 33 41 24 69 11 197 44 41 243 118 168 84 85
    49 81 77 176 29 235 230 235 222 249 37 136 226 31 54 153 55 255 18
    219 244 38 26 43 36 155 138 60 151 116 196 120 194 82 42 249 51 77
    120 60 56 162 241 72 22 254 94 191 69 23 163 146 66 150 102 59 231
    242 162 233 52 204 32 237 75 255 67 56 160 29 244 184 121 151 172 80
    191 189 131 240 134 79 26 242 86 13 70 119 32 67 210 66 142 100 181
    228 43 20 183 164 54 197 80 184 109 186 111 231 125 81 4 107 132 16
    223 223 144 95 92 90 33 242 23 30 143 20 81 85 175 192 125 100 182
    223 57 212 152 211 2 107 1 169 36 102 30 57 206 33 111 163 147 147
    127 117 17 189 182 68 123 164 96 203 132 8 73 54 246 91 217 26 214
    234 59 65 83 37 219 236 184 192 173 214 232 160 71 39 147 123 75 101
    114 202 0 29 238 50 154 20 213 249 105 164 147 156 38 79 116 86 171
    149 86 61 109 14 46 178 73 200 174 37 24 202 7 191 142 211 231 153
    37 6 15 3 252 60 80 222 173 37 179 219 150 38 185 145 113 118 29 239
    188 197 18 231 215 44 87 250 248 75 187 174 110 79 124 38 150 89 21
    89 74 118 182 61 101 250 119 27 81 225 55 43 227 39 227 81 157 45 18
    238 90 212 100 245 71 168 17 237 61 120 51 54 119 23 105 154 196 55
    6 239 252 3 199 236 222 208 29 57 29 111 45 31 233 148 68 113 252
    167 214 109 204 127 51 50 6 7 38 94 34 234 91 29 234 113 204 154 239
    64 24 241 227 88 252 228 3 115 227 57 235 207 38 76 248 172 227 6 31
    30 169 107 120 110 144 19 35 54 75 118 127 105 117 2 174 98 89 241
    215 126 219 217 92 115 147 205 197 169 69 100 69 143 52 66 25 152
    172 100 81 235 233 147 238 164 178 255 12 183 195 200 33 42 87 43
    116 183 128 127 144 50 140 113 89 237 27 20 228 158 227 164 125 105
    242 132 157 203 235 157 106 108 130 15 132 193 62 2 72 203 207 233
    151 34 160 70 107 240 133 93 108 99 6 138 68 143 247 78 241 65 167
    121 173 38 235 109 221 144 175 205 126 36 219 22 10 41 35 118 132
    108 222 21 69 153 178 229 4 143 111 175 115 6 100 239 93 60 211 176
    28 127 159 115 247 53 191 69 197 196 62 171 3 96 169 126 111 30 139
    161 8 143 88 156 135 115 100 234 29 57 111 206 115 203 220 28 15 72
    201 196 46 168 104 230 68 19 70 43 122 124 90 71 107 164 168 195 163
    32 178 63 216 32 109 13 137 37 227 76 56 125 31 218 49 162 254 13 91
    204 62 58 194 80 114 15 137 111 235 215 177 231 5 181 111 10 197 168
    70 224 150 147 160 128 130 193 190 154 85 61 2 220 151 96 200 123
    251 207 175 53 148 244 25 229 76 102 20 193 236 65 57 25 10 105 10
    181 26 175 242 186 95 206 38 30 100 48 253 181 11 159 115 235 5 206
    52 101 208 73 73 207 219 136 188 124 74 92 49 103 32 192 201 253 185
    63 31 155 46 81 126 1 60 164 18 9 167 91 116 28 185 119 226 122 168
    252 67 43 209 167 222 95 101 244 251 199 102 10 45 153 29 115 207
    135 141 69 75 136 158 214 59 168 205 38 98 27 187 106 109 206 164 89
    31 231 150 8 109 222 212 240 157 39 124 23 42 28 88 175 168 110 113
    161 93 16 154 209 52 119 201 127 227 233 4 104 93 187 107 233 169
    204 107 96 237 130 76 108 91 18 114 255 29 216 247 44 208 105 26 217
    224 205 190 103 191 2 185 83 255 127 229 234 138 146 103 198 189 148
    117 113 151 92 5 90 210 2 51 22 12 206 14 17 88 154 189 206 73 160
    74 178 3 92 88 197 188 49 170 26 147 27 132 248 31 103 219 22 148
    135 17 23 133 188 179 129 198 125 6 230 197 183 100 192 32 155 138
    103 127 164 216 140 104 115 188 47 57 121 42 109 223 40 219 235 212
    2 27</data></your_img>
</opencv_storage>
