<?xml version="1.0"?>
<opencv_storage>
<L2_diff>1.9828903146669511e+03</L2_diff>
<test_hist type_id="opencv-matrix">
  <rows>256</rows>
  <cols>1</cols>
  <dt>f</dt>
  <data>
    8.92386475e+02 5.44281006e+02 7.35211731e+02 1.58881409e+02
    2.49135818e+02 4.03880310e+02 7.15223328e+02 7.59230713e+02
    7.34155273e+02 8.76131409e+02 8.77925659e+02 6.02658386e+02
    4.97760010e+02 9.34692749e+02 1.45184326e+02 5.56152588e+02
    8.61151733e+02 5.50396606e+02 2.26063232e+02 6.31033020e+02
    8.92927734e+02 8.01730835e+02 6.70596619e+02 6.06816406e+02
    7.62235840e+02 2.26136932e+02 1.81026794e+02 5.00244110e+02
    1.94923889e+02 2.50011246e+02 7.42427734e+02 7.40785461e+02
    5.66316833e+02 4.12062683e+02 6.71436035e+02 9.16576172e+02
    2.90698486e+02 6.59349731e+02 7.66445923e+02 8.80140259e+02
    4.06887146e+02 7.36032776e+02 9.94033203e+02 9.20901855e+02
    2.21100494e+02 5.17291992e+02 2.47109985e+00 6.92504883e+02
    6.97491577e+02 7.68524902e+02 1.57685486e+02 6.35217285e+01
    6.00107422e+02 9.21320557e+02 1.70471527e+02 8.20935120e+02
    1.64660950e+01 4.05000732e+02 7.50431274e+02 6.03020752e+02
    8.06978149e+02 6.86341309e+02 6.89720825e+02 5.54993042e+02
    8.91779480e+01 7.91802368e+02 3.79181763e+02 3.06345459e+02
    1.43900665e+02 9.77852661e+02 1.20493713e+02 5.04842285e+02
    2.88227875e+02 1.23749542e+02 8.57023315e+02 1.47185364e+02
    4.06534332e+02 7.51635742e+02 8.41602783e+02 7.61038879e+02
    4.45226990e+02 7.42386292e+02 3.90396118e+02 2.62853027e+02
    8.12277649e+02 2.81416931e+02 3.99093567e+02 4.49629913e+02
    2.69073181e+02 3.33921265e+02 3.26209991e+02 6.86975342e+02
    3.93884369e+02 2.18514008e+02 2.52632065e+02 7.44353943e+02
    6.83198975e+02 6.23299561e+02 1.61660278e+02 4.63202026e+02
    9.43240906e+02 2.83039856e+02 2.54211853e+02 1.18305115e+02
    3.63095428e+02 6.11932068e+02 3.21031250e+02 9.48492554e+02
    8.82606445e+02 7.93335754e+02 3.67721130e+02 7.77729492e+02
    5.79265015e+02 6.70450134e+02 1.14530457e+02 5.58559326e+02
    1.13949402e+02 5.21630310e+02 5.22531311e+02 2.01063171e+02
    6.74654602e+02 5.55157654e+02 4.12390717e+02 4.16447266e+02
    9.26869202e+02 8.97740173e+01 3.27884705e+02 3.47725952e+02
    8.15071716e+01 3.79197723e+02 9.14457520e+02 4.02016907e+01
    7.93193542e+02 6.73193420e+02 6.80031433e+01 4.04620972e+01
    8.51321167e+02 1.11014893e+02 1.38452301e+02 9.24334106e+02
    9.54314819e+02 1.01450134e+02 5.24984253e+02 2.43860077e+02
    9.89058228e+02 3.00433960e+02 6.15221069e+02 4.24024658e+01
    9.42983398e+02 4.05005493e+01 7.36782837e+02 3.82511749e+02
    2.39504700e+01 8.43229797e+02 6.25991211e+02 1.76714417e+02
    6.63710327e+01 9.39991028e+02 7.57596069e+02 9.63963745e+02
    3.32549805e+02 5.22944458e+02 4.75231750e+02 6.82691345e+02
    8.15661743e+02 5.86301270e+02 2.25216553e+02 5.28822266e+02
    4.43016296e+02 3.08591400e+02 8.10848877e+02 4.39364746e+02
    6.19600891e+02 5.33167847e+02 2.62885773e+02 4.03998932e+02
    2.49124374e+02 4.35200073e+02 3.61461304e+02 5.49859741e+02
    9.88869324e+02 4.53840302e+02 7.08350342e+02 8.66887512e+01
    9.18831909e+02 2.74364014e+01 3.85001648e+02 8.42500122e+02
    4.63670074e+02 3.75701752e+02 6.63716675e+02 5.07593384e+02
    6.60155945e+02 5.68073181e+02 1.13065186e+02 2.21670227e+02
    7.43150635e+01 2.84276245e+02 7.54625610e+02 2.65056488e+02
    5.94915771e+02 5.37160034e+02 1.09721039e+02 2.52497604e+02
    8.59019531e+02 4.68163879e+02 8.32675903e+02 2.49483643e+02
    7.91851807e+01 6.82421875e+00 6.03162537e+02 8.02098389e+01
    6.23270264e+02 2.91687927e+01 5.22081177e+02 4.17134003e+02
    1.75913452e+02 3.08244934e+01 3.00616150e+02 7.32178955e+02
    8.62747925e+02 8.49956543e+02 8.74907227e+02 5.87241028e+02
    1.76649719e+02 7.07177612e+02 3.94368896e+01 1.45571564e+02
    7.38194885e+02 3.35562073e+02 7.61121216e+02 2.01132446e+02
    4.13681763e+02 5.30488647e+02 4.29949463e+02 8.05494080e+01
    6.07947998e+01 5.96769592e+02 1.95324158e+02 1.43006287e+01
    5.19222473e+02 2.06637604e+02 6.16400269e+02 2.10033264e+01
    5.17700012e+02 6.67098145e+02 1.91519714e+02 2.24596436e+02
    8.51948242e+02 9.64884644e+01 4.06909332e+02 5.09118683e+02
    6.55831482e+02 6.01663818e+01 7.76603394e+02 7.50968933e+01</data></test_hist>
<my_lkt type_id="opencv-matrix">
  <rows>256</rows>
  <cols>1</cols>
  <dt>u</dt>
  <data>
    2 3 4 4 5 6 7 8 10 11 13 14 15 17 17 18 20 21 21 22 24 25 27 28 29
    30 30 31 31 32 33 34 35 36 37 39 40 41 42 44 45 46 48 50 50 51 51 52
    54 55 55 55 57 58 59 60 60 61 62 63 65 66 67 69 69 70 71 71 72 74 74
    75 75 75 77 77 78 79 81 82 83 85 85 86 87 88 89 89 90 91 91 92 93 94
    94 95 97 98 98 99 101 101 102 102 103 104 104 106 108 109 110 111
    113 114 114 115 115 116 118 118 120 121 122 123 125 125 126 127 127
    128 130 130 132 133 133 133 135 136 136 138 140 140 141 142 144 145
    146 146 149 149 150 151 151 153 155 155 155 157 159 161 162 163 164
    166 168 169 169 171 172 172 174 175 177 178 178 179 180 181 182 183
    185 186 188 188 190 190 191 193 194 195 196 197 199 200 200 201 201
    202 203 204 205 207 207 207 209 210 212 213 213 213 214 215 216 216
    217 218 219 219 219 221 223 225 227 228 229 230 230 231 232 233 235
    235 236 237 238 239 239 240 240 241 242 242 244 244 245 246 247 247
    249 249 250 251 253 253 255 255</data></my_lkt>
<your_lkt type_id="opencv-matrix">
  <rows>256</rows>
  <cols>1</cols>
  <dt>u</dt>
  <data>
    3 4 6 7 7 8 10 13 15 17 20 21 23 25 26 27 30 31 32 34 36 38 40 42 44
    45 45 47 47 48 50 52 54 55 57 59 60 62 64 67 68 70 73 75 76 77 77 79
    81 83 84 84 86 88 89 91 91 92 94 96 98 100 102 104 104 106 107 108
    109 111 112 113 114 114 117 117 118 120 123 125 126 128 129 130 132
    133 134 136 136 137 138 140 141 142 143 145 147 148 149 150 153 154
    154 155 156 157 158 161 163 166 167 169 171 172 173 174 175 176 178
    178 180 182 183 184 187 187 188 189 189 190 193 193 195 197 197 197
    200 200 200 203 206 206 207 208 211 212 213 213 216 216 218 219 219
    222 224 224 224 227 229 232 233 234 236 237 240 241 242 244 245 246
    248 249 251 252 253 254 255 0 0 0 0 0 0 0 0 0 0 0 0 240 0 1 143 0 0
    0 0 0 0 0 0 0 0 0 0 0 0 0 0 0 0 0 0 148 0 0 0 0 0 0 0 0 181 0 0 0 0
    0 0 0 0 0 0 188 0 0 0 0 0 0 0 0 0 0 0 0 0 189 0 0 0 0 0 241 0 0</data></your_lkt>
</opencv_storage>
