<?xml version="1.0"?>
<opencv_storage>
<L2_diff>3.6534230524263131e+02</L2_diff>
<r>7</r>
<test_img type_id="opencv-matrix">
  <rows>50</rows>
  <cols>100</cols>
  <dt>u</dt>
  <data>
    216 245 126 118 14 21 242 75 204 145 243 198 82 232 190 193 90 1 104
    194 131 197 156 17 60 68 67 144 20 26 220 161 63 163 127 199 130 10
    148 248 208 186 75 61 232 178 112 24 100 63 31 140 105 96 11 32 105
    86 114 160 178 239 203 150 223 176 13 202 113 12 11 81 76 122 252
    187 24 240 114 2 70 203 137 151 143 246 151 13 11 241 108 20 241 63
    92 244 162 74 114 128 130 111 39 114 51 39 54 147 226 184 133 45 21
    136 23 124 114 64 219 243 20 32 224 20 131 196 141 174 109 160 3 253
    11 250 69 5 159 46 125 106 180 103 41 24 51 76 72 65 254 202 69 194
    201 91 10 216 213 7 193 124 94 52 124 156 7 73 54 145 28 161 212 2
    97 170 80 169 73 218 167 183 66 211 31 42 103 219 70 147 207 169 207
    22 12 203 137 19 231 100 250 186 49 153 152 210 158 204 147 29 155
    17 1 135 24 34 173 73 124 19 197 251 251 173 49 63 149 30 35 155 10
    151 37 192 173 51 199 124 170 233 170 242 255 189 223 60 68 177 73
    156 84 11 50 85 155 3 144 111 78 168 199 106 36 224 67 201 229 136
    188 140 166 126 212 179 242 161 154 182 2 75 155 231 169 183 163 48
    22 81 154 1 228 81 247 48 14 67 254 150 175 191 202 121 200 221 136
    112 133 147 111 29 68 166 67 223 105 43 56 201 49 30 83 212 163 93
    27 25 55 201 73 81 79 219 147 154 158 185 218 6 209 220 26 46 118 9
    134 6 249 112 164 231 102 43 183 175 130 204 170 17 46 55 37 172 200
    199 62 83 6 211 220 24 110 254 110 109 176 142 232 119 1 66 178 165
    227 241 2 19 200 242 50 241 56 99 136 177 59 156 95 66 172 0 212 215
    70 153 59 117 14 224 30 250 13 238 250 218 236 42 155 183 77 64 22
    50 207 17 187 172 59 180 180 49 107 217 198 252 122 60 97 31 30 196
    84 219 212 58 247 202 251 180 68 56 41 229 66 59 155 76 227 130 113
    105 29 63 51 108 168 192 203 17 45 238 186 15 108 127 189 45 10 186
    130 28 41 9 222 79 7 234 243 16 176 184 51 170 44 196 49 170 53 237
    174 112 52 29 166 105 120 156 217 90 187 153 253 219 149 160 121 255
    67 10 217 181 243 100 172 111 51 51 234 247 106 97 202 174 73 16 18
    177 166 51 119 74 54 142 48 51 74 90 100 94 105 219 175 152 200 195
    23 11 183 40 236 33 244 32 195 254 54 211 78 6 157 62 24 252 149 21
    234 191 248 94 158 161 115 231 11 232 254 243 254 164 215 190 215 6
    88 112 35 146 14 30 31 86 163 26 255 232 117 139 228 138 75 132 151
    90 2 247 56 223 146 162 22 209 94 68 37 54 160 184 200 52 154 152 30
    83 176 8 75 5 101 159 52 45 224 72 175 52 154 164 253 242 33 214 140
    121 44 2 16 204 215 161 41 200 99 128 1 205 85 49 44 217 96 3 133
    213 111 215 184 110 242 16 231 41 123 186 128 5 76 18 12 52 110 44
    150 217 32 219 150 68 109 74 129 196 50 47 43 216 228 21 204 240 226
    98 43 105 107 151 14 18 87 93 113 170 169 229 113 209 220 89 34 28
    35 201 85 106 194 162 7 215 173 208 24 191 127 177 194 210 39 103
    207 245 236 231 247 197 73 28 209 59 32 131 11 162 65 226 9 71 23 64
    4 220 255 143 127 143 54 213 198 60 132 81 169 151 38 230 142 145
    203 67 1 249 93 160 95 27 244 27 26 141 2 222 107 247 43 173 99 124
    4 39 95 157 145 110 105 228 194 137 42 248 0 25 44 217 238 161 10
    161 99 219 51 163 168 7 101 239 254 233 130 172 209 131 65 235 205
    130 65 22 216 26 185 224 226 141 89 77 83 231 230 91 168 10 233 130
    9 212 175 244 171 239 6 243 5 105 80 189 26 238 166 25 201 32 148 14
    133 19 206 188 12 78 119 197 34 19 226 101 177 93 21 205 128 88 108
    47 93 111 212 78 97 4 61 233 114 255 99 13 242 236 235 96 181 7 99
    210 42 217 96 31 223 192 29 155 16 93 14 46 205 13 232 87 132 34 131
    86 164 246 50 203 149 131 159 139 232 113 212 162 206 68 214 211 171
    121 146 63 5 232 70 135 180 162 95 227 149 38 34 203 240 18 105 215
    190 238 120 250 246 237 177 46 142 153 102 116 237 215 157 192 75 77
    222 188 120 160 208 192 87 203 226 170 202 111 225 110 205 128 117
    91 174 39 95 185 223 80 146 182 72 122 160 89 204 145 81 24 153 61
    175 86 179 157 230 159 83 156 26 249 160 52 250 128 156 99 15 177
    140 138 149 254 64 77 146 42 3 172 54 55 110 38 173 178 191 172 60
    43 109 151 113 95 68 141 191 173 58 125 102 221 121 232 48 242 234
    250 72 164 21 164 83 254 105 232 50 160 8 175 84 210 247 233 79 101
    108 198 88 132 188 4 6 87 157 168 171 132 222 173 239 123 150 201
    226 225 57 194 233 234 182 66 80 114 172 155 133 31 83 167 153 68 32
    223 179 205 178 237 181 195 243 77 78 182 63 184 201 187 198 142 107
    104 132 15 62 85 86 180 42 107 164 135 59 183 19 160 15 215 174 163
    223 239 234 17 103 131 139 60 38 255 252 128 137 206 157 181 176 19
    213 39 14 173 93 253 119 116 167 108 94 13 143 231 190 255 64 33 41
    98 190 79 55 228 187 189 241 92 117 209 35 212 210 160 82 97 0 184
    208 146 200 84 175 25 58 52 57 250 123 174 156 8 72 193 130 248 187
    79 236 158 221 161 17 80 131 16 200 121 61 54 21 102 186 172 232 23
    134 128 166 254 18 42 94 222 179 244 80 219 243 15 122 87 81 83 105
    200 127 124 24 221 32 162 178 136 107 44 243 39 22 3 145 180 48 24 3
    91 104 178 98 227 119 184 178 12 189 35 26 38 251 195 170 136 153
    122 45 232 186 57 94 144 12 187 236 89 111 249 135 67 150 68 74 122
    22 34 211 241 227 16 110 66 103 219 49 35 44 122 143 174 38 205 206
    32 174 236 9 55 31 255 140 235 58 50 43 192 61 78 205 166 4 19 163
    252 1 123 117 30 85 185 99 209 45 118 5 208 216 120 9 181 190 12 251
    130 220 249 11 22 101 121 63 154 121 220 168 95 159 22 54 25 92 164
    192 220 146 163 44 202 188 33 255 175 1 83 84 187 152 93 78 253 146
    130 81 49 168 50 62 250 49 31 48 59 27 98 170 3 4 140 162 142 139
    251 8 199 64 93 38 89 101 96 81 5 55 16 195 148 157 13 149 137 101
    12 251 5 11 1 223 187 136 250 158 131 226 238 190 188 147 84 23 111
    43 218 210 75 85 66 234 68 229 127 63 61 132 142 31 135 96 75 57 169
    218 24 11 212 26 174 202 132 219 27 68 103 120 1 25 227 98 3 55 139
    67 124 203 87 75 135 125 34 90 39 209 44 209 124 251 162 24 106 252
    249 203 104 215 90 138 5 80 62 17 193 81 198 212 16 119 148 40 242
    164 28 155 8 231 207 81 41 70 217 201 58 66 11 52 203 122 15 163 254
    23 132 109 197 136 17 242 208 155 65 39 150 114 190 170 35 195 187
    250 75 238 251 250 45 74 151 122 180 128 13 24 141 141 121 172 209
    23 131 67 238 54 4 81 192 229 113 33 24 94 28 51 122 147 213 127 172
    19 246 66 154 214 130 186 137 231 238 34 154 244 114 40 160 50 219
    140 37 59 189 225 236 215 245 237 106 233 21 252 224 48 246 89 202
    45 24 180 161 173 153 174 69 15 105 161 68 99 77 50 192 234 170 206
    43 216 124 33 28 210 118 57 48 69 66 39 228 153 225 231 109 26 129
    50 145 38 242 223 147 39 8 139 85 109 246 147 116 119 165 218 85 227
    175 220 89 47 186 193 94 77 125 70 79 181 206 11 37 121 252 208 134
    54 68 128 147 71 98 105 249 123 19 161 5 112 44 244 103 17 124 190
    241 4 180 104 128 191 247 28 153 76 196 118 171 86 8 187 35 22 24
    247 188 201 123 7 80 25 186 222 234 178 0 109 160 233 200 22 235 170
    69 126 195 212 190 173 48 122 43 84 43 57 63 84 80 210 199 200 168
    66 133 177 39 221 6 98 146 197 136 92 143 25 188 239 112 181 39 71
    44 251 192 49 202 233 127 71 244 132 93 171 39 44 115 57 162 213 88
    20 172 202 169 224 104 135 17 4 26 159 128 220 20 66 229 181 222 131
    65 60 122 34 147 228 242 233 136 186 125 219 6 28 97 188 203 143 243
    115 219 214 192 121 167 190 244 204 57 253 115 208 113 199 59 79 234
    119 105 141 183 180 233 206 250 3 46 192 101 120 129 64 121 236 212
    201 45 109 24 226 82 233 247 128 115 120 87 159 109 70 92 150 29 24
    46 22 61 199 17 74 171 132 67 250 184 223 217 120 37 69 254 58 140
    255 247 243 217 13 44 44 116 29 15 80 225 159 92 195 3 185 115 17 96
    125 64 156 54 115 141 246 226 139 227 150 162 240 175 47 55 216 29
    161 2 247 142 129 54 58 214 174 180 187 205 205 200 195 118 212 230
    64 36 240 18 36 37 253 102 243 178 121 1 157 178 160 244 2 244 106
    193 75 141 64 212 118 6 46 106 125 249 40 167 140 246 206 68 234 218
    250 167 137 147 196 100 37 90 87 158 187 54 24 96 99 72 173 87 6 93
    79 133 236 135 146 239 112 119 163 154 203 63 116 14 177 164 31 118
    234 19 128 231 43 44 214 155 13 192 132 80 75 152 197 237 204 125 38
    36 30 25 237 199 127 210 105 225 252 134 169 81 3 14 109 242 50 40
    155 78 39 148 254 81 15 164 15 49 123 34 66 46 145 54 195 53 61 186
    68 170 21 74 218 91 6 193 116 57 66 18 193 14 136 145 143 227 56 248
    169 7 138 199 20 58 166 183 94 32 95 225 228 30 116 80 221 85 35 97
    67 59 253 252 18 130 126 171 78 0 0 7 137 49 157 143 91 166 204 85
    201 135 252 33 145 136 10 114 128 118 221 187 2 146 144 147 14 137
    199 64 169 91 86 139 138 70 58 92 88 72 162 182 203 37 104 75 155
    105 190 222 120 161 139 196 6 84 109 129 15 137 213 145 246 28 139 6
    91 60 151 11 97 239 252 248 245 61 144 118 10 217 85 242 199 111 184
    54 233 125 102 171 242 62 25 62 246 197 23 196 211 178 61 30 187 42
    165 50 109 62 82 163 228 34 74 85 206 165 223 20 23 20 66 254 162
    129 64 202 106 174 19 166 216 95 110 121 127 118 148 228 243 187 161
    254 64 188 117 4 228 212 17 255 249 165 117 36 8 53 103 243 40 42
    221 91 128 93 209 41 207 38 235 244 93 190 175 190 217 216 222 71
    234 218 224 74 220 184 184 182 248 170 116 121 235 198 228 224 129
    190 120 83 12 164 55 168 7 176 130 102 247 34 6 72 255 222 243 117
    53 26 92 25 191 249 39 217 83 31 189 135 8 209 129 96 183 20 129 173
    238 59 172 112 65 99 185 249 146 195 225 68 23 135 138 130 145 239
    27 117 32 244 1 76 131 248 235 62 128 20 68 16 41 122 26 63 130 155
    35 140 89 159 182 176 26 214 141 125 177 22 25 77 206 211 16 62 8 85
    6 233 166 21 73 118 145 223 11 232 98 229 78 151 26 209 236 175 47
    30 61 172 190 84 57 253 86 164 202 161 135 234 47 102 240 188 174
    161 230 233 11 70 146 100 78 84 83 70 207 15 148 169 120 206 8 146
    11 229 41 208 28 228 135 232 210 221 69 175 150 24 174 197 192 12 48
    19 164 89 192 55 2 57 37 146 210 36 14 72 33 229 48 86 81 65 131 231
    130 149 230 171 56 151 81 126 70 129 36 154 45 112 35 62 156 80 80
    234 134 49 245 104 189 147 236 206 78 97 170 107 113 98 35 99 67 66
    170 168 11 83 230 4 198 50 96 254 194 228 222 118 217 34 150 9 238
    163 3 174 182 66 103 37 34 154 93 200 214 118 230 8 58 176 235 201
    140 199 66 159 78 65 9 139 104 215 63 63 101 6 55 114 205 208 207
    101 238 4 18 193 26 195 232 171 235 239 41 169 249 77 244 44 234 217
    3 72 49 206 153 201 211 144 163 214 213 43 209 114 233 174 173 81
    118 0 27 142 101 33 122 186 3 181 87 29 171 183 254 56 249 136 131
    178 99 131 167 251 253 10 211 134 191 219 201 161 52 71 156 0 46 128
    83 248 120 87 190 25 123 51 153 84 88 88 32 121 189 215 30 141 201
    215 154 21 9 251 206 20 220 163 84 111 197 36 254 155 85 46 150 176
    213 129 248 79 123 167 146 48 173 166 80 73 227 130 72 217 139 46
    104 236 33 158 250 116 122 102 79 68 227 238 48 57 28 243 101 28 175
    227 88 180 108 93 32 23 111 46 219 183 192 209 66 253 140 76 67 12
    23 146 70 237 92 213 205 214 71 7 72 133 57 84 102 114 145 28 215
    125 178 165 17 9 64 219 153 222 222 167 87 47 13 147 213 246 4 105
    81 50 170 170 34 26 225 187 251 77 195 103 52 179 190 163 200 0 43 3
    178 168 252 80 133 222 251 213 32 241 39 172 149 198 47 82 216 178
    69 141 94 38 189 11 188 89 90 165 154 90 225 166 38 144 21 199 70
    245 195 8 181 213 201 12 76 89 146 133 157 146 90 118 84 74 102 84
    100 111 46 248 188 3 88 66 178 72 208 156 230 93 99 64 85 55 220 116
    166 60 91 238 125 213 48 198 77 21 94 41 133 253 12 150 253 184 100
    70 186 205 61 227 126 248 1 220 87 146 138 110 186 190 194 8 231 253
    84 50 27 20 218 33 105 6 191 243 87 128 155 209 234 16 123 28 213
    177 49 89 3 151 191 234 32 73 29 171 130 245 239 228 83 154 61 190
    179 69 132 129 65 186 166 125 184 158 33 174 67 252 209 150 4 115 26
    190 143 206 191 103 16 16 233 79 18 81 220 24 137 177 224 220 185
    128 65 6 246 238 13 79 218 120 143 158 5 25 166 231 235 40 39 226
    233 189 209 148 223 116 71 60 225 214 45 88 234 141 182 63 179 70 27
    8 12 156 61 233 206 42 145 254 156 197 24 16 198 181 162 237 126 167
    252 207 253 187 22 3 201 112 137 14 194 236 113 52 73 4 217 92 137
    191 244 133 212 175 97 22 227 30 226 205 230 42 88 20 52 167 72 10
    41 23 6 25 112 176 65 202 253 76 160 81 56 144 109 252 204 202 252
    71 77 116 73 15 136 9 154 125 248 232 254 160 107 84 225 236 226 123
    230 110 180 45 60 201 171 34 221 44 158 155 68 56 137 131 63 66 194
    131 160 115 67 26 53 52 126 16 216 97 161 189 115 178 74 53 91 188
    29 2 110 27 19 75 231 240 121 164 87 215 146 238 105 233 234 0 38 12
    161 241 196 247 58 134 137 81 170 207 209 134 16 69 104 129 151 133
    116 98 135 170 220 141 116 32 67 255 234 5 73 212 218 244 65 164 88
    44 197 43 107 84 202 190 152 134 83 75 82 73 187 86 74 36 229 148
    144 241 76 96 198 248 62 7 241 171 198 8 183 182 150 251 0 139 23
    100 109 186 164 44 111 6 106 76 191 207 60 69 89 156 209 170 123 148
    177 176 239 184 69 235 60 110 102 221 173 78 139 103 105 6 35 182
    169 114 24 89 229 220 129 143 130 238 63 94 140 237 226 148 184 176
    147 3 194 194 196 142 129 151 54 140 93 196 233 97 21 61 236 44 117
    54 247 219 66 90 18 28 69 0 43 45 131 108 252 104 111 189 220 127 49
    219 0 232 55 3 217 73 117 171 59 194 169 117 10 123 135 217 217 66
    111 77 43 163 138 139 199 245 47 43 242 105 53 7 16 225 125 156 49
    130 225 180 118 186 247 95 53 42 58 111 204 228 178 238 51 183 135
    219 2 73 43 116 226 116 76 3 39 169 116 214 216 146 196 233 250 97
    149 89 214 209 239 115 178 217 12 144 26 95 235 11 205 226 14 160
    172 26 76 118 4 156 211 216 125 168 76 5 252 154 44 59 252 20 213
    216 218 34 214 98 43 199 193 65 97 83 4 141 220 197 12 235 252 233
    230 120 153 42 116 158 64 119 231 69 168 45 144 48 24 75 107 231 111
    233 58 114 4 73 77 25 253 192 2 39 109 131 137 69 252 156 217 250
    231 4 168 249 179 114 143 170 173 73 27 183 41 250 134 19 136 102
    170 239 109 49 182 80 61 128 118 70 84 21 128 137 239 143 64 203 182
    44 86 97 17 0 139 54 216 40 7 189 207 73 31 169 139 172 2 30 16 174
    9 247 11 2 187 215 1 225 91 215 128 193 11 26 231 99 160 255 114 18
    1 122 153 122 29 32 80 52 134 129 146 125 77 116 132 114 30 87 222
    98 189 172 206 199 190 181 66 181 236 67 103 108 211 108 38 50 101
    186 161 106 58 251 226 156 227 81 178 82 204 183 161 215 44 75 202
    33 254 1 231 125 154 164 17 239 128 242 84 85 74 66 109 196 187 160
    220 63 103 19 70 69 188 34 132 154 47 25 9 18 200 108 127 137 109
    223 192 60 49 94 24 15 84 132 89 228 93 255 250 136 50 51 225 55 26
    104 187 211 166 30 42 195 93 94 171 17 50 199 83 4 97 129 190 23 13
    204 138 108 233 109 142 208 236 187 169 103 110 57 159 89 57 225 5
    42 184 71 67 230 19 15 101 18 220 32 190 201 47 209 28 176 129 124
    56 204 233 69 225 24 160 31 54 201 10 129 216 170 48 41 240 154 66
    54 203 53 134 169 104 144 158 159 201 217 5 124 133 94 179 6 153 128
    142 51 71 157 114 3 94 106 196 35 147 100 72 155 245 232 148 90 228
    108 199 98 70 28 217 254 131 211 109 15 136 89 116 255 54 78 153 208
    77 231 61 246 52 250 24 221 154 210 80 45 22 185 230 224 77 65 242
    10 25 135 193 160 23 87 146 160 151 148 241 47 103 185 196 192 248
    249 56 50 73 250 218 125 118 163 2 26 167 80 102 13 151 186 129 209
    100 30 97 154 164 104 81 188 121 209 181 12 253 119 128 74 121 207 1
    67 103 204 83 224 97 41 165 129 54 218 219 239 255 129 251 228 64 16
    114 35 235 186 137 92 181 116 222 170 215 228 25 30 79 229 28 111
    203 11 112 151 43 120 164 57 68 93 84 168 216 138 254 62 172 92 6
    244 60 82 128 169 23 0 55 136 184 45 54 137 130 243 42 84 201 62 229
    71 226 161 81 243 225 154 32 31 214 99 125 212 119 243 90 202 109
    157 11 20 201 131 98 96 249 23 183 22 237 135 42 45 84 245 147 87
    230 115 31 143 240 125 147 107 195 163 80 70 137 83 201 139 11 198
    17 220 250 162 138 100 34 193 94 171 58 228 64 47 251 145 63 241 38
    85 135 68 225 86 130 177 24 122 131 242 217 68 100 73 239 5 29 185
    26 247 105 185 133 168 154 235 98 148 189 7 75 219 95 246 83 36 131
    88 150 97 130 115 145 199 147 152 249 198 164 32 116 1 158 194 119
    160 239 143 59 139 108 204 105 8 46 237 199 179 31 161 2 77 187 121
    96 99 213 175 138 152 111 78 51 149 209 28 147 20 127 152 1 210 10
    174 61 117 194 53 210 190 183 231 110 91 200 181 4 125 244 133 93
    137 40 28 188 88 125 46 73 105 200 91 165 72 151 228 68 133 156 128
    178 168 13 23 85 230 74 159 6 207 69 77 109 104 187 96 227 253 117
    214 146 52 117 194 169 235 205 27 155 64 86 43 201 213 117 53 110 94
    196 38 21 158 25 117 159 32 229 223 245 146 63 219 45 228 184 129
    151 48 37 37 162 134 50 144 236 33 237 97 221 61 74 12 189 217 43
    225 86 143 88 122 50 23 104 119 240 83 251 134 168 126 33 19 243 207
    134 33 214 71 9 25 245 118 81 175 33 149 193 16 103 234 92 217 157
    171 223 243 42 64 133 44 73 208 215 171 7 122 29 81 164 23 180 7 66
    252 49 242 199 191 55 214 37 215 44 210 211 194 201 38 3 176 245 175
    131 24 4 65 42 50 130 186 140 68 222 233 66 32 129 74 41 3 140 155
    116 132 7 0 58 47 230 119 113 144 142 130 50 5 129 179 121 249 244
    29 245 248 227 50 32 53 134 223 55 230 2 230 29 159 110 227 218 48 9
    201 222 176 113 122 9 113 107 25 11 90 220 138 53 38 201 140 63 214
    84 143 113 116 49 178 75 236 194 192 215 67 63 100 218 90 138 22 151
    246 101 79 174 163 92 149 125 30 187 205 7 66 179 143 115 127 194
    190 42 176 136 251 197 198 200 114 78 165 27 215 108 139 130 197 97
    65 48 243 100 111 145 247 51 252 48 31 121 195 16 146 43 155 69 161
    173 24 243 156 153 58 0 107 109 209 132 128 122 12 195 235 13 40 24
    98 206 235 64 132 190 144 139 60 0 197 110 133 253 227 56 194 155 23
    11 75 15 17 12 236 55 203 135 230 246 87 83 180 20 51 92 27 69 30 36
    90 116 245 160 226 157 193 42 56 52 82 242 83 217 165 132 206 56 238
    31 183 100 153 106 40 99 240 171 30 86 243 59 232 105 236 89 145 110
    107 250 58 175 214 88 178 90 66 192 232 89 158 67 162 29 124 123 142
    243 190 78 146 61 86 227 26 89 120 30 214 94 2 181 21 152 250 192 77
    45 76 231 170 23 148 247 193 187 16 84 177 188 214 221 113 216 111
    238 224 27 0 36 51 26 32 54 244 195 216 132 192 131 199 209 17 72
    209 70 142 156 167 178 67 78 181 39 165 147 20 130 62 12 3 94 215
    152 64 107 97 88 180 107 62 25 25 19 23 87 113 34 235 86 73 246 195
    153 181 40 38 114 95 127 226 40 179 241 44 255 240 52 236 99 77 154
    53 190 20 95 156 26 10 121 63 1 71 171 141 43 34 242 115 108 247 161
    196 195 180 5 69 61 16 203 9 155 215 39 67 140 129 147 72 31 109 111
    163 22 30 143 162 56 24 32 8 114 127 9 142 245 42 151 13 82 203 139
    113 71 118 114 5 18 158 202 203 143 94 193 172 107 189 238 25 53 225
    110 67 91 254 156 96 25 61 72 126 101 16 74 125 196 242 139 228 60
    13 20 36 98 226 74 105 139 25 147 219 230 93 239 205 224 123 48 93
    75 87 159 167 235 116</data></test_img>
<my_img type_id="opencv-matrix">
  <rows>50</rows>
  <cols>100</cols>
  <dt>u</dt>
  <data>
    216 245 126 118 14 21 242 75 204 145 243 198 82 232 190 193 90 1 104
    194 131 197 156 17 60 68 67 144 20 26 220 161 63 163 127 199 130 10
    148 248 208 186 75 61 232 178 112 24 100 63 31 140 105 96 11 32 105
    86 114 160 178 239 203 150 223 176 13 202 113 12 11 81 76 122 252
    187 24 240 114 2 70 203 137 151 143 246 151 13 11 241 108 20 241 63
    92 244 162 74 114 128 130 111 39 114 51 39 54 147 226 184 133 45 21
    136 23 124 114 64 219 243 20 32 224 20 131 196 141 174 109 160 3 253
    11 250 69 5 159 46 125 106 180 103 41 24 51 76 72 65 254 202 69 194
    201 91 10 216 213 7 193 124 94 52 124 156 7 73 54 145 28 161 212 2
    97 170 80 169 73 218 167 183 66 211 31 42 103 219 70 147 207 169 207
    22 12 203 137 19 231 100 250 186 49 153 152 210 158 204 147 29 155
    17 1 135 24 34 173 73 124 19 197 251 251 173 49 63 149 30 35 155 10
    151 37 192 173 51 199 124 170 233 170 242 255 189 223 60 68 177 73
    156 84 11 50 85 155 3 144 111 78 168 199 106 36 224 67 201 229 136
    188 140 166 126 212 179 242 161 154 182 2 75 155 231 169 183 163 48
    22 81 154 1 228 81 247 48 14 67 254 150 175 191 202 121 200 221 136
    112 133 147 111 29 68 166 67 223 105 43 56 201 49 30 83 212 163 93
    27 25 55 201 73 81 79 219 147 154 158 185 218 6 209 220 26 46 118 9
    134 6 249 112 164 231 102 43 183 175 130 204 170 17 46 55 37 172 200
    199 62 83 6 211 220 24 110 254 110 109 176 142 232 119 1 66 178 165
    227 241 2 19 200 242 50 241 56 99 136 177 59 156 95 66 172 0 212 215
    70 153 59 117 14 224 30 250 13 238 250 218 236 42 155 183 77 64 22
    50 207 17 187 172 59 180 180 49 107 217 198 252 122 60 97 31 30 196
    84 219 212 58 247 202 251 180 68 56 41 229 66 59 155 76 227 130 113
    105 29 63 51 108 168 192 203 17 45 238 186 15 108 127 189 45 10 186
    130 28 41 9 222 79 7 234 243 16 176 184 51 170 44 196 49 170 53 237
    174 112 52 29 166 105 120 156 217 90 187 153 253 219 149 160 121 255
    67 10 217 181 243 100 172 111 51 51 234 247 106 97 202 174 73 16 18
    177 166 51 119 74 54 142 48 51 74 90 100 94 105 219 175 152 200 195
    23 11 183 40 236 33 244 32 195 254 54 211 78 6 157 62 24 252 149 21
    234 191 248 94 158 161 115 231 11 232 254 243 254 164 215 190 215 6
    88 112 35 146 14 30 31 86 163 26 255 232 117 139 228 138 75 132 151
    90 2 247 56 223 146 162 22 209 94 68 37 54 160 184 200 52 154 152 30
    83 176 8 75 5 101 159 52 45 224 72 175 52 154 164 253 242 33 214 140
    121 44 2 16 204 215 161 41 200 99 128 1 205 85 49 44 217 96 3 133
    213 111 215 184 110 242 16 231 41 123 186 128 5 76 18 12 52 110 44
    150 217 32 219 150 68 109 74 129 196 50 47 43 216 228 21 204 240 226
    90 51 104 108 152 17 19 85 94 116 163 159 236 112 219 232 93 40 31
    44 210 92 108 203 164 9 223 171 212 22 192 114 178 194 209 27 104
    201 237 230 230 245 195 83 28 212 69 36 143 18 170 84 237 19 90 33
    85 7 228 255 141 125 144 62 212 197 63 121 83 163 144 45 211 131 135
    193 68 5 245 97 161 102 44 240 35 31 141 2 222 107 247 43 173 99 124
    4 39 95 157 145 110 104 231 198 141 45 245 1 31 50 214 243 156 6 158
    109 229 59 156 160 7 108 247 254 241 124 173 218 128 66 233 207 129
    62 14 211 17 180 220 221 136 93 84 94 233 232 108 168 14 239 142 18
    221 187 248 180 241 14 244 8 105 83 193 37 240 163 33 198 42 136 20
    119 36 195 182 22 78 111 188 49 33 222 111 178 96 25 205 128 88 108
    47 93 111 212 78 97 4 61 233 114 255 93 18 244 235 232 97 182 7 107
    209 45 218 102 34 231 190 31 144 15 95 16 52 216 15 238 95 134 37
    126 90 162 243 41 199 144 130 155 136 229 112 213 162 206 79 220 215
    175 126 148 80 9 238 86 139 189 170 100 228 144 41 39 206 241 26 96
    211 186 233 108 249 243 226 164 58 131 139 97 113 228 205 153 190 83
    77 224 188 120 160 208 192 87 203 226 170 202 111 225 110 205 133
    121 86 173 35 93 181 220 84 138 177 78 124 150 96 206 130 84 20 143
    66 177 91 181 159 236 165 92 162 29 246 167 50 252 125 158 102 9 173
    137 129 142 255 63 87 154 48 5 173 62 69 122 45 179 187 198 182 70
    52 111 148 120 101 80 145 189 172 65 118 96 204 109 213 63 233 219
    246 70 156 37 162 91 254 109 230 57 160 8 175 84 210 247 233 79 101
    108 198 88 132 188 8 9 80 156 158 165 129 215 169 241 121 133 196
    229 231 62 189 238 239 180 68 75 110 172 159 137 33 92 171 155 73 29
    223 187 205 178 233 177 186 239 78 75 179 60 182 202 189 198 146 114
    117 139 19 73 94 97 188 51 113 161 133 69 181 25 164 15 214 175 162
    214 231 221 29 101 128 133 66 49 255 250 130 137 202 148 179 173 19
    213 39 14 173 93 253 119 116 167 108 94 13 143 230 195 255 60 33 39
    92 190 74 52 229 177 179 244 84 110 204 35 211 209 147 74 96 1 193
    216 152 205 95 184 23 56 45 53 253 117 168 156 7 67 184 119 249 182
    85 240 158 227 158 20 95 137 22 201 124 68 67 25 107 186 167 224 26
    141 136 171 253 20 48 95 210 171 237 83 202 235 22 113 87 83 86 107
    189 126 121 27 221 32 162 178 136 107 44 243 39 22 3 145 180 48 35 6
    87 104 175 94 222 120 178 170 10 182 37 22 39 255 188 159 118 136
    111 46 238 186 62 99 145 14 194 238 88 100 248 129 59 142 65 68 110
    14 26 207 243 226 16 114 76 108 222 58 36 56 121 148 180 43 211 211
    33 175 232 12 65 32 255 145 232 65 57 50 189 70 85 189 167 6 29 153
    252 3 118 111 42 84 173 92 209 45 118 5 208 216 120 9 181 190 12 251
    130 220 252 16 28 103 119 56 150 121 216 158 83 146 16 48 19 82 145
    184 216 129 150 48 201 186 36 255 181 3 83 82 187 148 87 71 255 137
    124 79 35 151 43 49 250 49 29 54 62 27 101 165 5 7 141 165 146 146
    249 12 205 68 95 43 101 109 105 95 6 65 15 201 155 153 14 146 137
    100 15 248 9 14 3 215 179 133 246 144 131 226 238 190 188 147 84 23
    111 43 218 210 75 85 69 239 70 231 125 58 54 131 141 27 127 90 69 51
    158 211 19 6 204 25 167 198 125 221 31 71 107 118 6 22 229 95 8 52
    139 61 114 199 82 65 125 109 28 87 43 206 49 207 119 250 165 26 100
    254 246 212 112 221 96 142 6 87 74 17 204 96 206 214 15 128 155 43
    236 159 36 147 11 216 199 79 44 69 209 193 54 60 11 52 203 122 15
    163 254 23 132 109 197 136 17 242 210 162 63 45 147 105 188 162 35
    195 181 253 67 238 253 250 41 75 135 112 172 119 14 25 143 143 122
    177 221 18 126 65 240 53 7 79 190 230 104 23 16 84 23 53 125 163 216
    130 171 22 245 71 155 221 129 201 152 229 236 29 159 244 125 40 173
    54 220 148 35 66 185 214 223 199 237 224 105 216 31 250 219 53 237
    86 194 50 24 180 161 173 153 174 69 15 105 161 68 99 77 50 196 237
    160 201 39 210 113 29 23 204 104 45 36 54 53 29 224 136 218 227 91
    27 119 54 142 37 243 229 154 35 14 138 94 113 244 148 113 120 165
    216 87 227 169 219 99 59 188 199 96 83 128 76 79 189 212 12 37 128
    253 219 138 53 77 142 159 82 107 112 250 133 26 155 7 108 53 235 99
    25 120 181 228 7 173 102 124 187 247 28 153 76 196 118 171 86 8 187
    35 22 24 247 193 204 116 11 68 26 173 218 238 169 1 91 139 230 186
    16 236 155 68 114 181 211 188 170 53 122 45 97 44 59 63 93 84 221
    201 202 167 66 136 167 40 220 5 101 154 199 147 94 147 28 192 235
    109 184 42 69 49 250 205 43 207 231 138 80 246 147 108 187 40 50 120
    60 160 203 94 32 171 189 165 216 99 131 25 6 33 153 128 220 20 66
    229 181 222 131 65 60 122 34 147 228 244 232 135 181 122 216 7 26 96
    187 198 139 247 94 207 205 184 112 155 182 243 201 66 254 111 213
    119 209 69 84 238 124 112 151 186 182 231 210 250 2 42 181 102 122
    141 74 128 235 213 203 50 109 28 224 77 229 245 133 119 120 83 164
    122 78 99 170 29 26 51 29 69 197 26 87 175 131 73 249 175 215 205
    117 49 75 254 66 140 255 247 243 217 13 44 44 116 29 15 80 225 159
    105 198 5 180 110 18 96 127 67 152 52 105 130 247 216 121 216 141
    147 237 168 56 63 211 33 165 6 248 151 131 53 59 220 180 179 184 203
    202 195 185 117 211 232 68 43 240 15 42 43 254 101 239 181 119 2 160
    188 167 243 2 243 113 199 79 152 71 219 126 7 50 112 120 246 51 168
    136 244 196 74 228 209 248 159 135 141 192 100 37 90 87 158 187 54
    24 96 99 72 173 87 6 108 85 130 239 129 144 240 102 118 158 146 195
    62 102 8 161 144 33 103 229 18 117 228 48 49 218 165 17 198 138 88
    74 152 199 244 203 127 29 28 20 14 239 189 133 207 114 224 252 138
    173 79 7 18 108 235 50 43 162 74 35 155 255 85 12 176 16 50 131 33
    70 51 141 65 190 65 74 176 73 163 34 83 206 94 9 182 110 57 66 18
    193 14 136 145 143 227 56 248 169 7 138 203 23 57 159 170 94 33 90
    226 231 32 111 77 205 82 35 88 68 57 254 252 18 133 124 177 86 2 3
    12 141 50 159 139 103 162 203 94 195 129 253 26 137 136 7 111 134
    121 220 181 3 147 144 148 17 136 203 59 171 94 82 143 145 70 52 93
    92 78 169 186 207 36 97 85 144 100 179 216 113 152 134 184 7 87 111
    128 20 137 213 145 246 28 139 6 91 60 151 11 97 239 252 254 248 59
    139 113 15 211 80 245 186 99 173 48 227 117 91 158 239 59 22 65 243
    196 23 199 212 185 67 29 192 33 161 49 109 63 82 153 228 27 60 75
    196 152 219 14 16 17 65 255 162 134 62 207 105 173 20 169 215 100
    116 122 129 124 156 226 238 192 167 255 61 186 110 3 228 205 24 255
    246 155 109 39 11 51 103 239 45 42 221 91 128 93 209 41 207 38 235
    244 93 190 175 199 218 214 227 69 240 214 227 76 220 170 177 167 250
    158 105 112 237 187 218 210 126 184 111 96 14 161 59 168 11 173 124
    96 247 28 10 65 255 220 241 96 49 22 80 19 181 245 41 211 86 28 190
    138 11 210 137 105 193 23 141 178 236 57 181 114 66 107 194 246 152
    198 227 82 29 128 128 121 137 235 35 104 39 238 2 78 130 248 235 62
    128 20 68 16 41 122 26 63 130 155 35 147 93 154 172 161 33 202 128
    121 162 28 29 71 190 197 12 65 7 87 7 228 154 26 85 117 144 221 12
    235 100 230 78 136 23 207 237 163 39 22 50 150 170 75 53 252 84 160
    196 156 136 230 53 100 237 187 172 162 226 230 11 65 148 109 76 79
    86 78 212 15 153 170 112 210 7 141 14 230 45 203 35 226 131 227 201
    222 74 175 150 24 174 197 192 12 48 19 164 89 192 55 2 59 46 145 204
    45 18 65 37 228 45 76 74 65 125 223 122 136 221 163 58 142 92 121 79
    128 35 153 45 109 32 57 147 82 86 232 120 42 243 91 172 136 232 189
    68 86 162 104 110 92 37 95 67 65 165 161 15 82 229 6 209 45 107 255
    207 230 226 124 221 33 158 9 237 162 2 170 177 68 96 40 37 147 93
    193 206 111 228 8 58 176 235 201 140 199 66 159 78 65 9 139 104 222
    62 59 109 10 50 104 187 197 194 94 243 5 17 179 32 184 226 165 233
    236 51 169 247 90 241 48 237 224 7 68 49 204 147 194 207 139 155 207
    202 41 195 95 222 159 162 76 116 1 28 137 97 36 121 184 8 184 86 28
    178 190 255 51 249 138 138 180 105 133 175 249 252 10 212 127 187
    219 199 159 52 78 153 3 49 125 86 248 120 87 190 25 123 51 153 84 88
    88 32 121 189 221 33 139 196 214 147 20 7 254 190 22 214 153 82 112
    186 42 255 148 97 58 152 179 207 133 247 88 119 173 150 43 172 160
    87 71 221 122 63 207 129 41 85 231 32 146 244 116 119 94 77 65 226
    240 48 51 26 245 108 25 181 227 87 180 111 95 29 23 113 46 220 178
    188 211 76 252 136 94 74 22 32 145 75 237 99 215 207 214 71 7 72 133
    57 84 102 114 145 28 215 125 178 169 18 14 66 224 143 226 223 152 85
    46 15 139 193 247 5 108 90 52 164 168 37 36 219 195 249 85 202 105
    51 186 193 155 195 2 34 6 178 165 250 74 122 211 244 198 28 237 39
    165 148 194 50 70 211 170 60 135 91 28 195 10 188 85 86 155 152 92
    223 165 39 136 25 198 78 241 194 14 179 213 198 20 79 92 151 136 165
    146 90 118 84 74 102 84 100 111 46 248 188 3 88 76 178 76 204 148
    238 93 97 63 84 58 213 118 145 67 96 239 125 197 54 192 83 28 97 42
    138 254 14 156 254 188 94 70 190 202 57 219 126 245 3 210 82 145 135
    104 177 186 193 10 227 252 78 49 23 17 214 26 101 5 194 247 77 122
    146 205 233 15 120 31 210 168 53 93 3 148 188 230 42 79 36 164 122
    244 239 227 90 154 61 190 179 69 132 129 65 186 166 125 184 158 33
    177 73 255 210 146 9 116 31 175 131 190 180 109 26 26 232 87 27 88
    207 35 144 181 216 214 195 135 66 8 244 239 16 79 211 120 146 163 8
    22 163 222 230 36 37 216 224 184 203 147 218 117 65 54 221 209 40 85
    235 135 181 54 169 66 24 5 11 155 57 230 204 44 143 255 155 196 26
    22 196 175 159 236 116 162 253 207 254 187 22 3 201 112 137 14 194
    236 113 52 73 4 217 107 142 196 252 135 215 170 104 32 227 41 223
    196 227 58 108 34 69 162 82 15 48 29 8 31 118 187 65 209 254 69 163
    80 52 150 103 249 197 195 250 57 65 110 66 16 136 12 158 125 245 230
    254 145 104 70 218 237 218 122 229 111 169 43 52 201 167 34 221 44
    162 153 70 60 134 129 62 66 188 127 152 108 66 29 53 50 126 16 216
    97 161 189 115 178 74 53 91 188 29 2 110 29 23 85 243 248 125 161 96
    213 135 240 111 232 230 1 46 18 159 239 190 245 67 138 143 95 182
    214 215 148 17 61 100 125 153 134 116 95 139 173 216 142 108 28 53
    255 229 11 68 206 214 243 56 152 83 37 196 33 114 78 199 184 141 129
    71 68 73 70 185 78 78 39 227 141 142 240 80 99 196 245 58 9 240 165
    195 15 186 182 150 251 0 139 23 100 109 186 164 44 111 6 106 82 197
    210 60 75 93 150 210 161 117 138 173 173 238 175 87 232 82 112 104
    212 175 86 145 108 110 9 33 189 177 109 23 83 231 222 127 147 130
    241 53 80 142 237 220 153 177 177 156 9 185 187 193 137 128 144 48
    134 94 192 232 99 14 56 237 41 119 48 241 216 66 90 18 27 66 1 36 40
    125 105 250 99 104 182 223 126 49 219 0 232 55 3 217 73 117 171 59
    194 169 117 10 129 136 227 226 70 113 77 44 153 126 134 195 246 60
    56 243 117 70 10 24 222 130 160 54 136 231 187 116 199 247 86 46 37
    50 109 205 224 184 240 46 181 142 212 3 67 39 114 228 113 71 8 37
    155 113 207 212 137 192 232 254 97 144 84 210 206 243 120 178 214 10
    145 26 94 233 8 206 223 15 158 168 28 73 117 7 155 212 216 125 168
    76 5 252 154 44 59 252 20 213 216 218 32 218 108 42 202 195 58 96 78
    9 137 216 196 20 233 255 230 226 127 156 54 126 165 71 129 237 70
    177 39 151 40 25 67 107 233 110 231 51 112 9 62 67 23 253 188 3 33
    102 128 130 56 249 145 213 249 229 6 159 249 171 110 134 159 167 67
    24 185 40 248 141 19 136 97 173 240 109 45 182 79 54 121 110 66 91
    20 127 137 239 143 64 203 182 44 86 97 17 0 139 54 216 35 9 189 205
    79 32 162 137 161 5 33 20 173 14 249 17 6 187 209 3 222 104 212 136
    201 11 35 238 93 172 255 112 22 2 120 165 125 28 35 76 45 141 127
    150 126 73 116 135 103 28 71 216 84 171 159 201 195 180 173 58 173
    237 63 100 105 209 111 37 56 107 179 164 102 59 249 223 152 223 80
    169 86 194 175 155 212 48 75 202 33 254 1 231 125 154 164 17 239 128
    242 84 93 83 71 110 199 185 161 223 60 103 25 80 79 190 48 142 168
    59 36 14 26 203 111 131 153 113 221 198 56 42 87 25 18 85 133 91 226
    94 255 249 147 42 45 220 56 24 95 186 205 165 27 33 182 70 69 165 11
    43 195 73 5 96 127 185 17 9 204 142 112 230 117 144 205 235 182 165
    101 105 52 150 88 54 226 11 43 186 71 67 230 19 15 101 18 220 32 190
    201 47 209 28 178 129 127 54 206 240 69 228 25 154 34 57 205 19 136
    212 179 58 43 235 165 76 63 209 62 150 185 104 160 170 172 199 211 5
    124 141 95 193 10 171 133 151 44 60 171 108 8 83 93 192 34 145 86 52
    144 245 230 145 80 229 109 188 95 67 22 214 254 131 209 117 12 141
    88 128 255 48 84 150 209 80 233 59 248 53 250 33 221 154 210 80 45
    22 185 230 224 77 65 242 10 25 142 198 165 20 99 151 162 148 144 241
    49 102 187 194 190 250 252 65 54 79 253 213 127 120 175 2 27 178 74
    91 11 156 194 133 209 103 29 100 172 180 101 68 196 124 211 186 17
    254 118 129 66 118 211 2 52 93 209 76 227 94 34 159 130 54 218 218
    241 255 130 249 224 63 16 122 33 232 180 128 92 169 113 218 161 213
    228 35 30 79 229 28 111 203 11 112 151 43 120 164 57 68 102 95 170
    222 143 255 60 168 92 9 247 60 86 127 171 27 2 62 150 192 48 60 151
    142 243 44 90 206 62 228 69 215 172 86 244 220 172 39 37 215 102 134
    215 128 245 87 215 105 170 16 22 207 131 84 77 250 18 179 15 238 133
    39 42 79 244 152 84 221 120 34 146 241 133 154 111 196 168 85 74 137
    93 193 138 14 192 19 220 250 162 138 100 34 193 94 171 58 228 64 47
    251 152 70 245 40 99 139 74 235 91 122 181 28 127 142 245 224 84 107
    87 232 7 33 197 28 248 112 196 147 188 165 235 101 155 199 9 79 222
    103 250 87 43 144 83 160 104 141 120 158 204 156 160 249 198 165 27
    112 2 160 187 116 159 238 146 59 141 107 199 100 6 46 235 194 175 34
    167 3 80 181 121 101 102 204 172 137 147 111 78 51 149 209 28 147 20
    127 152 1 210 10 174 61 117 194 53 210 190 183 231 110 91 200 181 4
    125 244 133 93 137 40 28 188 88 125 46 73 105 200 91 165 72 151 228
    68 133 156 128 178 168 13 23 85 230 74 159 6 207 69 77 109 104 187
    96 227 253 117 214 146 52 117 194 169 235 205 27 155 64 86 43 201
    213 117 53 110 94 196 38 21 158 25 117 159 32 229 223 245 146 63 219
    45 228 184 129 151 48 37 37 162 134 50 144 236 33 237 97 221 61 74
    12 189 217 43 225 86 143 88 122 50 23 104 119 240 83 251 134 168 126
    33 19 243 207 134 33 214 71 9 25 245 118 81 175 33 149 193 16 103
    234 92 217 157 171 223 243 42 64 133 44 73 208 215 171 7 122 29 81
    164 23 180 7 66 252 49 242 199 191 55 214 37 215 44 210 211 194 201
    38 3 176 245 175 131 24 4 65 42 50 130 186 140 68 222 233 66 32 129
    74 41 3 140 155 116 132 7 0 58 47 230 119 113 144 142 130 50 5 129
    179 121 249 244 29 245 248 227 50 32 53 134 223 55 230 2 230 29 159
    110 227 218 48 9 201 222 176 113 122 9 113 107 25 11 90 220 138 53
    38 201 140 63 214 84 143 113 116 49 178 75 236 194 192 215 67 63 100
    218 90 138 22 151 246 101 79 174 163 92 149 125 30 187 205 7 66 179
    143 115 127 194 190 42 176 136 251 197 198 200 114 78 165 27 215 108
    139 130 197 97 65 48 243 100 111 145 247 51 252 48 31 121 195 16 146
    43 155 69 161 173 24 243 156 153 58 0 107 109 209 132 128 122 12 195
    235 13 40 24 98 206 235 64 132 190 144 139 60 0 197 110 133 253 227
    56 194 155 23 11 75 15 17 12 236 55 203 135 230 246 87 83 180 20 51
    92 27 69 30 36 90 116 245 160 226 157 193 42 56 52 82 242 83 217 165
    132 206 56 238 31 183 100 153 106 40 99 240 171 30 86 243 59 232 105
    236 89 145 110 107 250 58 175 214 88 178 90 66 192 232 89 158 67 162
    29 124 123 142 243 190 78 146 61 86 227 26 89 120 30 214 94 2 181 21
    152 250 192 77 45 76 231 170 23 148 247 193 187 16 84 177 188 214
    221 113 216 111 238 224 27 0 36 51 26 32 54 244 195 216 132 192 131
    199 209 17 72 209 70 142 156 167 178 67 78 181 39 165 147 20 130 62
    12 3 94 215 152 64 107 97 88 180 107 62 25 25 19 23 87 113 34 235 86
    73 246 195 153 181 40 38 114 95 127 226 40 179 241 44 255 240 52 236
    99 77 154 53 190 20 95 156 26 10 121 63 1 71 171 141 43 34 242 115
    108 247 161 196 195 180 5 69 61 16 203 9 155 215 39 67 140 129 147
    72 31 109 111 163 22 30 143 162 56 24 32 8 114 127 9 142 245 42 151
    13 82 203 139 113 71 118 114 5 18 158 202 203 143 94 193 172 107 189
    238 25 53 225 110 67 91 254 156 96 25 61 72 126 101 16 74 125 196
    242 139 228 60 13 20 36 98 226 74 105 139 25 147 219 230 93 239 205
    224 123 48 93 75 87 159 167 235 116</data></my_img>
<your_img type_id="opencv-matrix">
  <rows>50</rows>
  <cols>100</cols>
  <dt>u</dt>
  <data>
    216 245 126 118 14 21 242 75 204 145 243 198 82 232 190 193 90 1 104
    194 131 197 156 17 60 68 67 144 20 26 220 161 63 163 127 199 130 10
    148 248 208 186 75 61 232 178 112 24 100 63 31 140 105 96 11 32 105
    86 114 160 178 239 203 150 223 176 13 202 113 12 11 81 76 122 252
    187 24 240 114 2 70 203 137 151 143 246 151 13 11 241 108 20 241 63
    92 244 162 74 114 128 130 111 39 114 51 39 54 147 226 184 133 45 21
    136 23 124 114 64 219 243 20 32 224 20 131 196 141 174 109 160 3 253
    11 250 69 5 159 46 125 106 180 103 41 24 51 76 72 65 254 202 69 194
    201 91 10 216 213 7 193 124 94 52 124 156 7 73 54 145 28 161 212 2
    97 170 80 169 73 218 167 183 66 211 31 42 103 219 70 147 207 169 207
    22 12 203 137 19 231 100 250 186 49 153 152 210 158 204 147 29 155
    17 1 135 24 34 173 73 124 19 197 251 251 173 49 63 149 30 35 155 10
    151 37 192 173 51 199 124 170 233 170 242 255 189 223 60 68 177 73
    156 84 11 50 85 155 3 144 111 78 168 199 106 36 224 67 201 229 136
    188 140 166 126 212 179 242 161 154 182 2 75 155 231 169 183 163 48
    22 81 154 1 228 81 247 48 14 67 254 150 175 191 202 121 200 221 136
    112 133 147 111 29 68 166 67 223 105 43 56 201 49 30 83 212 163 93
    27 25 55 201 73 81 79 219 147 154 158 185 218 6 209 220 26 46 118 9
    134 6 249 112 164 231 102 43 183 175 130 204 170 17 46 55 37 172 200
    199 62 83 6 211 220 24 110 254 110 109 176 142 232 119 1 66 178 165
    227 241 2 19 200 242 50 241 56 99 136 177 59 156 95 66 172 0 212 215
    70 153 59 117 14 224 30 250 13 238 250 218 236 42 155 183 77 64 22
    50 207 17 187 172 59 180 180 49 107 217 198 252 122 60 97 31 30 196
    84 219 212 58 247 202 251 180 68 56 41 229 66 59 155 76 227 130 113
    105 29 63 51 108 168 192 203 17 45 238 186 15 108 127 189 45 10 186
    130 28 41 9 222 79 7 234 243 16 176 184 51 170 44 196 49 170 53 237
    174 112 52 29 166 105 120 156 217 90 187 153 253 219 149 160 121 255
    67 10 217 181 243 100 172 111 51 51 234 247 106 97 202 174 73 16 18
    177 166 51 119 74 54 142 48 51 74 90 100 94 105 219 175 152 200 195
    23 11 183 40 236 33 244 32 195 254 54 211 78 6 157 62 24 252 149 21
    234 191 248 94 158 161 115 231 11 232 254 243 254 164 215 190 215 6
    88 112 35 146 14 30 31 86 163 26 255 232 117 139 228 138 75 132 151
    90 2 247 56 223 146 162 22 209 94 68 37 54 160 184 200 52 154 152 30
    83 176 8 75 5 101 159 52 45 224 72 175 52 154 164 253 242 33 214 140
    121 44 2 16 204 215 161 41 200 99 128 1 205 85 49 44 217 96 3 133
    213 111 215 184 110 242 16 231 41 123 186 128 5 76 18 12 52 110 44
    150 217 32 219 150 68 109 74 129 196 50 47 43 216 228 21 204 240 226
    100 45 106 108 152 15 19 90 95 114 170 169 228 114 208 220 92 37 31
    38 201 88 107 193 163 9 214 173 207 26 190 127 177 193 209 41 104
    206 245 236 231 247 196 76 31 208 61 35 132 13 163 67 225 10 73 25
    66 5 220 255 144 127 144 56 212 197 61 133 84 169 152 40 229 143 146
    203 69 2 248 95 160 97 30 244 30 29 141 2 222 107 247 43 173 99 124
    4 39 95 157 145 111 106 228 193 138 44 247 1 28 47 216 238 162 11
    162 101 219 53 164 168 9 102 239 254 233 131 172 208 132 67 235 204
    131 67 23 215 29 184 223 225 142 92 80 85 231 229 93 168 11 233 131
    10 211 175 244 171 239 8 243 6 106 82 188 29 238 166 28 201 35 149
    15 134 20 205 187 14 81 120 196 37 20 225 102 177 95 22 205 128 88
    108 47 93 111 212 78 97 4 61 233 114 255 101 15 241 236 235 98 181 9
    101 209 44 216 98 34 222 192 32 156 18 95 15 48 204 15 232 90 133 37
    132 89 165 246 52 203 150 132 159 140 232 114 211 163 205 71 213 210
    171 122 147 65 6 232 73 136 180 163 97 226 150 40 37 203 240 19 106
    214 190 238 120 250 246 237 177 48 143 153 103 117 237 214 157 192
    78 80 221 188 120 160 208 192 87 203 226 170 202 111 225 110 205 128
    118 93 174 41 97 184 222 82 147 181 74 123 160 92 203 146 84 26 153
    63 175 89 179 157 229 159 85 157 29 248 160 54 250 128 157 101 16
    177 141 139 150 254 66 80 147 44 4 172 56 57 111 40 173 178 190 172
    61 45 110 152 114 97 71 142 190 173 60 126 103 221 122 232 50 241
    234 250 74 165 22 165 85 254 106 232 52 160 8 175 84 210 247 233 79
    101 108 198 88 132 188 5 8 90 157 168 171 133 221 173 239 124 151
    201 225 224 59 193 233 234 181 68 82 115 172 156 134 34 85 167 153
    71 35 222 179 204 178 237 181 195 243 80 81 181 65 183 201 186 197
    143 108 105 133 16 63 88 89 180 44 108 165 136 61 182 20 160 16 214
    174 164 222 239 234 19 104 132 140 61 40 255 252 128 138 205 157 181
    176 19 213 39 14 173 93 253 119 116 167 108 94 13 143 231 190 255 66
    36 43 100 190 81 57 228 186 188 240 94 118 208 38 211 209 160 84 99
    1 183 207 147 199 87 175 28 60 54 59 250 124 174 157 10 74 192 131
    247 186 81 236 158 221 162 19 82 132 18 199 122 63 56 22 103 185 172
    232 25 135 128 166 254 19 44 96 221 179 244 82 219 243 16 123 90 84
    85 106 199 127 124 26 221 32 162 178 136 107 44 243 39 22 3 145 180
    48 26 4 93 105 178 100 226 120 183 178 14 188 38 29 40 251 195 170
    137 153 123 47 232 185 59 96 145 14 186 236 92 112 248 136 69 151 71
    77 123 23 37 210 240 226 18 111 68 104 219 51 38 47 123 144 174 40
    204 205 35 174 236 10 57 34 255 141 235 60 52 45 192 63 81 204 166 5
    20 164 252 2 124 118 33 88 184 101 209 45 118 5 208 216 120 9 181
    190 12 251 130 220 248 13 23 102 122 65 154 122 220 168 97 159 23 56
    28 94 165 192 220 147 164 47 202 187 36 255 175 2 85 87 186 152 95
    81 253 147 131 84 51 168 52 63 250 51 34 50 61 30 100 170 4 5 141
    163 143 140 251 10 198 66 95 40 92 102 98 84 6 57 18 195 149 157 15
    150 138 102 14 251 6 13 2 222 186 137 250 158 131 226 238 190 188
    147 84 23 111 43 218 210 75 85 68 234 71 228 127 65 63 133 143 34
    136 98 78 59 169 217 26 13 211 29 174 202 133 219 30 71 104 120 2 28
    226 100 4 57 140 69 124 203 90 78 136 126 37 92 41 208 47 208 124
    251 163 26 107 252 248 203 105 214 92 139 6 82 63 19 192 84 197 211
    18 120 149 42 241 165 31 156 10 231 206 84 43 73 216 201 60 68 11 52
    203 122 15 163 254 23 132 109 197 136 17 242 207 156 67 41 151 115
    190 170 38 195 186 250 78 238 251 250 47 77 152 123 180 128 15 26
    142 142 122 172 208 25 132 69 238 56 5 84 192 228 114 36 26 96 31 53
    123 148 212 127 172 20 246 68 154 213 131 185 138 231 238 37 154 244
    115 42 160 52 219 141 39 61 188 224 236 214 245 237 107 233 22 252
    223 50 246 92 202 47 24 180 161 173 153 174 69 15 105 161 68 99 77
    50 192 234 170 205 45 215 124 36 31 209 119 59 50 72 68 41 228 153
    224 231 110 29 130 52 146 40 241 222 148 41 10 140 88 110 246 148
    117 120 165 217 88 226 175 220 92 49 185 192 96 80 126 73 81 181 205
    13 39 122 252 207 135 56 71 128 148 73 100 106 248 124 20 162 6 113
    47 244 104 19 124 190 240 5 180 105 128 190 247 28 153 76 196 118
    171 86 8 187 35 22 24 247 187 201 124 9 82 28 185 221 234 178 1 110
    160 233 199 23 235 170 72 126 195 211 190 173 50 123 45 87 45 59 65
    87 82 209 198 199 168 68 134 177 41 221 8 100 147 196 137 94 144 28
    187 239 113 181 41 73 47 251 192 51 202 233 127 73 244 133 95 171 41
    47 116 59 163 212 91 21 172 202 169 223 105 136 19 5 29 159 128 220
    20 66 229 181 222 131 65 60 122 34 147 228 241 233 137 185 126 219 8
    31 99 187 203 144 243 116 219 213 192 122 167 190 244 203 59 253 116
    207 114 198 61 81 234 120 106 142 182 180 233 205 250 4 48 192 102
    120 130 66 122 236 211 201 47 110 26 225 84 233 247 128 116 120 90
    159 110 73 94 151 32 26 48 23 63 198 19 77 171 133 69 250 183 222
    216 120 39 72 254 60 140 255 247 243 217 13 44 44 116 29 15 80 225
    159 94 195 4 184 116 19 98 126 66 157 56 116 142 246 225 140 226 151
    163 240 175 49 57 215 32 162 3 247 143 130 56 60 213 174 180 186 204
    204 199 195 119 211 229 66 38 240 19 38 39 253 103 243 178 122 2 157
    178 160 244 3 244 107 192 78 142 66 211 119 8 48 107 126 248 42 167
    141 246 205 71 234 217 250 167 138 148 195 100 37 90 87 158 187 54
    24 96 99 72 173 87 6 95 81 134 236 136 147 239 113 120 164 154 203
    65 117 15 177 165 34 119 234 20 128 231 45 47 213 156 15 192 133 82
    78 152 196 237 203 126 40 38 33 28 237 198 127 209 106 224 252 135
    169 84 4 15 110 241 52 42 156 81 41 149 254 84 16 165 16 51 124 37
    68 48 146 56 195 55 63 185 71 170 22 77 217 93 8 192 117 57 66 18
    193 14 136 145 143 227 56 248 169 7 138 198 21 60 166 182 96 35 97
    224 228 33 117 82 221 88 38 99 69 61 253 252 19 131 126 171 81 1 1 9
    138 51 157 144 93 166 203 88 201 136 252 36 146 137 11 115 128 119
    221 186 3 147 145 148 15 138 198 66 169 93 89 140 139 73 60 94 91 74
    163 181 203 39 105 78 156 106 190 221 120 162 140 195 8 87 110 130
    16 137 213 145 246 28 139 6 91 60 151 11 97 239 252 247 245 63 145
    119 11 216 88 241 198 112 183 56 233 126 103 171 241 63 28 63 246
    196 25 195 210 178 63 33 186 44 165 52 110 63 84 164 228 37 77 88
    205 165 222 21 25 21 68 254 163 130 66 202 107 174 20 166 215 97 111
    122 127 119 149 228 243 186 162 254 66 187 118 5 228 211 19 255 248
    165 118 38 10 55 104 243 42 42 221 91 128 93 209 41 207 38 235 244
    93 190 175 190 216 215 221 73 234 217 223 77 220 183 183 181 247 170
    117 122 235 197 228 223 130 190 120 85 14 165 57 168 9 176 131 103
    247 37 8 74 255 221 243 118 55 29 94 28 190 248 41 216 85 34 188 136
    10 208 130 98 182 21 130 173 238 61 172 113 67 101 184 248 147 195
    224 71 25 136 139 131 146 239 30 118 35 244 2 79 132 248 235 62 128
    20 68 16 41 122 26 63 130 155 35 141 92 159 181 176 29 213 142 126
    177 23 28 80 205 210 18 63 10 88 8 233 166 22 76 119 146 222 13 232
    100 228 81 152 29 208 236 175 49 33 63 172 190 87 59 253 89 165 202
    162 136 234 49 103 240 187 174 162 229 233 13 73 147 102 81 87 85 73
    206 16 149 169 120 205 10 147 13 228 43 207 31 228 136 232 209 221
    72 175 150 24 174 197 192 12 48 19 164 89 192 55 2 59 39 147 209 38
    15 74 36 228 50 89 84 67 132 231 131 150 229 171 58 152 84 126 73
    130 38 154 47 113 38 63 157 82 82 234 135 51 245 105 188 148 236 205
    81 99 170 108 114 100 38 101 69 68 170 168 13 85 229 5 197 52 98 254
    193 228 221 119 216 37 151 10 238 164 4 174 181 68 104 39 37 154 95
    199 213 119 229 8 58 176 235 201 140 199 66 159 78 65 9 139 104 214
    65 65 102 8 57 115 204 207 206 102 238 5 19 192 29 195 232 171 235
    239 43 169 248 80 244 47 234 216 4 74 51 205 153 201 210 145 164 213
    212 45 208 115 233 174 173 84 119 1 30 143 102 36 123 185 4 181 90
    32 171 182 254 58 248 137 132 178 101 132 167 251 253 11 210 135 190
    219 201 162 54 73 157 1 48 128 85 248 120 87 190 25 123 51 153 84 88
    88 32 121 189 214 33 142 201 214 154 22 10 251 205 21 220 164 87 112
    196 38 254 156 88 48 151 176 212 130 247 81 124 167 147 50 173 166
    82 76 226 131 74 216 140 48 105 236 36 158 250 117 123 103 81 71 226
    238 50 59 31 243 102 31 175 226 91 180 109 95 35 25 112 48 219 182
    192 208 68 253 141 79 69 14 25 147 73 237 94 212 204 214 71 7 72 133
    57 84 102 114 145 28 215 125 178 165 19 10 66 219 153 221 221 167 90
    49 15 148 212 246 5 106 84 52 170 170 37 29 224 186 251 80 195 104
    54 179 190 164 199 1 45 4 178 168 252 82 134 221 251 212 35 240 41
    172 150 197 49 84 215 178 72 142 96 40 188 13 187 92 92 165 154 92
    224 166 40 145 22 198 73 245 195 10 181 212 201 14 79 92 147 134 157
    146 90 118 84 74 102 84 100 111 46 248 188 3 88 68 178 74 207 157
    229 95 101 66 88 57 220 117 166 61 93 238 126 212 50 197 80 22 96 43
    134 253 14 151 253 183 102 73 185 204 63 226 126 247 2 220 90 147
    139 111 185 190 193 10 231 253 87 52 30 21 217 36 106 8 190 243 90
    128 156 208 234 18 124 31 212 177 51 92 4 152 190 234 35 76 32 171
    131 245 239 228 85 154 61 190 179 69 132 129 65 186 166 125 184 158
    33 174 69 252 208 151 5 116 29 190 144 205 190 104 18 18 233 81 19
    84 220 26 138 177 223 220 184 128 67 8 246 238 15 81 217 120 144 158
    6 28 166 231 235 42 41 225 233 188 208 149 222 117 73 61 224 213 47
    91 234 142 181 65 179 73 30 10 14 157 63 233 205 44 146 254 157 196
    26 18 197 181 163 237 126 167 252 206 253 187 22 3 201 112 137 14
    194 236 113 52 73 4 217 94 138 190 244 134 211 175 99 23 226 33 225
    204 229 44 91 21 54 167 74 11 43 25 8 28 113 176 67 202 253 79 160
    84 58 145 110 252 203 202 252 73 80 117 76 16 137 10 154 126 247 232
    254 160 108 87 224 236 225 124 229 111 180 47 61 201 171 37 221 47
    158 156 71 58 138 132 65 68 193 132 160 116 69 29 55 54 126 16 216
    97 161 189 115 178 74 53 91 188 29 2 110 30 20 78 231 240 122 165 90
    214 147 238 106 233 234 1 40 14 162 240 195 247 60 135 138 84 170
    206 208 135 18 72 105 130 152 134 117 100 136 170 220 142 117 35 69
    255 234 6 76 211 217 244 67 165 91 47 196 45 108 87 202 190 152 135
    85 78 84 76 186 89 77 38 228 149 145 240 79 98 197 247 63 9 240 171
    197 10 182 182 150 251 0 139 23 100 109 186 164 44 111 6 106 79 190
    206 61 72 92 157 208 170 124 149 177 176 239 183 72 235 61 111 103
    221 173 81 140 104 106 8 38 181 169 115 26 92 228 220 130 144 131
    238 65 96 141 237 225 149 183 176 148 4 193 193 195 143 130 152 56
    141 95 195 233 99 22 63 236 47 118 56 247 219 68 92 19 31 72 1 45 47
    132 109 252 105 112 188 220 127 51 219 0 232 55 3 217 73 117 171 59
    194 169 117 10 124 136 216 216 68 112 80 45 164 139 140 198 245 49
    45 241 106 55 9 18 224 126 157 51 131 224 180 119 185 247 97 55 44
    60 112 203 228 178 238 53 182 136 219 3 76 45 117 225 117 79 4 41
    169 117 213 215 147 195 233 250 99 150 92 213 208 239 116 178 216 14
    145 29 97 235 13 204 225 15 160 172 29 79 119 5 157 210 216 125 168
    76 5 252 154 44 59 252 20 213 216 218 37 213 100 45 198 192 67 99 85
    5 142 220 196 14 235 252 233 229 120 153 44 117 158 66 120 231 72
    168 47 145 50 26 78 108 231 112 233 60 115 5 76 80 28 253 192 3 41
    110 132 138 72 252 157 216 250 231 5 168 248 179 115 144 170 173 76
    30 182 43 250 135 20 137 103 170 239 110 51 181 82 63 128 119 73 87
    22 128 137 239 143 64 203 182 44 86 97 17 0 139 54 216 42 9 188 206
    76 34 169 140 172 3 33 18 174 10 247 13 3 186 214 2 224 93 214 128
    192 13 29 231 101 160 255 115 19 2 123 153 123 32 35 82 54 135 130
    147 126 80 117 133 115 33 90 221 100 188 172 205 198 190 181 68 181
    236 69 104 109 210 109 40 52 102 185 162 107 60 251 225 157 226 84
    178 84 203 182 162 214 47 75 202 33 254 1 231 125 154 164 17 239 128
    242 84 88 77 68 110 195 186 160 220 65 104 20 73 72 187 37 133 154
    49 28 10 19 199 109 127 138 110 222 192 61 51 96 26 16 87 133 92 228
    95 255 250 137 52 53 224 57 29 105 186 210 166 33 44 195 95 96 171
    19 52 198 85 5 99 130 190 25 15 203 139 109 233 110 143 207 236 186
    169 104 111 59 159 92 59 224 6 44 183 71 67 230 19 15 101 18 220 32
    190 201 47 209 28 176 130 124 58 203 233 72 224 26 160 34 56 201 11
    130 215 170 50 43 240 154 68 56 203 55 135 169 105 145 158 159 201
    216 6 124 134 96 179 8 153 128 143 53 73 157 115 4 96 107 195 38 148
    102 74 156 245 232 149 92 228 109 198 100 73 31 216 254 132 210 110
    16 137 92 117 255 56 81 153 207 80 231 63 246 54 250 26 221 154 210
    80 45 22 185 230 224 77 65 242 10 25 136 192 160 25 90 147 160 152
    149 240 49 104 184 195 192 247 248 58 52 76 250 217 126 119 164 3 29
    167 82 103 15 152 185 130 208 102 33 99 154 165 105 84 187 122 208
    181 14 253 120 128 77 122 206 2 69 104 203 85 223 99 43 165 130 56
    217 219 239 255 130 251 228 66 18 115 38 235 185 138 94 181 117 221
    170 214 228 28 30 79 229 28 111 203 11 112 151 43 120 164 57 68 95
    87 168 215 139 254 63 172 94 8 244 61 84 128 169 25 1 57 137 183 47
    56 138 131 243 44 87 201 63 228 73 225 162 84 243 224 154 35 34 213
    101 126 211 120 243 92 202 110 157 13 21 201 132 100 98 248 25 182
    23 237 136 44 47 87 245 148 90 229 116 34 144 240 126 148 108 195
    164 82 73 138 85 201 140 13 197 19 220 250 162 138 100 34 193 94 171
    58 228 64 47 251 146 65 240 40 88 136 71 224 89 131 177 26 123 132
    241 216 71 102 76 239 6 32 184 29 247 106 184 134 168 154 235 100
    149 188 9 78 219 97 246 85 38 132 91 151 99 131 116 146 198 148 152
    248 197 165 35 117 2 158 193 120 160 239 144 61 140 109 203 106 10
    48 237 198 179 34 162 3 80 186 122 98 101 212 175 139 152 112 78 51
    149 209 28 147 20 127 152 1 210 10 174 61 117 194 53 210 190 183 231
    110 91 200 181 4 125 244 133 93 137 40 28 188 88 125 46 73 105 200
    91 165 72 151 228 68 133 156 128 178 168 13 23 85 230 74 159 6 207
    69 77 109 104 187 96 227 253 117 214 146 52 117 194 169 235 205 27
    155 64 86 43 201 213 117 53 110 94 196 38 21 158 25 117 159 32 229
    223 245 146 63 219 45 228 184 129 151 48 37 37 162 134 50 144 236 33
    237 97 221 61 74 12 189 217 43 225 86 143 88 122 50 23 104 119 240
    83 251 134 168 126 33 19 243 207 134 33 214 71 9 25 245 118 81 175
    33 149 193 16 103 234 92 217 157 171 223 243 42 64 133 44 73 208 215
    171 7 122 29 81 164 23 180 7 66 252 49 242 199 191 55 214 37 215 44
    210 211 194 201 38 3 176 245 175 131 24 4 65 42 50 130 186 140 68
    222 233 66 32 129 74 41 3 140 155 116 132 7 0 58 47 230 119 113 144
    142 130 50 5 129 179 121 249 244 29 245 248 227 50 32 53 134 223 55
    230 2 230 29 159 110 227 218 48 9 201 222 176 113 122 9 113 107 25
    11 90 220 138 53 38 201 140 63 214 84 143 113 116 49 178 75 236 194
    192 215 67 63 100 218 90 138 22 151 246 101 79 174 163 92 149 125 30
    187 205 7 66 179 143 115 127 194 190 42 176 136 251 197 198 200 114
    78 165 27 215 108 139 130 197 97 65 48 243 100 111 145 247 51 252 48
    31 121 195 16 146 43 155 69 161 173 24 243 156 153 58 0 107 109 209
    132 128 122 12 195 235 13 40 24 98 206 235 64 132 190 144 139 60 0
    197 110 133 253 227 56 194 155 23 11 75 15 17 12 236 55 203 135 230
    246 87 83 180 20 51 92 27 69 30 36 90 116 245 160 226 157 193 42 56
    52 82 242 83 217 165 132 206 56 238 31 183 100 153 106 40 99 240 171
    30 86 243 59 232 105 236 89 145 110 107 250 58 175 214 88 178 90 66
    192 232 89 158 67 162 29 124 123 142 243 190 78 146 61 86 227 26 89
    120 30 214 94 2 181 21 152 250 192 77 45 76 231 170 23 148 247 193
    187 16 84 177 188 214 221 113 216 111 238 224 27 0 36 51 26 32 54
    244 195 216 132 192 131 199 209 17 72 209 70 142 156 167 178 67 78
    181 39 165 147 20 130 62 12 3 94 215 152 64 107 97 88 180 107 62 25
    25 19 23 87 113 34 235 86 73 246 195 153 181 40 38 114 95 127 226 40
    179 241 44 255 240 52 236 99 77 154 53 190 20 95 156 26 10 121 63 1
    71 171 141 43 34 242 115 108 247 161 196 195 180 5 69 61 16 203 9
    155 215 39 67 140 129 147 72 31 109 111 163 22 30 143 162 56 24 32 8
    114 127 9 142 245 42 151 13 82 203 139 113 71 118 114 5 18 158 202
    203 143 94 193 172 107 189 238 25 53 225 110 67 91 254 156 96 25 61
    72 126 101 16 74 125 196 242 139 228 60 13 20 36 98 226 74 105 139
    25 147 219 230 93 239 205 224 123 48 93 75 87 159 167 235 116</data></your_img>
</opencv_storage>
