<?xml version="1.0"?>
<opencv_storage>
<L2_diff>5.3685100353822565e+02</L2_diff>
<r>5</r>
<test_img type_id="opencv-matrix">
  <rows>50</rows>
  <cols>100</cols>
  <dt>u</dt>
  <data>
    128 137 150 72 72 5 81 23 37 219 80 145 133 33 159 206 155 13 211 64
    160 202 3 112 115 76 190 243 13 222 235 193 178 103 165 243 34 102
    106 44 192 179 73 224 207 87 182 170 32 106 132 44 60 111 161 181
    246 216 65 49 93 248 36 200 19 167 36 132 223 62 205 157 181 235 89
    138 137 27 59 32 89 108 213 34 43 228 100 230 163 235 137 244 93 6
    11 168 116 95 233 105 108 224 135 227 24 214 96 176 207 156 31 35
    143 168 218 98 221 52 250 144 250 212 118 230 163 72 29 27 24 14 213
    9 1 234 248 152 237 91 255 211 98 65 48 212 189 82 221 199 176 155
    234 167 209 9 127 219 175 15 6 57 135 180 55 203 5 64 130 231 104
    183 35 200 179 226 105 100 227 59 239 210 99 144 189 199 92 233 38
    89 101 202 24 215 20 188 139 250 42 91 178 76 41 53 132 10 124 180
    47 161 242 174 95 83 101 139 64 92 58 215 33 7 225 52 73 222 96 160
    152 0 253 88 41 91 10 82 222 139 10 179 69 169 176 221 13 216 245 39
    187 127 84 60 145 92 119 198 137 124 165 99 46 158 203 1 184 244 18
    174 58 106 102 156 88 11 40 180 14 106 69 40 23 245 222 194 77 175
    51 149 178 221 186 73 56 130 133 180 119 6 218 65 126 78 91 113 81
    79 201 93 135 241 100 238 239 225 131 236 98 17 132 70 169 230 89
    240 57 196 174 231 201 79 207 13 150 132 21 241 131 112 107 187 31
    152 186 96 40 107 125 29 70 94 251 35 209 141 25 189 69 201 42 198
    134 31 220 96 105 145 238 58 73 131 81 110 58 16 17 21 48 88 49 5
    242 192 69 145 9 54 238 150 162 34 74 149 176 35 132 136 109 61 11
    72 42 93 102 99 201 155 57 91 192 151 89 70 227 146 229 21 36 188
    218 244 171 23 101 105 127 148 159 158 139 241 29 226 236 14 155 28
    16 216 44 60 79 236 251 120 182 31 5 16 214 160 146 46 138 248 31
    122 77 167 124 41 229 133 241 13 191 209 204 229 0 124 163 226 127
    41 46 118 0 58 225 145 72 63 212 132 221 159 241 36 143 54 116 210
    53 167 167 66 241 183 85 186 113 77 109 106 202 230 183 168 252 94
    89 152 243 23 217 166 113 53 71 89 151 104 13 71 188 145 180 81 116
    250 147 71 194 204 105 87 80 25 120 237 86 16 239 199 78 10 25 126
    14 170 9 119 122 137 221 70 240 98 70 233 125 214 202 114 76 170 215
    175 21 247 76 61 230 60 62 249 0 16 7 214 188 161 40 249 98 219 241
    46 231 133 4 60 60 124 84 1 101 76 79 166 154 55 201 207 224 185 136
    110 133 67 215 184 172 228 111 88 157 192 95 83 105 136 159 29 132
    86 172 116 6 79 102 123 152 63 44 22 105 238 99 88 45 70 113 146 129
    214 89 185 141 66 55 75 32 13 85 251 107 11 54 57 15 115 148 141 21
    209 118 0 151 39 245 76 222 40 127 214 32 255 7 247 29 163 217 86
    211 127 68 186 107 238 64 245 237 43 178 185 22 255 24 125 26 14 28
    88 174 203 65 108 115 61 153 177 225 106 7 35 189 156 54 46 77 18 58
    185 42 215 27 247 81 196 63 194 14 38 248 246 146 197 56 70 47 185
    10 177 95 203 177 110 61 232 166 212 250 78 175 132 23 28 32 104 226
    172 113 46 58 10 227 166 176 115 34 51 56 217 58 236 133 45 171 226
    127 182 24 254 224 49 153 72 238 109 204 80 103 183 119 26 22 11 77
    141 59 120 96 116 171 34 206 33 235 192 100 170 146 122 39 225 78 11
    27 79 156 153 245 190 78 29 25 170 44 132 175 218 24 160 190 54 199
    182 83 85 245 81 3 173 63 44 220 224 155 37 253 128 24 97 160 50 146
    63 205 161 209 216 159 247 218 48 109 237 177 96 238 165 247 202 127
    212 45 118 44 148 10 111 147 118 36 247 216 56 34 195 228 68 34 8
    228 84 80 35 58 179 246 61 239 254 118 64 165 183 35 10 163 56 136
    125 252 91 43 119 204 23 3 169 218 84 22 187 183 118 58 167 57 93
    166 88 81 186 189 151 182 183 92 244 255 237 153 127 73 60 196 9 169
    76 174 78 19 223 131 25 87 101 100 152 211 171 67 24 20 77 203 98 71
    79 51 234 177 246 239 167 242 199 112 108 118 113 34 33 4 44 107 66
    94 214 82 223 97 254 172 211 61 254 143 149 71 133 56 253 93 48 65
    229 158 78 176 30 195 22 124 168 10 178 101 49 41 192 170 101 55 28
    249 50 168 245 195 239 235 130 109 139 36 50 62 148 32 126 226 149
    123 66 64 11 183 176 213 95 184 181 161 49 11 255 205 206 119 41 131
    89 108 103 252 124 76 8 60 232 160 45 117 109 232 80 204 178 114 127
    129 18 73 68 200 71 88 238 35 216 164 31 215 131 195 251 151 210 55
    74 34 93 235 139 202 61 140 159 42 47 196 227 188 114 244 169 110
    162 13 101 91 198 57 102 92 43 90 176 132 141 15 241 147 151 212 204
    236 133 219 213 158 41 18 155 171 87 17 50 118 139 9 123 45 71 229
    81 207 228 221 112 37 97 130 94 96 2 55 74 130 236 86 29 161 45 209
    46 38 132 227 7 71 23 190 205 213 185 140 22 63 185 74 40 216 130
    237 44 223 1 27 53 76 134 57 46 249 242 97 237 221 244 227 86 244
    177 45 205 117 168 232 46 150 229 253 97 117 250 26 1 96 65 186 211
    114 22 65 100 136 210 151 217 220 177 8 39 23 251 67 155 113 202 68
    147 116 232 88 59 141 11 185 214 137 205 241 155 38 112 221 182 111
    239 151 199 56 19 44 179 191 3 124 199 62 18 11 98 191 56 48 107 202
    20 232 51 51 47 194 252 83 63 185 47 138 69 65 115 202 91 174 185
    232 120 200 100 186 83 189 171 184 92 71 25 85 182 118 77 124 98 148
    62 169 251 131 123 188 109 192 192 103 110 254 138 65 73 229 128 225
    228 16 58 12 253 136 149 209 68 120 239 221 62 192 213 138 185 108
    42 76 199 60 220 225 1 74 240 4 127 142 69 39 179 174 221 140 88 39
    90 199 186 51 254 29 177 165 5 38 48 155 240 6 125 130 24 39 30 62
    233 60 189 115 109 19 134 165 156 228 206 32 242 32 100 77 135 108 5
    106 197 155 115 5 47 198 11 128 76 67 244 224 100 33 112 235 61 78
    11 129 105 145 4 167 154 48 99 72 159 59 135 247 181 212 169 241 222
    153 119 190 5 57 39 137 96 47 131 31 180 238 17 36 103 210 221 148
    162 90 91 75 86 240 215 19 204 205 157 6 157 8 50 161 228 143 86 226
    236 44 115 54 123 235 110 52 188 210 119 65 12 95 73 20 111 164 15
    110 81 115 48 108 227 59 38 58 92 217 109 28 132 129 96 109 193 143
    232 114 18 211 60 47 167 243 219 46 62 184 184 207 183 218 41 33 116
    177 174 95 139 140 39 119 88 43 227 141 107 138 214 194 247 252 212
    213 234 122 222 253 87 146 42 179 112 191 216 183 239 100 205 74 66
    221 38 107 216 169 220 226 204 88 93 166 147 76 46 239 25 118 236 32
    22 91 255 234 50 74 138 200 242 203 71 230 242 44 178 37 201 233 51
    191 211 205 116 240 119 69 127 88 208 108 75 246 250 228 7 103 6 173
    55 140 220 60 121 202 40 28 98 109 176 38 232 168 157 179 105 207 22
    115 4 234 29 194 57 72 65 13 100 232 190 125 17 70 202 218 107 99 30
    245 122 99 33 71 99 50 126 73 249 53 193 63 7 218 246 252 197 46 129
    5 134 200 234 123 119 41 8 209 159 196 205 70 66 213 231 140 22 185
    109 216 4 55 234 71 49 148 72 158 172 112 240 117 96 107 200 138 179
    114 88 204 6 57 113 88 44 212 27 220 10 227 186 136 239 49 1 2 44 71
    195 224 41 115 236 113 143 46 209 204 105 99 215 80 236 216 79 105
    206 105 122 78 149 57 132 103 206 227 51 253 106 73 51 249 141 210 3
    72 169 35 237 164 96 72 122 234 117 132 82 226 125 240 157 148 17
    182 102 4 1 125 184 186 101 220 15 99 174 159 197 202 136 107 90 148
    21 115 55 190 163 241 178 25 23 74 1 76 247 128 72 20 37 160 49 35
    18 211 164 229 171 254 158 57 143 156 119 239 183 181 72 227 228 8
    93 231 196 59 149 240 172 139 136 145 107 28 249 101 101 205 45 133
    59 168 245 176 19 188 81 249 161 125 51 181 14 21 252 209 6 252 37
    30 232 92 12 127 57 156 189 120 108 148 12 48 239 36 141 89 206 243
    52 226 52 24 227 54 195 92 98 39 48 159 237 132 46 210 216 232 233
    27 249 187 39 229 168 37 151 230 23 172 6 88 201 34 20 134 67 89 16
    163 36 26 170 18 253 39 189 111 74 207 54 133 104 160 222 133 230
    144 128 13 245 107 121 57 206 218 224 41 191 17 212 55 247 192 194
    191 160 82 39 201 76 64 209 31 131 205 205 95 54 71 155 238 232 193
    203 145 146 204 107 221 25 241 161 171 88 87 110 184 65 210 45 69
    169 232 240 212 83 246 14 184 76 211 194 206 124 182 130 189 121 3
    177 196 254 122 206 237 241 54 223 54 97 65 225 90 45 228 41 237 175
    8 20 142 241 81 48 221 185 252 168 127 18 254 89 150 129 51 254 30
    124 78 100 186 73 243 214 160 173 14 49 180 144 136 34 211 160 41 85
    100 186 59 138 229 93 155 144 176 80 200 52 4 136 145 110 10 252 115
    37 191 18 174 114 168 58 95 149 237 73 244 71 78 199 77 162 158 107
    21 77 46 215 185 116 37 8 139 60 203 143 224 107 117 204 11 84 222
    124 238 233 40 248 188 121 184 30 10 138 49 144 155 147 145 144 193
    102 189 248 73 121 210 195 60 10 76 141 101 252 149 79 61 145 86 154
    151 68 188 164 156 38 180 252 154 2 27 202 132 191 2 32 132 188 163
    21 192 255 210 141 202 55 97 40 113 209 156 32 2 15 22 21 47 90 200
    27 246 73 183 94 7 254 61 51 172 164 58 161 227 176 253 81 51 109
    134 91 129 13 138 38 81 77 29 136 33 160 89 74 15 27 138 116 136 23
    166 110 153 40 17 137 116 13 82 158 28 242 222 30 146 249 192 186 14
    213 234 228 14 236 27 117 76 207 206 228 211 136 130 255 121 241 208
    103 64 242 23 120 3 85 10 246 38 106 121 227 145 197 187 180 97 188
    1 160 80 134 12 239 242 123 71 87 34 192 22 230 194 131 49 86 82 46
    192 191 96 212 46 249 25 19 135 213 164 122 115 112 194 239 91 234
    79 26 25 19 165 171 219 88 128 143 21 148 183 233 0 198 194 115 13
    114 209 116 10 213 189 168 157 3 139 143 131 137 24 253 92 62 146
    170 195 115 230 165 2 215 41 164 30 128 38 18 69 201 159 207 78 86
    168 88 172 188 123 38 14 234 24 191 169 244 63 104 103 93 3 117 28
    64 177 8 173 144 19 59 217 106 183 26 77 172 44 182 253 206 59 125
    69 79 77 190 98 186 24 40 69 49 179 167 218 125 234 247 56 86 25 41
    186 146 133 207 237 97 150 54 142 66 78 196 138 182 172 20 18 235
    168 243 10 148 251 52 243 158 209 102 81 4 214 205 130 5 171 185 143
    200 103 118 215 200 217 89 10 217 231 226 79 146 148 246 46 13 220
    123 126 73 32 173 195 112 204 221 188 245 118 9 180 69 6 208 6 235
    172 29 200 21 216 119 135 14 220 119 234 199 166 151 189 40 164 194
    195 204 188 199 200 161 75 217 233 4 109 14 130 94 54 121 63 38 167
    2 74 138 93 165 26 154 234 92 250 162 131 23 188 82 203 120 184 71 1
    236 26 214 51 18 29 24 20 135 88 225 229 36 0 191 196 142 38 75 84
    206 42 148 38 129 2 199 56 229 18 230 232 79 37 181 199 28 143 202
    114 20 90 206 234 173 231 33 243 164 254 47 27 64 106 122 21 132 32
    252 109 133 57 188 193 74 41 251 197 226 138 219 113 59 40 227 54
    237 66 92 122 94 234 8 187 140 46 197 244 16 232 134 154 240 224 78
    190 43 141 250 96 160 173 129 204 47 100 160 59 17 90 227 80 66 60
    183 240 18 39 36 86 76 153 96 79 11 187 74 34 107 203 238 57 9 54
    148 116 151 68 20 27 210 132 134 127 29 189 142 58 62 126 130 154
    104 175 245 217 63 190 218 6 44 197 250 136 129 82 133 128 193 245
    176 94 255 54 19 17 56 163 152 5 205 223 107 186 218 69 163 176 253
    177 208 31 18 179 136 131 204 1 223 160 248 244 40 23 140 88 93 227
    210 2 205 123 234 11 66 28 57 55 211 187 244 45 9 239 171 70 80 72
    239 247 87 210 135 200 65 14 124 87 80 236 207 160 79 2 8 173 101
    226 150 144 24 129 23 54 84 75 245 196 13 151 214 171 11 83 253 53
    13 238 89 209 47 26 32 86 146 39 245 139 74 110 83 198 179 18 215 94
    24 226 0 163 172 242 87 245 6 54 173 142 226 96 12 152 253 78 236 11
    156 144 123 245 97 218 179 33 66 135 101 130 111 98 50 181 204 105
    204 207 211 178 207 131 110 15 179 171 164 252 217 207 216 68 19 30
    62 220 22 155 126 177 124 70 232 52 233 77 247 8 4 68 111 20 246 255
    83 121 201 250 158 154 108 241 79 106 28 126 0 177 198 133 197 170
    128 25 209 117 69 33 33 99 112 184 99 41 28 40 233 113 82 63 165 196
    129 66 149 9 32 66 252 44 30 237 151 158 182 96 163 136 143 155 92
    59 88 123 119 118 228 66 150 169 161 221 185 132 173 121 10 55 141
    147 190 61 65 17 148 57 68 184 83 245 21 49 25 102 215 226 7 21 166
    176 242 92 80 241 9 217 239 123 135 143 133 163 128 218 32 156 44
    233 217 49 225 155 233 208 150 139 30 5 46 127 172 119 133 157 52 67
    38 83 192 8 8 142 48 63 148 31 71 251 196 38 176 180 246 109 198 139
    107 208 7 65 157 91 199 9 31 247 233 92 206 48 209 253 247 58 215
    188 154 82 32 93 42 11 58 94 165 12 58 234 255 220 34 233 28 122 182
    228 245 24 81 143 65 32 230 79 31 114 111 144 0 42 152 40 220 93 63
    80 111 52 71 4 231 58 49 113 255 171 178 192 237 12 3 105 102 245 77
    201 226 252 224 156 159 164 104 17 65 184 1 73 129 4 51 229 51 206
    70 9 149 243 80 195 151 6 6 66 90 111 88 141 237 86 176 143 147 183
    228 83 240 108 112 218 244 104 239 162 61 117 207 250 2 113 116 150
    189 67 245 154 185 202 47 60 40 110 14 135 255 248 94 241 121 194
    184 249 177 40 67 50 100 219 19 93 77 191 247 94 112 136 221 138 104
    41 18 136 122 212 249 205 253 195 230 166 227 132 206 221 23 219 42
    197 68 112 38 80 186 4 217 62 126 50 205 8 57 127 126 108 11 250 179
    183 199 109 164 96 93 21 253 218 213 4 192 36 5 245 36 14 90 159 16
    32 114 85 35 35 82 119 146 159 68 77 30 207 6 183 137 77 172 27 123
    236 233 52 7 147 177 252 102 42 212 180 224 177 211 80 255 225 136
    123 165 136 224 182 219 86 3 234 239 225 243 167 213 109 164 228 48
    130 46 135 50 141 177 171 209 96 238 16 17 31 174 202 171 232 106
    110 9 21 199 86 199 53 51 177 183 103 235 17 103 78 44 54 93 97 198
    100 114 26 210 233 148 64 54 182 144 48 65 64 8 66 117 220 66 188
    100 51 177 14 195 16 247 85 178 93 94 253 63 32 22 54 121 198 136
    152 86 95 82 30 77 64 42 100 94 152 222 200 28 9 226 221 48 143 7 53
    43 17 165 146 197 192 23 165 174 238 40 121 66 128 208 124 191 47
    122 119 79 158 70 44 162 175 71 251 50 226 133 221 243 213 173 123
    69 225 36 244 150 130 120 140 158 73 223 118 174 128 74 180 13 15
    196 136 64 110 130 36 62 218 26 132 115 229 27 116 161 40 58 178 90
    159 50 220 35 128 148 65 99 26 127 67 235 105 32 112 34 220 130 228
    74 233 86 17 193 20 106 64 163 239 122 174 127 28 13 123 221 133 251
    148 18 221 77 151 235 37 111 109 10 65 143 209 208 45 84 177 117 228
    103 12 70 160 40 230 107 12 211 0 124 53 145 59 34 179 171 197 235
    144 28 94 113 209 172 202 62 219 208 29 66 36 189 183 231 166 144 75
    199 147 55 113 75 146 145 89 145 151 129 225 220 49 55 8 143 103 65
    234 166 217 194 125 135 15 203 134 186 182 28 223 109 40 69 124 168
    202 131 252 210 166 94 236 166 236 193 72 213 168 39 200 114 216 207
    82 52 133 248 18 231 42 82 81 144 117 11 93 222 3 53 206 96 36 109
    236 81 246 234 44 187 55 162 153 32 60 119 198 152 233 195 61 79 142
    217 169 125 49 222 141 254 21 73 98 110 118 112 29 157 77 146 184
    237 251 233 23 219 236 222 181 113 137 99 217 22 15 54 247 154 89 42
    105 147 162 237 168 167 67 79 79 218 66 43 210 62 87 25 225 35 85
    202 235 52 37 185 42 134 244 16 177 94 79 161 159 58 184 212 225 155
    107 159 54 62 34 250 70 8 71 61 51 128 194 168 50 183 37 255 76 179
    69 182 110 27 47 202 169 67 69 30 253 177 133 26 48 99 171 191 118
    133 149 198 6 86 91 118 38 179 225 173 22 123 56 108 57 4 214 84 60
    184 246 190 236 187 234 167 74 230 25 238 171 150 28 80 67 15 91 210
    155 9 162 101 161 157 44 243 202 142 224 229 166 32 131 145 2 238
    131 28 70 33 203 49 206 60 174 155 136 38 77 45 83 112 89 109 21 113
    73 20 243 65 206 199 246 183 8 72 142 154 198 134 198 59 83 240 121
    172 201 155 23 171 102 166 226 133 231 45 55 74 204 215 149 210 186
    38 122 47 170 190 186 155 150 71 231 22 197 69 165 218 210 161 32
    142 13 199 142 66 74 155 147 238 155 122 146 142 29 204 161 114 29
    100 165 233 8 64 121 64 100 171 9 205 184 202 201 11 237 53 99 105
    221 41 124 100 15 78 159 188 146 3 139 24 128 161 166 191 42 142 67
    195 62 172 204 38 80 127 54 219 93 203 172 157 47 251 218 243 94 108
    40 39 61 26 23 209 118 120 8 205 154 125 182 8 31 111 108 201 43 70
    73 54 240 73 231 36 99 32 85 201 176 191 255 204 22 222 170 88 206
    178 195 72 140 33 120 108 255 12 174 217 252 90 195 115 123 132 235
    104 207 167 245 95 250 189 44 249 232 214 202 86 131 39 193 105 206
    49 58 201 197 233 199 149 29 132 211 75 190 32 188 238 203 111 76
    124 78 59 174 124 63 78 120 224 6 20 94 13 124 58 145 126 145 175
    196 172 6 246 254 246 142 63 29 66 47 140 46 8 47 91 181 153 66 219
    216 35 2 214 142 189 184 22 152 97 254 89 211 47 30 62 52 46 222 157
    210 137 148 17 183 235 221 20 5 58 232 253 58 90 249 236 217 202 31
    10 238 19 227 185 140 31 247 148 146 97 144 122 182 142 193 162 148
    44 100 27 162 200 102 197 195 79 8 224 164 249 148 63 101 178 247 64
    12 23 45 80 97 149 160 28 59 225 168 64 156 68 250 134 220 158 102
    79 222 38 121 132 138 113 100 244 27 248 64 133 80 243 30 120 5 96
    53 139 254 104 238 1 239 128 106 179 119 230 181 118 44 159 127 168
    172 215 123 46 131 75 247 11 131 23 45 196 193 27 178 214 78 250 107
    206 211 164 103 203 40 192 226 198 111 190 65 68 60 70 100 61 106
    137 8 216 155 179 23 122 218 183 4 28 148 173 83 208 227 133 252 177
    53 169 133 64 199 206 75 222 140 126 119 233 112 144 159 240 178 133
    12 9 61 55 85 114 124 30 122 36 143 1 242 181 72 178 158 191 68 77
    76 43 142 127 105 208 237 136 97 14 107 206 47 92 101 125 248 152 87
    24 115 31 53 50 168 150 36 190 134 191 184 151 191 211 164 9 42 173
    116 213 16 18 54 204 171 198 6 164 125 213 51 89 120 219 103 200 197
    71 246 150 101 56 49 103 124 57 250 91 131 110 150 5 248 39 11 216
    237 148 87 220 77 197 214 137 20 227 78 108 25 203 123 132 70 215
    142 168 52 53 135 29 241 76 27 140 167 127 195 139 251 180 246 201
    166 33 237 132 168 131 249 192 241 190 231 174 4 40 85 164 212 235
    100 188 148 97 171 107 246 117 138 149 248 108 249 34 228 82 237 116
    98 179 89 192 196 195 96 186 236 247 62 123 201 214 37 130 52 163
    132 194 196 93 76 236 167 29 27 115 146 58 196 244 162 132 221 187
    13 136 42 130 49 116 166 81 138 235 183 29 129 9 105 63 250 201 87
    132 90 6 141 64 252 221 114 79 173 185 241 133 207 26 221 76 68 111
    213 36 199 222 162 134 86 139 52 253 87 209 168 82 69 107 127 69 5
    226 152 139 91 104 0 78 36 240 34 146 199 2 187 124 139 24 16 54 102
    195 71 129 163 14 229 231 85 35 22 163 149 145 81 217 151 34 77 210
    20 147 73 169 162 70 155 110 105 153 104 84 136 104 130 163 83 232
    214 156 219 253 56 111 47 162 97 155 208 66 244 176 97 26 62 231 21
    252 23 46 31 99 212 84 39 130 244 11 162 235 189 39 54 174 0 248 125
    131 57 73 195 138 89 126 123 173 39 229 37 95 110 159 236 51 109 9
    60 177 6 155 42 64 181 107 245 157 143 93 1 44 111 209 153 102 85 83
    253 186 193 138 136 130 243 195 208 185 3 57 80 29 53 163 27 207 98
    216 169 101 220 103 68 160 88 216 143 200 227 110 90 143 113 32 196
    134 141 17 7 27 87 148 114 54 153 250 117 83 241 111 248 250 128 135
    60 54 173 155 162 210 231 12 185 56 87 132 82 136 98 32 209 76 20
    219 0 76 86 231 42 225 52 241 0 235 206 216 117 33 221 59 7 176 156
    64 68 160 247 113 189 88 10 198 171 169 191 25 207 208 57 73 149 65
    235 59 169 82 58 20 54 83 240 161 93 164 120 33 9 76 50 30 56 156 10
    48 232 245 227 201 152 127 174 125 93 151 87 206 206 10</data></test_img>
<my_img type_id="opencv-matrix">
  <rows>50</rows>
  <cols>100</cols>
  <dt>u</dt>
  <data>
    128 137 150 72 72 5 81 23 37 219 80 145 133 33 159 206 155 13 211 64
    160 202 3 112 115 76 190 243 13 222 235 193 178 103 165 243 34 102
    106 44 192 179 73 224 207 87 182 170 32 106 132 44 60 111 161 181
    246 216 65 49 93 248 36 200 19 167 36 132 223 62 205 157 181 235 89
    138 137 27 59 32 89 108 213 34 43 228 100 230 163 235 137 244 93 6
    11 168 116 95 233 105 108 224 135 227 24 214 96 176 207 156 31 35
    143 168 218 98 221 52 250 144 250 212 118 230 163 72 29 27 24 14 213
    9 1 234 248 152 237 91 255 211 98 65 48 212 189 82 221 199 176 155
    234 167 209 9 127 219 175 15 6 57 135 180 55 203 5 64 130 231 104
    183 35 200 179 226 105 100 227 59 239 210 99 144 189 199 92 233 38
    89 101 202 24 215 20 188 139 250 42 91 178 76 41 53 132 10 124 180
    47 161 242 174 95 83 101 139 64 92 58 215 33 7 225 52 73 222 96 160
    152 0 253 88 41 91 10 82 222 139 10 179 69 169 176 221 13 216 245 39
    187 127 84 60 145 92 119 198 137 124 165 99 46 158 203 1 184 244 18
    174 58 106 102 156 88 11 40 180 14 106 69 40 23 245 222 194 77 175
    51 149 178 221 186 73 56 130 133 180 119 6 218 65 126 78 91 113 81
    79 201 93 135 241 100 238 239 225 131 236 98 17 132 70 169 230 89
    240 57 196 174 231 201 79 207 13 150 132 21 241 131 112 107 187 31
    152 186 96 40 107 125 29 70 94 251 35 209 141 25 189 69 201 42 198
    134 31 220 96 105 145 238 58 73 131 81 110 58 16 17 21 48 88 49 5
    242 192 69 145 9 54 238 150 162 34 74 149 176 35 132 136 109 61 11
    72 42 93 102 99 201 155 57 91 192 151 89 70 227 146 229 21 36 188
    218 244 171 23 101 105 127 148 159 158 139 241 29 226 236 14 155 28
    16 216 44 60 79 236 251 120 182 31 5 16 214 160 146 46 138 248 31
    122 77 167 124 41 229 133 241 13 191 209 204 229 0 124 163 226 127
    41 46 118 0 58 225 145 72 63 212 132 221 159 241 36 143 54 116 210
    53 167 167 66 241 183 85 186 113 77 109 106 202 230 183 164 251 84
    82 152 251 19 215 171 120 61 80 103 156 118 15 76 198 141 183 86 118
    253 137 72 188 202 116 95 78 30 129 230 86 17 240 204 84 13 25 122
    17 177 8 116 124 141 230 76 244 91 74 240 124 217 192 116 76 166 217
    177 30 253 89 78 223 78 84 253 4 21 11 209 177 169 42 253 97 213 244
    42 225 141 6 63 63 139 99 2 118 76 79 166 154 55 201 207 224 185 136
    107 122 55 209 188 175 230 112 78 162 198 103 89 124 145 164 36 141
    93 181 122 4 86 116 129 160 74 53 25 112 230 103 91 40 65 118 145
    137 213 97 190 148 78 61 80 40 17 97 251 112 11 57 65 19 120 150 141
    30 209 129 4 166 38 244 97 215 44 156 204 36 255 13 247 36 166 209
    91 200 129 63 179 118 247 72 253 238 51 177 194 23 255 24 125 26 14
    28 88 174 203 65 107 107 44 141 171 213 101 2 27 196 156 65 55 80 17
    67 200 38 221 27 244 82 209 65 200 15 42 249 251 150 202 51 65 44
    188 13 179 107 202 185 107 65 242 179 223 247 97 198 148 17 25 34
    101 232 175 112 46 55 11 230 171 183 135 32 59 70 211 84 232 152 65
    169 228 141 183 34 255 225 53 158 91 242 129 207 99 120 183 137 27
    23 11 77 141 59 120 96 116 171 34 206 8 232 179 93 156 133 107 30
    221 65 8 32 80 160 152 251 213 70 32 21 177 40 137 175 219 23 166
    192 48 207 171 72 74 247 76 2 173 63 53 221 225 169 53 255 141 32
    118 175 55 160 57 196 166 209 217 154 251 217 42 107 236 179 110 236
    171 249 194 150 196 59 126 55 160 21 116 158 120 38 251 215 65 36
    194 228 89 32 8 225 114 107 35 58 179 246 61 239 254 118 64 165 183
    21 4 154 38 122 116 255 80 42 120 215 25 2 177 238 91 15 219 207 135
    59 175 57 95 171 89 80 188 185 154 169 173 93 247 255 242 160 129 84
    67 207 13 188 91 200 101 25 225 137 23 78 91 86 145 200 154 57 25 19
    82 192 114 74 97 65 223 175 247 240 162 242 196 107 110 133 116 27
    27 6 44 126 76 122 211 107 223 118 253 175 211 61 254 143 149 71 133
    56 253 93 34 65 225 150 65 169 23 202 17 129 175 6 196 124 57 44 223
    196 120 57 30 247 51 175 238 207 236 232 137 114 141 27 34 46 154 25
    129 223 154 120 84 74 17 200 190 221 114 204 190 166 40 8 255 194
    194 124 34 126 74 107 105 255 139 84 15 76 217 152 53 110 89 217 76
    185 175 124 133 133 17 76 76 190 82 114 242 40 219 156 38 207 131
    195 251 151 210 55 74 34 93 235 145 202 57 148 156 32 46 200 228 198
    120 249 181 133 166 11 122 101 223 63 122 107 42 97 181 143 148 11
    242 148 156 211 196 234 135 215 207 164 38 27 158 173 105 25 53 126
    148 11 135 42 70 238 76 200 236 225 105 23 82 135 86 99 6 57 74 139
    228 97 27 150 53 185 55 46 148 236 8 72 23 181 202 211 175 150 23 72
    173 93 51 209 130 237 44 223 1 27 53 76 134 57 40 249 242 97 238 209
    247 223 84 251 179 53 219 137 169 236 55 156 234 255 110 137 251 23
    2 93 70 181 217 105 15 48 78 131 209 156 209 213 179 11 40 30 251 74
    158 118 207 84 152 118 242 80 55 137 8 179 211 133 196 251 164 32
    126 211 179 118 240 154 181 63 17 40 173 181 2 141 192 53 19 8 107
    183 57 55 135 196 15 234 65 61 47 194 252 83 63 185 47 138 69 65 124
    202 93 173 171 219 118 202 95 190 78 185 175 188 95 65 27 91 196 139
    80 141 107 154 65 171 255 129 114 179 91 188 185 84 101 253 135 57
    72 228 135 228 238 25 63 19 255 152 158 219 70 116 244 225 61 185
    211 135 179 110 36 80 200 65 204 213 2 80 242 8 120 126 59 42 177
    175 225 143 84 36 97 194 181 59 255 19 166 162 2 38 48 155 240 6 125
    130 24 39 30 62 221 67 192 116 99 15 135 156 148 221 202 42 242 40
    97 76 148 122 11 120 207 166 131 13 40 209 13 126 67 51 249 215 74
    17 105 232 46 76 13 135 105 150 2 175 156 53 110 89 160 67 133 249
    173 202 160 247 223 150 122 196 8 72 48 148 103 59 135 30 169 238 17
    38 93 202 221 162 154 95 93 70 84 249 223 17 198 202 152 4 162 11 50
    161 228 143 86 226 236 44 115 54 126 223 110 53 169 202 110 63 11 86
    70 19 112 164 15 122 84 135 46 124 225 63 36 65 82 219 105 27 124
    112 65 93 183 143 236 116 8 209 53 42 171 247 223 48 67 192 188 200
    175 217 40 27 101 158 152 84 133 137 44 116 76 53 228 145 103 148
    207 183 249 253 198 198 234 129 219 255 91 141 42 166 122 185 223
    173 240 99 200 82 70 211 38 107 216 169 220 226 204 88 93 166 148 86
    44 234 21 105 223 27 21 80 255 234 53 72 148 198 249 211 72 234 251
    38 181 34 207 238 48 185 213 207 101 240 110 48 129 74 198 101 72
    247 249 230 8 112 8 177 55 150 219 65 118 181 38 21 91 99 164 42 247
    162 154 183 103 207 25 120 13 230 30 179 67 80 65 13 116 238 171 129
    17 57 192 221 116 101 30 247 116 93 32 74 99 50 126 73 249 53 193 63
    7 218 240 253 190 42 126 4 133 196 228 118 114 42 4 221 164 194 215
    63 63 223 234 143 25 183 107 223 15 59 240 59 34 152 55 162 171 120
    238 126 84 105 200 148 188 133 97 196 11 63 120 112 48 204 25 217 4
    225 185 122 244 59 2 6 57 74 185 219 42 114 232 110 150 51 192 192
    122 116 209 78 240 209 74 112 211 114 131 78 158 72 131 103 206 227
    51 253 106 73 51 249 141 210 2 74 164 40 234 156 95 63 118 232 107
    126 86 225 135 242 160 154 19 183 95 8 2 122 173 177 89 223 17 76
    166 158 194 204 150 105 78 162 21 131 57 196 166 247 171 34 32 93 4
    97 251 124 74 15 36 152 63 36 17 221 162 240 171 255 150 67 148 154
    124 240 173 166 65 217 228 2 101 228 188 46 152 244 173 150 141 154
    110 32 247 97 101 205 45 133 59 168 245 176 19 188 93 249 156 126 51
    166 19 30 253 207 6 253 46 34 234 91 11 126 53 162 183 112 103 145
    19 44 242 40 133 76 207 247 53 228 48 25 228 53 198 91 101 36 55 158
    240 131 55 211 213 225 228 34 255 185 48 225 156 46 145 242 32 185
    15 95 202 38 21 135 76 91 13 150 32 25 162 17 255 34 177 107 55 209
    51 145 107 173 232 137 234 156 128 13 245 107 121 57 206 218 224 41
    179 19 211 61 244 185 188 185 162 86 48 202 80 63 217 32 118 207 202
    89 46 63 145 236 234 181 196 141 137 200 95 225 32 244 166 175 78 74
    105 181 57 213 42 72 156 230 242 209 103 251 19 179 93 207 196 211
    133 188 133 202 122 8 175 196 255 118 202 236 240 59 213 61 95 67
    219 97 51 223 42 236 164 2 13 158 247 76 42 230 192 251 168 127 18
    254 89 150 129 51 254 30 120 78 103 173 74 238 215 160 177 21 53 177
    137 124 38 209 158 46 76 84 169 46 116 219 76 141 129 162 72 188 65
    15 139 156 116 11 253 126 34 196 17 166 124 162 63 107 145 236 86
    244 80 99 198 95 162 156 114 30 93 59 219 190 112 44 17 129 72 204
    150 223 116 129 188 8 93 213 131 238 230 40 249 185 129 190 34 4 145
    48 156 169 147 145 144 193 102 189 248 73 121 210 185 63 15 78 137
    103 255 152 84 55 143 84 152 148 67 185 164 160 42 169 251 133 8 32
    192 112 185 11 36 122 185 162 30 194 255 221 150 215 59 101 40 114
    217 156 34 8 21 30 30 72 118 200 40 249 86 175 110 15 255 80 65 173
    158 65 152 228 173 251 86 57 112 139 93 135 11 150 40 86 74 25 143
    32 173 91 72 11 30 137 97 133 23 166 110 153 40 17 137 116 13 82 152
    30 236 217 38 150 247 194 190 21 219 238 232 19 240 30 93 76 202 198
    217 211 112 103 255 95 238 207 84 65 244 34 122 4 80 13 251 44 118
    135 236 143 200 181 173 118 185 6 154 110 145 13 236 236 137 80 107
    44 192 27 238 198 126 46 91 84 46 196 192 107 217 61 249 30 21 145
    209 164 122 110 110 200 240 99 232 82 30 30 17 162 171 219 88 128
    143 21 148 183 233 0 196 181 114 13 120 217 126 15 221 190 169 154 4
    131 133 105 110 32 255 80 57 114 150 181 89 223 156 11 209 51 162 48
    124 55 25 78 196 164 211 80 80 162 97 169 185 131 44 21 225 27 181
    166 247 57 116 110 99 6 120 32 67 177 13 156 141 25 70 228 116 188
    42 91 164 57 188 253 209 70 131 67 84 91 200 110 196 34 51 72 53 173
    167 218 125 234 247 56 86 25 41 186 154 135 198 234 105 162 57 139
    65 76 204 126 192 175 27 19 236 169 240 8 129 247 42 238 141 204 86
    72 15 217 213 124 17 183 188 150 196 110 131 221 200 219 95 11 219
    234 230 97 154 156 255 46 17 225 135 137 72 34 164 202 107 213 225
    173 247 112 15 181 86 6 211 6 236 173 40 196 23 211 122 143 11 215
    129 234 211 173 148 190 48 150 194 195 204 188 199 200 161 75 217
    233 6 103 17 131 101 61 126 67 34 169 2 76 124 93 162 32 143 232 86
    244 156 107 23 181 74 198 110 183 78 4 238 46 221 76 27 42 36 25 135
    89 225 236 40 2 200 200 150 53 91 99 213 46 169 38 145 2 188 48 225
    21 236 238 86 34 175 198 38 152 211 135 34 107 200 238 183 225 48
    242 169 253 51 38 76 122 141 25 129 51 253 101 133 57 188 193 74 41
    251 197 226 138 221 114 70 44 230 63 244 78 91 116 99 238 13 188 129
    51 192 240 17 217 124 131 225 211 65 177 53 137 249 103 166 183 137
    211 67 116 171 67 25 99 230 76 80 63 185 247 30 61 53 99 89 179 133
    82 17 177 78 36 101 198 238 55 11 40 143 118 152 76 27 42 215 139
    137 141 44 198 162 63 70 131 135 171 114 188 249 217 70 188 215 4 44
    197 250 136 129 82 133 128 193 245 181 99 255 67 25 21 67 169 158 11
    204 225 101 181 215 61 156 177 255 169 196 27 23 158 116 103 181 4
    213 158 247 242 65 40 156 110 114 232 215 6 202 120 244 19 67 30 63
    65 223 192 249 48 17 242 171 59 76 59 240 251 86 209 124 190 67 19
    133 103 97 240 213 164 95 4 11 188 112 221 158 145 25 148 17 70 110
    89 247 192 17 145 214 171 11 83 253 53 13 238 89 209 55 27 34 93 156
    36 247 152 72 97 82 204 183 25 211 78 32 219 2 150 158 228 74 238 13
    48 156 124 223 99 23 152 255 101 240 13 162 150 139 249 103 223 175
    36 72 139 120 152 137 105 57 190 219 114 211 211 217 162 202 114 107
    17 173 150 156 253 228 211 223 97 32 51 78 223 32 169 143 185 133 86
    225 59 236 107 251 13 2 80 116 25 246 255 83 121 201 250 158 154 108
    241 84 114 25 135 2 196 204 148 202 171 126 23 215 118 61 44 46 91
    101 171 91 44 34 42 225 97 80 65 152 194 118 80 154 15 46 84 253 57
    42 242 148 152 177 103 171 145 164 181 114 61 101 145 143 129 230 55
    139 137 126 215 166 116 154 103 13 55 150 152 194 78 82 25 154 63 86
    198 103 249 23 55 32 112 213 228 8 30 171 169 234 101 80 241 9 217
    239 123 135 143 133 163 141 213 30 171 48 242 217 51 232 164 240 211
    156 150 34 11 55 120 164 112 124 135 53 63 36 80 173 13 13 141 63 74
    154 46 91 251 194 53 179 185 249 107 198 150 118 223 11 80 190 105
    213 17 25 251 236 89 194 34 194 255 247 55 204 173 156 89 44 107 53
    15 72 107 173 13 67 240 255 221 42 232 34 137 192 232 249 34 107 148
    76 48 230 79 31 114 111 144 0 42 152 40 223 99 76 89 124 55 86 4 236
    55 42 120 255 169 177 190 244 15 6 101 93 247 70 181 215 253 207 139
    141 164 101 23 72 192 2 84 124 8 63 225 48 200 80 11 154 251 97 209
    179 4 4 70 103 126 91 133 232 74 154 122 137 177 230 76 236 118 129
    228 249 126 242 177 72 129 215 253 4 116 114 158 198 80 253 175 192
    204 48 59 48 114 14 135 255 248 94 241 121 194 184 249 198 42 78 48
    112 219 15 101 74 183 249 89 110 135 217 145 95 48 25 133 114 194
    249 192 255 181 221 160 228 126 215 221 30 217 46 196 78 110 48 91
    177 6 217 65 133 48 215 8 67 143 141 114 17 253 175 177 190 93 135
    82 84 21 255 217 204 6 192 46 11 249 55 19 107 173 17 42 133 107 42
    40 97 129 154 177 101 107 36 207 4 183 137 77 172 27 123 236 233 52
    7 147 200 251 114 38 217 196 228 181 207 72 255 228 143 131 166 154
    228 185 209 89 6 232 236 213 240 160 194 99 148 225 53 116 48 131 57
    139 183 164 204 105 240 15 19 27 183 213 185 247 107 112 13 23 198
    80 194 44 40 162 173 89 236 19 97 70 48 59 105 118 200 129 143 25
    215 230 173 84 67 198 152 46 74 67 8 91 143 225 80 183 112 59 177 14
    195 16 247 85 178 93 94 253 61 25 15 48 122 207 148 164 80 86 74 23
    74 59 40 95 86 158 225 190 32 11 223 209 51 126 2 46 40 17 166 131
    207 196 19 162 181 244 51 116 65 120 213 122 196 46 124 120 76 166
    70 42 171 181 70 253 40 215 124 211 247 211 171 124 78 225 48 249
    169 152 150 158 175 95 225 150 200 156 91 190 11 15 209 145 80 122
    131 42 63 223 26 132 115 229 27 116 161 40 58 178 86 177 48 228 21
    129 154 65 99 15 120 65 238 105 30 114 44 219 126 234 67 234 82 25
    179 25 91 59 139 244 112 177 116 27 8 122 228 131 251 143 19 228 80
    148 240 42 112 105 19 65 145 221 215 46 82 173 118 217 101 13 63 156
    38 232 118 19 207 2 145 61 160 72 30 192 183 209 240 156 25 105 118
    223 177 221 74 234 225 25 76 40 189 183 231 166 144 75 199 147 55
    113 72 156 150 82 145 160 150 230 217 42 51 8 154 110 74 242 173 211
    183 114 120 25 188 114 162 158 25 207 91 36 74 112 177 209 133 255
    219 164 114 240 164 242 185 74 217 164 46 198 110 228 219 74 57 139
    247 19 230 36 74 74 141 126 15 91 221 4 59 200 99 42 124 230 86 242
    225 44 196 63 166 166 32 55 126 207 156 242 198 57 93 141 217 169
    125 49 222 141 254 21 73 98 105 116 110 17 162 61 154 190 242 253
    234 21 207 240 221 190 120 148 93 215 32 23 57 249 137 89 34 86 120
    148 236 169 166 70 91 97 219 72 46 211 61 91 23 232 34 84 200 242 57
    40 190 38 139 242 17 181 95 78 156 156 63 188 207 228 148 107 160 70
    70 34 253 80 8 78 72 55 148 204 171 59 194 40 255 101 175 91 175 103
    23 46 202 169 67 69 30 253 177 133 26 48 91 181 202 112 133 152 207
    2 91 95 129 34 181 232 179 23 133 61 107 63 6 215 84 70 173 249 192
    234 185 230 169 84 225 15 242 185 154 25 84 63 11 84 209 154 4 162
    89 158 154 48 242 204 154 228 234 179 32 141 158 6 240 141 30 74 30
    196 46 215 59 175 158 143 23 80 38 84 120 99 112 23 124 76 21 247 84
    219 209 247 177 2 72 142 154 198 134 198 59 83 240 121 181 230 160 8
    177 105 185 238 150 238 46 57 84 202 213 169 213 188 51 118 53 169
    190 183 152 145 78 232 15 204 76 158 209 213 158 27 150 8 192 141 61
    65 162 141 244 152 107 133 133 25 204 164 120 27 114 179 230 11 70
    126 65 99 169 13 194 183 194 202 13 240 59 97 103 213 27 122 99 17
    74 156 183 141 2 139 25 118 150 150 179 40 142 67 195 62 172 204 38
    80 127 54 238 72 228 177 160 30 255 217 242 97 122 44 44 65 36 34
    207 112 120 11 219 152 126 171 11 32 103 99 202 32 74 80 42 242 76
    236 27 103 32 84 194 177 185 255 196 23 225 162 82 198 179 188 74
    158 42 131 118 255 19 188 223 251 93 200 110 120 131 240 103 215 173
    242 97 249 185 36 247 225 204 204 78 120 38 185 99 211 53 55 200 194
    233 199 149 29 132 211 75 190 32 188 244 230 97 53 122 61 44 188 131
    61 89 124 219 8 27 99 21 126 63 141 126 141 166 200 160 8 247 255
    244 133 57 19 63 38 143 36 4 42 99 181 152 61 223 213 36 2 211 120
    181 175 23 152 101 253 101 221 46 36 63 53 44 230 164 217 133 141 17
    188 234 219 17 2 53 217 255 53 91 244 221 215 196 30 4 234 11 223
    175 129 32 247 148 146 97 144 122 182 142 193 162 148 32 84 15 156
    213 93 204 200 82 11 221 162 253 160 78 107 183 253 76 19 36 48 82
    95 139 150 25 51 217 173 65 145 74 253 143 228 175 112 84 232 44 126
    133 122 99 84 247 23 249 55 110 74 244 38 129 8 101 59 158 253 101
    244 4 249 112 97 169 114 230 185 118 32 160 133 171 177 215 122 38
    133 70 240 8 129 25 59 196 190 30 175 214 78 250 107 206 211 164 103
    203 40 196 234 204 95 194 53 59 51 67 101 63 114 158 13 225 179 196
    36 137 238 192 8 36 141 162 82 211 223 126 253 169 46 173 139 70 207
    215 78 228 141 122 122 236 95 126 154 236 169 103 11 8 55 55 91 120
    137 34 139 44 169 4 249 190 74 171 145 188 61 74 70 27 150 131 112
    200 234 145 101 15 105 198 53 89 95 116 251 154 89 21 103 31 53 50
    168 150 36 190 134 191 184 151 191 211 164 9 42 173 116 213 16 18 54
    204 171 198 6 164 125 213 51 89 120 219 103 200 197 71 246 150 101
    56 49 103 124 57 250 91 131 110 150 5 248 39 11 216 237 148 87 220
    77 197 214 137 20 227 78 108 25 203 123 132 70 215 142 168 52 53 135
    29 241 76 27 140 167 127 195 139 251 180 246 201 166 33 237 132 168
    131 249 192 241 190 231 174 4 40 85 164 212 235 100 188 148 97 171
    107 246 117 138 149 248 108 249 34 228 82 237 116 98 179 89 192 196
    195 96 186 236 247 62 123 201 214 37 130 52 163 132 194 196 93 76
    236 167 29 27 115 146 58 196 244 162 132 221 187 13 136 42 130 49
    116 166 81 138 235 183 29 129 9 105 63 250 201 87 132 90 6 141 64
    252 221 114 79 173 185 241 133 207 26 221 76 68 111 213 36 199 222
    162 134 86 139 52 253 87 209 168 82 69 107 127 69 5 226 152 139 91
    104 0 78 36 240 34 146 199 2 187 124 139 24 16 54 102 195 71 129 163
    14 229 231 85 35 22 163 149 145 81 217 151 34 77 210 20 147 73 169
    162 70 155 110 105 153 104 84 136 104 130 163 83 232 214 156 219 253
    56 111 47 162 97 155 208 66 244 176 97 26 62 231 21 252 23 46 31 99
    212 84 39 130 244 11 162 235 189 39 54 174 0 248 125 131 57 73 195
    138 89 126 123 173 39 229 37 95 110 159 236 51 109 9 60 177 6 155 42
    64 181 107 245 157 143 93 1 44 111 209 153 102 85 83 253 186 193 138
    136 130 243 195 208 185 3 57 80 29 53 163 27 207 98 216 169 101 220
    103 68 160 88 216 143 200 227 110 90 143 113 32 196 134 141 17 7 27
    87 148 114 54 153 250 117 83 241 111 248 250 128 135 60 54 173 155
    162 210 231 12 185 56 87 132 82 136 98 32 209 76 20 219 0 76 86 231
    42 225 52 241 0 235 206 216 117 33 221 59 7 176 156 64 68 160 247
    113 189 88 10 198 171 169 191 25 207 208 57 73 149 65 235 59 169 82
    58 20 54 83 240 161 93 164 120 33 9 76 50 30 56 156 10 48 232 245
    227 201 152 127 174 125 93 151 87 206 206 10</data></my_img>
<your_img type_id="opencv-matrix">
  <rows>50</rows>
  <cols>100</cols>
  <dt>u</dt>
  <data>
    128 137 150 72 72 5 81 23 37 219 80 145 133 33 159 206 155 13 211 64
    160 202 3 112 115 76 190 243 13 222 235 193 178 103 165 243 34 102
    106 44 192 179 73 224 207 87 182 170 32 106 132 44 60 111 161 181
    246 216 65 49 93 248 36 200 19 167 36 132 223 62 205 157 181 235 89
    138 137 27 59 32 89 108 213 34 43 228 100 230 163 235 137 244 93 6
    11 168 116 95 233 105 108 224 135 227 24 214 96 176 207 156 31 35
    143 168 218 98 221 52 250 144 250 212 118 230 163 72 29 27 24 14 213
    9 1 234 248 152 237 91 255 211 98 65 48 212 189 82 221 199 176 155
    234 167 209 9 127 219 175 15 6 57 135 180 55 203 5 64 130 231 104
    183 35 200 179 226 105 100 227 59 239 210 99 144 189 199 92 233 38
    89 101 202 24 215 20 188 139 250 42 91 178 76 41 53 132 10 124 180
    47 161 242 174 95 83 101 139 64 92 58 215 33 7 225 52 73 222 96 160
    152 0 253 88 41 91 10 82 222 139 10 179 69 169 176 221 13 216 245 39
    187 127 84 60 145 92 119 198 137 124 165 99 46 158 203 1 184 244 18
    174 58 106 102 156 88 11 40 180 14 106 69 40 23 245 222 194 77 175
    51 149 178 221 186 73 56 130 133 180 119 6 218 65 126 78 91 113 81
    79 201 93 135 241 100 238 239 225 131 236 98 17 132 70 169 230 89
    240 57 196 174 231 201 79 207 13 150 132 21 241 131 112 107 187 31
    152 186 96 40 107 125 29 70 94 251 35 209 141 25 189 69 201 42 198
    134 31 220 96 105 145 238 58 73 131 81 110 58 16 17 21 48 88 49 5
    242 192 69 145 9 54 238 150 162 34 74 149 176 35 132 136 109 61 11
    72 42 93 102 99 201 155 57 91 192 151 89 70 227 146 229 21 36 188
    218 244 171 23 101 105 127 148 159 158 139 241 29 226 236 14 155 28
    16 216 44 60 79 236 251 120 182 31 5 16 214 160 146 46 138 248 31
    122 77 167 124 41 229 133 241 13 191 209 204 229 0 124 163 226 127
    41 46 118 0 58 225 145 72 63 212 132 221 159 241 36 143 54 116 210
    53 167 167 66 241 183 85 186 113 77 109 106 202 230 183 168 252 96
    91 153 243 23 217 166 114 53 73 91 152 105 13 73 187 146 179 83 117
    250 148 73 193 203 106 89 82 25 121 237 88 16 239 198 80 10 25 126
    14 170 9 120 123 139 221 71 240 99 71 233 126 214 201 115 78 170 214
    174 20 248 78 62 229 61 63 249 1 16 7 214 187 161 40 249 99 219 242
    46 230 135 4 61 61 125 86 2 102 76 79 166 154 55 201 207 224 185 136
    111 135 68 214 183 172 228 112 90 157 191 96 85 106 138 159 29 133
    88 172 117 6 81 103 124 153 64 44 21 106 238 100 90 45 71 114 148
    129 214 91 184 142 68 55 76 32 13 86 251 108 11 55 58 15 116 150 142
    20 209 119 1 152 39 245 78 222 40 128 214 32 255 7 248 29 163 217 88
    211 128 69 185 108 238 65 245 237 43 177 184 21 255 24 125 26 14 28
    88 174 203 65 109 116 62 154 177 224 107 7 35 188 157 55 46 79 18 59
    184 42 214 27 248 83 195 64 193 14 38 248 246 148 196 56 71 47 184
    10 177 96 202 177 111 62 231 166 212 250 80 174 133 23 28 32 105 225
    172 114 46 59 10 227 166 175 116 34 51 56 217 59 236 135 45 171 225
    128 181 24 254 223 49 154 73 238 110 203 82 104 182 120 25 21 11 77
    141 59 120 96 116 171 34 206 33 235 191 101 170 148 123 39 224 80 11
    27 81 157 154 245 189 80 29 25 170 44 133 174 218 24 160 189 55 198
    181 85 86 245 83 3 173 64 44 220 223 156 37 253 129 24 98 160 50 148
    64 204 161 209 216 159 248 218 48 110 237 177 97 238 165 248 201 128
    212 45 119 44 150 10 112 148 119 36 248 216 56 34 194 228 69 34 8
    228 86 82 35 58 179 246 61 239 254 118 64 165 182 35 10 163 56 138
    126 252 93 43 120 203 23 3 169 218 86 21 186 182 119 59 167 58 95
    166 90 83 185 188 152 181 182 93 244 255 237 154 128 75 61 195 9 169
    78 174 80 18 222 132 25 89 102 101 153 211 171 68 24 19 79 202 99 73
    81 51 234 177 246 239 167 242 198 113 109 119 114 34 33 4 44 108 68
    96 214 84 222 98 254 172 211 61 254 143 149 71 133 56 253 93 48 66
    228 158 80 175 30 194 21 125 168 10 177 102 49 41 191 170 102 55 28
    249 50 168 245 194 239 235 131 110 141 36 50 63 150 32 126 225 151
    124 68 65 11 182 175 213 96 183 180 161 49 11 255 204 206 120 41 132
    91 109 104 252 125 78 8 61 231 160 45 118 110 231 82 203 177 115 128
    129 18 75 69 199 73 90 238 35 216 164 31 214 131 195 251 151 210 55
    74 34 93 235 141 201 62 141 159 42 47 195 227 187 115 244 169 111
    162 13 102 93 197 58 103 93 43 92 175 133 142 15 242 148 152 212 203
    236 135 219 213 158 41 18 156 171 89 17 50 119 141 9 124 45 73 228
    83 207 228 221 113 37 98 131 96 97 2 55 76 131 236 88 29 161 45 209
    46 38 133 227 7 73 23 189 204 213 184 141 21 64 184 76 40 216 130
    237 44 223 1 27 53 76 134 57 46 249 242 98 237 221 244 227 88 244
    177 45 204 118 168 231 46 151 228 253 98 118 250 25 2 97 66 185 211
    115 21 66 101 138 210 152 217 220 177 8 39 23 251 68 156 114 201 69
    148 117 231 90 60 142 11 184 214 139 204 242 156 38 113 221 181 112
    239 152 198 56 18 44 178 190 3 125 198 63 18 11 99 190 56 48 108 201
    19 231 51 51 47 194 252 83 63 185 47 138 69 65 116 201 93 174 184
    231 121 199 101 185 85 188 171 183 93 73 25 86 181 119 79 125 99 150
    63 169 251 132 124 187 110 191 191 104 111 254 140 66 75 228 129 224
    228 16 59 12 253 138 151 209 69 121 239 221 63 191 213 140 184 109
    42 78 198 61 220 224 2 76 240 4 128 143 70 39 178 174 221 141 90 39
    92 198 185 51 254 29 177 165 5 38 48 155 240 6 125 130 24 39 30 62
    233 61 188 116 110 18 136 165 157 228 206 32 242 32 101 79 136 109 5
    107 196 156 116 5 47 197 11 129 78 68 244 223 101 33 113 235 62 80
    11 129 106 146 4 167 154 48 100 73 159 60 136 248 180 212 169 242
    222 154 120 189 5 58 39 139 97 47 132 31 179 238 17 36 104 210 221
    150 162 92 93 76 88 240 214 18 203 204 157 6 157 8 50 161 228 143 86
    226 236 44 115 54 124 235 111 52 187 210 120 66 12 96 75 19 112 164
    15 111 83 116 48 109 227 60 38 59 93 217 110 28 133 129 97 110 192
    145 231 115 18 211 61 47 167 243 219 46 63 183 183 207 182 218 41 33
    117 177 174 96 141 141 39 120 90 43 227 142 108 140 214 193 248 252
    212 213 234 123 222 253 89 148 42 178 113 190 216 182 239 101 204 76
    68 221 38 107 216 169 220 226 204 88 93 166 148 78 46 239 25 119 236
    32 21 93 255 234 50 76 140 199 242 202 73 229 242 44 177 37 200 233
    51 190 211 204 117 240 120 70 128 90 207 109 76 246 250 228 7 104 6
    173 55 141 220 61 121 201 40 28 99 110 175 38 231 168 157 178 106
    207 21 116 4 234 29 193 58 73 66 13 101 231 189 126 17 71 201 218
    108 100 30 245 123 100 33 73 99 50 126 73 249 53 193 63 7 218 246
    252 196 46 129 5 136 199 234 124 120 41 8 209 159 195 204 71 68 213
    230 141 21 184 110 216 4 55 234 73 49 150 73 158 172 113 240 118 97
    108 199 140 178 115 90 203 6 58 114 90 44 212 27 220 10 227 185 138
    239 49 2 2 44 73 194 223 41 116 236 114 145 46 209 203 106 100 214
    82 236 216 81 106 206 106 123 80 151 58 133 104 206 227 51 253 106
    73 51 249 141 210 3 73 169 35 237 164 97 73 123 234 118 133 84 225
    126 240 157 150 17 181 103 4 2 126 183 185 102 220 15 100 174 159
    196 201 138 108 92 150 20 116 55 189 163 242 177 25 23 76 2 78 248
    129 73 19 37 160 49 35 18 211 164 228 171 254 158 58 145 157 120 239
    182 180 73 227 228 8 95 230 195 60 151 240 172 141 138 146 108 28
    249 102 101 205 45 133 59 168 245 176 19 188 83 249 161 126 51 180
    14 20 252 209 6 252 37 30 231 93 12 128 58 157 188 121 109 150 12 48
    239 36 142 91 206 243 52 225 52 24 227 55 194 93 99 39 48 159 237
    133 46 210 216 231 233 27 249 186 39 228 168 37 152 229 23 172 6 90
    200 34 19 136 68 91 16 163 36 25 170 18 253 39 188 112 76 207 55 135
    105 160 222 135 229 145 128 13 245 107 121 57 206 218 224 41 190 17
    212 55 248 191 193 190 160 84 39 200 78 65 209 31 132 204 204 96 55
    73 156 238 231 192 202 146 148 203 108 221 25 242 161 171 90 89 111
    183 66 210 45 70 169 231 240 212 85 246 14 183 78 211 193 206 125
    181 131 188 121 3 177 195 254 123 206 237 242 55 222 55 98 66 224 92
    45 228 41 237 174 8 19 143 242 83 48 221 184 252 168 127 18 254 89
    150 129 51 254 30 125 80 101 185 75 243 214 160 173 14 49 179 145
    138 34 211 160 41 86 101 185 60 140 228 95 156 145 175 82 199 52 4
    138 146 111 10 252 116 37 190 18 174 115 168 59 96 151 237 75 244 73
    80 198 79 162 158 108 20 79 46 214 184 117 37 8 141 61 202 145 223
    108 118 203 11 86 222 125 238 233 40 248 187 121 183 30 10 140 49
    145 156 147 145 144 193 102 189 248 73 121 210 194 61 10 78 142 102
    252 151 81 62 146 88 154 152 69 187 164 157 38 179 252 154 2 27 201
    133 190 2 32 133 187 163 20 191 255 210 142 201 55 98 40 114 209 157
    32 2 15 21 20 47 92 199 27 246 75 182 96 7 254 62 51 172 164 59 161
    227 175 253 83 51 110 136 93 129 13 140 38 83 79 29 138 33 160 91 76
    15 27 140 117 138 23 166 110 153 40 17 137 116 13 82 158 28 242 222
    30 148 249 191 185 14 213 234 228 14 236 27 118 78 207 206 228 211
    138 131 255 121 242 207 104 65 242 23 121 3 86 10 246 38 107 121 227
    146 196 186 179 98 187 2 160 82 136 12 239 242 124 73 89 34 191 21
    229 193 132 49 88 84 46 191 190 97 212 46 249 25 18 136 213 164 123
    116 113 193 239 93 234 81 25 25 18 165 171 219 88 128 143 21 148 183
    233 0 197 193 116 13 115 209 117 10 213 188 168 157 3 141 145 132
    139 24 253 93 63 148 170 194 116 229 165 2 214 41 164 30 129 38 18
    70 200 159 207 80 88 168 90 172 187 124 38 14 234 24 190 169 244 64
    105 104 95 3 118 28 65 177 8 173 145 18 60 217 107 182 25 79 172 44
    181 253 206 60 126 70 81 79 189 99 185 24 40 70 49 178 167 218 125
    234 247 56 86 25 41 186 148 135 207 237 98 151 55 143 68 80 195 140
    181 172 19 18 235 168 243 10 150 251 52 243 158 209 103 83 4 214 204
    131 5 171 184 145 199 104 119 214 199 217 91 10 217 230 225 81 148
    150 246 46 13 220 124 126 75 32 173 194 113 203 221 187 245 119 9
    179 70 6 207 6 235 172 29 199 20 216 120 136 14 220 120 234 198 166
    152 188 40 164 194 195 204 188 199 200 161 75 217 233 4 110 14 131
    96 55 121 64 38 167 2 76 140 95 165 25 154 234 93 250 162 132 23 187
    84 202 121 183 73 2 236 25 214 51 18 29 24 19 136 90 224 228 36 1
    190 195 143 38 76 86 206 42 150 38 129 2 198 56 228 18 229 231 81 37
    180 198 28 145 201 115 19 92 206 234 173 230 33 243 164 254 47 27 65
    107 123 20 133 32 252 110 133 57 188 193 74 41 251 197 226 138 219
    114 60 40 227 55 237 68 93 123 96 234 8 186 141 46 196 244 16 231
    136 154 240 223 80 189 43 142 250 97 160 173 129 203 47 101 160 60
    17 92 227 82 68 61 182 240 18 39 36 88 78 154 97 81 11 186 76 34 108
    202 238 58 9 55 150 117 152 69 19 27 210 133 136 128 29 188 143 59
    63 126 131 154 105 174 245 217 64 189 218 6 44 197 250 136 129 82
    133 128 193 245 175 96 255 55 18 17 56 163 153 5 204 222 108 185 218
    70 163 175 253 177 207 31 18 178 138 132 203 2 222 160 248 244 40 23
    141 90 95 227 210 2 204 124 234 11 68 28 58 55 211 186 244 45 9 239
    171 71 82 73 239 248 89 210 136 199 66 14 125 89 82 236 207 160 81 2
    8 173 102 225 151 145 24 129 23 55 86 76 245 195 13 152 214 171 11
    83 253 53 13 238 89 209 47 25 32 88 148 39 245 141 76 111 85 197 178
    18 214 96 24 225 1 163 172 242 89 245 6 55 173 143 225 97 12 153 253
    80 236 11 157 145 124 245 98 218 178 33 68 136 102 131 112 99 50 180
    203 106 203 207 211 177 207 132 111 15 178 171 164 252 217 207 216
    69 18 30 63 220 21 156 126 177 125 71 231 52 233 79 248 8 4 69 112
    19 246 255 83 121 201 250 158 154 108 241 81 107 28 126 1 177 197
    135 196 170 129 25 209 118 70 33 33 100 113 183 100 41 28 40 233 114
    84 64 165 195 129 68 151 9 32 68 252 44 30 237 152 158 181 97 163
    138 145 156 93 60 90 124 120 119 228 68 151 169 161 221 184 133 173
    121 10 55 142 148 189 62 66 17 150 58 69 183 85 245 20 49 25 103 214
    225 7 20 166 175 242 93 80 241 9 217 239 123 135 143 133 163 129 218
    32 157 44 233 217 49 224 156 233 207 151 141 30 5 46 128 172 120 135
    157 52 68 38 85 191 8 8 143 48 64 150 31 73 251 195 38 175 179 246
    110 197 141 108 207 7 66 157 93 198 9 31 248 233 93 206 48 209 253
    248 59 214 187 154 84 32 95 42 11 59 96 165 12 59 234 255 220 34 233
    28 123 181 228 245 24 83 145 66 32 230 79 31 114 111 144 0 42 152 40
    220 95 64 82 112 52 73 4 230 59 49 114 255 171 177 191 237 12 3 106
    103 245 79 200 225 252 223 157 159 164 105 17 66 183 2 75 129 4 51
    228 51 206 71 9 151 243 82 194 152 6 6 68 92 112 90 142 237 88 175
    145 148 182 228 85 240 109 113 218 244 105 239 162 62 118 207 250 2
    114 117 151 188 68 245 154 184 201 47 61 40 111 14 135 255 248 94
    241 121 194 184 249 177 40 68 50 101 219 18 95 79 190 248 96 113 138
    221 140 105 41 18 138 123 212 249 204 253 194 229 166 227 133 206
    221 23 219 42 196 69 113 38 82 185 4 217 63 126 50 204 8 58 128 126
    109 11 250 178 182 198 110 164 97 95 20 253 218 213 4 191 36 5 245
    36 14 92 159 16 32 115 86 35 35 84 120 148 159 69 79 30 207 6 182
    137 77 172 27 123 236 233 52 7 147 177 252 103 42 212 179 223 177
    211 82 255 224 138 124 165 138 223 181 219 88 3 234 239 224 243 167
    213 110 164 228 48 131 46 136 50 142 177 171 209 97 238 16 17 31 174
    201 171 231 107 111 9 20 198 88 198 53 51 177 182 104 235 17 104 80
    44 55 95 98 197 101 115 25 210 233 150 65 55 181 145 48 66 65 8 68
    118 220 68 187 101 51 177 14 195 16 247 85 178 93 94 253 64 32 21 55
    121 197 138 153 88 96 84 30 79 65 42 101 96 153 222 199 28 9 225 221
    48 145 7 53 43 17 165 148 196 191 23 165 174 238 40 121 68 129 207
    125 190 47 123 120 81 158 71 44 162 174 73 251 50 225 135 221 243
    213 173 124 70 224 36 244 151 131 121 141 158 75 222 119 174 129 76
    179 13 15 195 138 65 111 131 36 63 218 26 132 115 229 27 116 161 40
    58 178 92 159 50 220 35 129 150 66 100 25 128 68 235 106 32 113 34
    220 131 228 76 233 88 17 192 19 107 65 163 239 123 174 128 28 13 124
    221 135 251 150 18 221 79 152 235 37 112 110 10 66 145 209 207 45 86
    177 118 228 104 12 71 160 40 229 108 12 211 1 125 53 146 60 34 178
    171 196 235 145 28 96 114 209 172 201 63 219 207 29 68 36 189 183
    231 166 144 75 199 147 55 113 76 148 146 91 146 152 129 224 220 49
    55 8 145 104 66 234 166 217 193 126 136 15 202 136 185 181 28 222
    110 40 70 125 168 201 132 252 210 166 96 236 166 236 192 73 213 168
    39 199 115 216 207 84 52 135 248 18 230 42 84 83 145 118 11 95 222 3
    53 206 97 36 110 236 83 246 234 44 186 55 162 154 32 61 120 197 153
    233 194 62 81 143 217 169 125 49 222 141 254 21 73 98 111 119 113 29
    157 79 148 183 237 251 233 23 219 236 222 180 114 139 100 217 21 15
    55 248 154 91 42 106 148 162 237 168 167 68 81 81 218 68 43 210 63
    89 25 224 35 86 201 235 52 37 184 42 136 244 16 177 96 81 161 159 59
    183 212 224 156 108 159 55 63 34 250 71 8 73 62 51 129 193 168 50
    182 37 255 78 178 70 181 111 27 47 202 169 67 69 30 253 177 133 26
    48 100 171 190 119 135 151 197 6 88 93 119 38 178 224 173 21 124 56
    109 58 4 214 86 61 183 246 189 236 186 234 167 76 229 25 238 171 151
    28 82 68 15 93 210 156 9 162 102 161 157 44 243 201 143 223 228 166
    32 132 146 2 238 132 28 71 33 202 49 206 61 174 156 138 38 79 45 85
    113 91 110 20 114 75 19 243 66 206 198 246 182 8 72 142 154 198 134
    198 59 83 240 121 172 200 156 23 171 103 166 225 135 230 45 55 76
    203 214 151 210 185 38 123 47 170 189 185 156 151 73 230 21 196 70
    165 218 210 161 32 143 13 198 143 68 76 156 148 238 156 123 148 143
    29 203 161 115 29 101 165 233 8 65 121 65 101 171 9 204 183 201 200
    11 237 53 100 106 221 41 125 101 15 80 159 187 148 3 141 24 129 161
    166 190 42 142 67 195 62 172 204 38 80 127 54 219 95 202 172 157 47
    251 218 243 96 109 40 39 62 25 23 209 119 121 8 204 154 126 181 8 31
    112 109 200 43 71 75 55 240 75 230 36 100 32 86 200 175 190 255 203
    21 222 170 90 206 177 194 73 141 33 121 109 255 12 174 217 252 92
    194 116 124 133 235 105 207 167 245 96 250 188 44 249 231 214 201 88
    132 39 192 106 206 49 59 200 196 233 199 149 29 132 211 75 190 32
    188 238 202 112 78 125 80 60 174 125 64 80 121 223 6 19 96 13 125 59
    146 126 146 174 195 172 6 246 254 246 143 64 29 68 47 141 46 8 47 93
    180 154 68 219 216 35 2 214 143 188 183 21 153 98 254 91 211 47 30
    63 52 46 222 157 210 139 150 17 182 235 221 19 5 59 231 253 59 92
    249 236 217 201 31 10 238 18 227 184 141 31 248 148 146 97 144 122
    182 142 193 162 148 44 101 27 162 199 103 196 194 81 8 223 164 249
    150 64 102 177 248 65 12 23 45 82 98 151 160 28 60 224 168 65 157 69
    250 136 220 158 103 81 222 38 121 133 140 114 101 244 27 248 65 135
    82 243 30 121 5 97 53 141 254 105 238 2 239 129 107 178 120 229 180
    119 44 159 128 168 172 214 124 46 132 76 248 11 132 23 45 195 192 27
    177 214 78 250 107 206 211 164 103 203 40 191 225 197 112 189 66 69
    61 71 101 62 107 139 8 216 156 178 23 123 218 182 4 28 150 173 85
    207 227 135 252 177 53 169 135 65 198 206 76 222 141 126 120 233 113
    145 159 240 177 135 12 9 62 55 86 115 125 30 123 36 145 2 242 180 73
    177 158 190 69 79 78 43 143 128 106 207 237 138 98 14 108 206 47 93
    102 126 248 153 89 24 116 31 53 50 168 150 36 190 134 191 184 151
    191 211 164 9 42 173 116 213 16 18 54 204 171 198 6 164 125 213 51
    89 120 219 103 200 197 71 246 150 101 56 49 103 124 57 250 91 131
    110 150 5 248 39 11 216 237 148 87 220 77 197 214 137 20 227 78 108
    25 203 123 132 70 215 142 168 52 53 135 29 241 76 27 140 167 127 195
    139 251 180 246 201 166 33 237 132 168 131 249 192 241 190 231 174 4
    40 85 164 212 235 100 188 148 97 171 107 246 117 138 149 248 108 249
    34 228 82 237 116 98 179 89 192 196 195 96 186 236 247 62 123 201
    214 37 130 52 163 132 194 196 93 76 236 167 29 27 115 146 58 196 244
    162 132 221 187 13 136 42 130 49 116 166 81 138 235 183 29 129 9 105
    63 250 201 87 132 90 6 141 64 252 221 114 79 173 185 241 133 207 26
    221 76 68 111 213 36 199 222 162 134 86 139 52 253 87 209 168 82 69
    107 127 69 5 226 152 139 91 104 0 78 36 240 34 146 199 2 187 124 139
    24 16 54 102 195 71 129 163 14 229 231 85 35 22 163 149 145 81 217
    151 34 77 210 20 147 73 169 162 70 155 110 105 153 104 84 136 104
    130 163 83 232 214 156 219 253 56 111 47 162 97 155 208 66 244 176
    97 26 62 231 21 252 23 46 31 99 212 84 39 130 244 11 162 235 189 39
    54 174 0 248 125 131 57 73 195 138 89 126 123 173 39 229 37 95 110
    159 236 51 109 9 60 177 6 155 42 64 181 107 245 157 143 93 1 44 111
    209 153 102 85 83 253 186 193 138 136 130 243 195 208 185 3 57 80 29
    53 163 27 207 98 216 169 101 220 103 68 160 88 216 143 200 227 110
    90 143 113 32 196 134 141 17 7 27 87 148 114 54 153 250 117 83 241
    111 248 250 128 135 60 54 173 155 162 210 231 12 185 56 87 132 82
    136 98 32 209 76 20 219 0 76 86 231 42 225 52 241 0 235 206 216 117
    33 221 59 7 176 156 64 68 160 247 113 189 88 10 198 171 169 191 25
    207 208 57 73 149 65 235 59 169 82 58 20 54 83 240 161 93 164 120 33
    9 76 50 30 56 156 10 48 232 245 227 201 152 127 174 125 93 151 87
    206 206 10</data></your_img>
</opencv_storage>
