<?xml version="1.0"?>
<opencv_storage>
<L2_diff>1.2125180411028943e+02</L2_diff>
<test_hist type_id="opencv-matrix">
  <rows>256</rows>
  <cols>1</cols>
  <dt>f</dt>
  <data>
    3.26004028e+00 4.41372925e+02 7.46640503e+02 8.82948120e+02
    5.42983093e+01 6.50649231e+02 3.05847351e+02 7.77433105e+02
    6.72306885e+02 1.44834839e+02 1.57514648e+01 4.83309143e+02
    8.06481079e+02 8.81954834e+02 5.92533203e+02 7.76420898e+01
    1.22795593e+02 9.78261414e+02 5.96173462e+02 9.40490356e+02
    6.08902344e+02 6.32647034e+02 8.26609192e+02 9.77805054e+02
    6.45335510e+02 9.20501099e+02 4.15135986e+02 1.10337006e+02
    5.23166870e+02 3.19478455e+02 8.37884827e+02 2.15116821e+02
    5.28988831e+02 1.22370178e+02 7.82677002e+01 9.85508423e+02
    5.83825989e+01 2.65404633e+02 1.49413696e+02 9.09174194e+01
    1.59772949e+01 2.44183395e+02 3.56727020e+02 8.69920288e+02
    2.58383484e+02 3.09386475e+02 6.19486816e+02 5.49782593e+02
    5.05144135e+02 8.18995544e+02 2.39111664e+02 9.77495117e+01
    9.05039917e+02 9.63964844e+02 7.52724731e+02 6.14751831e+02
    1.53674072e+02 7.94015503e+02 4.98643127e+02 2.72040222e+02
    3.88242920e+02 1.81177368e+01 3.62622009e+02 3.67244568e+02
    1.81645721e+02 3.43755981e+02 1.18741364e+02 9.32987366e+01
    2.52933350e+01 5.85851685e+02 1.34461365e+01 1.44283936e+02
    6.43009460e+02 2.05949951e+02 9.67865601e+02 2.15750977e+02
    3.18612610e+02 7.06905151e+02 5.87447754e+02 7.99274048e+02
    1.99195801e+02 5.14384521e+02 5.74728394e+02 4.59626038e+02
    4.65551910e+02 8.13040771e+02 9.60039124e+02 2.56935120e+01
    5.41256165e+02 3.11468018e+02 9.05167786e+02 8.61240295e+02
    7.36302673e+02 2.59474609e+02 6.82908325e+02 5.59411438e+02
    9.05972900e+01 7.70883850e+02 8.50554443e+02 2.94586334e+02
    5.79364990e+02 4.64413330e+02 7.52459595e+02 8.11717957e+02
    9.87826904e+02 6.23071106e+02 1.71909271e+02 2.56707825e+02
    8.02276489e+02 5.71609192e+02 5.65577881e+02 8.72276428e+02
    9.18489624e+02 8.57150513e+02 9.09172974e+02 2.12109833e+02
    5.39909363e+02 1.00291016e+02 1.29044464e+02 5.67759399e+02
    4.45754211e+02 7.46023682e+02 1.83810913e+02 6.92922363e+02
    3.98679565e+02 1.05709961e+02 7.57331421e+02 2.12856384e+02
    3.85434875e+01 4.68437500e+01 2.59454468e+02 2.93566803e+02
    9.66149048e+02 6.80047058e+02 9.42009338e+02 4.76836060e+02
    9.56777893e+02 6.95125366e+02 2.38786835e+02 9.27580322e+02
    5.76869629e+02 1.58899170e+02 9.10815796e+02 3.57527252e+02
    6.46657898e+02 5.30036743e+02 8.33163574e+02 7.25452148e+02
    1.55628204e+02 1.43650970e+02 3.43286804e+02 6.63726257e+02
    5.49867798e+02 1.36617340e+02 4.03221741e+01 8.84907532e+01
    5.00742798e+01 5.23331055e+02 3.19870544e+02 5.53896484e+02
    7.86898926e+02 4.76805145e+02 3.91571228e+02 9.02619324e+02
    7.34660828e+02 2.28112335e+02 9.14014038e+02 9.84620605e+02
    2.47091110e+02 4.53367310e+02 5.45121033e+02 6.82473022e+02
    8.61367798e+01 2.83063232e+02 3.61075317e+02 4.30047943e+02
    8.14695435e+01 6.41580933e+02 3.42571838e+02 9.47255249e+01
    2.56608185e+02 8.57064819e+02 7.88102539e+02 3.32777618e+02
    9.42693481e+01 9.91858154e+02 8.25957031e+02 9.71710510e+01
    4.32904358e+01 7.72211304e+02 7.00074097e+02 1.31685791e+02
    2.72251953e+02 2.54696228e+02 1.18855255e+02 6.35603882e+02
    4.40369110e+02 7.48095764e+02 3.60924683e+01 3.14197144e+02
    9.60800781e+02 8.95794922e+02 3.17413330e-01 4.13208069e+02
    1.14294128e+01 5.34047791e+02 5.78718689e+02 8.87695801e+02
    4.27057922e+02 1.89526093e+02 4.37366913e+02 7.33272095e+02
    4.93728210e+02 9.26952026e+02 3.03999207e+02 7.70830322e+02
    8.85256226e+02 5.43776978e+02 2.20294617e+02 9.24785645e+02
    4.01038544e+02 2.47207336e+02 5.36112793e+02 2.03876221e+02
    3.15358032e+02 8.42553772e+02 4.81531708e+02 1.47282257e+02
    5.53901062e+02 9.85276062e+02 7.14840881e+02 6.28991638e+02
    9.34441650e+02 8.38170837e+02 1.55199036e+02 3.76736511e+02
    8.79651489e+02 6.10362366e+02 5.39504761e+02 8.90044373e+02
    9.15588013e+02 8.26017578e+02 9.80861206e+02 7.32134033e+02
    1.66238098e+01 7.25895081e+02 4.98683655e+02 7.28773621e+02
    4.06037170e+02 1.09706421e+01 1.69918335e+02 2.20625793e+02
    4.34608765e+01 2.83057434e+02 7.56919800e+02 6.06633667e+02</data></test_hist>
<my_lkt type_id="opencv-matrix">
  <rows>256</rows>
  <cols>1</cols>
  <dt>u</dt>
  <data>
    0 1 2 4 4 6 6 8 9 10 10 11 12 14 15 16 16 18 19 21 22 24 25 27 29 31
    32 32 33 34 35 36 37 37 37 39 39 40 40 40 40 41 42 43 44 45 46 47 48
    50 50 51 52 54 56 57 58 59 60 61 62 62 62 63 64 64 65 65 65 66 66 66
    68 68 70 71 71 73 74 76 76 77 78 79 80 82 84 84 85 86 87 89 91 91 93
    94 94 96 97 98 99 100 102 103 106 107 107 108 109 111 112 114 115
    117 119 120 121 121 121 122 123 125 125 127 127 128 129 130 130 130
    130 131 133 134 136 137 139 140 141 143 144 144 146 147 148 149 151
    152 152 153 153 155 156 156 156 156 156 157 158 159 161 161 162 164
    165 166 168 170 170 171 172 173 174 174 175 176 176 177 178 178 179
    180 182 182 183 185 186 186 186 188 189 190 190 191 191 192 193 195
    195 195 197 199 199 200 200 201 202 204 204 205 206 207 208 210 211
    212 214 215 215 217 218 218 219 220 221 222 223 223 224 226 228 229
    231 233 233 234 235 237 238 239 241 243 245 246 246 248 249 250 251
    251 251 252 252 252 254 255</data></my_lkt>
<your_lkt type_id="opencv-matrix">
  <rows>256</rows>
  <cols>1</cols>
  <dt>u</dt>
  <data>
    1 1 2 3 3 4 5 6 8 9 9 10 11 12 12 13 14 14 16 17 18 18 20 22 23 25
    26 26 27 29 30 32 34 34 35 36 38 40 41 43 45 45 45 46 48 48 49 50 51
    53 54 56 56 57 59 59 60 61 63 64 66 68 69 71 72 73 75 76 78 78 80 81
    83 84 86 86 86 87 88 89 90 92 92 94 95 96 96 97 98 98 99 100 101 103
    104 106 106 106 107 109 109 111 111 112 114 114 115 117 117 118 120
    120 122 122 124 126 126 126 128 129 129 129 130 131 132 133 134 135
    137 137 139 140 141 143 144 146 147 148 150 150 151 151 152 154 154
    156 157 157 157 159 160 162 163 165 165 167 168 169 171 172 172 173
    173 174 175 177 177 178 178 180 180 181 183 183 184 185 185 187 187
    188 189 189 190 191 191 193 194 194 194 194 195 197 197 198 199 201
    201 203 203 204 205 206 207 208 208 209 210 212 212 213 214 215 215
    216 216 216 216 218 219 219 220 220 221 222 222 222 224 225 226 227
    229 230 231 233 235 236 236 236 237 238 238 239 240 241 241 243 244
    246 246 247 248 249 250 251 253 255</data></your_lkt>
</opencv_storage>
