<?xml version="1.0"?>
<opencv_storage>
<L2_diff>1.9441445419515494e+03</L2_diff>
<test_hist type_id="opencv-matrix">
  <rows>256</rows>
  <cols>1</cols>
  <dt>f</dt>
  <data>
    3.11380005e+00 6.20478210e+01 3.73389587e+01 8.42532593e+02
    9.51446655e+02 3.93620941e+02 5.48889709e+02 6.18634705e+02
    6.31099548e+02 6.03424622e+02 4.32228119e+02 9.34380005e+02
    7.78583984e+02 8.23173828e+02 3.69468842e+02 5.63338623e+02
    8.29910583e+02 7.99551636e+02 4.37791718e+02 2.48348389e+02
    8.98915039e+02 3.82440247e+02 7.52385498e+02 8.34116211e+02
    7.98239807e+02 2.66895355e+02 8.01516113e+02 3.02883545e+02
    8.30025757e+02 4.02418518e+01 6.85910645e+02 4.53229126e+02
    1.40132324e+02 7.97522949e+02 5.29871521e+02 8.64095337e+02
    3.43415802e+02 9.08958618e+02 1.42773865e+02 8.66883789e+02
    3.45660706e+01 3.65066833e+02 7.27199219e+02 1.57350220e+02
    9.71632019e+02 9.63041321e+02 9.71044800e+02 4.32391235e+02
    2.55533905e+02 5.37630798e+02 2.44843842e+02 8.53496399e+01
    5.01643219e+02 5.28526794e+02 9.99476196e+02 5.11315582e+02
    7.55788879e+02 2.30936066e+02 5.50213745e+02 3.28293030e+02
    3.14870911e+02 7.75678284e+02 9.40577026e+02 8.94111694e+02
    7.38260620e+02 6.83851624e+02 1.29014587e+01 5.62566345e+02
    2.05361053e+02 3.07859192e+02 3.63711792e+02 6.40758850e+02
    2.87851471e+02 5.38672668e+02 3.74698029e+02 7.37710510e+02
    3.36762482e+02 1.29658081e+02 9.88369141e+01 9.20203369e+02
    9.70571411e+02 5.16529419e+02 1.47860931e+02 5.85123291e+02
    4.28562683e+02 1.41735962e+02 5.81211121e+02 8.12106934e+02
    2.03241882e+02 4.78760284e+02 6.11607300e+02 7.84165710e+02
    5.44475830e+02 8.93478149e+02 3.81275818e+02 7.82095825e+02
    1.46689453e+01 7.22650757e+01 9.62344238e+02 7.84796509e+02
    9.26558350e+02 9.09182312e+02 7.57047852e+02 5.28181763e+02
    3.47189819e+02 3.72563782e+02 7.15088196e+02 9.54162292e+02
    7.64628418e+02 9.78701477e+01 5.05192841e+02 9.46570679e+02
    6.83677612e+02 9.06242065e+02 5.62885498e+02 5.73619141e+02
    3.97876892e+02 4.05095398e+02 6.52092346e+02 1.41986755e+02
    9.30313232e+02 5.95994263e+02 6.51360168e+02 2.60504333e+02
    1.04805878e+02 1.91472626e+02 4.65084991e+02 6.65624573e+02
    9.38033752e+02 1.87334839e+02 6.56124878e+02 2.14836853e+02
    8.36731689e+02 4.91055450e+02 1.70987396e+02 5.47148621e+02
    3.71814209e+02 6.35260864e+02 7.26433594e+02 9.34239502e+02
    6.70286499e+02 7.24561096e+02 9.13102173e+02 8.43518555e+02
    6.16131348e+02 5.71464233e+02 1.80177063e+02 5.55425049e+02
    8.11232422e+02 8.65934692e+02 8.54254761e+02 6.47167419e+02
    9.62931763e+02 3.19554871e+02 2.70097961e+01 2.06597931e+02
    8.10894348e+02 4.47417175e+02 5.21074036e+02 5.59750000e+02
    5.74137451e+02 7.46647522e+02 6.80648804e+02 9.06276306e+02
    3.58766541e+02 5.41216553e+02 9.81826965e+02 8.51462769e+02
    2.40420319e+02 9.65826294e+02 3.87365906e+02 8.85663818e+02
    4.72373383e+02 5.89844727e+02 4.57129425e+02 2.47170105e+01
    6.92161438e+02 3.51023865e+02 7.17687012e+02 8.79871216e+02
    4.01581543e+02 8.82891357e+02 7.22540894e+02 1.35666748e+02
    7.05926025e+02 3.33034424e+02 4.87467285e+02 3.83062744e+02
    5.20693115e+02 2.94264526e+02 6.19973694e+02 2.51705582e+02
    9.01850281e+01 4.86117371e+02 9.34048401e+02 6.14390564e+02
    8.37401367e+02 7.49919373e+02 1.37971405e+02 3.19929993e+02
    1.33206238e+02 7.85488525e+02 7.86571106e+02 3.33654541e+02
    1.00644470e+02 2.27152802e+02 4.82851257e+01 9.96696777e+02
    7.12916260e+01 9.70428345e+02 6.84336548e+02 2.00942505e+02
    8.90420105e+02 6.41066895e+02 5.41538086e+02 1.68541016e+02
    1.11186462e+02 1.76293060e+02 2.17367401e+02 8.36616699e+02
    9.81321655e+02 3.10414703e+02 4.77251556e+02 6.47503052e+01
    3.01296326e+02 1.59070465e+02 9.27149658e+02 3.98265808e+02
    6.68284912e+01 8.26444275e+02 6.09007629e+02 1.61161041e+02
    5.40429077e+02 7.36220459e+02 1.65348053e+02 8.05118469e+02
    2.87134949e+02 5.09298370e+02 7.94108582e+02 1.76492676e+02
    8.34759583e+02 5.88970459e+02 2.11443024e+02 2.97168274e+01
    9.39233948e+02 2.83049438e+02 8.69124329e+02 1.54075806e+02
    1.79523315e+01 2.12126129e+02 3.64684998e+02 1.96878723e+02
    9.39763672e+02 4.87860046e+02 5.32056763e+02 3.80214020e+02</data></test_hist>
<my_lkt type_id="opencv-matrix">
  <rows>256</rows>
  <cols>1</cols>
  <dt>u</dt>
  <data>
    0 0 0 2 3 4 5 6 7 9 9 11 12 14 15 16 17 19 19 20 21 22 23 25 26 27
    28 29 30 30 32 33 33 34 35 37 37 39 39 41 41 42 43 43 45 47 48 49 50
    51 51 51 52 53 55 56 57 58 59 59 60 61 63 65 66 67 67 68 69 69 70 71
    71 72 73 74 75 75 75 77 79 80 80 81 82 82 83 85 85 86 87 89 90 91 92
    93 93 93 95 97 98 100 101 102 103 104 105 107 108 108 109 111 112
    114 115 116 116 117 118 119 120 121 123 123 123 124 124 126 128 128
    129 130 131 132 133 134 134 136 137 139 140 142 143 145 146 147 148
    149 150 152 154 155 157 157 158 158 159 160 161 162 164 165 166 168
    169 170 172 173 174 176 177 178 179 180 181 181 183 183 185 186 187
    189 190 191 192 193 194 194 195 196 197 198 198 199 201 202 203 205
    205 206 206 208 209 210 210 210 210 212 213 214 216 216 218 219 220
    221 221 221 222 223 225 226 227 227 227 228 229 230 230 232 233 233
    235 236 236 238 238 239 241 241 243 244 244 245 246 247 249 249 249
    249 250 250 252 253 254 255</data></my_lkt>
<your_lkt type_id="opencv-matrix">
  <rows>256</rows>
  <cols>1</cols>
  <dt>u</dt>
  <data>
    0 0 0 2 5 6 7 9 10 12 13 15 17 19 20 22 24 26 27 28 30 31 33 35 37
    38 40 41 43 43 44 46 46 48 49 52 52 55 55 57 57 58 60 61 63 65 68 69
    70 71 72 72 73 74 77 78 80 81 82 83 84 86 88 90 92 94 94 96 96 97 98
    99 100 102 102 104 105 106 106 108 111 112 112 114 115 115 117 119
    119 120 122 124 125 128 129 131 131 131 133 135 138 140 142 143 144
    145 147 149 151 151 153 155 157 159 161 162 163 164 166 166 168 170
    172 172 173 173 174 176 178 179 180 181 183 184 185 186 187 189 191
    193 195 197 199 201 203 204 204 206 208 210 212 214 216 217 217 218
    220 221 222 224 225 227 229 231 232 233 236 238 239 241 242 244 246
    247 248 248 250 251 253 255 0 0 223 0 0 0 0 0 0 0 0 0 0 0 0 0 0 0 0
    0 0 0 253 0 0 0 0 0 0 0 0 0 0 0 0 0 0 0 0 0 0 167 0 0 0 0 0 0 0 0 0
    0 0 0 206 251 0 0 0 0 1 110 0 0 0 0 0 0 0 0 0 20 0 0 0 0</data></your_lkt>
</opencv_storage>
