<?xml version="1.0"?>
<opencv_storage>
<L2_diff>7.6072333998635798e+01</L2_diff>
<test_hist type_id="opencv-matrix">
  <rows>256</rows>
  <cols>1</cols>
  <dt>f</dt>
  <data>
    2.99392212e+02 6.04319702e+02 7.57068359e+02 8.64237122e+02
    1.32090088e+02 4.52740112e+02 8.87211426e+02 9.02877930e+02
    4.78384491e+02 6.55552246e+02 1.19556274e+02 4.70389191e+02
    3.84448395e+02 5.49836914e+02 3.60155029e+02 1.17611694e+00
    3.18229645e+02 9.99646362e+02 1.00437500e+02 2.16813293e+02
    5.40764587e+02 5.56538452e+02 3.63106140e+02 4.52370911e+02
    2.95325134e+02 3.45640076e+02 9.30442383e+02 1.12515411e+02
    3.02800201e+02 4.04300232e+01 8.95147583e+02 7.25544861e+02
    7.57600708e+02 6.44572021e+02 4.14338684e+01 5.49633789e+01
    9.14326538e+02 6.15208557e+02 4.93254791e+02 1.18503906e+02
    4.47642181e+02 6.20967468e+02 2.57787048e+02 9.24354004e+02
    4.42326385e+02 7.87128845e+02 5.11965942e+01 4.47572174e+02
    3.19038696e+02 1.18171387e+02 4.60165710e+01 3.48163574e+02
    7.21165039e+02 4.20236206e+02 9.06488037e+00 5.96945679e+02
    2.78118286e+01 9.45853149e+02 9.52571411e+01 2.92214966e+02
    5.47579346e+02 2.91183289e+02 2.57752869e+02 8.73650269e+02
    3.02790100e+02 5.97494263e+02 1.15888947e+02 9.80764465e+01
    5.95960205e+02 3.64123535e+00 1.45166382e+02 5.46824524e+02
    1.77804016e+02 7.84424072e+02 4.01824890e+02 5.17813477e+02
    8.12024963e+02 1.38509705e+02 4.11759308e+02 1.32342224e+02
    9.57008911e+02 5.87377502e+02 1.14881012e+02 5.24348511e+02
    4.83344025e+02 3.03334747e+02 8.00234314e+02 7.77790161e+02
    6.08297668e+02 5.24495667e+02 1.16115509e+02 3.37279999e+02
    9.92944092e+02 2.17341003e+01 9.43685303e+02 4.77418427e+02
    5.46786377e+02 5.74567322e+02 1.31988678e+02 5.36878174e+02
    8.29779541e+02 8.98231262e+02 9.08620361e+02 7.12969971e+00
    8.98406982e+02 8.32770081e+01 3.80573608e+02 4.15897491e+02
    4.83733521e+01 9.67518555e+02 7.45088562e+02 1.66206787e+02
    2.99392212e+02 6.04319702e+02 7.57068359e+02 8.64237122e+02
    1.32090088e+02 4.52740112e+02 8.87211426e+02 9.02877930e+02
    4.78384491e+02 6.55552246e+02 1.19556274e+02 4.70389191e+02
    3.84448395e+02 5.49836914e+02 3.60155029e+02 1.17611694e+00
    3.18229645e+02 9.99646362e+02 1.00437500e+02 2.16813293e+02
    5.40764587e+02 5.56538452e+02 3.63106140e+02 4.52370911e+02
    2.95325134e+02 3.45640076e+02 9.30442383e+02 1.12515411e+02
    3.02800201e+02 4.04300232e+01 8.95147583e+02 7.25544861e+02
    7.57600708e+02 6.44572021e+02 4.14338684e+01 5.49633789e+01
    9.14326538e+02 6.15208557e+02 4.93254791e+02 1.18503906e+02
    4.47642181e+02 6.20967468e+02 2.57787048e+02 9.24354004e+02
    4.42326385e+02 7.87128845e+02 5.11965942e+01 4.47572174e+02
    3.19038696e+02 1.18171387e+02 4.60165710e+01 3.48163574e+02
    7.21165039e+02 4.20236206e+02 9.06488037e+00 5.96945679e+02
    2.78118286e+01 9.45853149e+02 9.52571411e+01 2.92214966e+02
    5.47579346e+02 2.91183289e+02 2.57752869e+02 8.73650269e+02
    3.02790100e+02 5.97494263e+02 3.56260071e+02 1.40112762e+02
    2.13845032e+02 5.23487488e+02 1.64498108e+02 3.89952271e+02
    4.27559692e+02 8.96050293e+02 1.05775177e+02 3.00502258e+02
    2.71715210e+02 1.59639313e+02 1.89671875e+02 4.26785217e+02
    2.66346008e+02 1.17594391e+02 1.45892975e+02 2.06130219e+02
    2.14273773e+02 5.50129578e+02 6.36028809e+02 5.25590027e+02
    6.54710388e+02 6.89294434e+02 4.94174042e+02 3.01895996e+02
    6.05919922e+02 6.40660278e+02 1.57293091e+01 4.03501587e+02
    7.21737488e+02 4.73329163e+02 7.78518494e+02 7.48094360e+02
    3.31302002e+02 8.57062988e+02 6.43697205e+02 4.32804291e+02
    8.47806091e+01 7.39401978e+02 6.78867065e+02 6.14736267e+02
    6.98751343e+02 5.85147949e+02 7.88859253e+01 7.74010010e+02
    9.81532837e+02 3.04790833e+02 5.99760254e+02 2.84321503e+02
    7.58648071e+01 5.30395874e+02 3.15563385e+02 3.11711395e+02
    2.36098663e+02 8.12729919e+02 6.87611938e+02 2.22805023e+02
    8.99537964e+02 4.06943359e+02 3.36787720e+01 7.64693481e+02
    9.46599731e+02 6.95292480e+02 7.20546753e+02 6.21080750e+02
    8.24455994e+02 2.08907043e+02 8.04587830e+02 6.62102173e+02
    4.45456390e+02 5.86444275e+02 7.48736877e+02 9.30231934e+02
    6.02610413e+02 8.64426758e+02 4.60957336e+02 4.58306396e+02</data></test_hist>
<my_lkt type_id="opencv-matrix">
  <rows>256</rows>
  <cols>1</cols>
  <dt>u</dt>
  <data>
    2 3 4 5 7 9 10 12 13 14 15 16 16 17 18 19 19 21 22 23 25 26 26 26 26
    26 28 28 29 30 30 32 33 34 34 36 38 39 40 41 42 44 44 46 47 47 48 49
    50 52 53 53 55 55 57 57 59 60 61 62 63 63 63 64 65 66 67 67 68 68 68
    69 70 71 72 73 75 75 76 76 78 79 80 81 82 82 84 85 87 88 88 89 91 91
    93 94 95 96 96 97 99 101 102 102 104 104 105 106 106 108 110 110 110
    112 113 115 115 116 118 120 121 122 122 123 124 125 126 126 127 129
    129 129 131 132 133 134 134 135 137 137 138 138 140 141 143 144 145
    145 147 148 149 149 150 152 152 154 155 157 157 158 159 159 159 160
    161 162 162 163 163 165 166 166 168 168 169 171 171 173 173 174 174
    175 176 176 177 179 179 180 181 181 181 182 183 183 183 184 184 186
    187 188 189 191 192 193 194 195 195 196 198 199 201 202 203 205 206
    207 207 209 210 212 213 214 214 216 218 219 220 221 221 222 223 223
    224 226 227 228 230 231 231 232 234 236 237 239 240 241 243 244 245
    246 248 250 251 253 254 255</data></my_lkt>
<your_lkt type_id="opencv-matrix">
  <rows>256</rows>
  <cols>1</cols>
  <dt>u</dt>
  <data>
    1 2 4 4 5 6 6 7 8 9 11 11 13 14 14 15 15 17 18 18 19 20 21 22 24 25
    25 25 26 26 27 29 31 32 33 34 35 35 35 36 37 38 39 40 41 42 42 44 44
    45 46 47 48 49 50 51 53 55 57 57 57 57 58 58 59 60 62 63 65 67 67 68
    70 70 72 73 74 75 75 77 77 78 80 80 80 81 82 82 84 86 86 87 89 90 91
    91 92 92 94 95 97 97 98 99 100 101 101 101 102 103 103 105 106 107
    107 108 109 110 110 111 113 115 117 118 118 120 120 120 121 123 123
    124 125 125 126 128 129 129 131 133 133 134 135 136 137 138 139 140
    141 141 142 144 144 146 148 148 148 149 149 151 152 153 154 155 156
    156 157 158 160 161 162 164 165 166 167 169 170 171 173 174 175 177
    178 179 180 180 182 183 184 185 186 186 187 187 188 189 191 192 192
    193 195 195 196 198 199 201 203 204 205 207 208 208 210 211 213 213
    214 215 216 216 217 219 219 220 221 223 224 225 227 227 227 229 231
    231 232 234 235 236 238 239 240 242 242 244 245 247 247 247 248 248
    250 251 251 253 254 255</data></your_lkt>
</opencv_storage>
