<?xml version="1.0"?>
<opencv_storage>
<L2_diff>4.7095647357266465e+01</L2_diff>
<test_hist type_id="opencv-matrix">
  <rows>256</rows>
  <cols>1</cols>
  <dt>f</dt>
  <data>
    4.01546746e-01 4.03612733e-01 4.05092359e-01 4.06850368e-01
    4.10990328e-01 4.17602688e-01 4.24017459e-01 4.30854887e-01
    4.31264251e-01 4.33626950e-01 4.39531505e-01 4.46853787e-01
    4.52900350e-01 4.56730485e-01 4.58788544e-01 4.61688280e-01
    4.68449384e-01 4.70647454e-01 4.74868774e-01 4.78630215e-01
    4.80081797e-01 4.88072485e-01 4.91271108e-01 4.96707857e-01
    5.04179597e-01 5.06567061e-01 5.13859928e-01 5.17627716e-01
    5.24097502e-01 5.30995190e-01 5.36136866e-01 5.41275740e-01
    5.45394480e-01 5.52228570e-01 5.57961524e-01 5.60558498e-01
    5.68455279e-01 5.75699985e-01 5.77187896e-01 5.78455329e-01
    5.82168043e-01 5.84110320e-01 5.89500308e-01 5.91243029e-01
    5.91956794e-01 5.95881581e-01 6.00175440e-01 6.08093560e-01
    6.12460554e-01 6.19183481e-01 6.19992614e-01 6.27345562e-01
    6.34602189e-01 6.40148163e-01 6.42457187e-01 6.45591259e-01
    6.45656288e-01 6.47123516e-01 6.53566003e-01 6.54018581e-01
    6.54058933e-01 6.60031438e-01 6.67910516e-01 6.73375964e-01
    6.76945746e-01 6.80051744e-01 6.83179557e-01 6.83759570e-01
    6.90294683e-01 6.92745209e-01 6.94958210e-01 3.51462067e+02
    8.93418091e+02 5.20124146e+02 1.53493561e+02 1.03826294e+02
    6.41521362e+02 4.65807068e+02 1.05415680e+02 5.15167969e+02
    4.90659424e+02 8.61946899e+02 1.46130371e+02 8.96259521e+02
    3.83212799e+02 6.56284607e+02 3.80436523e+02 5.10413391e+02
    4.06727661e+02 3.62653748e+02 2.89567200e+02 5.20046082e+02
    2.08762421e+02 8.16409241e+02 6.71044312e+02 5.21795044e+01
    5.25263123e+02 4.97455811e+02 7.20500488e+02 5.28040222e+02
    3.99784851e+01 1.39215424e+02 6.29617920e+01 3.07263733e+02
    5.88108093e+02 4.72401917e+02 1.45005310e+02 7.00226074e+02
    1.28784424e+02 3.03969116e+02 5.03419250e+02 5.05239319e+02
    5.91507812e+02 2.52278717e+02 1.80678406e+02 2.14669250e+02
    5.05530212e+02 8.07437134e+02 7.83309937e+02 8.34918457e+02
    4.99889832e+01 2.88509674e+02 7.21008301e+02 8.94125244e+02
    7.38346680e+02 4.67698334e+02 2.51311142e+02 3.54088257e+02
    8.25600098e+02 2.68408691e+02 5.15467407e+02 4.59309967e+02
    1.77253174e+02 9.75743713e+02 3.90584290e+02 6.63882263e+02
    9.12375854e+02 2.91534119e+02 8.90530640e+02 4.60086456e+02
    7.90028320e+02 8.42280640e+02 6.27852234e+02 6.27505920e+02
    5.02942505e+02 8.34513550e+02 7.00050049e+02 3.17119385e+02
    9.64278687e+02 8.84656250e+02 1.81685547e+02 1.54767975e+02
    4.53356781e+02 2.37174011e+02 6.58169739e+02 2.12805756e+02
    8.71584778e+01 4.79253540e+02 5.24321777e+02 9.66883972e+02
    5.33257935e+02 8.20936523e+02 9.88059387e+01 8.97866821e+02
    8.86106384e+02 6.77218872e+02 2.81959015e+02 3.82698975e+02
    7.93856812e+00 1.79162415e+02 7.86695312e+02 5.52636108e+01
    4.93072510e+00 7.29304993e+02 9.62116272e+02 6.67390259e+02
    4.35909271e+02 3.79275513e+02 3.81940338e+02 7.08233948e+01
    7.98001465e+02 2.99234558e+02 2.70227936e+02 4.65052368e+02
    5.41669495e+02 9.06909302e+02 7.57786011e+02 5.92665588e+02
    6.76551514e+02 3.30349915e+02 3.37316833e+02 6.43183350e+02
    6.33219055e+02 8.19880981e+02 8.72865967e+02 1.67917725e+02
    5.30845459e+02 8.57492981e+01 4.86425140e+02 3.80095551e+02
    2.53931747e+02 5.62600403e+02 7.95252075e+02 3.50430969e+02
    9.52958618e+02 8.51700439e+02 4.80293274e+01 2.78164185e+02
    1.76075104e+02 8.26693848e+02 2.89532288e+02 2.49375610e+01
    9.43898682e+02 3.07740784e+01 6.34112366e+02 8.98612671e+02
    7.46709412e+02 2.52183014e+02 9.23205872e+02 9.56418152e+01
    4.31832794e+02 5.06222839e+01 1.53970062e+02 7.91997925e+02
    5.27070862e+02 4.61160034e+02 9.31492920e+02 1.41602356e+02
    7.60887390e+02 3.56604034e+02 1.66252014e+02 8.26562134e+02
    9.86394653e+01 8.27176147e+02 5.59947021e+02 9.03890869e+02
    9.90776123e+02 8.05823853e+02 3.87671814e+01 8.23394775e+02
    6.79086304e+02 1.14705994e+02 4.60063599e+02 6.55898438e+02
    5.29219177e+02 4.19863281e+02 6.50842407e+02 8.48548584e+02
    2.85991455e+02 3.43657104e+02 1.72078857e+02 6.32527893e+02
    9.24543457e+02 1.18260590e+02 1.12115570e+02 4.88916443e+02</data></test_hist>
<my_lkt type_id="opencv-matrix">
  <rows>256</rows>
  <cols>1</cols>
  <dt>u</dt>
  <data>
    1 2 4 5 6 8 8 10 11 12 13 15 15 15 16 16 17 17 18 18 20 21 22 22 22
    24 26 27 27 29 29 31 31 32 33 33 34 36 36 36 38 38 39 40 42 42 44 44
    45 47 47 48 50 52 53 53 54 56 57 58 58 59 60 61 61 61 63 65 66 67 68
    69 71 72 72 73 74 75 75 76 78 79 80 82 83 84 85 86 87 88 88 90 90 92
    93 93 95 96 97 98 98 99 99 100 101 102 102 104 104 105 106 107 108
    109 109 110 111 113 114 116 116 117 119 121 122 123 124 125 126 127
    128 129 129 132 133 134 136 137 138 139 141 142 144 145 146 148 149
    150 151 153 154 154 155 155 156 157 157 158 159 161 162 164 164 166
    167 169 169 170 170 170 172 172 172 173 175 177 177 178 179 179 181
    181 182 183 184 186 187 188 190 190 191 192 193 195 197 197 198 198
    199 200 200 202 203 204 206 207 207 208 208 210 211 211 212 212 214
    215 217 217 219 219 220 220 221 222 223 224 226 226 228 229 229 230
    231 232 233 235 237 239 239 240 242 242 243 244 245 246 247 249 250
    250 251 252 254 254 254 255</data></my_lkt>
<your_lkt type_id="opencv-matrix">
  <rows>256</rows>
  <cols>1</cols>
  <dt>u</dt>
  <data>
    1 2 3 5 6 6 7 8 9 9 10 10 10 12 12 14 15 16 16 17 19 19 20 21 22 24
    24 26 27 29 30 31 32 34 35 36 38 38 38 39 39 41 43 43 43 44 45 47 48
    49 50 51 52 52 52 53 55 56 57 57 58 58 58 60 61 63 65 65 65 65 66 67
    69 70 72 73 74 76 76 77 78 78 79 79 81 82 84 84 86 86 87 89 89 90 92
    93 95 96 96 97 99 99 99 100 101 102 102 104 105 106 107 109 110 111
    113 114 115 117 118 119 120 122 123 124 124 125 126 128 128 129 130
    131 131 133 135 136 137 138 139 141 142 142 144 144 144 145 145 147
    148 150 152 152 152 154 155 156 157 158 158 159 159 159 159 159 161
    162 163 164 165 167 168 169 171 172 172 173 173 175 175 176 177 179
    180 182 183 184 184 185 186 187 188 188 190 192 193 194 195 195 195
    195 197 198 198 199 199 199 200 200 201 201 203 205 206 206 207 209
    211 211 212 214 215 217 218 219 220 222 222 224 225 227 228 230 231
    231 233 235 236 238 239 240 240 241 242 243 244 246 246 248 249 250
    251 251 252 253 254 255</data></your_lkt>
</opencv_storage>
