<?xml version="1.0"?>
<opencv_storage>
<L2_diff>4.7958315233127191e+00</L2_diff>
<test_hist type_id="opencv-matrix">
  <rows>256</rows>
  <cols>1</cols>
  <dt>f</dt>
  <data>
    6.66487061e+02 5.37792664e+01 5.51032715e+01 5.40346191e+02
    7.34348755e+02 5.78204651e+01 5.86869751e+02 6.86239746e+02
    7.68727295e+02 3.14063934e+02 9.11424316e+02 7.60666870e+02
    4.81549774e+02 5.79375854e+02 1.05498627e+02 1.97890808e+02
    1.72165619e+02 7.32797058e+02 6.15669434e+02 2.20108673e+02
    5.89473328e+02 9.89612183e+02 4.87802917e+02 8.77334595e+00
    1.12437103e+02 8.84025879e+01 5.77814026e+02 1.55287750e+02
    7.73101074e+02 2.02353851e+02 7.43881531e+01 7.38385010e+02
    5.76611267e+02 5.19059937e+02 3.46805664e+02 3.06781067e+02
    8.51860107e+02 5.72091736e+02 9.19970215e+02 5.94233704e+02
    4.63216370e+02 7.00397461e+02 6.94645386e+02 2.66968811e+02
    5.11453857e+02 2.17108124e+02 8.00250549e+01 9.73000366e+02
    2.72390198e+02 5.71281372e+02 5.89821106e+02 1.66361420e+02
    7.72558838e+02 8.38892090e+02 5.19309998e+01 7.85649780e+02
    4.48907806e+02 9.39373291e+02 7.68314636e+02 7.24797485e+02
    7.67863037e+02 1.40678101e+02 5.52391968e+01 6.80747314e+02
    2.56941010e+02 5.35328186e+02 4.68327576e+02 2.32047913e+02
    9.12131775e+02 8.38256470e+02 6.16967163e+01 2.07003326e+02
    7.49347107e+02 5.43928589e+02 7.51269287e+02 5.16471985e+02
    6.69307251e+02 2.32419739e+02 5.44337341e+02 5.63777039e+02
    9.84599243e+02 1.05454468e+02 6.92939514e+02 8.44237915e+02
    6.88410339e+02 5.01928528e+02 6.31839905e+01 6.27496033e+01
    6.99289612e+02 8.93106445e+02 2.54852875e+02 3.05628510e+02
    7.66231201e+02 4.18441040e+02 4.44133087e+02 8.86078186e+01
    8.58941406e+02 7.61695557e+02 8.13816528e+02 7.96234375e+02
    4.55657043e+02 8.54696167e+02 9.69003296e+00 1.75018341e+02
    3.81557159e+02 8.70345947e+02 7.04741516e+02 3.25863647e+01
    8.32529419e+02 7.55840942e+02 1.59806976e+02 5.35300293e+02
    1.24896545e+01 3.82691589e+02 4.29458313e+01 8.55420044e+02
    9.52152039e+02 2.92745972e+02 7.48081848e+02 4.08955231e+02
    6.34349792e+02 7.22858765e+02 3.10035034e+02 7.13107361e+02
    1.78456665e+02 9.45502319e+02 2.29514191e+02 6.92419495e+02
    1.91258881e+02 7.31154724e+02 7.64221069e+02 8.23877869e+01
    5.09320984e+01 7.83687134e+01 1.21458862e+02 6.41565491e+02
    9.19221008e+02 3.58695099e+02 4.95721558e+02 9.54705811e+01
    9.82004639e+02 3.79541046e+02 5.37380798e+02 6.93881104e+02
    4.06857513e+02 3.95005188e+01 7.80974548e+02 7.11008545e+02
    6.04337036e+02 3.04120300e+02 8.94771973e+02 7.55114197e+02
    9.60832642e+02 5.79369263e+02 3.34389038e+02 4.38543243e+02
    3.61762390e+02 2.38072083e+02 5.65817139e+02 7.66948975e+02
    7.21425842e+02 3.42332458e+02 6.98424377e+02 1.11562866e+02
    7.32290649e+01 7.24171387e+02 5.48747314e+02 7.42018250e+02
    3.47750916e+02 4.09941498e+02 6.06857300e+01 9.20229858e+02
    5.58842773e+01 8.39278259e+02 7.40281250e+02 6.27406677e+02
    4.41882263e+02 4.94807129e+01 3.96796783e+02 4.52340393e+01
    4.49357086e+02 1.51471191e+02 9.81064941e+02 5.74821594e+02
    9.83976562e+02 4.52991241e+02 5.41247803e+02 6.65450928e+02
    4.04177338e+02 5.71084106e+02 6.62658203e+02 9.36042480e+02
    6.49987122e+02 3.54673462e+01 7.03571350e+02 1.81061096e+02
    9.58171692e+01 1.96923279e+02 4.91205017e+02 3.50122681e+01
    8.76844482e+01 9.63089539e+02 6.38930664e+02 6.61999084e+02
    6.25396362e+02 9.65978638e+02 4.58616211e+02 4.20806274e+01
    5.15663330e+02 9.98899658e+02 3.63452271e+02 6.64144775e+02
    8.28203735e+02 5.75013733e+02 6.30298523e+02 4.20607758e+02
    6.38383911e+02 4.34302795e+02 1.43026245e+02 7.35078003e+02
    6.89323914e+02 4.67673370e+02 3.99397827e+02 8.91185791e+02
    1.13333679e+02 2.36297394e+02 4.38812592e+02 1.31582092e+02
    4.56427002e+00 7.09677124e+02 8.22089539e+02 9.69963135e+02
    4.24999878e+02 9.96648804e+02 3.63541290e+02 7.61471375e+02
    8.15256592e+02 4.12517212e+02 9.34993896e+02 4.80958588e+02
    9.99698059e+02 9.65366150e+02 9.98399963e+01 2.48616821e+02
    4.48850800e+02 1.00596191e+02 6.27424011e+02 5.43070374e+01
    2.24084381e+02 8.71856689e-01 6.80406128e+02 4.56480560e+02
    8.04001953e+02 7.98621948e+02 3.61921692e+02 8.87559570e+02</data></test_hist>
<my_lkt type_id="opencv-matrix">
  <rows>256</rows>
  <cols>1</cols>
  <dt>u</dt>
  <data>
    1 1 2 3 4 4 5 7 8 9 11 12 13 14 14 15 15 17 18 18 19 21 22 22 23 23
    24 24 26 26 26 28 29 30 31 31 33 34 36 37 38 39 41 41 42 43 43 45 45
    46 48 48 50 51 51 53 54 56 57 59 60 60 60 62 62 63 64 65 67 68 68 69
    70 71 73 74 75 76 77 78 80 80 81 83 84 85 85 86 87 89 89 90 91 92 93
    93 95 96 98 100 101 102 102 103 103 105 107 107 108 110 110 111 111
    112 112 114 116 116 118 118 120 121 122 123 123 125 126 127 128 129
    131 131 131 131 131 132 134 135 136 136 138 139 140 141 142 142 144
    145 146 147 149 150 152 153 154 155 155 156 157 159 160 161 162 162
    162 164 165 166 167 168 168 170 170 172 173 174 175 175 176 176 177
    177 179 180 182 183 184 186 186 187 189 191 192 192 193 194 194 194
    195 195 196 197 199 200 201 203 204 204 205 207 208 209 211 212 213
    214 215 216 216 218 219 220 221 223 223 223 224 224 224 226 228 229
    230 232 233 234 236 237 239 240 242 244 244 244 245 245 247 247 247
    247 248 249 251 253 253 255</data></my_lkt>
<your_lkt type_id="opencv-matrix">
  <rows>256</rows>
  <cols>1</cols>
  <dt>u</dt>
  <data>
    1 1 2 3 4 4 5 7 8 9 11 12 13 14 14 15 15 17 18 18 19 21 22 22 23 23
    24 24 26 26 26 28 29 30 31 31 33 34 36 37 38 39 41 41 42 43 43 45 45
    46 48 48 49 51 51 53 54 56 57 58 60 60 60 62 62 63 64 65 66 68 68 69
    70 71 73 74 75 75 77 78 80 80 81 83 84 85 85 85 87 89 89 90 91 92 93
    93 95 96 98 100 100 102 102 102 103 105 106 106 108 110 110 111 111
    112 112 113 115 116 117 118 119 121 122 123 123 125 126 127 127 129
    130 130 131 131 131 132 134 135 136 136 138 139 140 141 142 142 144
    145 146 147 148 150 152 153 154 155 155 156 157 158 160 160 162 162
    162 164 165 166 167 168 168 170 170 171 173 174 175 175 176 176 177
    177 179 180 182 183 184 185 186 187 189 191 192 192 193 194 194 194
    195 195 195 197 199 200 201 203 204 204 205 207 208 209 211 212 213
    214 215 216 216 218 219 220 221 223 223 223 224 224 224 226 227 229
    230 232 233 234 236 237 239 240 242 244 244 244 245 245 247 247 247
    247 248 249 251 253 253 255</data></your_lkt>
</opencv_storage>
