<?xml version="1.0"?>
<opencv_storage>
<L2_diff>2.6429528940183553e+02</L2_diff>
<r>9</r>
<test_img type_id="opencv-matrix">
  <rows>50</rows>
  <cols>100</cols>
  <dt>u</dt>
  <data>
    149 166 244 77 58 48 174 139 2 159 82 43 180 80 169 61 42 135 33 73
    88 208 181 1 236 193 62 45 117 101 46 100 97 53 183 86 64 89 209 184
    216 48 136 120 235 1 150 88 165 187 80 14 126 100 58 35 28 104 8 206
    113 47 164 45 12 182 92 51 126 27 60 117 247 84 203 216 109 24 69
    188 122 195 50 128 69 94 43 165 39 73 114 192 107 217 132 31 160 60
    56 127 195 190 148 193 103 215 239 106 82 70 188 115 69 72 109 122
    237 141 109 28 135 96 53 118 185 37 52 231 154 254 199 37 215 67 95
    137 225 228 128 83 25 65 33 236 186 192 153 163 221 35 74 92 120 82
    204 208 97 77 230 16 190 43 68 134 153 121 185 127 18 52 31 94 143
    76 164 122 31 211 124 14 66 196 19 74 109 179 245 211 231 166 164 83
    79 91 93 153 167 85 130 105 73 87 8 247 184 6 92 121 94 170 6 43 200
    52 246 180 36 132 248 46 35 103 38 5 182 241 139 132 119 77 185 28
    134 111 3 161 254 204 23 252 24 110 217 43 233 14 111 24 59 46 247
    116 136 66 191 200 45 156 23 95 241 125 15 162 79 137 212 36 154 12
    255 144 150 15 115 185 237 152 10 112 107 2 182 103 72 123 6 29 18
    169 55 31 245 7 34 230 33 181 248 145 103 201 11 76 44 199 62 109 38
    11 12 121 37 255 17 91 10 234 219 155 57 254 222 194 94 155 48 56 56
    178 21 7 103 158 9 253 192 202 217 100 54 36 138 4 36 65 124 52 61
    106 78 6 95 27 14 2 94 85 161 83 116 220 112 188 73 120 78 243 23
    236 71 226 221 96 181 244 150 243 91 125 1 211 0 164 36 191 112 24
    120 203 55 23 15 161 24 230 104 228 115 196 42 249 147 82 111 227
    249 50 20 155 27 113 83 126 103 211 6 200 0 52 222 188 220 43 194
    220 184 208 213 88 222 18 108 155 219 183 75 232 142 13 171 88 41 80
    33 100 34 166 95 147 235 179 114 242 172 14 205 81 10 61 30 166 183
    39 146 51 253 190 48 56 71 168 8 86 135 42 96 29 181 142 218 232 76
    1 193 48 22 211 139 94 122 204 200 53 62 8 160 158 187 35 218 96 10
    5 46 177 40 94 32 3 81 153 85 59 142 113 153 161 23 247 99 98 47 53
    211 51 223 116 203 177 66 62 71 157 166 19 131 160 45 236 21 52 38
    90 234 213 211 89 224 45 1 26 221 223 4 26 109 202 93 47 100 57 0
    161 105 128 190 141 10 180 16 35 130 139 48 92 43 150 215 198 112 89
    121 25 213 227 181 47 175 34 85 182 196 12 18 75 191 234 175 158 80
    27 116 80 56 183 170 221 88 54 82 82 179 107 214 120 184 116 231 220
    9 91 163 145 216 244 3 210 44 104 57 202 34 235 2 40 156 4 131 66 20
    62 23 173 56 141 85 167 2 140 149 71 173 141 190 167 227 8 57 249
    231 67 49 133 22 242 180 176 75 171 66 69 88 189 168 247 148 41 162
    9 140 165 254 161 98 22 195 52 138 146 123 144 127 37 159 97 58 16
    20 42 134 104 255 243 43 194 45 255 47 14 17 7 236 61 43 220 228 244
    144 54 182 36 250 41 34 193 171 237 176 105 120 84 48 109 92 70 147
    100 143 46 124 188 230 177 147 193 145 221 241 251 61 189 135 26 5
    172 207 37 49 184 151 16 75 176 225 66 31 250 137 254 104 244 153 35
    204 116 244 201 102 105 113 237 107 98 33 166 14 226 242 44 97 184
    115 129 241 34 72 82 151 184 43 171 85 220 10 157 31 55 137 140 22
    140 151 190 101 180 201 94 175 27 81 170 231 160 219 184 177 92 207
    45 91 155 195 245 26 124 137 206 187 63 21 229 68 34 199 201 64 241
    232 16 196 11 208 224 60 27 79 18 234 121 100 252 19 108 105 121 55
    102 86 120 195 115 44 2 117 109 47 32 127 31 21 227 30 66 120 241
    187 223 218 33 95 88 63 24 106 155 219 89 184 110 71 118 141 121 6
    21 27 195 167 71 137 138 9 237 93 167 37 8 228 111 240 14 118 9 172
    1 244 159 231 74 174 174 146 62 187 11 189 0 213 93 158 106 126 91
    155 216 10 30 217 133 14 45 155 23 221 165 185 22 154 29 172 174 44
    47 27 241 83 216 131 211 232 148 9 206 231 161 41 243 88 244 225 0
    154 29 198 183 172 210 240 68 63 44 106 253 124 117 157 35 224 36
    215 71 24 108 83 55 102 182 161 139 162 21 155 230 215 185 177 197
    188 189 87 87 153 60 198 232 42 41 135 55 47 135 66 35 118 36 74 29
    149 60 58 60 184 16 198 60 130 35 227 143 135 149 135 93 60 183 223
    53 192 221 15 49 232 249 221 211 196 255 251 141 88 73 112 158 40 45
    23 115 139 61 218 235 103 27 35 217 152 184 6 122 33 196 157 221 250
    37 118 93 84 223 186 182 78 206 247 23 20 128 218 202 229 187 58 104
    69 204 5 163 127 94 70 30 88 201 161 76 3 144 50 121 161 125 183 236
    33 41 230 140 186 188 144 127 67 40 11 31 107 72 50 211 240 179 103
    74 156 216 127 151 183 172 77 18 16 225 197 28 36 194 115 154 67 83
    92 143 238 139 17 73 36 113 99 46 141 110 90 67 136 170 247 147 184
    137 103 135 149 25 18 8 26 115 146 119 96 21 117 217 141 112 106 124
    40 49 65 35 237 78 12 232 143 158 131 249 216 223 171 19 247 143 100
    132 104 132 118 216 126 151 207 31 26 14 156 175 43 150 203 252 174
    39 230 225 44 168 75 29 50 123 224 68 211 177 31 94 122 16 185 92 63
    213 229 201 214 238 220 160 156 186 112 147 18 122 243 2 68 113 31
    79 249 81 160 2 205 139 247 202 227 178 186 170 189 214 39 145 173
    157 171 169 191 152 3 241 21 24 191 17 236 56 169 198 113 1 233 230
    14 225 28 180 158 26 134 6 252 182 18 105 40 33 214 133 21 233 235
    87 106 205 77 224 2 83 210 107 255 236 81 195 217 81 41 19 203 215
    18 212 205 180 185 103 189 26 70 194 93 184 44 196 242 46 82 40 245
    80 39 23 224 129 60 135 207 132 42 187 28 87 26 123 160 195 26 68
    191 131 114 158 232 204 119 47 44 228 169 245 17 189 187 64 142 94
    219 14 244 129 218 125 221 160 62 212 252 150 21 171 52 147 16 30
    205 34 70 213 82 35 205 185 175 215 170 134 107 213 82 164 68 144
    176 35 93 221 196 172 166 126 202 149 55 162 70 203 159 220 71 6 98
    221 95 33 172 183 144 209 175 210 95 26 117 253 128 66 117 129 108
    76 148 186 149 102 118 143 136 125 228 175 84 184 14 107 43 150 24
    71 74 67 110 77 236 170 123 46 127 238 23 159 245 189 126 94 13 190
    250 101 71 161 31 172 11 234 247 207 10 168 207 230 150 23 58 38 12
    63 32 243 103 216 169 64 24 185 110 42 101 15 132 133 235 109 29 20
    63 42 246 96 248 128 246 124 180 108 143 144 250 152 29 182 75 100 5
    241 221 175 13 135 93 60 167 218 158 5 186 172 101 120 90 245 253
    188 113 178 179 157 182 124 26 192 53 98 250 88 185 142 22 139 104
    181 226 213 175 152 122 242 28 57 79 204 252 220 52 183 181 107 169
    225 9 199 120 224 176 65 187 7 66 54 180 59 74 246 194 87 230 153
    247 88 130 142 228 62 133 187 77 48 212 190 69 45 194 179 136 66 31
    210 127 207 187 25 102 135 151 134 44 12 86 22 63 156 105 71 18 91
    182 50 175 130 5 159 142 254 254 57 6 146 141 175 6 105 183 146 115
    9 126 251 33 217 38 218 193 156 123 230 215 104 125 45 216 14 219 58
    119 221 144 22 181 116 169 232 254 122 45 197 177 204 118 128 138 83
    144 140 159 134 122 9 10 94 72 114 160 149 216 80 95 31 133 43 61
    204 27 61 95 78 72 168 12 220 196 21 74 243 236 100 238 55 169 55 87
    194 173 82 194 242 83 190 151 78 19 228 92 234 222 183 183 232 37 13
    46 86 208 107 168 34 137 153 7 216 166 183 254 2 171 56 79 114 111
    215 254 182 243 99 110 174 180 16 56 51 130 100 24 212 223 49 123
    149 34 85 166 150 202 212 189 169 148 221 128 170 78 209 190 10 97
    101 238 237 171 252 206 113 155 219 154 58 204 55 123 206 126 153
    108 75 46 55 214 143 102 211 42 227 205 214 1 209 57 103 224 48 161
    155 99 26 108 213 23 1 181 33 162 129 28 172 248 103 204 182 222 50
    31 173 106 30 201 25 19 69 149 156 173 67 57 88 252 235 210 110 161
    253 16 110 174 240 213 172 67 103 252 177 74 254 225 136 230 34 249
    174 230 33 145 25 204 241 13 241 106 67 12 9 18 210 99 73 136 73 87
    163 198 86 123 66 164 246 126 20 139 0 43 185 137 216 248 186 24 242
    187 62 72 26 46 171 221 121 132 248 169 69 175 171 103 242 93 74 16
    155 62 82 88 171 118 93 225 188 78 69 36 126 31 246 146 73 20 249
    222 200 215 12 77 6 71 99 172 62 157 137 181 89 250 155 184 231 117
    217 11 91 192 244 13 224 77 213 187 185 57 27 11 212 241 14 25 51
    142 11 176 162 245 74 215 8 7 128 115 2 75 118 81 21 84 31 195 28 44
    231 20 191 54 49 239 43 32 94 245 92 201 165 118 217 97 236 90 63
    185 135 182 153 27 157 148 115 236 118 67 99 180 127 200 75 62 136
    197 172 203 75 38 4 94 154 77 239 32 130 226 108 120 227 25 199 157
    174 24 110 228 233 50 170 187 122 79 48 67 147 161 160 195 158 152
    22 47 233 28 125 240 186 200 17 202 25 133 76 68 252 32 144 255 9
    200 161 56 165 50 183 176 244 136 67 69 11 240 2 146 133 52 209 212
    242 123 205 137 38 202 226 151 112 198 3 184 199 95 188 142 33 235
    207 120 167 198 149 127 54 173 236 7 198 85 61 66 216 41 250 65 64
    252 87 30 32 73 183 137 2 251 188 94 77 60 125 3 85 170 7 92 232 181
    120 213 143 9 102 226 25 120 225 254 239 67 242 199 198 156 182 182
    133 229 96 232 178 139 116 145 12 179 184 114 193 141 117 37 212 129
    39 54 7 54 63 220 183 127 153 84 64 135 255 53 187 174 18 136 26 14
    175 230 134 101 164 225 56 125 91 15 75 173 150 230 177 52 64 163 20
    146 12 132 201 15 54 246 139 56 187 160 71 76 36 47 207 154 64 10 39
    239 11 49 92 140 125 52 47 196 98 116 3 118 49 192 128 68 43 6 218
    173 13 143 233 137 101 223 58 42 92 49 72 194 213 254 127 240 16 94
    93 175 9 104 45 132 76 106 70 181 16 66 188 152 15 222 159 54 1 171
    235 182 162 118 141 138 192 224 166 241 215 96 10 207 174 108 25 33
    68 218 156 55 1 166 93 139 153 151 7 177 193 81 184 231 193 4 251 22
    191 193 215 252 187 75 164 28 233 228 232 103 251 76 188 72 19 107
    168 39 204 244 49 182 124 109 71 116 197 188 82 236 82 139 120 247
    220 209 238 230 247 83 154 21 17 86 57 88 88 202 167 89 14 83 3 197
    139 103 162 82 237 204 163 234 128 114 26 217 155 192 88 198 122 215
    159 114 238 175 239 65 185 35 31 143 39 118 127 228 41 77 14 158 212
    236 16 71 179 57 176 147 20 120 41 203 46 182 49 117 237 97 185 247
    81 167 20 129 125 201 170 156 254 45 134 85 193 67 117 52 52 114 54
    93 210 40 245 95 76 161 110 100 248 242 115 99 6 112 233 37 159 165
    91 131 217 124 133 129 75 26 71 31 214 106 0 86 110 142 83 62 43 205
    207 175 85 5 123 156 59 235 69 2 73 237 245 195 209 203 137 225 93
    140 169 119 63 200 127 187 117 16 249 128 139 26 181 117 144 1 157
    79 114 86 81 40 104 70 221 10 108 191 143 57 21 75 193 156 231 143
    146 233 248 4 59 151 134 234 193 22 21 154 229 250 138 161 202 240
    57 58 165 40 190 60 127 241 54 250 161 205 177 182 143 121 185 106
    58 136 155 8 246 218 133 153 47 125 202 253 73 192 194 35 36 190 9
    182 114 222 114 174 121 73 23 27 251 34 68 6 50 179 58 118 8 229 248
    224 23 46 233 153 15 132 192 169 42 246 135 177 159 99 116 108 211
    12 91 119 90 180 156 216 133 155 193 21 71 243 124 168 127 231 135
    162 145 235 120 139 64 45 29 68 108 49 163 155 150 211 29 60 28 231
    211 218 170 162 214 184 85 143 83 197 59 42 218 86 16 70 185 14 212
    198 125 75 114 225 64 243 57 110 250 203 179 110 82 20 81 168 225 23
    142 201 139 42 96 78 130 249 221 35 72 150 39 225 6 162 41 249 170
    191 24 95 62 65 138 21 251 11 27 201 93 205 88 128 178 251 201 191
    104 121 125 119 204 30 109 139 176 59 63 77 129 160 17 48 79 138 105
    116 130 238 169 28 19 168 192 232 180 161 254 120 79 49 123 63 54 28
    167 62 193 11 73 145 59 127 166 5 224 133 28 160 42 140 125 64 75
    254 180 219 143 135 103 14 121 85 182 82 26 254 235 12 176 24 23 205
    28 216 74 145 9 109 68 180 86 56 242 154 145 97 56 149 203 230 222
    178 13 22 158 52 37 29 91 227 17 159 245 84 71 89 195 199 47 237 3
    108 174 37 40 101 83 79 180 184 194 34 61 65 65 202 174 97 127 106
    77 102 179 201 47 139 202 109 31 89 229 41 94 222 132 181 168 151
    241 106 231 141 115 93 197 101 241 113 193 61 227 11 158 29 191 240
    132 87 84 181 4 56 20 6 217 86 70 103 18 103 161 217 25 179 189 28
    190 232 220 153 186 116 67 227 159 151 192 117 208 7 171 72 246 120
    19 217 97 137 139 93 190 125 243 54 10 186 155 171 98 159 198 154
    196 121 236 170 209 74 166 141 114 39 156 94 168 203 196 195 206 159
    136 250 129 6 172 64 102 135 237 145 164 101 116 239 123 161 184 206
    141 236 33 71 91 208 246 124 149 206 150 7 192 187 160 69 173 142
    126 28 34 109 54 6 183 17 84 49 171 185 49 26 157 9 169 201 94 191
    91 206 153 131 70 118 199 72 104 70 95 101 226 55 30 40 179 250 181
    83 22 57 3 230 228 193 202 232 252 209 14 247 162 183 138 16 251 89
    224 90 61 15 95 172 235 6 190 174 5 235 20 83 68 120 98 173 159 212
    167 163 7 30 11 79 222 252 119 45 20 18 194 196 221 239 149 187 6
    143 205 45 19 155 184 0 155 225 69 41 254 196 209 80 164 214 231 249
    33 8 203 107 245 140 136 164 29 161 170 172 241 135 168 24 73 143
    230 182 143 50 75 97 228 234 10 140 8 73 184 189 186 50 54 238 195
    105 123 167 65 7 181 26 42 114 72 112 141 175 54 73 95 94 155 58 143
    135 240 231 234 158 215 48 99 36 97 247 198 174 151 70 152 193 32 45
    228 195 1 151 248 186 177 213 79 79 182 233 159 188 116 125 83 86 68
    97 60 159 34 90 107 181 4 151 212 82 20 93 157 44 113 211 98 49 146
    115 179 209 246 240 133 167 219 79 78 191 194 11 73 51 57 183 167
    206 111 169 42 111 14 48 231 217 49 37 220 185 169 81 88 215 182 212
    217 21 68 146 97 145 200 113 76 93 195 78 47 130 192 164 196 5 207
    191 226 78 80 120 145 134 66 213 100 235 253 24 37 30 92 200 163 168
    152 206 192 120 149 69 93 2 32 5 81 22 135 132 80 121 207 101 66 91
    56 17 140 73 118 63 104 223 54 3 249 63 172 80 230 190 220 188 142
    62 71 215 222 247 15 162 23 219 222 97 166 12 63 209 111 208 28 218
    14 245 244 71 241 231 73 60 239 96 171 193 138 188 117 116 101 181
    70 230 159 9 179 67 109 97 37 39 213 41 156 207 11 233 167 73 180 11
    182 154 156 247 91 250 21 170 195 253 46 217 92 186 228 167 3 40 64
    210 229 223 134 105 214 131 23 5 71 178 229 114 63 118 83 253 36 243
    232 188 128 255 163 34 245 236 230 93 217 115 138 194 47 103 171 57
    102 128 208 50 112 201 210 62 187 191 248 59 160 143 205 29 104 79
    26 59 81 214 58 227 109 209 108 16 68 152 105 183 172 186 171 104 43
    132 21 194 70 18 9 123 39 175 218 91 15 45 47 130 158 39 8 76 204
    149 195 109 197 119 128 179 104 131 65 109 38 64 9 95 45 184 119 77
    242 22 34 154 78 164 225 148 75 197 3 168 58 42 70 203 82 85 69 74 5
    89 0 235 165 247 176 88 175 1 44 148 155 35 113 22 215 166 4 28 107
    210 95 81 202 10 158 199 203 131 247 144 128 46 42 58 172 253 180
    147 166 176 230 8 234 0 105 103 124 54 172 151 147 104 151 114 149
    81 156 190 184 219 113 192 110 94 137 151 159 45 146 146 31 222 109
    22 22 145 243 156 193 41 201 108 192 21 179 225 138 233 37 214 217
    220 158 10 230 75 173 58 35 112 5 215 61 83 23 58 138 89 159 174 62
    216 36 99 239 7 168 15 63 250 150 115 142 203 91 147 216 190 86 89
    59 102 62 207 24 247 31 225 129 178 173 255 95 145 222 232 76 254 57
    241 169 152 32 240 140 58 210 47 72 118 41 28 197 246 115 44 97 246
    191 66 149 123 193 156 144 240 190 244 154 85 239 177 188 120 175
    175 2 85 91 59 49 149 76 41 181 243 77 163 108 238 225 255 171 7 247
    72 63 168 212 228 233 79 161 227 243 229 113 134 171 150 233 39 125
    164 216 34 197 239 137 221 214 12 98 250 73 189 73 2 73 155 216 218
    65 76 178 65 241 35 171 20 149 152 153 141 192 125 183 230 228 4 92
    116 36 63 83 21 207 87 93 225 253 103 57 31 27 33 66 245 0 20 79 147
    58 146 167 47 24 57 55 101 69 165 90 202 192 178 149 219 50 38 115
    57 233 55 130 113 171 16 194 124 205 8 46 28 46 131 161 34 142 124
    175 195 197 209 140 218 63 213 220 51 226 57 135 195 210 110 147 79
    51 244 230 146 107 202 44 219 106 101 208 232 12 157 251 40 18 78 71
    15 159 232 37 250 76 111 98 196 108 102 41 179 61 192 61 149 27 145
    128 202 56 226 128 15 190 46 171 34 74 255 141 45 182 1 26 86 253 73
    164 83 64 62 201 109 247 11 203 191 243 31 206 167 64 105 49 67 25
    24 27 69 24 29 176 148 175 198 12 150 226 220 149 202 127 142 101
    187 50 5 199 117 125 82 207 253 117 134 248 237 177 47 159 204 101
    254 251 168 124 223 128 70 174 164 215 90 74 6 76 76 163 66 180 245
    175 45 233 230 206 236 26 230 5 251 61 29 64 204 220 153 62 3 184
    197 38 25 231 83 103 229 213 101 184 113 199 63 117 6 205 61 126 128
    37 224 138 170 23 45 208 219 49 107 155 29 222 59 189 240 55 21 227
    125 217 6 15 38 158 87 182 173 58 129 203 17 57 34 166 10 98 238 1
    95 252 201 180 25 2 189 81 28 48 169 180 67 12 94 194 192 5 24 146
    184 181 228 37 49 179 40 115 230 228 176 242 36 212 179 119 147 170
    67 56 210 91 220 51 222 71 91 125 234 248 71 36 185 174 55 171 28 19
    116 147 76 233 216 31 24 118 98 185 165 233 77 192 204 56 198 175
    226 51 100 218 162 249 11 167 189 139 166 90 202 130 11 16 82 3 165
    75 242 246 119 21 139 209 23 186 124 120 253 200 177 207 119 90 197
    224 117 53 98 110 188 44 68 164 1 236 68 85 180 82 127 167 156 184
    240 212 88 91 156 153 230 133 148 0 98 174 36 206 81 188 140 23 224
    65 40 240 237 93 2 64 228 200 159 8 63 41 28 175 187 230 234 241 239
    247 58 228 65 146 151 46 137 124 203 66 93 55 1 216 49 203 29 225
    105 140 67 155 94 177 19 80 99 41 14 11 133 206 146 77 13 245 12 131
    182 6 178 82 100 165 107 137 54 18 247 226 252 230 61 186 24 6 218
    10 254 153 97 49 174 35 101 172 25 118 116 96 32 242 139 189 162 137
    130 121 168 135 255 192 7 208 157 243 61 42 125 64 255 112 121 85
    162 63 187 98 191 241 172 48 98 38 253 173 105 253 12 67 229 210 16
    98 147 251 150 85 32 65 117 107 59 96 163 228 210 197 81 91 22 210
    22 45 244 138 26 242 28 15 139 118 230 19 240 42 181 201 160 173 10
    21 119 27 137 113 158 165 170 147 113 129 177 2 251 161 254 161 237
    4 248 211 130 161 1 157 228 85 16 64 131 251 54 109 33 44 198 146
    185 202 213 156 135 200 154 119 243 251 230 64 30 96 61 185 51 49
    227 238 223 247 20 104 180 41 53 28 150 82 110 177 65 184 131 86 86
    36 116 77 190 179 165 133 43 48 217 227 73 32 75 232 28 79 85 167
    186 54 19 0 163 36 244 184 36 25 228 143 136 54 216 151 120 82 137
    66 120 174 8 211 29 186 220 9 238 37 96 112 187 202 142 129 47 52
    248 192 126 159 19 99 54 47 148 128 199 68 105 162 184 8 94 63 142
    176 209 217 166 152 220 217 100 58 185 5 92 153 176 236 245 108 101
    109 42 176 233 140 122 119 172 84 115 31 156 32 112 190 171 29 225
    17 138 16 5 111 115 133 228 30 182 20 126 63 148 56 174 195 111 78
    173 142 185 55 44 43 15 240 40 66 39 180 253 47 192 40 85 90 6 128
    223 171 157 47 80 206 166 165 217 135 41 110 122 213 49 164 53 7 90
    211 169 181 145 207 129 255 123 174 47 107 174 102 96 176 7 8 60 104
    180 20 53 182 232 97 116 130 172 20 49 163 173 94 190 143 255 141
    223 190 35 44 202 109 201 22 172 246 214 168 118 237 54 36 203 245
    189 11 128 72 140 51 103 67 103 38 185 32 111 255 202 93 195 94 194
    174 79 253 45 147 84 3 170 16 239 155 82 38 217 87 129 105 177 221
    150 31 170 136 126 0 193 13 67 100 67 224 233 51 59 116 147 242 50
    199 145 116 175 6 67 78 200 5 79 152 15 225 110 250 142 219 192 39
    191 233 59 173 255 170 73 164 42 58 191 172 251 142 156 82 11 173
    177 196 110 34 173 242 192 181 226 54 89 41 184 118 147 63</data></test_img>
<my_img type_id="opencv-matrix">
  <rows>50</rows>
  <cols>100</cols>
  <dt>u</dt>
  <data>
    149 166 244 77 58 48 174 139 2 159 82 43 180 80 169 61 42 135 33 73
    88 208 181 1 236 193 62 45 117 101 46 100 97 53 183 86 64 89 209 184
    216 48 136 120 235 1 150 88 165 187 80 14 126 100 58 35 28 104 8 206
    113 47 164 45 12 182 92 51 126 27 60 117 247 84 203 216 109 24 69
    188 122 195 50 128 69 94 43 165 39 73 114 192 107 217 132 31 160 60
    56 127 195 190 148 193 103 215 239 106 82 70 188 115 69 72 109 122
    237 141 109 28 135 96 53 118 185 37 52 231 154 254 199 37 215 67 95
    137 225 228 128 83 25 65 33 236 186 192 153 163 221 35 74 92 120 82
    204 208 97 77 230 16 190 43 68 134 153 121 185 127 18 52 31 94 143
    76 164 122 31 211 124 14 66 196 19 74 109 179 245 211 231 166 164 83
    79 91 93 153 167 85 130 105 73 87 8 247 184 6 92 121 94 170 6 43 200
    52 246 180 36 132 248 46 35 103 38 5 182 241 139 132 119 77 185 28
    134 111 3 161 254 204 23 252 24 110 217 43 233 14 111 24 59 46 247
    116 136 66 191 200 45 156 23 95 241 125 15 162 79 137 212 36 154 12
    255 144 150 15 115 185 237 152 10 112 107 2 182 103 72 123 6 29 18
    169 55 31 245 7 34 230 33 181 248 145 103 201 11 76 44 199 62 109 38
    11 12 121 37 255 17 91 10 234 219 155 57 254 222 194 94 155 48 56 56
    178 21 7 103 158 9 253 192 202 217 100 54 36 138 4 36 65 124 52 61
    106 78 6 95 27 14 2 94 85 161 83 116 220 112 188 73 120 78 243 23
    236 71 226 221 96 181 244 150 243 91 125 1 211 0 164 36 191 112 24
    120 203 55 23 15 161 24 230 104 228 115 196 42 249 147 82 111 227
    249 50 20 155 27 113 83 126 103 211 6 200 0 52 222 188 220 43 194
    220 184 208 213 88 222 18 108 155 219 183 75 232 142 13 171 88 41 80
    33 100 34 166 95 147 235 179 114 242 172 14 205 81 10 61 30 166 183
    39 146 51 253 190 48 56 71 168 8 86 135 42 96 29 181 142 218 232 76
    1 193 48 22 211 139 94 122 204 200 53 62 8 160 158 187 35 218 96 10
    5 46 177 40 94 32 3 81 153 85 59 142 113 153 161 23 247 99 98 47 53
    211 51 223 116 203 177 66 62 71 157 166 19 131 160 45 236 21 52 38
    90 234 213 211 89 224 45 1 26 221 223 4 26 109 202 93 47 100 57 0
    161 105 128 190 141 10 180 16 35 130 139 48 92 43 150 215 198 112 89
    121 25 213 227 181 47 175 34 85 182 196 12 18 75 191 234 175 158 80
    27 116 80 56 183 170 221 88 54 82 82 179 107 214 120 184 116 231 220
    9 91 163 145 216 244 3 210 44 104 57 202 34 235 2 40 156 4 131 66 20
    62 23 173 56 141 85 167 2 140 149 71 173 141 190 167 227 8 57 249
    231 67 49 133 22 242 180 176 75 171 66 69 88 189 168 247 148 41 162
    9 140 165 254 161 98 22 195 52 138 146 123 144 127 37 159 97 58 16
    20 42 134 104 255 243 43 194 45 255 47 14 17 7 236 61 43 220 228 244
    144 54 182 36 250 41 34 193 171 237 176 105 120 84 48 109 92 70 147
    100 143 46 124 188 230 177 147 193 145 221 241 251 61 189 135 26 5
    172 207 37 49 184 151 16 75 176 225 66 31 250 137 254 104 244 153 35
    204 116 244 201 102 105 113 237 107 98 33 166 14 226 242 44 97 184
    115 129 241 34 72 82 151 184 43 171 85 220 10 157 31 55 137 140 22
    140 151 190 101 180 201 94 175 27 81 170 231 160 219 184 177 92 207
    45 91 155 195 245 26 124 137 206 187 63 21 229 68 34 199 201 64 241
    232 16 196 11 208 224 60 27 79 18 234 121 100 252 19 108 105 121 55
    102 86 120 195 115 44 2 117 109 47 32 127 31 21 227 30 66 120 241
    187 223 218 33 95 88 63 24 106 155 219 89 184 110 71 118 141 121 6
    21 27 195 167 77 140 143 14 240 97 167 43 13 225 107 239 17 111 11
    162 3 243 153 233 76 168 170 145 73 193 11 195 1 220 104 165 113 126
    100 160 220 11 34 223 137 17 54 159 28 230 171 191 25 155 36 174 175
    47 51 30 242 88 220 132 213 232 155 6 206 227 170 43 243 89 247 229
    1 165 31 205 190 180 218 243 73 68 44 106 253 124 117 157 35 224 36
    215 71 24 108 83 55 102 182 161 143 165 29 157 231 212 189 174 196
    185 186 79 79 141 64 191 231 47 45 129 59 53 131 76 40 119 42 86 32
    153 71 67 69 182 18 197 65 127 41 231 141 136 147 133 99 64 186 224
    56 193 223 16 55 235 249 227 213 202 255 251 142 92 76 114 166 42 50
    24 124 147 62 223 236 106 29 43 221 160 192 9 130 40 196 157 221 250
    37 118 93 84 223 186 182 78 206 247 23 20 128 218 210 230 196 71 109
    77 208 6 159 124 94 69 29 84 195 151 76 6 135 54 116 159 122 184 239
    37 49 235 144 194 193 145 128 78 48 11 33 111 80 57 210 244 178 107
    79 155 214 125 148 176 167 84 23 20 227 198 31 39 195 117 155 71 87
    93 149 233 146 19 78 42 121 103 57 152 114 95 76 148 179 251 158 191
    137 103 135 149 25 18 8 26 115 146 119 96 21 117 217 141 112 106 130
    49 57 71 42 242 78 14 233 136 150 121 247 210 225 158 21 247 132 98
    127 106 129 118 220 129 152 213 34 30 15 158 175 49 150 203 252 173
    43 236 230 46 161 76 34 54 121 225 72 206 172 42 101 125 20 184 96
    66 215 227 200 216 235 219 165 164 185 116 158 18 128 244 6 73 116
    38 83 251 86 171 7 213 139 247 202 227 178 186 170 189 214 39 145
    173 157 171 169 191 152 3 242 24 31 198 20 242 60 162 198 104 2 235
    228 16 227 26 170 146 25 128 7 254 182 18 107 44 37 218 136 23 236
    240 95 105 203 86 223 4 85 205 107 255 243 82 192 216 84 44 23 198
    212 22 210 201 174 184 108 188 25 73 192 96 182 47 192 237 51 85 42
    247 81 41 23 227 130 63 140 213 135 47 198 33 87 26 123 160 195 26
    68 191 131 114 158 232 204 119 47 44 228 169 247 19 196 194 65 137
    92 219 17 245 120 218 114 220 150 61 205 254 144 23 169 58 145 18 33
    207 40 83 219 94 42 205 185 172 218 170 126 107 210 88 156 73 135
    172 40 96 221 195 167 159 126 199 146 61 160 76 201 157 222 73 4 101
    224 95 36 173 182 155 211 179 213 98 25 118 253 131 67 121 135 115
    82 155 186 149 102 118 143 136 125 228 175 84 184 14 107 43 150 24
    71 74 65 101 71 240 165 110 48 116 240 26 147 247 186 113 84 12 186
    251 95 75 157 36 172 12 235 247 214 9 165 215 234 149 26 59 42 14 64
    35 244 102 215 158 63 25 179 105 44 100 15 121 129 237 112 36 23 64
    42 247 94 247 128 246 129 174 109 148 151 249 160 28 185 78 100 5
    238 222 177 13 138 95 64 173 218 158 5 186 172 101 120 90 245 253
    188 113 178 179 157 182 124 26 200 54 88 252 81 186 134 25 126 93
    174 225 205 170 136 107 242 26 56 81 200 254 221 55 186 186 108 165
    229 8 199 118 224 168 69 188 7 70 51 174 58 76 247 193 88 230 143
    248 89 123 138 228 66 134 181 80 51 212 184 66 47 187 172 140 61 33
    209 134 211 191 22 105 141 155 137 45 11 85 19 65 165 110 71 18 91
    182 50 175 130 5 159 142 254 254 57 6 146 141 175 6 97 194 143 107
    11 114 254 36 218 40 221 196 142 107 230 210 93 116 45 215 16 222 60
    114 222 143 25 182 112 164 234 255 121 50 193 177 203 109 121 132 88
    138 133 150 126 114 6 7 95 72 114 158 148 215 81 97 36 134 40 60 205
    29 61 97 83 76 172 13 222 198 19 78 243 235 99 235 54 170 53 89 198
    175 82 194 242 83 190 151 78 19 228 92 234 222 183 183 232 37 13 46
    78 218 96 165 39 127 144 8 215 162 182 255 4 163 50 76 100 99 211
    255 178 244 96 109 175 182 20 61 55 133 105 25 213 222 52 121 146 37
    86 159 144 203 213 191 161 139 220 123 161 78 203 186 8 96 100 239
    235 166 253 204 109 150 218 151 54 203 53 123 209 124 158 106 77 45
    53 213 145 96 209 42 224 207 214 1 209 57 103 224 48 161 155 99 26
    108 213 23 1 181 33 162 121 31 169 251 89 207 180 226 44 32 170 93
    29 200 23 20 65 139 150 166 70 60 91 252 235 208 112 159 254 20 116
    170 242 212 167 71 100 252 174 77 254 230 128 234 34 249 167 230 30
    136 30 201 242 13 243 108 68 11 5 19 211 101 74 138 73 88 167 200 87
    122 60 172 246 122 16 143 1 38 186 146 217 250 186 24 242 187 62 72
    26 46 171 221 121 132 248 169 69 175 171 103 245 81 66 16 148 58 74
    81 167 107 83 230 186 71 64 38 119 33 247 138 79 23 247 222 198 215
    14 87 6 80 100 166 65 150 131 184 90 247 149 182 233 113 218 13 91
    191 243 13 220 80 211 186 183 61 33 11 215 244 13 28 51 138 8 173
    164 244 76 219 6 6 130 111 3 71 111 73 20 80 31 203 31 45 231 20 191
    54 49 239 43 32 94 245 92 201 165 118 217 97 236 90 57 198 128 186
    146 26 149 138 105 239 107 58 86 177 122 198 71 59 130 188 162 200
    79 42 2 94 150 83 239 35 127 227 105 113 226 26 196 150 167 25 108
    229 236 54 165 186 120 82 52 70 149 161 161 196 155 151 28 52 236 35
    122 239 184 201 16 203 28 133 76 64 252 33 144 255 8 198 162 49 166
    48 186 180 244 136 67 69 11 240 2 146 133 52 209 212 242 123 205 137
    38 202 230 139 98 208 6 189 206 82 187 134 32 239 209 105 160 197
    140 123 50 165 236 7 191 86 58 66 214 43 248 67 64 252 90 27 30 69
    178 129 1 249 189 99 75 57 117 3 88 167 6 96 231 179 125 214 145 9
    113 232 30 121 230 255 239 66 240 203 201 162 186 184 131 232 97 233
    174 136 104 148 9 184 189 116 193 141 117 37 212 129 39 54 7 54 63
    220 183 127 153 84 64 135 255 42 193 170 16 122 22 11 169 234 120 84
    153 229 47 119 84 15 76 165 139 232 174 47 63 155 23 137 14 126 201
    16 52 244 132 52 189 153 66 71 40 50 208 147 64 13 43 239 14 59 99
    141 129 61 56 203 109 124 2 117 52 194 130 68 45 6 219 170 16 143
    235 134 96 224 50 35 79 39 65 199 215 254 127 240 16 94 93 175 9 104
    45 132 76 106 70 181 16 66 188 152 14 228 151 47 2 169 239 179 154
    108 131 126 191 228 160 243 215 92 10 208 171 101 25 32 65 214 150
    47 1 160 91 135 148 145 6 180 194 76 182 230 194 4 251 26 191 195
    211 254 185 78 165 40 234 227 231 111 251 85 194 75 20 109 170 38
    208 243 47 183 124 106 66 111 201 184 74 236 72 138 118 249 221 211
    238 230 247 83 154 21 17 86 57 88 88 202 167 89 14 83 3 197 127 88
    153 71 244 210 152 241 120 106 20 227 143 191 83 199 116 217 155 114
    241 174 242 61 186 32 30 136 35 113 123 230 39 73 13 158 212 233 17
    62 173 57 167 136 25 109 45 201 49 175 61 116 238 99 184 248 92 169
    23 129 124 206 172 160 254 47 136 88 200 64 114 49 50 108 49 88 212
    35 246 99 79 172 110 100 248 242 115 99 6 112 233 37 159 165 91 131
    217 124 133 129 66 23 62 30 217 98 1 78 98 136 74 53 39 206 210 175
    81 4 124 153 56 237 66 1 71 235 245 193 204 204 133 223 88 134 168
    113 51 200 119 183 109 20 248 119 129 32 174 112 136 1 157 86 117 91
    90 49 113 76 227 11 109 192 142 57 27 82 198 158 233 141 144 237 248
    4 53 144 129 235 191 24 22 160 229 250 138 161 202 240 57 58 165 40
    190 60 127 241 54 250 161 205 168 176 133 107 183 99 51 124 143 6
    249 227 122 142 39 124 203 254 77 189 190 32 33 189 8 182 114 220
    109 175 121 70 23 25 251 35 60 5 47 173 55 114 9 230 247 220 30 54
    233 148 24 131 197 164 54 246 135 178 159 105 115 112 215 16 95 123
    90 180 161 223 130 155 196 20 62 242 120 174 127 232 143 172 145 235
    120 139 64 45 29 68 108 49 163 155 150 211 29 60 28 231 213 220 165
    151 215 183 79 134 76 199 50 32 225 80 18 69 186 15 215 196 124 80
    114 227 59 244 49 108 251 205 177 107 84 20 80 171 221 23 141 201
    133 47 94 79 121 248 215 42 78 147 54 225 8 160 54 249 174 199 33
    100 64 64 137 27 251 16 33 213 91 214 80 124 179 251 206 191 96 122
    124 122 210 32 109 139 176 59 63 77 129 160 17 48 79 138 105 116 130
    238 169 28 16 158 192 236 172 146 254 109 74 42 120 56 46 26 164 60
    195 12 80 144 58 126 160 6 225 131 29 161 40 137 121 59 76 255 183
    223 146 133 100 14 121 90 178 84 32 254 236 19 169 35 33 208 39 215
    79 138 12 111 70 182 89 59 242 153 143 99 57 146 212 232 224 177 13
    20 159 45 32 28 82 225 15 170 245 84 71 89 195 199 47 237 3 108 174
    37 40 101 83 79 180 184 195 27 50 56 57 201 167 90 118 103 73 93 174
    200 40 138 204 108 28 95 230 37 92 223 129 182 170 147 245 100 230
    137 114 86 197 96 242 108 195 56 227 14 155 35 189 242 125 94 91 182
    6 62 25 8 218 93 74 104 20 102 159 218 27 180 193 33 192 235 225 150
    183 107 60 227 160 149 193 115 210 6 180 73 246 120 19 217 97 137
    139 93 190 125 243 54 10 186 155 171 98 159 202 139 198 112 242 162
    211 71 154 135 112 29 142 89 160 205 197 196 204 153 133 253 124 6
    171 61 100 127 239 143 160 95 114 240 118 165 183 207 140 237 33 73
    92 210 244 115 143 203 146 10 197 191 158 69 172 131 126 36 37 111
    53 6 184 16 83 51 172 187 46 23 159 8 172 205 85 189 80 209 161 137
    64 126 199 72 104 70 95 101 226 55 30 40 179 250 181 83 22 57 3 230
    229 198 208 237 251 208 16 249 149 182 134 19 251 88 229 96 57 17
    102 172 237 8 186 177 5 237 20 82 66 113 92 170 158 213 168 166 6 30
    8 73 224 253 109 47 24 21 188 194 218 238 149 190 8 135 206 52 23
    155 190 1 150 224 64 40 255 205 217 76 170 221 234 248 28 8 206 100
    245 146 139 174 27 172 170 172 241 135 168 24 73 143 230 182 143 50
    75 97 228 234 10 140 8 66 186 189 183 45 48 244 189 105 124 158 62 8
    177 25 39 122 81 115 140 175 50 78 95 89 150 50 138 127 244 235 237
    154 215 45 88 35 87 247 197 165 143 69 142 187 37 50 225 197 4 146
    247 184 172 213 81 81 187 233 155 189 113 125 83 87 65 99 57 163 32
    85 105 182 4 151 215 78 14 90 164 41 113 211 98 49 146 115 179 209
    246 240 133 167 219 79 78 191 194 11 67 41 49 179 158 204 115 162 37
    115 13 39 232 220 44 35 224 187 167 90 93 217 180 215 220 16 62 141
    90 140 195 102 73 83 191 71 40 122 187 155 192 4 210 185 230 79 82
    114 139 134 71 217 100 235 252 35 43 38 93 203 158 164 143 210 197
    121 141 66 90 1 32 6 77 20 138 133 77 129 215 102 62 88 56 17 140 73
    118 63 104 223 54 3 249 63 172 80 230 190 220 188 130 55 70 214 223
    249 17 152 23 225 230 104 157 12 68 212 118 210 32 218 16 248 247 73
    244 231 70 53 242 87 162 184 128 180 108 105 90 174 64 235 154 9 171
    66 104 96 42 43 212 51 161 212 17 234 164 78 187 17 190 152 154 244
    90 248 29 170 203 253 45 226 88 191 233 167 2 36 58 218 232 224 137
    107 214 131 23 5 71 178 229 114 63 118 83 253 36 243 232 188 128 255
    150 25 246 240 230 94 215 115 131 191 40 103 165 49 104 134 210 54
    119 198 209 64 185 190 251 52 152 136 204 27 95 73 24 53 77 210 49
    227 103 206 102 19 68 147 104 177 165 178 164 109 54 131 28 195 73
    23 12 119 48 176 221 93 19 51 56 129 157 44 9 71 210 147 203 107 205
    121 134 186 106 138 59 112 38 64 9 95 45 184 119 77 242 22 34 154 78
    164 225 148 75 197 6 159 54 37 67 200 88 93 74 83 5 95 1 237 158 248
    179 97 178 1 46 141 150 35 113 14 215 159 1 22 95 201 84 71 195 6
    150 192 202 119 247 136 118 47 45 59 165 254 178 149 169 177 232 10
    235 1 109 105 124 59 170 143 139 111 148 116 143 84 155 194 186 227
    115 198 114 101 147 159 167 50 154 153 31 222 109 22 22 145 243 156
    193 41 201 108 192 21 179 225 138 233 33 213 216 220 144 13 228 83
    165 59 29 115 5 217 60 87 23 61 142 96 155 174 64 218 35 94 242 6
    165 11 54 252 139 103 130 197 76 136 214 178 76 81 56 95 62 206 30
    247 37 227 136 183 174 255 95 139 225 233 77 254 61 240 167 150 43
    241 138 64 220 55 72 123 47 32 207 251 127 52 104 251 199 69 149 123
    193 156 144 240 190 244 154 85 239 177 188 120 175 175 2 85 95 57 47
    139 77 35 174 242 83 155 109 242 226 255 170 9 249 81 70 166 211 224
    233 78 158 225 248 228 103 117 159 135 232 32 114 155 213 30 193 240
    124 225 218 17 92 250 73 186 75 4 78 158 221 224 63 73 181 62 240 40
    169 25 142 148 150 138 199 127 184 236 233 4 94 119 40 64 92 24 218
    88 90 225 253 103 57 31 27 33 66 245 0 20 79 147 58 146 167 47 24 57
    52 103 68 153 93 198 188 172 141 218 48 35 114 53 236 56 132 118 174
    19 193 119 203 10 44 23 37 121 154 28 126 112 170 185 189 204 126
    219 60 212 223 48 235 54 124 192 210 111 143 83 56 244 230 135 101
    205 46 220 102 99 210 230 13 154 249 48 21 78 70 17 160 239 41 249
    81 119 108 210 113 105 42 185 61 192 61 149 27 145 128 202 56 226
    128 15 190 46 171 34 74 255 141 45 182 1 26 86 253 73 164 83 64 62
    201 109 247 11 203 191 243 31 206 167 64 105 49 67 25 24 27 69 24 29
    176 148 175 198 12 150 226 220 149 202 127 142 101 187 50 5 199 117
    125 82 207 253 117 134 248 237 177 47 159 204 101 254 251 168 124
    223 128 70 174 164 215 90 74 6 76 76 163 66 180 245 175 45 233 230
    206 236 26 230 5 251 61 29 64 204 220 153 62 3 184 197 38 25 231 83
    103 229 213 101 184 113 199 63 117 6 205 61 126 128 37 224 138 170
    23 45 208 219 49 107 155 29 222 59 189 240 55 21 227 125 217 6 15 38
    158 87 182 173 58 129 203 17 57 34 166 10 98 238 1 95 252 201 180 25
    2 189 81 28 48 169 180 67 12 94 194 192 5 24 146 184 181 228 37 49
    179 40 115 230 228 176 242 36 212 179 119 147 170 67 56 210 91 220
    51 222 71 91 125 234 248 71 36 185 174 55 171 28 19 116 147 76 233
    216 31 24 118 98 185 165 233 77 192 204 56 198 175 226 51 100 218
    162 249 11 167 189 139 166 90 202 130 11 16 82 3 165 75 242 246 119
    21 139 209 23 186 124 120 253 200 177 207 119 90 197 224 117 53 98
    110 188 44 68 164 1 236 68 85 180 82 127 167 156 184 240 212 88 91
    156 153 230 133 148 0 98 174 36 206 81 188 140 23 224 65 40 240 237
    93 2 64 228 200 159 8 63 41 28 175 187 230 234 241 239 247 58 228 65
    146 151 46 137 124 203 66 93 55 1 216 49 203 29 225 105 140 67 155
    94 177 19 80 99 41 14 11 133 206 146 77 13 245 12 131 182 6 178 82
    100 165 107 137 54 18 247 226 252 230 61 186 24 6 218 10 254 153 97
    49 174 35 101 172 25 118 116 96 32 242 139 189 162 137 130 121 168
    135 255 192 7 208 157 243 61 42 125 64 255 112 121 85 162 63 187 98
    191 241 172 48 98 38 253 173 105 253 12 67 229 210 16 98 147 251 150
    85 32 65 117 107 59 96 163 228 210 197 81 91 22 210 22 45 244 138 26
    242 28 15 139 118 230 19 240 42 181 201 160 173 10 21 119 27 137 113
    158 165 170 147 113 129 177 2 251 161 254 161 237 4 248 211 130 161
    1 157 228 85 16 64 131 251 54 109 33 44 198 146 185 202 213 156 135
    200 154 119 243 251 230 64 30 96 61 185 51 49 227 238 223 247 20 104
    180 41 53 28 150 82 110 177 65 184 131 86 86 36 116 77 190 179 165
    133 43 48 217 227 73 32 75 232 28 79 85 167 186 54 19 0 163 36 244
    184 36 25 228 143 136 54 216 151 120 82 137 66 120 174 8 211 29 186
    220 9 238 37 96 112 187 202 142 129 47 52 248 192 126 159 19 99 54
    47 148 128 199 68 105 162 184 8 94 63 142 176 209 217 166 152 220
    217 100 58 185 5 92 153 176 236 245 108 101 109 42 176 233 140 122
    119 172 84 115 31 156 32 112 190 171 29 225 17 138 16 5 111 115 133
    228 30 182 20 126 63 148 56 174 195 111 78 173 142 185 55 44 43 15
    240 40 66 39 180 253 47 192 40 85 90 6 128 223 171 157 47 80 206 166
    165 217 135 41 110 122 213 49 164 53 7 90 211 169 181 145 207 129
    255 123 174 47 107 174 102 96 176 7 8 60 104 180 20 53 182 232 97
    116 130 172 20 49 163 173 94 190 143 255 141 223 190 35 44 202 109
    201 22 172 246 214 168 118 237 54 36 203 245 189 11 128 72 140 51
    103 67 103 38 185 32 111 255 202 93 195 94 194 174 79 253 45 147 84
    3 170 16 239 155 82 38 217 87 129 105 177 221 150 31 170 136 126 0
    193 13 67 100 67 224 233 51 59 116 147 242 50 199 145 116 175 6 67
    78 200 5 79 152 15 225 110 250 142 219 192 39 191 233 59 173 255 170
    73 164 42 58 191 172 251 142 156 82 11 173 177 196 110 34 173 242
    192 181 226 54 89 41 184 118 147 63</data></my_img>
<your_img type_id="opencv-matrix">
  <rows>50</rows>
  <cols>100</cols>
  <dt>u</dt>
  <data>
    149 166 244 77 58 48 174 139 2 159 82 43 180 80 169 61 42 135 33 73
    88 208 181 1 236 193 62 45 117 101 46 100 97 53 183 86 64 89 209 184
    216 48 136 120 235 1 150 88 165 187 80 14 126 100 58 35 28 104 8 206
    113 47 164 45 12 182 92 51 126 27 60 117 247 84 203 216 109 24 69
    188 122 195 50 128 69 94 43 165 39 73 114 192 107 217 132 31 160 60
    56 127 195 190 148 193 103 215 239 106 82 70 188 115 69 72 109 122
    237 141 109 28 135 96 53 118 185 37 52 231 154 254 199 37 215 67 95
    137 225 228 128 83 25 65 33 236 186 192 153 163 221 35 74 92 120 82
    204 208 97 77 230 16 190 43 68 134 153 121 185 127 18 52 31 94 143
    76 164 122 31 211 124 14 66 196 19 74 109 179 245 211 231 166 164 83
    79 91 93 153 167 85 130 105 73 87 8 247 184 6 92 121 94 170 6 43 200
    52 246 180 36 132 248 46 35 103 38 5 182 241 139 132 119 77 185 28
    134 111 3 161 254 204 23 252 24 110 217 43 233 14 111 24 59 46 247
    116 136 66 191 200 45 156 23 95 241 125 15 162 79 137 212 36 154 12
    255 144 150 15 115 185 237 152 10 112 107 2 182 103 72 123 6 29 18
    169 55 31 245 7 34 230 33 181 248 145 103 201 11 76 44 199 62 109 38
    11 12 121 37 255 17 91 10 234 219 155 57 254 222 194 94 155 48 56 56
    178 21 7 103 158 9 253 192 202 217 100 54 36 138 4 36 65 124 52 61
    106 78 6 95 27 14 2 94 85 161 83 116 220 112 188 73 120 78 243 23
    236 71 226 221 96 181 244 150 243 91 125 1 211 0 164 36 191 112 24
    120 203 55 23 15 161 24 230 104 228 115 196 42 249 147 82 111 227
    249 50 20 155 27 113 83 126 103 211 6 200 0 52 222 188 220 43 194
    220 184 208 213 88 222 18 108 155 219 183 75 232 142 13 171 88 41 80
    33 100 34 166 95 147 235 179 114 242 172 14 205 81 10 61 30 166 183
    39 146 51 253 190 48 56 71 168 8 86 135 42 96 29 181 142 218 232 76
    1 193 48 22 211 139 94 122 204 200 53 62 8 160 158 187 35 218 96 10
    5 46 177 40 94 32 3 81 153 85 59 142 113 153 161 23 247 99 98 47 53
    211 51 223 116 203 177 66 62 71 157 166 19 131 160 45 236 21 52 38
    90 234 213 211 89 224 45 1 26 221 223 4 26 109 202 93 47 100 57 0
    161 105 128 190 141 10 180 16 35 130 139 48 92 43 150 215 198 112 89
    121 25 213 227 181 47 175 34 85 182 196 12 18 75 191 234 175 158 80
    27 116 80 56 183 170 221 88 54 82 82 179 107 214 120 184 116 231 220
    9 91 163 145 216 244 3 210 44 104 57 202 34 235 2 40 156 4 131 66 20
    62 23 173 56 141 85 167 2 140 149 71 173 141 190 167 227 8 57 249
    231 67 49 133 22 242 180 176 75 171 66 69 88 189 168 247 148 41 162
    9 140 165 254 161 98 22 195 52 138 146 123 144 127 37 159 97 58 16
    20 42 134 104 255 243 43 194 45 255 47 14 17 7 236 61 43 220 228 244
    144 54 182 36 250 41 34 193 171 237 176 105 120 84 48 109 92 70 147
    100 143 46 124 188 230 177 147 193 145 221 241 251 61 189 135 26 5
    172 207 37 49 184 151 16 75 176 225 66 31 250 137 254 104 244 153 35
    204 116 244 201 102 105 113 237 107 98 33 166 14 226 242 44 97 184
    115 129 241 34 72 82 151 184 43 171 85 220 10 157 31 55 137 140 22
    140 151 190 101 180 201 94 175 27 81 170 231 160 219 184 177 92 207
    45 91 155 195 245 26 124 137 206 187 63 21 229 68 34 199 201 64 241
    232 16 196 11 208 224 60 27 79 18 234 121 100 252 19 108 105 121 55
    102 86 120 195 115 44 2 117 109 47 32 127 31 21 227 30 66 120 241
    187 223 218 33 95 88 63 24 106 155 219 89 184 110 71 118 141 121 6
    21 27 195 167 73 136 137 10 239 95 166 39 9 230 111 241 15 119 10
    172 2 245 158 233 76 174 174 145 64 190 12 192 1 215 95 157 107 126
    92 154 218 11 31 219 132 15 47 154 24 223 164 188 23 153 31 172 174
    46 49 28 242 86 218 131 213 234 147 10 209 233 161 43 244 90 245 227
    1 153 31 201 185 172 212 241 70 65 44 106 253 124 117 157 35 224 36
    215 71 24 108 83 55 102 182 161 138 161 22 154 232 217 188 178 200
    191 192 89 89 152 62 201 234 44 43 134 57 49 134 68 37 119 38 76 31
    148 62 60 62 186 17 201 62 130 37 228 143 134 148 134 95 62 185 225
    54 196 223 16 51 234 249 223 213 200 255 251 140 90 76 112 157 41 47
    24 115 138 63 220 237 104 28 37 219 151 186 7 122 34 196 157 221 250
    37 118 93 84 223 186 182 78 206 247 23 20 128 218 205 230 190 60 105
    71 207 5 162 127 96 72 31 90 204 161 78 4 143 52 122 161 125 185 238
    34 43 232 139 189 191 143 127 69 41 12 33 108 74 52 213 241 179 104
    76 155 218 127 150 185 172 79 18 17 227 200 30 38 198 115 153 69 86
    93 143 239 138 18 76 38 113 100 48 140 111 91 69 135 169 248 146 186
    137 103 135 149 25 18 8 26 115 146 119 96 21 117 217 141 112 106 124
    41 51 67 37 239 80 13 234 143 157 131 249 218 225 171 19 248 143 101
    132 105 132 119 218 126 150 210 33 27 15 155 176 45 149 206 252 174
    40 232 227 46 167 77 31 52 123 226 70 213 178 33 96 122 17 188 93 65
    215 230 204 216 239 222 159 155 189 112 146 18 122 244 3 70 113 33
    81 249 83 159 3 208 139 247 202 227 178 186 170 189 214 39 145 173
    157 171 169 191 152 3 242 22 25 194 18 238 58 168 201 113 2 235 232
    15 227 30 181 157 27 133 7 252 183 18 106 41 34 216 132 22 235 237
    89 107 208 79 226 3 86 212 108 255 238 83 199 219 83 43 19 206 217
    18 214 208 181 188 104 192 27 72 198 95 186 46 200 243 48 84 41 246
    82 40 24 226 129 62 134 210 132 44 190 30 87 26 123 160 195 26 68
    191 131 114 158 232 204 119 47 44 228 169 246 18 192 190 66 141 96
    221 15 245 129 220 125 223 159 64 214 252 149 22 171 54 146 17 31
    208 36 72 215 84 37 208 188 176 217 169 133 108 215 84 163 70 143
    177 37 95 223 200 172 165 126 205 148 57 161 72 206 158 222 73 7 100
    223 97 34 172 185 143 211 176 212 97 27 117 253 128 68 117 129 109
    78 147 186 149 102 118 143 136 125 228 175 84 184 14 107 43 150 24
    71 74 69 111 79 238 169 123 48 127 239 24 158 246 192 126 96 13 193
    250 102 73 161 33 172 12 236 248 210 11 167 210 232 149 24 60 40 13
    65 33 244 104 218 168 66 25 188 111 44 102 16 132 132 237 110 31 20
    65 44 247 98 249 128 247 124 181 109 143 143 250 151 31 183 77 101 5
    242 223 176 13 134 95 62 166 218 158 5 186 172 101 120 90 245 253
    188 113 178 179 157 182 124 26 196 54 100 250 90 188 141 23 138 105
    182 228 215 176 151 122 243 30 59 81 207 252 222 54 185 182 108 168
    227 10 202 121 226 177 67 190 8 68 56 181 61 76 247 198 89 232 152
    248 90 130 141 230 64 132 190 79 50 214 193 71 47 198 179 135 68 33
    212 127 210 190 26 103 134 150 133 46 13 88 23 65 155 106 71 18 91
    182 50 175 130 5 159 142 254 254 57 6 146 141 175 6 106 185 145 115
    10 126 251 34 219 40 220 197 155 123 232 217 105 125 47 218 15 221
    60 119 223 143 23 182 116 168 234 254 122 47 200 178 207 119 128 137
    86 143 139 158 133 122 10 11 96 74 114 159 148 218 82 97 33 132 45
    63 207 28 63 97 80 74 167 13 222 200 22 76 244 238 101 239 57 168 57
    89 198 173 82 194 242 83 190 151 78 19 228 92 234 222 183 183 232 37
    13 46 88 210 108 167 36 136 152 8 218 165 185 254 3 171 58 81 114
    111 217 254 183 244 100 111 174 181 17 58 53 130 101 25 214 225 51
    123 148 36 87 165 149 205 214 192 168 147 223 128 169 80 211 193 11
    99 102 239 239 171 252 209 113 154 221 153 60 207 57 123 209 126 152
    109 77 48 57 216 143 103 213 44 228 208 214 1 209 57 103 224 48 161
    155 99 26 108 213 23 1 181 33 162 129 30 172 249 104 207 183 224 52
    33 173 107 31 204 26 19 71 148 155 173 69 59 90 252 237 212 111 161
    253 17 111 174 241 215 172 69 104 252 178 76 254 227 135 232 36 249
    174 232 34 144 26 207 242 13 242 107 69 13 10 18 212 100 76 135 76
    89 162 201 88 123 68 163 247 126 20 138 1 45 188 136 218 249 186 24
    242 187 62 72 26 46 171 221 121 132 248 169 69 175 171 103 243 95 76
    17 154 64 84 90 171 119 95 227 191 80 71 38 126 33 247 145 76 20 249
    224 203 217 13 79 7 73 100 172 64 156 136 182 90 250 154 186 233 117
    219 12 92 196 245 13 226 79 215 190 188 59 28 12 214 242 15 26 53
    141 12 177 161 246 76 217 9 8 128 115 3 77 119 83 22 86 33 199 30 46
    231 20 191 54 49 239 43 32 94 245 92 201 165 118 217 97 236 90 65
    188 134 183 152 28 156 147 115 238 119 69 100 181 127 203 77 64 135
    200 172 206 77 40 4 96 153 79 240 33 130 228 109 121 228 26 202 156
    174 25 111 230 235 52 169 190 122 81 50 69 146 161 159 199 157 151
    23 49 235 30 125 241 189 203 18 205 26 132 78 70 252 33 143 255 10
    203 161 58 164 52 185 177 244 136 67 69 11 240 2 146 133 52 209 212
    242 123 205 137 38 202 228 150 112 201 4 186 202 97 191 141 34 237
    210 121 166 201 148 127 56 173 238 8 201 87 63 68 218 43 250 67 66
    252 89 31 33 76 185 136 3 251 191 96 79 62 125 4 87 169 8 93 234 182
    121 215 143 10 103 228 26 121 227 254 240 69 243 202 201 155 183 183
    132 230 98 234 178 138 116 144 13 179 186 114 193 141 117 37 212 129
    39 54 7 54 63 220 183 127 153 84 64 135 255 54 190 174 18 135 27 15
    176 232 133 102 163 227 58 125 92 16 77 173 149 232 178 54 66 162 20
    145 13 132 204 16 56 247 138 58 190 159 73 78 38 49 210 153 66 11 40
    240 12 51 93 139 125 54 49 200 100 116 4 119 51 196 128 70 45 7 220
    173 13 143 235 136 102 225 60 44 93 51 74 198 215 254 127 240 16 94
    93 175 9 104 45 132 76 106 70 181 16 66 188 152 16 224 158 56 2 171
    237 183 161 119 140 137 196 226 165 242 217 98 11 210 174 109 26 34
    70 220 155 57 2 165 95 138 152 150 8 178 197 83 186 233 197 4 251 23
    194 197 217 252 190 77 163 30 235 230 234 104 251 78 191 74 19 108
    167 40 207 245 51 183 124 110 73 116 200 191 84 238 84 138 121 248
    222 211 238 230 247 83 154 21 17 86 57 88 88 202 167 89 14 83 3 197
    138 104 161 84 239 207 162 236 128 114 27 219 154 196 90 201 122 217
    158 114 239 176 240 67 188 37 33 143 40 119 127 230 43 79 15 157 214
    238 17 73 179 59 177 146 20 121 43 206 48 183 51 117 239 99 188 248
    83 166 20 129 125 204 169 155 254 47 133 87 197 69 117 54 54 114 56
    95 212 41 246 97 78 161 110 100 248 242 115 99 6 112 233 37 159 165
    91 131 217 124 133 129 77 27 73 33 216 107 1 88 111 141 86 64 45 208
    210 176 87 5 123 155 61 237 71 3 76 239 246 199 211 206 136 227 95
    139 168 119 65 203 127 190 117 17 249 128 138 27 182 117 143 2 156
    81 114 88 83 41 105 72 223 11 109 194 143 59 22 77 197 155 233 143
    145 235 249 4 61 150 133 236 197 23 22 153 229 250 138 161 202 240
    57 58 165 40 190 60 127 241 54 250 161 205 178 183 143 122 188 107
    60 135 154 9 247 220 132 152 49 125 205 253 76 196 198 37 38 193 10
    183 114 224 114 174 122 76 24 28 251 36 70 7 52 179 60 119 9 230 249
    226 24 48 235 152 16 132 196 168 44 247 134 178 158 100 116 109 213
    13 92 119 91 181 155 218 132 154 197 22 73 244 124 167 127 233 134
    161 145 235 120 139 64 45 29 68 108 49 163 155 150 211 29 60 28 231
    213 220 169 161 216 186 87 143 86 200 61 44 220 88 17 72 188 15 214
    201 125 77 114 227 66 244 59 111 250 206 179 111 84 20 83 167 227 24
    141 204 138 44 98 80 130 249 223 37 74 149 40 227 7 161 43 249 169
    194 25 97 64 67 137 22 251 12 28 204 95 208 90 128 178 251 204 194
    105 122 125 119 207 31 109 139 176 59 63 77 129 160 17 48 79 138 105
    116 130 238 169 28 19 167 196 234 181 161 254 121 81 51 123 65 56 30
    166 64 197 12 76 144 61 127 165 5 226 132 30 159 44 139 125 66 77
    254 181 221 143 134 104 15 122 87 183 84 27 254 237 13 177 25 24 208
    30 218 76 144 10 110 70 181 88 58 243 153 144 99 58 148 206 232 224
    178 13 23 157 54 39 31 92 228 18 158 245 84 71 89 195 199 47 237 3
    108 174 37 40 101 83 79 180 184 198 36 63 67 67 205 174 99 127 107
    79 103 179 204 49 138 205 110 33 90 230 43 96 224 132 182 167 150
    242 107 233 140 115 95 200 102 242 113 197 63 228 12 157 31 194 241
    132 89 86 182 4 58 20 7 219 88 72 104 18 104 161 219 26 179 192 30
    193 234 222 152 189 116 69 228 158 150 196 117 210 8 171 74 246 120
    19 217 97 137 139 93 190 125 243 54 10 186 155 171 98 159 201 153
    200 122 238 169 211 76 165 140 114 40 155 96 167 206 200 199 209 158
    135 250 129 7 172 66 103 134 239 144 163 102 116 240 123 161 186 209
    140 238 34 73 92 210 247 124 148 209 149 8 196 190 159 71 173 141
    126 30 36 110 56 7 185 18 86 51 171 188 51 27 156 10 168 204 96 194
    92 209 152 131 72 119 199 72 104 70 95 101 226 55 30 40 179 250 181
    83 22 57 3 230 230 197 205 234 252 211 15 248 161 185 137 17 251 90
    226 91 63 16 97 172 237 7 193 174 5 237 20 86 70 121 100 173 158 214
    166 162 8 31 12 81 224 252 119 47 20 18 198 200 223 240 148 190 7
    143 208 47 19 154 186 1 154 227 71 43 254 200 211 82 163 216 233 249
    34 9 206 108 246 139 135 163 31 161 170 172 241 135 168 24 73 143
    230 182 143 50 75 97 228 234 10 140 9 76 186 192 189 52 56 239 199
    106 123 166 67 8 182 27 44 114 74 112 140 176 56 76 97 96 154 60 143
    134 241 233 236 157 217 50 100 38 99 248 201 174 150 72 151 197 33
    47 230 199 2 150 249 189 178 215 81 81 183 235 158 191 116 125 86 88
    70 99 62 158 36 91 108 182 4 150 214 84 20 95 156 46 113 211 98 49
    146 115 179 209 246 240 133 167 219 79 78 191 194 11 76 53 59 185
    166 209 111 168 44 111 15 50 233 219 51 39 222 188 168 83 90 217 183
    214 219 22 70 145 99 144 203 113 78 95 199 80 49 130 196 163 200 5
    210 194 228 80 82 121 144 133 68 215 101 237 253 25 39 31 93 203 162
    167 151 209 196 121 148 71 95 3 33 5 83 23 134 132 82 122 210 102 68
    92 56 17 140 73 118 63 104 223 54 3 249 63 172 80 230 190 220 188
    141 64 73 217 224 248 16 161 24 221 224 99 165 13 65 211 111 210 30
    220 15 246 245 73 242 233 76 62 240 98 171 197 137 191 117 116 102
    182 72 232 158 10 179 69 110 99 39 40 215 43 155 210 12 235 166 76
    181 12 183 153 155 248 92 250 22 169 199 253 48 219 93 189 230 166 4
    41 66 212 230 225 133 106 214 131 23 5 71 178 229 114 63 118 83 253
    36 243 232 188 128 255 162 36 246 238 232 95 219 115 137 198 49 104
    171 59 103 128 210 52 112 204 212 64 190 194 249 61 159 143 208 31
    105 81 27 61 83 216 60 228 110 211 109 17 70 151 106 185 172 189 171
    105 45 132 22 198 72 18 10 123 40 176 220 92 16 47 49 130 157 40 9
    78 207 148 199 110 200 119 128 179 105 131 67 110 38 64 9 95 45 184
    119 77 242 22 34 154 78 164 225 148 75 197 4 167 60 44 72 206 84 87
    71 76 5 90 1 237 164 248 177 90 176 2 46 147 154 37 113 23 217 165 4
    30 108 212 97 83 205 11 157 202 206 131 248 143 128 48 44 60 172 253
    181 146 165 177 232 9 236 1 106 104 124 56 172 150 146 105 150 114
    148 83 155 193 186 221 113 196 111 96 136 150 158 47 145 145 31 222
    109 22 22 145 243 156 193 41 201 108 192 21 179 225 138 233 39 216
    219 222 157 11 232 77 173 60 37 112 5 217 63 86 24 60 137 90 158 174
    64 218 38 100 240 8 167 16 65 250 149 115 141 206 92 146 218 193 88
    90 61 103 64 210 25 248 33 227 129 178 173 255 97 144 224 234 78 254
    59 242 168 151 33 241 139 60 212 49 74 119 43 30 200 247 115 46 99
    247 194 68 149 123 193 156 144 240 190 244 154 85 239 177 188 120
    175 175 2 85 92 61 51 148 78 43 182 244 79 162 109 239 227 255 171 8
    248 74 65 167 214 230 235 81 161 228 244 230 113 133 171 149 235 40
    125 163 218 36 200 240 136 223 216 13 100 250 76 192 76 3 76 154 218
    220 67 78 178 67 242 37 171 20 148 151 152 140 196 125 185 232 230 4
    93 116 38 65 86 22 210 89 95 227 253 103 57 31 27 33 66 245 0 20 79
    147 58 146 167 47 24 57 57 102 71 164 91 205 196 178 148 221 52 40
    115 59 235 57 130 113 171 17 198 124 208 9 48 30 48 131 161 36 141
    124 176 199 200 211 139 220 65 215 222 53 228 59 134 199 212 111 146
    81 53 245 232 145 108 205 46 221 107 102 210 234 13 156 251 41 18 80
    73 16 158 234 39 250 78 111 100 200 109 103 43 179 61 192 61 149 27
    145 128 202 56 226 128 15 190 46 171 34 74 255 141 45 182 1 26 86
    253 73 164 83 64 62 201 109 247 11 203 191 243 31 206 167 64 105 49
    67 25 24 27 69 24 29 176 148 175 198 12 150 226 220 149 202 127 142
    101 187 50 5 199 117 125 82 207 253 117 134 248 237 177 47 159 204
    101 254 251 168 124 223 128 70 174 164 215 90 74 6 76 76 163 66 180
    245 175 45 233 230 206 236 26 230 5 251 61 29 64 204 220 153 62 3
    184 197 38 25 231 83 103 229 213 101 184 113 199 63 117 6 205 61 126
    128 37 224 138 170 23 45 208 219 49 107 155 29 222 59 189 240 55 21
    227 125 217 6 15 38 158 87 182 173 58 129 203 17 57 34 166 10 98 238
    1 95 252 201 180 25 2 189 81 28 48 169 180 67 12 94 194 192 5 24 146
    184 181 228 37 49 179 40 115 230 228 176 242 36 212 179 119 147 170
    67 56 210 91 220 51 222 71 91 125 234 248 71 36 185 174 55 171 28 19
    116 147 76 233 216 31 24 118 98 185 165 233 77 192 204 56 198 175
    226 51 100 218 162 249 11 167 189 139 166 90 202 130 11 16 82 3 165
    75 242 246 119 21 139 209 23 186 124 120 253 200 177 207 119 90 197
    224 117 53 98 110 188 44 68 164 1 236 68 85 180 82 127 167 156 184
    240 212 88 91 156 153 230 133 148 0 98 174 36 206 81 188 140 23 224
    65 40 240 237 93 2 64 228 200 159 8 63 41 28 175 187 230 234 241 239
    247 58 228 65 146 151 46 137 124 203 66 93 55 1 216 49 203 29 225
    105 140 67 155 94 177 19 80 99 41 14 11 133 206 146 77 13 245 12 131
    182 6 178 82 100 165 107 137 54 18 247 226 252 230 61 186 24 6 218
    10 254 153 97 49 174 35 101 172 25 118 116 96 32 242 139 189 162 137
    130 121 168 135 255 192 7 208 157 243 61 42 125 64 255 112 121 85
    162 63 187 98 191 241 172 48 98 38 253 173 105 253 12 67 229 210 16
    98 147 251 150 85 32 65 117 107 59 96 163 228 210 197 81 91 22 210
    22 45 244 138 26 242 28 15 139 118 230 19 240 42 181 201 160 173 10
    21 119 27 137 113 158 165 170 147 113 129 177 2 251 161 254 161 237
    4 248 211 130 161 1 157 228 85 16 64 131 251 54 109 33 44 198 146
    185 202 213 156 135 200 154 119 243 251 230 64 30 96 61 185 51 49
    227 238 223 247 20 104 180 41 53 28 150 82 110 177 65 184 131 86 86
    36 116 77 190 179 165 133 43 48 217 227 73 32 75 232 28 79 85 167
    186 54 19 0 163 36 244 184 36 25 228 143 136 54 216 151 120 82 137
    66 120 174 8 211 29 186 220 9 238 37 96 112 187 202 142 129 47 52
    248 192 126 159 19 99 54 47 148 128 199 68 105 162 184 8 94 63 142
    176 209 217 166 152 220 217 100 58 185 5 92 153 176 236 245 108 101
    109 42 176 233 140 122 119 172 84 115 31 156 32 112 190 171 29 225
    17 138 16 5 111 115 133 228 30 182 20 126 63 148 56 174 195 111 78
    173 142 185 55 44 43 15 240 40 66 39 180 253 47 192 40 85 90 6 128
    223 171 157 47 80 206 166 165 217 135 41 110 122 213 49 164 53 7 90
    211 169 181 145 207 129 255 123 174 47 107 174 102 96 176 7 8 60 104
    180 20 53 182 232 97 116 130 172 20 49 163 173 94 190 143 255 141
    223 190 35 44 202 109 201 22 172 246 214 168 118 237 54 36 203 245
    189 11 128 72 140 51 103 67 103 38 185 32 111 255 202 93 195 94 194
    174 79 253 45 147 84 3 170 16 239 155 82 38 217 87 129 105 177 221
    150 31 170 136 126 0 193 13 67 100 67 224 233 51 59 116 147 242 50
    199 145 116 175 6 67 78 200 5 79 152 15 225 110 250 142 219 192 39
    191 233 59 173 255 170 73 164 42 58 191 172 251 142 156 82 11 173
    177 196 110 34 173 242 192 181 226 54 89 41 184 118 147 63</data></your_img>
</opencv_storage>
