<?xml version="1.0"?>
<opencv_storage>
<L2_diff>1.9617084390907840e+02</L2_diff>
<r>11</r>
<test_img type_id="opencv-matrix">
  <rows>50</rows>
  <cols>100</cols>
  <dt>u</dt>
  <data>
    251 173 247 86 214 81 112 42 128 109 8 224 86 24 84 30 47 216 27 219
    215 152 170 44 114 87 39 113 200 211 184 194 251 190 16 97 201 202
    26 41 138 232 14 245 85 149 84 104 17 211 155 206 130 151 16 35 212
    77 149 202 180 199 26 80 139 53 5 198 121 159 203 226 124 25 109 209
    47 93 143 160 101 92 73 248 157 78 38 66 192 84 77 199 173 12 49 204
    254 168 168 105 69 231 116 198 202 68 113 30 123 49 47 92 25 196 196
    76 48 223 16 235 247 231 57 108 244 32 179 224 94 138 188 241 155
    236 230 81 5 176 20 205 236 203 135 123 43 13 29 237 112 72 153 220
    3 255 126 30 92 60 60 205 176 131 232 103 146 96 87 169 178 53 115 0
    134 130 72 221 199 163 184 158 171 99 26 135 47 49 146 68 39 29 79
    92 173 210 116 106 46 161 31 32 211 157 30 30 153 91 78 98 14 221 87
    4 153 76 177 123 109 90 105 123 242 17 219 224 185 231 185 210 131
    126 114 56 224 223 250 81 83 67 61 135 147 15 90 66 92 74 220 43 132
    40 88 148 95 229 32 230 11 213 55 192 194 108 111 14 18 244 140 21
    18 3 82 232 43 247 183 16 183 65 163 40 86 177 9 61 235 102 135 61
    249 102 28 251 141 184 223 149 102 109 80 85 207 142 226 188 221 170
    191 253 206 98 29 228 232 7 30 29 68 250 135 79 249 95 16 68 103 118
    39 33 92 44 174 187 213 191 191 218 195 16 23 246 69 252 126 100 209
    208 34 228 174 225 255 156 234 81 81 13 123 115 175 104 83 39 178
    144 202 133 27 7 207 193 214 20 56 11 44 30 218 76 12 77 229 113 27
    251 58 0 48 150 128 51 189 159 35 51 114 166 158 95 192 194 53 174
    199 57 99 226 16 110 32 224 153 170 76 189 74 190 245 23 67 49 247
    51 181 212 109 190 186 163 123 204 6 224 148 0 98 122 55 80 183 11
    45 165 100 213 28 87 62 139 110 145 241 234 229 22 198 121 44 165
    198 186 194 132 140 217 187 228 176 39 169 62 88 58 19 255 193 177
    187 62 121 93 235 182 99 206 243 159 27 166 20 236 223 184 203 216
    10 235 66 172 126 21 51 245 186 11 92 86 133 150 173 248 158 221 118
    14 234 126 96 19 175 46 118 12 7 199 134 72 103 14 10 195 14 235 163
    27 110 161 225 157 10 124 29 209 97 98 174 97 28 178 130 57 27 232
    152 29 3 92 37 200 12 54 123 237 58 128 192 155 210 153 171 43 14 69
    231 242 175 41 136 165 158 125 13 213 26 231 129 36 116 231 113 135
    129 200 231 207 176 153 174 148 150 21 45 112 60 207 51 1 192 191
    181 161 121 58 171 203 197 47 228 100 70 91 94 142 51 172 11 181 182
    27 168 232 215 153 162 234 159 157 93 17 9 67 69 151 206 22 175 249
    141 27 11 54 73 11 233 185 47 208 214 21 11 26 191 100 108 199 107
    252 115 161 154 159 220 176 141 32 205 77 215 81 206 163 131 82 16
    231 139 80 161 43 198 236 184 112 87 229 210 41 228 168 165 86 41
    110 115 11 129 24 57 62 152 128 142 141 204 133 10 197 96 55 160 218
    47 69 95 223 125 56 12 244 196 37 177 25 206 137 106 154 43 5 16 206
    34 70 242 193 255 109 198 62 143 162 29 6 68 108 22 121 203 191 104
    241 44 179 163 64 177 67 156 118 200 174 133 111 187 235 12 68 171
    164 212 62 141 237 14 32 171 92 19 81 226 37 195 60 187 181 130 104
    137 130 83 189 0 149 205 237 64 153 62 45 112 198 15 151 191 232 202
    129 5 164 108 107 209 11 196 232 90 33 213 176 66 169 22 155 192 99
    15 21 12 128 209 232 9 196 19 84 6 189 144 197 137 171 194 86 133
    208 60 90 216 165 224 135 81 68 146 150 173 67 212 61 48 134 12 82
    152 190 38 206 193 172 48 128 119 246 28 24 148 138 9 144 0 173 196
    226 81 170 66 9 228 167 77 98 228 154 12 25 177 202 211 55 194 199
    129 135 167 210 50 202 102 22 243 175 201 158 85 248 113 253 213 69
    98 8 254 66 8 210 0 31 222 250 47 56 86 31 150 170 238 223 161 244
    151 116 233 120 79 86 151 231 67 5 251 204 17 17 232 40 215 43 159
    201 222 204 191 167 80 249 221 247 176 4 113 3 235 167 230 110 222
    198 29 134 2 135 62 45 242 25 51 158 34 96 117 239 61 148 137 240 9
    97 235 20 224 27 48 90 198 234 17 17 120 173 172 134 35 196 233 10 3
    211 48 131 224 144 212 225 239 16 172 44 93 237 19 215 170 252 198
    200 178 43 226 121 94 6 60 45 209 225 33 18 155 254 242 5 43 51 174
    21 110 128 241 123 31 174 49 124 2 111 24 106 8 253 206 81 233 234
    201 169 208 14 103 142 18 170 150 52 130 179 44 38 66 67 39 23 63
    232 205 184 60 52 208 30 128 121 78 102 195 146 110 92 54 127 69 200
    65 219 212 170 91 157 78 172 110 215 249 168 190 198 58 115 250 28
    197 215 87 72 43 105 116 217 79 191 243 82 190 163 208 239 212 138
    171 185 7 232 28 10 208 236 160 40 238 49 220 162 7 242 224 132 214
    204 8 36 151 147 19 9 113 155 241 169 184 251 40 212 249 31 6 250
    190 198 157 6 162 20 59 49 64 240 145 207 18 143 25 219 169 82 10
    224 65 152 108 162 213 142 95 160 97 94 228 83 184 122 206 100 70
    244 39 142 110 153 1 80 196 111 81 154 163 133 56 52 98 91 165 70
    103 39 142 84 147 13 165 5 156 6 222 29 12 225 23 205 16 234 224 93
    220 62 31 134 3 170 180 69 151 71 154 215 6 120 119 63 247 217 161
    216 224 123 241 54 139 229 136 214 30 67 154 172 58 246 102 202 6 58
    228 40 105 114 26 183 76 75 197 104 38 74 22 61 132 169 126 118 27
    99 57 111 73 91 30 136 3 238 78 169 174 145 220 33 76 93 244 172 122
    24 42 248 49 176 217 214 254 14 89 88 77 229 32 117 161 226 148 167
    213 251 168 78 87 239 233 95 97 44 98 177 83 158 224 37 5 79 112 98
    129 255 231 181 79 10 19 11 19 190 145 141 179 245 156 29 195 15 123
    67 185 105 155 31 227 152 235 211 194 35 215 9 167 32 122 31 235 181
    9 80 11 23 22 109 4 97 24 111 30 191 60 238 34 49 101 80 151 231 87
    52 129 96 29 158 70 198 248 115 159 108 242 240 96 114 16 93 218 25
    38 14 95 74 97 48 155 14 169 230 194 189 79 82 145 82 234 143 246
    237 149 86 240 15 250 199 75 30 245 67 70 243 170 80 178 219 225 50
    231 255 207 35 31 186 70 201 40 160 24 47 36 20 236 73 215 57 138 49
    155 104 92 47 69 51 63 172 24 239 51 207 203 126 109 235 126 18 50
    47 200 208 105 182 79 177 219 90 244 38 123 93 132 52 7 149 93 140
    185 194 239 83 238 143 79 171 105 182 187 194 99 57 214 116 28 151
    194 44 156 48 58 193 175 209 221 78 0 21 50 186 59 60 142 27 2 202
    236 195 23 71 149 250 169 146 249 8 39 190 12 160 126 129 85 202 47
    194 160 129 154 177 37 81 216 82 193 33 41 96 111 6 126 64 92 213
    249 187 202 247 114 213 201 93 79 45 197 158 209 17 157 125 1 217
    107 26 141 32 48 150 126 209 201 46 103 184 139 15 189 33 125 250
    107 156 133 161 144 187 241 19 135 113 11 136 46 194 233 136 57 37
    120 156 213 217 225 120 123 3 54 155 45 109 242 107 120 108 70 4 224
    56 232 192 208 32 86 90 0 115 78 36 239 75 35 102 24 97 196 254 178
    142 43 109 231 187 189 160 55 230 201 22 15 222 82 131 28 181 230
    112 105 178 73 210 1 7 50 196 93 31 212 127 162 59 142 148 94 31 113
    231 234 37 189 33 232 221 17 92 101 250 82 254 238 241 53 214 173
    216 219 74 71 170 173 171 190 158 178 213 136 108 154 51 186 200 178
    0 96 37 108 242 120 244 250 125 75 191 244 76 66 200 40 221 229 127
    231 235 138 210 81 229 134 68 86 254 12 139 56 215 122 158 145 20
    166 111 179 30 206 183 251 244 61 70 97 211 42 216 137 46 103 66 75
    207 92 124 24 128 163 171 180 252 108 45 195 94 184 34 210 240 226
    13 207 210 87 35 154 146 92 206 133 28 123 66 213 82 174 217 247 84
    186 229 1 157 2 12 21 233 213 244 53 187 78 9 59 168 239 38 164 246
    246 202 107 221 36 39 105 135 55 179 209 76 85 170 87 254 66 177 180
    99 143 89 125 75 89 136 104 95 74 222 234 53 157 48 222 175 34 126
    102 14 36 222 176 215 100 116 163 107 19 247 41 192 93 255 61 90 168
    44 104 42 30 30 49 6 122 50 18 223 108 68 66 98 229 76 241 197 141
    22 205 47 246 45 97 18 108 113 118 26 197 227 227 113 245 95 32 147
    93 118 27 168 122 97 103 247 57 55 198 116 208 155 9 246 148 117 14
    157 70 14 11 248 245 133 122 226 20 27 106 122 83 144 40 182 242 213
    135 48 185 87 61 52 177 147 232 192 51 148 106 125 239 149 23 185
    167 149 86 65 47 27 215 88 102 75 215 31 160 197 209 52 152 11 223
    240 113 135 210 247 184 180 252 206 21 135 91 121 41 117 179 129 240
    37 23 122 55 66 105 12 213 130 165 58 44 134 131 226 225 29 185 147
    196 173 207 137 79 126 203 228 216 203 223 196 100 71 152 132 159 2
    20 66 37 241 128 127 121 121 121 72 101 5 36 103 142 228 160 103 138
    70 162 119 125 165 17 222 111 161 117 197 232 79 175 77 203 175 82
    254 137 112 128 31 100 115 223 70 185 103 130 146 107 156 117 42 111
    24 125 216 60 84 211 137 141 72 135 200 112 54 177 30 136 37 254 98
    137 85 172 64 141 9 133 80 205 220 77 200 38 184 245 43 10 234 102
    161 67 239 157 141 28 235 178 1 137 19 33 199 205 125 53 26 28 138
    73 4 69 136 150 209 62 79 183 203 143 203 77 52 71 70 127 134 90 132
    87 191 243 146 44 150 69 223 234 101 31 197 31 43 188 116 238 229
    206 183 138 54 197 199 41 113 255 223 65 202 140 219 175 245 236 156
    91 6 60 151 150 217 94 111 76 26 107 118 47 225 13 144 123 12 6 100
    25 43 6 5 65 250 13 201 192 33 49 213 39 228 47 101 202 96 111 53
    217 88 157 12 83 132 185 160 234 209 19 10 42 53 101 3 198 3 159 20
    117 154 176 13 86 110 107 67 191 10 78 178 222 12 150 19 69 27 96
    178 170 245 69 195 183 155 139 128 230 249 16 90 236 199 142 225 84
    210 78 49 91 222 208 101 201 113 91 208 12 186 197 155 207 21 172
    191 62 5 39 134 13 89 173 104 23 134 127 36 83 251 0 107 165 125 12
    244 141 41 114 136 183 173 226 56 73 239 97 110 238 65 125 1 233 209
    255 179 95 4 244 87 167 77 38 151 214 200 233 240 124 34 9 33 36 110
    211 88 216 64 191 86 136 225 214 228 193 40 51 158 111 14 42 212 156
    56 243 59 130 208 133 66 248 225 252 210 88 214 205 37 52 160 47 224
    245 33 69 30 56 184 133 119 207 81 153 20 178 97 120 54 232 71 67 61
    103 162 89 16 241 133 15 72 32 80 145 79 180 98 106 75 50 240 199 13
    238 115 34 177 133 171 28 99 130 94 243 174 163 71 40 133 127 234 10
    250 201 67 125 59 113 221 10 29 237 109 142 134 176 169 143 23 121
    252 6 63 149 169 136 154 129 158 180 51 189 187 243 109 99 51 198 10
    66 162 153 9 78 137 112 178 193 188 255 224 71 54 132 200 156 8 208
    243 201 100 74 250 182 145 198 253 226 29 155 210 8 196 82 119 234
    42 61 117 148 228 71 239 195 114 80 56 81 201 139 93 237 16 219 239
    223 228 35 51 208 201 97 36 119 193 164 152 75 81 209 180 242 148 23
    64 172 243 106 102 156 191 227 49 24 200 179 176 232 20 176 27 130
    115 104 189 96 56 151 66 161 105 1 172 225 94 25 123 2 173 217 150
    220 150 69 13 32 50 123 64 168 8 241 139 98 158 162 205 171 60 108
    93 176 243 45 223 109 145 240 79 251 155 225 97 209 0 108 234 168
    166 226 246 159 38 248 241 243 177 42 227 150 59 237 127 164 241 130
    147 1 91 249 57 108 81 57 158 44 221 133 58 234 91 5 181 252 64 23
    172 60 1 152 132 153 99 15 11 225 36 89 157 87 25 215 180 239 243 49
    92 200 27 119 42 22 166 4 168 131 229 0 181 40 187 245 112 38 119 87
    239 247 94 98 188 49 57 114 245 0 32 81 4 121 173 142 88 93 58 159
    143 14 100 141 250 213 34 239 49 250 189 49 75 174 32 91 77 43 95
    239 38 177 199 191 117 20 200 7 134 251 125 200 77 102 182 74 61 118
    14 252 71 104 192 233 99 243 188 239 171 16 138 31 182 47 102 74 112
    206 208 152 134 202 178 77 186 217 119 104 133 224 255 125 7 45 219
    93 126 139 225 195 202 189 198 158 79 135 209 49 72 174 235 103 187
    247 161 7 88 10 236 114 61 59 71 152 243 5 37 154 82 234 54 201 182
    229 106 200 119 96 235 197 6 248 33 137 46 9 165 23 124 2 76 22 128
    200 95 23 189 124 102 97 59 138 107 81 12 158 160 79 88 39 77 13 225
    225 25 151 9 223 161 132 255 173 80 245 44 16 207 34 10 140 14 248
    123 140 240 152 3 145 137 170 147 185 127 8 14 151 77 114 11 39 34
    61 20 63 251 74 169 107 105 56 140 133 13 120 136 115 84 159 117 238
    220 132 234 210 36 66 235 167 109 235 39 125 49 213 66 126 58 240
    122 47 23 210 105 46 62 244 20 230 241 133 137 111 49 179 151 215
    170 202 112 19 249 255 173 193 86 95 234 35 21 128 0 140 192 16 140
    169 221 13 246 112 236 172 197 182 231 90 54 49 230 162 92 201 118
    38 240 198 29 188 142 46 117 119 95 40 242 182 221 105 74 54 29 125
    163 188 1 162 141 174 116 205 90 36 220 79 208 33 10 42 106 203 25
    175 167 41 134 184 171 141 62 201 111 82 63 69 212 146 209 197 131
    53 74 139 118 193 168 246 153 145 132 88 89 105 83 181 101 224 188
    209 173 134 216 252 195 17 128 36 49 120 12 48 195 191 107 226 181
    224 242 202 243 55 126 90 119 178 43 74 236 171 194 86 142 173 23
    227 145 195 30 161 122 225 186 165 32 175 194 7 202 74 234 80 117
    143 79 227 251 218 215 153 76 250 79 100 191 94 206 166 109 225 250
    12 93 46 142 58 199 7 245 210 84 127 85 234 186 16 210 185 80 110
    175 175 234 193 100 14 38 132 224 153 180 7 47 57 213 130 84 70 123
    51 196 47 142 220 10 213 46 109 251 138 141 83 244 229 235 197 83 38
    54 61 162 32 74 235 118 137 189 14 126 18 196 231 111 182 28 140 42
    98 188 225 165 149 134 11 60 11 162 5 229 223 157 209 226 173 145 52
    172 8 210 233 91 255 220 80 26 136 132 129 16 124 159 76 50 126 189
    48 8 189 207 247 13 30 115 120 160 206 159 38 75 74 83 157 94 72 229
    112 1 210 162 139 63 169 75 127 254 71 81 113 191 218 246 30 12 53
    32 247 27 133 192 231 249 7 72 90 182 125 232 112 125 109 8 233 143
    204 235 211 225 39 124 56 249 120 37 206 196 71 76 191 210 241 222
    73 130 235 104 198 201 189 204 127 148 233 65 88 119 88 65 71 75 46
    162 112 71 194 202 111 27 12 191 203 104 4 50 102 161 234 211 240
    103 47 188 116 164 155 144 177 205 181 101 122 17 111 234 30 43 192
    251 33 238 229 181 191 143 81 140 27 67 43 30 171 209 90 28 2 179
    247 152 131 196 227 220 170 43 119 142 133 202 147 235 240 16 249
    147 19 250 200 168 177 9 186 210 238 80 63 171 254 153 175 115 40
    251 250 8 183 9 245 103 178 130 18 135 226 15 225 109 64 101 136 175
    200 240 200 239 95 88 102 190 47 57 19 180 75 179 16 203 185 55 17
    218 150 45 170 224 113 118 167 241 95 208 3 171 39 241 113 97 124
    138 36 165 51 223 253 39 8 187 236 178 124 61 83 119 130 253 12 201
    74 92 63 167 116 150 86 50 60 135 75 124 225 212 211 168 120 69 128
    87 92 34 31 2 80 217 254 8 229 28 189 228 169 204 163 14 160 48 242
    221 125 20 214 89 116 183 69 70 210 168 84 145 68 190 106 170 66 186
    105 47 25 103 168 40 199 219 147 123 210 191 42 7 79 138 93 236 52
    36 136 0 123 170 82 217 150 62 241 145 110 88 72 136 194 213 157 45
    198 51 186 224 77 202 65 131 237 180 172 204 53 244 81 102 7 6 41
    232 154 171 224 149 196 123 42 9 44 100 24 176 158 90 104 159 87 223
    195 156 137 238 2 184 144 221 23 86 158 190 125 80 254 251 254 17
    171 208 248 176 130 192 242 53 236 166 136 247 82 79 72 108 77 123
    183 22 138 116 205 48 200 74 21 208 38 98 75 179 171 173 8 233 173
    85 114 136 74 91 38 27 209 186 83 144 139 0 71 144 217 159 37 110 75
    171 152 244 167 106 121 210 169 53 70 33 59 48 47 44 113 244 71 32
    216 230 254 224 111 63 176 139 189 12 234 155 64 234 9 92 194 61 235
    170 142 212 16 34 100 109 139 91 36 175 100 107 27 128 75 116 12 147
    70 212 36 82 89 214 89 15 246 206 245 158 78 12 16 146 135 33 186 26
    167 58 25 156 38 206 174 43 231 214 69 113 166 226 10 68 174 192 196
    226 93 53 0 47 113 205 110 0 89 144 41 18 239 128 196 134 109 57 247
    149 168 32 96 179 13 224 38 137 50 81 78 205 161 32 195 62 166 61
    243 175 101 44 14 41 153 255 50 133 91 12 77 51 63 15 89 128 61 77
    160 110 185 169 154 230 76 219 122 57 170 226 237 56 143 216 133 231
    187 78 95 216 154 97 179 183 115 69 120 146 66 114 254 108 31 196
    102 68 175 33 46 31 149 123 57 35 222 219 240 122 42 217 57 64 121
    127 203 121 48 183 77 73 144 3 204 245 146 67 222 38 116 153 24 120
    186 203 138 125 112 116 112 91 118 103 185 176 117 65 246 184 203 43
    25 148 128 146 60 167 234 70 34 146 171 89 133 188 89 5 173 53 24
    125 138 65 119 18 190 90 69 33 104 31 119 149 232 222 167 130 160
    213 202 49 13 50 156 115 163 206 240 4 5 12 138 131 140 232 15 88
    249 134 143 241 253 199 121 181 105 129 154 104 5 146 230 22 14 55
    36 60 155 153 91 141 145 234 113 33 179 249 235 22 52 157 67 34 222
    134 117 162 219 26 155 45 251 209 224 36 163 209 250 98 97 38 190
    127 228 127 31 80 77 1 172 36 167 46 222 42 77 29 97 255 118 198 164
    127 177 178 222 211 27 169 35 83 239 62 227 156 25 4 167 87 144 209
    101 213 155 95 116 29 175 38 153 165 125 55 146 219 28 224 131 127
    199 152 161 22 171 64 5 61 53 206 61 18 158 191 95 239 51 250 105
    170 202 133 146 134 72 52 109 45 139 38 179 33 135 76 41 233 188 23
    28 210 216 94 164 235 161 121 0 40 201 151 46 138 70 6 198 163 179
    170 98 219 41 71 187 194 31 138 170 23 147 6 138 162 172 44 15 215
    239 55 208 128 140 143 32 170 187 90 38 173 50 135 148 185 70 165 75
    13 14 93 14 246 106 159 226 173 3 15 49 72 152 87 20 13 124 154 20
    117 196 238 190 187 173 18 144 63 175 21 124 25 250 212 239 22 43
    132 247 86 229 206 154 98 138 244 190 206 16 78 155 41 128 106 173
    45 241 105 206 54 239 164 162 173 247 102 25 2 161 24 249 46 26 90
    233 51 89 132 232 206 69 128 129 252 44 45 73 35 138 193 3 96 208
    141 43 167 175 99 214 34 156 39 25 247 230 48 121 98 36 104 220 126
    179 198 59 17 51 234 62 147 220 11 74 48 236 242 103 31 157 113 232
    3 50 161 27 55 187 199 130 245 148 135 206 174 111 3 255 93 34 107
    30 84 199 166 34 181 150 196 100 158 7 27 134 136 203 153 2 58 239
    58 236 74 104 156 22 137 70 186 157 159 218 49 92 103 137 146 79 192
    82 156 184 116 36 133 84 150 110 221 213 163 60 74 213 186 222 217
    173 203 91 63 218 146 50 132 238 167 218 73 38 83 63 213 140 13 153
    95 26 209 117 176 202 41 145 118 184 147 168 104 68 233 247 84 188
    161 29 222 51 57 93 98 229 168 179 55 91 210 18 111 239 62 126 192
    184 158 203 199 177 81 71 150 20 94 174 199 156 181 215 83 101 200
    174 68 103 157 123 192 189 78 166 25 193 147 28 132 171 222 159 163
    245 56 140 43 237 91 119 232 202 221 195 158 64 248 142 24 252 128
    75 241 5 19 169 149 20 145 45 171 183 63 239 243 33 201 3 169 67 202
    152 116 200 83 146 246 118 128 102 7 45 117 211 201 75 28 211 29 144
    238 91 48 135 231 52 195 182 72 184 6 241 206 102 121 206 120 222
    235 201 9 212 255 225 8 66 3 109 29 119 201 95 20 4 200 120 207 199
    50 207 252 134 81 228 16 57 83 147 201 237 168 88 156 30 226 149 82
    32 9 75 125 35 97 107 120 37 11 223 131 143 149 230 114 74 222 233
    126 249 32 187 57 185 144 104 111 142 197 143 215 148 131 254 158
    240 6 72 53 253 2 189 190 241 236 119 147 157 201 149 163 60 72 117
    149 206 162 233 182 181 165 182 176 12 24 34 90 80 70 242 234 174 7
    191 3 110 119 21 93 51 49 186 231 251 124 29 236 239 178 246 106 4
    114 157 10 152 121 243 163 62 175 59 198 143 72 88 162 187 9 238 158
    33 107 130 109 200 229 194 165 14 199 226 142 61 10 6 117 78 15 196
    15 186 150 64 53 113 167 223 101 237 254 239 88 235 127 18 0 156 100
    68 161 152 50 10 162 159 241 192 149 108 237 60 146 181 8 254 228
    164 145 164 57 243 231 42 122 98 187 18 18 90 8 200 118 165 192 183
    78 183 134 119 214 114 136 34 85 88 79 36 130</data></test_img>
<my_img type_id="opencv-matrix">
  <rows>50</rows>
  <cols>100</cols>
  <dt>u</dt>
  <data>
    251 173 247 86 214 81 112 42 128 109 8 224 86 24 84 30 47 216 27 219
    215 152 170 44 114 87 39 113 200 211 184 194 251 190 16 97 201 202
    26 41 138 232 14 245 85 149 84 104 17 211 155 206 130 151 16 35 212
    77 149 202 180 199 26 80 139 53 5 198 121 159 203 226 124 25 109 209
    47 93 143 160 101 92 73 248 157 78 38 66 192 84 77 199 173 12 49 204
    254 168 168 105 69 231 116 198 202 68 113 30 123 49 47 92 25 196 196
    76 48 223 16 235 247 231 57 108 244 32 179 224 94 138 188 241 155
    236 230 81 5 176 20 205 236 203 135 123 43 13 29 237 112 72 153 220
    3 255 126 30 92 60 60 205 176 131 232 103 146 96 87 169 178 53 115 0
    134 130 72 221 199 163 184 158 171 99 26 135 47 49 146 68 39 29 79
    92 173 210 116 106 46 161 31 32 211 157 30 30 153 91 78 98 14 221 87
    4 153 76 177 123 109 90 105 123 242 17 219 224 185 231 185 210 131
    126 114 56 224 223 250 81 83 67 61 135 147 15 90 66 92 74 220 43 132
    40 88 148 95 229 32 230 11 213 55 192 194 108 111 14 18 244 140 21
    18 3 82 232 43 247 183 16 183 65 163 40 86 177 9 61 235 102 135 61
    249 102 28 251 141 184 223 149 102 109 80 85 207 142 226 188 221 170
    191 253 206 98 29 228 232 7 30 29 68 250 135 79 249 95 16 68 103 118
    39 33 92 44 174 187 213 191 191 218 195 16 23 246 69 252 126 100 209
    208 34 228 174 225 255 156 234 81 81 13 123 115 175 104 83 39 178
    144 202 133 27 7 207 193 214 20 56 11 44 30 218 76 12 77 229 113 27
    251 58 0 48 150 128 51 189 159 35 51 114 166 158 95 192 194 53 174
    199 57 99 226 16 110 32 224 153 170 76 189 74 190 245 23 67 49 247
    51 181 212 109 190 186 163 123 204 6 224 148 0 98 122 55 80 183 11
    45 165 100 213 28 87 62 139 110 145 241 234 229 22 198 121 44 165
    198 186 194 132 140 217 187 228 176 39 169 62 88 58 19 255 193 177
    187 62 121 93 235 182 99 206 243 159 27 166 20 236 223 184 203 216
    10 235 66 172 126 21 51 245 186 11 92 86 133 150 173 248 158 221 118
    14 234 126 96 19 175 46 118 12 7 199 134 72 103 14 10 195 14 235 163
    27 110 161 225 157 10 124 29 209 97 98 174 97 28 178 130 57 27 232
    152 29 3 92 37 200 12 54 123 237 58 128 192 155 210 153 171 43 14 69
    231 242 175 41 136 165 158 125 13 213 26 231 129 36 116 231 113 135
    129 200 231 207 176 153 174 148 150 21 45 112 60 207 51 1 192 191
    181 161 121 58 171 203 197 47 228 100 70 91 94 142 51 172 11 181 182
    27 168 232 215 153 162 234 159 157 93 17 9 67 69 151 206 22 175 249
    141 27 11 54 73 11 233 185 47 208 214 21 11 26 191 100 108 199 107
    252 115 161 154 159 220 176 141 32 205 77 215 81 206 163 131 82 16
    231 139 80 161 43 198 236 184 112 87 229 210 41 228 168 165 86 41
    110 115 11 129 24 57 62 152 128 142 141 204 133 10 197 96 55 160 218
    47 69 95 223 125 56 12 244 196 37 177 25 206 137 106 154 43 5 16 206
    34 70 242 193 255 109 198 62 143 162 29 6 68 108 22 121 203 191 104
    241 44 179 163 64 177 67 156 118 200 174 133 111 187 235 12 68 171
    164 212 62 141 237 14 32 171 92 19 81 226 37 195 60 187 181 130 104
    137 130 83 189 0 149 205 237 64 153 62 45 112 198 15 151 191 232 202
    129 5 164 108 107 209 11 196 232 90 33 213 176 66 169 22 155 192 99
    15 21 12 128 209 232 9 196 19 84 6 189 144 197 137 171 194 86 133
    208 60 90 216 165 224 135 81 68 146 150 173 67 212 61 48 134 12 82
    152 190 38 206 193 172 48 128 119 246 28 24 148 138 9 144 0 173 196
    226 81 170 66 9 228 167 77 98 228 154 12 25 177 202 211 55 194 199
    129 135 167 210 50 202 102 22 243 175 201 158 85 248 113 253 213 69
    98 8 254 66 8 210 0 31 222 250 47 56 86 31 150 170 238 223 161 244
    151 116 233 120 79 86 151 231 67 5 251 204 17 17 232 40 215 43 159
    201 222 204 191 167 80 249 221 247 176 4 113 3 235 167 230 110 222
    198 29 134 2 135 62 45 242 25 51 158 34 96 117 239 61 148 137 240 9
    97 235 20 224 27 48 90 198 234 17 17 120 173 172 134 35 196 233 10 3
    211 48 131 224 144 212 225 239 16 172 44 93 237 19 215 170 252 198
    200 178 43 226 121 94 6 60 45 209 225 33 18 155 254 242 5 43 51 174
    21 110 128 241 123 31 174 49 124 2 111 24 106 8 253 206 81 233 234
    201 169 208 14 103 142 18 170 150 52 130 179 44 38 66 67 39 23 63
    232 205 184 60 52 208 30 128 121 78 108 190 151 118 97 59 136 72 202
    65 220 212 163 91 154 78 167 112 215 250 162 186 194 60 120 250 35
    193 216 88 75 48 111 123 220 83 190 245 88 189 170 210 243 215 139
    173 187 9 238 31 10 210 241 159 44 242 51 224 158 6 246 225 123 215
    201 7 39 147 143 20 9 111 146 241 159 181 252 41 212 249 31 6 250
    190 198 157 6 162 20 59 49 64 240 145 207 18 143 25 219 169 89 9 224
    67 156 116 165 218 151 100 163 101 97 229 87 181 128 203 107 78 244
    49 145 117 153 2 83 193 119 84 153 164 139 64 60 108 100 170 77 114
    43 149 84 152 14 170 5 157 7 228 34 15 228 29 210 20 239 229 92 223
    66 36 127 4 167 181 72 148 72 151 212 6 113 112 62 249 216 158 216
    224 123 241 54 139 229 136 214 30 67 154 172 58 246 102 202 6 58 228
    40 105 120 26 178 77 74 196 110 40 75 24 64 136 167 134 128 33 105
    64 121 82 97 41 144 4 240 82 170 178 152 220 40 78 100 246 178 129
    27 47 250 56 181 221 217 254 16 88 86 79 232 37 119 162 228 147 165
    214 252 165 76 88 242 233 93 97 51 101 176 88 152 222 41 4 78 104 92
    118 255 230 181 79 10 19 11 19 190 145 141 179 245 156 29 195 15 123
    67 185 105 155 31 227 152 237 211 188 35 219 8 168 34 130 34 242 181
    10 87 14 30 29 121 4 107 34 124 41 192 66 238 44 55 107 85 152 232
    94 58 138 105 34 165 76 201 251 119 161 110 246 243 96 114 19 95 220
    29 41 17 94 68 95 51 149 17 166 226 193 186 80 86 141 83 234 138 247
    237 138 85 241 17 251 199 75 30 245 67 70 243 170 80 178 219 225 50
    231 255 207 35 31 186 70 201 40 164 22 46 36 18 242 75 223 60 144 53
    156 112 96 53 75 57 68 177 32 242 60 211 205 134 116 235 133 22 56
    54 200 211 115 188 83 181 220 97 249 42 127 94 135 56 9 150 94 142
    189 195 244 81 240 139 77 166 100 178 183 193 95 54 213 111 27 145
    190 46 150 48 54 181 162 201 216 73 1 21 50 186 59 60 142 27 2 202
    236 195 23 71 149 250 169 146 249 8 39 190 12 164 124 130 83 207 49
    195 164 135 157 182 42 87 225 89 194 41 50 105 121 7 134 67 97 216
    248 187 204 246 120 215 202 99 84 49 198 165 210 19 166 133 2 220
    110 27 141 35 51 152 131 209 199 48 101 182 133 15 183 33 118 251
    101 147 126 154 135 179 242 20 131 107 12 125 48 185 232 129 55 37
    120 156 213 217 225 120 123 3 54 155 45 109 242 107 120 108 70 4 224
    56 232 189 211 33 85 90 0 121 81 37 243 77 38 110 28 107 197 255 182
    148 53 117 233 188 189 161 60 228 202 27 18 222 86 137 32 185 228
    121 110 181 78 212 3 9 51 195 93 32 215 132 167 59 142 146 92 31 112
    227 232 36 184 34 226 215 17 87 100 251 81 254 235 242 54 205 162
    212 215 72 70 170 173 171 190 158 178 213 136 108 154 51 186 200 178
    0 96 37 108 242 120 244 250 126 76 186 247 77 69 202 43 227 235 133
    237 241 147 216 88 234 141 74 93 254 17 147 63 217 125 159 150 23
    166 117 178 32 207 186 252 245 59 67 103 213 40 217 139 46 105 63 75
    206 94 126 26 129 163 171 179 253 107 45 190 96 180 33 206 239 221
    15 199 201 87 38 147 135 92 200 126 29 117 66 213 82 174 217 247 84
    186 229 1 157 2 12 21 233 213 244 53 187 78 9 59 168 241 41 165 250
    250 205 112 225 39 45 112 143 62 184 212 80 90 171 93 254 69 177 181
    103 145 91 128 76 90 141 107 97 75 223 232 54 159 48 223 180 35 132
    103 17 37 222 185 217 107 121 170 111 23 248 43 188 92 255 61 91 166
    45 100 43 27 28 53 6 117 53 18 215 101 68 67 96 225 76 241 197 141
    22 205 47 246 45 97 18 108 113 118 26 197 227 227 113 245 95 32 146
    91 119 27 167 125 101 107 249 61 59 199 124 211 161 13 246 149 120
    21 161 72 20 14 246 243 136 125 225 23 27 107 125 84 150 39 186 242
    214 143 49 189 85 64 56 181 152 230 197 56 152 110 129 239 150 25
    183 164 142 83 66 50 23 211 84 100 70 207 28 152 187 198 54 145 13
    221 240 110 135 210 247 184 180 252 206 21 135 91 121 41 117 179 129
    240 37 23 122 55 66 105 12 213 130 166 58 45 140 134 233 232 30 187
    154 199 180 209 141 81 128 201 229 216 203 223 192 100 70 154 136
    160 3 23 66 36 241 134 135 123 124 130 70 103 5 35 108 148 229 167
    108 144 69 168 123 129 170 20 216 110 158 117 193 225 73 175 71 196
    170 81 254 134 107 121 28 95 108 220 72 177 103 130 146 107 156 117
    42 111 24 125 216 60 84 211 137 141 72 135 200 112 54 177 28 136 37
    254 98 140 86 174 62 147 9 141 86 210 225 81 203 43 185 245 48 13
    235 104 162 66 236 160 149 27 233 177 3 142 17 30 201 205 129 55 23
    25 145 69 4 67 139 159 214 65 80 188 202 145 204 73 49 65 63 124 134
    88 125 84 185 245 139 45 142 64 216 230 94 28 185 30 44 178 116 238
    229 206 183 138 54 197 199 41 113 255 223 65 202 140 219 175 245 236
    156 91 5 59 149 149 221 96 115 74 27 115 126 55 234 18 156 131 16 7
    106 31 48 8 7 66 249 17 202 192 35 52 214 39 226 48 105 206 101 114
    55 217 88 165 12 83 141 191 166 235 213 22 12 45 53 100 3 199 3 155
    20 115 152 173 13 82 106 105 60 181 9 72 168 214 12 140 16 65 23 92
    178 170 245 69 195 183 155 139 128 230 249 16 90 236 199 142 225 84
    210 78 49 91 219 209 96 202 117 93 213 14 188 201 161 214 25 177 194
    67 5 45 142 18 92 174 106 28 137 129 40 84 252 1 109 164 128 13 244
    148 40 116 139 187 176 224 55 70 241 98 111 239 64 133 3 230 207 255
    182 90 4 245 78 162 70 38 143 208 190 226 239 118 28 6 27 32 101 201
    85 212 61 181 86 136 225 214 228 193 40 51 158 111 14 42 212 156 56
    243 59 130 208 133 66 248 225 254 212 84 217 206 39 54 161 53 228
    247 38 74 35 63 185 135 121 206 86 154 25 175 96 117 58 230 73 68 66
    101 165 90 16 240 140 14 70 32 79 155 76 184 102 107 75 51 244 209
    14 238 114 32 182 133 169 23 92 125 92 245 168 158 64 38 128 121 229
    8 253 189 58 116 53 108 215 11 29 237 109 142 134 176 169 143 23 121
    252 6 63 149 169 136 154 129 158 180 51 189 184 244 108 96 48 199 9
    64 163 153 8 80 143 119 180 194 188 255 228 75 59 130 199 154 10 208
    241 199 98 74 251 180 152 197 254 224 26 158 211 11 199 80 122 233
    41 63 117 158 231 69 242 201 110 73 52 74 199 131 85 235 16 212 239
    218 222 31 48 200 193 93 32 110 178 150 142 74 82 202 180 242 148 23
    64 172 243 106 102 156 191 227 49 24 200 179 176 232 20 176 27 130
    115 98 187 89 50 144 60 157 107 2 168 232 95 28 125 3 171 218 148
    219 148 66 16 34 53 119 63 166 9 240 144 97 161 165 206 173 61 108
    94 179 246 44 224 110 156 243 79 253 163 229 97 213 1 104 233 170
    164 220 245 154 38 248 242 244 172 41 223 144 54 234 122 152 240 122
    138 0 89 247 57 108 81 57 158 44 221 133 58 234 91 5 181 252 64 23
    172 60 1 152 132 153 95 14 8 227 32 84 151 80 26 218 179 241 243 52
    93 201 29 116 45 27 163 5 165 127 228 2 179 44 190 246 113 40 121 92
    237 249 99 102 191 52 58 117 249 1 31 83 5 128 182 151 89 93 53 159
    146 13 94 134 251 209 31 240 46 252 180 48 71 168 24 90 74 40 89 236
    34 171 190 182 117 20 200 7 134 251 125 200 77 102 182 74 61 118 14
    252 71 104 192 233 99 243 184 238 168 16 136 28 178 44 104 69 114
    209 214 154 139 204 180 79 189 218 118 100 132 225 255 122 8 48 218
    94 129 143 223 195 204 192 201 161 79 137 212 48 69 178 236 104 196
    250 168 8 88 11 236 111 57 53 64 149 244 5 36 151 78 233 52 197 176
    229 104 192 117 94 231 187 5 248 32 137 46 9 165 23 124 2 76 22 128
    200 95 23 189 124 102 97 59 138 107 81 12 158 160 70 81 36 70 13 231
    233 27 151 8 228 164 135 255 178 81 245 46 21 211 36 12 144 18 249
    124 148 239 159 3 153 143 174 158 189 135 10 13 160 76 115 10 38 33
    63 19 63 253 76 174 105 100 51 141 132 13 115 132 110 84 156 113 237
    213 130 232 206 32 63 233 161 102 232 35 126 53 208 66 126 58 240
    122 47 23 210 105 46 62 244 20 230 241 133 137 111 49 179 151 215
    170 204 108 17 250 255 171 199 81 94 237 37 25 131 1 145 197 21 144
    170 223 18 247 109 235 173 196 184 231 95 62 55 229 167 95 205 119
    38 240 202 27 193 147 44 119 123 94 40 247 191 221 101 69 48 26 121
    161 185 2 159 139 172 108 201 86 34 216 75 202 27 11 39 94 195 21
    172 164 39 134 184 171 141 62 201 111 82 63 69 212 146 209 197 131
    53 74 139 118 193 168 246 152 143 127 81 83 103 77 182 100 229 193
    217 178 139 222 251 200 22 130 40 56 115 14 54 194 189 105 227 185
    226 243 206 244 61 130 94 122 180 46 76 237 176 197 87 149 180 21
    231 152 203 28 161 119 223 189 165 27 175 188 9 201 68 232 78 109
    139 76 227 254 214 212 151 70 251 77 97 189 92 206 166 109 225 250
    12 93 46 142 58 199 7 245 210 84 127 85 234 186 16 210 185 73 105
    177 176 235 197 94 13 40 132 230 157 187 5 54 63 220 131 91 74 123
    58 197 54 145 220 12 215 53 110 253 142 146 89 245 227 232 198 87 40
    56 64 163 32 77 238 119 142 197 17 125 19 198 227 107 184 25 137 40
    96 186 222 160 146 129 13 58 13 159 6 227 219 151 204 224 173 145 54
    172 8 210 233 91 255 220 80 26 136 132 129 16 124 159 76 50 126 189
    48 8 189 208 248 11 30 112 119 156 209 156 40 73 74 84 162 96 75 235
    115 3 215 162 142 67 170 74 125 254 72 83 114 194 219 247 29 14 56
    31 249 24 132 195 228 252 7 73 92 188 129 232 111 123 104 11 229 144
    203 235 210 220 41 122 57 250 115 33 203 190 67 74 188 208 242 217
    71 127 238 104 191 201 189 204 127 148 233 65 88 119 88 65 71 75 46
    162 112 71 194 202 111 27 12 193 205 101 3 47 98 157 235 216 240 100
    49 193 117 167 156 142 178 206 184 100 116 18 108 233 28 44 194 253
    32 237 230 184 194 145 82 143 23 64 44 28 173 212 90 26 3 185 250
    151 129 200 225 215 169 41 113 137 125 199 145 237 243 16 250 139 16
    253 194 166 177 10 180 203 237 79 65 171 255 153 175 115 40 251 250
    8 183 9 245 103 178 130 18 135 226 15 225 109 64 101 136 175 202 241
    206 239 91 82 95 193 46 56 19 184 75 183 16 206 187 58 19 220 148 44
    171 224 107 111 164 242 95 212 3 173 40 243 113 99 123 136 35 162 52
    222 254 40 9 191 241 182 122 58 80 114 124 254 12 201 68 85 59 166
    107 143 81 44 55 126 71 116 225 210 208 162 110 65 127 86 89 34 31 2
    80 217 254 8 229 28 189 228 169 204 163 14 160 48 242 221 125 20 214
    88 114 188 65 66 215 163 77 139 62 197 104 171 63 188 100 48 26 99
    168 39 198 219 145 114 209 187 41 8 77 135 90 234 54 35 131 2 119
    164 78 216 145 59 244 141 104 84 72 132 197 215 150 43 197 51 186
    221 71 200 61 126 240 174 170 197 51 246 78 96 10 7 38 227 149 168
    223 147 188 123 42 9 44 100 24 176 158 90 104 159 87 223 195 156 137
    238 2 184 144 221 23 82 157 197 121 77 254 252 254 18 169 213 249
    180 128 195 241 55 239 163 136 247 78 76 69 100 72 119 181 22 137
    110 206 51 202 72 19 209 37 96 70 180 171 173 9 233 175 81 109 129
    74 86 38 26 210 189 79 138 131 1 68 142 215 154 34 99 70 167 147 246
    164 99 113 206 166 55 69 32 58 48 47 44 113 244 71 32 216 230 254
    224 111 63 176 139 189 12 234 155 64 234 9 92 194 61 235 170 142 212
    16 34 100 109 139 91 36 175 100 107 27 128 75 116 12 147 70 212 36
    82 89 214 89 15 246 206 245 158 78 12 16 146 135 33 186 26 167 58 25
    156 38 206 174 43 231 214 69 113 166 226 10 68 174 192 196 226 93 53
    0 47 113 205 110 0 89 144 41 18 239 128 196 134 109 57 247 149 168
    32 96 179 13 224 38 137 50 81 78 205 161 32 195 62 166 61 243 175
    101 44 14 41 153 255 50 133 91 12 77 51 63 15 89 128 61 77 160 110
    185 169 154 230 76 219 122 57 170 226 237 56 143 216 133 231 187 78
    95 216 154 97 179 183 115 69 120 146 66 114 254 108 31 196 102 68
    175 33 46 31 149 123 57 35 222 219 240 122 42 217 57 64 121 127 203
    121 48 183 77 73 144 3 204 245 146 67 222 38 116 153 24 120 186 203
    138 125 112 116 112 91 118 103 185 176 117 65 246 184 203 43 25 148
    128 146 60 167 234 70 34 146 171 89 133 188 89 5 173 53 24 125 138
    65 119 18 190 90 69 33 104 31 119 149 232 222 167 130 160 213 202 49
    13 50 156 115 163 206 240 4 5 12 138 131 140 232 15 88 249 134 143
    241 253 199 121 181 105 129 154 104 5 146 230 22 14 55 36 60 155 153
    91 141 145 234 113 33 179 249 235 22 52 157 67 34 222 134 117 162
    219 26 155 45 251 209 224 36 163 209 250 98 97 38 190 127 228 127 31
    80 77 1 172 36 167 46 222 42 77 29 97 255 118 198 164 127 177 178
    222 211 27 169 35 83 239 62 227 156 25 4 167 87 144 209 101 213 155
    95 116 29 175 38 153 165 125 55 146 219 28 224 131 127 199 152 161
    22 171 64 5 61 53 206 61 18 158 191 95 239 51 250 105 170 202 133
    146 134 72 52 109 45 139 38 179 33 135 76 41 233 188 23 28 210 216
    94 164 235 161 121 0 40 201 151 46 138 70 6 198 163 179 170 98 219
    41 71 187 194 31 138 170 23 147 6 138 162 172 44 15 215 239 55 208
    128 140 143 32 170 187 90 38 173 50 135 148 185 70 165 75 13 14 93
    14 246 106 159 226 173 3 15 49 72 152 87 20 13 124 154 20 117 196
    238 190 187 173 18 144 63 175 21 124 25 250 212 239 22 43 132 247 86
    229 206 154 98 138 244 190 206 16 78 155 41 128 106 173 45 241 105
    206 54 239 164 162 173 247 102 25 2 161 24 249 46 26 90 233 51 89
    132 232 206 69 128 129 252 44 45 73 35 138 193 3 96 208 141 43 167
    175 99 214 34 156 39 25 247 230 48 121 98 36 104 220 126 179 198 59
    17 51 234 62 147 220 11 74 48 236 242 103 31 157 113 232 3 50 161 27
    55 187 199 130 245 148 135 206 174 111 3 255 93 34 107 30 84 199 166
    34 181 150 196 100 158 7 27 134 136 203 153 2 58 239 58 236 74 104
    156 22 137 70 186 157 159 218 49 92 103 137 146 79 192 82 156 184
    116 36 133 84 150 110 221 213 163 60 74 213 186 222 217 173 203 91
    63 218 146 50 132 238 167 218 73 38 83 63 213 140 13 153 95 26 209
    117 176 202 41 145 118 184 147 168 104 68 233 247 84 188 161 29 222
    51 57 93 98 229 168 179 55 91 210 18 111 239 62 126 192 184 158 203
    199 177 81 71 150 20 94 174 199 156 181 215 83 101 200 174 68 103
    157 123 192 189 78 166 25 193 147 28 132 171 222 159 163 245 56 140
    43 237 91 119 232 202 221 195 158 64 248 142 24 252 128 75 241 5 19
    169 149 20 145 45 171 183 63 239 243 33 201 3 169 67 202 152 116 200
    83 146 246 118 128 102 7 45 117 211 201 75 28 211 29 144 238 91 48
    135 231 52 195 182 72 184 6 241 206 102 121 206 120 222 235 201 9
    212 255 225 8 66 3 109 29 119 201 95 20 4 200 120 207 199 50 207 252
    134 81 228 16 57 83 147 201 237 168 88 156 30 226 149 82 32 9 75 125
    35 97 107 120 37 11 223 131 143 149 230 114 74 222 233 126 249 32
    187 57 185 144 104 111 142 197 143 215 148 131 254 158 240 6 72 53
    253 2 189 190 241 236 119 147 157 201 149 163 60 72 117 149 206 162
    233 182 181 165 182 176 12 24 34 90 80 70 242 234 174 7 191 3 110
    119 21 93 51 49 186 231 251 124 29 236 239 178 246 106 4 114 157 10
    152 121 243 163 62 175 59 198 143 72 88 162 187 9 238 158 33 107 130
    109 200 229 194 165 14 199 226 142 61 10 6 117 78 15 196 15 186 150
    64 53 113 167 223 101 237 254 239 88 235 127 18 0 156 100 68 161 152
    50 10 162 159 241 192 149 108 237 60 146 181 8 254 228 164 145 164
    57 243 231 42 122 98 187 18 18 90 8 200 118 165 192 183 78 183 134
    119 214 114 136 34 85 88 79 36 130</data></my_img>
<your_img type_id="opencv-matrix">
  <rows>50</rows>
  <cols>100</cols>
  <dt>u</dt>
  <data>
    251 173 247 86 214 81 112 42 128 109 8 224 86 24 84 30 47 216 27 219
    215 152 170 44 114 87 39 113 200 211 184 194 251 190 16 97 201 202
    26 41 138 232 14 245 85 149 84 104 17 211 155 206 130 151 16 35 212
    77 149 202 180 199 26 80 139 53 5 198 121 159 203 226 124 25 109 209
    47 93 143 160 101 92 73 248 157 78 38 66 192 84 77 199 173 12 49 204
    254 168 168 105 69 231 116 198 202 68 113 30 123 49 47 92 25 196 196
    76 48 223 16 235 247 231 57 108 244 32 179 224 94 138 188 241 155
    236 230 81 5 176 20 205 236 203 135 123 43 13 29 237 112 72 153 220
    3 255 126 30 92 60 60 205 176 131 232 103 146 96 87 169 178 53 115 0
    134 130 72 221 199 163 184 158 171 99 26 135 47 49 146 68 39 29 79
    92 173 210 116 106 46 161 31 32 211 157 30 30 153 91 78 98 14 221 87
    4 153 76 177 123 109 90 105 123 242 17 219 224 185 231 185 210 131
    126 114 56 224 223 250 81 83 67 61 135 147 15 90 66 92 74 220 43 132
    40 88 148 95 229 32 230 11 213 55 192 194 108 111 14 18 244 140 21
    18 3 82 232 43 247 183 16 183 65 163 40 86 177 9 61 235 102 135 61
    249 102 28 251 141 184 223 149 102 109 80 85 207 142 226 188 221 170
    191 253 206 98 29 228 232 7 30 29 68 250 135 79 249 95 16 68 103 118
    39 33 92 44 174 187 213 191 191 218 195 16 23 246 69 252 126 100 209
    208 34 228 174 225 255 156 234 81 81 13 123 115 175 104 83 39 178
    144 202 133 27 7 207 193 214 20 56 11 44 30 218 76 12 77 229 113 27
    251 58 0 48 150 128 51 189 159 35 51 114 166 158 95 192 194 53 174
    199 57 99 226 16 110 32 224 153 170 76 189 74 190 245 23 67 49 247
    51 181 212 109 190 186 163 123 204 6 224 148 0 98 122 55 80 183 11
    45 165 100 213 28 87 62 139 110 145 241 234 229 22 198 121 44 165
    198 186 194 132 140 217 187 228 176 39 169 62 88 58 19 255 193 177
    187 62 121 93 235 182 99 206 243 159 27 166 20 236 223 184 203 216
    10 235 66 172 126 21 51 245 186 11 92 86 133 150 173 248 158 221 118
    14 234 126 96 19 175 46 118 12 7 199 134 72 103 14 10 195 14 235 163
    27 110 161 225 157 10 124 29 209 97 98 174 97 28 178 130 57 27 232
    152 29 3 92 37 200 12 54 123 237 58 128 192 155 210 153 171 43 14 69
    231 242 175 41 136 165 158 125 13 213 26 231 129 36 116 231 113 135
    129 200 231 207 176 153 174 148 150 21 45 112 60 207 51 1 192 191
    181 161 121 58 171 203 197 47 228 100 70 91 94 142 51 172 11 181 182
    27 168 232 215 153 162 234 159 157 93 17 9 67 69 151 206 22 175 249
    141 27 11 54 73 11 233 185 47 208 214 21 11 26 191 100 108 199 107
    252 115 161 154 159 220 176 141 32 205 77 215 81 206 163 131 82 16
    231 139 80 161 43 198 236 184 112 87 229 210 41 228 168 165 86 41
    110 115 11 129 24 57 62 152 128 142 141 204 133 10 197 96 55 160 218
    47 69 95 223 125 56 12 244 196 37 177 25 206 137 106 154 43 5 16 206
    34 70 242 193 255 109 198 62 143 162 29 6 68 108 22 121 203 191 104
    241 44 179 163 64 177 67 156 118 200 174 133 111 187 235 12 68 171
    164 212 62 141 237 14 32 171 92 19 81 226 37 195 60 187 181 130 104
    137 130 83 189 0 149 205 237 64 153 62 45 112 198 15 151 191 232 202
    129 5 164 108 107 209 11 196 232 90 33 213 176 66 169 22 155 192 99
    15 21 12 128 209 232 9 196 19 84 6 189 144 197 137 171 194 86 133
    208 60 90 216 165 224 135 81 68 146 150 173 67 212 61 48 134 12 82
    152 190 38 206 193 172 48 128 119 246 28 24 148 138 9 144 0 173 196
    226 81 170 66 9 228 167 77 98 228 154 12 25 177 202 211 55 194 199
    129 135 167 210 50 202 102 22 243 175 201 158 85 248 113 253 213 69
    98 8 254 66 8 210 0 31 222 250 47 56 86 31 150 170 238 223 161 244
    151 116 233 120 79 86 151 231 67 5 251 204 17 17 232 40 215 43 159
    201 222 204 191 167 80 249 221 247 176 4 113 3 235 167 230 110 222
    198 29 134 2 135 62 45 242 25 51 158 34 96 117 239 61 148 137 240 9
    97 235 20 224 27 48 90 198 234 17 17 120 173 172 134 35 196 233 10 3
    211 48 131 224 144 212 225 239 16 172 44 93 237 19 215 170 252 198
    200 178 43 226 121 94 6 60 45 209 225 33 18 155 254 242 5 43 51 174
    21 110 128 241 123 31 174 49 124 2 111 24 106 8 253 206 81 233 234
    201 169 208 14 103 142 18 170 150 52 130 179 44 38 66 67 39 23 63
    232 205 184 60 52 208 30 128 121 78 101 194 145 109 91 56 126 69 200
    65 219 213 169 90 156 78 171 109 216 250 167 189 197 59 113 251 29
    196 216 86 72 44 104 114 218 79 190 244 82 189 162 208 240 213 137
    170 184 7 232 29 10 208 237 159 42 239 51 220 161 7 243 224 130 215
    204 8 38 149 146 20 9 112 154 243 168 183 252 42 212 249 31 6 250
    190 198 157 6 162 20 59 49 64 240 145 207 18 143 25 219 169 82 10
    224 65 150 106 161 214 141 94 159 96 93 228 83 183 120 207 99 70 245
    41 141 109 152 2 80 195 110 81 152 162 132 57 54 97 90 164 70 102 41
    141 84 146 14 164 5 155 6 222 30 13 225 24 205 18 235 224 93 220 63
    32 133 3 169 179 69 149 71 152 216 6 118 118 64 248 218 160 216 224
    123 241 54 139 229 136 214 30 67 154 172 58 246 102 202 6 58 228 40
    105 113 27 182 76 75 196 103 40 74 23 62 130 168 125 116 28 98 58
    110 72 90 31 135 3 239 78 168 174 144 220 35 76 93 245 171 120 25 43
    249 51 176 218 215 254 16 88 87 77 229 34 115 160 227 146 165 214
    252 167 78 86 240 233 94 96 45 97 177 83 157 224 38 5 79 111 97 128
    255 231 181 79 10 19 11 19 190 145 141 179 245 156 29 195 15 123 67
    185 105 155 31 227 150 236 212 193 36 216 9 165 34 120 32 236 180 9
    80 11 24 23 108 4 96 25 110 31 190 61 239 36 51 100 80 149 231 86 54
    128 95 30 157 70 197 249 113 158 106 243 241 95 113 18 93 218 26 40
    16 94 74 96 50 154 16 168 230 193 188 79 82 144 82 235 142 247 238
    148 85 241 16 251 199 75 30 245 67 70 243 170 80 178 219 225 50 231
    255 207 35 31 186 70 201 40 159 25 49 38 21 237 72 216 58 137 51 154
    103 91 49 69 53 64 171 25 240 53 207 204 125 108 236 125 19 52 49
    200 208 104 181 79 177 219 89 245 40 122 93 130 54 7 148 93 139 184
    193 240 83 239 142 79 170 104 181 186 193 98 58 215 114 29 149 193
    45 155 50 59 192 175 210 221 78 1 21 50 186 59 60 142 27 2 202 236
    195 23 71 149 250 169 146 249 8 39 190 12 159 125 128 84 203 49 193
    159 128 152 177 38 81 217 82 192 35 42 95 110 6 125 64 91 214 250
    186 203 248 113 214 201 93 79 46 196 157 210 18 156 124 2 218 105 27
    140 34 50 149 125 210 201 47 102 183 138 16 188 35 124 251 105 155
    132 160 143 186 243 20 134 112 11 135 47 193 233 135 58 37 120 156
    213 217 225 120 123 3 54 155 45 109 242 107 120 108 70 4 224 56 232
    191 208 34 85 89 1 113 78 38 240 75 36 101 25 96 195 254 178 141 44
    108 231 186 188 159 56 230 201 23 16 222 82 129 29 180 230 111 104
    178 72 211 2 7 52 195 93 32 213 126 161 60 141 146 93 32 112 231 235
    38 188 35 232 221 18 91 100 251 82 254 239 243 55 215 173 217 219 74
    71 170 173 171 190 158 178 213 136 108 154 51 186 200 178 0 96 37
    108 242 120 244 250 124 75 190 245 76 66 200 42 221 229 126 231 236
    137 211 81 229 133 68 85 254 13 138 57 216 120 157 144 21 164 110
    179 31 207 182 252 245 62 70 96 212 43 217 136 47 102 66 75 207 91
    122 25 127 162 170 179 253 106 46 194 93 183 36 211 241 227 14 207
    211 86 36 152 145 91 207 132 29 122 66 213 82 174 217 247 84 186 229
    1 157 2 12 21 233 213 244 53 187 78 9 59 167 240 40 163 247 247 203
    105 221 38 41 104 134 56 179 210 76 84 169 86 254 66 177 179 98 142
    88 124 75 88 135 103 94 74 222 235 55 156 50 222 175 36 125 101 16
    38 222 176 216 99 114 162 105 20 248 42 191 93 255 62 89 167 45 103
    43 31 31 51 6 120 52 19 223 106 68 66 97 229 76 241 197 141 22 205
    47 246 45 97 18 108 113 118 26 197 227 227 113 245 95 32 146 93 116
    28 167 120 96 102 248 58 56 197 114 208 154 9 247 146 115 16 156 70
    16 11 249 246 132 120 227 21 28 105 120 83 143 42 181 243 214 134 50
    184 86 62 54 177 146 232 191 53 146 105 124 240 148 24 184 165 148
    85 65 49 28 216 87 101 75 216 32 159 196 210 54 150 11 223 241 112
    135 210 247 184 180 252 206 21 135 91 121 41 117 179 129 240 37 23
    122 55 66 105 13 214 129 164 59 45 133 129 227 225 30 184 146 195
    173 207 136 79 125 204 228 217 204 223 195 99 71 150 130 158 2 21 66
    38 243 127 126 119 119 119 72 100 5 38 102 141 228 159 102 137 70
    161 118 124 164 18 222 110 160 115 196 232 79 175 77 204 175 82 254
    136 111 127 32 99 113 223 70 184 103 130 146 107 156 117 42 111 24
    125 216 60 84 211 137 141 72 135 200 112 54 177 31 135 38 254 97 136
    84 171 64 140 9 132 80 205 220 77 200 40 183 246 44 10 235 101 160
    67 240 156 140 29 236 178 2 136 20 35 198 205 124 55 27 29 137 72 4
    69 135 149 210 63 79 182 204 142 204 77 54 71 70 126 133 89 130 86
    190 244 145 45 149 69 223 235 100 32 196 32 44 187 116 238 229 206
    183 138 54 197 199 41 113 255 223 65 202 140 219 175 245 236 156 91
    6 61 149 149 218 93 110 76 27 105 116 49 225 14 143 122 13 6 99 26
    44 6 5 65 251 14 201 191 35 51 214 41 228 49 100 203 95 110 55 218
    87 156 13 83 130 184 159 235 210 20 10 43 55 100 3 197 3 158 21 115
    152 176 14 85 109 105 67 190 10 78 178 222 13 149 20 69 28 95 178
    170 245 69 195 183 155 139 128 230 249 16 90 236 199 142 225 84 210
    78 49 91 222 208 100 201 112 90 208 13 185 196 154 207 22 171 190 63
    5 41 133 14 88 173 103 24 133 126 38 83 252 1 105 164 124 13 245 140
    42 113 135 182 173 227 57 72 240 96 109 239 65 124 2 233 210 255 179
    94 4 245 86 165 77 40 149 215 200 233 241 122 36 9 35 38 109 212 87
    217 64 190 86 136 225 214 228 193 40 51 158 111 14 42 212 156 56 243
    59 130 208 133 66 248 225 253 211 87 215 205 38 54 159 49 224 246 35
    69 31 57 183 132 118 207 81 152 21 178 96 118 56 232 71 67 62 102
    161 88 18 243 132 16 72 34 80 144 79 179 97 105 75 52 241 198 14 239
    113 36 177 132 170 29 98 129 93 244 174 162 71 42 132 126 235 10 251
    201 67 124 60 112 221 10 29 237 109 142 134 176 169 143 23 121 252 6
    63 149 169 136 154 129 158 180 51 189 186 244 108 98 53 197 10 66
    161 152 9 78 136 111 178 192 187 255 224 71 56 130 200 155 8 208 244
    201 99 74 251 181 144 197 253 227 30 154 211 8 195 82 118 235 43 62
    115 146 228 71 240 194 113 80 57 81 201 138 93 238 18 219 240 223
    228 36 53 208 201 96 38 118 192 163 150 75 81 210 180 242 148 23 64
    172 243 106 102 156 191 227 49 24 200 179 176 232 20 176 27 130 113
    103 188 95 57 149 66 160 104 2 171 225 93 26 122 2 173 218 149 220
    149 69 14 34 52 122 64 167 8 243 138 97 157 161 205 170 61 106 93
    176 244 46 223 108 144 241 79 252 154 225 96 210 1 106 235 167 164
    227 247 158 40 249 243 244 177 43 227 149 60 238 126 163 243 129 146
    2 90 250 57 108 81 57 158 44 221 133 58 234 91 5 181 252 64 23 172
    60 1 152 132 153 98 16 11 225 38 88 156 86 26 216 179 240 244 51 91
    200 28 118 43 23 164 4 167 129 229 1 180 42 186 246 111 40 118 86
    240 248 93 97 187 51 58 113 246 1 34 81 4 119 173 141 87 93 59 158
    142 16 99 140 251 214 36 240 51 251 188 51 75 174 34 90 77 44 94 240
    40 177 198 190 117 20 200 7 134 251 125 200 77 102 182 74 61 118 14
    252 71 104 192 233 99 243 187 240 170 18 137 32 181 49 101 74 111
    207 208 150 133 203 178 77 185 218 118 103 132 224 255 124 7 46 219
    93 125 138 225 194 203 188 197 157 79 134 210 51 72 174 236 102 186
    248 160 7 87 10 237 113 62 60 71 150 244 5 38 152 82 235 56 201 181
    229 105 200 118 95 236 196 6 249 35 136 46 9 165 23 124 2 76 22 128
    200 95 23 189 124 102 97 59 138 107 81 12 158 159 79 87 41 77 14 225
    225 26 149 9 223 160 130 255 173 80 246 45 18 207 36 10 139 16 249
    122 139 241 150 3 144 136 169 146 184 126 8 16 149 77 113 11 41 36
    62 21 64 252 74 168 105 104 57 139 132 14 118 135 113 84 158 115 239
    220 130 235 211 38 66 236 165 108 236 41 124 51 214 66 126 58 240
    122 47 23 210 105 46 62 244 20 230 241 133 137 111 49 179 151 215
    169 203 111 20 250 255 173 192 85 94 235 36 22 127 1 139 191 18 139
    168 221 14 247 111 237 171 196 181 231 89 56 51 230 161 91 201 116
    40 241 197 30 187 141 47 115 118 94 42 243 181 221 104 74 56 30 124
    162 187 2 161 140 174 114 205 89 38 220 79 208 35 10 43 105 204 26
    175 165 42 134 184 171 141 62 201 111 82 63 69 212 146 209 197 131
    53 74 139 118 193 168 246 152 144 130 87 88 104 83 180 100 224 187
    210 173 133 217 253 194 18 127 38 51 118 13 50 194 190 105 227 180
    224 243 203 244 56 125 89 118 178 44 74 237 170 193 85 141 173 24
    227 144 194 31 160 120 225 185 164 34 175 193 7 203 74 235 80 115
    142 79 227 252 218 216 152 76 251 79 99 190 93 206 166 109 225 250
    12 93 46 142 58 199 7 245 210 84 127 85 234 186 16 210 185 80 109
    175 175 235 192 99 16 40 130 224 152 179 7 49 58 214 129 84 70 122
    53 195 49 141 220 10 214 47 108 252 137 140 83 245 229 236 196 83 40
    56 62 161 34 74 236 116 136 188 16 125 19 195 231 110 181 29 139 43
    97 187 225 164 148 133 11 61 11 161 5 229 223 156 210 227 173 144 54
    172 8 210 233 91 255 220 80 26 136 132 129 16 124 159 76 50 126 189
    48 8 189 207 248 14 31 113 118 159 207 158 40 75 74 83 156 93 72 229
    111 2 211 161 138 64 168 75 126 254 71 81 112 190 218 247 31 13 55
    34 248 28 132 191 231 250 7 72 89 181 124 232 111 124 108 8 233 142
    204 236 212 225 41 122 57 250 118 38 207 195 71 76 190 211 243 222
    72 129 236 103 197 201 189 204 127 148 233 65 88 119 88 65 71 75 46
    162 112 71 194 202 111 27 12 190 204 103 4 52 101 160 235 212 241
    102 49 187 114 163 154 143 177 205 180 100 120 18 110 235 31 44 191
    252 35 239 229 180 190 142 81 139 28 67 44 31 170 210 89 29 2 179
    248 150 129 195 227 220 169 44 118 141 132 203 146 236 241 18 250
    146 20 251 200 167 177 9 185 211 239 80 64 170 254 153 175 115 40
    251 250 8 183 9 245 103 178 130 18 135 226 15 225 109 64 101 136 175
    200 241 200 240 94 87 101 189 49 58 20 179 75 179 18 204 184 56 18
    218 149 46 169 224 112 116 165 243 94 208 3 170 41 243 112 96 122
    137 38 164 53 223 253 41 8 186 237 178 122 62 83 118 129 253 13 201
    74 91 64 165 114 149 85 52 61 134 75 122 225 213 212 167 118 69 127
    86 91 34 31 2 80 217 254 8 229 28 189 228 169 204 163 14 160 48 242
    221 125 20 214 88 114 182 69 70 211 167 84 144 68 189 105 169 66 185
    104 49 26 102 167 42 198 219 146 122 211 190 43 7 79 137 93 237 54
    38 135 1 122 169 82 218 149 63 243 144 109 87 72 135 193 214 156 46
    197 53 185 224 77 203 65 129 238 179 171 204 55 245 81 101 7 6 42
    232 152 170 224 148 195 123 42 9 44 100 24 176 158 90 104 159 87 223
    195 156 137 238 2 184 144 221 23 85 157 189 124 80 254 252 254 18
    170 208 249 176 129 191 243 55 237 164 135 248 82 79 72 106 77 122
    182 23 137 114 205 50 200 74 22 208 40 97 75 179 170 173 8 233 173
    84 113 135 74 90 40 28 210 185 83 143 138 1 71 143 218 158 38 109 75
    170 150 245 165 105 119 211 168 55 70 35 60 48 47 44 113 244 71 32
    216 230 254 224 111 63 176 139 189 12 234 155 64 234 9 92 194 61 235
    170 142 212 16 34 100 109 139 91 36 175 100 107 27 128 75 116 12 147
    70 212 36 82 89 214 89 15 246 206 245 158 78 12 16 146 135 33 186 26
    167 58 25 156 38 206 174 43 231 214 69 113 166 226 10 68 174 192 196
    226 93 53 0 47 113 205 110 0 89 144 41 18 239 128 196 134 109 57 247
    149 168 32 96 179 13 224 38 137 50 81 78 205 161 32 195 62 166 61
    243 175 101 44 14 41 153 255 50 133 91 12 77 51 63 15 89 128 61 77
    160 110 185 169 154 230 76 219 122 57 170 226 237 56 143 216 133 231
    187 78 95 216 154 97 179 183 115 69 120 146 66 114 254 108 31 196
    102 68 175 33 46 31 149 123 57 35 222 219 240 122 42 217 57 64 121
    127 203 121 48 183 77 73 144 3 204 245 146 67 222 38 116 153 24 120
    186 203 138 125 112 116 112 91 118 103 185 176 117 65 246 184 203 43
    25 148 128 146 60 167 234 70 34 146 171 89 133 188 89 5 173 53 24
    125 138 65 119 18 190 90 69 33 104 31 119 149 232 222 167 130 160
    213 202 49 13 50 156 115 163 206 240 4 5 12 138 131 140 232 15 88
    249 134 143 241 253 199 121 181 105 129 154 104 5 146 230 22 14 55
    36 60 155 153 91 141 145 234 113 33 179 249 235 22 52 157 67 34 222
    134 117 162 219 26 155 45 251 209 224 36 163 209 250 98 97 38 190
    127 228 127 31 80 77 1 172 36 167 46 222 42 77 29 97 255 118 198 164
    127 177 178 222 211 27 169 35 83 239 62 227 156 25 4 167 87 144 209
    101 213 155 95 116 29 175 38 153 165 125 55 146 219 28 224 131 127
    199 152 161 22 171 64 5 61 53 206 61 18 158 191 95 239 51 250 105
    170 202 133 146 134 72 52 109 45 139 38 179 33 135 76 41 233 188 23
    28 210 216 94 164 235 161 121 0 40 201 151 46 138 70 6 198 163 179
    170 98 219 41 71 187 194 31 138 170 23 147 6 138 162 172 44 15 215
    239 55 208 128 140 143 32 170 187 90 38 173 50 135 148 185 70 165 75
    13 14 93 14 246 106 159 226 173 3 15 49 72 152 87 20 13 124 154 20
    117 196 238 190 187 173 18 144 63 175 21 124 25 250 212 239 22 43
    132 247 86 229 206 154 98 138 244 190 206 16 78 155 41 128 106 173
    45 241 105 206 54 239 164 162 173 247 102 25 2 161 24 249 46 26 90
    233 51 89 132 232 206 69 128 129 252 44 45 73 35 138 193 3 96 208
    141 43 167 175 99 214 34 156 39 25 247 230 48 121 98 36 104 220 126
    179 198 59 17 51 234 62 147 220 11 74 48 236 242 103 31 157 113 232
    3 50 161 27 55 187 199 130 245 148 135 206 174 111 3 255 93 34 107
    30 84 199 166 34 181 150 196 100 158 7 27 134 136 203 153 2 58 239
    58 236 74 104 156 22 137 70 186 157 159 218 49 92 103 137 146 79 192
    82 156 184 116 36 133 84 150 110 221 213 163 60 74 213 186 222 217
    173 203 91 63 218 146 50 132 238 167 218 73 38 83 63 213 140 13 153
    95 26 209 117 176 202 41 145 118 184 147 168 104 68 233 247 84 188
    161 29 222 51 57 93 98 229 168 179 55 91 210 18 111 239 62 126 192
    184 158 203 199 177 81 71 150 20 94 174 199 156 181 215 83 101 200
    174 68 103 157 123 192 189 78 166 25 193 147 28 132 171 222 159 163
    245 56 140 43 237 91 119 232 202 221 195 158 64 248 142 24 252 128
    75 241 5 19 169 149 20 145 45 171 183 63 239 243 33 201 3 169 67 202
    152 116 200 83 146 246 118 128 102 7 45 117 211 201 75 28 211 29 144
    238 91 48 135 231 52 195 182 72 184 6 241 206 102 121 206 120 222
    235 201 9 212 255 225 8 66 3 109 29 119 201 95 20 4 200 120 207 199
    50 207 252 134 81 228 16 57 83 147 201 237 168 88 156 30 226 149 82
    32 9 75 125 35 97 107 120 37 11 223 131 143 149 230 114 74 222 233
    126 249 32 187 57 185 144 104 111 142 197 143 215 148 131 254 158
    240 6 72 53 253 2 189 190 241 236 119 147 157 201 149 163 60 72 117
    149 206 162 233 182 181 165 182 176 12 24 34 90 80 70 242 234 174 7
    191 3 110 119 21 93 51 49 186 231 251 124 29 236 239 178 246 106 4
    114 157 10 152 121 243 163 62 175 59 198 143 72 88 162 187 9 238 158
    33 107 130 109 200 229 194 165 14 199 226 142 61 10 6 117 78 15 196
    15 186 150 64 53 113 167 223 101 237 254 239 88 235 127 18 0 156 100
    68 161 152 50 10 162 159 241 192 149 108 237 60 146 181 8 254 228
    164 145 164 57 243 231 42 122 98 187 18 18 90 8 200 118 165 192 183
    78 183 134 119 214 114 136 34 85 88 79 36 130</data></your_img>
</opencv_storage>
