<?xml version="1.0"?>
<opencv_storage>
<L2_diff>1.1532562594670797e+01</L2_diff>
<test_hist type_id="opencv-matrix">
  <rows>256</rows>
  <cols>1</cols>
  <dt>f</dt>
  <data>
    2.43425629e+02 3.94306702e+02 2.24334534e+02 7.43764648e+01
    8.04499756e+02 3.57522583e+02 3.48833832e+02 1.91671783e+02
    1.06003815e+02 6.40748413e+02 6.14894470e+02 4.43309357e+02
    3.49532593e+02 3.41555359e+02 5.84394348e+02 1.73181152e+01
    2.30607300e+01 3.06732941e+02 8.99736816e+02 5.93352173e+02
    8.82957031e+02 9.83827759e+02 3.66406464e+02 9.36729614e+02
    6.36300293e+02 7.66711548e+02 8.84693542e+02 8.41399658e+02
    2.09099243e+02 9.78966003e+02 2.54107300e+02 2.81398621e+02
    6.58733521e+02 2.27263611e+02 8.56822998e+02 6.78537292e+02
    1.54950592e+02 8.39041138e+02 7.13046082e+02 8.17087891e+02
    6.64750244e+02 4.23328857e+01 5.18538452e+02 6.23706116e+02
    2.76850342e+02 6.89204773e+02 9.12775879e+01 1.48675415e+02
    3.27211395e+02 6.07888550e+02 1.33397644e+02 6.37076721e+01
    2.22509338e+02 1.39605316e+02 1.28880188e+02 9.92613342e+02
    8.64362793e+02 7.95627686e+02 3.15418762e+02 8.47644897e+02
    8.37465271e+02 3.19788910e+02 8.23414429e+02 8.18566895e+01
    1.29113312e+02 2.30123505e+02 9.79950562e+02 3.08849121e+02
    5.52773499e+02 5.92481689e+02 4.59002380e+02 6.08974243e+02
    9.30078735e+02 9.00308533e+01 1.08714447e+02 1.76727417e+02
    5.72924255e+02 7.17262329e+02 1.51262421e+02 1.57212921e+02
    6.31137573e+02 4.30772278e+02 3.31086426e+02 2.05785736e+02
    2.68773071e+02 9.19260742e+02 9.31046509e+02 8.70548645e+02
    8.85167480e+02 3.20742310e+02 5.86322388e+02 5.16570374e+02
    5.14462769e+02 9.87812500e+02 9.57502563e+02 5.42859497e+02
    6.97132935e+02 2.66850983e+02 8.76381165e+02 2.53642181e+02
    9.66951904e+02 1.48096069e+02 4.86379547e+02 7.79157166e+02
    8.95564880e+01 3.37006561e+02 1.88414307e+01 7.33104248e+02
    7.65579834e+01 5.77722778e+02 4.86561218e+02 6.83063110e+02
    2.88232574e+02 3.41890320e+02 1.51701935e+02 1.15417725e+02
    3.86235626e+02 9.72300415e+02 9.89633179e+01 2.99134216e+02
    2.93152649e+02 7.05220093e+02 9.16436707e+02 8.05883179e+01
    9.34546204e+01 9.94096680e+02 3.60465271e+02 3.98863739e+02
    7.90482056e+02 9.50933350e+02 6.93293701e+02 7.24849670e+02
    4.41643372e+02 6.50416626e+02 1.90434692e+02 3.55377594e+02
    4.98946320e+02 3.51247131e+02 6.02948730e+02 1.30050934e+02
    5.62888794e+02 7.08412415e+02 8.59692017e+02 4.21786835e+02
    2.83095825e+02 6.10334290e+02 9.75681885e+02 9.19062439e+02
    2.02894012e+02 4.04473450e+02 7.25926514e+01 3.27316742e+02
    9.94190674e+02 9.44488525e+02 2.66081543e+02 6.92221680e+02
    8.23519409e+02 7.21625916e+02 2.07318115e+00 8.50949829e+02
    3.40764038e+02 9.53270081e+02 1.83930237e+02 9.92711304e+02
    3.62008972e+01 6.93087769e+01 8.46149841e+02 2.89506714e+02
    8.83175049e+02 4.57097015e+02 3.70468384e+02 9.94532959e+02
    1.06011963e+01 1.11288422e+02 5.52098572e+02 9.96433411e+01
    1.81445343e+02 3.63817078e+02 6.40468567e+02 4.51768372e+02
    8.20651245e+00 5.65577271e+02 4.53537872e+02 6.16499878e+02
    1.04516235e+02 9.07346069e+02 5.37461487e+02 6.76142090e+02
    4.45350861e+02 3.06982605e+02 2.82844055e+02 6.78198669e+02
    2.84312195e+02 7.65144165e+02 1.56441711e+02 2.26848907e+02
    3.86312622e+02 1.64331085e+02 1.93267639e+02 8.84693604e+01
    8.52627686e+02 1.10665039e+02 2.46997269e+02 9.03940186e+02
    6.68589966e+02 1.11020386e+02 7.33544617e+01 4.39560455e+02
    4.90719391e+02 8.77889282e+02 3.72252930e+02 1.18560699e+02
    9.35111694e+02 8.85272705e+02 4.02776337e+02 2.23195709e+02
    8.54242310e+02 2.12553162e+02 3.54077209e+02 7.03877136e+02
    4.00671021e+02 5.43697449e+02 5.01917725e+02 7.43628784e+02
    4.72068848e+02 4.97568756e+02 1.54208679e+02 9.97084106e+02
    7.54362427e+02 8.67862183e+02 3.94260834e+02 2.37274384e+02
    4.76778015e+02 2.27278442e+02 8.19206665e+02 2.32719971e+02
    2.10358337e+02 7.12404480e+01 9.12919861e+02 5.82680969e+01
    9.70501099e+02 5.39790039e+02 8.26410278e+02 5.03514160e+02
    3.51047394e+02 7.31722656e+02 2.81652954e+02 3.79062958e+02
    9.26849060e+01 7.73565186e+02 5.75964722e+02 4.44989136e+02
    3.12934631e+02 3.19715637e+02 5.83637695e+02 6.55769104e+02</data></test_hist>
<my_lkt type_id="opencv-matrix">
  <rows>256</rows>
  <cols>1</cols>
  <dt>u</dt>
  <data>
    0 1 2 2 4 4 5 5 6 7 8 9 10 11 12 12 12 12 14 16 17 19 20 22 23 25 27
    28 29 31 31 32 33 34 36 37 37 39 40 42 44 44 45 46 47 48 48 48 49 50
    51 51 51 51 52 54 56 57 58 60 61 62 64 64 64 65 67 67 68 70 71 72 74
    74 74 74 76 77 77 78 79 80 81 81 82 83 85 87 89 90 91 92 93 95 97 98
    99 100 102 102 104 105 106 107 107 108 108 110 110 111 112 113 114
    115 115 115 116 118 118 119 119 121 123 123 123 125 126 127 128 130
    132 133 134 135 136 137 138 138 140 140 141 142 144 145 146 147 149
    151 151 152 152 153 155 157 157 159 161 162 162 164 164 166 167 169
    169 169 171 171 173 174 175 177 177 177 178 179 179 180 181 182 182
    183 184 185 185 187 188 190 191 191 192 193 194 196 196 196 197 197
    198 198 200 200 200 202 204 204 204 205 206 208 209 209 211 213 213
    214 216 216 217 218 219 220 221 223 224 225 225 227 229 230 231 232
    233 233 235 235 236 236 238 238 240 241 243 244 244 246 247 247 247
    249 250 251 252 252 254 255</data></my_lkt>
<your_lkt type_id="opencv-matrix">
  <rows>256</rows>
  <cols>1</cols>
  <dt>u</dt>
  <data>
    0 1 1 1 3 4 5 5 5 6 8 9 9 10 11 11 11 12 14 15 17 19 20 22 23 24 26
    28 28 30 31 31 33 33 35 36 37 39 40 42 43 43 44 45 46 47 48 48 49 50
    50 50 51 51 51 53 55 57 57 59 61 61 63 63 64 64 66 67 68 69 70 71 73
    73 74 74 75 77 77 77 79 79 80 81 81 83 85 87 88 89 90 91 92 94 96 98
    99 100 101 102 104 104 105 107 107 108 108 109 109 111 112 113 114
    114 115 115 116 118 118 118 119 120 122 122 123 125 125 126 128 130
    131 133 134 135 135 136 137 138 139 139 141 142 144 145 145 146 148
    150 151 152 152 152 154 156 157 158 160 162 162 163 164 166 166 168
    168 169 170 171 173 174 174 176 176 177 178 178 178 179 180 181 181
    183 184 185 185 187 188 189 190 191 191 193 193 195 195 196 197 197
    197 198 199 199 200 202 203 203 204 205 206 207 208 208 210 212 213
    213 215 216 216 218 219 220 221 222 223 224 225 227 228 230 231 231
    232 233 234 235 235 235 237 237 239 240 242 243 244 245 246 247 247
    249 250 251 251 252 253 255</data></your_lkt>
</opencv_storage>
