<?xml version="1.0"?>
<opencv_storage>
<L2_diff>8.2048765987064058e+01</L2_diff>
<test_hist type_id="opencv-matrix">
  <rows>256</rows>
  <cols>1</cols>
  <dt>f</dt>
  <data>
    4.08340573e-01 4.11776364e-01 4.16552275e-01 4.22165781e-01
    4.29330856e-01 4.37093705e-01 4.44306552e-01 4.45909381e-01
    4.47777212e-01 4.50524628e-01 4.52220798e-01 4.54661161e-01
    4.55479056e-01 4.56386477e-01 4.61602449e-01 4.64889288e-01
    4.72270697e-01 4.80016679e-01 4.85406220e-01 4.86074179e-01
    4.88658994e-01 4.91182595e-01 4.96312469e-01 5.00680327e-01
    5.06846488e-01 5.14488697e-01 5.20550430e-01 5.25295556e-01
    5.30381203e-01 5.32561243e-01 5.38821280e-01 5.44497430e-01
    5.47888279e-01 5.52114069e-01 5.59259117e-01 5.66726565e-01
    5.68234324e-01 5.74384212e-01 5.77223003e-01 5.79520881e-01
    5.86893082e-01 5.87411702e-01 5.95006287e-01 6.02640092e-01
    6.05661452e-01 6.10217035e-01 6.13200486e-01 6.20919704e-01
    6.25301540e-01 6.32362247e-01 6.37925863e-01 6.40704989e-01
    6.44321263e-01 6.47814214e-01 6.55569613e-01 6.56119168e-01
    6.63152277e-01 6.64310813e-01 6.66584313e-01 6.71535790e-01
    6.74303830e-01 6.81278288e-01 6.83914721e-01 6.90002322e-01
    6.90104246e-01 6.90681815e-01 6.97461128e-01 7.02924550e-01
    7.07940280e-01 7.11262941e-01 7.13574350e-01 1.38487549e+01
    3.89871582e+02 6.01056946e+02 6.78418335e+02 2.60786987e+02
    2.73126343e+02 9.58056763e+02 7.34453430e+01 3.88806763e+01
    1.87653290e+02 3.42522858e+02 4.28761169e+02 4.92252899e+02
    3.40838379e+02 6.77044678e+00 2.40515137e+00 9.21723877e+02
    4.36503326e+02 1.99773560e+02 1.99539948e+02 3.32903687e+02
    6.02377625e+02 5.97102600e+02 5.75312622e+02 2.63560913e+02
    8.22721191e+02 4.24537964e+01 2.41227356e+02 6.60374146e+02
    8.21169556e+02 1.38832611e+02 2.43822449e+02 8.31444214e+02
    2.71971039e+02 3.35119812e+02 9.59703613e+02 2.17849884e+02
    1.98763306e+02 9.95154419e+02 4.32702972e+02 5.88000610e+02
    7.21079712e+01 4.38614563e+02 6.09696106e+02 7.16622620e+02
    9.14696167e+02 9.91008118e+02 9.20792969e+02 2.04616058e+02
    2.38448914e+02 3.50737976e+02 2.16534882e+02 3.11536682e+02
    1.04413971e+02 1.15840179e+02 6.65872131e+02 4.19600494e+02
    9.42315186e+02 9.88853699e+02 6.88029175e+02 8.52716064e+01
    3.29978760e+02 3.22162323e+02 6.54881592e+02 5.57599121e+02
    7.87172668e+02 9.75606750e+02 7.73841919e+02 6.05761719e+02
    6.49234985e+02 2.78300964e+02 7.99156677e+02 7.24619019e+02
    4.32876953e+02 5.39463745e+02 9.12142944e+02 9.53299011e+02
    1.92479614e+02 7.85098389e+02 3.62397858e+02 2.93348145e+02
    9.41139771e+02 6.62090759e+01 9.69525024e+02 9.74533691e+02
    3.85710083e+02 5.81565002e+02 3.80869202e+02 9.85438354e+02
    5.59385315e+02 9.01372192e+02 7.10256531e+02 3.54784271e+02
    4.61653168e+02 4.45910217e+02 9.90056274e+02 7.01578064e+01
    8.97852356e+02 1.47900024e+02 2.90236816e+02 6.32104797e+02
    3.53369720e+02 8.90364746e+02 3.36566376e+02 7.77146240e+02
    1.30154114e+01 7.37310791e+01 8.65449219e+02 6.97462036e+02
    6.40311829e+02 4.24170288e+02 2.95074768e+02 9.22525818e+02
    7.23644043e+02 9.94221680e+02 7.52956909e+02 5.47289062e+02
    9.31402466e+02 1.45465851e+02 2.04532288e+02 8.09596069e+02
    2.03553833e+02 1.04936310e+02 4.73957062e+02 5.73576172e+02
    7.29230896e+02 9.20261902e+02 6.71390015e+02 3.79483002e+02
    6.75259033e+02 6.92807617e+02 2.04066986e+02 7.14354492e+02
    2.27876495e+02 2.11652100e+02 7.58964600e+02 3.94845673e+02
    9.03479858e+02 9.57826355e+02 9.32442444e+02 5.14093872e+02
    3.24009644e+02 3.36658691e+02 8.27932373e+02 2.13526154e+02
    8.99588806e+02 8.82201538e+02 8.27279053e+02 4.10067993e+02
    8.53917847e+02 1.06566040e+02 3.62541260e+02 4.32809967e+02
    3.04327881e+02 4.64972290e+02 3.92637329e+01 3.47732513e+02
    3.68370667e+01 8.57784851e+02 7.33826416e+02 8.11741028e+01
    1.05436554e+02 5.93277039e+02 4.62228149e+02 6.23781616e+02
    7.54705017e+02 8.59673218e+02 1.96564606e+02 4.22462891e+02
    1.57940613e+02 1.15804596e+02 8.37715332e+02 6.93458557e+01
    1.79439148e+02 8.38826660e+02 2.71405640e+02 5.91852417e+02
    3.44997620e+02 2.55112671e+02 1.42727539e+02 2.34116577e+02
    4.91158447e+02 8.71961792e+02 1.67673431e+02 3.58289124e+02</data></test_hist>
<my_lkt type_id="opencv-matrix">
  <rows>256</rows>
  <cols>1</cols>
  <dt>u</dt>
  <data>
    1 3 4 5 7 8 8 8 10 11 11 13 14 16 18 19 20 21 23 24 25 26 26 26 26
    27 27 29 30 30 31 31 33 35 37 39 40 40 41 42 42 43 45 47 47 48 50 50
    50 51 52 53 53 54 56 57 59 60 60 62 62 63 64 66 67 68 69 71 73 74 74
    74 75 76 78 78 79 81 81 81 81 82 83 84 85 85 85 87 88 88 88 89 90 92
    93 93 95 95 96 97 99 99 100 102 102 103 105 105 106 108 109 110 110
    111 112 114 116 118 120 120 121 121 122 123 123 123 124 125 127 129
    131 131 132 132 134 135 136 138 140 141 142 143 144 146 146 147 149
    151 151 153 153 154 156 156 158 160 160 161 162 164 165 167 168 169
    170 170 172 172 174 174 175 176 177 178 179 180 181 181 182 184 185
    186 186 188 189 191 193 194 195 196 196 198 198 198 199 200 201 203
    204 205 206 208 208 209 210 210 212 212 214 216 218 219 219 220 221
    222 224 225 227 228 229 229 230 231 231 232 232 233 233 235 236 236
    236 238 238 240 241 243 243 244 244 244 246 246 246 248 248 250 250
    251 251 251 252 254 254 255</data></my_lkt>
<your_lkt type_id="opencv-matrix">
  <rows>256</rows>
  <cols>1</cols>
  <dt>u</dt>
  <data>
    2 4 5 7 7 7 7 9 11 12 12 12 13 13 14 15 17 17 17 18 19 19 20 21 22
    23 23 25 25 26 27 28 28 29 31 31 32 34 35 36 37 39 39 41 41 42 43 45
    45 46 47 47 48 50 51 52 53 54 56 57 59 61 62 63 63 63 64 65 67 68 68
    69 69 71 72 73 75 77 77 77 78 78 80 82 83 85 86 86 88 90 91 92 94 95
    97 98 98 99 100 101 102 103 104 105 107 109 110 110 110 110 112 113
    115 115 117 117 118 119 120 121 122 124 124 126 128 128 130 131 132
    133 133 134 134 134 135 136 137 138 140 140 141 141 142 143 145 146
    147 149 150 150 150 151 152 152 154 154 156 157 158 158 159 160 160
    160 161 162 163 164 165 166 168 168 170 170 172 174 175 177 177 178
    179 179 180 181 183 184 185 186 188 189 191 192 193 194 196 196 198
    199 200 201 201 202 204 206 206 207 207 209 210 210 211 211 213 213
    214 215 215 216 216 217 218 218 220 221 221 223 224 224 226 227 227
    229 230 232 233 234 236 236 237 238 239 240 241 243 244 246 247 247
    248 250 250 251 252 252 253 255</data></your_lkt>
</opencv_storage>
