<?xml version="1.0"?>
<opencv_storage>
<L2_diff>4.0101620914870762e+02</L2_diff>
<r>7</r>
<test_img type_id="opencv-matrix">
  <rows>50</rows>
  <cols>100</cols>
  <dt>u</dt>
  <data>
    63 78 48 59 62 35 128 165 2 206 73 250 199 238 135 148 86 193 84 220
    151 69 70 214 74 198 121 201 127 126 111 66 248 232 230 162 95 119
    145 126 63 110 49 57 222 237 205 253 195 48 32 94 235 166 56 254 193
    227 222 237 136 92 205 119 212 7 241 132 207 229 201 40 107 113 157
    66 70 127 229 53 32 15 2 62 224 162 17 37 230 85 238 149 115 144 19
    30 93 32 81 67 5 161 188 44 142 123 37 107 67 141 146 209 252 68 190
    239 213 2 90 215 185 42 131 43 112 187 0 249 224 121 69 205 215 191
    110 210 250 196 122 81 71 196 141 30 85 59 237 104 44 23 194 230 43
    184 30 204 42 252 197 180 149 100 134 36 196 27 29 46 77 30 135 231
    232 147 169 133 61 184 110 211 28 41 51 4 159 11 209 253 64 139 220
    169 101 140 88 39 214 64 83 209 97 208 36 202 17 34 225 44 204 158
    44 111 189 77 224 120 53 225 36 28 88 132 202 149 146 229 9 24 179
    180 89 68 32 210 190 83 210 104 222 8 31 230 28 232 235 161 89 240 4
    172 8 111 15 156 234 206 81 202 224 42 34 189 154 165 59 235 33 244
    172 233 102 83 101 243 115 28 233 233 98 2 111 157 64 188 51 125 9
    160 60 210 227 217 225 59 40 21 209 0 100 234 66 18 44 148 168 38 81
    38 108 220 37 180 118 122 116 177 39 179 163 27 122 219 90 237 76 46
    64 182 197 252 71 219 217 91 198 36 230 137 79 204 1 153 178 160 62
    1 132 189 196 212 185 109 170 233 140 26 241 15 27 35 186 231 70 84
    243 227 50 15 8 111 170 24 139 126 77 1 122 233 22 233 237 177 120
    157 64 131 224 22 126 202 250 156 44 204 75 25 85 208 248 195 141
    179 187 149 96 26 129 245 207 16 17 147 99 144 45 241 63 223 151 9
    219 240 164 253 233 153 200 40 38 181 168 185 187 51 139 10 35 190
    127 213 209 108 91 122 100 176 30 49 41 109 172 136 9 3 172 201 104
    122 164 97 91 146 235 14 100 108 225 57 111 207 204 10 53 189 169
    108 154 248 80 213 30 155 146 108 117 235 243 250 236 89 169 212 110
    54 210 128 92 97 141 22 229 235 187 32 200 81 202 238 62 177 125 145
    209 5 69 224 22 215 118 231 62 78 182 23 149 120 23 159 168 207 53
    102 179 53 6 66 242 193 44 253 139 134 84 157 70 14 12 143 190 119
    200 43 143 64 156 78 220 221 183 20 0 148 89 239 48 8 211 125 228
    236 82 242 115 4 249 46 35 251 187 141 34 54 160 30 182 118 0 243
    211 206 105 80 94 75 175 72 47 181 26 139 27 17 41 40 247 108 193 87
    221 128 108 122 190 155 142 225 82 252 69 208 111 145 55 150 146 249
    177 119 98 60 16 237 180 78 44 202 60 28 89 172 181 73 55 8 8 224 85
    214 128 112 237 126 21 40 32 71 88 34 2 231 178 34 254 209 30 117 41
    85 145 93 237 9 70 250 184 255 161 64 221 246 49 77 60 12 123 109
    167 50 41 74 3 223 117 125 4 37 128 141 190 62 247 138 143 26 229 20
    250 67 43 2 246 115 195 207 242 28 31 143 68 129 111 248 185 236 221
    13 2 83 167 199 98 112 147 236 168 209 241 155 62 145 71 217 94 134
    113 143 12 187 58 117 18 113 174 125 182 76 166 19 51 125 211 190
    213 148 72 136 122 80 219 21 137 97 222 44 190 169 80 142 254 165 15
    194 68 23 81 21 100 106 21 135 166 169 66 178 20 4 14 209 127 156
    232 163 61 145 149 177 165 48 247 59 168 146 71 108 184 2 1 250 195
    104 95 124 56 98 169 99 70 183 252 73 32 255 157 233 156 122 116 74
    130 5 230 34 84 195 78 228 185 150 32 244 40 67 123 80 11 28 93 3
    246 175 59 0 254 9 46 184 41 127 101 133 221 6 213 43 104 22 184 97
    24 81 244 111 192 250 145 110 127 114 124 231 147 97 157 203 215 136
    136 28 110 94 156 164 128 143 93 207 164 88 70 56 172 221 120 224
    172 65 88 230 12 192 216 195 236 172 14 59 96 125 112 231 186 220
    197 158 241 212 74 26 93 130 139 112 130 15 63 159 61 229 150 201
    136 16 251 86 131 85 39 18 146 193 48 51 63 159 75 255 200 125 174
    161 117 186 61 119 234 153 24 95 24 212 178 62 227 241 32 105 153
    255 125 132 21 25 93 107 178 247 251 54 179 72 140 99 58 197 246 164
    186 174 183 249 224 168 124 153 212 254 116 181 240 180 32 0 60 38
    70 94 186 105 106 88 10 92 60 43 53 113 38 180 208 24 64 69 243 64
    251 199 24 192 226 160 14 180 249 64 175 242 215 149 218 36 92 221
    186 11 206 26 72 118 3 164 64 181 150 180 99 203 198 143 104 241 230
    34 164 212 100 96 155 24 96 24 40 115 227 176 122 24 230 12 187 70 2
    94 162 45 248 41 199 233 94 35 75 231 200 142 113 190 12 251 40 30
    106 156 80 39 25 69 248 0 141 49 178 107 235 54 195 232 178 80 33 42
    63 188 6 181 34 108 107 49 98 184 236 180 35 103 151 28 61 175 219
    163 158 47 22 175 99 90 15 210 49 169 179 244 133 113 52 240 251 128
    248 94 157 98 73 158 251 209 187 72 162 141 205 231 27 36 51 157 134
    96 99 214 157 14 160 247 9 164 111 18 179 65 35 235 130 129 182 118
    94 181 56 234 249 161 154 57 255 140 21 4 55 47 251 112 159 0 145
    119 121 210 151 91 69 23 12 194 99 89 69 44 117 137 207 47 92 194
    252 118 83 15 10 136 195 4 33 213 145 6 10 176 219 22 74 165 125 226
    85 142 52 227 252 58 165 109 144 237 154 174 217 46 175 28 75 17 174
    70 134 125 194 24 43 218 167 38 185 177 132 220 214 169 236 7 127
    138 109 198 204 192 198 65 220 171 241 64 186 158 211 169 90 84 102
    247 15 40 115 211 50 193 150 30 232 203 243 70 40 77 34 25 139 58
    211 64 87 126 120 96 44 66 214 251 21 55 86 248 20 49 12 229 111 169
    49 14 127 17 228 218 208 107 177 35 226 201 18 222 190 255 8 178 136
    167 91 70 40 240 122 216 162 15 191 29 252 244 76 167 132 122 155
    210 37 207 43 3 224 42 39 175 110 134 79 141 59 26 3 149 198 222 208
    42 143 44 137 165 93 252 76 44 153 178 2 84 138 177 200 169 146 183
    236 240 196 23 207 53 244 178 36 211 86 75 221 14 112 8 177 207 145
    179 39 53 193 3 20 224 212 103 70 150 136 233 93 223 92 33 44 213 90
    42 222 146 42 254 235 17 42 194 67 193 223 225 114 74 64 142 32 175
    99 8 58 184 111 131 178 69 4 229 195 84 97 175 201 144 166 31 197 25
    8 170 49 99 116 20 167 197 216 84 44 30 214 164 93 51 35 157 83 54
    248 27 117 58 130 115 26 233 155 181 97 235 164 96 60 182 114 34 88
    4 112 11 137 219 29 55 141 231 222 124 218 36 102 221 254 153 250
    224 105 3 139 127 254 54 193 38 200 159 0 80 161 91 157 149 46 65
    200 132 43 210 110 204 121 182 242 184 176 229 16 252 237 244 36 27
    114 0 235 44 83 160 186 72 226 35 70 11 53 154 194 155 116 66 54 173
    17 139 104 17 104 117 3 117 63 100 3 158 81 154 223 160 62 195 146
    204 46 13 127 119 51 34 194 97 66 186 60 43 78 18 113 81 40 106 158
    35 161 81 15 214 228 187 83 122 145 90 158 21 158 4 132 77 62 10 202
    92 95 118 71 162 64 16 237 124 138 203 168 43 206 231 104 59 168 12
    198 169 236 204 149 79 230 42 207 188 40 114 117 41 38 95 171 152 4
    116 11 159 145 229 87 165 103 132 31 4 4 24 30 87 198 9 114 215 27
    173 112 16 240 5 233 201 41 69 103 6 208 74 170 176 4 253 250 176
    226 36 243 200 44 206 255 143 7 95 106 172 170 226 67 149 148 85 86
    52 209 76 162 110 144 107 59 168 200 130 163 240 184 171 81 52 56
    217 58 12 226 54 209 35 121 148 223 203 60 35 169 81 18 167 178 42
    14 143 52 158 225 164 57 111 131 138 204 199 15 116 166 81 103 244
    210 104 2 217 71 233 79 145 222 162 62 151 139 155 249 210 34 245
    197 70 15 197 123 97 40 203 92 247 162 113 144 169 171 58 83 82 233
    85 115 35 69 121 230 40 5 238 65 140 55 161 131 140 55 42 8 225 20
    58 112 38 191 161 251 107 55 107 168 130 138 246 73 79 64 129 228
    141 54 21 140 4 115 53 143 107 70 100 249 40 94 90 12 241 9 160 75
    166 48 98 206 193 219 213 26 173 113 247 148 168 41 57 46 54 49 36
    122 106 160 142 93 249 143 34 112 108 64 7 192 148 135 131 53 68 26
    52 108 18 254 209 234 212 38 208 192 239 18 7 217 197 141 99 34 190
    79 166 101 145 140 112 26 43 217 2 1 200 176 80 87 73 66 183 223 190
    155 109 248 72 124 53 84 198 100 198 63 224 43 27 37 223 82 255 254
    65 252 225 67 78 121 166 14 76 162 111 159 30 161 8 5 141 132 162
    217 169 79 48 149 51 203 83 168 197 102 19 245 73 13 54 217 255 57
    222 77 43 6 127 27 174 110 112 170 171 121 173 10 130 0 48 191 196
    253 106 34 237 140 242 196 189 83 172 229 201 24 156 15 61 130 221
    169 217 194 42 128 223 44 37 91 148 38 248 126 169 82 107 35 42 107
    223 109 213 42 218 226 159 175 12 136 40 222 133 84 116 31 234 1 100
    179 209 12 188 245 7 160 177 159 9 250 214 5 224 220 41 56 35 245
    214 194 94 146 69 47 109 141 100 146 118 199 72 46 255 20 250 231 1
    102 134 37 171 19 229 99 23 99 6 33 249 106 25 206 17 214 169 140 72
    151 117 26 104 28 56 5 203 203 109 190 70 29 30 186 217 186 98 167
    64 121 255 159 144 147 239 132 219 142 3 67 229 70 48 207 35 94 164
    78 21 72 90 126 228 163 212 58 214 81 82 55 56 132 147 171 32 68 82
    191 4 109 208 179 106 223 207 13 156 39 249 70 7 172 213 12 107 94
    107 132 97 61 124 162 232 181 222 247 245 105 180 240 126 2 174 135
    23 51 47 46 161 14 213 108 68 254 98 99 93 147 119 6 196 58 236 58
    88 136 117 4 76 203 28 167 179 75 197 85 172 115 21 81 202 102 18
    225 152 253 206 50 30 62 209 138 112 33 217 225 191 177 150 11 170
    18 163 91 103 83 169 247 175 193 19 207 29 153 230 220 189 155 41 93
    236 66 147 252 95 65 13 67 127 125 26 210 126 117 215 158 76 0 154
    76 68 117 221 216 122 8 4 35 196 190 193 5 105 211 135 26 208 250
    123 84 158 98 192 145 87 250 117 190 170 226 42 129 224 11 220 209
    219 157 145 180 102 253 33 42 154 30 134 165 41 28 212 53 74 222 198
    103 50 28 36 142 98 201 64 73 5 241 92 243 145 63 26 226 44 218 72 4
    60 243 76 131 73 87 253 226 55 178 240 136 222 219 248 109 136 133
    44 57 25 31 125 122 105 43 130 66 104 215 125 205 225 51 78 180 238
    211 193 204 142 184 241 90 197 151 80 201 39 204 130 145 68 250 223
    12 234 207 94 34 176 199 45 233 235 56 167 149 26 48 126 15 53 252
    12 255 183 109 27 116 87 201 220 99 91 212 124 141 146 25 59 152 225
    107 84 17 0 44 2 107 253 202 231 233 112 94 149 58 142 119 189 173
    117 202 99 67 59 184 118 12 17 95 192 37 45 98 140 199 204 241 33
    251 210 189 138 210 244 176 8 251 4 207 251 226 214 53 79 4 177 0
    176 56 59 71 225 238 55 35 214 89 2 8 42 44 166 198 88 58 172 155
    247 121 148 11 200 172 181 193 252 203 92 35 224 97 94 83 225 25 244
    249 21 25 194 208 169 118 213 173 110 182 64 13 9 128 183 168 34 116
    191 212 202 57 93 129 209 133 1 210 35 101 176 174 159 245 66 161 46
    56 33 85 156 199 184 43 161 98 90 188 12 242 176 183 32 75 30 130 88
    53 61 251 2 174 218 90 4 19 245 211 177 161 3 244 165 169 196 255 97
    95 132 143 123 21 243 52 78 45 62 15 42 136 125 141 186 145 173 83
    206 67 29 250 78 45 52 167 178 54 75 94 95 235 8 77 176 36 48 197
    227 53 21 36 139 90 191 134 208 197 175 86 15 231 55 13 3 146 74 219
    211 74 239 74 225 14 220 29 40 246 98 46 175 168 219 133 153 158 220
    100 59 77 104 3 67 136 68 3 108 30 42 21 90 39 40 61 138 98 117 222
    13 66 245 64 235 103 11 19 168 157 116 161 104 228 85 6 244 22 216 8
    100 8 130 245 189 134 130 217 125 28 202 39 175 193 152 164 145 227
    132 217 144 179 125 251 239 75 184 242 132 111 65 236 249 9 137 197
    67 146 150 71 109 74 124 172 179 166 225 251 104 217 151 47 136 173
    218 201 181 66 69 22 22 109 201 45 37 97 16 237 103 146 182 132 224
    29 251 126 218 132 46 237 97 52 250 157 178 89 230 175 99 215 174 15
    128 103 15 206 192 205 85 137 70 59 253 245 77 131 55 117 234 33 111
    226 89 158 181 76 72 84 207 70 150 18 204 185 236 29 189 84 83 34 53
    35 142 160 242 24 127 96 167 2 220 26 77 180 74 238 28 155 163 67 85
    66 87 28 4 180 145 198 218 32 198 98 149 231 165 128 158 15 125 228
    29 73 143 174 111 204 147 46 246 240 107 122 12 66 27 80 211 25 70 3
    237 216 84 77 203 216 179 210 223 80 207 20 129 203 146 183 116 211
    91 17 210 199 235 75 93 69 255 210 154 226 77 105 169 241 45 252 7
    82 244 52 64 220 135 121 148 38 149 176 153 114 4 232 94 219 96 223
    139 173 189 27 51 172 87 165 134 17 120 64 152 96 199 179 103 213 16
    100 55 212 221 101 189 164 77 166 247 164 8 139 175 91 47 72 144 14
    50 193 6 2 6 67 103 186 214 251 100 135 208 200 193 85 83 162 181
    184 165 102 116 34 219 130 246 41 248 24 138 117 90 20 198 140 41
    124 188 189 134 115 250 27 78 232 108 232 107 202 106 8 242 86 43
    250 21 133 8 102 127 63 143 82 117 28 89 170 70 146 86 198 34 74 93
    174 17 5 3 210 229 81 88 191 216 174 32 108 137 76 153 221 155 103
    39 231 167 93 163 194 4 166 217 123 99 124 110 121 44 168 225 116 99
    175 110 77 137 174 218 86 116 50 215 236 7 47 176 151 188 168 117 79
    242 135 53 212 156 141 69 47 16 67 167 133 55 228 62 22 252 79 218
    35 3 3 12 184 50 165 35 158 7 255 13 192 66 91 62 14 98 51 53 203 23
    215 224 37 98 38 173 105 47 151 116 157 131 252 15 96 47 117 51 148
    142 6 12 108 17 183 169 155 198 32 98 164 17 206 46 214 40 99 27 69
    146 183 244 64 61 70 126 12 146 124 24 242 167 191 44 17 227 187 185
    214 48 186 110 108 171 238 92 48 64 145 40 161 74 109 103 233 238 22
    203 78 236 235 180 180 229 187 201 1 238 232 33 218 168 2 181 134
    242 238 247 125 176 160 69 141 26 183 83 247 120 163 120 209 90 33
    76 64 155 215 37 36 250 8 90 129 238 163 144 103 49 177 12 96 98 162
    129 32 196 81 30 170 113 159 143 125 230 107 11 204 93 98 136 58 233
    100 30 26 154 169 79 140 91 23 237 79 190 4 192 62 81 34 153 61 74
    56 9 199 166 106 18 29 73 147 210 17 243 5 87 52 228 156 200 162 85
    144 95 159 167 40 82 169 133 53 147 198 77 10 95 87 232 244 52 12 60
    253 152 78 90 107 130 185 228 170 249 149 196 31 215 10 172 9 91 224
    160 250 34 4 210 104 57 55 53 55 120 155 27 241 163 179 68 208 12
    127 18 187 249 185 196 35 187 203 73 43 184 181 95 168 117 118 69
    185 77 72 151 59 137 196 122 235 173 247 76 252 118 208 181 14 25
    207 106 116 92 136 173 23 139 51 11 40 101 189 137 83 32 57 79 34
    241 185 17 90 134 180 45 187 146 88 234 144 63 139 216 58 0 181 86
    227 243 106 114 45 32 112 21 156 153 217 36 39 66 21 153 35 151 190
    102 232 239 243 101 33 42 8 127 44 247 152 215 175 8 147 130 86 149
    60 114 121 220 230 114 128 97 213 172 217 103 246 178 78 123 201 181
    134 255 74 154 153 255 0 106 170 2 40 59 130 15 57 135 100 73 149 83
    73 76 243 113 6 135 5 89 24 129 104 22 139 184 60 165 224 191 172 23
    101 219 78 147 127 215 188 44 229 101 208 101 125 142 72 168 68 0
    110 45 167 67 82 228 109 9 135 85 95 191 38 87 42 53 214 214 72 111
    198 84 37 230 213 255 225 133 171 131 91 205 238 91 103 250 209 33
    76 183 136 70 78 87 185 124 140 123 152 220 232 101 34 22 158 9 195
    212 236 71 175 63 216 178 14 103 227 22 166 54 156 111 35 75 72 30
    238 111 185 245 151 241 118 136 7 81 132 254 97 227 142 89 80 152 49
    165 54 124 95 244 198 174 62 250 26 104 188 195 145 206 174 66 155
    32 52 64 252 17 116 25 25 141 195 172 207 236 9 105 188 132 112 103
    213 130 217 189 157 24 209 118 218 101 108 95 201 67 125 89 29 4 27
    179 63 226 143 227 98 184 76 235 115 213 22 9 7 101 233 2 49 6 185
    12 89 3 129 13 238 240 146 130 131 198 147 212 49 24 102 180 212 175
    138 193 162 108 133 133 171 42 197 55 105 28 195 22 137 135 135 67
    178 236 126 53 187 24 200 29 137 124 70 253 18 16 130 161 173 149 84
    245 209 188 96 85 228 226 33 156 169 227 247 60 37 188 183 148 149
    229 41 61 214 103 77 255 189 139 39 1 203 191 170 201 123 151 234
    196 164 212 146 156 17 191 71 217 94 12 181 80 124 35 176 24 155 182
    97 62 84 210 132 105 92 206 176 219 219 111 172 67 248 188 236 215
    170 23 251 254 127 120 46 100 83 51 237 136 43 237 175 126 191 149
    243 133 134 130 71 203 17 15 36 9 90 197 138 63 134 181 192 239 38
    20 82 157 131 136 215 144 179 117 1 27 81 123 20 138 254 61 156 59
    216 173 123 151 1 113 5 1 126 31 14 127 33 123 186 61 109 182 58 71
    80 55 134 53 219 156 100 96 224 23 99 162 193 228 179 231 224 198
    116 127 68 9 72 245 93 88 186 19 59 239 48 154 102 145 19 13 111 181
    157 65 17 53 82 200 159 172 139 100 89 120 152 54 250 82 230 79 255
    36 141 1 240 247 13 21 141 157 254 190 71 109 253 94 243 172 215 28
    121 193 56 220 129 109 200 125 161 172 121 44 92 80 27 184 250 153
    233 210 143 189 185 90 214 58 71 90 206 116 45 53 128 149 47 78 234
    138 189 114 237 95 135 243 221 109 249 127 23 51 197 130 57 54 56
    181 215 147 0 224 222 62 214 82 178 84 136 120 161 52 54 6 133 59
    249 148 236 206 129 183 216 173 161 122 213 130 166 10 247 120 111
    208 125 48 63 87 35 213 26 169 165 173 176 171 242 116 164 63 147
    210 177 243 32 38 69 193 72 120 162 152 137 98 255 223 232 3 207 14
    7 189 231 49 188 77 60 236 204 151 19 254 129 187 192 96 54 26 43 99
    158 146 238 171 137 35 17 127 157 14 218 180 239 89 6 144 31 246 55
    110 158 106 168 23 4 197 146 197 10 65 217 236 205 130 176 181 28
    127 154 9 138 198 68 55 68 43 189 86 76 76 115 70 254 26 211 17 119
    107 130 78 165 35 57 76 5 252 192 252 70 1 37 168 39 168 67 246 234
    33 82 149 246 85 183 143 114 7 190 139 114 145 184 194 126 117 5 190
    147 84 123 63 108 125 247 28 16 220 78 146 61 182 53 250 147 84 118
    10 78 35 35 86 38 196 93 62 168 185 101 27 201 127 151 21 87 13 94
    179 211 70 46 6 180 227 14 167 108 221 237 183 25 52 127 235 44 173
    160 32 154 81 112 139 241 121 123 70 13 76 129 130 75 17 2 173 233
    63 199 246 75 113 155 203 89 142 165 137 65 250 219 107 111 96 216
    91 162 128 167 239 135 7 56 20 211 27 184 255 37 248 123 132 163 172
    226 254 133 173 51 130 212 233 4 149 120 107 12 34 18 67 21 101 11
    11 55 62 190 79 38 121 188 81 108 120 228 1 150 74 85 255 121 184
    236 161 192 216 246 115 28 34 188 241 174 1 226 39 169 118 182 217
    71 207 71 35 219 56 142 195 173 54 166 235 125 60 216 69 236 17 29
    57 14 189 223 197 40 26 174 142 82 59 164 214 150 4 229 120 200 110
    198 138 99 119 11 161 181 138 141 137 218 101 225 50 240 117 58 237
    50 95 75 151 94 109 27 210 249 25 54 93 182 230 45 248 165 226 48
    227 65 148 211 86 7 138 231 134 142 144 87 227 110 68 22 100 214 84
    220 200 218 108 34 159 161 188 221 67 199 97 139 100 85 99 10 238 61
    172 60 124 66 82 210 178 110 70 190 248 236 80 37 223 129 88 10 161
    242 190 195 226 10 241 52 152 69 15 164 72 30 65 228 117 113 16 236
    60 71 167 181 161 93 195 85 190 242 156 153 98 116 237 209 9 134 92
    48 192 186 59 43 212 38 179 237 158 17 28 169 213 50 75 194 184 107
    0 42 27 82 93 76 195 116 197 151 170 72 232 55 16 114 47 40 208 130
    29 179 216 117 229 64 184 18 98 51 237 62 72 9 104 215 78 147 100
    235 249 9 249 183 63 102 32 15 150 42 182 2 189 205 42 103 132 69 96
    81 233 197 43 200 158 63 127 122 28 142 144 120 110 251 71 44 47 64
    7 118 65 97 156 232 41 47 43 233 74 201 148 3 106 12 249 200 36 128
    22 235 120 244 45 14 80 246 213 160 192 150 12 50 254 60 1 136 108
    50 173 13 58 156 186 15 7 180 61 119 160 105 1 170 247 76 232 161 23
    253 122 6 68 233 87 254 156 40 169 60 26 14 88 222 116 127 29 160
    225 49 153 62 119 46 233 137 227 189 16 132 158 62 175 202 86 119 2
    169 143 223 244 0 48 69 26 236 20 185 133 233 156</data></test_img>
<my_img type_id="opencv-matrix">
  <rows>50</rows>
  <cols>100</cols>
  <dt>u</dt>
  <data>
    63 78 48 59 62 35 128 165 2 206 73 250 199 238 135 148 86 193 84 220
    151 69 70 214 74 198 121 201 127 126 111 66 248 232 230 162 95 119
    145 126 63 110 49 57 222 237 205 253 195 48 32 94 235 166 56 254 193
    227 222 237 136 92 205 119 212 7 241 132 207 229 201 40 107 113 157
    66 70 127 229 53 32 15 2 62 224 162 17 37 230 85 238 149 115 144 19
    30 93 32 81 67 5 161 188 44 142 123 37 107 67 141 146 209 252 68 190
    239 213 2 90 215 185 42 131 43 112 187 0 249 224 121 69 205 215 191
    110 210 250 196 122 81 71 196 141 30 85 59 237 104 44 23 194 230 43
    184 30 204 42 252 197 180 149 100 134 36 196 27 29 46 77 30 135 231
    232 147 169 133 61 184 110 211 28 41 51 4 159 11 209 253 64 139 220
    169 101 140 88 39 214 64 83 209 97 208 36 202 17 34 225 44 204 158
    44 111 189 77 224 120 53 225 36 28 88 132 202 149 146 229 9 24 179
    180 89 68 32 210 190 83 210 104 222 8 31 230 28 232 235 161 89 240 4
    172 8 111 15 156 234 206 81 202 224 42 34 189 154 165 59 235 33 244
    172 233 102 83 101 243 115 28 233 233 98 2 111 157 64 188 51 125 9
    160 60 210 227 217 225 59 40 21 209 0 100 234 66 18 44 148 168 38 81
    38 108 220 37 180 118 122 116 177 39 179 163 27 122 219 90 237 76 46
    64 182 197 252 71 219 217 91 198 36 230 137 79 204 1 153 178 160 62
    1 132 189 196 212 185 109 170 233 140 26 241 15 27 35 186 231 70 84
    243 227 50 15 8 111 170 24 139 126 77 1 122 233 22 233 237 177 120
    157 64 131 224 22 126 202 250 156 44 204 75 25 85 208 248 195 141
    179 187 149 96 26 129 245 207 16 17 147 99 144 45 241 63 223 151 9
    219 240 164 253 233 153 200 40 38 181 168 185 187 51 139 10 35 190
    127 213 209 108 91 122 100 176 30 49 41 109 172 136 9 3 172 201 104
    122 164 97 91 146 235 14 100 108 225 57 111 207 204 10 53 189 169
    108 154 248 80 213 30 155 146 108 117 235 243 250 236 89 169 212 110
    54 210 128 92 97 141 22 229 235 187 32 200 81 202 238 62 177 125 145
    209 5 69 224 22 215 118 231 62 78 182 23 149 120 23 159 168 207 53
    102 179 53 6 66 242 193 44 253 139 134 84 157 70 14 12 143 190 119
    200 43 143 64 156 78 220 221 183 20 0 148 89 239 48 8 211 125 228
    236 82 242 115 4 249 46 35 251 187 141 34 54 160 30 182 118 0 243
    211 206 105 80 94 75 175 72 47 181 26 139 27 17 41 40 247 108 193 87
    221 128 108 122 190 155 142 225 82 252 69 208 111 145 55 150 146 249
    177 119 98 60 16 237 180 78 44 202 60 28 89 172 181 73 55 8 8 224 85
    214 128 112 237 126 21 40 32 71 88 34 2 231 178 34 254 209 30 117 41
    85 145 93 237 9 70 250 184 255 161 64 221 246 49 77 60 12 123 109
    167 50 41 74 3 223 117 125 4 37 128 141 190 62 247 138 143 26 229 20
    250 66 42 5 241 101 186 198 241 23 25 126 54 120 105 244 181 235 218
    12 6 80 159 196 97 112 146 237 163 210 243 158 58 148 80 223 103 141
    124 156 16 194 67 129 24 124 167 130 177 85 162 27 71 136 211 187
    210 148 88 142 126 83 214 26 142 93 207 48 185 165 77 137 253 165 14
    189 73 23 82 20 100 105 24 138 171 178 67 178 20 4 14 209 127 156
    232 163 61 145 149 177 165 52 249 57 154 137 71 94 177 6 2 248 189
    96 95 124 59 108 164 104 76 181 252 76 29 255 155 236 151 126 120 83
    135 6 233 40 96 199 87 229 194 160 40 249 51 80 131 88 15 37 105 6
    245 180 83 2 254 15 69 187 56 135 103 136 212 7 195 45 97 20 172 84
    25 71 232 108 182 243 137 111 129 114 124 233 152 100 162 203 215
    136 136 28 110 94 156 164 128 143 93 207 164 76 65 54 153 212 111
    219 160 65 84 226 11 188 213 198 235 175 16 62 104 129 114 230 193
    227 207 162 245 220 83 24 107 144 155 122 144 20 70 172 65 230 161
    212 146 24 254 97 138 93 53 29 158 198 69 78 91 163 96 255 202 137
    175 163 122 184 62 120 230 144 26 83 24 195 171 56 214 232 34 103
    147 255 129 137 25 32 94 107 178 247 251 54 179 72 140 99 58 197 246
    164 186 165 177 252 220 148 110 138 203 255 104 169 239 171 36 3 66
    40 75 96 194 112 111 93 10 101 70 43 58 121 39 194 216 31 83 84 250
    77 254 214 32 207 235 176 20 188 252 80 179 244 221 161 223 59 119
    232 195 23 206 42 91 130 5 162 70 176 143 171 93 186 180 130 93 232
    216 29 160 202 96 94 154 26 95 26 43 120 235 176 122 24 230 12 187
    70 2 94 162 45 248 41 199 231 76 31 67 227 187 127 104 177 18 249 40
    28 107 154 88 43 26 76 246 3 136 53 193 117 240 63 210 237 188 91 34
    50 78 202 9 194 44 122 120 57 113 197 241 189 46 113 160 36 73 182
    227 173 168 66 43 178 113 101 27 207 62 165 177 237 126 109 50 231
    247 119 239 79 147 84 63 160 247 202 194 71 177 147 211 238 29 36 51
    157 134 96 99 214 157 14 160 247 9 164 111 18 169 60 28 230 117 119
    173 109 88 171 52 233 249 165 162 67 255 144 23 9 67 51 250 127 178
    2 159 134 136 222 163 110 85 27 18 203 110 102 77 51 136 152 213 58
    103 201 255 129 95 22 15 151 206 10 49 216 158 12 19 177 218 29 77
    162 122 220 83 136 49 215 247 52 161 104 138 231 155 179 220 52 187
    32 80 17 190 70 134 125 194 24 43 218 167 38 185 177 132 220 214 163
    235 9 111 121 96 188 199 182 196 61 214 167 240 69 194 167 216 181
    101 101 116 244 17 42 130 220 52 202 158 34 232 213 248 80 49 91 46
    33 153 62 221 77 103 141 130 109 54 85 219 252 31 78 111 247 35 73
    24 237 120 171 60 17 130 18 226 207 196 108 168 29 218 188 10 214
    187 255 11 187 142 175 91 70 50 246 127 216 162 15 191 29 252 244 76
    167 132 122 155 210 37 207 43 7 221 39 36 160 105 127 82 131 58 22 8
    159 211 224 215 50 158 54 144 175 103 250 83 50 163 194 2 96 150 189
    209 186 159 195 243 243 207 25 216 59 247 185 49 218 97 88 228 25
    122 12 189 213 156 188 57 70 194 3 28 230 210 107 73 154 137 232 82
    214 78 22 42 206 78 50 214 148 50 252 237 16 56 207 73 193 223 225
    114 74 64 142 32 175 99 8 58 184 111 119 175 63 8 230 189 84 97 164
    201 137 153 27 203 24 10 180 57 114 139 18 182 209 220 92 52 28 219
    179 104 59 40 169 99 63 250 36 136 66 144 128 31 235 159 188 108 239
    175 110 76 194 128 45 113 9 136 22 148 227 36 69 143 236 224 127 212
    41 100 212 250 147 244 214 96 2 133 130 250 59 193 39 198 161 2 82
    168 91 157 149 46 65 200 132 43 210 110 204 121 182 242 187 172 232
    17 253 244 245 37 24 113 2 237 46 93 167 195 87 232 36 88 14 62 165
    206 171 134 73 66 187 20 151 118 22 124 141 7 139 70 116 5 164 90
    153 229 163 75 201 143 206 52 19 131 133 66 46 203 117 87 193 74 51
    84 22 117 83 42 103 153 32 153 68 11 199 220 182 75 126 150 92 160
    25 161 6 138 86 63 10 202 92 95 118 71 162 64 16 237 124 138 203 168
    52 206 233 88 61 152 15 196 162 239 206 148 76 236 50 219 199 43 133
    142 44 35 107 189 164 9 134 12 171 151 235 99 178 119 147 43 9 8 28
    39 100 203 12 124 219 31 179 119 23 243 7 239 207 53 93 128 12 218
    94 171 176 8 253 250 171 223 40 238 185 41 188 255 131 7 87 101 178
    172 220 68 147 147 82 85 58 212 76 162 110 144 107 59 168 200 130
    163 240 184 171 81 60 61 223 61 17 231 51 211 34 120 144 226 210 62
    33 177 91 15 180 188 50 14 145 60 164 230 171 69 114 129 142 206 204
    18 134 181 99 120 247 218 121 2 226 82 238 91 150 232 169 74 158 143
    167 252 219 51 246 207 88 24 196 131 105 45 189 97 243 160 125 144
    163 167 50 75 69 226 83 117 34 68 118 228 41 7 240 68 140 55 161 131
    140 55 42 8 225 20 58 112 38 191 147 253 93 54 94 146 121 129 246 74
    77 59 120 236 142 56 19 138 8 125 63 146 112 80 109 247 40 109 97 17
    244 11 171 85 187 63 111 210 198 227 221 29 179 120 248 154 175 48
    67 50 60 58 49 133 126 170 152 112 252 147 46 125 118 75 10 181 150
    136 136 53 63 23 44 104 18 252 205 232 211 37 204 192 240 22 10 222
    197 141 99 34 190 79 166 101 145 140 112 26 43 217 3 1 190 159 76 84
    73 67 170 226 180 146 105 249 78 128 58 99 207 116 205 73 232 52 28
    39 222 90 255 252 71 249 230 77 91 131 184 16 86 165 119 168 39 164
    9 6 147 138 168 226 173 87 56 156 62 209 103 172 201 119 26 244 86
    18 63 209 255 67 215 82 44 6 126 25 175 110 117 170 172 122 173 12
    135 3 52 196 196 253 106 34 237 140 242 196 189 83 172 229 201 24
    145 19 67 120 220 153 215 187 45 126 224 48 36 103 159 39 248 138
    185 102 130 37 56 121 228 119 212 53 214 232 167 185 17 144 53 226
    143 94 128 44 235 1 107 184 210 18 195 248 9 162 181 158 14 254 220
    8 230 227 52 69 42 245 211 189 103 150 76 54 116 142 101 147 118 195
    66 43 255 23 246 231 5 99 143 39 176 24 229 99 23 99 6 33 249 106 25
    206 17 214 169 140 75 135 107 27 92 25 53 8 201 202 118 187 71 28 29
    193 224 198 120 179 84 142 255 169 154 154 241 142 213 144 5 76 232
    79 63 210 46 100 175 86 26 79 96 129 235 168 218 67 223 80 80 57 62
    137 160 180 36 78 92 186 7 120 206 177 111 222 205 17 158 39 241 65
    7 172 211 11 105 96 104 136 95 59 127 172 232 192 222 247 245 105
    180 240 126 2 174 135 23 51 47 46 148 16 210 99 67 255 95 101 96 142
    121 11 196 61 241 62 101 147 138 10 94 211 31 178 193 84 193 92 179
    117 27 83 201 109 27 226 161 253 207 61 42 74 211 138 119 44 227 236
    190 180 147 14 173 18 165 101 116 96 169 245 171 186 23 203 29 156
    232 221 185 158 40 91 235 56 146 248 99 60 15 66 127 126 31 215 129
    118 215 158 76 0 154 76 68 117 221 216 122 8 4 35 193 184 185 8 99
    213 122 20 213 252 124 85 156 105 194 153 94 252 137 195 184 236 53
    133 227 16 212 201 209 154 146 187 109 252 46 56 162 43 147 170 53
    42 214 67 82 230 194 111 54 32 37 135 100 198 62 70 6 235 96 233 142
    61 29 222 48 218 75 6 60 239 79 126 70 83 250 221 50 180 240 142 216
    212 245 105 144 139 44 57 25 31 125 122 105 43 130 66 104 215 125
    205 236 56 80 176 240 215 190 210 144 188 241 99 202 161 86 207 42
    214 147 155 79 250 226 18 237 203 94 33 177 193 49 229 233 59 181
    151 34 58 139 25 62 253 18 255 185 111 33 121 92 198 223 96 90 213
    120 138 148 26 62 152 226 107 88 17 1 45 2 108 252 202 231 229 111
    94 155 50 152 121 187 168 113 195 100 75 66 188 118 12 17 95 192 37
    45 98 140 199 204 241 33 251 213 190 136 213 244 171 9 254 5 218 254
    236 226 52 85 12 182 1 187 63 70 77 230 238 61 37 203 93 1 8 49 49
    177 197 97 73 188 161 247 130 153 12 203 177 185 196 254 202 100 34
    231 97 96 85 232 25 244 252 23 27 193 206 167 122 207 171 114 179 63
    15 9 125 179 162 27 112 192 214 199 52 84 126 204 138 5 207 35 101
    176 174 159 245 66 161 46 56 33 85 156 199 182 50 147 99 92 178 11
    245 177 188 35 76 31 137 92 51 60 253 2 180 224 102 11 22 241 205
    179 160 5 239 169 177 198 255 109 104 139 153 138 32 243 69 86 56 69
    24 50 138 131 144 184 143 172 80 206 59 32 254 79 46 54 159 175 57
    76 101 100 238 9 82 175 31 45 201 228 43 18 31 150 86 193 142 209
    201 180 95 15 231 55 13 3 146 74 219 211 74 239 74 225 14 223 37 43
    246 97 45 171 165 233 137 156 158 231 114 62 80 113 6 74 146 74 8
    114 29 48 26 90 42 44 66 130 99 119 223 23 80 243 76 237 117 12 29
    177 159 129 159 121 239 91 7 243 22 222 8 103 9 129 247 187 136 131
    215 122 29 197 39 164 189 143 154 139 227 127 218 147 179 129 249
    241 74 182 240 143 120 70 232 249 9 137 197 67 146 150 71 109 74 124
    172 179 166 231 253 110 221 142 46 128 176 235 216 186 69 73 25 25
    121 209 51 44 111 19 239 108 146 188 133 222 29 249 118 213 127 50
    236 107 71 249 167 192 94 233 190 113 223 182 19 144 118 15 210 188
    206 87 145 67 57 255 247 77 134 58 117 230 39 112 228 88 153 175 74
    68 80 210 60 154 12 206 190 239 17 189 80 86 31 45 35 142 160 242 24
    127 96 167 2 220 26 77 180 74 238 37 152 158 68 86 62 88 28 5 195
    155 209 229 36 206 114 161 236 179 139 171 22 130 232 34 76 139 177
    116 201 142 49 245 239 113 126 20 77 35 86 212 31 85 3 245 228 91 79
    209 227 179 215 228 74 211 19 133 201 153 179 120 207 92 19 209 202
    239 74 94 61 255 204 151 223 70 100 167 241 28 253 3 78 244 44 60
    221 135 121 148 38 149 176 153 114 4 232 94 219 96 223 136 173 188
    29 51 164 90 165 136 20 128 68 156 107 206 188 118 216 22 120 65 214
    222 103 194 169 76 168 246 162 9 133 184 87 58 78 145 23 61 198 7 2
    9 77 120 195 226 252 111 143 210 199 193 86 80 164 182 184 165 110
    122 41 222 134 246 42 250 22 134 118 88 16 201 135 29 116 181 189
    131 104 249 20 77 229 108 227 107 202 106 8 242 86 43 250 21 133 8
    102 127 63 141 85 114 31 90 163 73 150 100 211 44 85 108 182 28 15 8
    215 236 101 104 205 219 182 37 113 137 79 159 214 158 100 36 229 172
    90 167 202 6 172 227 136 104 131 122 130 48 178 238 124 93 177 117
    73 146 176 226 88 118 51 220 236 3 53 175 154 192 161 116 78 243 124
    44 218 153 141 53 29 7 52 156 133 46 224 54 19 252 79 218 35 3 3 12
    184 50 165 35 158 7 255 18 196 68 93 58 17 105 54 61 219 35 224 232
    48 116 53 180 136 62 170 142 176 145 254 23 103 52 124 57 154 137 6
    15 104 24 193 176 159 209 35 95 170 22 211 52 219 42 101 28 68 146
    181 243 58 56 71 126 9 151 119 19 239 161 195 49 12 233 188 184 221
    50 179 97 99 171 241 92 37 54 138 34 158 68 108 101 228 238 22 203
    78 236 235 180 180 229 187 201 1 238 232 42 219 173 7 194 130 247
    246 253 137 194 172 77 155 39 202 100 252 150 184 144 218 105 40 80
    69 165 214 40 35 249 8 77 116 238 163 141 104 51 185 15 94 95 163
    137 36 204 80 31 181 113 162 148 130 230 108 8 209 95 99 145 61 230
    101 29 25 156 167 79 136 90 19 239 70 196 1 195 50 73 24 150 51 70
    50 9 196 166 106 18 29 73 147 210 17 243 5 87 52 228 156 204 165 87
    146 94 161 172 48 93 184 143 63 154 213 86 18 105 103 240 250 62 15
    67 255 165 82 93 113 137 199 230 179 250 152 197 32 215 14 180 11 79
    227 156 253 36 6 214 111 57 52 44 49 122 164 27 241 167 179 75 206
    10 125 18 192 252 188 199 34 190 210 66 33 179 179 88 167 110 114 57
    175 65 59 146 45 136 189 122 235 173 247 76 252 118 208 181 14 25
    207 106 116 96 142 188 23 136 46 12 48 114 207 147 95 40 63 86 48
    246 202 28 107 148 188 48 195 150 82 236 148 61 139 214 54 1 181 70
    228 247 102 117 42 31 118 22 152 147 223 35 35 63 17 154 29 156 196
    104 231 245 245 100 35 42 6 126 45 249 159 224 177 8 145 124 85 150
    46 109 118 224 231 108 114 90 207 167 212 96 241 178 78 123 201 181
    134 255 74 154 153 255 0 106 170 8 49 60 138 17 54 138 112 83 162 97
    83 83 248 124 15 144 10 105 33 143 118 27 137 190 60 173 229 205 177
    20 97 222 68 142 119 219 193 37 237 96 211 97 129 144 73 173 68 1
    118 39 172 68 83 229 111 6 138 91 99 202 42 93 45 62 223 223 77 112
    210 85 36 235 221 255 228 133 171 122 79 197 237 86 96 249 204 33 76
    183 136 70 78 87 185 124 140 123 152 220 232 105 40 24 165 11 209
    223 243 79 197 70 230 196 23 118 236 35 179 62 172 129 43 79 69 28
    240 112 195 244 154 240 116 124 9 60 125 255 78 235 143 71 69 153 46
    165 54 127 91 243 214 186 63 250 25 108 198 206 150 209 176 76 160
    34 57 71 253 19 117 32 32 148 205 182 222 241 7 108 197 130 107 100
    214 130 216 187 159 24 209 118 218 101 108 95 201 67 125 89 29 4 27
    185 71 228 147 231 97 198 84 240 122 226 34 17 16 116 241 6 63 14
    199 18 105 7 126 15 241 243 152 130 128 198 146 210 45 23 91 177 214
    179 137 198 160 101 135 135 178 42 206 54 105 28 206 20 151 142 141
    73 187 231 124 60 195 26 209 31 144 126 77 254 23 16 137 171 187 162
    85 249 216 192 95 84 227 222 32 151 164 227 247 60 37 188 183 148
    149 229 41 61 214 103 77 255 195 141 43 6 209 198 178 212 128 160
    238 205 172 220 159 164 27 205 85 222 109 16 184 86 129 31 185 26
    163 179 93 56 73 209 126 90 73 207 176 223 222 108 175 63 247 193
    232 218 186 24 253 254 138 122 49 97 90 53 235 145 45 239 184 127
    204 161 246 139 143 136 75 214 17 14 34 7 84 202 136 53 135 176 189
    240 32 20 82 157 131 136 215 144 179 117 1 27 81 123 20 137 252 62
    154 57 223 184 127 156 6 119 11 5 137 33 24 137 42 141 198 68 121
    185 54 78 84 48 138 45 220 159 97 86 223 18 88 159 195 230 178 231
    223 202 116 126 68 9 75 243 91 92 194 23 70 238 52 163 109 151 23 12
    114 193 165 71 17 62 90 216 175 182 147 100 92 128 165 48 252 78 232
    71 255 35 144 2 241 247 13 21 141 157 254 190 71 109 253 94 243 172
    215 37 129 203 54 228 130 107 213 134 169 185 136 52 105 96 36 194
    249 167 233 216 155 201 193 104 218 53 75 99 205 116 32 40 121 145
    34 59 233 136 186 110 235 80 131 240 214 110 246 134 27 53 206 138
    71 62 68 193 218 154 1 224 221 67 220 87 188 94 144 125 178 52 53 5
    145 50 249 154 239 209 125 178 213 168 156 114 211 130 166 10 247
    120 111 208 125 48 63 87 35 213 26 169 165 173 176 171 242 116 164
    63 147 210 177 243 32 38 69 193 72 120 162 152 137 98 255 223 232 3
    207 14 7 189 231 49 188 77 60 236 204 151 19 254 129 187 192 96 54
    26 43 99 158 146 238 171 137 35 17 127 157 14 218 180 239 89 6 144
    31 246 55 110 158 106 168 23 4 197 146 197 10 65 217 236 205 130 176
    181 28 127 154 9 138 198 68 55 68 43 189 86 76 76 115 70 254 26 211
    17 119 107 130 78 165 35 57 76 5 252 192 252 70 1 37 168 39 168 67
    246 234 33 82 149 246 85 183 143 114 7 190 139 114 145 184 194 126
    117 5 190 147 84 123 63 108 125 247 28 16 220 78 146 61 182 53 250
    147 84 118 10 78 35 35 86 38 196 93 62 168 185 101 27 201 127 151 21
    87 13 94 179 211 70 46 6 180 227 14 167 108 221 237 183 25 52 127
    235 44 173 160 32 154 81 112 139 241 121 123 70 13 76 129 130 75 17
    2 173 233 63 199 246 75 113 155 203 89 142 165 137 65 250 219 107
    111 96 216 91 162 128 167 239 135 7 56 20 211 27 184 255 37 248 123
    132 163 172 226 254 133 173 51 130 212 233 4 149 120 107 12 34 18 67
    21 101 11 11 55 62 190 79 38 121 188 81 108 120 228 1 150 74 85 255
    121 184 236 161 192 216 246 115 28 34 188 241 174 1 226 39 169 118
    182 217 71 207 71 35 219 56 142 195 173 54 166 235 125 60 216 69 236
    17 29 57 14 189 223 197 40 26 174 142 82 59 164 214 150 4 229 120
    200 110 198 138 99 119 11 161 181 138 141 137 218 101 225 50 240 117
    58 237 50 95 75 151 94 109 27 210 249 25 54 93 182 230 45 248 165
    226 48 227 65 148 211 86 7 138 231 134 142 144 87 227 110 68 22 100
    214 84 220 200 218 108 34 159 161 188 221 67 199 97 139 100 85 99 10
    238 61 172 60 124 66 82 210 178 110 70 190 248 236 80 37 223 129 88
    10 161 242 190 195 226 10 241 52 152 69 15 164 72 30 65 228 117 113
    16 236 60 71 167 181 161 93 195 85 190 242 156 153 98 116 237 209 9
    134 92 48 192 186 59 43 212 38 179 237 158 17 28 169 213 50 75 194
    184 107 0 42 27 82 93 76 195 116 197 151 170 72 232 55 16 114 47 40
    208 130 29 179 216 117 229 64 184 18 98 51 237 62 72 9 104 215 78
    147 100 235 249 9 249 183 63 102 32 15 150 42 182 2 189 205 42 103
    132 69 96 81 233 197 43 200 158 63 127 122 28 142 144 120 110 251 71
    44 47 64 7 118 65 97 156 232 41 47 43 233 74 201 148 3 106 12 249
    200 36 128 22 235 120 244 45 14 80 246 213 160 192 150 12 50 254 60
    1 136 108 50 173 13 58 156 186 15 7 180 61 119 160 105 1 170 247 76
    232 161 23 253 122 6 68 233 87 254 156 40 169 60 26 14 88 222 116
    127 29 160 225 49 153 62 119 46 233 137 227 189 16 132 158 62 175
    202 86 119 2 169 143 223 244 0 48 69 26 236 20 185 133 233 156</data></my_img>
<your_img type_id="opencv-matrix">
  <rows>50</rows>
  <cols>100</cols>
  <dt>u</dt>
  <data>
    63 78 48 59 62 35 128 165 2 206 73 250 199 238 135 148 86 193 84 220
    151 69 70 214 74 198 121 201 127 126 111 66 248 232 230 162 95 119
    145 126 63 110 49 57 222 237 205 253 195 48 32 94 235 166 56 254 193
    227 222 237 136 92 205 119 212 7 241 132 207 229 201 40 107 113 157
    66 70 127 229 53 32 15 2 62 224 162 17 37 230 85 238 149 115 144 19
    30 93 32 81 67 5 161 188 44 142 123 37 107 67 141 146 209 252 68 190
    239 213 2 90 215 185 42 131 43 112 187 0 249 224 121 69 205 215 191
    110 210 250 196 122 81 71 196 141 30 85 59 237 104 44 23 194 230 43
    184 30 204 42 252 197 180 149 100 134 36 196 27 29 46 77 30 135 231
    232 147 169 133 61 184 110 211 28 41 51 4 159 11 209 253 64 139 220
    169 101 140 88 39 214 64 83 209 97 208 36 202 17 34 225 44 204 158
    44 111 189 77 224 120 53 225 36 28 88 132 202 149 146 229 9 24 179
    180 89 68 32 210 190 83 210 104 222 8 31 230 28 232 235 161 89 240 4
    172 8 111 15 156 234 206 81 202 224 42 34 189 154 165 59 235 33 244
    172 233 102 83 101 243 115 28 233 233 98 2 111 157 64 188 51 125 9
    160 60 210 227 217 225 59 40 21 209 0 100 234 66 18 44 148 168 38 81
    38 108 220 37 180 118 122 116 177 39 179 163 27 122 219 90 237 76 46
    64 182 197 252 71 219 217 91 198 36 230 137 79 204 1 153 178 160 62
    1 132 189 196 212 185 109 170 233 140 26 241 15 27 35 186 231 70 84
    243 227 50 15 8 111 170 24 139 126 77 1 122 233 22 233 237 177 120
    157 64 131 224 22 126 202 250 156 44 204 75 25 85 208 248 195 141
    179 187 149 96 26 129 245 207 16 17 147 99 144 45 241 63 223 151 9
    219 240 164 253 233 153 200 40 38 181 168 185 187 51 139 10 35 190
    127 213 209 108 91 122 100 176 30 49 41 109 172 136 9 3 172 201 104
    122 164 97 91 146 235 14 100 108 225 57 111 207 204 10 53 189 169
    108 154 248 80 213 30 155 146 108 117 235 243 250 236 89 169 212 110
    54 210 128 92 97 141 22 229 235 187 32 200 81 202 238 62 177 125 145
    209 5 69 224 22 215 118 231 62 78 182 23 149 120 23 159 168 207 53
    102 179 53 6 66 242 193 44 253 139 134 84 157 70 14 12 143 190 119
    200 43 143 64 156 78 220 221 183 20 0 148 89 239 48 8 211 125 228
    236 82 242 115 4 249 46 35 251 187 141 34 54 160 30 182 118 0 243
    211 206 105 80 94 75 175 72 47 181 26 139 27 17 41 40 247 108 193 87
    221 128 108 122 190 155 142 225 82 252 69 208 111 145 55 150 146 249
    177 119 98 60 16 237 180 78 44 202 60 28 89 172 181 73 55 8 8 224 85
    214 128 112 237 126 21 40 32 71 88 34 2 231 178 34 254 209 30 117 41
    85 145 93 237 9 70 250 184 255 161 64 221 246 49 77 60 12 123 109
    167 50 41 74 3 223 117 125 4 37 128 141 190 62 247 138 143 26 229 20
    250 70 46 3 246 117 197 208 242 30 33 145 71 131 114 248 187 237 222
    15 3 86 169 201 101 115 150 237 170 210 241 157 65 147 75 218 97 137
    116 145 14 189 60 120 20 116 176 127 184 80 167 21 53 127 212 192
    214 151 76 139 124 83 220 23 140 100 223 48 192 171 83 144 254 167
    17 196 71 25 84 23 103 108 23 137 167 171 69 178 20 4 14 209 127 156
    232 163 61 145 149 177 165 51 247 62 170 149 75 111 186 3 2 250 197
    107 98 126 59 101 171 102 74 185 252 76 34 255 159 234 158 124 119
    77 133 7 231 36 88 197 82 229 187 153 34 244 43 70 125 83 13 30 96 4
    246 177 62 1 254 11 49 186 44 130 104 136 222 8 214 46 107 24 186
    100 26 84 244 114 194 250 147 113 130 117 126 232 150 100 159 203
    215 136 136 28 110 94 156 164 128 143 93 207 164 91 74 59 174 222
    123 225 174 68 91 231 14 194 217 197 237 174 16 62 99 127 115 232
    188 221 199 160 241 213 77 28 96 133 142 115 133 17 66 161 63 230
    153 203 139 18 251 89 133 89 41 20 149 195 51 53 66 161 78 255 202
    127 176 163 120 188 63 122 235 155 26 98 26 213 180 65 228 241 34
    108 155 255 127 135 23 26 96 107 178 247 251 54 179 72 140 99 58 197
    246 164 186 176 185 249 225 170 126 155 213 254 119 183 240 182 34 1
    63 41 74 97 188 108 108 91 12 95 63 46 56 116 41 182 209 26 67 72
    243 67 251 201 26 194 227 162 16 182 249 67 177 242 216 152 219 39
    95 222 188 13 207 28 76 121 4 166 67 183 153 182 102 204 200 145 107
    241 231 36 166 213 103 99 157 26 99 26 43 117 228 176 122 24 230 12
    187 70 2 94 162 45 248 41 199 234 97 38 78 232 202 144 116 192 14
    251 43 32 108 158 83 41 26 72 248 1 143 52 180 110 236 57 197 233
    180 83 35 45 66 190 8 183 36 111 110 52 101 186 237 182 38 106 154
    30 63 177 220 165 160 50 24 177 102 93 17 211 52 171 181 244 136 116
    54 240 251 131 248 97 159 101 76 160 251 210 189 76 164 143 206 232
    29 36 51 157 134 96 99 214 157 14 160 247 9 164 111 20 181 68 38 236
    133 131 184 121 97 183 59 235 249 163 156 59 255 142 23 6 58 50 251
    115 161 1 147 122 123 211 154 94 72 25 14 196 102 92 72 48 120 140
    208 50 95 196 252 121 86 17 12 139 197 6 35 214 147 8 12 178 220 24
    77 167 127 227 89 144 54 228 252 60 167 112 146 238 156 176 218 49
    177 30 78 20 176 70 134 125 194 24 43 218 167 38 185 177 132 220 214
    171 237 9 130 140 112 200 205 194 200 68 221 173 241 67 188 160 212
    171 93 88 105 247 17 43 117 212 52 195 153 32 233 204 243 74 43 80
    36 26 142 60 212 67 90 128 123 99 48 69 215 251 23 58 89 248 22 52
    14 230 114 171 52 16 130 20 229 219 209 110 179 38 227 203 20 223
    192 255 10 180 139 169 94 74 43 240 124 216 162 15 191 29 252 244 76
    167 132 122 155 210 37 208 46 4 225 45 41 177 113 137 82 143 62 28 4
    152 200 223 209 45 145 48 140 167 96 252 80 48 155 180 3 88 140 179
    202 171 149 185 237 240 198 25 208 56 244 180 39 212 89 78 222 16
    115 10 179 208 147 181 41 56 195 4 22 225 213 106 74 153 139 234 96
    224 95 35 48 214 93 45 223 149 45 254 236 20 45 196 70 193 223 225
    114 74 64 142 32 175 99 8 58 184 111 133 180 72 6 230 197 88 100 177
    203 146 167 33 199 26 10 172 52 102 119 22 169 199 217 88 48 32 215
    166 96 53 38 159 86 57 248 29 120 60 133 117 28 234 157 183 100 236
    166 99 63 184 117 36 91 6 115 13 140 220 31 58 143 232 223 126 219
    39 105 222 254 155 250 225 108 4 142 130 254 57 195 41 202 161 1 83
    163 91 157 149 46 65 200 132 43 210 110 204 121 182 242 186 178 230
    18 252 238 244 39 29 117 1 236 48 86 162 188 76 227 38 74 13 56 156
    196 157 119 69 57 175 20 142 107 20 107 120 4 120 66 103 4 160 84
    156 224 162 65 197 149 205 49 15 130 122 53 36 196 100 69 188 63 46
    82 20 116 84 43 108 160 38 163 84 17 215 229 189 86 124 147 93 160
    23 160 6 135 80 65 10 202 92 95 118 71 162 64 16 237 124 138 203 168
    46 207 232 107 62 170 14 200 171 237 205 152 82 231 45 208 190 43
    117 120 44 41 98 173 154 6 119 13 161 147 230 90 167 106 135 33 6 6
    26 32 90 200 11 117 216 29 175 115 18 240 7 234 203 44 72 106 8 209
    77 172 178 6 253 250 178 227 39 243 202 48 207 255 145 9 98 108 174
    172 227 70 152 151 89 89 54 210 76 162 110 144 107 59 168 200 130
    163 240 184 171 81 54 59 218 60 14 227 57 210 38 123 151 224 204 63
    38 171 84 20 169 180 45 16 145 54 160 226 166 59 114 133 140 205 201
    17 119 167 84 106 244 211 107 3 218 75 234 82 147 223 164 65 154 142
    157 249 211 36 245 199 74 17 199 125 100 43 204 95 247 164 116 146
    171 173 60 86 85 234 89 117 38 72 123 231 43 7 239 68 140 55 161 131
    140 55 42 8 225 20 58 112 38 191 163 251 110 58 110 170 133 140 246
    76 82 67 131 229 143 57 23 142 6 117 56 145 110 74 103 249 43 97 93
    14 241 11 162 78 167 51 101 207 195 220 214 28 175 116 247 151 170
    44 59 49 57 52 39 124 108 162 144 96 249 145 36 115 111 67 9 194 151
    137 133 56 71 28 54 111 20 254 210 235 213 41 209 194 240 20 9 218
    197 141 99 34 190 79 166 101 145 140 112 26 43 217 3 2 202 178 83 90
    76 69 185 224 192 157 112 248 76 126 56 88 200 103 200 66 225 46 29
    40 224 85 255 254 68 252 226 70 82 123 167 16 80 164 114 161 32 163
    10 7 143 135 164 218 171 82 51 152 53 204 86 170 199 105 21 245 76
    15 57 218 255 59 223 80 46 8 130 29 176 113 115 172 173 123 175 12
    133 1 51 193 196 253 106 34 237 140 242 196 189 83 172 229 201 24
    158 17 63 133 222 171 218 196 45 131 224 48 40 94 151 41 248 128 171
    85 110 38 45 110 224 112 214 45 219 227 161 177 14 139 43 223 136 88
    119 33 235 2 103 181 210 14 190 245 9 162 179 161 11 250 215 7 225
    221 44 59 38 245 215 196 97 149 72 50 112 143 103 149 121 201 76 49
    255 22 250 232 2 105 137 40 173 21 229 99 23 99 6 33 249 106 25 206
    17 214 169 140 76 154 120 28 107 30 59 7 204 204 112 192 74 31 32
    188 218 188 101 169 67 123 255 161 146 150 240 135 220 144 4 70 230
    74 51 208 38 97 166 82 23 76 93 128 229 165 213 60 215 84 85 58 59
    135 150 173 34 71 85 193 6 112 209 181 108 224 208 15 158 41 249 74
    9 174 214 14 110 97 110 135 100 63 126 164 233 183 222 247 245 105
    180 240 126 2 174 135 23 51 47 46 163 16 214 111 71 254 101 102 96
    150 122 8 198 60 237 60 91 139 120 6 80 204 30 169 181 78 199 89 174
    117 23 84 203 105 20 226 154 253 207 52 32 65 210 140 115 35 218 226
    193 179 153 13 172 20 165 94 106 86 171 247 177 195 21 208 31 155
    231 221 191 157 44 96 237 69 150 252 98 68 15 70 130 127 28 211 128
    120 215 158 76 0 154 76 68 117 221 216 122 8 4 35 198 192 195 7 108
    212 137 28 209 250 125 88 160 101 194 147 90 250 120 192 172 227 45
    131 225 13 221 210 220 159 147 182 105 253 35 45 156 32 137 167 44
    30 213 56 77 223 200 106 52 30 39 144 101 203 67 76 7 241 95 243 147
    66 28 227 48 219 76 6 63 243 80 133 76 90 253 227 58 180 240 139 223
    220 248 112 139 136 44 57 25 31 125 122 105 43 130 66 104 215 125
    205 226 53 82 182 239 212 195 205 144 186 241 93 199 154 83 203 41
    205 133 147 71 250 224 14 235 208 97 36 178 201 48 234 236 59 169
    152 28 51 128 17 56 252 14 255 185 112 29 119 90 203 221 102 94 213
    126 143 149 26 62 154 226 110 88 20 1 48 3 110 253 203 232 234 115
    97 152 60 144 122 191 175 120 203 102 70 62 186 118 12 17 95 192 37
    45 98 140 199 204 241 33 251 211 191 140 211 244 178 10 251 6 208
    251 227 215 56 82 6 179 1 178 59 62 75 226 239 58 38 215 92 3 10 45
    48 167 200 91 60 174 157 247 123 151 13 202 174 183 195 252 204 95
    38 225 100 97 86 226 26 244 249 23 26 196 209 171 121 214 175 113
    184 67 15 11 131 185 170 36 119 193 213 203 59 96 131 210 136 2 211
    35 101 176 174 159 245 66 161 46 56 33 85 156 199 186 46 163 101 93
    190 14 242 178 185 34 78 32 133 91 56 63 251 3 176 219 93 6 21 245
    212 179 163 4 244 167 171 198 255 100 98 135 145 125 23 243 54 82 48
    65 17 45 139 127 143 188 147 175 86 207 70 31 250 82 48 54 169 180
    57 78 97 98 236 10 80 178 39 51 199 228 56 23 39 142 93 193 137 209
    199 177 89 15 231 55 13 3 146 74 219 211 74 239 74 225 14 221 31 43
    246 101 49 177 170 220 136 155 160 221 103 62 80 107 4 70 139 71 4
    111 32 45 23 93 41 43 63 140 101 120 223 15 69 245 67 236 106 13 21
    170 159 119 163 107 229 89 8 244 24 217 10 103 10 133 245 191 137
    133 218 127 30 203 41 177 195 154 166 147 228 135 218 146 181 127
    251 240 78 186 242 135 114 68 237 249 9 137 197 67 146 150 71 109 74
    124 172 179 166 226 251 107 218 154 50 139 175 219 203 183 69 72 24
    24 112 203 48 40 100 18 238 106 149 184 135 225 31 251 128 219 135
    49 238 100 54 250 159 180 92 231 177 102 216 176 17 131 106 17 207
    194 206 89 140 74 62 253 245 80 133 58 120 235 35 114 227 92 160 183
    80 76 88 208 74 153 20 205 187 237 31 191 88 86 36 56 38 142 160 242
    24 127 96 167 2 220 26 77 180 74 238 30 157 165 70 89 69 90 30 6 182
    147 200 219 34 200 101 152 232 167 131 160 17 127 229 31 76 145 176
    114 205 150 49 246 240 110 124 14 69 29 83 212 26 74 4 238 217 88 80
    204 217 181 211 224 83 208 22 131 204 149 185 119 212 94 20 211 201
    236 78 96 72 255 211 156 227 80 108 171 241 48 252 9 85 244 54 67
    221 135 121 148 38 149 176 153 114 4 232 94 219 96 223 142 175 191
    29 53 174 90 167 137 20 123 67 154 99 201 181 106 214 18 103 58 213
    222 104 191 166 80 167 247 166 10 142 177 94 50 76 146 16 52 195 8 3
    8 70 106 188 215 251 103 137 209 202 195 89 86 164 183 186 167 105
    119 36 220 133 246 44 248 26 140 120 93 22 200 142 44 126 190 191
    137 117 250 29 82 233 111 233 107 202 106 8 242 86 43 250 21 133 8
    102 127 63 145 85 120 30 92 172 74 149 89 200 36 77 96 176 20 7 4
    211 230 84 91 193 217 176 34 111 140 80 155 222 157 106 41 232 169
    96 165 196 6 167 218 125 102 126 113 123 48 170 226 119 102 177 113
    80 140 176 219 89 119 52 216 237 9 50 178 154 190 170 120 82 242 137
    56 213 158 143 72 50 18 70 169 136 58 229 65 24 252 79 218 35 3 3 12
    184 50 165 35 158 7 255 15 194 69 94 65 16 101 53 56 204 25 216 225
    40 101 41 175 108 50 154 119 159 133 252 17 99 50 120 53 151 144 8
    14 111 20 185 171 157 200 34 101 166 20 207 49 215 43 102 29 72 149
    185 244 67 63 74 128 14 149 126 26 242 169 193 48 20 228 189 187 215
    51 188 113 111 173 239 95 51 67 147 43 163 77 112 106 234 238 22 203
    78 236 235 180 180 229 187 201 1 238 232 35 219 170 3 183 137 242
    239 247 127 178 162 72 143 28 185 86 247 123 165 123 210 93 35 80 67
    157 216 40 39 250 10 93 131 239 165 146 106 52 179 14 99 101 164 131
    34 198 84 32 172 116 161 145 127 231 110 13 205 96 101 139 60 234
    103 32 28 156 171 82 142 94 25 238 82 192 6 194 65 84 36 155 63 77
    59 11 201 166 106 18 29 73 147 210 17 243 5 87 52 228 156 202 164 89
    146 98 161 169 43 85 171 136 56 150 200 80 12 98 90 233 244 54 14 63
    253 154 82 93 110 133 187 229 172 249 152 198 33 216 12 174 11 94
    225 162 250 36 6 211 107 59 58 56 58 123 157 29 241 165 181 71 209
    14 130 20 189 249 187 198 38 189 204 76 46 186 183 98 170 120 121 72
    187 80 76 154 62 140 198 122 235 173 247 76 252 118 208 181 14 25
    207 106 116 95 139 175 25 142 53 13 43 104 191 140 86 34 59 82 36
    241 187 20 93 137 182 48 189 149 91 235 146 66 142 217 60 1 183 89
    228 243 108 117 48 34 115 23 158 155 218 39 41 69 23 155 38 154 192
    105 233 240 243 104 35 45 10 130 48 247 154 216 177 10 150 133 89
    152 63 117 123 221 231 117 131 100 214 174 218 106 246 178 78 123
    201 181 134 255 74 154 153 255 0 106 170 3 43 62 133 17 59 137 103
    76 152 86 76 80 243 116 8 137 7 92 26 131 107 24 142 186 63 167 225
    193 174 25 104 220 82 150 130 216 190 48 230 104 209 104 127 144 76
    170 71 1 113 48 169 70 85 229 112 11 137 89 98 193 41 90 45 56 215
    215 76 114 200 88 40 231 214 255 226 136 173 133 94 206 239 94 106
    250 210 33 76 183 136 70 78 87 185 124 140 123 152 220 232 104 36 24
    160 11 197 213 237 75 177 66 217 180 16 106 228 24 167 57 158 114 38
    78 76 32 239 114 187 245 154 241 121 139 9 84 135 254 100 228 144 92
    83 154 52 167 57 126 98 244 200 176 65 250 28 107 190 197 147 207
    176 69 157 34 54 67 252 20 119 26 26 143 197 174 208 237 11 108 190
    135 115 106 214 133 218 191 159 24 209 118 218 101 108 95 201 67 125
    89 29 4 27 181 66 227 145 228 101 186 80 236 117 214 24 11 9 104 234
    3 52 8 187 14 92 4 131 15 239 240 149 133 133 200 150 213 52 26 105
    182 213 177 140 195 164 111 136 136 173 45 199 58 108 30 197 24 140
    137 137 70 180 237 128 56 189 26 202 31 140 126 74 253 20 18 133 163
    175 152 88 245 210 190 99 89 229 227 35 158 171 227 247 60 37 188
    183 148 149 229 41 61 214 103 77 255 191 142 41 2 204 193 172 203
    125 154 235 198 166 213 149 158 20 193 75 218 97 14 183 83 126 38
    178 26 157 184 100 65 88 211 135 108 95 207 178 220 220 114 174 70
    248 190 237 216 172 25 251 254 130 123 49 103 86 53 238 139 46 238
    177 128 193 152 243 136 137 133 75 204 20 17 39 11 93 199 140 66 137
    183 194 240 41 20 82 157 131 136 215 144 179 117 1 27 81 123 20 140
    254 63 158 62 217 175 125 154 2 116 7 2 128 33 16 130 35 125 188 63
    112 184 60 75 83 58 137 56 220 158 103 99 225 25 102 164 195 229 181
    232 225 200 119 130 71 11 76 245 96 91 188 21 62 240 51 156 105 147
    21 15 114 183 159 68 20 56 85 202 161 174 142 103 92 123 154 57 250
    85 231 82 255 39 143 2 240 247 13 21 141 157 254 190 71 109 253 94
    243 172 215 30 123 195 59 221 131 112 202 127 163 174 123 48 95 83
    29 186 250 155 234 211 145 191 187 93 215 60 75 93 207 119 48 56 131
    152 50 82 235 140 191 117 238 98 137 243 222 112 249 130 25 53 199
    133 59 57 59 183 216 150 1 225 223 65 215 85 180 88 139 123 163 54
    57 8 136 62 249 151 237 207 131 185 217 175 163 124 214 130 166 10
    247 120 111 208 125 48 63 87 35 213 26 169 165 173 176 171 242 116
    164 63 147 210 177 243 32 38 69 193 72 120 162 152 137 98 255 223
    232 3 207 14 7 189 231 49 188 77 60 236 204 151 19 254 129 187 192
    96 54 26 43 99 158 146 238 171 137 35 17 127 157 14 218 180 239 89 6
    144 31 246 55 110 158 106 168 23 4 197 146 197 10 65 217 236 205 130
    176 181 28 127 154 9 138 198 68 55 68 43 189 86 76 76 115 70 254 26
    211 17 119 107 130 78 165 35 57 76 5 252 192 252 70 1 37 168 39 168
    67 246 234 33 82 149 246 85 183 143 114 7 190 139 114 145 184 194
    126 117 5 190 147 84 123 63 108 125 247 28 16 220 78 146 61 182 53
    250 147 84 118 10 78 35 35 86 38 196 93 62 168 185 101 27 201 127
    151 21 87 13 94 179 211 70 46 6 180 227 14 167 108 221 237 183 25 52
    127 235 44 173 160 32 154 81 112 139 241 121 123 70 13 76 129 130 75
    17 2 173 233 63 199 246 75 113 155 203 89 142 165 137 65 250 219 107
    111 96 216 91 162 128 167 239 135 7 56 20 211 27 184 255 37 248 123
    132 163 172 226 254 133 173 51 130 212 233 4 149 120 107 12 34 18 67
    21 101 11 11 55 62 190 79 38 121 188 81 108 120 228 1 150 74 85 255
    121 184 236 161 192 216 246 115 28 34 188 241 174 1 226 39 169 118
    182 217 71 207 71 35 219 56 142 195 173 54 166 235 125 60 216 69 236
    17 29 57 14 189 223 197 40 26 174 142 82 59 164 214 150 4 229 120
    200 110 198 138 99 119 11 161 181 138 141 137 218 101 225 50 240 117
    58 237 50 95 75 151 94 109 27 210 249 25 54 93 182 230 45 248 165
    226 48 227 65 148 211 86 7 138 231 134 142 144 87 227 110 68 22 100
    214 84 220 200 218 108 34 159 161 188 221 67 199 97 139 100 85 99 10
    238 61 172 60 124 66 82 210 178 110 70 190 248 236 80 37 223 129 88
    10 161 242 190 195 226 10 241 52 152 69 15 164 72 30 65 228 117 113
    16 236 60 71 167 181 161 93 195 85 190 242 156 153 98 116 237 209 9
    134 92 48 192 186 59 43 212 38 179 237 158 17 28 169 213 50 75 194
    184 107 0 42 27 82 93 76 195 116 197 151 170 72 232 55 16 114 47 40
    208 130 29 179 216 117 229 64 184 18 98 51 237 62 72 9 104 215 78
    147 100 235 249 9 249 183 63 102 32 15 150 42 182 2 189 205 42 103
    132 69 96 81 233 197 43 200 158 63 127 122 28 142 144 120 110 251 71
    44 47 64 7 118 65 97 156 232 41 47 43 233 74 201 148 3 106 12 249
    200 36 128 22 235 120 244 45 14 80 246 213 160 192 150 12 50 254 60
    1 136 108 50 173 13 58 156 186 15 7 180 61 119 160 105 1 170 247 76
    232 161 23 253 122 6 68 233 87 254 156 40 169 60 26 14 88 222 116
    127 29 160 225 49 153 62 119 46 233 137 227 189 16 132 158 62 175
    202 86 119 2 169 143 223 244 0 48 69 26 236 20 185 133 233 156</data></your_img>
</opencv_storage>
