<?xml version="1.0"?>
<opencv_storage>
<L2_diff>4.3104524124504614e+01</L2_diff>
<test_hist type_id="opencv-matrix">
  <rows>256</rows>
  <cols>1</cols>
  <dt>f</dt>
  <data>
    4.30161178e-01 4.32510674e-01 4.38934654e-01 4.39230651e-01
    4.45390284e-01 4.45694894e-01 4.50900823e-01 4.53342110e-01
    4.58748817e-01 4.62105125e-01 4.62531894e-01 4.69267637e-01
    4.73885447e-01 4.75911260e-01 4.76226270e-01 4.79563564e-01
    4.86308604e-01 4.90753770e-01 4.97029066e-01 5.00945330e-01
    5.07679582e-01 5.13262510e-01 5.20322561e-01 5.24432600e-01
    5.29060960e-01 5.30234754e-01 5.32717645e-01 5.33980489e-01
    5.40055931e-01 5.46628833e-01 5.53801775e-01 5.59001148e-01
    5.61165452e-01 5.62359929e-01 5.65118313e-01 5.66256762e-01
    5.69375694e-01 5.70980370e-01 5.71022749e-01 5.76859236e-01
    5.83327472e-01 5.86163223e-01 5.90128124e-01 5.92905641e-01
    5.98640680e-01 6.02357507e-01 6.06217742e-01 6.09529316e-01
    6.15492642e-01 6.22817457e-01 6.27045274e-01 6.29855990e-01
    6.30346775e-01 6.32576942e-01 6.39245450e-01 6.45249844e-01
    6.47475064e-01 6.51290298e-01 6.51505768e-01 6.51734173e-01
    6.55711651e-01 6.57688856e-01 6.59716129e-01 6.66671991e-01
    6.67907238e-01 6.73390150e-01 6.77327335e-01 6.81815147e-01
    6.86997533e-01 6.48787476e+02 8.44820923e+02 6.15172913e+02
    5.99678711e+02 2.83666290e+02 7.61384155e+02 3.14045105e+02
    8.50934143e+01 3.27646698e+02 6.54553711e+02 9.43222656e+01
    6.91239563e+02 5.03201385e+02 9.59425354e+01 6.78797485e+02
    7.29599976e+02 7.42012329e+02 8.00927002e+02 1.69592438e+02
    9.62241699e+02 5.92003174e+01 7.09410706e+02 5.05499207e+02
    1.09322693e+02 5.25119324e+01 9.94579468e+02 8.94712524e+02
    2.87296631e+02 8.32977173e+02 4.68256927e+02 4.10290649e+02
    1.01676147e+02 2.45905792e+02 5.70050598e+02 8.31093628e+02
    5.45980896e+02 6.12394714e+01 1.53542603e+02 6.17418396e+02
    8.59708313e+02 2.99775940e+02 3.86539368e+02 2.77090607e+02
    4.63322449e+02 3.10727051e+02 8.49588440e+02 3.91480408e+01
    8.14630676e+02 4.02842102e+01 6.88497803e+02 3.22867432e+02
    7.15051514e+02 4.43880829e+02 5.64417114e+01 8.90820923e+02
    6.10717529e+02 2.67920349e+02 4.16621704e+01 4.41365082e+02
    8.92051575e+02 5.87884277e+02 8.29926575e+02 5.17934814e+02
    8.90621338e+02 7.38355225e+02 9.33711853e+02 5.43565491e+02
    6.12113281e+02 1.55235535e+02 3.28370361e+02 1.67011047e+02
    8.03493896e+02 8.69282104e+02 9.48641846e+02 6.87631714e+02
    2.86236877e+02 1.57974670e+02 3.64803955e+02 1.50564331e+02
    4.12490143e+02 2.12222198e+02 5.60824585e+00 7.71890015e+02
    8.55443237e+02 3.75036835e+02 5.24367981e+02 3.67331360e+02
    7.58472412e+02 4.91557037e+02 5.10527222e+02 4.37965027e+02
    7.88667175e+02 9.68731567e+02 5.59139893e+02 3.71723145e+02
    6.49062195e+01 2.94945129e+02 8.81925903e+02 7.94096313e+02
    2.94293274e+02 5.04572052e+02 2.84950867e+01 3.02050171e+01
    5.26035706e+02 2.61489746e+02 2.68113892e+02 9.19933105e+02
    1.63366241e+02 7.25134399e+02 5.20700378e+02 5.93524292e+02
    6.85382629e+02 7.30574341e+02 7.06834351e+02 5.26735107e+02
    6.76359680e+02 4.43330994e+01 4.76221893e+02 9.78251953e+01
    4.12247864e+02 1.03138062e+02 1.02727020e+02 2.89516296e+02
    5.69751587e+02 6.37264771e+02 7.60064941e+02 8.11053467e+01
    9.44514648e+02 2.31976746e+02 4.88635345e+02 5.37018188e+02
    5.55425659e+02 3.92390350e+02 5.97922485e+02 5.70334595e+02
    4.00451233e+02 8.84358032e+02 8.68622314e+02 7.10977966e+02
    4.24384979e+02 4.50004272e+02 2.24506927e+02 8.36552490e+02
    6.22527832e+02 8.96640991e+02 8.19127136e+02 9.36841919e+02
    8.92171326e+02 3.53984070e+02 3.59691589e+02 8.01102234e+02
    9.96373047e+02 2.45779449e+02 7.00161255e+02 7.75077148e+02
    7.96828186e+02 8.77734863e+02 6.68379150e+02 7.96042786e+02
    9.96787354e+02 2.79088348e+02 2.87379150e+01 2.80968750e+02
    6.22324585e+02 6.29935303e+02 9.27219055e+02 4.92346954e+02
    3.30855133e+02 1.11332703e+01 4.92210693e+01 5.93556213e+02
    7.62078308e+02 8.23635498e+02 7.88726929e+02 4.48241577e+02
    7.32192139e+02 1.22280151e+02 5.10946198e+02 1.93017944e+02
    1.75766296e+02 9.31743530e+02 8.86977295e+02 4.08336029e+02
    8.27676025e+02 2.15613617e+02 4.85507629e+02 9.69365601e+02</data></test_hist>
<my_lkt type_id="opencv-matrix">
  <rows>256</rows>
  <cols>1</cols>
  <dt>u</dt>
  <data>
    1 1 3 3 5 6 6 8 10 11 12 13 14 14 15 16 17 18 18 19 21 21 22 23 24
    24 25 27 27 28 29 29 31 32 33 34 35 36 36 37 38 39 40 41 42 43 45 46
    47 47 49 49 50 51 53 55 56 58 59 61 62 63 63 64 66 66 68 69 70 72 73
    74 76 76 78 78 79 79 80 81 82 83 83 85 86 87 89 89 91 91 93 94 94 94
    96 98 98 100 101 102 102 102 104 105 106 106 107 108 110 110 111 112
    112 113 115 115 116 117 118 119 120 121 121 123 124 124 125 125 127
    128 130 131 133 134 136 137 138 138 139 139 141 142 144 145 146 146
    147 147 148 148 148 150 151 152 153 154 155 156 157 158 159 161 162
    163 163 164 165 167 167 168 168 168 169 170 170 172 172 174 175 176
    177 179 180 181 182 182 183 183 184 184 185 185 186 187 189 189 191
    191 192 193 194 195 196 197 198 199 201 202 203 204 204 206 207 209
    210 212 214 215 215 217 219 219 220 222 223 225 226 228 230 230 230
    231 232 233 235 236 236 236 236 238 239 241 242 243 244 244 245 246
    246 248 250 250 252 252 253 255</data></my_lkt>
<your_lkt type_id="opencv-matrix">
  <rows>256</rows>
  <cols>1</cols>
  <dt>u</dt>
  <data>
    1 1 2 3 3 5 6 8 8 9 10 11 12 12 14 15 16 17 17 19 20 21 23 24 24 25
    26 26 27 29 30 30 31 32 33 35 36 36 36 38 39 40 42 42 43 43 44 45 47
    48 50 50 51 53 53 54 55 56 57 58 60 61 63 65 65 66 68 69 70 71 73 73
    74 75 75 76 77 79 80 82 82 84 84 86 87 88 88 90 90 92 92 94 95 95 96
    97 98 99 100 101 103 105 106 106 106 106 108 108 110 112 113 113 115
    116 117 118 120 120 120 121 121 122 122 123 123 123 125 126 126 127
    128 129 130 131 132 133 133 134 135 135 137 139 140 141 141 142 144
    145 145 147 148 150 150 152 153 154 155 155 157 158 158 160 161 162
    163 164 165 166 168 170 171 172 174 175 176 178 179 180 180 181 183
    183 183 185 185 185 186 188 189 190 190 191 192 192 194 194 196 197
    198 198 199 201 201 203 204 206 207 208 209 211 211 212 212 212 213
    213 215 217 218 219 221 221 221 222 224 224 225 226 226 228 230 231
    232 234 235 235 236 237 238 240 241 243 244 245 245 245 247 248 249
    249 251 251 252 252 253 255</data></your_lkt>
</opencv_storage>
