<?xml version="1.0"?>
<opencv_storage>
<L2_diff>1.3389174731849607e+02</L2_diff>
<r>13</r>
<test_img type_id="opencv-matrix">
  <rows>50</rows>
  <cols>100</cols>
  <dt>u</dt>
  <data>
    232 27 90 62 112 99 37 169 181 237 240 69 10 98 231 98 5 106 60 108
    96 183 127 230 50 157 124 238 51 70 123 128 53 60 199 70 31 21 179
    117 243 88 109 89 143 19 155 133 67 35 136 223 106 153 0 120 72 55
    51 53 2 76 119 177 209 135 34 233 207 163 101 6 90 160 85 72 178 29
    181 156 89 219 129 46 113 62 195 211 219 115 174 201 4 203 220 207
    89 106 177 26 231 238 134 212 9 37 100 40 55 68 138 241 76 243 123
    32 134 165 219 157 0 104 17 199 121 238 249 178 198 66 205 77 129
    157 31 87 87 38 86 167 119 87 22 230 186 83 64 17 131 208 200 54 188
    100 114 21 244 189 208 50 145 232 116 233 181 245 118 57 117 167 152
    241 27 66 61 62 80 186 225 117 82 248 232 123 217 69 159 237 78 4
    203 192 214 118 55 144 20 207 189 94 89 67 68 252 114 98 124 103 23
    134 156 195 234 64 251 215 60 24 49 1 159 7 127 240 59 164 49 110
    253 214 46 252 212 156 22 98 164 237 63 128 217 229 223 117 10 149
    102 117 194 198 104 17 160 59 139 126 81 4 193 134 37 181 218 234 66
    188 95 175 190 230 134 7 53 168 82 249 182 157 158 120 219 89 191 30
    10 186 21 237 108 30 18 64 131 180 244 132 214 32 188 101 227 4 164
    159 85 106 208 40 46 114 252 78 227 65 234 134 41 121 22 72 70 238
    166 141 135 255 203 207 251 249 94 53 241 231 167 70 155 123 81 113
    103 236 164 199 168 15 25 247 102 200 249 179 234 187 248 176 96 95
    127 183 120 161 24 145 107 138 224 223 204 146 85 217 238 148 105 46
    166 145 10 174 179 168 152 183 5 37 6 202 56 186 210 234 184 231 238
    129 75 126 239 160 120 140 166 33 60 192 107 38 110 99 242 186 231
    81 63 55 82 162 71 74 129 18 83 50 167 101 45 229 92 125 251 126 231
    50 46 15 124 100 121 63 102 100 214 85 194 174 218 5 207 203 26 17
    119 79 123 189 76 81 107 253 153 240 19 192 47 71 56 154 34 213 141
    144 205 45 225 119 79 66 34 45 64 247 171 80 161 197 217 171 87 140
    200 214 237 164 41 106 169 142 2 63 178 142 206 173 41 125 40 118
    233 225 157 115 7 105 115 85 181 98 246 8 71 208 51 151 127 127 187
    3 250 185 129 162 221 129 33 124 151 114 128 121 249 16 221 94 90
    121 76 13 16 49 14 129 38 123 92 39 111 53 188 232 159 89 128 180 84
    241 124 167 133 241 233 78 135 96 175 119 89 38 237 84 115 114 14 35
    220 181 122 217 149 219 65 246 84 236 12 75 123 125 94 101 247 145
    67 210 173 219 43 238 34 1 35 183 19 167 33 207 78 33 49 82 81 90
    218 192 81 204 23 251 0 150 227 125 238 21 99 203 82 138 255 178 132
    118 225 15 75 141 179 135 95 223 130 57 70 1 119 95 149 36 35 24 70
    249 194 61 41 212 165 15 246 80 129 231 0 209 18 89 209 194 13 17
    186 183 175 188 250 168 57 202 253 57 24 175 1 9 188 86 235 143 221
    243 187 34 64 156 152 177 111 136 209 137 247 17 123 49 180 84 47
    192 221 100 226 55 176 215 153 96 236 164 236 14 102 169 198 172 195
    1 216 33 116 182 166 217 125 159 111 96 221 246 219 25 235 30 246 72
    119 148 122 100 101 80 61 108 207 211 198 242 238 133 148 112 87 255
    150 70 64 96 57 178 84 68 170 26 152 221 146 192 89 252 177 51 202
    59 47 230 39 173 206 218 30 153 216 188 109 250 60 182 244 133 45
    163 164 201 88 2 130 205 10 139 45 229 41 33 75 63 43 4 22 70 200 62
    110 44 98 122 196 213 247 122 52 142 66 151 174 51 162 123 116 60
    210 104 88 247 6 30 75 80 58 98 224 82 231 234 226 172 118 102 235
    104 230 68 130 80 196 168 19 176 155 133 86 49 129 205 239 22 218
    242 109 92 124 199 25 43 236 36 76 56 125 90 32 133 43 148 156 73
    206 184 23 13 153 203 120 1 233 87 205 36 162 236 200 52 67 238 233
    18 185 238 243 241 237 43 183 210 39 150 23 99 173 145 235 133 92
    250 51 38 128 185 90 214 27 143 211 64 3 255 28 136 229 30 90 112
    200 142 208 51 99 11 136 253 142 153 83 107 36 123 114 213 66 75 7
    50 159 55 157 10 69 29 75 31 96 194 134 91 178 59 103 164 211 96 173
    209 20 24 145 24 94 141 58 42 54 132 233 60 206 57 125 177 40 57 2
    97 11 246 37 35 225 9 105 160 21 224 96 107 76 89 41 193 110 80 250
    138 181 144 67 81 91 141 233 200 206 73 252 106 48 140 235 58 218
    238 248 203 21 105 224 108 97 226 93 3 240 181 169 135 22 180 80 55
    92 138 195 131 80 220 108 38 66 153 233 208 169 123 229 75 97 54 246
    166 108 189 29 96 21 6 230 32 212 247 181 113 130 165 5 77 239 44
    124 74 220 184 187 207 127 9 49 156 155 198 72 56 192 224 64 247 149
    119 71 69 43 93 120 13 235 167 126 235 68 96 199 53 154 16 29 169 37
    170 154 82 27 252 239 100 231 146 157 66 92 140 177 218 116 52 116
    31 206 14 113 71 161 154 86 214 23 132 20 40 238 5 100 25 209 17 163
    216 88 180 80 121 163 176 160 102 223 39 87 252 19 224 56 203 112 3
    64 112 17 221 117 65 45 4 33 111 63 244 116 250 159 103 74 146 128
    217 250 247 74 76 69 198 67 2 228 241 72 57 137 214 178 219 203 53
    55 121 196 64 246 207 64 211 113 160 76 13 142 15 180 231 250 11 228
    31 201 243 191 114 234 17 42 140 240 142 110 70 79 219 147 182 3 169
    83 20 152 52 106 86 31 234 154 183 186 106 4 14 58 162 67 103 43 132
    62 90 110 225 69 70 162 64 125 38 25 69 230 12 78 60 49 236 164 201
    242 183 81 122 220 119 107 217 57 54 78 35 231 26 227 2 118 228 91
    121 173 71 199 210 164 197 194 253 109 98 203 139 212 131 232 227
    196 198 203 42 194 61 17 33 215 112 204 65 67 113 153 206 178 173 22
    112 93 108 52 29 217 235 136 153 167 37 71 81 24 182 82 81 94 113 95
    136 228 10 144 129 250 210 48 214 227 138 168 216 33 139 220 137 34
    30 163 179 184 28 20 249 4 199 94 129 74 122 47 128 16 62 207 163 94
    88 86 205 43 33 135 215 249 105 206 69 127 180 82 170 109 105 250 89
    92 144 138 137 41 21 34 243 194 248 250 31 135 245 131 97 101 216 86
    42 0 126 126 180 98 137 185 34 217 126 133 137 169 53 88 144 138 211
    36 50 237 210 45 126 166 251 78 87 233 168 156 44 26 214 113 241 117
    58 231 127 103 151 144 15 11 107 147 12 181 92 244 142 233 138 34 74
    90 167 8 179 68 41 24 254 43 159 63 250 231 42 5 43 177 154 79 247
    100 38 53 37 8 134 90 68 251 7 107 141 94 255 81 75 116 7 58 24 61
    60 188 225 65 40 39 159 140 244 253 22 173 8 71 132 14 244 255 115
    155 131 24 163 89 194 123 213 25 36 13 221 76 212 164 160 177 37 153
    185 74 96 229 211 229 177 98 17 167 46 124 69 224 81 217 16 99 84
    168 28 47 72 233 243 24 41 98 37 163 69 40 181 204 26 222 213 108
    206 233 38 148 242 237 43 89 216 66 244 6 66 199 4 197 34 168 58 139
    193 32 187 46 184 54 124 191 12 37 156 104 32 213 16 240 9 222 100
    187 213 230 208 152 189 128 144 157 136 84 33 100 140 229 64 243 76
    48 219 23 108 96 212 32 46 199 75 219 43 112 36 147 31 184 9 238 196
    233 229 244 129 72 114 200 211 21 187 195 39 203 12 136 110 184 118
    199 226 210 245 42 225 8 50 85 51 35 107 254 221 169 246 194 134 226
    108 221 235 229 227 13 22 43 94 192 13 104 57 230 215 242 56 31 101
    63 76 40 75 111 160 159 178 49 215 121 1 185 56 64 71 64 40 103 205
    209 45 112 23 2 104 183 209 35 80 155 189 100 68 9 228 29 192 72 234
    227 40 103 133 133 222 228 245 205 23 22 57 7 207 246 39 219 84 200
    243 79 255 73 47 231 244 118 191 220 74 15 182 48 166 90 76 152 242
    42 32 200 250 240 26 215 181 206 212 17 94 110 98 5 49 60 243 144 35
    253 14 7 157 242 166 210 199 117 211 157 98 114 13 129 6 76 236 236
    71 69 64 165 59 189 133 9 43 99 43 113 152 107 220 75 119 9 94 92
    121 180 46 223 197 207 246 194 93 206 228 225 19 102 176 236 91 236
    23 216 107 234 64 233 163 55 18 97 173 217 135 81 178 22 49 64 205
    131 143 210 232 223 69 255 133 161 152 164 15 164 178 3 77 211 185
    193 85 1 130 9 178 232 94 13 235 56 184 246 33 91 1 152 54 224 169
    202 136 151 8 173 186 66 238 227 30 180 173 78 161 227 217 127 247
    232 116 138 63 91 108 183 123 119 73 20 212 158 54 117 245 97 102 61
    57 130 214 226 18 132 78 80 103 23 138 76 92 177 170 60 220 59 30
    113 227 203 76 50 15 12 103 44 118 31 40 70 212 174 212 122 198 13
    31 182 245 142 96 202 3 130 244 117 170 227 208 212 101 181 107 65
    60 51 149 127 227 190 216 169 147 94 222 209 182 145 35 132 165 117
    10 226 122 148 165 43 194 20 27 82 13 12 39 228 11 16 1 226 250 50
    50 181 1 169 91 20 225 123 228 124 242 175 241 196 1 186 37 94 40
    141 161 193 118 215 9 226 5 127 131 180 203 101 174 220 45 144 46
    116 170 159 165 116 184 218 182 6 192 7 31 126 251 90 248 219 189
    232 244 168 189 61 100 131 124 151 36 211 39 131 240 76 247 238 117
    223 168 230 105 183 136 142 95 122 200 42 46 65 192 226 59 36 134
    248 123 159 167 131 16 72 125 79 79 252 93 73 123 116 196 34 190 84
    34 110 15 182 149 160 188 112 190 235 174 230 5 85 20 41 221 211 153
    27 229 155 41 244 184 128 8 241 232 242 40 142 26 32 93 212 104 45
    78 239 60 202 35 79 39 23 110 187 221 64 152 172 170 14 44 99 184
    139 152 220 154 217 112 158 64 116 95 103 95 216 19 41 208 65 18 243
    130 103 47 104 93 48 149 187 225 146 114 105 237 184 140 64 138 250
    150 113 36 118 87 105 55 236 28 81 224 78 42 42 21 207 239 185 244
    162 129 119 23 20 111 251 229 218 167 116 4 249 97 34 167 196 59 212
    43 176 210 181 0 246 190 100 219 187 232 2 215 247 83 226 200 1 219
    152 33 204 239 181 12 191 167 159 158 116 208 111 76 177 241 88 128
    241 34 159 165 24 130 127 144 6 137 205 216 139 249 157 8 161 75 30
    81 63 99 104 127 144 172 159 27 192 25 245 70 167 199 145 255 60 100
    207 138 129 159 117 98 226 101 161 20 99 180 204 154 68 203 31 150
    171 223 177 164 127 214 26 125 33 150 245 180 22 154 22 110 190 62
    93 245 216 20 107 144 23 110 85 92 81 176 157 144 143 213 208 214 37
    54 44 201 212 235 20 240 113 214 68 164 231 201 60 48 66 148 152 123
    203 37 80 112 235 100 142 206 247 69 85 13 94 87 121 199 152 172 150
    84 155 118 120 13 16 124 190 198 97 17 107 130 189 238 127 127 6 110
    77 203 82 31 176 65 127 72 81 151 15 212 41 119 92 75 17 31 108 140
    3 6 128 178 37 232 59 102 213 152 80 207 129 176 206 155 34 49 29 53
    118 224 152 251 240 212 81 179 199 134 149 129 146 229 210 131 51 94
    155 33 74 89 225 123 98 240 33 198 181 68 136 109 242 157 145 250
    236 226 137 210 0 61 51 247 55 23 193 71 125 5 197 103 167 96 41 246
    120 234 183 147 188 153 24 199 229 115 236 206 244 54 122 164 12 206
    186 94 106 207 109 229 94 132 114 132 99 181 70 247 133 26 181 12
    251 49 217 214 251 155 231 227 202 195 122 211 42 145 57 120 87 52
    204 43 181 57 54 76 249 234 114 168 117 223 137 90 166 2 241 211 234
    71 22 74 3 66 202 178 238 170 2 162 48 236 38 170 204 124 198 239 46
    154 55 27 78 119 161 250 159 109 8 66 124 63 228 203 169 242 3 59 39
    111 77 10 104 220 213 180 200 100 44 204 235 59 73 97 186 199 218 75
    249 195 229 70 102 172 152 91 206 81 124 32 17 113 2 99 19 120 129
    58 46 235 45 175 157 226 203 66 9 109 28 251 230 202 67 155 193 149
    56 250 217 154 46 17 72 189 191 247 240 163 17 57 198 78 101 213 248
    221 124 237 124 142 174 63 124 73 187 20 121 177 0 176 6 75 138 29
    108 128 144 147 92 17 136 252 166 199 195 112 124 86 151 4 16 234 56
    138 109 19 33 135 124 69 170 247 20 43 19 66 208 176 126 232 35 70
    150 86 199 146 15 139 51 181 78 175 208 81 140 207 218 73 78 171 153
    131 135 29 16 145 244 207 226 113 57 3 255 66 143 23 172 173 98 218
    253 234 48 37 230 175 209 30 15 106 225 136 131 181 101 68 74 3 36
    25 57 54 55 170 0 70 136 168 247 93 116 39 51 239 24 150 236 144 73
    237 37 63 140 147 190 203 26 72 49 213 172 240 199 22 45 114 242 222
    237 49 202 62 200 172 185 94 59 132 45 3 7 79 74 200 205 172 68 205
    86 155 46 116 19 174 27 225 164 16 189 46 241 159 120 195 37 45 50
    74 178 83 19 255 189 21 224 192 230 209 5 154 207 251 8 119 114 169
    7 53 168 225 79 159 29 86 39 153 7 105 118 21 161 214 122 214 122
    171 59 192 228 251 166 200 20 106 116 1 134 83 17 81 54 56 93 61 166
    239 71 230 158 14 216 213 31 97 72 112 70 9 98 30 19 90 134 158 155
    92 56 214 180 246 225 181 125 227 66 99 218 41 185 130 194 80 82 147
    67 236 243 228 26 92 62 225 127 164 120 162 172 184 0 94 159 212 82
    163 168 196 190 31 28 85 57 199 213 209 211 36 244 111 7 23 47 13 88
    215 7 153 111 83 6 78 21 172 57 35 100 74 161 170 110 43 214 90 17
    188 177 68 150 227 240 130 93 22 243 217 11 159 1 157 60 236 159 97
    143 224 158 131 144 43 232 190 47 228 252 245 7 70 208 208 186 86
    122 165 37 201 148 24 151 167 43 120 226 41 131 49 106 20 120 91 38
    29 175 232 50 207 41 36 78 175 179 227 12 120 19 57 155 199 241 201
    57 187 32 226 56 149 137 140 25 47 36 134 195 150 15 147 11 145 250
    73 54 111 49 178 231 71 247 9 221 38 28 43 0 1 46 68 65 252 252 220
    52 112 139 197 39 74 238 118 246 248 36 147 25 38 151 19 47 104 122
    94 133 133 162 69 204 159 84 161 64 209 212 61 139 217 109 210 111
    186 149 32 134 186 81 98 76 57 230 72 208 37 50 250 125 254 117 63
    166 207 103 199 156 83 191 22 242 136 144 85 86 234 55 118 178 157
    241 139 118 111 221 152 250 179 127 224 96 19 89 54 98 46 76 48 140
    117 187 231 213 125 17 72 250 67 122 196 218 31 121 37 120 164 57 19
    218 114 185 232 119 100 243 84 149 56 82 84 233 166 35 174 197 39 12
    180 136 100 51 6 125 224 242 73 82 110 19 45 14 158 79 36 164 146 99
    214 41 69 43 251 26 26 108 24 214 46 71 82 179 91 61 172 182 34 178
    189 173 211 49 206 156 181 84 186 48 191 225 162 190 58 65 235 52
    203 248 140 1 125 58 254 168 49 147 208 104 132 211 0 22 161 81 244
    128 233 178 17 169 49 181 68 175 255 8 195 29 53 236 207 126 76 8 95
    242 5 138 152 93 99 102 152 95 83 59 172 32 235 184 203 63 173 10
    252 143 182 120 105 142 46 234 54 234 201 95 32 30 215 169 228 223
    208 153 188 93 140 102 38 204 39 16 130 10 76 118 228 60 177 156 144
    129 75 248 217 62 112 224 161 255 221 204 160 142 202 148 200 59 27
    5 101 191 175 193 137 46 176 126 242 2 106 252 231 190 175 127 158
    252 78 171 194 214 122 243 3 89 182 115 151 236 99 197 197 239 195
    75 217 57 69 84 73 192 242 205 135 171 134 71 247 16 135 165 161 90
    251 108 0 162 0 92 209 207 90 30 218 85 144 67 238 37 236 226 31 19
    251 86 220 176 225 22 143 192 178 38 80 32 212 164 160 242 254 17
    134 169 255 160 251 224 248 193 59 100 158 244 139 220 144 93 37 97
    93 136 242 154 13 139 76 221 61 199 55 165 138 81 214 252 12 127 20
    35 5 212 16 37 228 193 229 27 200 57 2 172 250 21 180 167 213 72 219
    112 207 50 198 28 69 105 197 59 211 236 77 137 237 227 131 105 250
    10 196 84 217 0 191 105 38 219 99 190 56 121 139 50 184 68 187 182
    127 120 47 233 79 123 231 215 182 23 75 182 15 4 66 32 144 215 156 2
    73 12 53 109 73 76 82 136 14 164 148 14 113 77 227 128 144 84 198
    132 114 26 223 174 140 32 192 142 165 215 30 44 124 179 161 26 105
    196 6 9 19 133 226 31 44 86 189 8 183 183 119 131 154 135 59 245 79
    97 38 168 249 189 96 209 126 135 148 50 197 148 62 157 19 104 129
    253 24 249 117 143 174 36 172 188 164 135 216 18 76 51 59 113 243
    210 32 163 143 153 118 208 33 125 101 242 226 40 160 68 205 84 189
    136 148 188 47 72 109 223 207 148 158 255 88 13 88 79 132 120 34 167
    115 179 96 177 98 66 140 134 23 23 70 113 199 252 204 0 55 199 147
    184 200 212 31 171 147 132 188 206 233 59 192 168 232 66 126 45 178
    87 138 117 113 215 60 72 227 60 123 72 127 253 69 167 80 89 78 74
    163 165 126 80 235 205 43 18 243 138 59 73 201 85 123 142 113 229
    120 94 254 107 109 234 126 244 39 120 41 83 114 67 198 143 59 124
    134 163 14 86 60 171 65 140 167 97 0 119 212 189 226 35 4 60 214 160
    188 110 92 233 109 100 170 216 143 102 156 140 161 5 17 145 136 207
    208 34 20 28 142 123 175 188 23 51 207 78 198 155 123 198 181 228 55
    0 47 210 164 0 61 150 127 5 207 73 184 159 39 229 3 57 43 28 64 131
    176 158 68 185 183 221 162 210 112 199 203 193 187 8 232 192 162 13
    99 78 133 186 18 100 27 22 155 49 18 58 75 227 121 192 237 226 109
    119 232 64 5 84 37 71 54 125 31 251 54 141 238 97 79 21 188 23 123
    186 254 206 234 238 89 187 143 216 55 93 166 69 204 197 21 25 41 7
    22 247 71 112 11 191 184 92 241 59 175 41 211 120 63 247 143 101 141
    128 232 249 191 41 251 73 229 155 76 69 210 71 96 210 227 99 106 211
    134 12 167 175 249 184 91 40 237 214 185 115 163 229 213 6 21 177
    126 215 144 241 57 92 184 54 22 198 36 67 190 100 132 28 88 169 255
    107 165 246 200 30 50 219 144 222 65 52 149 53 163 157 219 118 112 0
    157 121 29 131 31 134 62 139 0 63 21 39 48 130 56 198 65 232 67 72
    64 8 175 245 42 192 218 150 193 36 112 101 229 86 96 234 100 181 22
    6 120 30 236 107 91 26 113 76 238 174 168 198 60 94 239 228 44 124
    51 148 124 112 220 191 36 235 86 28 218 41 61 48 170 40 180 33 230
    134 96 221 192 22 57 29 149 118 243 167 55 203 95 89 234 165 186 118
    40 231 180 172 40 182 111 202 212 152 32 87 142 76 218 194 84 14 145
    195 140 196 212 95 181 195 106 194 233 124 83 192 46 141 111 254 193
    205 198 28 50 189 143 146 86 113 253 106 183 56 4 243 180 255 225
    196 7 220 170 79 198 252 103 220 193 176 203 36 70 218 137 130 84 8
    180 19 41 173 130 79 153 231 67 12 165 126 248 64 67 147 46 177 151
    122 66 83 145 44 251 20 255 212 119 180 16 116 38 235 69 126 83 205
    145 23 26 30 249 183 236 79 160 53 220 69 166 20 56 99 167 160 197
    184 182 192 40 86 220 28 21 144 165 4 173 88 87 30 225 231 200 101
    237 50 80 209 181 120 218 179 30 59 187 90 116 22 247 61 251 148 221
    55 86 152 32 237 211 178 133 225 147 223 63 211 33 241 210 59 83 93
    118 5 229 231 38 150 152 162 217 215 63 0 100 109 10 167 209 218 143
    90 83 213 167 30 169 54 76 89 108 171 110 63 121 103 201 108 145 192
    43 15 142 164 90 200 187 123 213 254 136 145 126 224 77 48 207 62
    254 220 106 232 0 32 13 23 77 82 68 187 40 106 204 171 141 43 122 88
    30 203 232 169 168 203 210 11 91 131 25 126 76 117 167 81 72 233 226
    234 62 102 250 100 32 243 89 228 252 114 84 235 217 159 55 35 178 61
    152 85 31 218 194 248 142 47 152 26 11 33 130 25 62 143 91 53 83 243
    246 230 46 131 233 2 165 85 36 35 31 23 248 90 183 202 86 89 203 140
    8 145 59 52 95 157 233 12 20 134 3 206 184 123 110 212 164 105 55
    128 162 45 96 29 233 219 154 254 87 36 235 199 11 32 139 238 216 204
    101 107 1 96 171 32 22 89 54 141 173 24 171 228 16 123 188 76 26 93
    162 137 78 72 40 142 113 91 50 2 95 126 253 17 138 0 72 223 39 106
    109 116 37 68 113 156 64 203 200 247 233 38 230 240 70 127 168 165
    68 166 161 173 130 10 253 182 26 70 80 47 67 60 23 6 151 190 148 35
    90 219 148 30 133 71 75 16 40 1 252 78 173 121 239 162 115 87 147
    207 85 57 224 161 154 62 35 70 93 76 117 147 22 117 3 70 192 57 210
    193 221 48 176 88 76 5 30 116 250 61 237 104 53 239 91 185 22 166
    227 102 237 243 71 241 251 48 61 67 41 109 19 106 32 12 68 126 209
    238 21 162 129 86 22 136 127 165 63 211 232 233 180 35 199 209 119
    120 181 64 103 149 98 109 107 125 185 48 126 221 38 146 235 34 110
    126 219 20 93 85 102 129 50 25 31 207 228 126 190 62 25 138 120 1 15
    36 28 29 154 88 41 110 34 124 1 101 244 83 65 108 58 22 3 233 141 99
    247 92 242 25 209 70 190 70 232</data></test_img>
<my_img type_id="opencv-matrix">
  <rows>50</rows>
  <cols>100</cols>
  <dt>u</dt>
  <data>
    232 27 90 62 112 99 37 169 181 237 240 69 10 98 231 98 5 106 60 108
    96 183 127 230 50 157 124 238 51 70 123 128 53 60 199 70 31 21 179
    117 243 88 109 89 143 19 155 133 67 35 136 223 106 153 0 120 72 55
    51 53 2 76 119 177 209 135 34 233 207 163 101 6 90 160 85 72 178 29
    181 156 89 219 129 46 113 62 195 211 219 115 174 201 4 203 220 207
    89 106 177 26 231 238 134 212 9 37 100 40 55 68 138 241 76 243 123
    32 134 165 219 157 0 104 17 199 121 238 249 178 198 66 205 77 129
    157 31 87 87 38 86 167 119 87 22 230 186 83 64 17 131 208 200 54 188
    100 114 21 244 189 208 50 145 232 116 233 181 245 118 57 117 167 152
    241 27 66 61 62 80 186 225 117 82 248 232 123 217 69 159 237 78 4
    203 192 214 118 55 144 20 207 189 94 89 67 68 252 114 98 124 103 23
    134 156 195 234 64 251 215 60 24 49 1 159 7 127 240 59 164 49 110
    253 214 46 252 212 156 22 98 164 237 63 128 217 229 223 117 10 149
    102 117 194 198 104 17 160 59 139 126 81 4 193 134 37 181 218 234 66
    188 95 175 190 230 134 7 53 168 82 249 182 157 158 120 219 89 191 30
    10 186 21 237 108 30 18 64 131 180 244 132 214 32 188 101 227 4 164
    159 85 106 208 40 46 114 252 78 227 65 234 134 41 121 22 72 70 238
    166 141 135 255 203 207 251 249 94 53 241 231 167 70 155 123 81 113
    103 236 164 199 168 15 25 247 102 200 249 179 234 187 248 176 96 95
    127 183 120 161 24 145 107 138 224 223 204 146 85 217 238 148 105 46
    166 145 10 174 179 168 152 183 5 37 6 202 56 186 210 234 184 231 238
    129 75 126 239 160 120 140 166 33 60 192 107 38 110 99 242 186 231
    81 63 55 82 162 71 74 129 18 83 50 167 101 45 229 92 125 251 126 231
    50 46 15 124 100 121 63 102 100 214 85 194 174 218 5 207 203 26 17
    119 79 123 189 76 81 107 253 153 240 19 192 47 71 56 154 34 213 141
    144 205 45 225 119 79 66 34 45 64 247 171 80 161 197 217 171 87 140
    200 214 237 164 41 106 169 142 2 63 178 142 206 173 41 125 40 118
    233 225 157 115 7 105 115 85 181 98 246 8 71 208 51 151 127 127 187
    3 250 185 129 162 221 129 33 124 151 114 128 121 249 16 221 94 90
    121 76 13 16 49 14 129 38 123 92 39 111 53 188 232 159 89 128 180 84
    241 124 167 133 241 233 78 135 96 175 119 89 38 237 84 115 114 14 35
    220 181 122 217 149 219 65 246 84 236 12 75 123 125 94 101 247 145
    67 210 173 219 43 238 34 1 35 183 19 167 33 207 78 33 49 82 81 90
    218 192 81 204 23 251 0 150 227 125 238 21 99 203 82 138 255 178 132
    118 225 15 75 141 179 135 95 223 130 57 70 1 119 95 149 36 35 24 70
    249 194 61 41 212 165 15 246 80 129 231 0 209 18 89 209 194 13 17
    186 183 175 188 250 168 57 202 253 57 24 175 1 9 188 86 235 143 221
    243 187 34 64 156 152 177 111 136 209 137 247 17 123 49 180 84 47
    192 221 100 226 55 176 215 153 96 236 164 236 14 102 169 198 172 195
    1 216 33 116 182 166 217 125 159 111 96 221 246 219 25 235 30 246 72
    119 148 122 100 101 80 61 108 207 211 198 242 238 133 148 112 87 255
    150 70 64 96 57 178 84 68 170 26 152 221 146 192 89 252 177 51 202
    59 47 230 39 173 206 218 30 153 216 188 109 250 60 182 244 133 45
    163 164 201 88 2 130 205 10 139 45 229 41 33 75 63 43 4 22 70 200 62
    110 44 98 122 196 213 247 122 52 142 66 151 174 51 162 123 116 60
    210 104 88 247 6 30 75 80 58 98 224 82 231 234 226 172 118 102 235
    104 230 68 130 80 196 168 19 176 155 133 86 49 129 205 239 22 218
    242 109 92 124 199 25 43 236 36 76 56 125 90 32 133 43 148 156 73
    206 184 23 13 153 203 120 1 233 87 205 36 162 236 200 52 67 238 233
    18 185 238 243 241 237 43 183 210 39 150 23 99 173 145 235 133 92
    250 51 38 128 185 90 214 27 143 211 64 3 255 28 136 229 30 90 112
    200 142 208 51 99 11 136 253 142 153 83 107 36 123 114 213 66 75 7
    50 159 55 157 10 69 29 75 31 96 194 134 91 178 59 103 164 211 96 173
    209 20 24 145 24 94 141 58 42 54 132 233 60 206 57 125 177 40 57 2
    97 11 246 37 35 225 9 105 160 21 224 96 107 76 89 41 193 110 80 250
    138 181 144 67 81 91 141 233 200 206 73 252 106 48 140 235 58 218
    238 248 203 21 105 224 108 97 226 93 3 240 181 169 135 22 180 80 55
    92 138 195 131 80 220 108 38 66 153 233 208 169 123 229 75 97 54 246
    166 108 189 29 96 21 6 230 32 212 247 181 113 130 165 5 77 239 44
    124 74 220 184 187 207 127 9 49 156 155 198 72 56 192 224 64 247 149
    119 71 69 43 93 120 13 235 167 126 235 68 96 199 53 154 16 29 169 37
    170 154 82 27 252 239 100 231 146 157 66 92 140 177 218 116 52 116
    31 206 14 113 71 161 154 86 214 23 132 20 40 238 5 100 25 209 17 163
    216 88 180 80 121 163 176 160 102 223 39 87 252 19 224 56 203 112 3
    64 112 17 221 117 65 45 4 33 111 63 244 116 250 159 103 74 146 128
    217 250 247 74 76 69 198 67 2 228 241 72 57 137 214 178 219 203 53
    55 121 196 64 246 207 64 211 113 160 76 13 142 15 180 231 250 11 228
    31 201 243 191 114 234 17 42 140 240 142 110 70 79 219 147 182 3 169
    83 20 152 52 106 86 31 234 154 183 186 106 4 14 58 162 67 103 43 132
    62 90 110 225 69 70 162 71 134 38 26 73 226 13 84 63 50 235 172 198
    241 185 86 128 212 124 110 211 54 49 73 30 226 24 222 3 119 227 92
    130 174 70 194 206 163 189 186 253 106 91 194 134 205 126 228 222
    189 193 199 43 192 59 17 31 212 109 198 64 67 111 150 204 174 167 25
    112 94 108 51 29 221 235 136 153 167 37 71 81 24 182 82 81 94 113 95
    136 228 10 144 129 250 210 48 214 227 138 168 215 32 148 215 146 31
    27 167 179 183 28 21 249 6 196 100 138 77 126 46 133 15 56 201 157
    91 84 82 198 42 30 143 213 249 108 201 64 129 173 79 162 105 98 251
    79 82 138 134 135 42 20 34 242 191 249 252 29 133 245 125 95 99 212
    86 45 1 123 125 176 99 135 184 36 221 126 133 137 169 53 88 144 138
    211 36 50 237 210 45 126 166 251 78 87 233 168 156 44 26 214 113 245
    125 61 229 133 105 154 148 14 12 113 153 13 180 96 241 146 226 144
    31 71 87 163 7 170 61 36 23 254 42 157 61 252 231 43 5 43 172 153 75
    246 94 35 50 35 8 129 84 65 251 8 106 143 93 255 79 71 117 9 57 28
    63 61 186 226 67 45 44 158 140 246 254 25 173 8 71 132 14 244 255
    115 155 131 24 163 89 194 123 213 25 36 13 221 76 212 164 160 177 37
    153 189 83 102 228 207 227 176 101 17 170 47 132 69 216 86 209 17
    102 88 169 27 45 69 227 240 23 37 95 35 161 66 40 180 203 26 217 207
    108 201 230 35 146 240 233 44 81 209 65 242 7 66 195 6 194 35 166 58
    139 187 35 183 51 180 55 123 188 12 42 155 105 34 215 17 243 9 222
    100 187 213 230 208 152 189 128 144 157 136 84 33 100 140 229 64 243
    76 48 219 23 108 96 214 30 50 196 82 214 43 115 37 150 31 184 10 238
    193 229 225 242 137 72 112 194 204 21 178 185 36 196 10 142 112 183
    123 197 225 205 242 44 220 10 48 84 51 34 103 253 216 167 246 190
    137 222 112 219 235 227 223 14 26 49 95 187 15 106 59 229 216 242 58
    33 104 64 79 42 75 111 160 159 178 49 215 121 1 185 56 64 71 64 40
    103 205 209 45 112 23 2 104 183 209 35 90 161 190 106 72 10 226 28
    190 75 234 225 40 108 139 136 212 223 244 200 24 22 55 7 200 244 35
    212 83 197 241 82 255 75 48 229 242 118 185 215 71 17 178 49 161 85
    76 150 240 48 37 197 250 239 29 216 179 203 208 21 96 114 99 6 53 65
    243 146 39 254 16 9 159 245 166 210 199 117 211 157 98 114 13 129 6
    76 236 236 71 69 64 165 59 189 133 9 43 99 43 113 154 112 218 82 120
    10 97 94 122 176 49 217 191 202 246 187 97 199 224 218 18 102 168
    234 87 233 22 209 106 233 65 231 162 58 16 98 167 212 136 83 173 22
    50 65 197 127 139 204 232 220 73 255 138 163 158 164 18 163 175 5 82
    206 182 193 88 2 132 10 179 235 99 14 238 59 184 246 33 91 1 152 54
    224 169 202 136 151 8 173 186 66 238 227 30 180 173 78 161 227 217
    127 249 234 119 142 63 91 108 182 126 120 78 21 206 159 55 119 245
    99 106 60 56 130 208 222 13 132 76 79 103 21 141 79 97 175 167 60
    213 59 28 113 224 196 75 50 16 12 98 49 121 35 45 74 212 173 213 125
    192 15 35 180 247 144 97 203 4 132 245 124 173 229 211 214 108 185
    107 65 60 51 149 127 227 190 216 169 147 94 222 209 182 145 35 132
    165 117 10 226 122 148 165 43 193 21 26 90 13 12 37 228 10 14 1 223
    253 55 54 178 1 168 97 19 220 126 224 128 241 171 239 191 2 184 36
    99 41 146 158 186 118 212 10 224 5 128 132 175 198 98 168 218 52 146
    54 121 170 160 166 120 181 218 180 7 190 10 36 131 253 92 250 223
    191 235 247 168 193 64 100 131 124 151 36 211 39 131 240 76 247 238
    117 223 168 230 105 183 136 142 95 122 200 42 46 65 192 225 62 35
    138 250 124 160 171 134 15 75 129 84 83 253 96 76 128 118 191 32 183
    87 29 113 12 178 148 156 186 116 188 237 172 228 6 88 18 46 218 207
    147 26 228 148 46 243 182 130 10 240 232 242 48 145 30 37 95 212 105
    53 82 239 66 203 39 83 42 26 113 190 225 65 152 172 170 14 44 99 184
    139 152 220 154 217 112 158 64 116 95 103 95 216 19 41 208 65 18 243
    134 106 49 106 94 48 150 186 222 146 115 109 235 182 145 63 141 252
    151 116 34 118 90 108 49 235 25 82 219 79 43 43 20 207 241 179 243
    157 130 120 22 20 111 252 228 216 158 116 4 248 99 40 164 192 67 211
    52 171 205 177 2 247 187 104 221 186 233 2 216 250 85 227 198 3 219
    152 33 204 239 181 12 191 167 159 158 116 208 111 76 177 241 88 128
    241 34 159 165 24 130 127 146 5 140 201 212 140 250 156 7 162 78 28
    83 62 104 108 130 143 169 158 27 184 24 245 67 161 195 142 255 60
    105 206 143 134 155 117 99 223 102 156 20 99 176 198 148 68 197 35
    147 168 223 172 161 128 216 29 126 38 149 246 173 27 153 27 113 189
    67 96 247 218 23 107 144 26 110 85 92 81 176 157 144 143 213 208 214
    37 54 44 201 212 235 20 240 113 214 68 164 231 201 60 51 67 154 156
    125 200 35 81 109 235 102 147 201 248 69 89 13 97 91 121 197 150 167
    147 86 149 114 118 13 15 128 186 195 101 17 109 130 184 238 129 127
    7 109 82 199 83 35 171 69 127 76 85 150 18 214 48 121 92 77 21 35
    108 140 5 6 126 173 40 233 62 102 213 152 80 207 129 176 206 155 34
    49 29 53 118 224 152 251 240 212 81 179 199 134 149 129 146 229 210
    131 51 95 159 31 74 89 222 121 96 239 30 195 182 66 139 112 242 155
    145 251 236 224 137 208 1 58 50 249 55 26 191 72 130 6 196 108 163
    97 47 246 123 235 179 144 183 148 25 195 230 114 235 206 243 60 122
    162 14 205 180 95 105 204 108 229 96 131 115 130 100 179 71 248 132
    27 178 12 251 49 217 214 251 155 231 227 202 195 122 211 42 145 57
    120 87 52 204 43 181 57 54 76 249 235 114 173 114 220 137 85 169 2
    240 208 233 66 23 73 3 61 200 177 238 169 3 159 48 237 37 168 203
    127 199 240 52 154 62 30 83 122 159 250 156 109 12 70 125 68 229 200
    166 241 3 68 48 115 82 14 104 222 213 175 198 99 49 201 236 62 75 97
    182 198 220 77 250 195 228 70 102 172 152 91 206 81 124 32 17 113 2
    99 19 120 129 58 46 235 45 175 157 226 203 66 9 107 24 252 230 200
    62 155 192 150 49 251 213 157 45 17 69 185 187 248 239 162 18 56 197
    76 104 212 249 219 127 239 130 148 175 72 130 80 185 21 127 177 2
    175 8 79 135 32 109 129 144 147 96 21 136 253 162 197 190 112 121 87
    148 5 17 235 59 134 109 20 35 131 120 73 164 247 20 43 19 66 208 176
    126 232 35 70 150 86 199 146 15 139 51 181 78 175 208 81 140 207 218
    73 80 172 153 130 134 24 14 143 245 203 222 111 54 3 255 59 141 25
    170 169 95 216 253 234 47 38 231 174 208 35 15 109 226 141 134 178
    105 72 79 4 41 26 63 59 58 164 2 74 134 164 248 96 115 45 56 239 25
    146 237 140 73 238 42 68 137 143 188 200 28 75 51 213 168 240 199 22
    45 114 242 222 237 49 202 62 200 172 185 94 59 132 45 3 7 79 74 200
    205 172 68 203 88 159 44 115 18 172 23 221 163 14 186 43 240 159 119
    190 36 44 49 69 173 80 17 255 184 22 221 192 233 208 6 154 210 252
    10 122 116 167 9 55 165 225 84 154 31 88 44 150 9 107 118 22 157 217
    119 214 118 166 62 189 228 253 161 199 20 104 114 3 130 83 17 85 54
    56 93 61 166 239 71 230 158 14 216 213 31 97 72 112 70 9 98 30 19 90
    134 158 155 92 56 214 177 246 222 181 123 224 57 92 215 36 182 130
    191 74 76 143 59 235 244 229 27 88 57 221 127 160 120 158 169 183 1
    98 157 214 88 161 166 196 191 35 31 91 64 201 217 211 212 42 245 113
    10 26 53 14 86 218 9 150 107 80 7 74 21 168 58 36 100 74 156 164 107
    44 212 90 17 188 177 68 150 227 240 130 93 22 243 217 11 159 1 157
    60 236 159 97 143 224 158 131 144 38 233 189 43 228 253 245 6 61 207
    206 184 82 121 164 35 199 145 24 148 163 41 117 225 38 131 46 106 22
    119 92 42 33 176 236 55 208 48 40 83 176 181 231 13 121 18 61 153
    200 242 200 63 187 36 228 58 146 132 135 24 49 36 128 195 147 14 144
    11 143 252 73 53 109 48 178 231 71 247 9 221 38 28 43 0 1 46 68 65
    252 252 220 52 112 139 197 39 74 238 118 246 248 29 149 21 34 152 17
    41 97 116 90 133 134 161 63 202 157 82 158 60 211 213 58 138 217 109
    213 111 189 148 36 136 188 86 100 81 62 234 77 210 42 55 251 129 255
    114 66 163 207 104 198 155 86 190 21 242 133 140 82 82 235 52 114
    176 156 242 135 116 108 224 151 250 176 125 224 96 19 89 54 98 46 76
    48 140 117 187 231 213 125 17 72 250 67 122 196 218 31 121 37 120
    164 53 19 218 114 184 231 112 96 242 80 150 52 78 81 232 164 34 173
    197 39 12 175 135 98 50 8 127 225 245 74 81 108 19 52 14 154 82 41
    161 146 101 218 49 73 48 252 28 28 108 27 215 52 75 80 176 90 62 171
    179 36 176 188 174 211 50 206 157 181 86 186 49 192 226 162 190 58
    65 235 52 203 248 140 1 125 58 254 168 49 147 208 104 132 211 0 22
    161 81 244 128 232 175 14 171 45 180 61 175 255 8 194 26 48 236 208
    124 70 8 95 243 6 137 151 92 100 104 151 98 86 61 172 35 239 186 205
    69 174 11 254 143 184 124 109 145 53 236 55 235 201 98 37 32 218 169
    229 224 208 155 188 94 139 102 40 206 42 13 131 9 80 119 231 62 176
    157 144 129 75 248 217 62 112 224 161 255 221 204 160 142 202 148
    200 59 27 5 101 191 175 193 137 46 173 122 242 2 105 252 227 187 173
    121 156 251 72 171 194 214 119 245 3 88 181 113 149 238 98 198 199
    243 199 75 219 59 71 88 77 194 246 207 142 175 142 77 248 16 140 166
    162 93 252 111 2 163 3 96 212 209 93 31 222 85 146 69 241 41 239 228
    33 18 253 91 222 176 226 23 143 192 178 38 80 32 212 164 160 242 254
    17 134 169 255 160 251 224 248 193 59 100 158 244 139 220 144 93 37
    97 93 136 242 154 13 139 76 221 61 199 55 165 138 81 214 252 12 127
    20 35 5 212 16 37 228 193 229 27 200 57 2 172 250 21 180 167 213 72
    219 112 207 50 198 28 69 105 197 59 211 236 77 137 237 227 131 105
    250 10 196 84 217 0 191 105 38 219 99 190 56 121 139 50 184 68 187
    182 127 120 47 233 79 123 231 215 182 23 75 182 15 4 66 32 144 215
    156 2 73 12 53 109 73 76 82 136 14 164 148 14 113 77 227 128 144 84
    198 132 114 26 223 174 140 32 192 142 165 215 30 44 124 179 161 26
    105 196 6 9 19 133 226 31 44 86 189 8 183 183 119 131 154 135 59 245
    79 97 38 168 249 189 96 209 126 135 148 50 197 148 62 157 19 104 129
    253 24 249 117 143 174 36 172 188 164 135 216 18 76 51 59 113 243
    210 32 163 143 153 118 208 33 125 101 242 226 40 160 68 205 84 189
    136 148 188 47 72 109 223 207 148 158 255 88 13 88 79 132 120 34 167
    115 179 96 177 98 66 140 134 23 23 70 113 199 252 204 0 55 199 147
    184 200 212 31 171 147 132 188 206 233 59 192 168 232 66 126 45 178
    87 138 117 113 215 60 72 227 60 123 72 127 253 69 167 80 89 78 74
    163 165 126 80 235 205 43 18 243 138 59 73 201 85 123 142 113 229
    120 94 254 107 109 234 126 244 39 120 41 83 114 67 198 143 59 124
    134 163 14 86 60 171 65 140 167 97 0 119 212 189 226 35 4 60 214 160
    188 110 92 233 109 100 170 216 143 102 156 140 161 5 17 145 136 207
    208 34 20 28 142 123 175 188 23 51 207 78 198 155 123 198 181 228 55
    0 47 210 164 0 61 150 127 5 207 73 184 159 39 229 3 57 43 28 64 131
    176 158 68 185 183 221 162 210 112 199 203 193 187 8 232 192 162 13
    99 78 133 186 18 100 27 22 155 49 18 58 75 227 121 192 237 226 109
    119 232 64 5 84 37 71 54 125 31 251 54 141 238 97 79 21 188 23 123
    186 254 206 234 238 89 187 143 216 55 93 166 69 204 197 21 25 41 7
    22 247 71 112 11 191 184 92 241 59 175 41 211 120 63 247 143 101 141
    128 232 249 191 41 251 73 229 155 76 69 210 71 96 210 227 99 106 211
    134 12 167 175 249 184 91 40 237 214 185 115 163 229 213 6 21 177
    126 215 144 241 57 92 184 54 22 198 36 67 190 100 132 28 88 169 255
    107 165 246 200 30 50 219 144 222 65 52 149 53 163 157 219 118 112 0
    157 121 29 131 31 134 62 139 0 63 21 39 48 130 56 198 65 232 67 72
    64 8 175 245 42 192 218 150 193 36 112 101 229 86 96 234 100 181 22
    6 120 30 236 107 91 26 113 76 238 174 168 198 60 94 239 228 44 124
    51 148 124 112 220 191 36 235 86 28 218 41 61 48 170 40 180 33 230
    134 96 221 192 22 57 29 149 118 243 167 55 203 95 89 234 165 186 118
    40 231 180 172 40 182 111 202 212 152 32 87 142 76 218 194 84 14 145
    195 140 196 212 95 181 195 106 194 233 124 83 192 46 141 111 254 193
    205 198 28 50 189 143 146 86 113 253 106 183 56 4 243 180 255 225
    196 7 220 170 79 198 252 103 220 193 176 203 36 70 218 137 130 84 8
    180 19 41 173 130 79 153 231 67 12 165 126 248 64 67 147 46 177 151
    122 66 83 145 44 251 20 255 212 119 180 16 116 38 235 69 126 83 205
    145 23 26 30 249 183 236 79 160 53 220 69 166 20 56 99 167 160 197
    184 182 192 40 86 220 28 21 144 165 4 173 88 87 30 225 231 200 101
    237 50 80 209 181 120 218 179 30 59 187 90 116 22 247 61 251 148 221
    55 86 152 32 237 211 178 133 225 147 223 63 211 33 241 210 59 83 93
    118 5 229 231 38 150 152 162 217 215 63 0 100 109 10 167 209 218 143
    90 83 213 167 30 169 54 76 89 108 171 110 63 121 103 201 108 145 192
    43 15 142 164 90 200 187 123 213 254 136 145 126 224 77 48 207 62
    254 220 106 232 0 32 13 23 77 82 68 187 40 106 204 171 141 43 122 88
    30 203 232 169 168 203 210 11 91 131 25 126 76 117 167 81 72 233 226
    234 62 102 250 100 32 243 89 228 252 114 84 235 217 159 55 35 178 61
    152 85 31 218 194 248 142 47 152 26 11 33 130 25 62 143 91 53 83 243
    246 230 46 131 233 2 165 85 36 35 31 23 248 90 183 202 86 89 203 140
    8 145 59 52 95 157 233 12 20 134 3 206 184 123 110 212 164 105 55
    128 162 45 96 29 233 219 154 254 87 36 235 199 11 32 139 238 216 204
    101 107 1 96 171 32 22 89 54 141 173 24 171 228 16 123 188 76 26 93
    162 137 78 72 40 142 113 91 50 2 95 126 253 17 138 0 72 223 39 106
    109 116 37 68 113 156 64 203 200 247 233 38 230 240 70 127 168 165
    68 166 161 173 130 10 253 182 26 70 80 47 67 60 23 6 151 190 148 35
    90 219 148 30 133 71 75 16 40 1 252 78 173 121 239 162 115 87 147
    207 85 57 224 161 154 62 35 70 93 76 117 147 22 117 3 70 192 57 210
    193 221 48 176 88 76 5 30 116 250 61 237 104 53 239 91 185 22 166
    227 102 237 243 71 241 251 48 61 67 41 109 19 106 32 12 68 126 209
    238 21 162 129 86 22 136 127 165 63 211 232 233 180 35 199 209 119
    120 181 64 103 149 98 109 107 125 185 48 126 221 38 146 235 34 110
    126 219 20 93 85 102 129 50 25 31 207 228 126 190 62 25 138 120 1 15
    36 28 29 154 88 41 110 34 124 1 101 244 83 65 108 58 22 3 233 141 99
    247 92 242 25 209 70 190 70 232</data></my_img>
<your_img type_id="opencv-matrix">
  <rows>50</rows>
  <cols>100</cols>
  <dt>u</dt>
  <data>
    232 27 90 62 112 99 37 169 181 237 240 69 10 98 231 98 5 106 60 108
    96 183 127 230 50 157 124 238 51 70 123 128 53 60 199 70 31 21 179
    117 243 88 109 89 143 19 155 133 67 35 136 223 106 153 0 120 72 55
    51 53 2 76 119 177 209 135 34 233 207 163 101 6 90 160 85 72 178 29
    181 156 89 219 129 46 113 62 195 211 219 115 174 201 4 203 220 207
    89 106 177 26 231 238 134 212 9 37 100 40 55 68 138 241 76 243 123
    32 134 165 219 157 0 104 17 199 121 238 249 178 198 66 205 77 129
    157 31 87 87 38 86 167 119 87 22 230 186 83 64 17 131 208 200 54 188
    100 114 21 244 189 208 50 145 232 116 233 181 245 118 57 117 167 152
    241 27 66 61 62 80 186 225 117 82 248 232 123 217 69 159 237 78 4
    203 192 214 118 55 144 20 207 189 94 89 67 68 252 114 98 124 103 23
    134 156 195 234 64 251 215 60 24 49 1 159 7 127 240 59 164 49 110
    253 214 46 252 212 156 22 98 164 237 63 128 217 229 223 117 10 149
    102 117 194 198 104 17 160 59 139 126 81 4 193 134 37 181 218 234 66
    188 95 175 190 230 134 7 53 168 82 249 182 157 158 120 219 89 191 30
    10 186 21 237 108 30 18 64 131 180 244 132 214 32 188 101 227 4 164
    159 85 106 208 40 46 114 252 78 227 65 234 134 41 121 22 72 70 238
    166 141 135 255 203 207 251 249 94 53 241 231 167 70 155 123 81 113
    103 236 164 199 168 15 25 247 102 200 249 179 234 187 248 176 96 95
    127 183 120 161 24 145 107 138 224 223 204 146 85 217 238 148 105 46
    166 145 10 174 179 168 152 183 5 37 6 202 56 186 210 234 184 231 238
    129 75 126 239 160 120 140 166 33 60 192 107 38 110 99 242 186 231
    81 63 55 82 162 71 74 129 18 83 50 167 101 45 229 92 125 251 126 231
    50 46 15 124 100 121 63 102 100 214 85 194 174 218 5 207 203 26 17
    119 79 123 189 76 81 107 253 153 240 19 192 47 71 56 154 34 213 141
    144 205 45 225 119 79 66 34 45 64 247 171 80 161 197 217 171 87 140
    200 214 237 164 41 106 169 142 2 63 178 142 206 173 41 125 40 118
    233 225 157 115 7 105 115 85 181 98 246 8 71 208 51 151 127 127 187
    3 250 185 129 162 221 129 33 124 151 114 128 121 249 16 221 94 90
    121 76 13 16 49 14 129 38 123 92 39 111 53 188 232 159 89 128 180 84
    241 124 167 133 241 233 78 135 96 175 119 89 38 237 84 115 114 14 35
    220 181 122 217 149 219 65 246 84 236 12 75 123 125 94 101 247 145
    67 210 173 219 43 238 34 1 35 183 19 167 33 207 78 33 49 82 81 90
    218 192 81 204 23 251 0 150 227 125 238 21 99 203 82 138 255 178 132
    118 225 15 75 141 179 135 95 223 130 57 70 1 119 95 149 36 35 24 70
    249 194 61 41 212 165 15 246 80 129 231 0 209 18 89 209 194 13 17
    186 183 175 188 250 168 57 202 253 57 24 175 1 9 188 86 235 143 221
    243 187 34 64 156 152 177 111 136 209 137 247 17 123 49 180 84 47
    192 221 100 226 55 176 215 153 96 236 164 236 14 102 169 198 172 195
    1 216 33 116 182 166 217 125 159 111 96 221 246 219 25 235 30 246 72
    119 148 122 100 101 80 61 108 207 211 198 242 238 133 148 112 87 255
    150 70 64 96 57 178 84 68 170 26 152 221 146 192 89 252 177 51 202
    59 47 230 39 173 206 218 30 153 216 188 109 250 60 182 244 133 45
    163 164 201 88 2 130 205 10 139 45 229 41 33 75 63 43 4 22 70 200 62
    110 44 98 122 196 213 247 122 52 142 66 151 174 51 162 123 116 60
    210 104 88 247 6 30 75 80 58 98 224 82 231 234 226 172 118 102 235
    104 230 68 130 80 196 168 19 176 155 133 86 49 129 205 239 22 218
    242 109 92 124 199 25 43 236 36 76 56 125 90 32 133 43 148 156 73
    206 184 23 13 153 203 120 1 233 87 205 36 162 236 200 52 67 238 233
    18 185 238 243 241 237 43 183 210 39 150 23 99 173 145 235 133 92
    250 51 38 128 185 90 214 27 143 211 64 3 255 28 136 229 30 90 112
    200 142 208 51 99 11 136 253 142 153 83 107 36 123 114 213 66 75 7
    50 159 55 157 10 69 29 75 31 96 194 134 91 178 59 103 164 211 96 173
    209 20 24 145 24 94 141 58 42 54 132 233 60 206 57 125 177 40 57 2
    97 11 246 37 35 225 9 105 160 21 224 96 107 76 89 41 193 110 80 250
    138 181 144 67 81 91 141 233 200 206 73 252 106 48 140 235 58 218
    238 248 203 21 105 224 108 97 226 93 3 240 181 169 135 22 180 80 55
    92 138 195 131 80 220 108 38 66 153 233 208 169 123 229 75 97 54 246
    166 108 189 29 96 21 6 230 32 212 247 181 113 130 165 5 77 239 44
    124 74 220 184 187 207 127 9 49 156 155 198 72 56 192 224 64 247 149
    119 71 69 43 93 120 13 235 167 126 235 68 96 199 53 154 16 29 169 37
    170 154 82 27 252 239 100 231 146 157 66 92 140 177 218 116 52 116
    31 206 14 113 71 161 154 86 214 23 132 20 40 238 5 100 25 209 17 163
    216 88 180 80 121 163 176 160 102 223 39 87 252 19 224 56 203 112 3
    64 112 17 221 117 65 45 4 33 111 63 244 116 250 159 103 74 146 128
    217 250 247 74 76 69 198 67 2 228 241 72 57 137 214 178 219 203 53
    55 121 196 64 246 207 64 211 113 160 76 13 142 15 180 231 250 11 228
    31 201 243 191 114 234 17 42 140 240 142 110 70 79 219 147 182 3 169
    83 20 152 52 106 86 31 234 154 183 186 106 4 14 58 162 67 103 43 132
    62 90 110 225 69 70 162 65 127 38 25 70 229 11 79 60 49 237 164 199
    243 182 83 123 220 120 108 216 57 54 79 35 231 26 226 3 119 227 92
    122 173 72 197 208 164 195 193 254 110 99 201 141 211 133 232 226
    194 196 201 42 193 61 16 33 214 113 202 65 67 114 154 204 177 173 22
    113 94 109 52 28 216 235 136 153 167 37 71 81 24 182 82 81 94 113 95
    136 228 10 144 129 250 210 48 214 227 138 168 215 33 141 220 139 34
    29 163 178 183 27 19 249 5 197 96 131 75 123 47 130 15 62 205 163 96
    89 88 203 44 33 137 214 249 106 204 70 129 179 84 170 110 106 251 90
    93 146 140 139 42 20 34 244 193 248 251 30 137 246 133 98 103 215 88
    42 1 128 128 179 99 139 184 34 216 126 133 137 169 53 88 144 138 211
    36 50 237 210 45 126 166 251 78 87 233 168 156 44 26 214 113 242 118
    58 231 129 105 151 146 14 10 108 148 11 180 93 245 144 233 140 34 75
    92 167 8 178 69 42 24 254 44 159 63 251 231 42 6 44 176 155 80 248
    102 38 53 37 8 136 92 69 252 7 108 143 96 255 83 76 117 7 58 24 61
    60 187 224 65 41 39 159 142 245 254 22 173 8 71 132 14 244 255 115
    155 131 24 163 89 194 123 213 25 36 13 221 76 212 164 160 177 37 153
    184 75 98 228 210 228 176 99 16 167 47 126 70 223 83 216 15 101 86
    168 27 47 73 233 244 24 42 99 37 163 70 41 180 202 26 221 212 109
    204 233 38 149 243 238 44 90 215 66 245 7 66 197 5 195 34 168 58 141
    192 32 186 47 183 54 126 190 11 37 156 105 32 212 15 241 9 222 100
    187 213 230 208 152 189 128 144 157 136 84 33 100 140 229 64 243 76
    48 219 23 108 96 211 32 47 197 76 218 44 113 36 148 30 183 9 239 194
    233 228 245 131 73 115 198 210 20 186 193 39 201 11 138 111 183 119
    197 225 208 246 42 224 8 50 87 51 35 108 254 221 169 246 193 136 225
    109 221 236 228 226 12 22 44 96 191 12 105 57 229 214 243 56 30 103
    63 78 41 75 111 160 159 178 49 215 121 1 185 56 64 71 64 40 103 205
    209 45 112 23 2 104 183 209 35 81 155 188 102 69 9 227 28 191 73 234
    226 41 105 135 135 221 227 246 203 23 22 57 7 205 246 39 218 86 198
    244 80 255 74 47 231 245 119 190 220 75 14 181 48 166 92 78 153 243
    42 32 198 251 241 26 214 180 204 211 16 96 111 99 6 49 60 244 146 35
    254 13 7 157 243 166 210 199 117 211 157 98 114 13 129 6 76 236 236
    71 69 64 165 59 189 133 9 43 99 43 113 153 108 220 76 120 9 96 93
    122 179 47 222 195 205 246 193 94 204 227 224 18 104 175 237 92 237
    23 215 108 234 65 233 163 55 17 98 173 216 137 83 177 22 49 65 203
    133 145 208 232 222 70 255 135 161 153 164 14 164 177 4 78 210 184
    192 87 2 132 9 177 232 96 12 236 56 184 246 33 91 1 152 54 224 169
    202 136 151 8 173 186 66 238 227 30 180 173 78 161 227 217 127 248
    232 117 140 63 92 109 182 125 120 74 19 211 158 54 118 246 98 104 61
    57 132 213 225 17 134 79 81 105 23 140 78 93 176 170 60 220 59 29
    114 226 201 78 50 14 11 105 44 119 30 41 71 211 173 211 123 196 12
    30 181 246 144 98 200 4 132 245 118 170 226 206 211 103 180 107 65
    60 51 149 127 227 190 216 169 147 94 222 209 182 145 35 132 165 117
    10 226 122 148 165 43 193 19 26 84 12 11 39 227 10 15 2 225 251 50
    50 180 2 169 92 19 224 125 227 126 243 174 242 194 2 185 37 96 41
    143 161 192 119 214 9 225 6 129 133 179 201 103 173 220 45 146 47
    117 170 159 165 117 183 217 181 7 191 7 30 128 252 92 248 218 188
    232 245 168 188 61 100 131 124 151 36 211 39 131 240 76 247 238 117
    223 168 230 105 183 136 142 95 122 200 42 46 65 191 225 59 36 136
    248 125 159 167 133 15 73 127 80 80 253 94 74 125 117 194 34 189 86
    34 111 14 181 150 160 187 113 189 236 173 229 6 87 19 42 221 210 154
    26 228 155 42 245 183 130 8 242 232 243 41 144 26 32 94 211 105 45
    79 240 60 200 35 80 39 23 111 186 221 65 152 172 170 14 44 99 184
    139 152 220 154 217 112 158 64 116 95 103 95 216 19 41 208 65 18 243
    132 105 47 105 94 48 150 186 224 147 115 106 238 183 142 65 140 251
    151 114 36 119 89 106 55 237 27 83 223 79 42 42 20 205 240 184 245
    162 131 120 23 19 112 252 228 217 167 117 5 249 98 34 167 194 59 211
    44 175 208 180 1 246 189 102 218 186 232 3 214 248 85 225 198 2 219
    152 33 204 239 181 12 191 167 159 158 116 208 111 76 177 241 88 128
    241 34 159 165 24 130 127 146 7 139 203 215 141 249 157 8 161 76 29
    83 63 101 105 129 146 172 159 26 191 25 246 71 167 197 147 255 60
    102 205 140 131 159 118 99 225 103 161 19 101 179 202 155 69 201 30
    151 171 222 176 164 129 213 26 127 33 151 246 179 22 155 22 111 189
    62 94 246 215 19 108 146 23 110 85 92 81 176 157 144 143 213 208 214
    37 54 44 201 212 235 20 240 113 214 68 164 231 201 60 48 66 149 153
    125 201 37 81 113 236 102 144 204 248 70 87 12 96 89 122 197 153 172
    151 86 155 119 121 12 15 126 189 196 98 16 108 132 188 239 129 129 7
    111 78 201 84 30 175 65 129 73 83 151 14 211 42 120 93 76 16 30 109
    142 4 7 130 177 37 232 59 104 212 153 81 207 129 176 206 155 34 49
    29 53 118 224 152 251 240 212 81 179 199 134 149 129 146 229 210 131
    51 96 155 33 75 90 224 125 99 241 33 196 180 69 138 110 243 157 147
    251 237 225 139 208 1 61 51 248 55 23 192 72 127 6 195 105 167 98 42
    246 121 234 182 148 187 154 24 197 228 116 237 204 245 54 123 164 11
    204 185 96 107 205 110 228 96 134 115 134 101 180 71 248 135 26 180
    12 251 49 217 214 251 155 231 227 202 195 122 211 42 145 57 120 87
    52 204 43 181 57 54 76 249 234 115 168 118 222 139 92 166 3 242 210
    234 72 22 75 4 66 200 177 239 170 3 162 48 237 38 170 202 126 196
    240 47 155 55 26 79 120 161 251 159 110 8 66 126 63 227 201 169 243
    4 59 39 112 78 10 105 220 212 179 198 102 44 202 236 59 74 98 185
    197 217 76 249 193 228 70 102 172 152 91 206 81 124 32 17 113 2 99
    19 120 129 58 46 235 45 175 157 226 203 66 9 110 27 252 229 200 67
    155 192 150 56 251 216 155 47 16 73 188 190 248 241 163 16 57 196 79
    103 212 248 221 126 238 126 144 173 63 126 74 186 19 122 176 1 175 7
    76 140 28 109 130 146 148 93 16 138 253 166 197 193 113 126 88 151 5
    15 234 56 140 110 18 33 137 126 70 170 247 20 43 19 66 208 176 126
    232 35 70 150 86 199 146 15 139 51 181 78 175 208 81 140 207 218 74
    79 171 154 133 137 28 15 147 245 205 225 114 57 4 255 66 145 23 172
    173 99 217 254 234 48 37 229 174 207 29 14 107 224 138 133 180 103
    69 75 4 36 25 57 54 55 170 1 71 138 168 248 94 117 39 51 240 24 151
    237 146 74 238 37 63 142 148 189 201 26 73 49 212 172 240 199 22 45
    114 242 222 237 49 202 62 200 172 185 94 59 132 45 3 7 79 74 200 205
    172 68 203 88 155 47 117 18 173 26 224 164 15 188 47 242 159 121 193
    37 45 50 75 177 85 18 255 188 20 223 191 229 207 6 155 205 252 8 120
    115 169 7 53 168 224 80 159 28 88 39 154 7 106 119 20 161 213 123
    213 123 171 59 191 227 252 166 198 19 107 117 2 136 85 16 83 54 56
    93 61 166 239 71 230 158 14 216 213 31 97 72 112 70 9 98 30 19 90
    134 158 155 92 56 213 179 246 224 180 127 226 66 101 217 42 184 132
    193 81 84 148 67 237 244 227 26 93 62 224 129 164 121 162 172 183 1
    96 159 211 84 163 168 194 189 30 27 87 57 197 212 207 210 36 245 112
    7 23 47 12 89 214 7 154 112 85 7 79 20 172 57 35 102 75 161 170 111
    44 213 90 17 188 177 68 150 227 240 130 93 22 243 217 11 159 1 157
    60 236 159 97 143 224 158 131 144 44 232 189 47 227 253 246 7 71 206
    206 185 88 123 165 37 199 149 24 151 167 44 121 225 42 133 49 107 19
    121 92 38 28 174 232 50 205 42 36 79 174 178 226 11 121 18 57 155
    197 242 199 57 186 32 225 56 150 139 142 25 47 36 136 193 151 14 148
    10 147 251 74 54 112 49 178 231 71 247 9 221 38 28 43 0 1 46 68 65
    252 252 220 52 112 139 197 39 74 238 118 246 248 36 148 25 38 151 18
    47 105 123 96 135 135 162 70 202 159 86 161 65 207 211 61 141 216
    110 208 112 185 150 32 136 185 83 99 78 57 229 73 206 37 50 251 127
    254 118 63 166 205 105 197 156 85 190 22 243 138 146 87 88 234 55
    119 177 157 242 141 119 112 221 153 251 178 129 224 96 19 89 54 98
    46 76 48 140 117 187 231 213 125 17 72 250 67 122 196 218 31 121 37
    120 164 57 18 217 115 184 232 120 102 244 86 150 56 84 86 233 166 35
    173 195 39 11 179 138 102 51 7 127 223 243 74 84 111 18 45 13 158 80
    36 164 147 101 213 42 70 44 252 26 26 109 24 213 47 72 84 178 92 61
    172 181 34 177 188 173 210 49 204 156 180 86 185 48 190 224 162 190
    58 65 235 52 203 248 140 1 125 58 254 168 49 147 208 104 132 211 0
    22 161 81 244 128 233 177 16 169 49 180 69 174 255 8 193 28 53 237
    205 128 78 8 96 243 6 140 153 94 101 104 153 96 85 59 172 32 236 183
    201 63 173 10 253 145 181 121 106 144 47 234 54 234 199 96 32 29 214
    169 227 222 206 154 187 94 142 104 38 202 39 15 132 10 78 119 227 60
    176 156 144 129 75 248 217 62 112 224 161 255 221 204 160 142 202
    148 200 59 27 5 101 191 175 193 137 46 175 128 243 3 107 253 231 189
    174 129 158 253 79 171 193 213 123 244 4 90 181 116 151 237 101 195
    195 240 193 76 216 57 70 86 74 191 243 203 137 171 136 72 248 15 137
    165 161 92 252 109 1 162 1 93 207 205 92 29 217 87 146 67 239 37 237
    225 30 18 252 88 220 175 224 22 143 192 178 38 80 32 212 164 160 242
    254 17 134 169 255 160 251 224 248 193 59 100 158 244 139 220 144 93
    37 97 93 136 242 154 13 139 76 221 61 199 55 165 138 81 214 252 12
    127 20 35 5 212 16 37 228 193 229 27 200 57 2 172 250 21 180 167 213
    72 219 112 207 50 198 28 69 105 197 59 211 236 77 137 237 227 131
    105 250 10 196 84 217 0 191 105 38 219 99 190 56 121 139 50 184 68
    187 182 127 120 47 233 79 123 231 215 182 23 75 182 15 4 66 32 144
    215 156 2 73 12 53 109 73 76 82 136 14 164 148 14 113 77 227 128 144
    84 198 132 114 26 223 174 140 32 192 142 165 215 30 44 124 179 161
    26 105 196 6 9 19 133 226 31 44 86 189 8 183 183 119 131 154 135 59
    245 79 97 38 168 249 189 96 209 126 135 148 50 197 148 62 157 19 104
    129 253 24 249 117 143 174 36 172 188 164 135 216 18 76 51 59 113
    243 210 32 163 143 153 118 208 33 125 101 242 226 40 160 68 205 84
    189 136 148 188 47 72 109 223 207 148 158 255 88 13 88 79 132 120 34
    167 115 179 96 177 98 66 140 134 23 23 70 113 199 252 204 0 55 199
    147 184 200 212 31 171 147 132 188 206 233 59 192 168 232 66 126 45
    178 87 138 117 113 215 60 72 227 60 123 72 127 253 69 167 80 89 78
    74 163 165 126 80 235 205 43 18 243 138 59 73 201 85 123 142 113 229
    120 94 254 107 109 234 126 244 39 120 41 83 114 67 198 143 59 124
    134 163 14 86 60 171 65 140 167 97 0 119 212 189 226 35 4 60 214 160
    188 110 92 233 109 100 170 216 143 102 156 140 161 5 17 145 136 207
    208 34 20 28 142 123 175 188 23 51 207 78 198 155 123 198 181 228 55
    0 47 210 164 0 61 150 127 5 207 73 184 159 39 229 3 57 43 28 64 131
    176 158 68 185 183 221 162 210 112 199 203 193 187 8 232 192 162 13
    99 78 133 186 18 100 27 22 155 49 18 58 75 227 121 192 237 226 109
    119 232 64 5 84 37 71 54 125 31 251 54 141 238 97 79 21 188 23 123
    186 254 206 234 238 89 187 143 216 55 93 166 69 204 197 21 25 41 7
    22 247 71 112 11 191 184 92 241 59 175 41 211 120 63 247 143 101 141
    128 232 249 191 41 251 73 229 155 76 69 210 71 96 210 227 99 106 211
    134 12 167 175 249 184 91 40 237 214 185 115 163 229 213 6 21 177
    126 215 144 241 57 92 184 54 22 198 36 67 190 100 132 28 88 169 255
    107 165 246 200 30 50 219 144 222 65 52 149 53 163 157 219 118 112 0
    157 121 29 131 31 134 62 139 0 63 21 39 48 130 56 198 65 232 67 72
    64 8 175 245 42 192 218 150 193 36 112 101 229 86 96 234 100 181 22
    6 120 30 236 107 91 26 113 76 238 174 168 198 60 94 239 228 44 124
    51 148 124 112 220 191 36 235 86 28 218 41 61 48 170 40 180 33 230
    134 96 221 192 22 57 29 149 118 243 167 55 203 95 89 234 165 186 118
    40 231 180 172 40 182 111 202 212 152 32 87 142 76 218 194 84 14 145
    195 140 196 212 95 181 195 106 194 233 124 83 192 46 141 111 254 193
    205 198 28 50 189 143 146 86 113 253 106 183 56 4 243 180 255 225
    196 7 220 170 79 198 252 103 220 193 176 203 36 70 218 137 130 84 8
    180 19 41 173 130 79 153 231 67 12 165 126 248 64 67 147 46 177 151
    122 66 83 145 44 251 20 255 212 119 180 16 116 38 235 69 126 83 205
    145 23 26 30 249 183 236 79 160 53 220 69 166 20 56 99 167 160 197
    184 182 192 40 86 220 28 21 144 165 4 173 88 87 30 225 231 200 101
    237 50 80 209 181 120 218 179 30 59 187 90 116 22 247 61 251 148 221
    55 86 152 32 237 211 178 133 225 147 223 63 211 33 241 210 59 83 93
    118 5 229 231 38 150 152 162 217 215 63 0 100 109 10 167 209 218 143
    90 83 213 167 30 169 54 76 89 108 171 110 63 121 103 201 108 145 192
    43 15 142 164 90 200 187 123 213 254 136 145 126 224 77 48 207 62
    254 220 106 232 0 32 13 23 77 82 68 187 40 106 204 171 141 43 122 88
    30 203 232 169 168 203 210 11 91 131 25 126 76 117 167 81 72 233 226
    234 62 102 250 100 32 243 89 228 252 114 84 235 217 159 55 35 178 61
    152 85 31 218 194 248 142 47 152 26 11 33 130 25 62 143 91 53 83 243
    246 230 46 131 233 2 165 85 36 35 31 23 248 90 183 202 86 89 203 140
    8 145 59 52 95 157 233 12 20 134 3 206 184 123 110 212 164 105 55
    128 162 45 96 29 233 219 154 254 87 36 235 199 11 32 139 238 216 204
    101 107 1 96 171 32 22 89 54 141 173 24 171 228 16 123 188 76 26 93
    162 137 78 72 40 142 113 91 50 2 95 126 253 17 138 0 72 223 39 106
    109 116 37 68 113 156 64 203 200 247 233 38 230 240 70 127 168 165
    68 166 161 173 130 10 253 182 26 70 80 47 67 60 23 6 151 190 148 35
    90 219 148 30 133 71 75 16 40 1 252 78 173 121 239 162 115 87 147
    207 85 57 224 161 154 62 35 70 93 76 117 147 22 117 3 70 192 57 210
    193 221 48 176 88 76 5 30 116 250 61 237 104 53 239 91 185 22 166
    227 102 237 243 71 241 251 48 61 67 41 109 19 106 32 12 68 126 209
    238 21 162 129 86 22 136 127 165 63 211 232 233 180 35 199 209 119
    120 181 64 103 149 98 109 107 125 185 48 126 221 38 146 235 34 110
    126 219 20 93 85 102 129 50 25 31 207 228 126 190 62 25 138 120 1 15
    36 28 29 154 88 41 110 34 124 1 101 244 83 65 108 58 22 3 233 141 99
    247 92 242 25 209 70 190 70 232</data></your_img>
</opencv_storage>
