<?xml version="1.0"?>
<opencv_storage>
<L2_diff>2.3606143268225753e+02</L2_diff>
<r>9</r>
<test_img type_id="opencv-matrix">
  <rows>50</rows>
  <cols>100</cols>
  <dt>u</dt>
  <data>
    219 132 121 9 248 239 84 76 246 88 86 43 131 202 85 148 80 243 237
    224 206 71 235 190 85 173 197 135 165 215 206 120 137 89 189 34 230
    196 226 202 194 171 74 5 159 166 210 14 7 165 236 24 67 228 40 240
    93 63 135 94 188 132 143 151 149 80 222 145 92 84 124 107 205 91 146
    183 233 235 229 92 18 143 144 3 196 73 125 10 54 154 28 231 117 224
    54 100 105 242 217 151 210 12 71 248 107 114 170 87 35 39 255 23 19
    228 185 122 187 96 104 78 122 144 131 218 126 90 17 116 204 209 147
    103 207 162 169 231 198 65 248 163 211 213 129 73 126 12 177 186 116
    49 9 45 110 136 17 145 228 236 47 193 130 84 68 205 25 214 173 232
    18 13 202 255 232 124 2 170 104 171 137 15 116 107 30 108 121 69 91
    221 34 191 13 171 186 215 120 207 252 6 203 194 213 41 214 192 105
    235 218 186 239 4 109 87 142 246 45 7 251 205 221 159 190 106 13 229
    101 26 150 18 69 205 10 251 101 183 206 105 148 216 74 0 65 38 180 7
    226 53 28 90 51 238 6 168 254 170 81 156 99 57 195 119 23 89 196 203
    222 38 235 140 33 9 114 215 84 208 193 67 138 112 186 14 31 76 120
    80 208 56 12 124 154 30 171 91 13 78 181 241 186 139 91 180 1 224
    197 239 180 122 127 170 126 118 61 112 32 17 145 5 151 96 1 245 87
    20 247 44 24 112 131 133 216 38 254 12 7 112 147 27 122 130 103 126
    62 239 67 94 50 229 1 95 232 112 108 164 81 125 31 65 215 251 17 167
    190 156 39 252 115 99 238 111 163 42 151 101 174 90 12 64 155 109
    226 138 184 12 124 92 210 100 185 125 213 56 152 52 65 82 66 186 103
    214 101 85 22 147 219 247 169 13 175 109 4 249 15 0 232 3 69 192 64
    92 92 233 166 209 122 67 221 163 4 108 16 142 95 176 76 250 90 182
    87 104 21 50 208 1 110 226 217 165 192 133 231 7 163 157 216 98 249
    111 51 92 252 252 112 164 165 254 171 217 242 237 66 38 174 101 68
    50 149 146 234 36 154 13 67 195 6 120 147 59 116 80 0 114 37 157 113
    249 144 250 220 160 82 77 219 216 141 162 163 90 71 5 62 61 149 160
    212 204 227 35 118 82 0 227 251 107 190 187 150 205 23 144 246 254
    103 115 96 212 237 83 252 189 244 243 148 13 111 95 112 67 148 80
    200 40 250 240 205 132 230 62 78 121 125 202 195 202 0 22 89 5 202
    188 156 215 50 30 7 52 212 189 87 120 106 45 118 235 47 144 246 55 2
    152 73 113 22 109 107 113 14 29 167 143 138 179 49 97 61 215 162 110
    37 54 220 185 213 145 238 1 223 106 93 69 114 1 187 44 207 208 46 31
    208 113 229 104 254 244 102 116 57 11 254 28 239 10 43 204 241 34
    215 243 149 208 53 144 243 142 227 10 152 101 208 142 162 228 100
    118 72 211 182 98 239 38 96 192 50 128 90 47 194 31 247 143 92 169
    152 31 223 61 180 158 146 94 124 71 101 15 66 51 211 215 181 115 62
    183 50 142 4 242 78 195 42 87 141 33 21 124 245 216 6 51 71 106 201
    216 96 224 235 124 36 176 212 34 38 61 108 78 240 191 0 234 150 149
    93 118 131 132 85 211 218 205 154 74 177 132 60 109 75 18 149 19 161
    100 72 252 69 116 90 168 152 210 30 248 247 81 78 83 61 4 38 239 74
    65 235 126 223 53 142 152 245 171 87 185 198 0 39 98 153 108 71 159
    76 127 158 40 95 254 147 111 192 70 235 95 130 2 0 145 160 11 250
    149 199 61 63 247 151 188 196 170 246 62 137 97 202 118 216 86 101
    221 175 100 228 232 142 153 157 145 100 213 82 222 200 188 146 168
    238 2 140 97 130 11 164 224 28 131 113 90 133 125 221 171 34 178 160
    113 236 58 49 2 75 96 249 173 249 255 143 152 175 243 152 132 69 120
    56 104 180 98 71 218 194 249 81 49 54 251 50 219 81 82 65 153 223 51
    225 205 210 125 89 130 134 68 122 225 147 119 167 66 114 203 155 13
    75 197 115 137 159 1 121 102 1 189 197 191 8 94 110 212 67 207 155
    152 14 134 185 238 183 96 133 51 7 98 36 148 185 128 3 245 116 127
    25 98 226 229 108 92 135 94 230 154 135 71 103 136 119 134 32 61 33
    25 212 218 52 99 102 244 58 163 92 194 30 130 3 179 74 141 80 43 16
    220 150 250 20 139 239 242 9 92 16 173 5 73 6 96 86 124 137 166 203
    250 187 242 164 185 199 46 136 225 85 139 103 120 103 21 140 59 17
    202 218 0 233 234 157 16 7 114 46 64 34 66 191 95 13 158 166 40 175
    48 173 223 173 13 20 97 19 153 140 90 124 202 128 90 196 124 168 163
    133 216 211 120 215 162 112 100 8 166 115 75 164 144 23 169 230 201
    97 121 82 135 120 178 209 200 236 199 246 158 104 241 196 58 248 19
    203 55 193 6 173 25 114 114 248 193 130 136 234 90 33 81 10 132 108
    165 15 109 111 234 51 37 162 62 195 42 155 153 202 170 82 172 237 35
    241 255 184 206 189 86 90 53 212 225 11 62 47 136 180 43 137 94 115
    205 157 98 41 202 150 51 158 10 202 43 21 94 232 182 196 93 23 171
    190 218 198 92 51 5 7 17 187 137 205 106 168 182 210 197 227 169 199
    81 52 136 49 223 98 26 181 19 80 45 212 20 225 7 156 151 245 5 182
    63 65 172 185 67 193 249 164 12 78 8 51 251 124 112 169 51 161 251
    57 77 242 6 75 135 93 38 15 189 42 165 130 74 173 46 165 123 189 188
    84 18 22 25 182 126 165 29 1 237 148 191 252 78 119 123 53 63 0 64
    183 29 57 246 51 4 210 138 23 47 37 3 92 143 240 229 148 250 134 109
    209 255 146 99 129 178 80 147 143 235 124 60 93 39 5 187 249 126 247
    78 123 141 103 248 68 104 154 5 77 49 248 103 47 172 36 202 229 20
    104 96 250 243 133 196 235 232 151 18 135 103 105 49 126 4 104 5 69
    63 185 202 188 66 237 253 166 246 236 252 194 140 186 253 175 180
    186 150 68 71 71 12 245 69 62 7 231 145 175 248 235 38 39 83 240 14
    145 144 226 233 35 60 237 218 167 71 240 226 220 104 125 7 240 34
    168 148 184 133 103 244 235 17 49 77 192 97 174 251 204 183 183 157
    242 81 132 4 189 208 90 140 20 140 41 21 165 239 209 69 143 168 0
    208 106 140 27 168 16 158 42 64 120 172 190 5 32 81 230 229 121 174
    208 8 240 166 86 18 42 173 141 215 199 125 158 148 200 125 212 165
    41 152 71 235 230 181 137 171 8 170 122 108 200 157 219 234 175 50 2
    24 152 143 127 174 222 118 51 211 173 70 211 32 73 208 246 197 3 43
    252 71 56 245 48 146 195 88 84 131 199 128 95 13 84 55 219 108 182
    121 153 17 197 116 105 183 46 200 210 151 211 46 211 246 198 54 130
    208 142 104 88 186 82 197 6 141 87 52 116 212 199 42 242 238 68 206
    254 24 35 30 42 14 145 190 38 66 180 211 160 252 196 202 152 201 14
    18 152 177 146 13 220 131 83 72 253 178 142 191 39 165 48 21 37 52
    31 202 155 183 9 184 113 99 135 13 224 144 4 134 163 202 114 180 175
    142 235 184 51 34 110 165 186 10 102 147 128 0 84 172 135 222 232
    229 25 242 123 59 206 164 144 236 24 231 194 133 181 1 74 157 168
    254 205 8 72 142 101 5 157 35 63 72 12 211 27 30 117 240 182 197 132
    12 32 26 156 182 77 30 55 250 96 102 230 212 120 121 218 142 238 16
    126 4 1 184 145 50 52 208 115 152 181 237 223 139 63 57 13 123 246
    41 204 145 237 12 17 193 142 10 95 118 245 165 245 68 251 155 218 82
    181 52 128 148 7 89 71 2 86 39 241 238 11 122 1 152 82 205 170 26
    155 204 167 162 79 0 175 218 132 100 32 113 32 167 174 98 93 75 7
    244 177 137 2 94 32 81 139 238 162 71 218 131 125 121 106 8 2 49 195
    254 58 235 58 119 86 202 150 123 221 194 235 178 145 193 204 173 173
    84 10 193 231 153 66 160 71 38 41 103 66 39 74 192 178 118 91 45 160
    235 190 132 75 234 239 44 136 250 40 90 182 236 135 241 198 166 17
    232 240 144 32 169 16 9 109 63 123 247 180 3 245 144 140 109 73 163
    111 171 64 232 179 47 123 107 214 61 135 220 119 31 22 218 38 222 42
    239 200 205 106 58 25 33 229 225 54 228 140 4 244 178 25 254 11 247
    170 75 107 183 83 124 218 230 232 79 231 52 149 168 228 206 159 99
    24 138 214 30 60 40 76 200 217 62 52 107 175 190 250 213 13 72 143
    48 185 187 40 113 19 180 205 197 102 220 20 109 148 78 246 32 161
    133 53 170 199 64 90 83 63 123 154 134 172 63 7 173 52 252 194 93
    112 211 187 41 245 173 150 39 197 212 235 32 157 68 93 215 6 2 189
    149 249 19 124 17 34 64 13 94 250 46 164 149 138 163 78 113 50 220
    98 86 146 44 50 169 196 92 229 190 163 235 35 128 136 179 193 131 0
    34 185 120 144 153 37 45 212 236 91 13 196 214 32 230 223 139 134
    119 224 126 98 6 155 132 241 3 173 30 13 94 46 12 198 231 32 67 248
    142 116 62 73 253 247 51 51 129 42 56 127 224 145 7 80 247 59 51 111
    202 2 149 127 156 100 113 103 211 51 114 66 162 21 189 79 88 148 13
    192 198 190 224 207 21 187 132 133 93 159 72 183 48 213 211 15 10
    160 67 50 44 64 87 63 216 122 203 210 148 137 8 165 105 236 94 199
    84 249 1 5 204 139 128 114 238 128 36 59 168 244 227 38 84 136 54
    219 111 69 60 185 161 190 24 254 12 246 238 19 137 35 215 83 59 204
    48 3 28 248 180 186 47 149 0 121 245 139 85 231 12 189 24 93 154 45
    91 58 67 90 95 77 207 54 181 60 237 184 62 195 111 117 40 55 116 158
    164 248 151 230 189 243 26 113 221 237 110 202 37 223 98 221 125 156
    144 104 9 13 156 115 254 248 191 47 174 192 103 225 185 156 176 22
    159 252 156 211 71 17 245 66 0 156 238 56 244 20 148 36 103 109 36
    113 234 157 140 89 220 246 220 218 210 29 19 55 102 160 49 38 227
    221 121 45 62 252 119 143 245 37 151 80 246 252 255 211 193 100 131
    37 156 13 44 216 140 111 192 24 32 179 187 71 63 236 122 144 238 47
    58 159 78 196 123 160 102 160 89 155 179 88 65 159 137 250 140 80
    249 128 138 164 74 217 172 64 147 5 141 39 205 134 142 26 106 243
    127 18 20 38 248 228 59 193 71 185 215 115 21 144 238 14 55 106 138
    20 55 57 127 206 13 174 140 180 33 52 63 170 95 201 212 146 161 252
    167 65 138 159 67 57 222 151 247 149 5 121 144 66 68 166 25 170 51
    59 149 155 46 0 57 104 16 227 124 79 38 21 177 44 240 47 135 139 187
    76 56 50 254 210 49 77 138 113 191 117 234 46 52 142 204 240 242 105
    70 15 182 130 200 63 252 123 251 145 125 85 163 213 91 115 195 49 56
    211 206 225 74 146 204 56 196 154 190 223 177 21 156 160 79 88 3 74
    166 249 119 14 126 131 218 125 228 171 108 229 192 187 222 163 133
    170 8 156 74 113 235 223 148 18 135 244 25 125 5 149 209 243 221 223
    91 144 230 156 251 70 80 210 23 12 129 122 200 53 82 190 173 202 5
    173 184 149 188 48 229 116 84 149 64 226 30 74 76 97 66 21 109 118
    204 89 19 89 57 101 134 34 113 204 204 201 231 109 89 254 139 253
    135 28 79 69 55 184 54 16 18 68 31 172 230 164 178 16 54 75 66 200
    71 4 40 88 108 110 226 130 81 172 156 207 126 209 156 17 187 23 121
    188 168 133 1 65 68 42 219 123 169 132 173 29 102 133 198 24 175 25
    57 126 129 33 65 245 205 195 165 117 96 191 120 104 190 80 111 81
    243 120 163 142 156 178 237 68 173 252 16 60 243 27 203 243 176 100
    202 148 64 31 145 72 106 225 201 53 52 90 131 155 228 133 248 165
    199 39 102 1 218 92 74 194 187 61 209 99 184 223 120 230 25 80 80
    110 157 245 193 43 44 109 43 172 81 3 45 45 56 39 238 27 245 250 14
    67 250 44 3 159 130 141 17 243 242 63 153 165 229 69 250 211 172 192
    190 188 7 251 216 251 227 9 78 5 226 186 244 173 170 156 151 98 53 4
    8 98 75 242 150 174 231 129 29 217 111 221 137 77 112 235 223 48 209
    67 140 60 66 127 136 243 55 94 128 200 60 123 36 221 198 4 71 245
    166 218 202 222 122 68 46 179 178 136 91 198 255 92 255 230 166 8 11
    114 201 28 161 137 17 200 122 234 113 139 207 221 40 38 56 153 137
    240 226 173 105 181 45 12 62 152 102 44 32 56 243 251 40 243 34 225
    66 248 143 218 214 210 48 25 217 148 12 228 124 68 226 183 92 72 251
    134 195 33 193 19 199 148 123 47 167 193 125 29 111 159 241 102 75
    72 2 87 171 99 84 30 240 198 75 85 110 216 93 53 170 133 37 134 12
    23 190 136 22 27 96 168 222 146 62 61 180 97 38 111 103 53 248 213
    30 159 122 176 196 63 50 88 65 198 253 28 205 101 26 93 188 70 246
    153 122 23 134 35 118 204 163 202 24 81 244 5 183 77 80 176 35 246
    255 94 160 153 197 215 112 92 160 2 78 198 207 46 20 233 139 141 33
    182 234 139 70 118 251 142 16 182 119 71 103 78 172 238 129 143 179
    77 187 130 179 169 147 156 239 171 55 226 165 245 80 205 57 89 33
    123 141 203 238 168 201 69 37 25 42 158 185 237 37 193 34 198 80 136
    174 116 113 253 90 217 143 145 133 245 150 243 120 107 186 181 236
    40 150 207 131 116 254 143 6 20 137 100 111 66 53 57 93 53 148 23 59
    207 201 173 152 83 104 19 151 148 85 149 16 18 201 217 103 198 150
    198 66 75 39 127 183 178 116 95 235 76 2 154 245 145 59 218 59 207
    104 104 202 167 96 151 213 14 159 170 55 17 41 190 171 70 64 121 8
    194 82 92 128 246 208 145 13 41 132 132 36 43 163 136 247 114 107
    110 117 233 240 244 26 204 143 242 57 15 120 109 46 0 210 150 113 53
    191 31 158 145 50 96 72 226 244 84 138 125 19 210 187 137 167 165
    253 151 138 27 161 24 23 204 74 78 193 9 100 149 242 220 24 48 81 30
    214 222 238 128 169 158 145 173 35 226 169 88 14 106 3 96 186 21 146
    17 254 219 252 19 184 176 127 213 67 247 253 136 213 33 16 33 91 164
    249 183 23 109 196 116 186 140 236 88 118 160 170 54 142 19 253 65
    34 130 103 7 21 189 185 135 57 157 185 8 158 185 177 139 137 83 17
    246 242 0 41 30 215 85 35 163 19 176 187 142 181 217 75 131 13 170
    27 236 223 168 92 220 153 24 195 236 160 116 121 205 176 13 208 151
    61 34 252 8 148 17 81 243 121 102 25 151 214 147 88 21 87 141 209 90
    172 66 244 186 88 156 184 35 119 14 159 56 92 69 187 178 167 100 175
    207 242 47 49 43 121 203 105 187 253 21 123 176 137 151 79 181 56
    214 143 138 184 5 16 177 183 7 124 75 34 111 144 195 135 85 47 17 35
    228 201 139 133 142 99 166 247 49 74 114 150 29 91 93 189 86 190 232
    149 220 4 126 187 65 219 79 242 203 52 184 251 186 236 138 162 32
    244 215 120 167 189 86 237 234 29 3 186 8 117 109 107 6 190 225 199
    27 97 244 22 6 106 146 54 84 227 116 190 34 183 17 43 0 178 145 66
    111 199 74 233 97 87 234 228 165 33 11 236 83 210 8 132 229 138 0
    161 243 56 32 6 120 150 53 187 40 4 193 86 241 229 135 131 129 165
    170 19 32 146 246 244 47 68 22 245 215 91 89 108 192 252 148 153 97
    132 225 57 185 10 206 153 92 195 217 195 48 229 215 165 125 247 203
    156 51 56 66 161 154 85 235 188 36 250 145 64 86 115 126 31 151 42
    82 18 239 90 97 95 231 28 141 90 249 99 7 93 124 82 9 168 128 94 253
    241 53 212 227 83 151 39 171 221 255 107 129 48 49 134 135 100 39
    148 72 3 196 12 54 209 79 107 119 26 177 231 122 242 127 189 159 150
    119 158 233 61 207 64 193 156 11 59 151 146 106 150 116 253 68 171
    245 62 30 176 87 114 231 15 248 4 116 54 145 64 232 134 24 121 135
    166 213 104 217 116 101 240 239 105 54 255 128 95 6 134 192 34 42 43
    112 247 76 10 28 124 29 185 185 201 6 87 84 210 79 150 10 211 132 52
    241 167 5 156 221 111 103 71 20 242 251 0 59 19 159 176 51 226 31 79
    25 101 139 41 145 24 108 237 250 91 177 191 4 199 64 204 17 154 93
    155 108 235 124 108 157 27 41 178 233 171 31 40 229 193 210 131 205
    191 122 93 181 148 63 106 64 221 46 8 80 75 44 75 41 78 122 33 139
    110 253 215 50 216 81 110 248 197 142 107 243 61 37 205 5 86 131 121
    189 42 143 83 12 20 119 179 110 206 98 239 115 101 202 154 102 109
    147 152 245 29 69 75 220 131 136 246 190 210 116 72 34 0 227 221 68
    68 140 178 125 207 199 187 156 137 242 111 235 195 44 222 124 53 231
    72 156 107 173 99 3 145 121 215 154 129 57 102 198 188 54 33 253 246
    254 30 20 189 241 207 201 202 138 161 245 82 244 100 172 112 145 204
    68 154 122 248 189 222 141 187 33 22 37 10 139 128 0 221 235 54 198
    39 84 59 31 55 167 171 103 91 2 49 251 228 61 192 228 109 67 35 86 6
    169 25 14 143 105 95 53 25 198 105 139 93 13 166 133 129 121 187 88
    142 150 168 87 184 97 204 145 112 255 14 93 190 98 80 89 146 231 82
    74 178 126 84 186 113 128 44 218 7 181 231 131 15 233 88 234 2 8 52
    236 101 62 223 36 228 98 193 221 142 110 169 204 186 123 91 32 62
    147 168 13 81 93 41 37 147 168 225 238 178 180 55 161 53 166 129 166
    51 223 183 127 84 68 131 15 43 231 18 11 46 170 194 88 173 125 121
    59 221 94 254 41 74 151 174 172 162 88 66 87 169 0 48 120 141 66 86
    120 117 99 90 124 211 125 122 22 242 221 244 22 48 124 191 187 6 80
    148 136 76 111 71 232 212 59 250 58 139 9 84 13 202 36 95 63 249 67
    148 15 76 207 206 33 85 250 13 255 28 94 14 114 183 50 45 67 251 232
    3 76 12 150 41 58 138 28 81 49 124 43 145 57 136 112 211 102 111 224
    17 114 42 252 132 133 151 167 169 209 144 212 18 212 215 65 176 43 0
    120 232 39 16 65 218 39 134 208 82 159 100 68 127 135 238 4 135 209
    74 18 37 176 244 2 234 50 133 0 36 65 88 194 181 161 0 161 20 238
    143 104 225 130 189 81 77 114 200 13 15 18 63 22 250 25 129 73 99 77
    47 118 61 147 106 35 183 109 184 95 183 17 3 122 218 211 211 244 162
    195 42 68 104 30 155 53 123 182 131 146 44 61 247 236 151 71 56 26
    174 96 213 149 37 20 248 210 148 231 225 139 247 215 97 253 179 111
    197 177 80 28 171 38 179 83 181 210 125 212 255 128 27 121 65 40 197
    242 32 87 180 15 176 226 7 183 188 130 131 139 178 196 114 76 241
    118 164 189 200 244 220 9 225 47 105 138 29 96 143 223 242 35 32 115
    86 61 128 14 162 75 136 0 235 108 128 85 50 77 124 119 38 239 236
    126 21 10 245 179 232 120 184 24 193 97 144 125 161 72 233 219 24 15
    149 31 201 80 209 172 96 27 130 106 97 194 224 221 136 132 26 203
    196 113 234 100 38 56 87 63 111 254 84 55 179 10 116 106 204 173 96
    72 19 116 107 3 231 117 242 238 60 225 58 232 171 12 225 76 54 42
    248 175 130 149 219 213 30 24 7 171 200 55 94 59 23 190 81 225 23 75
    239 178 85 206 138 36 46 13 166 231 250 209 86 53 4 26 192 101 147
    224 69 190 149 233 107 131 47 141 185 105 133 197 218 168 136 20 47
    13 211 35 253 41 210 222 115 206 114 138 23 78 178 220 182 113 20
    153 5 52 147 4 156 172 138 84 124 206 254 140 228 74 77 78 49 218
    208 201 199 188 134 28 159 160 241 56 73 90 88 85 242 238 140 167
    173 164 57 156 189 89 252 37 138 30 145 215 31 110 70 227 231 63 1
    16 247 84 0 122 14 3 45 37 35 16 177 162 201 249 209 216 255 76 7
    122 127 184 17 100 143 155 160 168 100 82 169 227 93 59 155 41 50
    175 172 56 195 220 37 180 194 90 204 32 116 218 131 67 111 123 251
    226 135 50 88 72 141 1 81 2 39 241 157 170 219 140 69 225 11 114 136
    41 39 221 150 246 166 47 74 86 64 67 76 136 77 156 105 177 167 130
    176 88 145 236 142 84 252 68 193 152 231 138 61 33 131 207 24 164
    175 157 176 26 116 128 18 77 20 149 211 64 151 144 147 181 119 16
    180 68 72 147 195 86 168 11 240 70 240 94 93 140 47 161 54 185 22
    174 37 23 27 23 208 84 238 147 39 183 179 103 145 191 229 246 112 85
    77 127 3 90 11 87 43 29 112 84 89 81 166 209 253 28 189 16 186 0 41
    207 93 78 227 96 146 10 245 217 10 17 139 174 65 226 214 77 204 233
    36 115 38 119 138 58 155 158 126 103 52 197 49 107 225 25 93 187 140
    199 246 16 240 132 243 137 251 69 111 215 226 221 243 88 90 52 220
    35 229 30 65 247 185 247 158 108 214 134 77 214 124 235 42 66 116 81
    18 18 210 0 237 117 156 118 199 247 213 193 103 147 43 134 180 221 4
    226 117 180 84 39 252 248 15 231 185 249 16 192 192 251 211 157 231
    21 35 211 34 160 188 149 221 171 103 240 28 252 25 112 27 162 134
    129 13 180 76 153 202 142 109 11 128 245 221 56 182 13 49 132 143 5
    39 9 21 197 13 217 89 227 203 174 194 97 68 170 159 163 184 192 157
    72 186 223 163 35 225 120 28 73 164 79 202 183 204 55 245 42 3 145
    149 143 35 4 81 52 52</data></test_img>
<my_img type_id="opencv-matrix">
  <rows>50</rows>
  <cols>100</cols>
  <dt>u</dt>
  <data>
    219 132 121 9 248 239 84 76 246 88 86 43 131 202 85 148 80 243 237
    224 206 71 235 190 85 173 197 135 165 215 206 120 137 89 189 34 230
    196 226 202 194 171 74 5 159 166 210 14 7 165 236 24 67 228 40 240
    93 63 135 94 188 132 143 151 149 80 222 145 92 84 124 107 205 91 146
    183 233 235 229 92 18 143 144 3 196 73 125 10 54 154 28 231 117 224
    54 100 105 242 217 151 210 12 71 248 107 114 170 87 35 39 255 23 19
    228 185 122 187 96 104 78 122 144 131 218 126 90 17 116 204 209 147
    103 207 162 169 231 198 65 248 163 211 213 129 73 126 12 177 186 116
    49 9 45 110 136 17 145 228 236 47 193 130 84 68 205 25 214 173 232
    18 13 202 255 232 124 2 170 104 171 137 15 116 107 30 108 121 69 91
    221 34 191 13 171 186 215 120 207 252 6 203 194 213 41 214 192 105
    235 218 186 239 4 109 87 142 246 45 7 251 205 221 159 190 106 13 229
    101 26 150 18 69 205 10 251 101 183 206 105 148 216 74 0 65 38 180 7
    226 53 28 90 51 238 6 168 254 170 81 156 99 57 195 119 23 89 196 203
    222 38 235 140 33 9 114 215 84 208 193 67 138 112 186 14 31 76 120
    80 208 56 12 124 154 30 171 91 13 78 181 241 186 139 91 180 1 224
    197 239 180 122 127 170 126 118 61 112 32 17 145 5 151 96 1 245 87
    20 247 44 24 112 131 133 216 38 254 12 7 112 147 27 122 130 103 126
    62 239 67 94 50 229 1 95 232 112 108 164 81 125 31 65 215 251 17 167
    190 156 39 252 115 99 238 111 163 42 151 101 174 90 12 64 155 109
    226 138 184 12 124 92 210 100 185 125 213 56 152 52 65 82 66 186 103
    214 101 85 22 147 219 247 169 13 175 109 4 249 15 0 232 3 69 192 64
    92 92 233 166 209 122 67 221 163 4 108 16 142 95 176 76 250 90 182
    87 104 21 50 208 1 110 226 217 165 192 133 231 7 163 157 216 98 249
    111 51 92 252 252 112 164 165 254 171 217 242 237 66 38 174 101 68
    50 149 146 234 36 154 13 67 195 6 120 147 59 116 80 0 114 37 157 113
    249 144 250 220 160 82 77 219 216 141 162 163 90 71 5 62 61 149 160
    212 204 227 35 118 82 0 227 251 107 190 187 150 205 23 144 246 254
    103 115 96 212 237 83 252 189 244 243 148 13 111 95 112 67 148 80
    200 40 250 240 205 132 230 62 78 121 125 202 195 202 0 22 89 5 202
    188 156 215 50 30 7 52 212 189 87 120 106 45 118 235 47 144 246 55 2
    152 73 113 22 109 107 113 14 29 167 143 138 179 49 97 61 215 162 110
    37 54 220 185 213 145 238 1 223 106 93 69 114 1 187 44 207 208 46 31
    208 113 229 104 254 244 102 116 57 11 254 28 239 10 43 204 241 34
    215 243 149 208 53 144 243 142 227 10 152 101 208 142 162 228 100
    118 72 211 182 98 239 38 96 192 50 128 90 47 194 31 247 143 92 169
    152 31 223 61 180 158 146 94 124 71 101 15 66 51 211 215 181 115 62
    183 50 142 4 242 78 195 42 87 141 33 21 124 245 216 6 51 71 106 201
    216 96 224 235 124 36 176 212 34 38 61 108 78 240 191 0 234 150 149
    93 118 131 132 85 211 218 205 154 74 177 132 60 109 75 18 149 19 161
    100 72 252 69 116 90 168 152 210 30 248 247 81 78 83 61 4 38 239 74
    65 235 126 223 53 142 152 245 171 87 185 198 0 39 98 153 108 71 159
    76 127 158 40 95 254 147 111 192 70 235 95 130 2 0 145 160 11 250
    149 199 61 63 247 151 188 196 170 246 62 137 97 202 118 216 86 101
    221 175 100 228 232 142 153 157 145 100 213 82 222 200 188 146 168
    238 2 140 97 130 11 164 224 28 131 113 90 133 125 221 171 34 178 160
    113 236 58 49 2 75 96 249 173 249 255 143 152 175 243 152 132 69 120
    56 104 180 98 71 218 194 249 81 49 54 251 50 219 81 82 65 153 223 51
    225 197 198 117 82 125 130 64 119 222 149 110 163 61 106 197 154 17
    61 189 102 129 153 4 113 92 4 179 188 178 12 83 105 213 66 206 153
    147 24 133 186 237 183 93 131 50 9 93 35 146 186 124 4 245 114 124
    27 96 225 225 104 88 129 90 225 153 132 66 96 134 112 132 37 61 39
    28 219 228 53 102 107 244 61 163 92 194 30 130 3 179 74 141 80 43 16
    220 150 250 20 139 239 243 18 83 23 167 11 74 16 94 83 121 136 162
    195 249 182 236 155 175 191 43 131 218 77 136 100 114 96 27 133 50
    25 200 216 2 230 230 162 22 9 112 45 59 31 61 194 88 16 155 165 40
    177 48 175 221 175 16 23 96 19 149 137 88 119 204 128 88 200 124 171
    166 136 223 220 124 224 171 113 104 12 178 124 75 164 144 23 169 230
    201 97 121 82 135 120 178 209 200 236 199 246 153 92 239 182 57 247
    27 194 60 186 15 167 35 112 113 246 188 129 128 225 81 38 77 17 131
    108 166 21 107 112 233 48 32 160 57 195 40 157 154 201 174 77 174
    237 30 241 255 186 205 189 78 84 54 216 225 13 64 49 138 177 43 132
    91 109 206 159 95 40 207 150 46 165 16 210 45 22 97 236 197 208 100
    26 171 190 218 198 92 51 5 7 17 187 137 205 106 168 182 210 197 227
    165 189 78 52 131 49 217 97 36 177 27 79 49 209 29 224 16 156 148
    237 9 176 61 62 170 183 61 188 247 165 16 69 10 47 253 117 106 172
    53 161 254 52 71 243 6 71 133 88 36 18 190 42 164 130 74 179 49 165
    121 189 186 78 21 26 28 181 119 162 27 4 236 150 194 251 78 117 125
    54 66 3 69 198 29 57 246 51 4 210 138 23 47 37 3 92 143 240 229 148
    250 134 106 196 255 139 96 125 169 83 142 138 233 119 65 92 45 11
    184 247 122 243 71 124 138 102 247 64 105 153 7 68 40 249 102 40 168
    30 201 225 24 99 88 250 246 125 201 236 232 150 20 135 98 101 47 121
    5 105 9 67 61 181 202 184 64 237 254 164 245 232 251 195 134 190 252
    182 186 193 150 69 77 77 17 245 69 62 7 231 145 175 248 235 38 39 83
    240 14 145 144 226 233 35 59 230 207 158 74 239 223 216 97 119 16
    236 39 162 147 177 133 99 236 230 21 51 71 189 92 167 249 198 173
    178 158 239 73 124 4 186 209 86 133 23 131 40 22 166 243 216 68 146
    172 3 208 103 138 27 172 19 160 40 64 117 170 189 10 35 72 227 223
    105 172 209 13 237 166 76 20 40 181 139 221 208 127 167 148 200 125
    212 165 41 152 71 235 230 181 137 171 8 170 122 108 200 155 209 225
    164 50 6 28 153 139 126 167 218 114 59 208 170 76 211 31 76 210 244
    199 5 38 252 65 49 242 42 139 198 81 78 118 201 115 94 16 81 54 225
    104 184 117 156 20 208 118 108 189 49 205 215 153 218 47 215 249 201
    55 126 206 136 99 82 182 71 198 8 134 76 47 105 215 203 40 238 235
    68 213 255 24 35 30 42 14 145 190 38 66 180 211 160 252 196 202 152
    201 14 19 150 167 141 13 213 127 85 77 254 170 137 186 45 162 49 28
    37 52 31 207 156 184 13 185 108 92 130 16 226 135 6 125 164 206 107
    179 178 136 238 182 49 29 105 171 195 11 100 150 131 3 87 174 137
    223 232 230 28 245 119 57 203 161 140 233 25 226 189 118 179 4 65
    152 165 254 210 13 72 140 99 8 161 35 63 72 12 211 27 30 117 240 182
    197 132 12 32 26 156 182 77 30 53 249 91 95 227 206 114 114 216 136
    235 20 124 8 2 183 144 47 53 214 114 152 179 233 222 136 59 53 16
    118 244 35 211 140 239 12 22 198 132 11 89 114 250 170 251 71 254
    158 221 83 186 56 126 148 9 84 71 6 80 37 244 239 15 109 4 144 71
    208 169 28 150 206 163 159 73 1 182 225 127 102 34 113 32 167 174 98
    93 75 7 244 177 137 2 94 32 81 139 238 162 66 208 124 117 113 98 11
    4 50 186 254 65 235 70 117 91 203 151 119 222 201 235 182 143 198
    208 174 174 87 11 202 234 150 62 157 71 32 40 103 65 35 73 199 178
    116 89 47 166 239 199 133 81 235 244 49 140 254 39 90 182 237 133
    243 198 166 20 231 239 142 34 168 20 13 96 61 110 244 185 6 244 144
    139 109 73 163 111 171 64 232 179 47 123 107 214 61 135 220 119 31
    22 206 42 212 45 235 186 197 102 66 28 37 225 225 62 226 141 8 239
    175 28 255 12 242 171 73 106 184 87 122 221 231 234 80 234 47 150
    170 225 208 154 95 23 132 219 25 61 38 83 207 220 61 57 101 175 196
    251 218 16 76 140 57 184 186 45 102 25 175 207 194 89 218 27 93 139
    76 243 36 156 124 55 170 204 64 90 83 63 123 154 134 172 63 7 173 52
    252 194 93 112 211 187 41 239 160 141 41 179 201 233 34 158 72 90
    209 10 4 184 153 248 22 124 20 37 65 17 95 248 36 166 146 136 166 81
    115 42 222 95 84 144 39 43 167 201 90 233 195 161 239 32 129 141 179
    198 125 3 32 186 115 144 153 36 52 214 233 93 20 193 217 39 225 220
    133 128 106 220 114 92 10 150 126 236 4 176 30 13 94 46 12 198 231
    32 67 248 142 116 62 73 253 247 51 51 121 45 58 120 216 137 11 84
    247 66 53 105 193 4 150 128 159 101 111 105 213 52 111 63 160 23 187
    83 88 145 14 195 203 191 226 213 20 190 129 130 89 160 70 186 42 218
    218 15 12 163 61 51 40 64 90 66 218 111 202 212 143 133 13 158 98
    231 88 196 78 247 4 9 204 129 117 102 233 122 38 60 170 242 227 38
    84 136 54 219 111 69 60 185 161 190 24 254 12 246 238 19 129 37 199
    81 64 191 48 5 29 247 172 177 45 153 1 121 240 136 87 231 13 193 26
    93 155 36 90 55 66 92 100 78 215 49 180 52 241 186 55 198 107 112 35
    48 114 158 165 251 154 232 193 246 24 105 222 238 105 201 33 221 95
    218 118 150 139 97 11 17 146 102 255 247 189 46 174 191 100 227 189
    153 183 20 159 252 156 211 71 17 245 66 0 156 238 56 244 20 148 36
    103 109 39 105 220 153 131 84 213 247 215 212 197 33 22 65 103 165
    53 40 227 222 124 41 64 251 113 138 243 30 148 80 247 254 255 220
    197 95 121 32 155 11 40 224 135 107 200 23 30 185 196 70 57 237 113
    138 240 50 58 155 73 194 114 157 101 158 87 148 179 85 65 153 129
    251 133 76 247 117 132 163 79 220 174 67 147 5 141 39 205 134 142 26
    106 243 127 18 20 38 248 228 59 193 70 176 204 106 21 138 235 16 60
    100 133 23 64 71 129 206 18 174 139 183 37 54 68 176 98 204 218 147
    161 253 174 63 134 162 64 49 227 153 250 146 5 117 138 59 63 166 24
    173 52 57 144 151 45 2 56 98 16 224 110 72 35 21 174 50 240 51 124
    134 185 72 57 53 255 213 54 78 135 112 196 113 231 48 52 142 204 240
    242 105 70 15 182 130 200 63 252 123 251 145 125 85 160 203 90 109
    184 51 63 206 201 222 78 144 201 66 191 159 193 225 176 25 167 169
    84 88 4 72 170 249 111 13 120 124 225 118 234 175 100 234 198 192
    227 166 127 174 7 155 73 114 241 230 146 16 130 247 24 117 6 143 203
    247 216 222 92 138 229 152 251 69 76 209 27 16 119 109 201 54 85 196
    177 203 6 173 184 149 188 48 229 116 84 149 64 226 30 74 76 97 66 21
    109 118 195 87 17 88 64 95 136 38 109 198 197 190 230 110 93 254 143
    251 134 28 85 74 54 190 53 14 17 69 29 173 233 169 181 18 49 73 62
    208 71 4 42 91 104 107 232 126 85 178 160 212 120 211 154 15 189 20
    109 187 165 124 3 69 72 47 216 116 172 125 173 32 93 128 196 27 174
    28 59 119 122 32 62 244 205 195 165 117 96 191 120 104 190 80 111 81
    243 120 163 142 156 178 223 71 168 251 14 68 240 28 196 239 171 97
    196 153 76 37 154 81 112 227 209 52 48 90 128 155 230 132 248 169
    208 35 105 2 223 91 70 201 193 57 212 98 187 230 119 235 23 86 83
    107 159 250 197 40 45 104 38 172 76 4 47 49 60 44 237 30 245 250 16
    66 250 47 4 155 117 134 20 239 237 58 150 160 229 69 250 211 172 192
    190 188 7 251 216 251 227 9 78 5 226 186 236 167 165 153 152 93 55 6
    11 93 78 239 156 171 230 136 36 220 119 224 144 79 118 236 223 45
    213 69 145 59 67 126 131 244 52 95 123 207 60 118 38 227 203 4 70
    250 168 225 213 230 119 68 46 184 182 138 88 201 255 90 255 230 166
    9 11 109 201 34 163 131 17 200 114 229 100 131 208 220 40 36 52 146
    137 240 226 173 105 181 45 12 62 152 102 44 32 56 243 251 40 243 35
    213 69 247 138 213 212 208 48 25 213 149 12 230 133 79 230 192 100
    78 248 141 208 33 203 21 210 161 125 43 181 201 124 30 112 161 240
    102 75 69 3 91 174 97 86 30 243 209 76 85 107 220 93 56 178 134 34
    129 13 24 193 136 24 30 93 171 221 146 62 61 181 93 40 97 93 53 244
    213 29 154 109 169 196 63 50 88 65 198 253 28 205 101 26 93 188 70
    246 153 122 23 132 35 118 198 164 195 23 77 244 6 180 74 80 177 36
    245 255 99 174 166 204 220 120 95 169 2 80 202 212 40 20 232 139 141
    34 178 235 140 65 113 251 145 19 185 117 71 102 84 182 243 129 146
    184 81 194 131 189 177 148 160 239 179 58 225 170 244 78 206 58 86
    34 123 138 201 232 163 199 75 36 26 39 150 185 237 37 193 34 198 80
    136 174 116 113 253 90 217 143 145 133 245 146 236 117 97 184 178
    234 37 153 208 131 116 254 148 6 18 147 107 118 68 54 61 99 54 155
    25 62 210 206 178 161 87 105 25 155 148 83 152 20 20 204 220 100 206
    157 203 64 78 41 124 190 183 115 97 237 76 4 155 250 142 65 213 66
    206 107 105 205 171 93 148 213 13 160 167 54 19 42 191 167 70 59 107
    8 194 82 92 128 246 208 145 13 41 132 132 36 43 163 136 247 114 97
    100 113 227 235 243 23 206 142 241 56 12 122 114 41 2 215 166 119 49
    198 28 167 154 50 100 71 223 241 86 143 123 25 209 187 131 169 169
    254 156 141 30 166 25 25 210 75 84 203 12 105 158 245 223 27 54 84
    31 214 223 237 130 177 159 146 182 39 224 175 90 12 109 4 94 189 21
    149 18 255 220 252 19 184 176 127 213 67 247 253 136 213 33 16 33 91
    164 249 183 23 109 193 107 187 131 232 78 116 162 169 49 143 18 251
    68 32 142 112 7 20 194 191 141 59 167 189 10 166 193 182 147 143 88
    23 246 240 2 45 35 215 95 40 170 25 182 195 145 184 223 77 131 18
    179 34 239 230 177 95 219 158 30 201 233 165 124 126 207 186 13 209
    155 71 38 254 8 149 20 94 244 119 97 27 147 214 147 88 21 87 141 209
    90 172 66 244 186 88 156 184 35 119 14 159 52 83 60 191 182 169 90
    174 206 240 41 44 38 127 203 111 191 251 19 126 176 146 160 78 182
    60 215 150 143 187 8 21 177 183 12 119 76 40 116 151 197 136 88 50
    20 37 235 210 141 136 146 101 168 250 56 69 109 152 35 94 100 193 91
    195 231 153 218 6 127 190 76 216 82 239 207 59 190 252 184 237 132
    162 32 244 215 120 167 189 86 237 234 29 3 186 8 117 109 107 6 194
    218 198 25 86 243 20 7 100 148 52 78 223 120 193 34 189 13 40 2 182
    155 66 116 199 71 232 104 90 234 227 168 38 16 238 85 213 13 137 231
    146 3 166 246 59 33 8 124 160 55 197 45 6 202 95 244 230 139 131 129
    165 174 23 37 150 247 242 57 80 25 244 211 94 90 109 195 254 155 160
    97 131 229 57 185 10 206 153 92 195 217 195 48 229 215 165 125 247
    203 156 51 56 63 158 151 74 228 192 35 251 146 61 81 112 132 30 167
    42 83 13 239 86 94 92 233 28 148 89 249 98 8 92 119 81 14 168 126 95
    254 239 58 215 229 86 160 47 171 226 255 110 129 53 54 141 142 106
    46 155 69 5 201 14 59 209 84 112 126 30 179 226 122 237 129 191 159
    150 121 160 234 66 206 66 195 156 11 59 151 146 106 150 116 253 68
    171 245 62 30 176 87 114 231 13 248 6 109 54 147 65 231 136 28 128
    138 169 213 108 220 124 107 239 239 105 54 255 131 94 5 133 194 37
    41 43 111 247 73 17 32 121 33 189 189 203 8 95 88 217 81 156 14 220
    134 55 245 168 7 162 225 108 98 65 24 244 252 1 59 22 164 182 54 224
    32 84 25 102 138 45 149 27 117 236 249 92 179 191 4 199 64 204 17
    154 93 155 108 235 124 108 157 27 41 178 233 174 29 37 221 198 210
    133 203 193 128 95 181 153 61 109 66 226 49 11 81 72 47 74 44 75 115
    42 143 104 252 220 53 220 78 109 249 201 148 111 244 63 46 211 7 93
    134 124 198 47 153 86 14 25 124 190 112 213 97 241 116 103 203 157
    105 112 152 158 244 32 72 76 215 134 135 248 197 209 126 80 36 1 230
    221 68 68 140 178 125 207 199 187 156 137 242 111 235 195 44 222 124
    51 225 67 160 99 177 96 5 149 128 215 162 131 59 105 204 197 58 34
    251 245 253 30 22 193 240 212 207 207 138 166 244 80 244 101 171 108
    149 204 68 159 120 248 194 226 143 190 33 24 42 13 146 131 2 226 234
    54 203 42 85 61 33 57 164 175 104 95 4 49 251 224 64 195 227 117 76
    43 97 7 171 30 16 143 105 95 53 25 198 105 139 93 13 166 133 129 121
    187 88 142 150 167 78 186 91 202 146 106 255 14 92 191 96 78 88 155
    232 85 77 186 134 83 191 117 133 49 222 9 189 227 126 16 231 86 235
    4 11 56 237 104 66 225 45 230 101 195 223 144 112 173 213 192 129
    101 41 66 151 171 14 79 94 44 40 146 165 223 237 182 181 57 160 50
    164 131 167 58 223 185 135 92 71 132 18 43 231 18 11 46 170 194 88
    173 125 121 59 221 94 254 41 74 151 174 172 162 88 66 87 169 0 48
    120 141 66 86 120 117 99 90 124 211 125 122 22 242 221 244 22 48 124
    191 187 6 80 148 136 76 111 71 232 212 59 250 58 139 9 84 13 202 36
    95 63 249 67 148 15 76 207 206 33 85 250 13 255 28 94 14 114 183 50
    45 67 251 232 3 76 12 150 41 58 138 28 81 49 124 43 145 57 136 112
    211 102 111 224 17 114 42 252 132 133 151 167 169 209 144 212 18 212
    215 65 176 43 0 120 232 39 16 65 218 39 134 208 82 159 100 68 127
    135 238 4 135 209 74 18 37 176 244 2 234 50 133 0 36 65 88 194 181
    161 0 161 20 238 143 104 225 130 189 81 77 114 200 13 15 18 63 22
    250 25 129 73 99 77 47 118 61 147 106 35 183 109 184 95 183 17 3 122
    218 211 211 244 162 195 42 68 104 30 155 53 123 182 131 146 44 61
    247 236 151 71 56 26 174 96 213 149 37 20 248 210 148 231 225 139
    247 215 97 253 179 111 197 177 80 28 171 38 179 83 181 210 125 212
    255 128 27 121 65 40 197 242 32 87 180 15 176 226 7 183 188 130 131
    139 178 196 114 76 241 118 164 189 200 244 220 9 225 47 105 138 29
    96 143 223 242 35 32 115 86 61 128 14 162 75 136 0 235 108 128 85 50
    77 124 119 38 239 236 126 21 10 245 179 232 120 184 24 193 97 144
    125 161 72 233 219 24 15 149 31 201 80 209 172 96 27 130 106 97 194
    224 221 136 132 26 203 196 113 234 100 38 56 87 63 111 254 84 55 179
    10 116 106 204 173 96 72 19 116 107 3 231 117 242 238 60 225 58 232
    171 12 225 76 54 42 248 175 130 149 219 213 30 24 7 171 200 55 94 59
    23 190 81 225 23 75 239 178 85 206 138 36 46 13 166 231 250 209 86
    53 4 26 192 101 147 224 69 190 149 233 107 131 47 141 185 105 133
    197 218 168 136 20 47 13 211 35 253 41 210 222 115 206 114 138 23 78
    178 220 182 113 20 153 5 52 147 4 156 172 138 84 124 206 254 140 228
    74 77 78 49 218 208 201 199 188 134 28 159 160 241 56 73 90 88 85
    242 238 140 167 173 164 57 156 189 89 252 37 138 30 145 215 31 110
    70 227 231 63 1 16 247 84 0 122 14 3 45 37 35 16 177 162 201 249 209
    216 255 76 7 122 127 184 17 100 143 155 160 168 100 82 169 227 93 59
    155 41 50 175 172 56 195 220 37 180 194 90 204 32 116 218 131 67 111
    123 251 226 135 50 88 72 141 1 81 2 39 241 157 170 219 140 69 225 11
    114 136 41 39 221 150 246 166 47 74 86 64 67 76 136 77 156 105 177
    167 130 176 88 145 236 142 84 252 68 193 152 231 138 61 33 131 207
    24 164 175 157 176 26 116 128 18 77 20 149 211 64 151 144 147 181
    119 16 180 68 72 147 195 86 168 11 240 70 240 94 93 140 47 161 54
    185 22 174 37 23 27 23 208 84 238 147 39 183 179 103 145 191 229 246
    112 85 77 127 3 90 11 87 43 29 112 84 89 81 166 209 253 28 189 16
    186 0 41 207 93 78 227 96 146 10 245 217 10 17 139 174 65 226 214 77
    204 233 36 115 38 119 138 58 155 158 126 103 52 197 49 107 225 25 93
    187 140 199 246 16 240 132 243 137 251 69 111 215 226 221 243 88 90
    52 220 35 229 30 65 247 185 247 158 108 214 134 77 214 124 235 42 66
    116 81 18 18 210 0 237 117 156 118 199 247 213 193 103 147 43 134
    180 221 4 226 117 180 84 39 252 248 15 231 185 249 16 192 192 251
    211 157 231 21 35 211 34 160 188 149 221 171 103 240 28 252 25 112
    27 162 134 129 13 180 76 153 202 142 109 11 128 245 221 56 182 13 49
    132 143 5 39 9 21 197 13 217 89 227 203 174 194 97 68 170 159 163
    184 192 157 72 186 223 163 35 225 120 28 73 164 79 202 183 204 55
    245 42 3 145 149 143 35 4 81 52 52</data></my_img>
<your_img type_id="opencv-matrix">
  <rows>50</rows>
  <cols>100</cols>
  <dt>u</dt>
  <data>
    219 132 121 9 248 239 84 76 246 88 86 43 131 202 85 148 80 243 237
    224 206 71 235 190 85 173 197 135 165 215 206 120 137 89 189 34 230
    196 226 202 194 171 74 5 159 166 210 14 7 165 236 24 67 228 40 240
    93 63 135 94 188 132 143 151 149 80 222 145 92 84 124 107 205 91 146
    183 233 235 229 92 18 143 144 3 196 73 125 10 54 154 28 231 117 224
    54 100 105 242 217 151 210 12 71 248 107 114 170 87 35 39 255 23 19
    228 185 122 187 96 104 78 122 144 131 218 126 90 17 116 204 209 147
    103 207 162 169 231 198 65 248 163 211 213 129 73 126 12 177 186 116
    49 9 45 110 136 17 145 228 236 47 193 130 84 68 205 25 214 173 232
    18 13 202 255 232 124 2 170 104 171 137 15 116 107 30 108 121 69 91
    221 34 191 13 171 186 215 120 207 252 6 203 194 213 41 214 192 105
    235 218 186 239 4 109 87 142 246 45 7 251 205 221 159 190 106 13 229
    101 26 150 18 69 205 10 251 101 183 206 105 148 216 74 0 65 38 180 7
    226 53 28 90 51 238 6 168 254 170 81 156 99 57 195 119 23 89 196 203
    222 38 235 140 33 9 114 215 84 208 193 67 138 112 186 14 31 76 120
    80 208 56 12 124 154 30 171 91 13 78 181 241 186 139 91 180 1 224
    197 239 180 122 127 170 126 118 61 112 32 17 145 5 151 96 1 245 87
    20 247 44 24 112 131 133 216 38 254 12 7 112 147 27 122 130 103 126
    62 239 67 94 50 229 1 95 232 112 108 164 81 125 31 65 215 251 17 167
    190 156 39 252 115 99 238 111 163 42 151 101 174 90 12 64 155 109
    226 138 184 12 124 92 210 100 185 125 213 56 152 52 65 82 66 186 103
    214 101 85 22 147 219 247 169 13 175 109 4 249 15 0 232 3 69 192 64
    92 92 233 166 209 122 67 221 163 4 108 16 142 95 176 76 250 90 182
    87 104 21 50 208 1 110 226 217 165 192 133 231 7 163 157 216 98 249
    111 51 92 252 252 112 164 165 254 171 217 242 237 66 38 174 101 68
    50 149 146 234 36 154 13 67 195 6 120 147 59 116 80 0 114 37 157 113
    249 144 250 220 160 82 77 219 216 141 162 163 90 71 5 62 61 149 160
    212 204 227 35 118 82 0 227 251 107 190 187 150 205 23 144 246 254
    103 115 96 212 237 83 252 189 244 243 148 13 111 95 112 67 148 80
    200 40 250 240 205 132 230 62 78 121 125 202 195 202 0 22 89 5 202
    188 156 215 50 30 7 52 212 189 87 120 106 45 118 235 47 144 246 55 2
    152 73 113 22 109 107 113 14 29 167 143 138 179 49 97 61 215 162 110
    37 54 220 185 213 145 238 1 223 106 93 69 114 1 187 44 207 208 46 31
    208 113 229 104 254 244 102 116 57 11 254 28 239 10 43 204 241 34
    215 243 149 208 53 144 243 142 227 10 152 101 208 142 162 228 100
    118 72 211 182 98 239 38 96 192 50 128 90 47 194 31 247 143 92 169
    152 31 223 61 180 158 146 94 124 71 101 15 66 51 211 215 181 115 62
    183 50 142 4 242 78 195 42 87 141 33 21 124 245 216 6 51 71 106 201
    216 96 224 235 124 36 176 212 34 38 61 108 78 240 191 0 234 150 149
    93 118 131 132 85 211 218 205 154 74 177 132 60 109 75 18 149 19 161
    100 72 252 69 116 90 168 152 210 30 248 247 81 78 83 61 4 38 239 74
    65 235 126 223 53 142 152 245 171 87 185 198 0 39 98 153 108 71 159
    76 127 158 40 95 254 147 111 192 70 235 95 130 2 0 145 160 11 250
    149 199 61 63 247 151 188 196 170 246 62 137 97 202 118 216 86 101
    221 175 100 228 232 142 153 157 145 100 213 82 222 200 188 146 168
    238 2 140 97 130 11 164 224 28 131 113 90 133 125 221 171 34 178 160
    113 236 58 49 2 75 96 249 173 249 255 143 152 175 243 152 132 69 120
    56 104 180 98 71 218 194 249 81 49 54 251 50 219 81 82 65 153 223 51
    225 205 210 123 87 128 132 68 120 224 147 116 167 65 112 203 156 15
    74 197 113 136 160 2 119 100 2 189 197 191 10 93 107 212 66 207 156
    153 16 132 185 237 183 95 131 51 9 96 37 149 185 126 5 244 114 125
    27 96 225 228 106 91 133 93 228 155 133 70 101 135 116 132 33 60 34
    27 212 218 52 97 100 243 58 163 92 194 30 130 3 179 74 141 80 43 16
    220 150 250 20 139 239 241 11 91 18 174 7 72 8 95 85 122 136 166 203
    250 187 241 164 185 199 46 135 224 84 138 101 117 101 23 139 59 19
    202 218 2 231 232 158 18 9 112 46 63 35 65 191 94 15 159 166 41 175
    48 174 222 174 15 22 96 21 154 139 89 122 202 126 89 196 122 168 164
    131 216 211 117 215 163 110 98 10 166 113 75 164 144 23 169 230 201
    97 121 82 135 120 178 209 200 236 199 246 159 102 239 196 58 248 21
    203 55 193 8 174 27 112 112 248 193 128 135 232 89 34 80 12 130 106
    165 17 107 109 232 51 38 163 61 195 43 156 154 202 170 81 172 235 36
    239 255 184 206 189 85 89 53 212 224 12 61 47 135 180 44 136 93 113
    205 158 96 42 202 151 51 159 12 202 44 23 93 231 181 196 92 25 171
    190 218 198 92 51 5 7 17 187 137 205 106 168 182 210 197 227 169 199
    80 52 135 49 222 96 28 181 21 79 45 212 22 224 9 157 152 244 7 181
    62 64 172 185 66 193 249 164 13 77 10 51 251 122 110 169 51 162 251
    57 76 241 8 74 133 92 39 17 189 43 165 128 73 174 46 165 121 189 188
    83 20 24 27 181 124 165 30 2 235 149 191 252 77 116 121 53 62 2 63
    183 29 57 246 51 4 210 138 23 47 37 3 92 143 240 229 148 250 134 107
    209 255 146 97 127 178 79 147 143 234 122 59 92 40 7 187 249 124 247
    77 121 140 101 248 68 102 155 7 76 49 248 101 47 172 37 202 228 22
    102 95 250 242 131 196 234 231 152 20 133 101 103 49 124 6 102 7 69
    62 185 202 188 65 235 253 166 246 235 252 194 139 186 253 175 180
    186 151 68 70 70 13 244 69 62 7 231 145 175 248 235 38 39 83 240 14
    145 144 226 233 35 59 235 218 167 70 238 225 219 102 123 9 238 35
    168 149 184 131 101 243 234 19 49 76 192 96 175 251 204 183 183 158
    241 80 130 6 189 208 89 139 22 139 42 23 165 237 209 69 143 168 2
    208 104 139 28 168 18 159 43 63 117 172 191 7 33 80 228 228 119 175
    208 10 238 166 85 20 43 174 140 215 199 123 159 148 200 125 212 165
    41 152 71 235 230 181 137 171 8 170 122 108 200 158 218 232 175 50 3
    26 153 143 125 175 221 115 51 211 174 69 211 33 72 208 246 197 5 44
    252 70 56 244 48 146 195 87 83 129 199 126 94 15 83 55 218 106 181
    119 154 19 197 114 103 183 46 200 210 152 211 46 211 246 198 54 128
    208 141 102 87 186 81 197 8 140 86 52 114 212 199 43 241 237 68 206
    254 24 35 30 42 14 145 190 38 66 180 211 160 252 196 202 152 201 14
    20 153 177 146 15 219 129 81 71 253 178 141 191 40 165 48 23 38 52
    32 202 156 183 11 184 111 97 133 15 223 144 6 132 164 202 112 180
    175 141 234 184 51 35 107 165 186 12 100 147 126 2 83 172 133 221
    231 228 27 241 121 59 206 164 144 235 26 230 194 131 181 2 73 158
    168 254 205 10 71 141 99 7 158 35 63 72 12 211 27 30 117 240 182 197
    132 12 32 26 156 182 77 31 55 250 95 100 228 212 117 119 218 141 237
    18 124 6 2 184 145 50 52 208 113 153 181 235 222 138 62 57 15 121
    246 42 204 145 235 13 19 193 141 12 94 115 244 165 244 68 251 156
    218 81 181 52 126 149 9 87 70 3 85 40 239 237 12 120 2 153 81 205
    170 28 156 204 167 163 77 2 175 218 130 98 33 113 32 167 174 98 93
    75 7 244 177 137 2 94 32 81 139 238 162 70 218 129 123 119 104 10 3
    49 195 254 58 234 58 116 85 202 151 121 221 194 234 178 145 193 204
    174 174 83 12 193 230 154 65 161 70 39 42 101 65 40 73 192 178 115
    90 45 161 234 191 130 74 232 237 45 135 250 41 89 181 235 133 239
    198 166 19 231 238 144 33 169 18 11 107 62 121 247 180 5 244 144 139
    109 73 163 111 171 64 232 179 47 123 107 214 61 135 220 119 31 22
    218 39 221 43 237 200 205 104 58 27 34 228 224 54 227 139 6 243 178
    27 254 12 247 170 74 105 183 81 122 218 228 231 77 230 52 150 168
    227 206 160 97 26 137 214 31 59 41 75 200 216 61 52 105 175 191 250
    213 15 71 143 48 185 187 41 111 21 180 205 197 100 219 22 107 149 77
    246 33 162 131 53 170 199 64 90 83 63 123 154 134 172 63 7 173 52
    252 194 93 112 211 187 42 244 174 151 40 197 212 234 33 158 68 92
    215 8 3 189 150 249 21 122 19 35 63 15 93 250 46 164 150 137 164 77
    111 50 219 96 85 146 45 50 169 196 91 228 191 164 234 36 126 135 179
    193 129 2 35 185 117 144 154 38 45 212 235 90 15 196 214 33 228 222
    138 132 116 223 124 96 8 156 130 239 5 174 30 13 94 46 12 198 231 32
    67 248 142 116 62 73 253 247 51 51 127 43 56 125 223 145 9 79 247 59
    51 109 202 3 150 125 157 98 111 101 211 51 112 65 163 23 189 77 87
    149 15 192 198 191 223 207 23 187 130 131 92 160 71 183 48 213 211
    17 12 161 66 50 45 63 86 62 216 120 203 210 149 136 10 165 103 235
    93 199 83 249 2 7 204 138 126 112 237 126 37 59 168 243 227 38 84
    136 54 219 111 69 60 185 161 190 24 254 12 246 238 19 136 36 215 81
    59 204 48 5 29 248 180 186 47 150 2 119 244 138 84 230 13 189 26 92
    155 45 90 58 66 89 94 76 207 54 181 59 235 184 61 195 109 114 41 55
    114 159 164 248 152 228 189 242 28 111 221 235 107 202 38 222 96 221
    123 157 144 102 11 15 157 113 254 248 191 47 175 192 101 224 185 157
    176 24 159 252 156 211 71 17 245 66 0 156 238 56 244 20 148 36 103
    109 37 111 232 158 139 87 219 246 219 218 210 30 21 55 100 161 49 39
    226 221 119 45 61 252 116 143 244 38 152 79 246 252 255 211 193 98
    129 38 157 15 45 216 139 109 192 26 33 179 187 70 62 235 120 144 237
    47 58 160 77 196 121 161 100 161 87 156 179 87 64 160 136 250 139 79
    249 126 137 164 73 216 172 63 147 5 141 39 205 134 142 26 106 243
    127 18 20 38 248 228 59 193 70 185 215 113 23 144 237 16 55 104 137
    22 55 57 125 206 15 175 139 180 34 52 62 170 94 201 212 146 162 252
    167 64 137 160 66 57 221 152 247 150 7 119 144 65 68 166 27 170 51
    59 150 156 46 2 57 102 18 226 122 77 39 23 177 45 238 47 133 138 187
    75 56 50 254 210 49 76 137 111 191 114 232 46 52 142 204 240 242 105
    70 15 182 130 200 63 252 123 251 145 125 85 164 213 90 113 195 49 56
    211 206 224 73 146 204 56 196 155 191 222 177 23 157 161 77 87 5 73
    166 249 116 16 124 129 218 123 227 172 106 228 192 187 221 164 131
    170 10 157 73 111 234 222 149 20 133 243 27 123 7 150 209 242 221
    222 90 144 228 157 251 69 79 210 25 13 127 120 200 53 81 191 174 202
    7 174 184 149 188 48 229 116 84 149 64 226 30 74 76 97 66 21 109 118
    204 87 21 87 57 99 132 35 111 204 204 201 230 107 87 254 138 253 133
    29 77 69 55 184 54 18 20 68 32 172 228 164 178 18 54 74 65 200 70 6
    41 87 106 107 225 128 80 172 157 207 124 209 157 19 187 25 119 188
    168 131 2 64 68 43 218 121 169 130 174 30 100 131 198 26 175 27 57
    124 127 34 64 244 205 195 165 117 96 191 120 104 190 80 111 81 243
    120 163 142 156 178 235 68 174 252 18 59 242 28 203 242 176 98 202
    149 63 32 145 71 104 224 201 53 52 89 129 156 227 131 248 165 199 40
    100 2 218 91 73 194 187 60 209 97 184 222 117 228 27 79 79 107 158
    244 193 44 45 107 44 172 80 5 45 45 56 40 237 28 244 250 16 66 250
    45 5 160 128 140 19 242 241 62 154 165 229 69 250 211 172 192 190
    188 7 251 216 251 227 9 78 5 226 186 243 174 170 157 152 96 53 6 10
    96 74 241 151 175 230 127 30 216 109 221 136 76 110 234 222 48 209
    66 139 59 65 125 135 242 55 93 126 200 59 121 37 221 198 6 70 244
    166 218 202 221 120 68 46 179 178 135 90 198 255 91 255 228 166 10
    12 112 201 29 162 136 19 200 120 232 111 138 207 221 41 39 56 154
    137 240 226 173 105 181 45 12 62 152 102 44 32 56 243 251 40 243 35
    224 65 248 143 218 214 210 48 27 216 149 13 227 122 68 225 183 91 71
    251 132 195 34 193 21 199 149 121 47 167 193 123 30 109 160 239 100
    74 71 3 86 172 97 83 31 238 198 74 84 107 216 92 53 170 131 38 132
    13 25 191 135 24 28 95 168 221 146 61 60 180 96 39 109 101 53 248
    213 31 160 120 176 196 63 50 88 65 198 253 28 205 101 26 93 188 70
    246 153 122 23 132 36 115 204 164 202 26 80 243 7 183 76 79 176 36
    246 255 93 161 154 197 215 110 91 161 3 77 198 207 46 22 231 138 140
    34 181 232 138 69 115 251 141 18 181 116 70 101 77 172 237 127 143
    179 76 187 128 179 169 147 157 237 172 55 225 165 244 79 205 57 87
    34 121 140 203 237 168 201 69 38 27 43 159 185 237 37 193 34 198 80
    136 174 116 113 253 90 217 143 145 133 245 151 242 117 105 186 181
    235 41 151 207 129 114 254 143 8 22 136 98 109 65 53 57 92 53 149 25
    59 207 201 174 153 81 102 21 152 149 84 150 18 20 201 216 101 198
    151 198 65 74 40 125 183 178 114 94 234 75 3 155 244 145 59 218 59
    207 102 102 202 167 95 152 213 16 160 170 55 19 42 191 172 69 63 119
    8 194 82 92 128 246 208 145 13 41 132 132 36 43 163 136 247 114 105
    107 114 231 238 243 28 204 143 241 57 17 117 107 46 2 210 151 111 53
    191 32 159 145 50 95 71 225 243 83 137 123 21 210 187 136 167 165
    253 152 137 28 162 26 25 204 73 77 193 11 98 150 241 219 26 48 80 31
    214 221 237 126 169 159 145 174 36 225 169 87 16 104 5 95 186 23 146
    19 254 218 252 21 184 176 127 213 67 247 253 136 213 33 16 33 91 164
    249 183 23 109 196 114 186 139 235 87 115 161 170 54 141 21 253 64
    35 128 101 9 23 189 185 133 57 158 185 10 159 185 177 138 136 81 19
    246 241 2 42 31 215 84 36 164 21 176 187 141 181 216 74 129 15 170
    28 235 222 168 91 219 154 26 195 235 161 114 119 205 176 15 208 152
    60 35 252 10 149 19 80 242 119 100 27 152 214 147 88 21 87 141 209
    90 172 66 244 186 88 156 184 35 119 14 160 56 91 69 187 178 167 98
    175 207 241 47 49 44 119 203 103 187 253 23 121 176 136 152 77 181
    56 214 143 137 184 7 18 177 183 9 122 74 35 109 144 195 133 84 47 19
    36 227 201 138 131 141 97 166 247 49 73 112 151 30 90 92 189 85 191
    231 150 219 6 124 187 64 218 77 241 203 52 184 251 186 235 137 162
    32 244 215 120 167 189 86 237 234 29 3 186 8 117 109 107 6 191 224
    199 28 96 243 24 8 104 146 54 83 226 114 191 35 183 19 44 2 178 145
    65 109 199 73 231 96 86 232 227 165 34 12 235 81 210 10 130 228 137
    2 162 242 56 33 8 117 151 53 187 41 6 193 85 239 228 133 129 127 165
    170 21 33 146 246 243 47 68 24 244 215 90 87 106 192 252 149 154 96
    130 224 57 185 10 206 153 92 195 217 195 48 229 215 165 125 247 203
    156 51 56 65 162 155 84 234 188 37 250 145 63 85 113 124 32 152 43
    81 20 237 89 96 94 230 29 140 89 249 97 9 92 122 81 11 168 126 93
    253 239 53 212 226 81 152 40 172 221 255 105 127 48 49 132 133 98 40
    149 71 5 196 13 54 209 77 105 116 28 177 230 120 241 125 189 160 151
    116 159 231 60 207 63 193 156 11 59 151 146 106 150 116 253 68 171
    245 62 30 176 87 114 231 17 248 6 114 54 145 63 231 132 26 119 133
    166 213 102 216 114 99 238 237 103 54 255 126 94 8 132 192 35 43 44
    110 247 75 12 29 122 30 185 185 201 8 86 83 210 77 151 12 211 130 52
    239 167 7 157 221 109 101 70 22 241 251 2 59 21 160 176 51 225 32 77
    27 99 138 42 145 26 106 235 250 90 177 191 4 199 64 204 17 154 93
    155 108 235 124 108 157 27 41 178 233 172 32 41 228 193 210 129 205
    191 120 92 181 149 62 104 63 221 46 10 79 74 45 74 42 77 120 34 138
    107 253 215 50 216 80 107 248 197 141 105 242 60 38 205 7 85 129 119
    189 43 143 81 13 22 116 179 107 206 96 237 113 99 202 155 100 107
    147 153 244 30 69 74 219 129 135 246 191 210 114 71 35 2 226 221 68
    68 140 178 125 207 199 187 156 137 242 111 235 195 44 222 124 53 230
    71 157 105 174 97 5 145 119 215 155 127 57 100 198 188 54 34 253 246
    254 31 22 189 239 207 201 202 137 162 244 81 243 98 172 110 145 204
    68 155 120 248 189 221 140 187 34 24 38 12 138 126 2 221 234 54 198
    40 83 59 32 55 167 172 101 90 3 49 251 227 60 192 227 107 66 36 85 8
    169 27 16 143 105 95 53 25 198 105 139 93 13 166 133 129 121 187 88
    142 150 168 86 184 96 204 145 110 255 16 92 191 96 79 87 146 230 81
    73 178 124 83 186 111 126 45 218 9 181 230 129 17 231 87 232 3 10 52
    235 99 61 222 37 227 96 193 221 141 107 169 204 186 121 90 33 61 147
    168 15 80 92 42 38 147 168 224 237 178 180 55 162 53 166 127 166 51
    222 183 125 83 68 129 17 43 231 18 11 46 170 194 88 173 125 121 59
    221 94 254 41 74 151 174 172 162 88 66 87 169 0 48 120 141 66 86 120
    117 99 90 124 211 125 122 22 242 221 244 22 48 124 191 187 6 80 148
    136 76 111 71 232 212 59 250 58 139 9 84 13 202 36 95 63 249 67 148
    15 76 207 206 33 85 250 13 255 28 94 14 114 183 50 45 67 251 232 3
    76 12 150 41 58 138 28 81 49 124 43 145 57 136 112 211 102 111 224
    17 114 42 252 132 133 151 167 169 209 144 212 18 212 215 65 176 43 0
    120 232 39 16 65 218 39 134 208 82 159 100 68 127 135 238 4 135 209
    74 18 37 176 244 2 234 50 133 0 36 65 88 194 181 161 0 161 20 238
    143 104 225 130 189 81 77 114 200 13 15 18 63 22 250 25 129 73 99 77
    47 118 61 147 106 35 183 109 184 95 183 17 3 122 218 211 211 244 162
    195 42 68 104 30 155 53 123 182 131 146 44 61 247 236 151 71 56 26
    174 96 213 149 37 20 248 210 148 231 225 139 247 215 97 253 179 111
    197 177 80 28 171 38 179 83 181 210 125 212 255 128 27 121 65 40 197
    242 32 87 180 15 176 226 7 183 188 130 131 139 178 196 114 76 241
    118 164 189 200 244 220 9 225 47 105 138 29 96 143 223 242 35 32 115
    86 61 128 14 162 75 136 0 235 108 128 85 50 77 124 119 38 239 236
    126 21 10 245 179 232 120 184 24 193 97 144 125 161 72 233 219 24 15
    149 31 201 80 209 172 96 27 130 106 97 194 224 221 136 132 26 203
    196 113 234 100 38 56 87 63 111 254 84 55 179 10 116 106 204 173 96
    72 19 116 107 3 231 117 242 238 60 225 58 232 171 12 225 76 54 42
    248 175 130 149 219 213 30 24 7 171 200 55 94 59 23 190 81 225 23 75
    239 178 85 206 138 36 46 13 166 231 250 209 86 53 4 26 192 101 147
    224 69 190 149 233 107 131 47 141 185 105 133 197 218 168 136 20 47
    13 211 35 253 41 210 222 115 206 114 138 23 78 178 220 182 113 20
    153 5 52 147 4 156 172 138 84 124 206 254 140 228 74 77 78 49 218
    208 201 199 188 134 28 159 160 241 56 73 90 88 85 242 238 140 167
    173 164 57 156 189 89 252 37 138 30 145 215 31 110 70 227 231 63 1
    16 247 84 0 122 14 3 45 37 35 16 177 162 201 249 209 216 255 76 7
    122 127 184 17 100 143 155 160 168 100 82 169 227 93 59 155 41 50
    175 172 56 195 220 37 180 194 90 204 32 116 218 131 67 111 123 251
    226 135 50 88 72 141 1 81 2 39 241 157 170 219 140 69 225 11 114 136
    41 39 221 150 246 166 47 74 86 64 67 76 136 77 156 105 177 167 130
    176 88 145 236 142 84 252 68 193 152 231 138 61 33 131 207 24 164
    175 157 176 26 116 128 18 77 20 149 211 64 151 144 147 181 119 16
    180 68 72 147 195 86 168 11 240 70 240 94 93 140 47 161 54 185 22
    174 37 23 27 23 208 84 238 147 39 183 179 103 145 191 229 246 112 85
    77 127 3 90 11 87 43 29 112 84 89 81 166 209 253 28 189 16 186 0 41
    207 93 78 227 96 146 10 245 217 10 17 139 174 65 226 214 77 204 233
    36 115 38 119 138 58 155 158 126 103 52 197 49 107 225 25 93 187 140
    199 246 16 240 132 243 137 251 69 111 215 226 221 243 88 90 52 220
    35 229 30 65 247 185 247 158 108 214 134 77 214 124 235 42 66 116 81
    18 18 210 0 237 117 156 118 199 247 213 193 103 147 43 134 180 221 4
    226 117 180 84 39 252 248 15 231 185 249 16 192 192 251 211 157 231
    21 35 211 34 160 188 149 221 171 103 240 28 252 25 112 27 162 134
    129 13 180 76 153 202 142 109 11 128 245 221 56 182 13 49 132 143 5
    39 9 21 197 13 217 89 227 203 174 194 97 68 170 159 163 184 192 157
    72 186 223 163 35 225 120 28 73 164 79 202 183 204 55 245 42 3 145
    149 143 35 4 81 52 52</data></your_img>
</opencv_storage>
