<?xml version="1.0"?>
<opencv_storage>
<L2_diff>2.6776668948918945e+02</L2_diff>
<r>9</r>
<test_img type_id="opencv-matrix">
  <rows>50</rows>
  <cols>100</cols>
  <dt>u</dt>
  <data>
    101 104 27 158 166 118 189 29 136 135 116 10 99 203 69 176 226 180
    225 223 58 185 81 38 168 192 50 184 240 38 253 32 195 27 161 247 102
    231 1 215 83 223 202 212 15 231 53 242 46 12 128 129 155 116 232 13
    120 155 229 199 60 29 28 42 203 69 3 152 118 228 232 49 214 93 229
    31 78 101 79 138 188 55 103 184 135 10 249 123 2 69 215 56 135 108
    206 219 23 16 96 30 223 235 200 104 177 8 102 252 101 96 132 82 31
    42 15 240 24 78 135 243 88 118 46 55 155 7 100 107 124 233 128 29 96
    145 251 254 19 254 71 34 33 29 1 20 104 33 172 122 75 142 162 103 28
    176 202 12 10 216 104 189 211 211 129 216 155 86 150 234 248 179 117
    151 87 169 181 220 78 201 221 102 48 169 187 185 68 127 82 90 152 13
    72 84 121 152 16 24 60 107 30 107 114 109 194 141 67 90 217 128 85
    227 89 190 25 55 74 249 247 7 242 239 187 115 15 40 106 183 14 22
    143 11 112 135 108 120 109 20 99 140 194 231 94 224 15 210 53 248 66
    128 154 149 88 33 146 8 151 12 85 222 122 146 169 252 231 87 228 133
    103 153 197 231 44 47 58 130 159 171 24 179 156 205 190 75 182 154 7
    38 142 5 94 25 2 234 164 108 105 71 7 164 105 14 24 237 135 213 105
    115 225 142 216 169 87 178 0 243 208 116 27 147 19 216 19 136 147
    207 169 32 152 223 9 243 115 27 239 181 141 73 239 167 84 21 234 122
    100 181 233 149 186 245 19 55 128 13 244 24 69 0 170 226 124 76 236
    153 161 192 31 51 22 208 157 59 16 14 160 18 28 97 112 207 79 73 229
    167 17 165 231 149 16 183 224 41 137 220 223 167 50 168 90 71 162 86
    174 79 47 134 95 15 126 9 117 101 94 113 40 174 235 71 240 201 85
    253 233 210 63 138 217 45 15 170 253 196 201 137 211 88 59 160 9 166
    53 255 254 33 230 230 180 183 31 105 237 229 123 212 178 99 5 202 99
    94 158 192 238 54 244 170 58 76 35 238 183 81 232 139 207 30 163 153
    140 244 229 185 229 193 253 147 92 238 132 45 34 92 133 135 144 203
    88 166 32 99 11 242 168 116 246 225 8 125 204 130 101 174 109 144
    255 90 107 80 198 46 49 161 107 79 184 241 244 9 142 135 87 38 216
    246 112 78 33 118 53 228 144 59 245 236 129 79 89 29 196 59 195 29 3
    235 110 91 147 215 208 81 20 92 93 195 170 231 131 20 102 155 6 64
    207 96 89 48 6 22 245 12 184 188 115 179 217 41 89 130 52 27 22 197
    241 210 148 207 116 167 208 201 208 248 191 241 197 66 156 45 129
    159 213 102 211 201 0 6 30 228 185 0 53 195 174 35 22 98 16 93 199
    121 150 142 212 160 48 221 114 88 137 240 203 106 29 141 120 73 168
    188 250 182 91 80 87 145 207 137 81 17 166 1 92 52 193 137 224 232 8
    29 80 255 28 105 38 187 181 194 158 31 193 38 134 153 119 199 98 128
    153 200 39 42 48 124 71 26 78 100 130 228 28 215 143 178 193 32 73
    135 104 121 44 69 33 77 120 10 156 252 185 36 120 84 127 176 97 249
    200 79 60 78 80 216 65 181 134 47 199 146 29 88 231 244 249 245 148
    93 196 167 180 240 206 211 234 199 38 140 49 56 206 40 89 106 192 43
    115 115 29 170 203 55 134 4 213 85 189 28 39 222 100 211 98 75 81
    211 164 230 111 251 49 130 215 135 41 178 165 27 81 57 48 60 59 237
    202 173 251 179 141 7 204 182 111 51 31 45 149 217 175 181 200 132
    111 41 41 223 27 220 181 221 168 43 69 40 82 191 236 167 25 42 119
    201 139 61 237 42 123 123 163 252 106 216 8 204 187 95 28 75 18 37 1
    101 124 126 165 59 29 3 215 246 119 109 148 224 18 181 199 83 41 110
    8 90 147 94 67 236 93 0 176 77 60 190 2 45 17 95 198 13 11 23 88 73
    172 188 106 79 24 98 149 182 180 45 176 151 117 81 232 94 227 168
    118 131 171 240 215 217 89 8 18 102 11 224 20 15 114 191 36 215 119
    133 38 57 99 26 8 18 193 200 77 116 18 203 167 16 82 11 76 100 170
    211 173 156 31 131 189 127 167 76 172 43 155 203 87 119 156 159 169
    10 29 42 120 222 159 210 116 168 165 53 224 118 104 201 118 8 51 185
    101 8 157 32 90 174 211 156 233 208 119 52 197 41 227 27 221 224 98
    66 202 55 64 94 190 133 43 47 188 63 147 1 222 8 104 254 66 60 167
    107 49 167 199 155 24 37 232 80 78 183 97 231 105 63 91 206 61 9 77
    140 26 113 179 107 52 215 50 39 109 4 114 239 105 72 0 71 21 45 12
    84 130 188 237 178 67 62 174 146 246 243 225 4 142 199 242 121 97
    207 85 87 8 0 173 15 30 217 109 154 215 142 214 16 130 96 72 166 197
    16 120 60 84 32 231 100 120 8 215 225 235 159 13 178 172 91 53 23
    225 97 134 102 181 69 250 29 160 73 178 215 247 159 225 154 75 228
    159 196 87 216 45 240 249 172 136 96 130 238 105 82 161 229 249 46
    76 66 26 68 24 179 235 238 248 147 105 16 159 45 16 10 228 156 81
    248 249 118 186 200 221 124 94 99 111 174 3 1 255 224 70 76 62 56
    132 203 86 185 35 70 30 250 149 63 165 88 251 92 65 78 93 187 61 181
    17 251 163 115 123 15 111 223 30 169 187 20 241 30 200 232 115 86 50
    165 197 90 110 123 190 101 22 78 68 235 171 71 241 132 39 90 93 175
    195 66 6 108 197 223 26 164 180 188 209 31 233 165 153 201 213 165
    91 246 217 156 159 251 253 211 48 78 117 12 39 39 52 101 245 85 219
    149 124 175 61 142 17 101 27 74 224 127 69 94 18 130 39 79 40 182
    176 44 234 116 242 245 97 80 155 255 221 109 133 186 156 129 243 251
    133 213 229 188 39 14 154 154 3 15 68 152 141 68 31 116 181 214 21
    171 25 109 8 192 137 114 147 121 104 42 252 102 87 209 188 47 97 155
    155 18 134 81 84 74 64 91 215 116 251 102 135 149 103 165 47 37 245
    124 44 238 234 253 105 190 72 123 225 128 139 124 217 10 54 247 215
    82 123 234 216 241 124 116 193 129 241 133 164 150 17 248 91 110 48
    242 201 246 132 113 96 65 243 56 119 152 125 208 224 186 96 187 4 56
    89 129 125 214 213 236 37 45 126 80 123 222 39 202 187 107 235 134
    218 51 233 190 3 205 164 25 153 90 150 208 15 181 109 231 12 45 68
    88 103 251 116 102 151 141 187 57 223 158 152 76 94 110 67 92 197
    122 185 49 231 37 172 19 215 206 114 163 23 221 117 10 195 56 67 76
    218 101 181 227 140 73 19 150 223 31 118 232 196 83 89 52 137 15 138
    245 188 21 225 184 92 24 145 171 145 91 2 162 88 177 142 228 102 91
    234 157 83 215 60 248 141 164 52 56 29 92 28 149 62 186 94 196 82
    165 147 195 232 142 77 154 55 194 10 174 95 50 177 158 214 56 141
    207 40 238 11 159 172 248 172 248 230 42 123 7 169 194 37 60 94 33
    153 154 207 32 88 194 231 244 252 220 174 100 229 61 203 253 2 78
    221 247 61 141 105 92 79 222 28 56 164 94 39 242 148 250 232 15 214
    30 63 173 153 153 123 35 104 54 225 219 1 222 214 244 59 173 182 23
    249 91 18 73 173 185 142 229 164 8 208 185 54 221 110 148 144 16 90
    32 162 124 76 59 14 199 108 160 12 248 44 27 35 110 51 186 62 33 145
    70 207 51 88 212 78 36 218 243 23 155 171 47 24 168 206 152 219 228
    53 175 94 170 174 189 108 153 190 155 161 238 74 228 19 202 219 45
    173 91 201 201 89 194 92 20 232 9 92 122 11 2 68 163 3 203 206 76
    255 101 165 116 60 242 35 241 251 198 245 127 155 94 40 21 207 106
    100 92 219 145 175 86 123 139 192 174 216 143 202 24 141 242 39 157
    76 95 25 247 145 185 241 34 211 21 129 234 4 70 75 253 201 101 103
    255 50 88 125 176 208 47 250 121 177 110 152 115 254 87 154 162 99
    244 168 49 0 157 38 241 138 26 97 45 72 133 221 116 250 90 235 243
    155 196 57 144 121 4 247 111 52 164 3 196 120 139 3 70 125 234 174
    107 244 68 43 234 101 42 211 161 252 156 147 37 125 56 106 236 211
    217 49 115 145 139 93 175 132 87 4 71 58 130 141 135 151 78 7 134 82
    29 73 50 253 30 88 102 188 84 115 252 164 184 200 211 138 222 104 42
    152 242 124 119 189 89 58 25 95 57 93 46 196 192 171 27 29 30 115
    253 216 160 28 7 254 22 64 36 138 158 204 242 117 159 106 116 113
    209 17 73 43 255 99 50 59 243 5 94 154 170 173 45 124 67 213 120 134
    35 61 25 215 185 70 164 159 225 3 225 51 126 213 119 146 32 229 142
    220 57 174 24 209 175 227 62 164 149 64 86 23 105 188 72 32 236 76
    44 144 33 186 220 112 124 165 135 22 36 49 65 157 209 211 65 104 166
    48 105 184 55 174 223 15 130 163 120 249 9 72 84 162 243 238 71 83
    210 37 110 229 155 254 93 158 143 102 194 55 163 147 4 186 34 239
    116 124 113 251 203 146 0 158 179 111 147 32 120 67 57 200 200 239
    114 241 185 194 152 101 54 71 239 24 166 206 177 186 0 62 228 208 44
    230 238 99 196 214 188 89 23 93 146 163 36 176 101 133 227 23 145 96
    35 66 32 44 147 150 23 191 210 231 29 55 206 110 205 237 78 156 4
    198 241 41 108 114 148 85 198 214 76 177 56 245 197 161 192 146 70
    36 92 207 161 111 41 7 84 58 125 135 100 173 16 122 165 78 179 70
    191 66 100 195 32 174 74 33 45 175 154 197 179 213 36 94 53 89 192
    170 148 249 88 181 152 153 254 238 197 224 154 135 155 200 53 65 97
    100 82 98 151 174 36 159 116 96 116 5 67 145 183 238 206 172 31 253
    75 90 63 33 15 228 78 162 131 80 53 161 65 107 217 63 6 228 74 140
    88 169 127 156 10 239 44 240 103 160 106 221 145 24 114 12 245 38 90
    246 67 225 242 118 217 10 251 216 125 21 192 229 29 26 252 117 27 52
    224 125 10 234 246 11 190 95 173 182 138 96 40 218 122 83 4 70 160
    146 6 247 69 33 59 138 236 131 179 59 123 237 38 94 225 135 133 142
    218 87 111 248 37 98 45 28 17 133 190 150 208 182 104 227 60 120 39
    112 49 166 83 56 127 114 90 87 86 145 175 207 84 47 239 106 161 214
    182 123 95 213 117 187 125 212 118 230 27 53 92 13 79 178 68 71 101
    38 9 208 40 193 43 58 126 99 252 67 81 103 192 6 246 177 84 210 168
    37 55 26 45 145 5 42 244 252 218 54 204 9 44 157 33 0 232 105 108 88
    165 115 105 49 238 62 49 89 101 227 190 195 136 187 189 155 78 79 56
    25 170 160 22 110 21 208 78 95 159 109 120 43 15 184 165 163 60 107
    127 120 190 115 231 29 72 69 104 173 119 44 149 2 131 180 118 171
    231 220 47 241 112 105 106 185 118 132 96 193 172 205 213 125 155
    238 188 145 153 138 210 27 1 178 204 98 226 48 15 230 221 17 236 51
    187 215 155 174 203 74 226 135 210 161 10 139 235 101 113 81 90 150
    129 76 170 178 84 153 200 51 109 176 14 98 50 50 215 183 106 206 53
    144 217 11 73 159 121 54 174 38 206 31 28 28 168 64 154 130 43 179
    161 133 205 101 213 254 17 253 188 161 99 73 140 29 28 72 16 252 36
    221 16 32 201 190 119 6 164 117 4 90 51 159 76 23 225 140 102 119
    226 130 115 12 188 107 135 193 97 229 74 157 90 148 43 66 3 26 192
    186 40 199 119 36 73 150 162 54 95 42 204 217 114 109 184 32 1 19
    201 203 28 229 45 125 211 6 230 234 234 81 240 176 60 177 111 149 75
    191 63 113 237 173 213 95 19 62 192 51 229 128 31 105 105 164 157 12
    100 147 132 8 219 68 5 204 66 236 252 35 130 95 84 17 31 239 30 226
    51 91 29 189 187 61 61 114 11 254 171 53 128 202 114 55 50 81 87 152
    211 112 226 88 83 80 33 202 167 155 251 73 188 251 32 11 173 153 165
    139 12 157 67 243 30 199 190 115 16 29 188 72 64 204 195 173 22 249
    234 11 35 241 107 154 27 137 163 17 246 153 204 105 128 240 44 134
    110 76 219 52 64 72 78 192 245 26 1 196 57 64 62 202 113 39 93 189
    49 159 209 92 79 76 112 13 205 149 88 157 196 62 223 233 114 6 207
    98 173 131 108 212 45 17 141 162 52 203 55 135 70 244 47 219 161 36
    176 139 135 107 55 99 38 162 109 20 173 72 141 73 185 1 2 17 219 176
    152 92 76 193 190 104 178 201 178 103 173 113 92 169 68 56 180 83 13
    252 195 83 192 47 127 0 80 183 233 69 224 110 48 186 229 173 176 141
    78 95 14 52 206 32 3 37 13 194 251 124 96 205 247 186 11 252 236 37
    180 115 189 132 49 25 56 113 250 84 182 73 199 96 76 235 123 159 220
    154 98 12 188 169 136 116 108 236 64 88 93 63 140 205 201 47 115 73
    69 91 196 171 192 5 44 58 177 57 194 92 211 192 221 158 208 64 27 44
    245 32 95 80 33 91 134 140 184 96 140 37 230 226 111 86 193 24 33
    112 82 101 46 145 181 126 232 104 207 214 104 21 163 165 214 43 140
    94 80 120 182 160 170 214 6 79 70 176 246 218 242 37 170 113 163 67
    53 216 249 166 146 6 1 243 60 25 110 147 249 89 120 151 78 248 188
    96 109 245 123 25 188 193 98 74 119 170 193 254 104 196 231 91 107
    149 164 68 11 127 170 26 61 167 15 40 187 228 39 248 170 85 225 183
    11 46 104 8 3 224 228 76 157 234 117 148 55 164 137 133 226 172 97
    179 114 142 200 196 94 176 236 106 39 65 104 235 254 100 141 187 196
    116 93 208 217 197 233 153 52 198 25 29 198 109 180 214 88 8 114 25
    63 79 138 53 116 58 58 53 13 99 88 143 14 124 146 243 181 96 37 204
    135 253 152 126 35 222 52 14 154 196 88 13 184 247 43 121 167 33 189
    255 50 126 0 167 9 207 30 45 86 101 109 250 246 59 97 130 149 117 94
    182 71 177 66 109 123 11 123 40 58 173 119 143 84 107 49 219 12 35
    59 1 104 40 95 255 11 100 33 121 201 147 86 227 217 215 117 232 230
    130 238 217 5 199 245 167 3 186 32 65 98 28 211 132 71 214 126 255
    155 58 24 12 178 93 131 99 95 246 229 58 78 67 35 69 25 39 183 175
    154 121 120 203 241 61 6 81 149 181 208 15 182 210 156 170 127 183
    188 137 175 114 8 50 84 20 80 127 209 217 45 130 209 110 234 94 210
    205 174 153 248 219 36 13 141 228 144 187 194 106 125 63 53 0 208
    230 235 184 208 22 221 192 81 165 247 216 73 183 143 32 227 4 219
    126 100 67 226 226 157 227 133 77 224 249 230 197 49 73 244 214 98
    145 208 24 3 116 238 39 227 226 250 82 98 137 32 40 120 219 251 53
    79 111 39 235 143 64 96 144 24 64 243 43 6 199 50 91 49 160 11 40
    127 250 229 75 128 19 241 186 160 216 14 158 202 42 2 239 140 78 157
    253 235 124 190 153 26 242 131 7 100 29 68 171 210 128 236 42 178
    162 208 236 142 238 126 146 30 252 204 249 47 176 242 176 41 125 106
    153 118 169 61 93 107 102 192 21 152 51 223 119 235 145 43 7 119 124
    52 38 129 221 107 186 79 216 170 158 85 167 138 188 76 51 232 27 35
    102 113 217 0 97 154 126 249 123 102 87 171 9 254 64 208 109 127 37
    39 235 167 131 197 255 116 223 193 113 161 66 143 192 123 216 75 184
    26 124 173 176 178 2 226 106 57 192 0 89 207 246 9 178 235 116 21
    106 155 46 136 139 164 208 91 36 13 12 240 172 74 114 126 72 139 114
    12 51 80 172 73 237 230 93 180 219 215 188 15 39 192 166 154 50 109
    174 167 247 110 80 230 58 89 113 83 169 220 139 28 56 113 77 138 106
    163 69 146 98 164 29 18 221 255 175 29 47 169 198 89 128 162 138 156
    132 135 208 14 66 103 214 9 233 60 234 179 179 159 149 91 63 237 30
    212 108 65 69 2 186 205 71 102 145 158 86 150 51 39 146 63 21 100 52
    160 91 91 144 187 97 46 183 101 97 156 216 231 38 67 113 169 250 144
    145 162 62 5 150 38 150 115 202 125 201 104 240 27 80 24 92 11 156
    179 199 165 180 95 170 18 79 219 184 43 243 201 146 196 90 196 7 183
    83 89 1 104 46 110 130 170 230 38 225 43 201 9 201 208 235 23 167 49
    232 67 18 228 144 137 55 159 35 58 248 233 229 7 48 243 222 68 43
    191 57 73 199 33 141 39 130 89 142 126 213 72 133 27 6 116 131 93 61
    201 42 245 78 243 47 24 96 210 230 218 156 200 115 173 98 249 195
    223 196 192 105 126 11 149 230 254 26 211 239 240 194 202 149 66 81
    238 164 70 54 59 27 233 229 118 193 201 48 77 240 174 184 243 177 5
    200 200 31 238 233 252 160 198 141 188 88 224 250 7 178 211 14 129
    29 30 253 86 202 181 209 70 2 247 142 158 49 29 70 121 186 216 215
    26 184 88 158 128 165 94 206 113 30 192 253 223 172 52 243 166 239
    218 103 2 206 235 110 76 161 20 141 123 151 114 58 184 102 34 145
    191 166 6 185 149 163 124 106 147 68 56 169 21 163 39 14 145 230 224
    255 225 251 91 59 125 20 128 208 126 242 63 9 244 230 119 158 195
    158 3 206 42 1 50 6 9 206 131 85 47 129 12 194 243 20 240 15 202 243
    115 195 111 42 249 55 168 78 254 65 165 71 249 61 194 78 11 140 78
    239 188 101 78 36 236 5 187 205 29 111 225 148 124 172 105 54 144
    241 183 32 199 247 205 144 182 238 144 48 218 23 47 141 57 170 206
    247 138 69 214 62 6 166 134 14 165 240 223 139 9 63 128 47 179 132
    61 54 255 103 213 38 163 179 231 223 167 103 74 156 48 136 54 4 17
    169 42 220 165 12 81 48 231 36 41 5 234 64 148 40 3 42 124 153 47
    120 47 105 120 40 188 39 126 4 136 236 205 4 151 40 87 204 146 168
    235 249 134 19 122 151 56 194 165 176 191 2 65 159 190 73 231 188
    177 196 189 162 90 247 55 85 185 153 205 165 151 221 164 91 143 71
    19 199 71 128 124 184 219 111 253 116 214 89 243 245 89 192 91 148
    139 147 95 195 190 34 221 30 118 204 73 19 161 124 235 9 252 101 184
    42 94 5 71 61 96 198 104 103 34 217 218 155 75 188 41 124 110 245 9
    147 3 77 198 6 55 57 218 93 45 73 193 113 50 231 238 37 107 199 90
    162 158 255 199 82 130 58 252 40 244 205 190 202 35 230 227 235 70
    145 30 168 6 238 88 216 136 219 6 222 123 227 109 235 15 18 214 171
    21 65 86 93 122 151 86 3 39 196 126 111 222 116 164 113 6 212 94 72
    227 14 96 235 153 38 141 47 25 3 87 13 129 77 220 84 157 130 66 154
    66 63 9 78 40 159 167 182 79 247 156 43 47 210 85 125 235 62 126 129
    103 130 162 126 36 74 178 39 184 154 75 25 63 191 143 179 188 86 155
    203 116 206 255 44 142 210 209 162 233 23 52 13 180 158 130 225 31
    139 147 205 87 204 223 53 4 118 134 255 7 77 30 26 140 62 123 113
    167 103 200 53 89 31 14 82 4 26 187 205 190 143 236 250 66 73 22 128
    31 175 196 137 56 34 62 14 138 164 9 199 87 131 199 188 43 102 1 227
    12 164 53 236 156 156 158 211 153 229 52 42 153 48 184 160 191 194
    145 216 11 179 220 100 191 19 148 211 62 105 59 205 216 236 114 193
    105 39 65 80 171 96 55 123 241 228 115 250 91 76 219 224 193 117 91
    124 120 91 167 6 98 95 8 54 51 102 200 200 91 52 76 26 142 22 82 76
    50 33 96 240 135 13 232 117 21 97 157 93 166 232 49 51 123 236 140
    184 69 212 222 64 221 48 188 124 52 77 138 3 240 81 3 120 146 222 79
    166 83 22 128 12 219 133 86 141 138 25 41 32 9 46 128 168 166 14 54
    82 208 169 6 44 109 203 214 229 111 116 147 221 46 119 251 187 154
    39 25 82 21 65 124 148 35 92 205 133 112 69 65 201 239 24 183 50 135
    118 197 55 28 197 243 174 22 161 184 242 123 69 147 127 50 61 67 28
    221 251 78 22 102 112 71 153 11 224 253 43 50 42 231 68 126 209 79
    19 88 233 244 127 127 64 48 117 201 146 41 160 139 57 126 158 210
    238 179 109 84 16 194 173 92 152 242 164 100 141 136 137 5 13 147
    121 251 199 96 47 164 111 199 27 73 69 68 189 212 4 93 171 108 44 53
    242 21 11 2 59 165 9 104 21 132 198 158 130 98 227 54 80 191 239 219
    191 71 67 24 226 96 167 124 71 94 38 120 11 39 79 252 175 178 104 47
    192 206 236 204 181 125 109 164 234 13 39 210 122 209 240 11 41 59
    58 33 107 106 210 35 173 44 237 189 125 91 218 220 1 180 216 101 217
    162 124 226 150 109 2 186 233 27 4 88 211 154 171 81 88 107 218 100
    64 176 229 97 66 51 174 103 184 70 205 86 211 88 48 210 217 107 86
    128 189 2 79 253 199 177 27 180 222 41 113 60 100 233 229 43 179 97
    117 42 167 162 252 170 123 41 10 89 178 67 132 107 22 95 126 200 149
    249 97 210 153 111 111 161 67 136 44 225 155 40 120 17 34 108 229 38
    255 25 22 219 56 131 99 174 145 112 221 170 189 13 249 35 8 116 62
    215 212 205 41 0 84 210 32 4 8 61 115 253 189 75 19 64 235 112 84
    168 23 217 238 234 48 219 44 227 217 173 37 141 190 105 102 242 183
    14 134 177 145 147 5 153 151 169 29 151 109 79 74 248 79 104 251 37
    96 23 95 217 93 254 53 41 198 215 38 1 98 130 166 34 221 231 40 198
    82 104 64 216 140 122 50 55 11 222 132 71 237 126 74 175 186 8 172
    193 95 215 217 23 110 195 251 240 198 28</data></test_img>
<my_img type_id="opencv-matrix">
  <rows>50</rows>
  <cols>100</cols>
  <dt>u</dt>
  <data>
    101 104 27 158 166 118 189 29 136 135 116 10 99 203 69 176 226 180
    225 223 58 185 81 38 168 192 50 184 240 38 253 32 195 27 161 247 102
    231 1 215 83 223 202 212 15 231 53 242 46 12 128 129 155 116 232 13
    120 155 229 199 60 29 28 42 203 69 3 152 118 228 232 49 214 93 229
    31 78 101 79 138 188 55 103 184 135 10 249 123 2 69 215 56 135 108
    206 219 23 16 96 30 223 235 200 104 177 8 102 252 101 96 132 82 31
    42 15 240 24 78 135 243 88 118 46 55 155 7 100 107 124 233 128 29 96
    145 251 254 19 254 71 34 33 29 1 20 104 33 172 122 75 142 162 103 28
    176 202 12 10 216 104 189 211 211 129 216 155 86 150 234 248 179 117
    151 87 169 181 220 78 201 221 102 48 169 187 185 68 127 82 90 152 13
    72 84 121 152 16 24 60 107 30 107 114 109 194 141 67 90 217 128 85
    227 89 190 25 55 74 249 247 7 242 239 187 115 15 40 106 183 14 22
    143 11 112 135 108 120 109 20 99 140 194 231 94 224 15 210 53 248 66
    128 154 149 88 33 146 8 151 12 85 222 122 146 169 252 231 87 228 133
    103 153 197 231 44 47 58 130 159 171 24 179 156 205 190 75 182 154 7
    38 142 5 94 25 2 234 164 108 105 71 7 164 105 14 24 237 135 213 105
    115 225 142 216 169 87 178 0 243 208 116 27 147 19 216 19 136 147
    207 169 32 152 223 9 243 115 27 239 181 141 73 239 167 84 21 234 122
    100 181 233 149 186 245 19 55 128 13 244 24 69 0 170 226 124 76 236
    153 161 192 31 51 22 208 157 59 16 14 160 18 28 97 112 207 79 73 229
    167 17 165 231 149 16 183 224 41 137 220 223 167 50 168 90 71 162 86
    174 79 47 134 95 15 126 9 117 101 94 113 40 174 235 71 240 201 85
    253 233 210 63 138 217 45 15 170 253 196 201 137 211 88 59 160 9 166
    53 255 254 33 230 230 180 183 31 105 237 229 123 212 178 99 5 202 99
    94 158 192 238 54 244 170 58 76 35 238 183 81 232 139 207 30 163 153
    140 244 229 185 229 193 253 147 92 238 132 45 34 92 133 135 144 203
    88 166 32 99 11 242 168 116 246 225 8 125 204 130 101 174 109 144
    255 90 107 80 198 46 49 161 107 79 184 241 244 9 142 135 87 38 216
    246 112 78 33 118 53 228 144 59 245 236 129 79 89 29 196 59 195 29 3
    235 110 91 147 215 208 81 20 92 93 195 170 231 131 20 102 155 6 64
    207 96 89 48 6 22 245 12 184 188 115 179 217 41 89 130 52 27 22 197
    241 210 148 207 116 167 208 201 208 248 191 241 197 66 156 45 129
    159 213 102 211 201 0 6 30 228 185 0 53 195 174 35 22 98 16 93 199
    121 150 142 212 160 48 221 114 88 137 240 203 106 29 141 120 73 168
    188 250 182 91 80 87 145 207 137 81 17 166 1 92 52 193 137 224 232 8
    29 80 255 28 105 38 187 181 194 158 31 193 38 134 153 119 199 98 128
    153 200 39 42 48 124 71 26 78 100 130 228 28 215 143 178 193 32 73
    135 104 121 44 69 33 77 120 10 156 252 185 36 120 84 127 176 97 249
    200 79 60 78 80 216 65 181 134 47 199 146 29 88 231 244 249 245 148
    93 196 167 180 240 206 211 234 199 38 140 49 56 206 40 89 106 192 43
    115 115 29 170 203 55 134 4 213 85 189 28 39 222 100 211 98 75 81
    211 164 230 111 251 49 130 215 135 41 178 165 27 81 57 48 60 59 237
    202 173 251 179 141 7 204 182 111 51 31 45 149 217 175 181 200 132
    111 41 41 223 27 220 181 221 168 43 69 40 82 191 236 167 25 42 119
    201 139 61 237 42 123 123 163 252 106 216 8 204 187 95 28 75 18 37 1
    101 124 126 165 59 29 3 215 246 119 109 148 224 18 181 199 83 41 110
    8 90 147 94 67 236 93 0 176 77 60 190 2 45 17 95 198 13 11 23 88 73
    172 188 106 79 24 98 149 182 180 45 176 151 117 81 230 97 227 162
    124 134 167 236 203 208 89 8 18 95 8 218 20 12 108 189 35 206 117
    129 41 54 90 22 5 13 182 193 76 114 18 198 162 20 81 13 71 104 172
    211 174 160 37 141 191 134 171 77 177 49 153 206 89 118 152 155 165
    9 32 42 117 220 152 208 112 170 172 52 228 117 106 204 121 10 51 192
    104 8 157 32 90 174 211 156 233 208 119 52 197 41 227 27 221 224 98
    66 199 59 64 100 189 138 45 51 184 64 144 3 215 6 98 254 61 54 162
    101 47 166 192 156 23 34 226 70 70 177 100 225 112 64 95 205 66 11
    78 146 29 121 182 109 54 215 52 47 114 10 117 241 112 74 1 71 22 46
    14 83 121 186 237 175 59 57 170 131 247 242 230 3 141 203 242 124 97
    210 80 84 10 0 173 15 30 217 109 154 215 142 214 16 130 96 72 166
    197 16 120 61 85 32 230 102 125 8 207 221 231 153 13 169 160 84 53
    21 224 88 126 96 178 65 249 28 160 64 173 212 248 153 219 154 73 223
    156 195 85 218 52 243 251 179 140 97 133 239 112 86 166 229 250 51
    81 70 29 70 26 182 232 236 249 135 109 17 157 47 16 10 225 158 75
    247 249 117 190 202 223 129 90 96 112 174 3 1 255 224 70 76 62 56
    132 203 86 185 35 70 30 250 149 64 164 93 250 93 62 73 96 180 60 174
    16 247 147 109 118 8 103 220 27 165 182 15 236 27 198 230 107 73 47
    159 194 92 114 124 188 108 23 79 71 239 174 70 244 133 43 93 101 182
    196 69 12 112 200 223 29 168 181 189 211 37 230 166 144 202 217 168
    80 244 219 157 165 252 254 215 47 74 116 13 33 34 52 101 245 85 219
    149 124 175 61 142 17 101 27 74 224 127 69 94 18 138 35 83 38 182
    173 40 231 119 239 241 94 71 141 255 213 101 124 181 150 121 238 249
    128 209 227 191 35 6 151 150 2 11 69 148 139 71 36 124 183 220 20
    176 25 113 11 188 146 126 155 134 107 46 252 108 89 214 191 45 101
    150 147 18 129 76 76 66 54 78 216 112 252 99 138 154 104 175 46 33
    244 131 42 238 234 253 105 190 72 123 225 128 139 124 217 10 54 247
    215 82 123 237 215 242 127 114 189 129 239 135 155 143 17 244 84 105
    43 237 201 244 124 109 90 60 241 54 122 158 124 213 223 183 100 187
    4 55 89 133 133 217 218 240 40 52 134 76 129 222 44 203 191 115 238
    144 223 54 233 195 6 210 170 25 147 90 147 210 15 185 105 229 13 44
    61 77 105 254 117 102 153 144 194 56 227 158 152 76 94 110 67 92 197
    122 185 49 231 37 172 19 215 206 114 160 17 222 121 11 192 54 69 75
    210 105 176 224 131 67 14 141 220 26 113 230 192 80 86 54 140 10 137
    247 189 14 225 185 96 21 149 176 151 96 4 167 85 184 149 230 105 100
    235 162 91 219 65 249 150 173 53 55 32 95 28 148 59 189 101 201 72
    174 143 198 231 139 65 158 51 203 12 185 92 49 190 166 218 56 141
    207 40 238 11 159 172 248 172 248 230 42 123 7 169 194 37 61 98 32
    153 149 202 26 88 189 227 240 250 213 161 93 223 54 196 251 2 73 215
    248 65 142 109 88 73 222 25 55 164 95 42 246 149 253 233 14 220 31
    61 183 158 155 129 35 110 55 228 224 2 225 220 246 59 181 189 20 251
    95 19 70 182 192 134 229 169 6 211 191 49 227 112 154 144 20 84 30
    172 134 74 59 14 199 108 160 12 248 44 27 35 110 51 186 62 33 145 70
    207 54 93 208 83 36 215 242 22 150 160 46 24 155 200 140 208 224 50
    170 85 170 174 191 107 152 194 162 167 242 73 231 17 206 225 50 180
    99 205 206 90 201 98 20 235 12 97 136 14 4 71 172 6 208 213 79 255
    99 173 123 61 242 32 241 253 201 246 131 152 87 32 20 214 105 97 86
    222 146 181 81 129 143 199 174 216 143 202 24 141 242 39 157 76 95
    25 247 145 185 241 34 211 18 133 235 3 70 72 253 194 107 111 255 48
    80 121 165 198 42 247 119 176 110 149 116 254 87 158 172 101 248 175
    49 1 165 41 247 145 25 111 48 71 141 227 127 251 90 235 244 156 201
    60 149 132 8 247 115 51 170 6 201 127 135 4 69 130 235 178 106 243
    59 38 232 95 34 215 167 254 157 143 32 131 51 100 236 211 217 49 115
    145 139 93 175 132 87 4 71 58 130 141 135 151 92 6 143 92 28 76 48
    252 29 93 107 183 79 114 249 160 179 197 207 134 217 100 38 146 243
    129 122 198 81 55 22 95 56 97 46 201 198 179 23 29 29 124 254 220
    161 24 8 254 18 68 35 147 164 210 242 122 161 107 125 121 214 20 76
    42 255 99 52 54 242 4 87 155 174 177 42 126 62 212 120 134 28 55 25
    215 185 70 164 159 225 3 225 51 126 213 119 146 32 229 142 220 59
    172 23 209 173 224 61 160 141 66 83 22 105 183 64 29 230 64 40 137
    32 181 213 107 126 169 136 17 31 46 64 160 208 213 64 109 173 49 114
    191 54 182 225 13 126 165 126 249 9 70 85 170 244 239 68 81 218 32
    116 231 156 254 97 159 141 104 198 52 166 146 3 195 25 241 118 126
    112 252 206 143 1 160 179 111 147 32 120 67 57 200 200 239 114 241
    185 194 152 101 54 71 238 19 167 207 177 183 1 61 225 201 43 227 235
    97 190 208 185 76 22 83 141 161 35 172 102 136 231 20 148 93 30 66
    30 42 149 153 18 196 214 234 28 54 211 114 206 236 77 155 6 203 240
    40 111 121 144 81 203 223 74 184 56 247 202 165 199 141 66 31 86 214
    161 112 31 6 76 51 129 131 90 179 12 121 165 78 179 70 191 66 100
    195 32 174 74 33 45 175 154 197 179 213 40 100 58 97 191 165 146 248
    90 172 144 146 254 235 189 216 150 125 154 196 49 61 89 95 77 100
    153 180 29 162 119 94 121 5 67 148 186 244 209 178 32 254 73 91 59
    32 15 230 76 169 139 83 52 172 66 107 225 61 8 230 79 148 92 182 142
    162 11 240 37 240 102 166 102 228 145 19 111 8 248 30 78 247 67 225
    242 118 217 10 251 216 125 21 192 229 29 26 252 117 27 52 221 131 13
    234 244 14 186 100 164 176 136 95 37 215 119 73 4 58 162 146 5 248
    64 30 61 143 240 136 188 59 127 239 35 96 228 143 141 149 220 85 117
    247 36 100 44 23 16 132 189 150 210 187 105 227 61 125 36 116 42 177
    88 57 138 125 93 88 88 150 182 217 76 43 241 103 166 223 191 121 91
    223 117 196 125 212 118 230 27 53 92 13 79 178 68 71 101 38 9 208 40
    193 48 63 131 105 251 68 82 112 189 8 246 174 82 212 160 30 47 20 39
    146 4 37 247 252 218 55 208 7 39 161 27 1 233 108 112 86 170 126 114
    53 242 59 50 88 97 225 184 189 134 186 191 158 81 85 55 27 174 161
    21 119 23 213 80 97 164 117 129 40 14 184 166 167 52 105 130 114 193
    109 236 25 71 71 104 173 119 44 149 2 131 180 118 171 231 220 47 241
    112 105 106 185 123 138 105 200 172 205 215 129 152 239 189 143 150
    134 212 20 1 181 206 95 229 43 14 233 223 16 240 52 191 214 155 174
    202 71 226 140 211 165 8 140 237 105 117 81 89 143 127 73 170 179 84
    153 198 49 107 176 16 95 45 47 217 184 104 208 49 144 220 11 70 159
    117 47 176 32 208 25 23 24 170 59 155 134 43 179 161 133 205 101 213
    254 17 253 188 161 99 73 140 29 28 72 17 252 38 223 17 33 203 193
    124 9 164 126 6 88 51 163 69 19 228 144 102 120 230 132 119 13 195
    107 137 194 93 229 69 157 85 149 42 69 4 24 186 179 40 198 114 35 66
    143 160 51 92 41 207 223 114 106 185 32 3 20 202 204 28 228 42 131
    215 8 229 232 232 74 239 180 53 179 106 144 71 196 58 109 237 173
    213 95 19 62 192 51 229 128 31 105 105 164 157 12 100 147 136 11 220
    68 6 206 69 239 252 37 136 100 84 17 25 239 23 230 52 87 25 199 193
    63 64 124 11 254 180 54 132 201 116 54 50 79 85 153 213 108 225 85
    81 77 32 199 165 149 251 69 189 254 32 13 175 148 167 142 16 162 69
    246 31 204 196 122 18 27 192 69 59 210 201 176 18 251 235 7 30 243
    108 160 27 137 163 17 246 153 204 105 128 240 44 134 110 76 219 52
    64 72 80 201 244 23 3 203 59 67 62 206 122 42 96 198 47 168 218 88
    73 71 116 13 210 153 85 167 203 64 228 235 115 5 208 95 174 134 114
    218 43 16 138 162 52 205 54 129 61 245 44 223 159 34 178 137 130 102
    49 98 39 167 115 22 177 73 139 80 188 2 3 17 220 182 154 88 77 199
    196 100 189 210 186 105 173 113 92 169 68 56 180 83 13 252 195 83
    192 47 127 0 80 183 234 71 225 114 48 187 232 170 172 141 76 97 16
    54 212 28 2 35 16 198 251 131 94 206 247 190 11 251 239 35 179 112
    187 127 47 18 57 115 251 78 173 66 201 93 66 236 118 150 222 148 95
    13 186 164 126 112 100 239 64 92 96 62 136 206 203 47 116 75 66 87
    196 171 193 4 43 54 179 50 202 93 218 200 221 158 208 64 27 44 245
    32 95 80 33 91 134 140 184 96 140 37 230 227 113 85 197 23 31 112 78
    105 44 143 182 125 235 106 213 219 105 20 170 171 220 45 144 93 77
    121 185 160 169 213 6 71 65 176 246 221 246 34 169 109 162 61 47 215
    249 160 139 7 3 249 58 25 105 136 251 85 122 150 82 251 189 94 112
    248 123 28 188 193 97 77 119 169 198 254 106 200 232 93 114 155 164
    68 11 127 170 26 61 167 15 40 187 228 39 248 170 85 225 183 13 47
    108 9 3 225 229 73 154 234 124 148 58 164 135 136 231 177 95 184 117
    144 201 194 85 178 239 101 34 61 93 232 253 90 134 186 194 117 89
    209 215 196 234 150 46 196 20 28 197 105 180 215 87 10 109 26 63 78
    137 55 119 59 59 51 18 104 90 140 17 122 145 243 180 93 37 201 134
    254 150 131 36 225 52 14 154 196 88 13 184 247 43 121 167 33 189 255
    50 126 0 167 13 210 28 46 91 106 114 251 249 64 102 138 153 119 90
    188 69 184 66 107 126 14 124 42 57 172 113 136 71 95 46 219 13 26 53
    1 99 35 89 255 11 93 25 111 201 137 75 228 220 215 110 235 232 121
    242 216 6 192 247 165 5 185 37 66 98 30 211 130 69 215 124 255 152
    56 23 14 182 93 135 103 101 248 229 58 78 67 35 69 25 39 183 175 154
    121 120 203 241 61 6 81 155 182 213 18 184 215 162 173 134 184 193
    141 181 117 11 49 83 23 78 134 212 221 47 131 212 108 234 84 210 203
    168 141 245 219 28 12 130 227 131 176 184 97 112 56 45 1 207 230 237
    176 209 22 220 188 78 152 249 211 76 177 139 42 225 7 218 128 99 69
    222 221 151 225 134 79 226 251 232 204 52 81 246 223 98 145 208 24 3
    116 238 39 227 226 250 82 98 137 32 40 120 219 250 57 85 119 41 239
    151 67 101 150 25 66 247 45 9 203 49 87 47 165 14 40 130 251 231 64
    125 18 243 180 154 216 13 145 204 34 4 240 124 67 143 251 237 111
    181 139 21 242 117 8 90 28 64 161 203 113 235 41 170 154 198 237 136
    239 121 143 33 252 198 248 47 171 240 172 45 124 111 150 125 174 68
    103 107 102 192 21 152 51 223 119 235 145 43 7 119 124 52 38 129 221
    119 194 90 218 182 172 99 177 146 194 81 58 237 28 33 106 120 226 1
    99 159 132 251 120 91 76 171 6 254 57 211 99 116 29 31 234 159 117
    198 255 101 225 186 102 143 59 125 184 107 214 69 174 28 107 158 160
    163 3 223 100 55 182 1 84 198 247 13 171 232 114 23 108 153 44 136
    137 165 211 95 40 16 15 240 172 74 114 126 72 139 114 12 51 80 172
    73 237 230 93 180 219 217 200 17 41 203 178 165 56 117 182 176 251
    117 82 232 59 88 118 81 175 221 140 25 52 107 69 132 99 158 62 139
    88 158 21 15 221 255 167 23 38 161 196 84 111 147 121 143 115 119
    204 18 63 90 206 14 230 56 231 175 174 148 146 88 59 237 33 206 102
    64 69 4 178 203 69 104 143 163 87 155 57 45 159 63 21 100 52 160 91
    91 144 187 97 46 183 101 97 156 216 231 38 73 125 178 252 156 156
    172 65 7 160 36 157 122 210 129 210 107 244 26 81 23 85 14 153 177
    201 165 177 82 165 16 73 218 178 37 242 201 134 195 83 189 9 170 78
    82 2 88 40 96 114 162 230 37 223 41 190 13 191 203 234 26 160 46 227
    64 24 225 141 133 52 158 33 58 245 236 234 11 50 244 228 73 47 191
    57 73 199 33 141 39 130 89 142 126 213 72 133 27 6 116 131 102 67
    210 46 247 86 248 48 25 105 218 232 221 160 208 120 184 100 252 197
    223 199 196 103 127 12 143 227 254 22 212 237 239 191 202 134 61 74
    238 153 62 48 56 24 232 227 102 185 194 44 71 245 162 173 248 160 6
    186 189 34 239 230 253 147 184 136 177 76 217 247 13 174 206 18 132
    29 34 253 89 209 191 218 70 2 247 142 158 49 29 70 121 186 216 215
    26 184 88 158 128 165 104 214 125 30 201 254 228 179 54 247 170 242
    221 101 2 213 239 112 71 165 18 143 126 150 114 55 186 95 25 138 191
    161 6 182 135 153 109 93 131 61 50 160 18 153 34 15 134 230 223 255
    223 254 85 59 110 22 118 196 120 243 65 15 244 225 107 150 184 154 6
    197 40 2 53 8 13 205 136 83 51 145 17 201 243 20 240 15 202 243 115
    195 111 42 249 55 168 78 254 65 165 71 249 68 201 87 15 146 85 243
    191 109 80 32 238 6 189 210 27 110 227 154 127 174 105 52 141 244
    184 25 202 246 208 136 180 237 131 45 218 18 42 125 52 163 204 246
    126 64 213 59 6 155 121 17 152 247 219 127 13 66 122 50 170 127 61
    52 255 97 200 37 159 175 230 218 167 102 77 161 51 142 60 8 23 180
    42 220 165 12 81 48 231 36 41 5 234 64 148 40 3 42 124 153 47 120 47
    105 120 40 188 39 126 4 136 236 205 4 151 40 87 204 146 168 235 249
    134 19 122 151 56 194 165 176 191 2 65 159 190 73 231 188 177 196
    189 162 90 247 55 85 185 153 205 165 151 221 164 91 143 71 19 199 71
    128 124 184 219 111 253 116 214 89 243 245 89 192 91 148 139 147 95
    195 190 34 221 30 118 204 73 19 161 124 235 9 252 101 184 42 94 5 71
    61 96 198 104 103 34 217 218 155 75 188 41 124 110 245 9 147 3 77
    198 6 55 57 218 93 45 73 193 113 50 231 238 37 107 199 90 162 158
    255 199 82 130 58 252 40 244 205 190 202 35 230 227 235 70 145 30
    168 6 238 88 216 136 219 6 222 123 227 109 235 15 18 214 171 21 65
    86 93 122 151 86 3 39 196 126 111 222 116 164 113 6 212 94 72 227 14
    96 235 153 38 141 47 25 3 87 13 129 77 220 84 157 130 66 154 66 63 9
    78 40 159 167 182 79 247 156 43 47 210 85 125 235 62 126 129 103 130
    162 126 36 74 178 39 184 154 75 25 63 191 143 179 188 86 155 203 116
    206 255 44 142 210 209 162 233 23 52 13 180 158 130 225 31 139 147
    205 87 204 223 53 4 118 134 255 7 77 30 26 140 62 123 113 167 103
    200 53 89 31 14 82 4 26 187 205 190 143 236 250 66 73 22 128 31 175
    196 137 56 34 62 14 138 164 9 199 87 131 199 188 43 102 1 227 12 164
    53 236 156 156 158 211 153 229 52 42 153 48 184 160 191 194 145 216
    11 179 220 100 191 19 148 211 62 105 59 205 216 236 114 193 105 39
    65 80 171 96 55 123 241 228 115 250 91 76 219 224 193 117 91 124 120
    91 167 6 98 95 8 54 51 102 200 200 91 52 76 26 142 22 82 76 50 33 96
    240 135 13 232 117 21 97 157 93 166 232 49 51 123 236 140 184 69 212
    222 64 221 48 188 124 52 77 138 3 240 81 3 120 146 222 79 166 83 22
    128 12 219 133 86 141 138 25 41 32 9 46 128 168 166 14 54 82 208 169
    6 44 109 203 214 229 111 116 147 221 46 119 251 187 154 39 25 82 21
    65 124 148 35 92 205 133 112 69 65 201 239 24 183 50 135 118 197 55
    28 197 243 174 22 161 184 242 123 69 147 127 50 61 67 28 221 251 78
    22 102 112 71 153 11 224 253 43 50 42 231 68 126 209 79 19 88 233
    244 127 127 64 48 117 201 146 41 160 139 57 126 158 210 238 179 109
    84 16 194 173 92 152 242 164 100 141 136 137 5 13 147 121 251 199 96
    47 164 111 199 27 73 69 68 189 212 4 93 171 108 44 53 242 21 11 2 59
    165 9 104 21 132 198 158 130 98 227 54 80 191 239 219 191 71 67 24
    226 96 167 124 71 94 38 120 11 39 79 252 175 178 104 47 192 206 236
    204 181 125 109 164 234 13 39 210 122 209 240 11 41 59 58 33 107 106
    210 35 173 44 237 189 125 91 218 220 1 180 216 101 217 162 124 226
    150 109 2 186 233 27 4 88 211 154 171 81 88 107 218 100 64 176 229
    97 66 51 174 103 184 70 205 86 211 88 48 210 217 107 86 128 189 2 79
    253 199 177 27 180 222 41 113 60 100 233 229 43 179 97 117 42 167
    162 252 170 123 41 10 89 178 67 132 107 22 95 126 200 149 249 97 210
    153 111 111 161 67 136 44 225 155 40 120 17 34 108 229 38 255 25 22
    219 56 131 99 174 145 112 221 170 189 13 249 35 8 116 62 215 212 205
    41 0 84 210 32 4 8 61 115 253 189 75 19 64 235 112 84 168 23 217 238
    234 48 219 44 227 217 173 37 141 190 105 102 242 183 14 134 177 145
    147 5 153 151 169 29 151 109 79 74 248 79 104 251 37 96 23 95 217 93
    254 53 41 198 215 38 1 98 130 166 34 221 231 40 198 82 104 64 216
    140 122 50 55 11 222 132 71 237 126 74 175 186 8 172 193 95 215 217
    23 110 195 251 240 198 28</data></my_img>
<your_img type_id="opencv-matrix">
  <rows>50</rows>
  <cols>100</cols>
  <dt>u</dt>
  <data>
    101 104 27 158 166 118 189 29 136 135 116 10 99 203 69 176 226 180
    225 223 58 185 81 38 168 192 50 184 240 38 253 32 195 27 161 247 102
    231 1 215 83 223 202 212 15 231 53 242 46 12 128 129 155 116 232 13
    120 155 229 199 60 29 28 42 203 69 3 152 118 228 232 49 214 93 229
    31 78 101 79 138 188 55 103 184 135 10 249 123 2 69 215 56 135 108
    206 219 23 16 96 30 223 235 200 104 177 8 102 252 101 96 132 82 31
    42 15 240 24 78 135 243 88 118 46 55 155 7 100 107 124 233 128 29 96
    145 251 254 19 254 71 34 33 29 1 20 104 33 172 122 75 142 162 103 28
    176 202 12 10 216 104 189 211 211 129 216 155 86 150 234 248 179 117
    151 87 169 181 220 78 201 221 102 48 169 187 185 68 127 82 90 152 13
    72 84 121 152 16 24 60 107 30 107 114 109 194 141 67 90 217 128 85
    227 89 190 25 55 74 249 247 7 242 239 187 115 15 40 106 183 14 22
    143 11 112 135 108 120 109 20 99 140 194 231 94 224 15 210 53 248 66
    128 154 149 88 33 146 8 151 12 85 222 122 146 169 252 231 87 228 133
    103 153 197 231 44 47 58 130 159 171 24 179 156 205 190 75 182 154 7
    38 142 5 94 25 2 234 164 108 105 71 7 164 105 14 24 237 135 213 105
    115 225 142 216 169 87 178 0 243 208 116 27 147 19 216 19 136 147
    207 169 32 152 223 9 243 115 27 239 181 141 73 239 167 84 21 234 122
    100 181 233 149 186 245 19 55 128 13 244 24 69 0 170 226 124 76 236
    153 161 192 31 51 22 208 157 59 16 14 160 18 28 97 112 207 79 73 229
    167 17 165 231 149 16 183 224 41 137 220 223 167 50 168 90 71 162 86
    174 79 47 134 95 15 126 9 117 101 94 113 40 174 235 71 240 201 85
    253 233 210 63 138 217 45 15 170 253 196 201 137 211 88 59 160 9 166
    53 255 254 33 230 230 180 183 31 105 237 229 123 212 178 99 5 202 99
    94 158 192 238 54 244 170 58 76 35 238 183 81 232 139 207 30 163 153
    140 244 229 185 229 193 253 147 92 238 132 45 34 92 133 135 144 203
    88 166 32 99 11 242 168 116 246 225 8 125 204 130 101 174 109 144
    255 90 107 80 198 46 49 161 107 79 184 241 244 9 142 135 87 38 216
    246 112 78 33 118 53 228 144 59 245 236 129 79 89 29 196 59 195 29 3
    235 110 91 147 215 208 81 20 92 93 195 170 231 131 20 102 155 6 64
    207 96 89 48 6 22 245 12 184 188 115 179 217 41 89 130 52 27 22 197
    241 210 148 207 116 167 208 201 208 248 191 241 197 66 156 45 129
    159 213 102 211 201 0 6 30 228 185 0 53 195 174 35 22 98 16 93 199
    121 150 142 212 160 48 221 114 88 137 240 203 106 29 141 120 73 168
    188 250 182 91 80 87 145 207 137 81 17 166 1 92 52 193 137 224 232 8
    29 80 255 28 105 38 187 181 194 158 31 193 38 134 153 119 199 98 128
    153 200 39 42 48 124 71 26 78 100 130 228 28 215 143 178 193 32 73
    135 104 121 44 69 33 77 120 10 156 252 185 36 120 84 127 176 97 249
    200 79 60 78 80 216 65 181 134 47 199 146 29 88 231 244 249 245 148
    93 196 167 180 240 206 211 234 199 38 140 49 56 206 40 89 106 192 43
    115 115 29 170 203 55 134 4 213 85 189 28 39 222 100 211 98 75 81
    211 164 230 111 251 49 130 215 135 41 178 165 27 81 57 48 60 59 237
    202 173 251 179 141 7 204 182 111 51 31 45 149 217 175 181 200 132
    111 41 41 223 27 220 181 221 168 43 69 40 82 191 236 167 25 42 119
    201 139 61 237 42 123 123 163 252 106 216 8 204 187 95 28 75 18 37 1
    101 124 126 165 59 29 3 215 246 119 109 148 224 18 181 199 83 41 110
    8 90 147 94 67 236 93 0 176 77 60 190 2 45 17 95 198 13 11 23 88 73
    172 188 106 79 24 98 149 182 180 45 176 151 117 81 233 95 228 169
    120 134 172 241 216 218 89 9 18 104 12 225 20 16 116 192 36 216 121
    135 38 58 100 26 9 18 194 201 76 119 18 204 169 17 82 12 76 101 172
    212 174 157 31 134 190 130 169 76 173 44 156 204 86 121 157 160 170
    11 29 43 123 223 160 211 119 169 166 54 225 120 106 202 120 9 52 186
    102 8 157 32 90 174 211 156 233 208 119 52 197 41 227 27 221 224 98
    66 203 56 64 95 191 135 44 48 189 63 148 2 223 9 106 254 66 61 169
    109 50 169 200 156 24 37 233 80 78 183 98 232 107 63 91 207 62 10 76
    141 26 115 180 109 53 216 51 40 111 5 116 240 107 72 1 71 21 46 13
    83 133 189 238 179 67 62 176 147 246 244 226 5 143 200 243 123 98
    208 84 86 9 0 173 15 30 217 109 154 215 142 214 16 130 96 72 166 197
    16 120 61 83 33 232 101 123 9 216 226 236 160 14 179 173 91 54 23
    226 98 136 104 182 69 250 29 161 73 179 216 247 160 226 155 74 228
    160 197 86 217 46 241 249 173 138 97 133 239 107 82 162 230 249 47
    76 66 26 68 24 180 236 239 248 148 107 17 160 46 17 11 228 157 81
    248 249 120 187 201 222 127 95 100 113 174 3 1 255 224 70 76 62 56
    132 203 86 185 35 70 30 250 149 63 166 88 251 92 65 78 93 188 62 182
    18 251 164 117 125 16 113 224 30 170 188 20 242 30 201 233 117 85 51
    166 198 90 112 125 191 102 22 78 68 236 172 71 242 134 40 90 93 176
    196 66 7 110 198 224 26 165 181 189 210 31 234 166 154 202 213 166
    91 246 218 157 160 251 253 212 49 78 120 13 40 40 53 101 245 85 219
    149 124 175 61 142 17 101 27 74 224 127 69 94 18 133 40 79 41 183
    177 45 235 119 243 246 98 80 156 255 222 111 135 187 157 132 244 251
    135 213 230 189 40 15 155 155 4 16 68 152 142 68 31 119 182 214 21
    172 25 111 9 193 139 116 148 123 106 43 252 104 86 210 189 48 98 156
    156 18 136 81 83 74 64 91 216 119 251 104 137 150 104 166 48 37 246
    127 45 238 234 253 105 190 72 123 225 128 139 124 217 10 54 247 215
    82 123 235 217 242 127 119 194 132 242 135 165 151 18 248 91 112 49
    243 202 246 134 115 97 65 244 57 121 152 128 209 225 187 97 188 5 57
    89 132 128 214 213 237 37 46 129 80 125 223 40 203 188 109 236 136
    219 52 234 191 4 206 165 25 154 90 151 209 16 182 111 232 13 46 68
    88 104 251 119 104 151 142 188 58 224 158 152 76 94 110 67 92 197
    122 185 49 231 37 172 19 215 206 114 164 23 222 120 11 196 57 67 76
    219 102 182 228 141 73 19 151 224 31 120 233 197 82 89 53 139 16 139
    246 189 21 226 185 92 24 146 172 146 91 3 163 88 178 143 228 104 91
    235 158 82 216 61 248 142 165 53 57 29 92 28 150 62 187 95 197 82
    166 148 196 233 143 76 155 56 195 11 176 96 51 178 159 214 56 141
    207 40 238 11 159 172 248 172 248 230 42 123 7 169 194 37 61 95 34
    154 155 208 33 88 195 232 245 252 221 176 101 230 62 204 253 3 78
    222 247 62 142 107 92 79 223 28 57 165 95 40 243 149 250 233 16 214
    30 63 174 154 154 125 35 106 55 226 220 2 223 214 245 60 174 183 23
    249 91 18 73 174 186 143 230 165 9 209 186 55 222 112 149 145 17 90
    33 163 127 76 59 14 199 108 160 12 248 44 27 35 110 51 186 62 33 145
    70 207 52 88 213 78 36 219 244 23 156 172 48 24 169 207 152 220 228
    54 176 95 172 176 190 110 154 191 156 162 239 74 228 19 203 220 46
    174 91 202 202 89 195 92 20 233 10 92 124 12 3 68 164 4 204 207 76
    255 102 166 119 61 243 35 242 251 199 246 130 156 95 41 21 208 108
    101 92 220 146 176 85 125 140 193 174 216 143 202 24 141 242 39 157
    76 95 25 247 145 185 241 34 211 21 132 235 5 70 74 253 202 102 104
    255 51 88 128 177 209 48 250 123 178 112 152 117 254 86 155 163 100
    245 169 50 1 158 38 242 139 26 98 46 72 135 222 119 250 90 236 244
    156 197 58 145 123 5 247 113 53 165 4 197 123 140 4 70 128 235 176
    109 245 68 44 235 102 43 212 162 252 157 148 37 128 57 108 236 211
    217 49 115 145 139 93 175 132 87 4 71 58 130 141 135 151 78 8 136 82
    29 73 51 253 30 88 104 189 83 117 252 165 185 201 212 139 223 106 43
    152 243 127 121 190 89 59 25 96 58 93 47 197 193 172 27 29 30 117
    253 217 161 28 8 254 22 64 36 139 159 205 243 120 160 108 119 115
    210 18 73 44 255 100 51 60 244 6 95 155 172 174 46 127 67 213 123
    136 35 62 25 215 185 70 164 159 225 3 225 51 126 213 119 146 32 229
    142 220 58 176 24 210 176 228 62 165 150 64 85 23 107 189 72 33 237
    76 45 145 34 187 221 114 127 166 137 22 36 50 65 158 210 212 65 106
    167 49 107 185 56 176 224 16 133 164 123 249 10 72 83 163 244 239 71
    82 211 37 112 230 156 254 93 159 144 104 195 56 164 148 5 187 34 240
    119 127 115 251 204 147 1 159 179 111 147 32 120 67 57 200 200 239
    114 241 185 194 152 101 54 71 240 24 167 207 178 187 1 62 228 209 45
    231 239 100 197 214 189 89 23 93 147 164 36 177 102 135 228 23 146
    97 35 66 33 45 148 151 23 192 211 232 29 56 207 112 206 238 78 157 5
    199 242 42 110 116 149 84 199 214 76 178 57 246 198 162 193 147 70
    36 92 208 162 113 42 8 83 59 128 137 101 174 17 124 165 78 179 70
    191 66 100 195 32 174 74 33 45 175 154 197 179 213 36 95 54 89 193
    172 149 249 88 182 152 154 254 239 198 225 155 137 156 201 54 65 98
    101 82 99 151 176 36 160 119 97 119 6 67 146 183 239 207 173 31 253
    74 90 63 34 16 228 78 163 134 80 54 162 65 109 218 63 7 228 74 141
    88 170 130 157 11 240 45 241 104 161 108 222 146 24 116 13 246 38 90
    246 67 225 242 118 217 10 251 216 125 21 192 229 29 26 252 117 27 52
    225 128 11 235 246 12 191 96 174 183 139 97 41 219 124 82 5 70 161
    147 7 247 69 34 60 139 237 134 180 60 125 238 38 95 226 137 135 143
    219 86 113 248 37 99 46 28 18 135 191 151 209 183 106 228 61 123 40
    114 50 167 82 57 130 116 90 86 85 146 176 208 83 48 240 108 162 214
    183 125 96 213 120 188 125 212 118 230 27 53 92 13 79 178 68 71 101
    38 9 208 40 193 44 59 129 100 252 67 81 104 193 7 246 178 83 211 169
    37 56 26 46 146 6 43 245 252 219 55 205 10 45 158 34 1 233 107 110
    88 166 117 107 50 239 62 50 89 102 228 191 196 138 188 190 156 78 79
    57 25 172 161 22 112 21 209 78 96 160 111 123 44 16 185 166 164 61
    109 130 123 191 117 232 29 72 69 104 173 119 44 149 2 131 180 118
    171 231 220 47 241 112 105 106 185 120 134 97 194 173 206 213 128
    156 239 189 146 154 139 211 27 2 179 205 99 227 49 16 231 222 18 237
    52 188 216 156 176 204 74 227 137 211 162 11 140 236 102 115 81 90
    151 132 76 172 179 83 154 201 52 111 177 15 99 51 51 216 183 108 207
    54 145 218 12 73 160 123 55 176 38 207 31 28 28 169 64 155 133 43
    179 161 133 205 101 213 254 17 253 188 161 99 73 140 29 28 72 17 252
    36 222 17 33 202 191 121 7 165 120 5 90 52 160 76 23 226 141 104 121
    227 133 117 13 189 109 137 194 98 230 74 158 90 149 44 66 4 26 193
    187 41 200 121 36 73 151 163 55 96 43 205 218 116 111 185 33 2 19
    202 204 28 230 46 128 212 7 231 235 235 81 241 177 61 178 113 150 74
    192 63 115 237 173 213 95 19 62 192 51 229 128 31 105 105 164 157 12
    100 147 134 9 220 68 6 205 66 237 252 35 133 96 83 18 31 240 30 227
    52 91 29 190 188 62 62 116 12 254 172 54 131 203 116 56 51 81 86 152
    212 114 227 88 82 80 34 203 169 156 251 73 189 251 33 12 174 154 166
    140 13 158 67 244 30 200 191 117 17 29 189 72 64 205 196 174 22 249
    235 12 35 242 109 155 27 137 163 17 246 153 204 105 128 240 44 134
    110 76 219 52 64 72 78 193 246 26 2 197 58 64 62 203 115 40 93 190
    50 160 210 92 79 76 114 14 206 150 88 158 197 62 224 234 116 7 208
    99 174 134 110 213 46 18 142 163 53 204 56 137 70 245 48 220 162 36
    177 140 137 109 56 100 38 163 111 20 174 72 142 73 186 2 3 18 220
    177 152 92 76 194 191 106 179 202 179 104 173 113 92 169 68 56 180
    83 13 252 195 83 192 47 127 0 80 183 234 69 225 112 49 187 230 174
    177 142 78 96 15 53 207 33 4 37 14 195 251 127 97 206 247 187 12 252
    237 37 181 117 190 134 50 25 57 115 250 83 183 73 200 97 76 236 125
    160 221 155 99 13 189 170 138 119 110 237 64 88 93 63 141 206 202 48
    117 73 69 91 197 172 193 6 45 59 178 58 195 92 212 193 221 158 208
    64 27 44 245 32 95 80 33 91 134 140 184 96 140 37 231 227 113 85 194
    24 34 114 82 102 47 146 182 129 233 106 208 214 106 21 164 166 214
    44 141 95 80 123 183 161 172 214 7 79 70 177 246 219 243 37 172 115
    164 67 54 217 249 167 147 7 2 244 61 25 112 148 249 89 123 151 78
    248 189 97 111 246 125 25 189 194 99 74 121 172 194 254 106 197 232
    91 109 150 164 68 11 127 170 26 61 167 15 40 187 228 39 248 170 85
    225 183 12 47 106 9 4 225 228 76 158 235 120 149 56 165 139 135 227
    173 98 180 116 143 201 197 95 177 237 108 40 65 106 236 254 101 142
    188 197 119 93 209 218 198 234 154 53 199 25 29 199 111 181 214 88 9
    116 25 63 79 139 54 119 59 59 54 14 100 88 144 15 127 147 244 182 97
    37 205 137 253 152 129 35 223 52 14 154 196 88 13 184 247 43 121 167
    33 189 255 50 126 0 167 10 208 30 46 85 102 111 250 246 60 98 133
    150 120 95 183 71 178 66 111 125 12 125 41 59 174 121 144 83 109 50
    220 13 35 60 2 106 41 96 255 12 101 34 123 202 148 85 228 218 216
    120 233 231 133 239 218 6 200 246 169 4 187 33 65 99 28 212 134 71
    214 129 255 156 59 24 13 179 93 134 100 96 246 229 58 78 67 35 69 25
    39 183 175 154 121 120 203 241 61 6 81 150 182 209 16 183 211 157
    172 130 183 189 139 176 116 9 51 83 20 80 130 210 218 46 133 210 112
    235 95 211 206 176 154 248 220 36 14 142 228 145 188 195 108 128 63
    54 1 209 231 236 185 209 22 222 193 81 166 247 217 73 183 144 33 228
    5 220 129 101 67 227 227 158 228 135 76 225 249 231 198 50 73 245
    214 98 145 208 24 3 116 238 39 227 226 250 82 98 137 32 40 120 219
    251 54 79 113 40 236 144 64 97 145 24 64 244 44 7 200 51 91 50 161
    12 41 130 250 230 74 131 19 242 187 161 217 15 159 203 43 3 240 141
    78 158 253 236 127 191 154 26 243 134 8 101 29 68 172 211 131 237 43
    179 163 209 237 143 239 129 147 30 252 205 249 48 177 243 177 42 128
    108 154 120 170 62 93 107 102 192 21 152 51 223 119 235 145 43 7 119
    124 52 38 129 221 109 187 79 217 172 159 84 169 139 189 76 52 233 27
    35 104 115 218 1 98 155 129 249 125 104 86 172 10 254 64 209 111 130
    37 40 236 169 134 198 255 119 224 194 115 162 66 144 193 125 217 74
    185 26 127 174 177 179 3 227 108 58 193 1 89 208 246 10 179 236 119
    21 108 156 47 138 140 165 209 91 36 14 13 240 172 74 114 126 72 139
    114 12 51 80 172 73 237 230 93 180 219 216 189 16 40 193 167 155 51
    111 176 169 247 112 80 231 59 89 115 82 170 221 140 28 57 115 76 139
    108 164 69 147 99 165 29 18 222 255 176 29 48 170 199 89 131 163 139
    157 134 137 209 15 66 104 214 10 234 61 235 180 180 160 150 91 63
    238 30 213 110 65 69 3 187 206 71 104 146 159 85 151 52 40 147 63 21
    100 52 160 91 91 144 187 97 46 183 101 97 156 216 231 38 67 115 170
    250 145 146 163 62 6 151 38 151 117 203 128 202 106 241 27 80 24 92
    12 157 180 200 166 181 96 172 18 79 220 185 44 244 202 147 197 90
    197 8 183 82 89 2 106 47 112 133 172 231 38 226 44 202 10 202 209
    236 23 169 50 233 67 18 228 145 139 56 160 35 59 248 234 230 8 49
    244 223 68 44 191 57 73 199 33 141 39 130 89 142 126 213 72 133 27 6
    116 131 93 62 202 43 246 78 244 48 24 97 211 231 219 157 201 117 174
    99 249 196 224 197 193 107 129 12 150 231 254 26 212 240 241 195 203
    150 66 81 239 165 70 55 60 27 234 230 120 194 202 49 76 241 176 185
    244 178 6 201 201 31 239 234 252 161 199 142 189 88 225 250 8 179
    212 15 132 29 30 253 85 203 182 210 70 2 247 142 158 49 29 70 121
    186 216 215 26 184 88 158 128 165 95 207 115 30 193 253 224 173 53
    244 167 240 219 104 3 207 236 112 76 162 20 142 125 151 116 59 185
    104 34 146 192 167 7 186 150 164 127 108 148 68 57 170 21 164 40 15
    146 231 225 255 226 251 91 60 128 20 131 209 129 243 63 10 245 231
    121 159 196 159 4 207 43 2 51 7 10 207 134 84 48 132 13 195 243 20
    240 15 202 243 115 195 111 42 249 55 168 78 254 65 165 71 249 62 195
    78 12 141 78 240 189 102 78 36 237 6 188 206 29 113 226 149 127 173
    107 55 145 242 183 33 200 247 206 145 183 239 145 49 219 23 48 142
    58 172 207 247 139 69 214 62 7 167 136 15 166 241 224 140 10 63 131
    48 180 134 62 55 255 104 213 38 164 180 232 224 169 104 74 157 49
    138 55 5 18 170 42 220 165 12 81 48 231 36 41 5 234 64 148 40 3 42
    124 153 47 120 47 105 120 40 188 39 126 4 136 236 205 4 151 40 87
    204 146 168 235 249 134 19 122 151 56 194 165 176 191 2 65 159 190
    73 231 188 177 196 189 162 90 247 55 85 185 153 205 165 151 221 164
    91 143 71 19 199 71 128 124 184 219 111 253 116 214 89 243 245 89
    192 91 148 139 147 95 195 190 34 221 30 118 204 73 19 161 124 235 9
    252 101 184 42 94 5 71 61 96 198 104 103 34 217 218 155 75 188 41
    124 110 245 9 147 3 77 198 6 55 57 218 93 45 73 193 113 50 231 238
    37 107 199 90 162 158 255 199 82 130 58 252 40 244 205 190 202 35
    230 227 235 70 145 30 168 6 238 88 216 136 219 6 222 123 227 109 235
    15 18 214 171 21 65 86 93 122 151 86 3 39 196 126 111 222 116 164
    113 6 212 94 72 227 14 96 235 153 38 141 47 25 3 87 13 129 77 220 84
    157 130 66 154 66 63 9 78 40 159 167 182 79 247 156 43 47 210 85 125
    235 62 126 129 103 130 162 126 36 74 178 39 184 154 75 25 63 191 143
    179 188 86 155 203 116 206 255 44 142 210 209 162 233 23 52 13 180
    158 130 225 31 139 147 205 87 204 223 53 4 118 134 255 7 77 30 26
    140 62 123 113 167 103 200 53 89 31 14 82 4 26 187 205 190 143 236
    250 66 73 22 128 31 175 196 137 56 34 62 14 138 164 9 199 87 131 199
    188 43 102 1 227 12 164 53 236 156 156 158 211 153 229 52 42 153 48
    184 160 191 194 145 216 11 179 220 100 191 19 148 211 62 105 59 205
    216 236 114 193 105 39 65 80 171 96 55 123 241 228 115 250 91 76 219
    224 193 117 91 124 120 91 167 6 98 95 8 54 51 102 200 200 91 52 76
    26 142 22 82 76 50 33 96 240 135 13 232 117 21 97 157 93 166 232 49
    51 123 236 140 184 69 212 222 64 221 48 188 124 52 77 138 3 240 81 3
    120 146 222 79 166 83 22 128 12 219 133 86 141 138 25 41 32 9 46 128
    168 166 14 54 82 208 169 6 44 109 203 214 229 111 116 147 221 46 119
    251 187 154 39 25 82 21 65 124 148 35 92 205 133 112 69 65 201 239
    24 183 50 135 118 197 55 28 197 243 174 22 161 184 242 123 69 147
    127 50 61 67 28 221 251 78 22 102 112 71 153 11 224 253 43 50 42 231
    68 126 209 79 19 88 233 244 127 127 64 48 117 201 146 41 160 139 57
    126 158 210 238 179 109 84 16 194 173 92 152 242 164 100 141 136 137
    5 13 147 121 251 199 96 47 164 111 199 27 73 69 68 189 212 4 93 171
    108 44 53 242 21 11 2 59 165 9 104 21 132 198 158 130 98 227 54 80
    191 239 219 191 71 67 24 226 96 167 124 71 94 38 120 11 39 79 252
    175 178 104 47 192 206 236 204 181 125 109 164 234 13 39 210 122 209
    240 11 41 59 58 33 107 106 210 35 173 44 237 189 125 91 218 220 1
    180 216 101 217 162 124 226 150 109 2 186 233 27 4 88 211 154 171 81
    88 107 218 100 64 176 229 97 66 51 174 103 184 70 205 86 211 88 48
    210 217 107 86 128 189 2 79 253 199 177 27 180 222 41 113 60 100 233
    229 43 179 97 117 42 167 162 252 170 123 41 10 89 178 67 132 107 22
    95 126 200 149 249 97 210 153 111 111 161 67 136 44 225 155 40 120
    17 34 108 229 38 255 25 22 219 56 131 99 174 145 112 221 170 189 13
    249 35 8 116 62 215 212 205 41 0 84 210 32 4 8 61 115 253 189 75 19
    64 235 112 84 168 23 217 238 234 48 219 44 227 217 173 37 141 190
    105 102 242 183 14 134 177 145 147 5 153 151 169 29 151 109 79 74
    248 79 104 251 37 96 23 95 217 93 254 53 41 198 215 38 1 98 130 166
    34 221 231 40 198 82 104 64 216 140 122 50 55 11 222 132 71 237 126
    74 175 186 8 172 193 95 215 217 23 110 195 251 240 198 28</data></your_img>
</opencv_storage>
