<?xml version="1.0"?>
<opencv_storage>
<L2_diff>1.5285898730529389e+03</L2_diff>
<test_hist type_id="opencv-matrix">
  <rows>256</rows>
  <cols>1</cols>
  <dt>f</dt>
  <data>
    4.78025787e+02 2.28737091e+02 9.07656372e+02 9.92202393e+02
    5.96628906e+02 1.76100739e+02 4.23285492e+02 7.29246460e+02
    6.43043823e+01 7.86945679e+02 6.71426453e+02 6.63312012e+02
    3.52009033e+02 2.88292267e+02 8.46489014e+02 3.44501282e+02
    6.34919250e+02 2.47920639e+02 9.24677429e+01 4.08187286e+02
    3.72344360e+01 3.01702820e+02 8.89105469e+02 6.81434265e+02
    3.46725647e+02 2.36935760e+02 9.08668579e+02 1.60131073e+02
    8.24859497e+02 2.84456879e+02 7.26824585e+02 1.82793488e+02
    1.19433441e+02 5.46029846e+02 8.06889282e+02 3.94845276e+02
    4.02422211e+02 3.63122314e+02 6.19186279e+02 4.50196899e+02
    4.60680145e+02 6.02011719e+02 5.24711853e+02 7.51276611e+02
    4.99006134e+02 3.58822540e+02 5.58497986e+02 5.66001282e+02
    8.21616211e+01 3.22338684e+02 1.96123810e+02 6.46689087e+02
    5.19472656e+01 9.53160645e+02 9.64024170e+02 6.50186401e+02
    9.01526733e+02 2.27654541e+02 9.21925049e+02 1.68274872e+02
    9.54830933e+02 4.99169922e+01 4.79688477e+02 4.83309326e+01
    7.68263794e+02 4.11439941e+02 5.88420898e+02 8.83154663e+02
    3.64213928e+02 5.11399353e+02 6.94970093e+02 3.36374237e+02
    9.48535645e+02 1.24515808e+02 9.84529724e+01 1.81142456e+02
    7.31396790e+02 5.83677856e+02 6.01609436e+02 5.54729065e+02
    2.73162598e+02 2.41158722e+02 8.28879150e+02 9.58405273e+02
    6.93051941e+02 7.16226440e+02 6.51178040e+02 6.98990234e+02
    1.91870728e+01 9.11702881e+02 1.72004333e+02 7.70015808e+02
    3.57862793e+02 6.45208862e+02 8.57954895e+02 8.01309082e+02
    9.72943787e+02 7.53792114e+02 3.96075256e+02 7.13031677e+02
    5.29035706e+02 9.80447815e+02 9.99541687e+02 4.03191010e+02
    6.19593811e+02 9.49998474e+01 6.72001953e+01 5.67316101e+02
    2.19526703e+02 5.35354004e+02 8.27361206e+02 6.47268982e+01
    1.20072418e+02 6.99549438e+02 5.34625183e+02 4.32582092e+02
    6.97053833e+02 5.01949402e+02 3.10012634e+02 3.38854858e+02
    9.43807861e+02 4.40794189e+02 5.09339813e+02 2.92339172e+01
    9.50976929e+02 6.90465210e+02 6.00939941e+02 8.00897156e+02
    3.77716003e+02 3.48114929e+01 7.17176514e+01 3.39257629e+02
    6.30742798e+02 1.43572357e+02 9.40518066e+02 4.64408722e+02
    3.70936279e+01 6.96324097e+02 6.86161865e+02 7.68186340e+01
    1.27022247e+02 5.64114746e+02 3.89864380e+02 2.17088318e+01
    4.37599762e+02 3.24529663e+02 5.53241760e+02 6.48466492e+01
    5.10365906e+01 3.25511841e+02 1.24172363e+02 8.26099487e+02
    9.10499146e+02 2.38411011e+02 5.28871521e+02 7.32579590e+02
    2.72026245e+02 3.10136047e+02 2.67169373e+02 3.58246857e+02
    1.75562592e+02 9.63898254e+02 5.31824280e+02 2.37023560e+02
    5.06113434e+02 9.79502563e+01 4.89822815e+02 2.25472565e+02
    2.63992126e+02 9.33016907e+02 3.78398102e+02 2.38687744e+02
    7.95491455e+02 9.30007568e+02 8.88191223e+01 2.78060608e+01
    9.21960571e+02 8.76809814e+02 5.08408905e+02 7.21745544e+02
    2.44660202e+02 2.89267578e+01 3.00729431e+02 5.17559937e+02
    5.81490356e+02 8.07465210e+02 6.67283813e+02 2.80794067e+02
    9.08393188e+02 9.34606812e+02 6.82057068e+02 2.22799957e+02
    9.38577576e+02 5.68513794e+02 1.47473145e+01 1.63521362e+02
    8.75891052e+02 8.26595459e+02 7.12104370e+02 7.11126221e+02
    4.91452423e+02 8.74755859e+00 9.03693604e+02 8.87837524e+02
    5.89373779e+01 6.91344910e+02 2.62079712e+02 1.90753693e+02
    2.53431396e+02 5.56275940e+02 9.35031189e+02 8.27709717e+02
    8.93038635e+02 1.78969971e+02 2.81305969e+02 1.67808502e+02
    1.60533417e+02 8.04685547e+02 7.41225281e+02 7.05070251e+02
    8.40350647e+01 8.09695129e+01 9.95903320e+02 9.57397339e+02
    5.23933044e+02 4.01583862e+01 2.87892822e+02 8.54004272e+02
    7.74364929e+02 1.25896667e+02 1.65528442e+02 7.40453247e+02
    5.84928955e+02 4.77241333e+02 9.27933228e+02 1.14695282e+02
    5.28160583e+02 1.86584351e+02 8.46899414e+02 7.98092773e+02
    4.74133179e+02 2.81810486e+02 4.77716064e+00 6.92635986e+02
    9.42789551e+02 6.08435852e+02 5.78254883e+02 4.00144623e+02
    1.21244110e+02 6.82825684e+02 9.97278870e+02 4.03039764e+02
    6.53576416e+02 2.23091766e+02 7.31967468e+02 1.66691437e+02</data></test_hist>
<my_lkt type_id="opencv-matrix">
  <rows>256</rows>
  <cols>1</cols>
  <dt>u</dt>
  <data>
    1 1 3 5 6 7 7 9 9 10 12 13 14 14 16 16 18 18 18 19 19 20 21 23 23 24
    26 26 28 28 30 30 30 31 33 33 34 35 36 37 38 39 40 42 42 43 44 45 45
    46 46 48 48 50 52 53 55 55 57 57 59 59 60 60 61 62 63 65 66 67 68 69
    71 71 71 71 73 74 75 76 77 77 79 81 82 83 85 86 86 88 88 89 90 91 93
    95 96 98 99 100 101 103 105 106 107 107 107 108 109 110 111 111 112
    113 114 115 116 117 118 118 120 121 122 122 124 125 127 128 129 129
    129 130 131 132 134 135 135 136 138 138 138 139 140 140 141 142 143
    143 143 144 144 146 148 148 149 151 151 152 152 153 154 156 157 157
    158 158 159 160 160 162 163 164 165 167 167 167 169 171 172 174 174
    174 175 176 177 179 180 181 183 185 186 187 189 190 190 190 192 194
    195 197 198 198 200 201 202 203 204 204 204 206 208 209 211 211 212
    212 213 214 216 217 218 218 220 222 223 223 224 225 227 227 228 229
    230 231 233 234 235 235 237 238 239 240 240 241 243 245 246 247 247
    248 250 251 253 253 255 255</data></my_lkt>
<your_lkt type_id="opencv-matrix">
  <rows>256</rows>
  <cols>1</cols>
  <dt>u</dt>
  <data>
    75 36 142 155 93 28 66 114 10 123 105 104 55 45 132 54 99 39 14 64 6
    47 139 106 54 37 142 25 129 44 114 29 19 85 126 62 63 57 97 70 72 94
    82 117 78 56 87 88 13 50 31 101 8 149 151 102 141 36 144 26 149 8 75
    8 120 64 92 138 57 80 109 53 148 19 15 28 114 91 94 87 43 38 129 150
    108 112 102 109 3 142 27 120 56 101 134 125 152 118 62 111 83 153
    156 63 97 15 10 89 34 84 129 10 19 109 84 68 109 78 48 53 147 69 80
    5 149 108 94 125 59 5 11 53 99 22 147 73 6 109 107 12 20 88 61 3 68
    51 86 10 8 51 19 129 142 37 83 114 42 48 42 56 27 151 83 37 79 15 77
    35 41 146 59 37 124 145 14 4 144 137 79 113 251 85 10 105 180 203 25
    232 98 60 70 238 78 71 198 5 57 49 32 248 248 171 3 59 53 21 241 91
    66 88 194 70 32 55 62 98 58 56 24 2 246 29 28 91 78 183 14 100 42 14
    44 58 2 204 166 67 40 184 65 39 22 165 98 2 241 72 212 201 139 42
    238 91 140 228 78 255</data></your_lkt>
</opencv_storage>
