<?xml version="1.0"?>
<opencv_storage>
<L2_diff>2.3351779375456595e+03</L2_diff>
<test_hist type_id="opencv-matrix">
  <rows>256</rows>
  <cols>1</cols>
  <dt>f</dt>
  <data>
    9.31866943e+02 3.24197571e+02 4.71189423e+02 5.91386230e+02
    2.90832703e+02 3.10445618e+02 3.46268433e+02 4.97482819e+02
    9.55573853e+02 7.56377075e+02 8.61091614e+01 1.64532684e+02
    5.45748779e+02 5.39946533e+02 9.57604614e+02 8.82452271e+02
    6.46475464e+02 7.60209839e+02 1.33498444e+02 9.41696777e+02
    9.63976929e+02 2.62055786e+02 1.33251892e+02 3.66491699e+02
    2.78529388e+02 5.00623474e+02 9.92255493e+02 3.65040771e+02
    3.91283508e+02 6.02396484e+02 4.14362610e+02 4.31593109e+02
    2.84544830e+02 9.29525146e+02 2.33815582e+02 4.64477539e-01
    7.34525879e+02 2.88437866e+02 9.31318542e+02 4.81311890e+02
    4.92206360e+02 4.97511658e+02 7.24580811e+02 6.99464050e+02
    6.07742249e+02 7.21712158e+02 4.55979309e+01 3.34857300e+02
    9.83083374e+02 1.26410461e+02 7.53017456e+02 8.73673096e+01
    8.18212280e+02 8.78100464e+02 2.86666443e+02 9.82412781e+02
    3.71727844e+02 5.81911621e+02 2.25146240e+02 7.81603699e+01
    9.37316345e+02 4.13337341e+02 8.23143188e+02 2.15467834e+01
    1.21953430e+01 7.30655334e+02 1.83117249e+02 5.97181213e+02
    4.27256104e+02 3.16120605e+02 8.48917603e+02 1.67390991e+02
    3.91585632e+02 5.20305603e+02 1.98685181e+02 4.38081451e+02
    6.01031494e+01 2.19304016e+02 6.58904419e+02 8.07557251e+02
    1.91828339e+02 8.53660950e+02 2.61285736e+02 9.14223022e+02
    6.02989868e+02 4.65510681e+02 8.24077393e+02 7.58499023e+02
    2.15540344e+02 5.67499634e+02 9.83331360e+02 7.58070923e+02
    5.26682190e+02 6.74856262e+01 6.76011047e+01 2.96366638e+02
    6.52651550e+02 8.20073853e+02 4.91964722e+01 6.62906921e+02
    1.70007538e+02 6.65528748e+02 8.70506958e+02 9.69093018e+01
    4.59408508e+02 1.25616180e+02 5.42961975e+02 1.59981659e+02
    8.48379822e+02 6.59307190e+02 9.40020447e+01 3.76267120e+02
    9.31866943e+02 3.24197571e+02 4.71189423e+02 5.91386230e+02
    2.90832703e+02 3.10445618e+02 3.46268433e+02 4.97482819e+02
    9.55573853e+02 7.56377075e+02 8.61091614e+01 1.64532684e+02
    5.45748779e+02 5.39946533e+02 9.57604614e+02 8.82452271e+02
    6.46475464e+02 7.60209839e+02 1.33498444e+02 9.41696777e+02
    9.63976929e+02 2.62055786e+02 1.33251892e+02 3.66491699e+02
    2.78529388e+02 5.00623474e+02 9.92255493e+02 3.65040771e+02
    3.91283508e+02 6.02396484e+02 4.14362610e+02 4.31593109e+02
    2.84544830e+02 9.29525146e+02 2.33815582e+02 4.64477539e-01
    7.34525879e+02 2.88437866e+02 9.31318542e+02 4.81311890e+02
    4.92206360e+02 4.97511658e+02 7.24580811e+02 6.99464050e+02
    6.07742249e+02 7.21712158e+02 4.55979309e+01 3.34857300e+02
    9.83083374e+02 1.26410461e+02 7.53017456e+02 8.73673096e+01
    8.18212280e+02 8.78100464e+02 2.86666443e+02 9.82412781e+02
    3.71727844e+02 5.81911621e+02 2.25146240e+02 7.81603699e+01
    9.37316345e+02 4.13337341e+02 8.23143188e+02 2.15467834e+01
    1.21953430e+01 7.30655334e+02 1.83117249e+02 5.97181213e+02
    4.27256104e+02 3.16120605e+02 9.47388977e+02 4.70560364e+02
    3.54618835e+01 5.38609558e+02 9.80197083e+02 5.75659668e+02
    4.03814575e+02 1.96126587e+02 8.15369507e+02 1.94831207e+02
    2.29714752e+02 1.84806946e+02 5.52105591e+02 4.15932983e+02
    5.44340454e+02 5.60632629e+02 2.85123505e+02 5.33794678e+02
    1.17758484e+02 1.80842102e+02 9.19282715e+02 1.19826813e+02
    7.55820679e+02 5.85826416e+02 2.87778320e+02 3.10048889e+02
    4.65012848e+02 6.92740601e+02 3.30815613e+02 6.49021729e+02
    2.39872131e+02 4.84072876e+02 5.27016296e+02 3.57746460e+02
    3.59222748e+02 2.38274323e+02 8.73376160e+02 8.86447571e+02
    9.97171021e+01 3.40106262e+02 8.71031067e+02 5.46514221e+02
    4.55889496e+02 3.61418976e+02 4.66900909e+02 3.02758026e+02
    1.11386139e+02 4.19020935e+02 5.14904175e+02 1.65729248e+02
    6.02307251e+02 4.38084412e+01 6.49049927e+02 9.85853455e+02
    7.50091919e+02 3.10952393e+02 8.96756042e+02 1.83260010e+02
    8.66333496e+02 3.91415497e+02 1.98394501e+02 1.69637115e+02
    4.73353027e+02 7.42704712e+02 5.51365784e+02 8.36177856e+02
    2.57083618e+02 3.85764832e+02 7.92856079e+02 8.28714661e+02
    1.35307495e+02 7.64295044e+02 6.01986389e+02 2.51907669e+02</data></test_hist>
<my_lkt type_id="opencv-matrix">
  <rows>256</rows>
  <cols>1</cols>
  <dt>u</dt>
  <data>
    2 3 4 4 4 5 6 6 7 7 9 11 11 11 12 14 15 17 18 18 18 18 18 20 20 21
    23 23 23 24 24 25 27 29 30 31 31 32 34 35 36 36 37 38 39 40 42 42 42
    42 43 43 45 46 47 47 48 50 51 52 54 56 57 58 58 60 62 64 64 65 67 68
    68 69 70 71 71 71 73 75 75 77 77 79 81 82 83 85 85 87 89 90 91 91 92
    92 94 95 95 97 97 99 101 101 102 102 103 103 105 107 107 108 110 110
    111 113 113 114 115 116 118 119 119 120 121 122 124 126 127 129 129
    131 133 134 134 135 135 136 139 139 140 141 142 143 144 146 146 146
    148 148 150 151 152 153 155 156 157 159 159 160 162 162 164 164 166
    167 168 170 171 172 172 173 175 175 177 177 177 179 179 180 181 182
    184 185 185 186 188 189 190 190 192 193 193 193 195 195 197 198 198
    199 200 200 202 202 204 205 206 206 207 209 209 211 211 212 213 214
    215 215 217 219 219 220 222 223 224 225 226 226 226 227 228 229 230
    230 231 233 235 236 237 238 240 240 241 241 242 244 245 247 247 248
    250 251 252 253 254 255</data></my_lkt>
<your_lkt type_id="opencv-matrix">
  <rows>256</rows>
  <cols>1</cols>
  <dt>u</dt>
  <data>
    255 99 71 243 33 236 128 69 231 161 132 202 230 217 19 65 144 89 14
    58 157 41 241 30 60 202 151 186 155 41 144 255 103 135 57 26 223 251
    132 32 233 229 146 252 18 2 144 248 217 135 195 92 146 10 64 76 247
    163 198 72 90 194 38 211 80 81 100 17 134 251 154 189 14 70 233 95
    222 115 85 103 20 84 68 167 162 177 220 137 179 72 126 28 160 57 86
    53 26 223 1 81 88 238 27 136 157 32 215 91 17 187 163 204 58 238 89
    19 178 60 234 138 215 108 198 228 158 214 221 1 243 62 250 5 54 8
    187 15 113 171 97 157 193 11 190 232 111 229 231 118 168 80 174 111
    73 145 192 187 94 229 107 141 62 235 19 7 4 172 140 147 71 163 68
    219 168 185 238 118 38 205 103 217 150 227 0 0 0 0 0 0 0 0 0 0 0 0 0
    0 0 0 0 0 0 0 0 0 0 0 0 0 0 0 0 0 0 0 0 0 0 0 0 0 0 0 0 0 0 0 0 0 0
    0 0 0 0 0 0 0 0 0 0 0 0 0 0 0 0 0 0 0 0 0 0 0 0 0 0 0</data></your_lkt>
</opencv_storage>
