<?xml version="1.0"?>
<opencv_storage>
<L2_diff>9.5551033484730027e+01</L2_diff>
<test_hist type_id="opencv-matrix">
  <rows>256</rows>
  <cols>1</cols>
  <dt>f</dt>
  <data>
    4.44501787e-01 4.46423709e-01 4.48160112e-01 4.51040506e-01
    4.54533249e-01 4.59247708e-01 4.61445034e-01 4.65420306e-01
    4.69242871e-01 4.72024709e-01 4.76795137e-01 4.77846533e-01
    4.81104046e-01 4.81595397e-01 4.89385426e-01 4.96271431e-01
    4.98394102e-01 4.99546409e-01 5.00212431e-01 5.02948105e-01
    5.04564524e-01 5.05862951e-01 5.11503756e-01 5.15468538e-01
    5.21905959e-01 5.25475264e-01 5.29643178e-01 5.35994291e-01
    5.41013837e-01 5.42013705e-01 5.46025276e-01 5.47746181e-01
    5.50359428e-01 5.56466460e-01 5.58096826e-01 5.58899701e-01
    5.59768915e-01 5.63481867e-01 5.65306306e-01 5.71317673e-01
    5.77401519e-01 5.82247436e-01 5.88074148e-01 5.93291581e-01
    5.96969604e-01 5.99033892e-01 6.03081107e-01 6.05246127e-01
    6.10084295e-01 6.16576135e-01 6.24501109e-01 6.26724184e-01
    6.30897045e-01 6.34353101e-01 6.42384946e-01 6.45436883e-01
    6.49849951e-01 6.56857550e-01 6.60939574e-01 6.63325667e-01
    6.65406048e-01 6.71292961e-01 6.75609231e-01 6.80394411e-01
    6.81437016e-01 6.89099133e-01 6.91661119e-01 6.99876606e-01
    7.05835283e-01 7.12972522e-01 5.20585938e+02 9.89452209e+02
    1.20481964e+02 5.25932678e+02 6.16887512e+01 2.74837189e+02
    4.42123413e+01 3.46345337e+02 6.52389465e+02 4.22047974e+02
    9.30943970e+02 2.63585266e+02 3.75445068e+02 2.80703217e+02
    1.81903961e+02 7.35806091e+02 4.09393219e+02 6.61011475e+02
    4.74373474e+01 7.60262573e+02 9.89830750e+02 8.62425659e+02
    9.67978882e+02 9.58007812e-01 9.78302124e+02 7.77921143e+02
    6.47284790e+02 1.82161438e+02 9.25101501e+02 2.74033203e+02
    6.66212585e+02 1.98736816e+02 3.99814819e+02 3.90211975e+02
    6.51616821e+02 7.04851196e+02 2.62204773e+02 7.10688477e+02
    3.39748840e+01 9.80351074e+02 1.99699402e+02 9.16851807e+00
    6.63959900e+02 2.33682587e+02 2.11123688e+02 3.50222229e+02
    4.24673889e+02 5.73219299e+02 2.67168579e+02 4.83343536e+02
    4.64776031e+02 3.38236389e+02 5.80026489e+02 1.27835022e+02
    3.96074036e+02 5.97434692e+01 9.47170532e+02 8.37255310e+02
    2.58090088e+02 1.40104645e+02 8.09790344e+01 3.32623169e+02
    1.96535065e+02 1.57872314e+02 6.85849731e+02 4.82067902e+02
    7.82709961e+02 4.33980072e+02 5.06764679e+02 7.72216614e+02
    6.10314148e+02 1.21570007e+02 4.87757721e+02 2.09240601e+02
    3.17738708e+02 7.42540649e+02 1.98233917e+02 9.76211853e+01
    1.05686462e+02 4.51452209e+02 2.21825684e+02 7.30911804e+02
    7.39720398e+02 5.89205261e+02 7.08456543e+02 6.34372192e+02
    4.47204041e+02 2.50988358e+02 4.92089447e+02 2.63243286e+02
    5.88264221e+02 7.89328857e+02 9.63580200e+02 2.70298065e+02
    5.07370819e+02 4.20215210e+02 9.76571899e+02 3.71074402e+02
    5.36577698e+02 8.52036499e+02 4.96321106e+02 2.90121155e+02
    2.52946808e+02 7.15775574e+02 5.24804565e+02 5.81818542e+02
    1.26766327e+02 9.31616821e+02 3.11507629e+02 9.98904053e+02
    7.24498352e+02 8.67800171e+02 5.53308411e+02 8.97206665e+02
    7.03493835e+02 6.70115967e+01 9.16299194e+02 5.06923431e+02
    2.81515259e+02 8.58485291e+02 4.87539673e+02 8.20144592e+02
    3.38598480e+02 8.80537109e+02 6.66787415e+01 5.49359253e+02
    2.63956085e+02 2.66397583e+02 6.86421326e+02 3.61862427e+02
    8.20437317e+01 2.11012482e+02 5.09426300e+02 3.84044464e+02
    5.99786804e+02 1.22093811e+02 3.67422760e+02 3.74759460e+02
    7.89129761e+02 8.75081665e+02 8.99256104e+02 8.86385803e+01
    8.22849976e+02 8.88598389e+02 2.35979370e+02 8.52708618e+02
    6.81613220e+02 4.74800293e+02 6.38188171e+02 7.43150330e+02
    3.19408081e+02 8.66547546e+01 6.16145386e+02 2.70956726e+02
    4.79882080e+02 4.22373657e+02 1.62388214e+02 2.97427429e+02
    6.40692688e+02 5.63090820e+02 2.23035797e+02 7.44807739e+02
    6.10540771e+02 3.67941315e+02 7.08792542e+02 1.36716797e+02
    6.26148193e+02 1.36651550e+02 2.62279663e+01 5.59621399e+02
    3.73758148e+02 6.60052185e+01 7.32140015e+02 3.11256653e+02
    5.27782898e+01 8.90409546e+02 4.57995300e+02 2.42572693e+02
    3.92965332e+02 6.94718506e+02 3.56180969e+02 2.86675110e+01
    8.44749023e+02 3.46351959e+02 6.55845337e+01 8.97065186e+02</data></test_hist>
<my_lkt type_id="opencv-matrix">
  <rows>256</rows>
  <cols>1</cols>
  <dt>u</dt>
  <data>
    1 3 4 5 7 8 9 10 10 11 13 14 14 16 17 18 18 19 19 19 21 22 24 25 26
    26 28 29 31 31 33 34 35 35 35 35 36 37 37 38 39 39 40 41 42 43 44 44
    46 47 48 49 49 50 52 53 55 57 58 59 61 62 63 64 65 65 66 67 69 70 72
    74 74 75 75 76 76 77 78 79 81 81 82 83 83 85 86 87 87 89 91 93 95 95
    97 99 100 100 102 103 104 105 106 107 108 109 110 111 112 114 114
    114 116 116 116 117 118 119 120 121 122 123 124 124 125 125 127 129
    130 130 130 131 131 131 133 134 135 136 137 139 140 140 141 142 143
    144 144 145 145 146 146 148 149 151 152 153 154 155 156 156 157 159
    161 162 163 164 166 166 167 169 170 171 171 173 174 175 175 177 178
    180 181 183 184 186 188 188 190 191 191 193 194 196 196 198 198 200
    200 201 202 203 203 203 204 205 206 207 207 208 210 212 213 214 215
    217 218 219 221 222 223 225 225 225 227 227 228 229 230 230 231 233
    233 235 236 237 238 238 240 240 240 241 242 242 244 244 244 246 247
    248 248 250 251 251 252 253 253 255</data></my_lkt>
<your_lkt type_id="opencv-matrix">
  <rows>256</rows>
  <cols>1</cols>
  <dt>u</dt>
  <data>
    2 2 2 3 4 6 7 7 9 10 10 11 13 14 16 16 17 17 18 19 21 21 23 25 25 25
    25 26 27 28 29 30 30 31 31 33 35 36 36 36 37 38 39 39 40 41 42 43 45
    46 46 47 47 48 49 50 51 51 51 52 53 54 54 55 56 56 57 58 58 59 60 61
    63 64 65 66 67 69 69 70 70 71 72 73 73 74 76 77 77 78 79 80 81 82 83
    84 85 86 87 89 90 91 93 94 96 97 98 99 101 101 103 105 105 106 108
    108 110 110 111 112 112 114 116 117 117 119 121 121 122 124 125 126
    127 129 129 131 133 135 135 136 138 139 141 141 142 144 145 146 148
    149 149 149 151 152 153 155 156 156 157 159 160 161 161 162 163 163
    165 166 166 168 169 170 171 171 172 172 172 173 175 177 178 180 181
    181 182 183 185 186 187 187 188 190 191 193 194 195 197 198 200 202
    202 203 203 204 206 207 207 209 211 213 214 215 215 216 217 218 219
    221 221 222 223 225 225 226 227 229 229 231 231 233 235 236 236 236
    238 238 239 240 240 241 243 243 245 245 245 245 246 247 249 250 251
    251 253 254 254 255</data></your_lkt>
</opencv_storage>
