<?xml version="1.0"?>
<opencv_storage>
<L2_diff>2.2885788166458242e+03</L2_diff>
<test_hist type_id="opencv-matrix">
  <rows>256</rows>
  <cols>1</cols>
  <dt>f</dt>
  <data>
    1.69667175e+02 5.57950684e+02 8.42824097e+02 7.00822693e+02
    9.65785645e+02 9.97521851e+02 8.01487915e+02 6.84927429e+02
    9.42830933e+02 8.28476562e+02 6.80284302e+02 9.75446777e+02
    3.46066223e+02 7.51493164e+02 3.92759094e+02 2.61061462e+02
    3.08503082e+02 5.02815338e+02 1.83811340e+01 3.39245911e+02
    3.76884064e+02 8.23189697e+02 1.79304413e+02 9.20049316e+02
    9.07598022e+02 8.93924377e+02 3.29689026e+01 4.76431183e+02
    6.51156616e+01 2.37403229e+02 7.52082275e+02 5.18013428e+02
    8.62330078e+02 4.92558594e+01 2.58531982e+02 2.56674500e+01
    2.34331116e+02 4.17735962e+02 3.10687897e+02 7.16932373e+01
    3.63292236e+02 6.54781189e+01 9.34620850e+02 1.74301697e+02
    7.90366516e+01 7.79876465e+02 1.25059265e+02 2.95490479e+02
    1.90583557e+02 7.08766235e+02 3.13358795e+02 6.23960266e+02
    4.09882294e+02 6.17872925e+01 2.13719147e+02 1.43787537e+02
    5.41464905e+02 2.68035675e+02 4.24562622e+02 6.73298584e+02
    1.23637848e+02 8.27053650e+02 8.11205933e+02 5.51451355e+02
    5.55520081e+02 3.40107727e+02 3.51073395e+02 4.69799927e+02
    1.84462006e+02 9.77843018e+02 5.59290588e+02 2.98969482e+02
    4.83215942e+02 6.79548462e+02 1.62635620e+02 5.95287598e+02
    6.08565674e+01 3.14508392e+02 4.92755798e+02 5.75972961e+02
    1.30189178e+02 6.74752197e+02 8.46710144e+02 7.90595764e+02
    8.60347900e+01 6.70574219e+02 2.13013031e+02 8.72244202e+02
    2.02362549e+02 1.95048096e+02 6.07482300e+01 7.19995178e+02
    4.88366455e+02 3.33050842e+01 4.84315460e+02 5.04211731e+02
    7.72517517e+02 2.42491241e+02 1.93027008e+02 3.85917358e+01
    7.01586609e+01 1.42849365e+02 7.05740295e+02 3.78965851e+02
    7.30812866e+02 9.60709961e+02 7.99079773e+02 2.16883087e+02
    3.15079346e+02 9.06270142e+02 8.31395508e+02 5.90817810e+02
    1.69667175e+02 5.57950684e+02 8.42824097e+02 7.00822693e+02
    9.65785645e+02 9.97521851e+02 8.01487915e+02 6.84927429e+02
    9.42830933e+02 8.28476562e+02 6.80284302e+02 9.75446777e+02
    3.46066223e+02 7.51493164e+02 3.92759094e+02 2.61061462e+02
    3.08503082e+02 5.02815338e+02 1.83811340e+01 3.39245911e+02
    3.76884064e+02 8.23189697e+02 1.79304413e+02 9.20049316e+02
    9.07598022e+02 8.93924377e+02 3.29689026e+01 4.76431183e+02
    6.51156616e+01 2.37403229e+02 7.52082275e+02 5.18013428e+02
    8.62330078e+02 4.92558594e+01 2.58531982e+02 2.56674500e+01
    2.34331116e+02 4.17735962e+02 3.10687897e+02 7.16932373e+01
    3.63292236e+02 6.54781189e+01 9.34620850e+02 1.74301697e+02
    7.90366516e+01 7.79876465e+02 1.25059265e+02 2.95490479e+02
    1.90583557e+02 7.08766235e+02 3.13358795e+02 6.23960266e+02
    4.09882294e+02 6.17872925e+01 2.13719147e+02 1.43787537e+02
    5.41464905e+02 2.68035675e+02 4.24562622e+02 6.73298584e+02
    1.23637848e+02 8.27053650e+02 8.11205933e+02 5.51451355e+02
    5.55520081e+02 3.40107727e+02 3.51073395e+02 4.69799927e+02
    2.39833130e+02 4.04909790e+02 1.55477661e+02 6.28940308e+02
    2.65375000e+02 5.83795227e+02 9.59094910e+02 5.52351074e+02
    9.89059937e+02 9.64495117e+02 3.17335510e+02 2.48970215e+02
    7.09604370e+02 1.28442474e+02 4.68926117e+02 4.98533630e+02
    6.51562866e+02 6.95111938e+02 3.17870789e+02 2.60989685e+01
    4.00050659e+01 2.30558167e+01 2.35769501e+02 1.32588501e+01
    7.38483337e+02 2.79510345e+02 4.88305756e+02 4.49448486e+02
    7.65862305e+02 1.85993134e+02 8.24077759e+01 4.10266693e+02
    2.19262329e+02 5.56527832e+02 2.46861938e+02 6.02131470e+02
    8.88563843e+01 7.40182739e+02 6.05361511e+02 6.18807861e+02
    5.49654053e+02 6.02270508e+02 9.18391418e+02 9.08401733e+02
    8.99172668e+02 9.61860840e+02 2.04220398e+02 6.61770935e+01
    1.40976440e+02 6.36990112e+02 8.92058594e+02 8.10603149e+02
    7.72504395e+02 7.91963135e+02 9.22589478e+02 6.45585632e+02
    5.89901123e+01 6.48725403e+02 6.10505676e+02 3.80220581e+02
    6.36826416e+02 4.42415222e+02 1.37547821e+02 8.46029663e+01
    3.44018188e+02 9.67673950e+02 8.72373657e+02 1.83727325e+02
    3.05508423e+00 8.26459106e+02 3.20597565e+02 8.86952942e+02
    5.47269592e+02 7.60738220e+02 2.83781433e+01 7.80498047e+02</data></test_hist>
<my_lkt type_id="opencv-matrix">
  <rows>256</rows>
  <cols>1</cols>
  <dt>u</dt>
  <data>
    1 2 2 3 4 6 6 7 8 10 12 13 15 15 16 18 19 20 20 21 22 23 23 24 25 27
    27 28 28 30 31 32 32 33 33 34 34 35 35 36 37 39 39 41 42 42 42 43 43
    44 45 46 47 48 49 50 52 53 54 56 58 58 59 59 61 62 62 63 63 65 67 67
    68 70 70 71 71 72 73 74 74 76 77 79 79 81 81 83 83 84 84 85 86 86 87
    88 90 90 91 91 91 91 93 93 95 97 99 99 100 101 103 104 105 106 108
    109 111 113 115 116 118 120 121 123 124 125 126 127 128 129 129 129
    130 132 132 134 136 138 138 140 140 140 142 143 145 145 146 146 146
    147 148 148 149 149 151 151 151 153 153 154 154 156 157 158 159 159
    160 160 161 162 163 164 164 166 168 169 170 171 172 173 173 174 175
    176 177 178 180 181 183 185 186 187 188 189 190 191 192 194 194 194
    194 195 195 195 197 197 198 199 201 201 202 203 203 204 205 206 206
    208 209 211 212 213 215 217 219 221 222 222 222 224 225 227 229 231
    233 234 234 236 237 238 239 240 241 241 241 244 245 246 246 248 248
    250 252 253 253 255</data></my_lkt>
<your_lkt type_id="opencv-matrix">
  <rows>256</rows>
  <cols>1</cols>
  <dt>u</dt>
  <data>
    255 34 107 185 224 244 117 185 64 82 205 196 101 48 169 90 157 147 0
    22 135 164 14 252 226 1 172 250 32 80 251 52 201 55 88 238 16 61 101
    22 167 84 179 51 82 137 105 188 18 240 77 165 9 50 66 214 238 112 64
    24 142 228 116 158 111 178 51 100 190 6 27 205 84 229 0 246 158 72
    213 185 174 30 103 130 179 244 46 214 146 73 131 47 117 45 108 62
    128 139 70 113 226 75 252 124 245 245 245 9 217 187 38 131 1 197 136
    22 3 160 91 64 38 62 160 163 183 143 58 11 76 218 79 236 105 249 155
    117 14 111 215 146 220 122 37 253 246 16 134 145 106 27 121 106 224
    57 248 159 186 212 146 86 215 255 34 134 72 140 226 58 90 253 231
    171 40 211 10 76 90 199 180 247 0 0 0 0 0 0 0 0 0 0 0 0 0 0 0 0 0 0
    0 0 0 0 0 0 0 0 0 0 0 0 0 0 0 0 0 0 0 0 0 0 0 0 0 0 0 0 0 0 0 0 0 0
    0 0 0 0 0 0 0 0 0 0 0 0 0 0 0 0 0 0 0 0 0 0 0 0</data></your_lkt>
</opencv_storage>
