<?xml version="1.0"?>
<opencv_storage>
<L2_diff>1.9027811224625916e+03</L2_diff>
<test_hist type_id="opencv-matrix">
  <rows>256</rows>
  <cols>1</cols>
  <dt>f</dt>
  <data>
    4.28022563e-01 4.35368359e-01 4.40520138e-01 4.44392115e-01
    4.47704971e-01 4.49754179e-01 4.56548184e-01 4.56707239e-01
    4.62978065e-01 4.69067454e-01 4.74437267e-01 4.81962591e-01
    4.87805367e-01 4.93064344e-01 4.97769326e-01 5.01155555e-01
    5.07211983e-01 5.07791638e-01 5.13988376e-01 5.17207682e-01
    5.20851135e-01 5.26907623e-01 5.34487486e-01 5.40214956e-01
    5.44103086e-01 5.49563169e-01 5.50351620e-01 5.52950561e-01
    5.54261625e-01 5.57939708e-01 5.59128106e-01 5.64563394e-01
    5.70352495e-01 5.75461805e-01 5.80124319e-01 5.84802032e-01
    5.89450538e-01 5.96961558e-01 5.99788725e-01 6.07110262e-01
    6.09812677e-01 6.15724862e-01 6.19614899e-01 6.26371980e-01
    6.32963419e-01 6.36661470e-01 6.42412126e-01 6.47066772e-01
    6.51125073e-01 6.52912557e-01 6.54068351e-01 6.56006396e-01
    6.59077108e-01 6.64766729e-01 6.72365367e-01 6.77517056e-01
    6.81778848e-01 6.83379173e-01 6.89662874e-01 6.89957380e-01
    6.90389276e-01 6.94173932e-01 6.97667420e-01 7.02953696e-01
    7.08968043e-01 7.15901494e-01 7.20935881e-01 7.24292815e-01
    7.27668166e-01 7.34454691e-01 1.45547302e+02 6.39464722e+02
    4.49819946e+01 1.42654480e+02 6.81979431e+02 5.83964722e+02
    4.87034607e+02 4.66260681e+01 9.24216553e+02 3.81639099e+02
    1.14918274e+02 3.49821625e+02 9.35474060e+02 9.43404419e+02
    3.19115662e+02 7.43527954e+02 1.37223724e+02 8.12614136e+02
    6.46028076e+02 8.31824951e+02 6.96966919e+02 8.77722229e+02
    1.43193909e+02 1.03134003e+02 5.20826233e+02 6.54160583e+02
    7.18572754e+02 7.93601318e+02 8.70162598e+02 3.79247925e+02
    8.01889526e+02 9.03883911e+02 3.82752563e+02 2.67124390e+02
    9.71439575e+02 9.46063965e+02 1.18178284e+02 7.06001404e+02
    3.22374695e+02 8.44338867e+02 4.30087524e+02 2.32341125e+02
    4.81820435e+02 9.54672485e+02 6.69534546e+02 5.03208984e+02
    4.30544922e+02 2.66317810e+02 8.82960083e+02 2.06694641e+01
    8.14966187e+02 7.91387573e+02 6.97871521e+02 9.78004089e+02
    7.59338745e+02 6.83466797e+02 6.11468262e+02 4.40082550e+02
    7.87107483e+02 7.53356018e+01 8.05338867e+02 4.18386230e+02
    4.73508026e+02 7.87115845e+02 9.85091492e+02 7.44351746e+02
    5.05306671e+02 7.09604370e+02 1.02467712e+02 3.37765411e+02
    1.70390411e+02 4.78007904e+02 1.54446808e+02 7.06381409e+02
    7.52362854e+02 6.64016235e+02 6.05949707e+02 6.07926025e+02
    6.04131897e+02 9.76145142e+02 3.67424377e+02 9.51518738e+02
    3.51209106e+02 7.68355286e+02 5.05556213e+02 8.78165527e+02
    8.56633179e+02 4.80606171e+02 7.47368347e+02 6.04928406e+02
    5.27423889e+02 2.32303833e+02 1.50205597e+02 2.51871277e+02
    3.99072144e+02 7.39436523e+02 9.87529907e+02 6.69520447e+02
    5.53873413e+02 2.07983154e+02 8.16637634e+02 3.82771301e+01
    5.61320801e+01 4.91860931e+02 4.54019562e+02 6.87016724e+02
    7.81632568e+02 9.01081787e+02 6.54276184e+02 4.36272675e+02
    4.38664185e+02 8.81987671e+02 1.50715881e+02 2.36759644e+01
    6.09563721e+02 1.11742340e+02 1.02321228e+02 6.62480347e+02
    4.16276459e+02 5.33552368e+02 7.89314392e+02 4.40106812e+01
    9.23761353e+02 9.34783813e+02 1.71218628e+02 2.26459534e+02
    5.26188599e+02 9.52215637e+02 7.14409424e+02 3.66279083e+02
    1.79595978e+02 5.74765991e+02 3.47433655e+02 7.31043945e+02
    7.12221863e+02 8.31556885e+02 2.48669266e+02 5.05689209e+02
    4.79404358e+02 4.91205963e+02 6.63626953e+02 1.86773102e+02
    8.06741455e+02 1.33558746e+02 8.67208740e+02 4.78038239e+02
    3.73895294e+02 5.83626709e+01 5.90955200e+01 9.69335693e+02
    3.93234161e+02 2.80902863e+02 4.91422943e+02 4.52389069e+02
    7.23952148e+02 2.53639038e+02 9.10876160e+01 6.15110779e+01
    8.63887451e+02 9.45631287e+02 8.33801880e+02 5.44340271e+02
    5.85758057e+02 5.93277771e+02 3.83788452e+02 7.92474609e+02
    5.75634644e+02 7.46505493e+02 9.63795166e+01 1.38359070e+02
    2.00361633e+01 4.41562286e+02 8.28513062e+02 3.29415894e+02
    6.96553467e+02 5.12614929e+02 2.16012146e+02 7.90593689e+02
    6.58183960e+02 2.86439819e+02 4.33636688e+02 2.09251556e+02
    2.49197311e+02 4.04341492e+02 5.87655762e+02 4.15489502e+01</data></test_hist>
<my_lkt type_id="opencv-matrix">
  <rows>256</rows>
  <cols>1</cols>
  <dt>u</dt>
  <data>
    1 2 3 4 4 5 6 8 9 9 10 12 13 14 16 18 18 19 21 21 22 24 24 24 25 25
    27 29 30 31 31 32 33 34 34 35 37 37 38 38 38 40 40 40 42 43 43 44 46
    48 49 49 49 49 50 50 52 52 54 54 54 55 57 58 59 59 60 62 62 63 64 65
    65 65 67 68 69 69 71 71 72 72 74 76 77 78 78 80 81 83 84 86 86 86 87
    89 90 92 93 94 96 97 98 99 101 102 103 104 105 106 107 108 108 110
    112 113 113 114 116 116 117 119 120 122 124 125 126 127 129 129 130
    131 132 134 136 137 138 139 140 140 141 142 142 143 145 146 147 148
    150 152 152 154 155 156 157 159 161 162 163 164 165 166 166 167 168
    169 171 172 173 174 175 175 176 177 177 179 180 182 183 184 185 187
    187 187 188 189 189 190 191 192 194 194 195 197 198 198 199 201 202
    203 204 205 205 207 208 210 210 211 212 213 215 215 217 217 218 219
    220 220 220 222 223 224 225 226 227 227 228 228 229 231 233 234 235
    236 237 239 240 241 241 242 242 243 244 245 246 247 248 249 251 251
    252 252 253 254 255 255</data></my_lkt>
<your_lkt type_id="opencv-matrix">
  <rows>256</rows>
  <cols>1</cols>
  <dt>u</dt>
  <data>
    1 2 3 4 4 5 6 8 9 9 10 12 13 14 16 18 18 19 21 22 22 24 24 25 25 26
    27 29 30 31 31 32 33 34 34 36 37 38 38 38 38 40 40 41 43 43 44 45 47
    49 49 49 49 49 50 51 52 52 54 54 55 56 57 58 59 59 60 62 62 64 64 65
    65 66 67 68 69 69 71 72 72 73 75 76 77 79 79 80 82 83 85 86 87 87 88
    89 91 92 94 95 96 98 99 99 101 103 103 105 105 107 108 108 109 111
    112 113 114 115 116 116 118 120 121 123 124 126 127 128 129 129 131
    132 133 134 136 138 139 140 140 141 141 142 143 144 145 147 148 149
    150 152 153 155 156 157 158 160 161 162 164 165 166 166 167 167 168
    170 171 173 174 174 176 176 176 177 178 179 181 183 184 185 186 187
    0 0 0 0 0 0 0 0 0 0 0 0 0 0 0 0 0 0 0 0 0 0 0 0 0 0 0 0 0 0 0 0 0 0
    0 0 0 0 0 0 0 0 0 0 0 0 0 0 0 0 0 0 0 0 0 0 0 0 0 0 0 0 0 0 0 0 0 0
    0 0 0 0 0 108</data></your_lkt>
</opencv_storage>
