<?xml version="1.0"?>
<opencv_storage>
<L2_diff>1.5400782447655054e+03</L2_diff>
<test_hist type_id="opencv-matrix">
  <rows>256</rows>
  <cols>1</cols>
  <dt>f</dt>
  <data>
    2.36924896e+02 7.78115112e+02 7.62727783e+02 3.27905884e+01
    2.77561279e+02 4.56036194e+02 1.23321686e+02 1.04311340e+02
    7.70888306e+02 4.94123383e+02 4.02658112e+02 2.29368896e+01
    6.11525940e+02 3.60031433e+02 8.62743652e+02 4.78488770e+02
    8.62755005e+02 7.02754822e+01 6.71747437e+02 6.85816650e+02
    7.42657654e+02 9.67107544e+02 7.22521790e+02 9.48118042e+02
    6.57445618e+02 9.93084473e+02 8.12639160e+02 6.20802917e+02
    9.45472168e+02 6.75851318e+02 9.00178406e+02 8.79110352e+02
    6.91177368e+02 4.64482605e+02 3.61055603e+01 7.24912537e+02
    8.73510742e+02 2.06096771e+02 1.34602386e+02 2.67362061e+01
    9.45078613e+02 4.34056854e+02 7.62445190e+02 5.53730530e+02
    1.83334076e+02 5.76542480e+02 7.27207764e+02 1.62012939e+01
    8.67871704e+01 7.37249451e+01 1.34186584e+02 3.34251709e+02
    5.53279236e+02 2.98315704e+02 8.04679810e+02 8.97453613e+02
    5.37040344e+02 2.40604462e+02 8.78062866e+02 5.22774170e+02
    2.61054810e+02 4.63233673e+02 6.08043091e+02 9.13973022e+02
    8.17129089e+02 4.08198242e+02 8.66173706e+01 1.22157898e+02
    1.07701233e+02 8.09003906e+02 9.76626465e+02 8.53727295e+02
    7.26440857e+02 8.13508606e+01 5.83449219e+02 4.35818420e+02
    9.14144897e+00 5.40171692e+02 8.86138123e+02 7.86323975e+02
    8.84670959e+02 9.27955383e+02 6.48449158e+02 4.97395935e+01
    1.27840881e+02 2.07030121e+02 1.11920563e+02 8.67793884e+02
    9.25802124e+02 9.89521912e+02 1.48000580e+02 4.21151154e+02
    3.87418823e+01 2.81497314e+02 4.82378296e+02 4.29402435e+02
    3.95721039e+02 9.72332031e+02 9.65311890e+01 9.33941467e+02
    9.39105347e+02 6.47345703e+02 3.61125000e+02 2.54890091e+02
    9.32530151e+02 3.93128235e+02 3.42703247e+02 2.14419922e+02
    4.76165283e+02 8.26731750e+02 2.95548767e+02 2.07021942e+02
    5.93596069e+02 7.45187500e+02 1.28008148e+02 1.48816803e+02
    2.87465271e+02 1.91110046e+02 4.00638184e+02 7.06302551e+02
    8.02069214e+02 9.61319092e+02 7.52322571e+02 3.18296997e+02
    8.26489136e+02 9.94569092e+02 7.72631348e+02 8.25849182e+02
    5.99130920e+02 4.53901184e+02 6.22280762e+02 2.12959290e+01
    4.57962952e+01 4.42716675e+02 8.27199951e+02 7.76163147e+02
    6.71845703e+01 4.44863464e+02 8.06391846e+02 9.66723816e+02
    8.58974731e+02 2.10099579e+02 1.27532471e+02 1.31972229e+02
    7.94692932e+02 9.64952148e+02 8.83530518e+02 6.74688782e+02
    4.62671936e+02 1.22368896e+02 7.51685669e+02 5.44196838e+02
    5.84211914e+02 4.18824097e+02 8.04436646e+02 7.54432312e+02
    8.87197876e+01 3.16055603e+02 5.14372681e+02 6.28644104e+02
    2.89265015e+02 2.44553833e+01 3.38277649e+02 4.41060181e+01
    1.07235443e+02 6.68886597e+02 9.12624512e+02 4.26104797e+02
    5.51374268e+02 9.04389282e+02 3.40737183e+02 9.56605225e+01
    9.88190918e+01 3.37207275e+02 9.59346130e+02 1.76135468e+02
    4.91439545e+02 7.93969971e+02 1.07556549e+02 9.43838623e+02
    1.05133087e+02 8.10365906e+02 6.60103699e+02 4.40244263e+02
    9.20321899e+02 4.55474823e+02 2.56620422e+02 5.74902710e+02
    4.83140961e+02 4.27791901e+02 6.85647949e+02 9.63060974e+02
    7.05520081e+02 2.75324829e+02 9.63384766e+02 3.00470215e+02
    3.16509094e+02 9.55874329e+02 1.22247345e+02 5.10833527e+02
    2.48547195e+02 1.28654724e+02 4.69234741e+02 7.19053223e+02
    3.77546753e+02 7.59345581e+02 3.66455811e+02 4.61408752e+02
    6.38257080e+02 7.19242859e+02 9.64207520e+02 1.67315674e+00
    7.10749756e+02 2.60008179e+02 9.45908997e+02 5.06636353e+02
    3.27232574e+02 8.85723022e+02 7.64841919e+01 7.38533325e+02
    2.29462524e+02 5.77026367e-01 3.61898163e+02 4.63805298e+02
    7.83216248e+02 2.70025146e+02 9.75959106e+02 6.90291626e+02
    2.34107117e+02 1.37475830e+02 8.36369446e+02 2.64412354e+02
    2.19656982e+01 9.63355408e+01 6.60210266e+01 9.57303345e+02
    2.38691315e+02 8.46431152e+02 5.11925842e+02 7.11492432e+02
    2.76080933e+02 7.76938599e+02 8.60121155e+01 2.66619080e+02
    8.87133240e+02 3.19587280e+02 2.85879028e+02 1.21628876e+02
    8.03514893e+02 4.39135498e+02 8.08981689e+02 6.08260864e+02
    1.76822632e+02 1.80313873e+02 6.39446838e+02 5.85226318e+02</data></test_hist>
<my_lkt type_id="opencv-matrix">
  <rows>256</rows>
  <cols>1</cols>
  <dt>u</dt>
  <data>
    0 2 3 3 4 5 5 5 7 8 8 8 10 10 12 13 15 15 16 17 19 20 22 24 25 27 28
    29 31 33 34 36 37 38 38 40 41 42 42 42 44 45 46 47 47 49 50 50 50 50
    50 51 52 53 54 56 57 57 59 60 61 61 63 64 66 67 67 67 67 69 71 72 74
    74 75 76 76 77 79 80 82 83 85 85 85 85 86 87 89 91 91 92 92 93 94 94
    95 97 97 99 101 102 103 103 105 106 106 107 108 109 110 110 111 113
    113 113 114 114 115 116 118 120 121 122 123 125 127 128 129 130 132
    132 132 133 134 136 136 137 139 141 142 143 143 143 145 147 149 150
    151 151 153 154 155 156 157 159 159 160 161 162 163 163 163 164 164
    165 167 168 169 171 171 172 172 173 174 175 176 177 178 180 180 181
    183 184 186 186 187 188 189 190 191 193 195 195 197 198 199 200 201
    202 202 203 203 205 206 207 208 209 210 212 214 214 215 216 218 219
    219 221 221 223 223 223 224 225 226 227 229 230 231 231 233 233 233
    234 234 236 236 238 239 240 241 242 243 243 245 246 246 246 248 249
    251 252 252 253 254 255</data></my_lkt>
<your_lkt type_id="opencv-matrix">
  <rows>256</rows>
  <cols>1</cols>
  <dt>u</dt>
  <data>
    38 126 123 5 45 74 20 17 125 80 65 4 99 58 139 77 139 11 108 111 120
    156 117 153 106 160 131 100 153 109 145 142 112 75 6 117 141 33 22 4
    153 70 123 89 30 93 117 3 14 12 22 54 89 48 130 145 87 39 142 84 42
    75 98 148 132 66 14 20 17 131 158 138 117 13 94 70 1 87 143 127 143
    150 105 8 21 33 18 140 150 160 24 68 6 45 78 69 64 157 16 151 152
    105 58 41 151 63 55 35 77 134 48 33 96 120 21 24 46 31 65 114 130
    155 122 51 133 161 125 133 97 73 101 3 7 72 134 125 11 72 130 156
    139 34 21 21 128 156 143 109 75 20 121 88 94 68 130 122 14 51 83 102
    47 4 55 7 17 108 147 69 89 146 55 15 16 54 155 28 79 128 17 152 120
    42 67 7 176 111 182 102 229 193 171 17 128 25 110 128 120 126 125 49
    204 99 51 187 31 151 47 146 184 255 31 129 1 27 104 121 202 130 97
    31 39 92 0 144 185 56 108 133 19 93 55 78 105 9 38 26 126 95 82 204
    28 110 54 34 106 98 127 114 49 64 175 67 243 71 72 255</data></your_lkt>
</opencv_storage>
