<?xml version="1.0"?>
<opencv_storage>
<L2_diff>3.0364452901377952e+01</L2_diff>
<test_hist type_id="opencv-matrix">
  <rows>256</rows>
  <cols>1</cols>
  <dt>f</dt>
  <data>
    2.10736816e+02 7.49498230e+02 7.11998596e+02 8.05773743e+02
    9.84893677e+02 5.11994812e+02 9.61982056e+02 3.38140839e+02
    1.81697784e+02 5.98471558e+02 6.97982666e+02 9.98151123e+02
    6.85112366e+02 6.01159058e+02 3.23337128e+02 5.13892944e+02
    3.64511475e+02 7.68477173e+01 3.42840057e+02 3.76433289e+02
    5.24762268e+02 9.45097290e+02 5.10875427e+02 7.19093811e+02
    3.69083862e+01 2.04029358e+02 9.58711731e+02 4.25277771e+02
    4.82131653e+01 8.43767456e+02 1.39165833e+02 3.20270477e+02
    6.42618713e+01 4.54337433e+02 1.12376831e+02 8.89025024e+02
    2.96377625e+02 3.43628418e+02 7.77994751e+02 5.50750977e+02
    7.05377686e+02 2.87338806e+02 5.58679993e+02 3.74746216e+02
    5.22435852e+02 6.70354309e+01 9.64407349e+02 1.30419067e+02
    3.96888916e+02 7.97864380e+02 9.97529907e+02 2.45683289e+02
    7.97661682e+02 2.65895569e+02 4.48977203e+02 7.41697388e+01
    9.02354370e+02 3.63211975e+02 4.12335419e+02 4.84524139e+02
    8.88164490e+02 9.52740356e+02 1.53228607e+02 7.36902466e+02
    5.24505920e+02 3.44355286e+02 5.73395447e+02 9.55476990e+02
    4.12023071e+02 3.02663940e+02 9.10235291e+02 8.26571533e+02
    6.05227661e+02 6.40388611e+02 3.66101990e+01 3.01499695e+02
    8.09180908e+02 3.98556061e+02 9.99261230e+02 7.15377808e+01
    1.26515778e+02 1.43453247e+02 3.07536346e+02 4.23924622e+02
    4.39561462e+02 1.03427429e+01 8.69144775e+02 9.74219604e+02
    1.63928741e+02 6.70776245e+02 9.35918091e+02 3.65879456e+02
    1.75487152e+02 5.11741638e+01 8.12879761e+02 4.98640686e+02
    3.51844788e+02 1.25000671e+02 7.86231323e+02 1.90107849e+02
    8.38099365e+02 3.45075287e+02 3.29929199e+01 2.75430054e+02
    6.67767456e+02 2.24574371e+02 8.19731934e+02 7.64337402e+02
    9.68290100e+01 1.93286865e+02 5.42502258e+02 7.23715515e+02
    2.29512177e+02 3.62943756e+02 5.96750977e+02 6.61536316e+02
    6.64729248e+02 6.15416077e+02 6.49963562e+02 7.38892029e+02
    8.41978882e+02 2.57816559e+02 5.50381287e+02 4.92382751e+02
    1.69403992e+01 9.80292603e+02 6.78388794e+02 1.50921509e+02
    3.35921021e+02 3.31975220e+02 2.16697693e+02 7.78389038e+02
    5.46494751e+02 5.24367126e+02 6.31205750e+01 5.11025696e+02
    1.65458252e+02 3.47760071e+02 7.36404663e+02 6.27624146e+02
    1.53945862e+02 3.70336182e+02 8.77476318e+02 4.83580505e+02
    1.39603302e+02 2.53778076e+01 6.98970581e+02 2.82079010e+02
    9.55723572e+02 5.93740356e+02 3.13176575e+02 5.24138367e+02
    6.54145874e+02 7.47058228e+02 7.26836243e+02 3.16044617e+02
    2.54220276e+01 7.74650391e+02 8.95952209e+02 4.91572266e+02
    1.47839264e+02 2.52353088e+02 6.29354553e+01 2.78408142e+02
    3.13326416e+01 5.38510620e+02 3.47628845e+02 4.49401031e+02
    6.58359253e+02 2.22350494e+02 6.68653198e+02 7.37652466e+02
    1.23471619e+02 3.18540283e+02 9.96712097e+02 2.10769165e+02
    8.84903564e+02 4.68517212e+02 9.95129883e+02 9.82534180e+02
    5.22904907e+02 3.66731537e+02 2.89975952e+02 3.22974060e+02
    7.85637817e+01 6.61907043e+01 5.03340149e+02 8.22666870e+02
    5.27822205e+02 8.25379578e+02 2.10997437e+02 5.57916077e+02
    1.17269318e+02 6.27086731e+02 7.51504944e+02 1.94886780e+01
    9.67558594e+02 3.45203430e+02 2.46842651e+01 2.84437134e+02
    3.55027161e+02 9.76396851e+02 5.72592468e+02 4.43269348e+02
    6.80386780e+02 7.79931885e+02 6.69909668e+01 7.13448242e+02
    5.40664429e+02 7.87242188e+02 2.70227753e+02 4.97626923e+02
    7.71673035e+02 8.97735718e+02 8.44632690e+02 4.37578033e+02
    3.84662537e+02 7.65647339e+02 9.85112488e+02 5.80324829e+02
    6.22297791e+02 1.67551849e+02 3.95063141e+02 8.07544067e+02
    6.16301819e+02 4.12901642e+02 6.71629028e+02 5.66143188e+01
    2.94114136e+02 5.53467285e+02 4.55733185e+02 6.89691345e+02
    4.35135010e+02 8.92595276e+02 1.96933594e+01 2.27080475e+02
    7.75707642e+02 1.33333862e+02 4.10929932e+02 6.15374023e+02
    2.05742371e+02 7.87280579e+01 4.43312042e+02 9.72494080e+02
    4.39146118e+02 2.89457855e+02 8.47436279e+02 2.30534363e+02
    5.11740021e+02 2.96613068e+02 7.13221436e+02 3.20937408e+02
    3.77063477e+02 3.68928925e+02 6.86344299e+02 2.80456055e+02</data></test_hist>
<my_lkt type_id="opencv-matrix">
  <rows>256</rows>
  <cols>1</cols>
  <dt>u</dt>
  <data>
    0 2 3 5 7 8 10 10 11 12 13 15 17 18 19 20 20 20 21 22 23 25 26 27 27
    28 30 30 31 32 32 33 33 34 34 36 37 37 39 40 41 42 43 44 45 45 47 47
    48 50 52 52 54 54 55 55 57 58 59 59 61 63 63 65 66 67 68 70 70 71 73
    75 76 77 77 78 79 80 82 82 82 83 83 84 85 85 87 89 89 90 92 93 93 93
    95 96 97 97 98 99 101 101 101 102 103 104 105 107 107 107 108 110
    110 111 112 113 115 116 117 119 120 121 122 123 123 125 126 127 127
    128 129 130 131 132 133 134 134 135 136 138 138 139 140 141 142 142
    143 144 146 147 148 149 150 152 153 154 154 156 157 159 159 159 159
    160 160 161 162 163 164 165 166 168 168 169 171 171 173 174 176 178
    179 180 181 181 181 181 183 184 185 187 188 189 189 190 192 192 194
    195 195 195 196 198 199 200 202 203 203 205 206 208 208 209 211 213
    214 215 216 218 220 221 222 223 223 225 226 227 229 229 229 231 232
    233 234 236 236 236 238 238 239 240 241 241 242 244 245 245 247 248
    249 249 251 251 252 253 254 255</data></my_lkt>
<your_lkt type_id="opencv-matrix">
  <rows>256</rows>
  <cols>1</cols>
  <dt>u</dt>
  <data>
    0 2 3 5 7 8 10 11 11 12 14 16 17 18 19 20 21 21 22 22 24 25 26 28 28
    28 30 31 31 33 33 34 34 35 35 37 38 38 40 41 43 43 44 45 46 46 48 48
    49 51 53 53 55 56 56 57 58 59 60 61 63 65 65 67 68 68 69 71 72 73 75
    76 78 79 79 80 81 82 84 84 85 85 85 86 87 87 89 91 91 93 95 95 96 96
    97 98 99 99 101 101 103 104 104 104 106 106 108 109 110 110 111 113
    113 114 115 116 118 119 120 122 124 124 125 126 126 128 130 130 131
    131 132 133 134 135 136 137 137 138 139 140 141 142 143 144 145 145
    146 147 149 150 150 151 153 154 156 156 156 158 160 161 161 162 162
    162 162 164 164 165 167 167 168 170 170 171 173 173 175 176 178 180
    181 182 182 183 183 183 184 186 187 189 189 190 191 192 193 193 195
    196 196 197 197 199 201 201 203 204 205 206 207 209 209 210 212 214
    215 216 217 219 221 222 223 223 224 226 227 228 229 229 230 231 232
    233 234 236 236 237 238 239 239 241 241 241 242 244 245 246 247 248
    249 249 251 252 252 253 254 255</data></your_lkt>
</opencv_storage>
