<?xml version="1.0"?>
<opencv_storage>
<L2_diff>2.7055498516937366e+01</L2_diff>
<test_hist type_id="opencv-matrix">
  <rows>256</rows>
  <cols>1</cols>
  <dt>f</dt>
  <data>
    7.24044800e+02 2.81687927e+02 6.23548706e+02 6.32267456e+01
    2.92827576e+02 8.57942200e+02 9.33056274e+02 2.53176056e+02
    5.96990051e+02 5.15579590e+02 4.37376587e+02 1.93074707e+02
    7.05892456e+02 3.23557831e+02 9.50218628e+02 9.36147034e+02
    5.92011353e+02 1.66349823e+02 7.97881409e+02 8.92488281e+02
    7.32901306e+01 6.97158447e+02 7.89766113e+02 2.23992126e+02
    1.80644867e+02 9.04747314e+01 7.51068298e+02 9.22384949e+01
    9.08222778e+02 9.12399902e+02 4.92302155e+02 3.07087402e+01
    4.24800903e+02 4.25039734e+02 4.15206818e+02 5.65917969e-01
    7.56699951e+02 7.08000549e+02 5.53563171e+02 7.65612671e+02
    4.41159119e+02 2.97946228e+02 4.59659088e+02 5.54002991e+02
    6.34123291e+02 2.37187836e+02 7.01773376e+02 1.90503998e+02
    4.59935364e+02 2.80529358e+02 8.48735352e+02 1.06560181e+02
    6.04365234e+02 8.93019531e+02 3.35123505e+02 2.47899353e+02
    2.25080963e+02 4.76078796e+02 7.74911377e+02 6.84621399e+02
    8.32290588e+02 8.74308899e+02 7.17115540e+02 5.93156494e+02
    6.06782654e+02 5.68696594e+01 5.21484375e-01 7.90096924e+02
    5.45369568e+02 6.81403198e+01 9.91318359e+02 6.07439880e+01
    6.38986511e+02 2.80028381e+02 6.91979919e+02 8.49454346e+02
    9.33620239e+02 1.17424805e+02 2.33696930e+02 1.42624298e+02
    4.21445740e+02 3.95111084e+02 6.16673828e+02 2.28042816e+02
    2.12005035e+02 9.52600952e+02 9.87471436e+02 1.92412170e+02
    8.64528564e+02 1.25880646e+02 5.89331482e+02 3.60162842e+02
    5.08011566e+02 1.07995300e+02 7.71220520e+02 1.90196167e+02
    8.60944458e+02 7.19950806e+02 8.62535400e+02 5.50353455e+02
    9.05518677e+02 5.32683594e+02 5.05529266e+02 3.68792419e+02
    6.14518311e+02 2.13540253e+02 3.11777649e+02 3.79032135e+02
    4.72187683e+02 3.21221863e+02 5.04251373e+02 5.90179138e+01
    5.35531006e+02 9.35327942e+02 9.06600281e+02 7.61347900e+02
    6.99392273e+02 7.65939819e+02 9.29829346e+02 6.89695129e+02
    1.04985626e+02 2.60441772e+02 2.86934692e+02 1.51564362e+02
    1.34286865e+02 9.09566284e+02 5.75435913e+02 6.43247314e+02
    1.18961151e+02 7.92430298e+02 8.39540161e+02 9.18607849e+02
    3.46203644e+02 1.24330200e+02 6.24578430e+02 8.36189819e+02
    5.46912354e+02 8.74952698e+01 3.19062866e+02 7.50188965e+02
    8.55419556e+02 1.43666290e+02 8.07776794e+02 5.05852051e+01
    9.33535278e+02 8.90665405e+02 2.50585236e+02 9.45189514e+01
    7.90236816e+02 9.18793579e+02 1.85003357e+01 7.98474243e+02
    1.24613800e+02 9.55602478e+02 7.61994263e+02 4.75674835e+02
    1.53575134e+02 8.98160095e+01 4.09383118e+02 2.76853760e+02
    2.92695007e+02 9.05794922e+02 2.87893311e+02 7.05217285e+02
    6.95191040e+02 8.49506409e+02 9.48462646e+02 2.44791931e+02
    2.74056671e+02 9.55202026e+02 6.18547913e+02 8.43107910e+01
    5.09824829e+02 7.48651245e+02 7.20496094e+02 8.88069458e+01
    3.13226013e+02 7.55925903e+02 4.34744232e+02 2.93936737e+02
    6.24475830e+02 2.91129944e+02 5.11225098e+02 9.61624573e+02
    5.34582458e+02 3.04038391e+02 3.74976044e+02 8.63662720e+00
    5.78001709e+01 2.65494385e+01 1.77630615e+00 4.33962280e+02
    6.87983521e+02 2.76123901e+02 1.27243927e+02 2.08580872e+02
    5.96840149e+02 9.25538208e+02 6.69100952e+02 4.53659576e+02
    6.58672363e+02 2.00866577e+02 6.28785767e+02 8.47088684e+02
    5.28759460e+02 2.23839508e+02 7.84948120e+02 1.41056030e+02
    8.89295776e+02 8.62442383e+02 9.60287964e+02 6.86950684e-01
    7.81088562e+01 2.10919159e+02 1.23634033e+02 1.96844330e+02
    3.84372864e+02 7.81063171e+02 7.19882263e+02 2.23062378e+02
    2.68100403e+02 4.97984467e+02 8.16687866e+02 8.68786133e+02
    9.71620056e+02 6.11789612e+02 5.28935181e+02 8.71879883e+01
    3.49600159e+02 7.78914307e+02 3.95983765e+02 6.92717163e+02
    3.76412994e+02 3.12958649e+02 6.12054993e+02 7.87866211e+01
    1.98044525e+02 4.48260773e+02 4.95187836e+02 2.47252441e+02
    8.18768921e+02 6.56181702e+02 2.23315979e+02 9.49160156e+02
    3.85426971e+02 4.62985443e+02 1.53140381e+02 1.79405518e+01
    8.26049194e+02 3.44368225e+02 4.12384583e+02 3.14385498e+02
    9.39755371e+02 3.33041382e+01 5.68014954e+02 2.35089874e+02</data></test_hist>
<my_lkt type_id="opencv-matrix">
  <rows>256</rows>
  <cols>1</cols>
  <dt>u</dt>
  <data>
    1 2 3 3 4 6 7 8 9 10 11 11 13 13 15 17 18 19 20 22 22 23 25 25 26 26
    27 28 29 31 32 32 33 34 35 35 36 38 39 40 41 42 42 44 45 45 47 47 48
    48 50 50 52 53 54 54 55 56 57 59 60 62 63 65 66 66 66 67 69 69 71 71
    72 73 74 76 77 78 78 78 79 80 81 82 82 84 86 86 88 88 89 90 91 91 93
    93 95 96 98 99 101 102 103 104 105 105 106 106 107 108 109 109 110
    112 114 115 117 118 120 121 122 122 123 123 123 125 126 128 128 129
    131 133 134 134 135 137 138 138 139 141 142 143 144 144 146 148 149
    149 151 153 153 154 155 157 158 159 159 160 160 161 162 163 164 166
    167 169 171 171 172 174 175 175 176 178 179 180 180 182 183 183 185
    185 186 188 189 190 191 191 191 191 191 192 193 194 194 195 196 198
    199 200 201 202 203 205 206 207 208 208 210 212 214 214 214 215 215
    215 216 218 219 220 220 221 223 225 227 228 229 229 230 232 233 234
    235 235 237 237 237 238 239 240 241 243 243 245 246 247 247 247 249
    250 251 251 253 253 255 255</data></my_lkt>
<your_lkt type_id="opencv-matrix">
  <rows>256</rows>
  <cols>1</cols>
  <dt>u</dt>
  <data>
    1 2 3 3 4 5 7 8 9 10 11 11 13 13 15 17 18 19 20 22 22 24 25 26 26 26
    28 28 30 32 33 33 33 34 35 35 37 38 39 41 42 42 43 44 46 46 47 48 49
    49 51 51 53 54 55 55 56 57 58 60 62 63 65 66 67 67 67 69 70 70 72 72
    74 74 76 77 79 79 80 80 81 82 83 83 84 86 88 88 90 90 91 92 93 93 95
    95 97 99 100 101 103 104 105 106 107 108 108 109 110 111 112 112 113
    115 117 118 120 121 123 124 125 125 126 126 126 128 129 131 131 132
    134 136 137 137 138 140 141 141 142 143 145 145 147 147 149 151 151
    151 153 155 155 157 157 159 160 161 162 162 163 163 164 166 166 168
    169 171 173 173 174 176 177 177 178 180 181 181 182 183 184 185 186
    187 188 190 191 191 192 192 192 192 192 193 195 195 195 196 197 199
    200 201 202 203 204 206 207 207 209 209 211 213 215 215 215 215 216
    216 217 218 220 220 221 222 223 225 227 228 229 230 230 232 233 234
    235 235 237 237 237 238 239 240 241 243 243 245 246 247 247 247 249
    249 250 251 253 253 254 254</data></your_lkt>
</opencv_storage>
