<?xml version="1.0"?>
<opencv_storage>
<L2_diff>5.6053545828966072e+01</L2_diff>
<r>10</r>
<test_img type_id="opencv-matrix">
  <rows>50</rows>
  <cols>100</cols>
  <dt>u</dt>
  <data>
    171 235 114 122 211 247 78 117 51 237 150 250 227 136 238 96 190 99
    30 147 60 116 131 121 93 156 131 222 152 129 84 159 227 111 153 227
    217 120 161 69 174 162 38 252 139 79 195 166 21 185 28 59 118 217
    147 240 216 150 59 160 143 56 28 150 95 233 139 213 133 92 168 122
    82 118 42 82 184 205 137 166 12 172 229 251 25 24 244 64 159 121 70
    9 194 201 230 210 84 121 198 28 31 5 220 232 185 149 27 149 107 49
    80 112 179 243 42 200 13 61 226 59 154 149 192 52 1 101 88 196 196
    245 233 224 55 165 208 92 211 15 174 26 141 82 217 1 255 250 251 31
    33 104 116 128 211 218 243 191 117 184 163 139 212 54 169 59 74 78
    101 42 187 95 76 3 123 177 34 138 157 77 117 168 11 143 47 169 168
    48 61 127 75 213 156 255 89 30 116 67 151 211 11 50 249 217 219 34
    250 167 176 110 132 218 47 76 46 32 50 141 188 68 154 171 122 232
    202 239 180 50 66 226 242 135 5 51 102 12 192 225 200 235 223 36 108
    127 15 170 1 204 55 194 21 122 58 251 81 8 0 141 4 129 197 252 197
    135 82 105 19 104 83 62 84 113 80 27 190 36 20 173 146 154 61 194 54
    222 242 138 40 86 17 21 91 132 148 1 112 95 207 77 193 78 26 58 33
    223 110 22 137 89 21 218 120 112 237 156 12 123 199 180 145 82 129
    180 229 78 248 136 151 157 154 81 109 3 247 143 139 70 238 228 59
    115 102 166 217 212 20 128 178 174 227 73 212 141 117 217 34 99 67
    131 200 190 53 88 55 148 98 109 82 247 61 124 93 244 80 136 138 77 7
    85 199 146 107 110 149 209 99 35 52 92 177 82 82 44 179 4 42 188 129
    33 125 84 186 125 14 158 52 251 227 57 139 24 30 56 73 231 2 191 190
    80 240 110 23 189 152 236 45 142 84 139 15 129 202 158 8 65 159 85
    155 32 82 73 95 177 253 32 224 97 251 90 198 97 201 250 156 113 161
    228 100 243 210 101 38 48 174 49 148 37 132 89 131 191 74 105 172 82
    6 101 96 58 166 194 122 139 168 162 135 219 76 200 204 85 218 247 10
    75 37 157 32 174 72 167 235 54 112 22 120 218 171 19 48 52 125 83
    107 244 245 24 217 227 107 54 113 68 239 59 191 93 101 99 213 39 86
    105 137 188 146 244 228 227 128 208 71 200 112 223 237 196 132 51
    122 237 86 66 37 213 54 8 143 69 1 19 190 43 27 234 120 31 42 141 81
    236 92 175 161 80 215 241 238 217 67 48 245 4 4 60 16 159 43 165 162
    39 90 49 14 90 226 27 57 125 248 136 245 29 51 150 5 142 178 222 231
    48 199 28 180 91 126 208 143 72 154 15 46 43 117 115 24 205 185 17
    69 99 112 180 246 241 242 217 61 35 147 1 228 72 188 141 221 242 45
    43 106 114 139 218 109 170 166 120 246 2 43 135 103 148 92 105 197
    195 109 187 1 155 165 48 55 47 105 196 226 150 19 111 112 210 49 186
    86 3 154 63 132 193 6 226 229 141 66 46 133 156 2 42 239 121 56 48
    220 30 234 107 69 239 250 167 244 141 245 188 16 151 109 73 173 193
    223 163 122 208 106 119 218 169 186 21 247 251 108 121 137 146 141
    66 61 89 169 150 237 179 172 174 171 10 192 13 16 26 24 191 138 166
    74 192 127 137 150 198 15 106 198 145 169 242 7 207 146 36 26 38 213
    217 218 209 236 163 39 237 73 164 132 90 40 197 166 224 96 20 97 225
    178 26 37 54 199 186 33 83 183 154 6 62 141 18 189 165 2 2 104 252
    178 13 13 36 37 160 95 56 224 34 187 146 59 149 150 229 232 67 102
    163 130 24 252 66 63 194 196 177 40 193 67 31 239 163 146 97 58 53
    66 131 233 185 15 99 189 1 34 235 173 235 146 59 199 69 119 160 74
    195 98 146 235 133 50 68 78 8 140 94 153 81 2 182 15 108 251 169 158
    85 204 174 125 25 207 159 188 144 54 92 212 141 86 13 153 55 210 158
    213 125 76 115 91 66 20 255 226 110 167 184 199 131 100 39 214 6 236
    81 255 38 186 158 92 18 140 32 151 238 33 175 191 119 80 21 179 198
    72 29 12 55 103 172 50 139 171 238 96 115 4 2 38 233 219 24 34 157
    15 54 237 122 217 217 60 247 199 169 58 124 112 193 171 9 89 117 139
    95 225 200 27 204 192 157 202 123 231 221 24 201 153 239 172 84 221
    104 18 33 16 15 197 161 137 204 135 219 5 237 252 193 176 26 167 100
    200 40 70 91 187 189 85 221 99 75 64 255 101 24 169 33 141 127 106
    133 199 167 211 129 41 183 127 127 115 50 206 167 175 188 128 153 95
    89 201 97 145 243 168 74 160 219 76 8 171 156 181 96 145 194 207 64
    139 142 210 151 30 163 103 86 208 138 188 59 20 167 5 60 196 179 174
    63 32 40 200 99 7 244 246 106 1 217 127 228 152 149 226 36 6 14 176
    254 47 129 139 111 71 214 242 151 104 151 253 199 48 1 102 119 84
    203 48 169 186 206 253 87 180 42 179 74 205 240 34 108 94 191 95 223
    97 115 189 81 40 21 128 170 149 16 75 117 204 144 89 174 226 78 112
    38 152 106 148 241 221 66 179 117 225 171 130 98 55 135 20 24 237
    135 39 207 157 207 200 131 174 105 166 198 83 149 251 46 109 84 162
    8 2 206 95 169 39 55 70 85 50 252 233 122 167 82 170 28 249 234 231
    146 205 145 0 148 139 4 80 8 19 33 156 154 13 55 160 254 200 181 172
    161 20 179 45 142 239 18 189 72 18 164 101 176 183 139 98 73 89 94
    248 78 120 189 64 217 194 247 232 178 27 54 84 208 158 138 89 218
    232 173 1 31 220 81 38 60 122 148 92 142 196 254 98 81 90 175 172
    146 43 181 160 40 203 79 39 136 180 93 191 247 173 16 10 162 121 72
    169 219 12 127 140 182 81 252 148 47 113 124 89 186 235 171 145 40
    217 108 182 150 145 85 246 151 79 117 139 75 100 101 157 219 24 112
    57 143 219 131 118 121 177 242 102 185 206 208 55 181 55 117 105 80
    70 202 182 188 89 11 145 244 107 170 244 94 124 26 244 216 226 132
    95 224 125 200 30 42 237 66 19 213 90 132 205 254 133 100 251 254
    144 139 130 185 132 207 196 138 65 141 80 45 177 172 85 45 28 115
    161 10 3 140 172 121 121 170 238 225 229 187 3 193 59 12 65 236 235
    179 245 71 112 107 27 168 250 89 246 97 161 97 245 15 251 251 244
    225 241 146 66 203 57 55 217 43 153 5 249 74 229 171 16 254 167 19
    47 205 112 104 232 204 97 205 255 219 110 106 253 205 82 250 118 162
    93 253 97 45 68 89 61 186 198 242 168 3 92 153 207 189 198 36 155
    147 210 29 18 88 29 56 14 200 141 195 203 140 195 121 71 198 172 108
    102 202 249 24 161 162 131 155 127 200 223 16 17 249 85 41 127 69 57
    176 100 89 115 82 128 71 146 94 226 115 209 43 174 12 82 134 142 138
    107 211 252 17 251 3 84 175 203 153 8 139 74 80 201 236 200 130 242
    18 190 26 226 90 33 37 78 180 255 192 169 182 234 127 221 253 140 42
    214 110 28 61 115 53 230 33 129 60 57 36 150 168 64 137 146 2 195 77
    8 47 163 10 225 25 240 35 160 189 18 162 79 199 73 97 25 159 144 134
    218 113 171 236 74 44 221 66 240 8 123 160 148 250 41 205 205 242
    149 229 117 58 39 20 130 163 144 142 41 167 106 193 191 205 37 50
    121 28 155 249 191 241 121 38 200 95 77 33 231 190 151 176 188 253
    228 119 241 87 148 121 245 39 96 174 78 30 102 162 225 172 255 131
    27 231 177 40 133 214 247 234 154 59 213 207 185 39 33 83 217 31 185
    217 71 221 143 119 106 89 203 93 42 117 140 114 151 9 22 171 72 51
    207 71 183 142 140 243 153 217 89 139 11 35 124 225 64 43 61 159 59
    135 133 95 221 200 114 104 116 81 45 91 198 25 26 231 17 14 33 159
    118 161 4 206 239 92 248 124 152 141 60 28 112 219 182 22 95 137 242
    53 20 223 0 211 106 195 137 14 24 183 166 107 198 125 82 10 200 164
    250 121 243 63 190 8 255 123 63 133 29 237 169 85 109 248 174 2 236
    174 204 210 250 67 82 18 37 209 112 62 162 181 40 115 219 126 63 29
    21 153 26 130 167 218 196 126 179 26 130 41 77 91 99 100 243 168 99
    144 58 174 96 139 82 136 113 113 179 52 125 217 225 90 84 184 203
    180 182 250 10 237 193 75 126 51 211 236 150 92 162 242 86 221 182
    66 225 68 48 6 6 95 150 20 60 83 25 45 94 57 232 61 252 74 31 147
    132 173 68 169 106 145 239 77 159 29 210 205 48 6 94 233 231 80 119
    71 113 92 24 130 205 151 207 253 226 4 107 163 42 138 207 222 238
    198 87 69 107 8 254 3 83 233 192 98 117 75 16 77 72 135 95 153 188
    254 126 68 62 44 119 46 243 176 113 28 168 214 186 52 247 136 60 255
    249 236 63 145 13 100 236 229 0 212 249 41 13 55 180 75 155 151 59
    243 5 49 131 76 212 205 45 141 168 15 193 139 217 232 215 65 57 165
    103 30 104 246 209 101 100 199 145 173 172 18 38 124 231 113 89 115
    131 103 199 96 25 234 233 181 196 242 170 194 97 237 50 5 90 151 110
    5 6 87 10 111 44 51 205 149 134 134 79 216 66 244 94 176 39 170 43
    122 192 98 34 251 88 168 64 223 184 25 208 90 142 19 217 114 207 194
    12 39 226 99 37 94 204 84 146 205 90 188 1 120 52 210 102 173 90 183
    121 24 138 130 245 253 111 112 196 196 118 9 189 208 255 5 228 164
    103 169 101 235 189 44 186 154 148 155 90 9 205 250 42 167 164 42 48
    128 158 29 214 162 237 168 1 0 164 254 158 108 119 250 12 69 123 185
    251 11 90 123 202 224 200 114 97 172 26 164 101 68 226 140 253 51 71
    77 84 243 195 249 16 26 93 21 51 224 218 178 107 246 132 74 110 83
    66 78 145 14 48 21 22 70 21 195 254 11 229 124 134 155 68 53 138 181
    233 43 140 28 243 168 214 136 146 110 52 115 35 157 110 241 244 253
    106 56 98 55 142 93 1 174 204 110 226 30 65 160 161 82 140 102 59 65
    117 46 143 177 196 193 155 84 151 9 111 197 172 155 64 157 183 12
    130 207 177 202 133 103 132 187 100 235 125 157 82 144 101 92 40 84
    174 111 29 6 204 150 196 252 196 207 32 168 232 241 249 55 117 149
    113 195 21 20 79 229 43 85 140 144 79 87 93 102 13 179 5 169 169 202
    237 217 217 164 39 180 162 173 7 251 122 113 3 32 251 52 120 165 248
    101 255 67 156 79 230 100 9 177 28 251 47 126 164 146 140 19 76 224
    236 144 47 44 167 41 124 66 184 58 231 207 208 49 126 126 88 221 252
    73 176 63 203 224 39 213 160 213 52 247 75 161 192 119 133 178 19
    117 47 171 169 107 235 238 236 235 107 60 226 179 54 175 80 239 232
    110 162 169 61 120 101 100 109 165 248 124 141 197 221 184 77 16 242
    170 123 7 250 151 77 175 178 69 149 120 24 34 149 176 215 19 217 170
    113 29 76 116 39 114 215 86 197 18 239 5 230 33 74 122 76 87 92 159
    92 229 167 129 138 115 110 42 16 162 175 251 38 6 158 75 19 102 247
    87 216 36 36 236 60 107 30 218 73 224 105 177 155 119 89 157 6 28
    239 1 255 11 61 217 179 50 167 21 174 33 217 53 112 240 82 1 69 98 0
    0 139 50 72 46 185 25 147 210 220 242 25 214 45 53 69 22 63 161 245
    31 160 56 13 9 69 244 199 133 78 70 8 139 165 189 111 0 97 168 33 69
    45 114 185 31 231 149 130 232 138 177 174 95 178 96 233 141 244 137
    25 100 138 248 1 166 11 154 56 122 233 72 120 219 139 12 193 54 146
    28 108 94 140 38 76 44 72 194 229 165 8 44 200 15 63 120 176 61 124
    226 51 86 160 7 243 134 198 199 104 117 35 57 240 151 27 88 242 62
    78 56 133 151 100 184 54 24 219 114 252 238 4 47 167 121 1 30 114
    193 203 163 70 128 235 89 165 6 222 149 116 121 11 137 150 204 74
    159 92 12 217 83 210 246 93 251 7 225 27 167 192 195 150 107 2 72
    227 79 112 71 140 20 249 15 35 111 103 230 191 32 31 81 183 100 79
    43 235 241 191 196 10 247 225 68 26 46 157 77 152 208 41 156 78 106
    248 37 212 125 113 221 22 244 21 6 91 209 102 242 197 36 70 238 150
    62 128 62 237 102 47 167 161 98 150 5 88 110 194 63 40 105 87 27 249
    183 192 189 175 237 118 137 229 163 162 26 167 53 100 162 160 212
    150 46 182 119 247 22 60 182 237 139 25 190 203 115 38 6 81 216 148
    251 46 140 93 29 80 192 37 86 79 88 2 231 1 231 56 133 137 225 208
    230 174 230 71 133 252 205 169 55 147 39 141 41 157 172 248 144 72
    125 101 143 80 137 182 250 241 31 249 55 90 91 131 206 108 146 226
    190 239 222 79 132 202 227 64 44 180 38 164 17 203 240 150 60 165 76
    20 184 76 7 203 249 109 235 245 99 238 225 179 123 143 217 230 239
    148 176 76 47 42 43 87 62 224 238 76 162 34 214 245 28 118 58 42 115
    193 61 97 163 30 121 218 150 34 253 47 222 201 8 107 10 216 147 128
    133 82 147 116 156 183 20 42 100 21 64 104 40 255 48 39 99 84 134
    106 69 192 63 238 182 179 31 134 59 39 143 240 23 69 88 19 51 214 25
    22 34 100 39 12 190 143 15 95 210 66 189 54 15 111 24 146 18 10 173
    57 211 50 193 163 229 126 14 62 20 57 202 184 73 95 18 20 103 156
    185 193 158 181 139 177 79 249 110 116 25 152 91 5 218 241 116 184
    121 207 240 39 41 220 73 169 78 161 216 57 255 238 50 239 234 33 67
    27 190 98 71 247 88 30 43 187 83 153 221 163 169 51 224 241 16 159
    58 52 108 124 74 69 242 88 64 244 31 96 168 3 181 142 59 222 10 151
    154 48 69 125 105 97 221 94 173 116 162 123 78 105 8 82 227 68 35
    103 176 239 109 214 48 33 80 196 21 116 182 34 164 227 141 145 49
    169 152 149 171 13 153 137 7 152 105 38 106 252 17 13 68 168 166 106
    170 135 253 242 235 229 159 3 1 162 159 34 135 131 165 239 228 143
    32 166 196 120 106 70 86 49 49 38 204 195 114 60 165 166 112 178 192
    118 17 158 177 51 228 211 103 134 190 80 60 158 61 126 172 242 169
    33 3 242 58 220 13 150 70 253 169 133 139 139 82 171 85 250 2 30 25
    9 250 235 212 86 138 123 235 6 252 245 34 193 38 230 55 192 26 96
    211 78 24 142 55 99 141 30 119 224 55 27 97 82 230 78 133 153 30 127
    52 23 206 184 118 34 23 124 77 99 122 73 24 203 118 179 174 248 86
    117 53 133 106 168 199 1 129 87 48 235 3 42 51 100 197 221 12 214
    192 56 233 34 81 238 223 84 11 54 178 41 62 80 223 210 195 19 114
    144 227 186 146 83 248 92 240 115 45 96 106 237 211 183 217 28 113
    157 190 221 60 232 29 179 143 214 197 173 56 1 150 78 245 98 159 73
    18 99 254 129 70 119 18 141 154 90 33 79 175 233 9 2 110 181 142 64
    232 187 200 237 234 74 52 39 145 193 46 199 70 0 98 29 209 177 79
    174 234 251 205 247 114 178 21 174 14 246 53 123 27 38 133 116 94
    182 15 11 111 80 67 228 38 7 199 80 71 180 61 143 238 78 238 232 138
    93 78 201 157 142 18 194 234 11 185 181 242 252 157 3 215 185 195
    156 184 89 238 215 8 22 78 136 108 82 238 130 131 97 240 179 68 195
    77 99 228 88 198 143 160 144 135 114 204 69 5 9 191 77 118 160 221
    61 112 55 36 56 76 127 104 147 78 89 116 85 28 98 56 110 77 136 230
    179 145 3 140 187 9 22 252 127 210 106 115 86 26 72 155 56 89 22 46
    133 112 188 60 245 227 75 244 113 61 79 144 111 27 144 203 48 126
    126 130 171 127 243 86 138 247 129 33 162 116 21 129 20 104 77 27
    253 139 94 122 82 14 145 253 108 41 12 109 227 176 245 189 45 122
    156 72 18 57 164 186 169 193 83 142 130 57 190 8 93 230 173 136 138
    104 62 104 58 194 93 35 58 73 34 5 46 224 57 205 40 8 65 38 96 171
    140 45 117 74 125 127 212 180 166 69 145 253 61 140 208 184 180 149
    71 111 182 63 52 242 205 197 96 20 74 151 151 104 54 82 102 180 112
    216 128 142 253 142 59 215 101 135 18 67 100 86 167 195 148 154 152
    190 88 211 227 157 122 80 28 65 168 31 92 21 175 193 82 63 112 198
    233 192 222 233 214 131 18 57 138 155 40 8 191 130 10 52 74 84 227
    85 69 250 38 229 133 243 146 200 227 113 219 77 138 65 250 152 216
    202 148 221 178 196 193 241 204 134 79 15 188 186 223 16 109 212 16
    81 190 93 254 155 182 131 142 230 222 145 143 111 137 178 57 182 39
    169 49 130 45 180 168 99 55 201 151 143 196 60 235 123 125 196 42 47
    149 149 149 76 241 146 24 44 195 207 91 37 19 64 174 42 15 11 125 94
    13 155 61 118 140 157 49 141 148 64 250 139 61 200 22 12 175 128 19
    47 26 196 80 160 176 67 10 31 191 164 89 242 145 237 80 211 20 52
    186 102 152 125 64 3 245 129 28 157 94 26 209 127 93 230 217 0 22 46
    110 145 250 155 93 242 201 132 134 202 193 156 24 63 162 56 120 75
    167 83 166 141 43 0 33 130 115 214 75 20 31 10 98 203 121 224 13 117
    87 229 89 43 143 7 31 159 167 106 93 197 10 53 75 119 14 78 76 59
    151 219 74 12 60 147 129 249 63 132 175 66 130 213 115 0 48 40 192
    139 100 117 76 41 49 3 131 121 110 94 117 210 163 59 1 223 38 45 79
    145 214 222 39 16 205 36 78 192 241 86 102 113 177 233 104 153 50
    204 254 248 130 238 252 135 237 19 144 179 43 33 135 190 232 245 207
    50 41 104 18 101 169 247 92 156 35 227 1 28 169 47 39 56 241 250 181
    230 243 221 233 210 161 15 126 148 116 167 29 42 37 74 117 66 66 92
    51 52 251 52 95 203 3 209 152 39 141 233 191 193 234 126 233 0 148
    86 171 252 139 10 123 208 55 182 27 239 76 52 64 248 208 123 77 237
    161 240 211 36 28 123 18 124 156 18 239 141 231 173 61 44 204 222 36
    178 187 76 180 214 33 36 124 211 14 0 37 241 234 10 254 26 152 120
    146 149 121 71 240 131 118 131 216 114 6 53 71 97 77 147 33 162 136
    153 142 135 255 66 162 150 59 240 115 170 106 176 5 87 87 103 210 88
    94 189 250 224 236 145 74 193 105 147 150 198 152 118 42 183 160 116
    128 195 115 235 28 181 184 132 16 89 119 51 225 118 190 21 90 4 177
    236 246 222 212 10 245 238 153 210 36 251 55 242 64 0 100 150 71 247
    162 134 207 58 77 124 212 142 66 60 89 40 139 22 137 100 96 18 104
    76 56 138 73 34 41 203 50 85 221 133 227 208 231 254 168 129 130 108
    150 184 196 84 144 131 52 137 166 99 145 221 240 238 29 188 104 218
    125 16 174 83 100 134 187 143 23 68 13 102 216 206 227 178 37 187 1
    160 24 154 4 127 144 152 214 132 45 142 253 179 193 188 198 43 78 53
    203 170 191 156 50 26 47 34 56 217 70 7 98 60 179 132 130 177 134 82
    5 179 148 111 59 216 75 19 126 241 77 224 134 105 39 120 35 253 213
    144 199 90 97 17 178 170 84 255 147 30 250 57 184 72 94 227 202 167
    78 181 128 78 39 87 12 168 53 156 232 220 140 41 127 1 129 205 180
    235 41 121 187 172 93 26 214 172 248 96 242 200 200 230 153 89 36
    235 86 82 132 98 19 233 49 124 47 8 75 74 245 152 24 239 180 205 114
    30 195 172 47 125 237 233 47 221 200 248 13 206 202 62 118 67 14 32
    109 72 147 235 133 188 171 178 189 206 200 133 102 198 144 135 112
    218 54 109 166 169 163 63 217 0 194 192 184 65 5 57 83 100 210 105
    67 58 188 206 133 52 253 130 240 4 104 150 62 187 14 80 254 76 24
    137 233 83 221 16 181 222 96 35 90 72 206 14 202 59 126 122 121 244
    30 15 26 246 79 104 81 102 91 206 155 156 57 115 128 178 16 66 120
    208 234 102 71 21 99 161 84 63 95 7 183 231 97 177 202 234 157 31 21
    14 176 113 94 123 38 116 159 223 150 69 33 67 34 145 249 197 230 171
    86 39 151 114 113 235 249 146 13 179 189 59 245 133 96 232 210 138
    204 240 160 173 177 252 58 110 247 56 244 109 155 46 63 117 225 147
    66 14 217 6 219 27 163 54 111 191 173 63 153 241 29 135 210 176 0
    198 228 148 28 119 249 174 207 248 20 79 143 195 167 159 96 214 14
    18 64 141 237 205 208 28 42 189 22 174 170 11 82 241 214 84 94 95 54
    78 43 79 104 239 180 194 29 32 4 139 233 245 134 194 2 33 132 141
    198 248 13 108 250 83 181 49 2 64 221 83 73 62 23 183 192 195 72 129
    100 191 86 14 119 166 97 146 244 27 97 200 116 75 153 48 8 127 6 226
    239 151 121 137 112 158 128 43 172 85 43 115 176 59 86 33 23 228 113
    70 215 152 164 85 164 227 193 40 28 249 3 203 26 123 231 12 220 250
    233 69 207 81 206 31 188 57 111 245 172 180 199 13 249 23 0 201 59
    27 234 14 80 189 27 188 227 208 113 56 221 100 128 62 215 163 36 57
    227 102 79 61 182 114 42 139 10 247 66 160 205 24 144 42 207 204 19
    177 10 47 49 171 45 187 73 164 169 191 88 60 162 242 124 47 48 11 25
    13 12 205 42 161 137 39 159 251 223 228 129 111 134 169 118 229 15
    227 76 206 201 112 4 18 141 179 78 173 213 77 174 13 173 144 98 24
    89 204 163 81 82 236 248 33 15 214 117 126 236 183 4 217 130 234 4
    171 95 189 81 13 68 62 165 105 97 54 47 71 165 223 48 202 72 232 7
    243</data></test_img>
<my_img type_id="opencv-matrix">
  <rows>50</rows>
  <cols>100</cols>
  <dt>u</dt>
  <data>
    171 235 114 122 211 247 78 117 51 237 150 250 227 136 238 96 190 99
    30 147 60 116 131 121 93 156 131 222 152 129 84 159 227 111 153 227
    217 120 161 69 174 162 38 252 139 79 195 166 21 185 28 59 118 217
    147 240 216 150 59 160 143 56 28 150 95 233 139 213 133 92 168 122
    82 118 42 82 184 205 137 166 12 172 229 251 25 24 244 64 159 121 70
    9 194 201 230 210 84 121 198 28 31 5 220 232 185 149 27 149 107 49
    80 112 179 243 42 200 13 61 226 59 154 149 192 52 1 101 88 196 196
    245 233 224 55 165 208 92 211 15 174 26 141 82 217 1 255 250 251 31
    33 104 116 128 211 218 243 191 117 184 163 139 212 54 169 59 74 78
    101 42 187 95 76 3 123 177 34 138 157 77 117 168 11 143 47 169 168
    48 61 127 75 213 156 255 89 30 116 67 151 211 11 50 249 217 219 34
    250 167 176 110 132 218 47 76 46 32 50 141 188 68 154 171 122 232
    202 239 180 50 66 226 242 135 5 51 102 12 192 225 200 235 223 36 108
    127 15 170 1 204 55 194 21 122 58 251 81 8 0 141 4 129 197 252 197
    135 82 105 19 104 83 62 84 113 80 27 190 36 20 173 146 154 61 194 54
    222 242 138 40 86 17 21 91 132 148 1 112 95 207 77 193 78 26 58 33
    223 110 22 137 89 21 218 120 112 237 156 12 123 199 180 145 82 129
    180 229 78 248 136 151 157 154 81 109 3 247 143 139 70 238 228 59
    115 102 166 217 212 20 128 178 174 227 73 212 141 117 217 34 99 67
    131 200 190 53 88 55 148 98 109 82 247 61 124 93 244 80 136 138 77 7
    85 199 146 107 110 149 209 99 35 52 92 177 82 82 44 179 4 42 188 129
    33 125 84 186 125 14 158 52 251 227 57 139 24 30 56 73 231 2 191 190
    80 240 110 23 189 152 236 45 142 84 139 15 129 202 158 8 65 159 85
    155 32 82 73 95 177 253 32 224 97 251 90 198 97 201 250 156 113 161
    228 100 243 210 101 38 48 174 49 148 37 132 89 131 191 74 105 172 82
    6 101 96 58 166 194 122 139 168 162 135 219 76 200 204 85 218 247 10
    75 37 157 32 174 72 167 235 54 112 22 120 218 171 19 48 52 125 83
    107 244 245 24 217 227 107 54 113 68 239 59 191 93 101 99 213 39 86
    105 137 188 146 244 228 227 128 208 71 200 112 223 237 196 132 51
    122 237 86 66 37 213 54 8 143 69 1 19 190 43 27 234 120 31 42 141 81
    236 92 175 161 80 215 241 238 217 67 48 245 4 4 60 16 159 43 165 162
    39 90 49 14 90 226 27 57 125 248 136 245 29 51 150 5 142 178 222 231
    48 199 28 180 91 126 208 143 72 154 15 46 43 117 115 24 205 185 17
    69 99 112 180 246 241 242 217 61 35 147 1 228 72 188 141 221 242 45
    43 106 114 139 218 109 170 166 120 246 2 43 135 103 148 92 105 197
    195 109 187 1 155 165 48 55 47 105 196 226 150 19 111 112 210 49 186
    86 3 154 63 132 193 6 226 229 141 66 46 133 156 2 42 239 121 56 48
    220 30 234 107 69 239 250 167 244 141 245 188 16 151 109 73 173 193
    223 163 122 208 106 119 218 169 186 21 247 251 108 121 137 146 141
    66 61 89 169 150 237 179 172 174 171 10 192 13 16 26 24 191 138 166
    74 192 127 137 150 198 15 106 198 145 169 242 7 207 146 36 26 38 213
    217 218 209 236 163 39 237 73 164 132 90 40 197 166 224 96 20 97 225
    178 26 37 54 199 186 33 83 183 154 6 62 141 18 189 165 2 2 104 252
    178 13 13 36 37 160 95 56 224 34 187 146 59 149 150 229 232 67 102
    163 130 24 252 66 63 194 196 177 40 193 67 31 239 163 146 97 58 53
    66 131 233 185 15 99 189 1 34 235 173 235 146 59 199 69 119 160 74
    195 98 146 235 133 50 68 78 8 140 94 153 81 2 182 15 108 251 169 158
    85 204 174 125 25 207 159 188 144 54 92 212 141 86 13 153 55 210 158
    213 125 76 115 91 66 20 255 226 110 167 184 199 131 100 39 214 6 236
    81 255 38 186 158 92 18 140 32 151 238 33 175 191 119 80 21 179 198
    72 29 12 55 103 172 50 139 171 238 96 115 4 2 38 233 219 24 34 157
    15 54 237 122 217 217 60 247 199 169 58 124 112 193 171 9 89 117 139
    95 225 200 27 204 192 157 202 123 231 221 24 201 153 239 172 84 221
    104 18 33 16 15 194 158 130 201 130 218 5 235 250 196 169 21 158 90
    199 35 63 82 186 189 76 218 86 67 56 255 88 24 156 37 132 117 101
    125 198 159 210 123 43 179 121 125 116 51 214 173 184 197 134 165 94
    89 210 96 153 246 176 68 167 226 69 8 175 158 188 96 147 198 208 59
    138 144 216 153 31 167 100 84 215 141 188 59 20 167 5 60 196 179 174
    63 32 40 200 99 7 244 246 106 1 217 128 222 147 148 223 34 8 14 173
    254 43 120 132 103 66 209 239 151 98 150 253 197 44 3 98 111 77 198
    47 158 179 203 252 86 176 45 176 75 207 241 39 110 94 195 95 229 97
    122 199 79 34 20 135 177 161 14 69 121 207 144 86 180 230 71 112 29
    154 105 149 241 224 66 183 118 230 178 128 95 54 135 20 24 237 135
    39 207 157 207 200 131 174 105 166 198 83 149 251 46 109 84 160 12 4
    205 91 172 37 54 61 77 46 249 227 114 161 74 170 24 245 229 228 143
    202 140 1 143 127 6 72 10 20 33 150 147 16 55 152 254 204 177 171
    161 24 184 50 150 239 19 198 69 19 175 109 189 191 145 102 65 87 93
    251 71 121 190 56 223 195 249 234 179 27 53 78 211 158 135 83 223
    239 178 1 31 220 81 38 60 122 148 92 142 196 254 98 81 90 175 172
    146 43 181 158 42 199 73 39 137 185 91 196 243 169 17 10 158 113 66
    172 218 10 120 136 183 72 251 141 45 102 110 79 182 230 164 138 42
    219 102 182 143 140 81 246 153 77 124 143 75 103 108 167 227 23 119
    53 147 223 134 123 125 181 241 97 183 204 208 46 183 47 116 102 75
    66 199 183 189 84 13 147 247 102 174 244 94 124 26 244 216 226 132
    95 224 125 200 30 42 237 66 19 213 90 132 204 253 128 99 246 253 149
    142 129 187 126 206 196 131 60 138 72 41 182 176 79 43 25 108 154 10
    5 127 165 110 110 164 238 226 229 186 4 193 57 12 64 236 234 182 245
    70 114 112 28 175 252 88 248 97 166 97 246 12 253 253 243 222 241
    143 57 199 48 49 216 38 150 5 250 66 230 174 16 254 167 17 47 205
    112 104 232 204 97 205 255 219 110 106 253 205 82 250 118 162 93 253
    95 47 65 83 58 192 201 236 168 5 84 150 206 192 199 33 157 146 210
    28 14 83 27 50 13 202 132 194 203 132 192 112 73 202 173 104 102 207
    251 24 159 164 135 158 131 209 227 17 18 250 83 39 131 60 53 181 100
    85 113 77 124 62 142 88 225 110 206 40 171 12 81 128 139 132 102 213
    252 17 252 3 84 175 203 153 8 139 74 80 201 236 200 130 242 18 190
    26 226 90 33 37 73 182 255 195 172 189 231 127 223 250 135 40 212
    103 27 60 111 53 228 33 125 58 53 37 147 165 62 127 141 4 196 79 9
    50 161 11 227 27 244 35 156 197 19 164 75 206 65 97 26 161 147 135
    220 112 175 236 70 39 221 56 237 8 119 157 147 252 36 201 198 242
    149 230 114 52 35 20 124 162 142 141 41 167 106 193 191 205 37 50
    121 28 155 249 191 241 121 38 200 95 77 33 221 191 146 180 193 250
    227 117 232 82 140 114 239 39 94 175 76 29 102 167 228 179 255 129
    25 231 179 43 126 219 245 232 153 60 219 216 192 39 36 79 221 33 191
    223 66 226 145 121 106 85 205 89 41 116 140 111 151 9 20 168 63 40
    200 61 181 139 137 242 151 213 87 135 10 31 120 225 60 45 58 159 59
    135 133 95 221 200 114 104 116 81 45 91 198 25 26 231 17 14 33 159
    117 161 8 208 234 95 243 126 154 139 57 27 108 217 184 21 95 135 237
    56 19 224 1 215 106 199 131 19 25 184 164 106 204 122 80 12 209 165
    252 119 245 61 196 8 255 124 57 138 28 236 173 80 108 248 178 3 233
    175 199 206 252 54 73 15 31 208 106 56 160 182 39 112 220 123 62 30
    22 155 27 126 167 218 196 126 179 26 130 41 77 91 99 100 243 168 99
    144 58 174 96 139 75 133 110 113 183 54 127 218 221 84 79 186 200
    182 184 244 11 230 195 76 125 54 212 234 150 95 160 242 83 222 182
    66 225 66 48 8 8 94 147 20 55 79 24 44 90 53 231 54 254 65 29 149
    132 175 59 168 103 139 234 69 151 26 205 198 38 3 86 229 225 76 116
    69 108 82 22 123 204 151 209 253 226 4 107 163 42 138 207 222 238
    198 87 69 107 8 254 3 83 233 192 98 113 71 21 76 73 135 98 158 193
    254 119 64 60 43 116 45 238 183 111 30 175 217 194 55 245 135 60 255
    247 236 61 143 17 97 235 228 1 214 250 39 12 51 183 70 152 155 51
    242 2 45 131 74 213 207 42 138 168 12 190 132 215 227 210 54 51 161
    96 34 95 243 205 94 91 198 146 173 172 17 38 124 231 113 89 115 131
    103 199 96 25 234 233 181 196 242 170 194 97 237 50 5 86 149 106 10
    10 87 15 108 42 49 203 145 129 132 80 213 66 240 94 184 40 176 45
    124 195 101 37 249 90 171 65 220 181 26 212 91 141 20 216 116 212
    199 9 36 227 102 34 97 206 82 150 209 92 191 1 124 49 212 100 171 86
    183 122 25 134 128 243 253 104 108 194 194 118 7 190 205 255 5 228
    167 103 169 101 235 189 44 186 154 148 155 90 9 205 250 42 167 164
    42 48 128 153 28 213 164 234 173 3 1 169 254 160 101 113 246 12 69
    120 192 247 12 93 124 205 223 206 116 97 180 27 167 101 69 221 135
    253 51 73 79 85 245 200 250 14 25 94 20 48 224 216 184 109 245 136
    73 116 83 65 80 140 11 43 21 23 64 21 194 254 11 224 122 132 154 66
    49 136 182 235 46 146 29 243 168 214 136 146 110 52 115 35 157 110
    241 244 253 106 56 98 55 142 93 4 175 201 106 223 31 66 165 165 80
    136 97 58 67 114 47 145 185 198 199 161 91 157 9 113 202 180 157 65
    161 185 14 125 207 177 204 134 106 135 191 105 238 130 160 80 150
    104 95 38 83 180 114 31 4 206 153 198 254 194 203 31 168 227 238 250
    53 116 148 109 194 25 24 78 227 44 83 145 149 77 90 93 102 13 179 5
    169 169 202 237 217 217 164 39 180 162 173 7 251 122 113 7 32 246 54
    119 169 243 98 255 63 156 77 228 97 8 180 28 248 52 127 167 149 142
    19 82 221 234 147 49 49 172 43 121 67 185 56 227 208 211 50 132 134
    92 221 253 73 182 62 202 224 39 213 162 215 53 246 79 161 190 121
    129 178 20 119 43 170 166 105 232 236 235 236 106 63 221 182 57 180
    82 244 232 110 162 169 61 120 101 100 109 165 248 124 141 197 221
    184 77 16 242 170 122 13 246 150 74 178 180 71 147 117 21 34 143 177
    210 16 215 169 108 31 80 117 43 119 215 91 199 20 237 7 226 35 74
    120 73 87 96 163 98 230 176 138 149 119 114 43 12 168 179 253 36 5
    161 79 19 107 247 91 219 34 35 236 57 107 31 218 75 223 103 182 161
    124 90 161 8 30 243 1 255 10 61 217 179 50 167 21 174 33 217 53 112
    240 82 1 69 98 0 0 139 50 68 49 184 25 150 206 216 238 21 209 43 51
    69 19 64 163 243 29 160 58 12 8 73 242 203 135 82 74 10 145 169 188
    112 1 101 177 37 72 49 123 195 32 235 160 134 235 145 183 176 98 184
    102 235 145 244 136 28 104 134 249 2 165 12 153 55 125 231 77 123
    220 142 14 197 51 153 28 112 96 153 40 76 44 72 194 229 165 8 44 200
    15 63 120 176 61 124 226 51 86 160 7 239 135 198 199 104 121 36 58
    234 154 24 84 238 61 77 53 127 149 95 187 53 21 214 117 252 233 5 46
    172 122 3 28 115 193 204 169 71 135 234 94 176 6 227 161 120 125 8
    141 154 209 72 164 96 12 224 87 218 246 93 253 8 226 29 168 195 199
    149 108 3 77 226 84 118 73 148 20 251 16 37 120 103 230 191 32 31 81
    183 100 79 43 235 241 191 196 10 247 225 68 26 46 159 76 157 205 41
    162 81 101 245 34 210 120 108 221 20 241 19 4 87 205 99 239 199 37
    70 233 151 58 131 58 232 102 42 174 167 100 160 4 92 118 206 61 39
    109 86 25 250 190 194 193 180 239 121 139 231 162 161 27 167 52 97
    162 161 217 152 43 181 121 249 26 64 188 240 144 26 193 207 127 42 6
    81 216 148 251 46 140 93 29 80 192 37 86 79 88 2 231 1 231 56 133
    135 220 207 227 182 228 73 130 252 204 172 51 142 37 132 36 154 167
    243 139 72 121 101 142 82 136 184 247 238 32 248 53 88 89 138 208
    113 159 225 201 242 225 78 140 206 230 60 39 185 33 170 15 213 242
    153 62 166 80 19 187 79 8 210 253 110 238 246 98 242 226 186 132 151
    216 231 245 159 185 82 54 42 43 87 62 224 238 76 162 34 214 245 28
    118 58 42 115 193 61 97 163 34 127 216 156 37 253 50 221 203 9 103 9
    216 149 125 128 84 143 110 159 185 19 43 105 22 64 108 40 255 47 36
    98 81 141 109 65 198 62 239 192 189 28 145 56 36 150 243 19 61 87 17
    50 221 25 22 32 101 38 12 190 140 14 90 215 68 187 53 17 108 28 152
    20 9 176 63 210 55 202 172 232 126 14 62 20 57 202 184 73 95 18 20
    103 156 185 193 158 181 139 177 79 245 112 117 26 161 96 6 216 235
    114 190 119 205 236 38 39 222 73 169 84 165 217 58 255 236 49 237
    231 34 64 26 193 96 65 247 85 29 44 198 79 163 223 175 180 46 227
    244 10 158 54 51 109 131 73 69 243 90 64 242 31 91 173 5 184 139 60
    220 11 154 156 55 73 132 110 102 217 105 179 132 171 123 78 105 8 82
    227 68 35 103 176 239 109 214 48 33 80 196 21 116 182 34 172 224 143
    148 49 177 160 151 177 14 157 130 5 157 101 35 101 251 16 14 71 173
    172 110 177 139 253 242 234 227 167 7 4 172 171 34 143 139 178 241
    230 153 28 173 203 115 100 60 81 46 47 37 214 202 111 60 166 165 108
    181 193 116 16 158 177 53 225 211 103 137 191 90 69 164 73 138 177
    246 178 33 3 242 58 220 13 150 70 253 169 133 139 139 82 171 85 250
    2 30 25 11 250 232 212 96 143 125 234 4 252 243 31 195 35 229 52 194
    23 94 213 82 23 144 56 98 142 30 119 224 52 25 90 73 228 68 137 163
    27 127 46 19 215 197 117 29 18 117 67 91 117 66 21 212 119 184 175
    249 84 111 53 127 99 171 202 3 123 87 50 235 5 46 56 105 199 219 14
    213 197 69 236 34 81 238 223 84 11 54 178 41 62 80 223 210 195 19
    114 144 227 186 146 91 245 99 236 116 45 99 105 232 206 187 216 25
    112 165 190 222 57 225 27 180 145 212 202 179 54 4 157 75 246 96 168
    64 15 99 254 132 65 119 14 147 164 88 30 73 178 235 4 2 104 186 142
    64 232 194 207 238 235 71 53 39 141 197 45 201 69 1 97 31 208 178 84
    174 232 253 202 251 128 182 27 174 14 246 53 123 27 38 133 116 94
    182 15 11 111 80 67 228 38 7 199 89 74 185 64 150 235 87 236 229 136
    94 83 199 164 139 14 195 229 9 187 180 241 250 163 6 217 189 199 161
    190 82 238 215 11 20 71 142 108 78 241 135 139 97 247 187 60 202 69
    93 229 87 205 149 164 146 134 110 213 68 8 10 194 77 112 157 218 65
    111 60 42 62 83 133 113 153 90 104 131 105 35 98 56 110 77 136 230
    179 145 3 140 187 9 22 252 127 210 106 115 86 26 75 167 54 99 22 45
    136 110 191 58 245 226 77 244 110 58 82 140 106 24 147 206 43 125
    123 127 176 122 242 79 140 247 127 32 171 114 18 132 16 105 69 22
    254 142 87 114 75 9 147 255 103 40 10 106 228 176 246 195 40 114 151
    72 20 57 157 179 164 194 86 141 130 64 189 8 103 228 174 149 151 126
    62 104 58 194 93 35 58 73 34 5 46 224 57 205 40 8 65 38 96 171 147
    42 118 76 125 125 212 187 173 65 145 254 56 136 209 183 179 144 67
    106 180 59 49 242 207 201 89 19 65 156 156 101 47 73 102 187 113 216
    132 151 254 150 56 220 97 136 15 62 97 85 169 201 150 154 150 194 87
    219 224 151 114 81 31 66 162 32 90 23 170 196 85 69 118 198 234 193
    220 235 214 147 18 57 138 155 40 8 191 130 10 52 74 84 227 85 69 250
    38 229 133 243 153 199 227 111 217 79 141 62 250 159 215 199 150 223
    179 194 194 239 202 128 77 12 187 186 220 13 106 210 13 72 194 85
    253 160 187 134 145 227 222 156 150 117 143 180 51 184 39 169 48 127
    46 182 171 97 56 208 148 142 199 61 234 117 118 198 41 46 142 143
    145 77 242 145 27 47 197 205 103 44 22 84 174 42 15 11 125 94 13 155
    61 118 140 157 49 141 148 64 250 139 61 200 23 13 183 132 20 47 24
    198 83 165 182 64 6 27 191 164 86 242 141 235 79 213 18 50 186 97
    150 115 56 6 245 124 25 160 93 22 208 125 93 232 217 2 20 45 109 150
    252 158 95 245 206 133 139 209 198 156 28 65 159 57 113 76 163 87
    158 132 42 1 32 131 116 216 80 25 29 11 114 205 135 227 13 117 87
    229 89 43 143 7 31 159 167 106 93 197 10 53 75 119 14 78 76 59 151
    219 74 12 60 147 129 249 63 132 175 66 130 213 115 0 48 40 192 139
    100 117 76 41 49 3 131 121 110 94 117 210 163 59 1 223 38 45 79 145
    214 222 39 16 205 36 78 192 241 86 102 113 177 233 104 153 50 204
    254 248 130 238 252 135 237 19 144 179 43 33 135 190 232 245 207 50
    41 104 18 101 169 247 92 156 35 227 1 28 169 47 39 56 241 250 181
    230 243 221 233 210 161 15 126 148 116 167 29 42 37 74 117 66 66 92
    51 52 251 52 95 203 3 209 152 39 141 233 191 193 234 126 233 0 148
    86 171 252 139 10 123 208 55 182 27 239 76 52 64 248 208 123 77 237
    161 240 211 36 28 123 18 124 156 18 239 141 231 173 61 44 204 222 36
    178 187 76 180 214 33 36 124 211 14 0 37 241 234 10 254 26 152 120
    146 149 121 71 240 131 118 131 216 114 6 53 71 97 77 147 33 162 136
    153 142 135 255 66 162 150 59 240 115 170 106 176 5 87 87 103 210 88
    94 189 250 224 236 145 74 193 105 147 150 198 152 118 42 183 160 116
    128 195 115 235 28 181 184 132 16 89 119 51 225 118 190 21 90 4 177
    236 246 222 212 10 245 238 153 210 36 251 55 242 64 0 100 150 71 247
    162 134 207 58 77 124 212 142 66 60 89 40 139 22 137 100 96 18 104
    76 56 138 73 34 41 203 50 85 221 133 227 208 231 254 168 129 130 108
    150 184 196 84 144 131 52 137 166 99 145 221 240 238 29 188 104 218
    125 16 174 83 100 134 187 143 23 68 13 102 216 206 227 178 37 187 1
    160 24 154 4 127 144 152 214 132 45 142 253 179 193 188 198 43 78 53
    203 170 191 156 50 26 47 34 56 217 70 7 98 60 179 132 130 177 134 82
    5 179 148 111 59 216 75 19 126 241 77 224 134 105 39 120 35 253 213
    144 199 90 97 17 178 170 84 255 147 30 250 57 184 72 94 227 202 167
    78 181 128 78 39 87 12 168 53 156 232 220 140 41 127 1 129 205 180
    235 41 121 187 172 93 26 214 172 248 96 242 200 200 230 153 89 36
    235 86 82 132 98 19 233 49 124 47 8 75 74 245 152 24 239 180 205 114
    30 195 172 47 125 237 233 47 221 200 248 13 206 202 62 118 67 14 32
    109 72 147 235 133 188 171 178 189 206 200 133 102 198 144 135 112
    218 54 109 166 169 163 63 217 0 194 192 184 65 5 57 83 100 210 105
    67 58 188 206 133 52 253 130 240 4 104 150 62 187 14 80 254 76 24
    137 233 83 221 16 181 222 96 35 90 72 206 14 202 59 126 122 121 244
    30 15 26 246 79 104 81 102 91 206 155 156 57 115 128 178 16 66 120
    208 234 102 71 21 99 161 84 63 95 7 183 231 97 177 202 234 157 31 21
    14 176 113 94 123 38 116 159 223 150 69 33 67 34 145 249 197 230 171
    86 39 151 114 113 235 249 146 13 179 189 59 245 133 96 232 210 138
    204 240 160 173 177 252 58 110 247 56 244 109 155 46 63 117 225 147
    66 14 217 6 219 27 163 54 111 191 173 63 153 241 29 135 210 176 0
    198 228 148 28 119 249 174 207 248 20 79 143 195 167 159 96 214 14
    18 64 141 237 205 208 28 42 189 22 174 170 11 82 241 214 84 94 95 54
    78 43 79 104 239 180 194 29 32 4 139 233 245 134 194 2 33 132 141
    198 248 13 108 250 83 181 49 2 64 221 83 73 62 23 183 192 195 72 129
    100 191 86 14 119 166 97 146 244 27 97 200 116 75 153 48 8 127 6 226
    239 151 121 137 112 158 128 43 172 85 43 115 176 59 86 33 23 228 113
    70 215 152 164 85 164 227 193 40 28 249 3 203 26 123 231 12 220 250
    233 69 207 81 206 31 188 57 111 245 172 180 199 13 249 23 0 201 59
    27 234 14 80 189 27 188 227 208 113 56 221 100 128 62 215 163 36 57
    227 102 79 61 182 114 42 139 10 247 66 160 205 24 144 42 207 204 19
    177 10 47 49 171 45 187 73 164 169 191 88 60 162 242 124 47 48 11 25
    13 12 205 42 161 137 39 159 251 223 228 129 111 134 169 118 229 15
    227 76 206 201 112 4 18 141 179 78 173 213 77 174 13 173 144 98 24
    89 204 163 81 82 236 248 33 15 214 117 126 236 183 4 217 130 234 4
    171 95 189 81 13 68 62 165 105 97 54 47 71 165 223 48 202 72 232 7
    243</data></my_img>
<your_img type_id="opencv-matrix">
  <rows>50</rows>
  <cols>100</cols>
  <dt>u</dt>
  <data>
    171 235 114 122 211 247 78 117 51 237 150 250 227 136 238 96 190 99
    30 147 60 116 131 121 93 156 131 222 152 129 84 159 227 111 153 227
    217 120 161 69 174 162 38 252 139 79 195 166 21 185 28 59 118 217
    147 240 216 150 59 160 143 56 28 150 95 233 139 213 133 92 168 122
    82 118 42 82 184 205 137 166 12 172 229 251 25 24 244 64 159 121 70
    9 194 201 230 210 84 121 198 28 31 5 220 232 185 149 27 149 107 49
    80 112 179 243 42 200 13 61 226 59 154 149 192 52 1 101 88 196 196
    245 233 224 55 165 208 92 211 15 174 26 141 82 217 1 255 250 251 31
    33 104 116 128 211 218 243 191 117 184 163 139 212 54 169 59 74 78
    101 42 187 95 76 3 123 177 34 138 157 77 117 168 11 143 47 169 168
    48 61 127 75 213 156 255 89 30 116 67 151 211 11 50 249 217 219 34
    250 167 176 110 132 218 47 76 46 32 50 141 188 68 154 171 122 232
    202 239 180 50 66 226 242 135 5 51 102 12 192 225 200 235 223 36 108
    127 15 170 1 204 55 194 21 122 58 251 81 8 0 141 4 129 197 252 197
    135 82 105 19 104 83 62 84 113 80 27 190 36 20 173 146 154 61 194 54
    222 242 138 40 86 17 21 91 132 148 1 112 95 207 77 193 78 26 58 33
    223 110 22 137 89 21 218 120 112 237 156 12 123 199 180 145 82 129
    180 229 78 248 136 151 157 154 81 109 3 247 143 139 70 238 228 59
    115 102 166 217 212 20 128 178 174 227 73 212 141 117 217 34 99 67
    131 200 190 53 88 55 148 98 109 82 247 61 124 93 244 80 136 138 77 7
    85 199 146 107 110 149 209 99 35 52 92 177 82 82 44 179 4 42 188 129
    33 125 84 186 125 14 158 52 251 227 57 139 24 30 56 73 231 2 191 190
    80 240 110 23 189 152 236 45 142 84 139 15 129 202 158 8 65 159 85
    155 32 82 73 95 177 253 32 224 97 251 90 198 97 201 250 156 113 161
    228 100 243 210 101 38 48 174 49 148 37 132 89 131 191 74 105 172 82
    6 101 96 58 166 194 122 139 168 162 135 219 76 200 204 85 218 247 10
    75 37 157 32 174 72 167 235 54 112 22 120 218 171 19 48 52 125 83
    107 244 245 24 217 227 107 54 113 68 239 59 191 93 101 99 213 39 86
    105 137 188 146 244 228 227 128 208 71 200 112 223 237 196 132 51
    122 237 86 66 37 213 54 8 143 69 1 19 190 43 27 234 120 31 42 141 81
    236 92 175 161 80 215 241 238 217 67 48 245 4 4 60 16 159 43 165 162
    39 90 49 14 90 226 27 57 125 248 136 245 29 51 150 5 142 178 222 231
    48 199 28 180 91 126 208 143 72 154 15 46 43 117 115 24 205 185 17
    69 99 112 180 246 241 242 217 61 35 147 1 228 72 188 141 221 242 45
    43 106 114 139 218 109 170 166 120 246 2 43 135 103 148 92 105 197
    195 109 187 1 155 165 48 55 47 105 196 226 150 19 111 112 210 49 186
    86 3 154 63 132 193 6 226 229 141 66 46 133 156 2 42 239 121 56 48
    220 30 234 107 69 239 250 167 244 141 245 188 16 151 109 73 173 193
    223 163 122 208 106 119 218 169 186 21 247 251 108 121 137 146 141
    66 61 89 169 150 237 179 172 174 171 10 192 13 16 26 24 191 138 166
    74 192 127 137 150 198 15 106 198 145 169 242 7 207 146 36 26 38 213
    217 218 209 236 163 39 237 73 164 132 90 40 197 166 224 96 20 97 225
    178 26 37 54 199 186 33 83 183 154 6 62 141 18 189 165 2 2 104 252
    178 13 13 36 37 160 95 56 224 34 187 146 59 149 150 229 232 67 102
    163 130 24 252 66 63 194 196 177 40 193 67 31 239 163 146 97 58 53
    66 131 233 185 15 99 189 1 34 235 173 235 146 59 199 69 119 160 74
    195 98 146 235 133 50 68 78 8 140 94 153 81 2 182 15 108 251 169 158
    85 204 174 125 25 207 159 188 144 54 92 212 141 86 13 153 55 210 158
    213 125 76 115 91 66 20 255 226 110 167 184 199 131 100 39 214 6 236
    81 255 38 186 158 92 18 140 32 151 238 33 175 191 119 80 21 179 198
    72 29 12 55 103 172 50 139 171 238 96 115 4 2 38 233 219 24 34 157
    15 54 237 122 217 217 60 247 199 169 58 124 112 193 171 9 89 117 139
    95 225 200 27 204 192 157 202 123 231 221 24 201 153 239 172 84 221
    104 18 33 16 15 194 158 130 201 130 218 5 235 250 196 169 21 158 90
    199 35 63 82 186 189 76 218 86 67 56 255 88 24 156 37 132 117 101
    125 198 159 210 123 43 179 121 125 116 51 214 173 184 197 134 165 94
    89 210 96 153 246 176 68 167 226 69 8 175 158 188 96 147 198 208 59
    138 144 216 153 31 167 100 84 215 138 188 59 20 167 5 60 196 179 174
    63 32 40 200 99 7 244 246 106 1 217 128 222 147 148 223 34 8 14 173
    254 43 120 132 103 66 209 239 151 98 150 253 197 44 3 98 111 77 198
    47 158 179 203 252 86 176 45 176 75 207 241 39 110 94 195 95 229 97
    122 199 79 34 20 135 177 161 14 69 121 207 144 86 180 230 71 112 29
    154 105 149 241 224 66 183 118 230 178 128 95 54 135 20 24 237 135
    39 207 157 207 200 131 174 105 166 198 83 149 251 46 109 84 160 12 4
    205 91 172 37 54 61 77 46 249 227 114 161 74 170 24 245 229 228 143
    202 140 1 143 127 6 72 10 20 33 150 147 16 55 152 254 204 177 171
    161 24 184 50 150 239 19 198 69 19 175 109 189 191 145 102 65 87 93
    251 71 121 190 56 223 195 249 234 179 27 53 78 211 158 135 83 223
    239 173 1 31 220 81 38 60 122 148 92 142 196 254 98 81 90 175 172
    146 43 181 158 42 199 73 39 137 185 91 196 243 169 17 10 158 113 66
    172 218 10 120 136 183 72 251 141 45 102 110 79 182 230 164 138 42
    219 102 182 143 140 81 246 153 77 124 143 75 103 108 167 227 23 119
    53 147 223 134 123 125 181 241 97 183 204 208 46 183 47 116 102 75
    66 199 183 189 84 13 147 247 102 170 244 94 124 26 244 216 226 132
    95 224 125 200 30 42 237 66 19 213 90 132 204 253 128 99 246 253 149
    142 129 187 126 206 196 131 60 138 72 41 182 176 79 43 25 108 154 10
    5 127 165 110 110 164 238 226 229 186 4 193 57 12 64 236 234 182 245
    70 114 112 28 175 252 88 248 97 166 97 246 12 253 253 243 222 241
    143 57 199 48 49 216 38 150 5 250 66 230 174 16 254 167 19 47 205
    112 104 232 204 97 205 255 219 110 106 253 205 82 250 118 162 93 253
    95 47 65 83 58 192 201 236 168 5 84 150 206 192 199 33 157 146 210
    28 14 83 27 50 13 202 132 194 203 132 192 112 73 202 173 104 102 207
    251 24 159 164 135 158 131 209 227 17 18 250 83 39 131 60 53 181 100
    85 113 77 124 62 142 88 225 110 206 40 171 12 81 128 139 132 102 213
    252 17 252 3 84 175 203 153 8 139 74 80 201 236 200 130 242 18 190
    26 226 90 33 37 73 182 255 195 172 189 231 127 223 250 135 40 212
    103 27 60 111 53 228 33 125 58 53 37 147 165 62 127 141 4 196 79 9
    50 161 11 227 27 244 35 156 197 19 164 75 206 65 97 26 161 147 135
    220 112 175 236 70 39 221 56 237 8 119 157 147 252 36 201 198 242
    149 230 114 52 35 20 124 162 142 142 41 167 106 193 191 205 37 50
    121 28 155 249 191 241 121 38 200 95 77 33 221 191 146 180 193 250
    227 117 232 82 140 114 239 39 94 175 76 29 102 167 228 179 255 129
    25 231 179 43 126 219 245 232 153 60 219 216 192 39 36 79 221 33 191
    223 66 226 145 121 106 85 205 89 41 116 140 111 151 9 20 168 63 40
    200 61 181 139 137 242 151 213 87 135 10 31 120 225 60 45 58 159 59
    135 133 95 221 200 114 104 116 81 45 91 198 25 26 231 17 14 33 159
    117 161 8 208 234 95 243 126 154 139 57 27 108 217 184 21 95 135 237
    56 19 224 1 215 106 199 131 19 25 184 164 106 204 122 80 12 209 165
    252 119 245 61 196 8 255 124 57 138 28 236 173 80 108 248 178 3 233
    175 199 206 252 54 73 15 31 208 106 56 160 182 39 112 220 123 62 30
    22 155 27 130 167 218 196 126 179 26 130 41 77 91 99 100 243 168 99
    144 58 174 96 139 75 133 110 113 183 54 127 218 221 84 79 186 200
    182 184 244 11 230 195 76 125 54 212 234 150 95 160 242 83 222 182
    66 225 66 48 8 8 94 147 20 55 79 24 44 90 53 231 54 254 65 29 149
    132 175 59 168 103 139 234 69 151 26 205 198 38 3 86 229 225 76 116
    69 108 82 22 123 204 151 209 253 226 4 107 163 42 138 207 222 238
    198 87 69 107 8 254 3 83 233 192 98 113 71 21 76 73 135 98 158 193
    254 119 64 60 43 116 45 238 183 111 30 175 217 194 55 245 135 60 255
    247 236 61 143 17 97 235 228 1 214 250 39 12 51 183 70 152 155 51
    242 2 45 131 74 213 207 42 138 168 12 190 132 215 227 210 54 51 161
    96 34 95 243 205 94 91 198 146 173 172 17 38 124 231 113 89 115 131
    103 199 96 25 234 233 181 196 242 170 194 97 237 50 5 86 149 106 10
    10 87 15 108 42 49 203 145 129 132 80 213 66 240 94 184 40 176 45
    124 195 101 37 249 90 171 65 220 181 26 212 91 141 20 216 116 212
    199 9 36 227 102 34 97 206 82 150 209 92 191 1 124 49 212 100 171 86
    183 122 25 134 128 243 253 104 108 194 194 118 7 190 205 255 5 228
    164 103 169 101 235 189 44 186 154 148 155 90 9 205 250 42 167 164
    42 48 128 153 28 213 164 234 173 3 1 169 254 160 101 113 246 12 69
    120 192 247 12 93 124 205 223 206 116 97 180 27 167 101 69 221 135
    253 51 73 79 85 245 200 250 14 25 94 20 48 224 216 184 109 245 136
    73 116 83 65 80 140 11 43 21 23 64 21 194 254 11 224 122 132 154 66
    49 136 182 235 46 146 28 243 168 214 136 146 110 52 115 35 157 110
    241 244 253 106 56 98 55 142 93 4 175 201 106 223 31 66 165 165 80
    136 97 58 67 114 47 145 185 198 199 161 91 157 9 113 202 180 157 65
    161 185 14 125 207 177 204 134 106 135 191 105 238 130 160 80 150
    104 95 38 83 180 114 31 4 206 153 198 254 194 203 31 168 227 238 250
    53 116 148 109 194 25 24 78 227 44 83 145 149 77 87 93 102 13 179 5
    169 169 202 237 217 217 164 39 180 162 173 7 251 122 113 7 32 246 54
    119 169 243 98 255 63 156 77 228 97 8 180 28 248 52 127 167 149 142
    19 82 221 234 147 49 49 172 43 121 67 185 56 227 208 211 50 132 134
    92 221 253 73 182 62 202 224 39 213 162 215 53 246 79 161 190 121
    129 178 20 119 43 170 166 105 232 236 235 236 106 63 221 182 57 180
    82 239 232 110 162 169 61 120 101 100 109 165 248 124 141 197 221
    184 77 16 242 170 122 13 246 150 74 178 180 71 147 117 21 34 143 177
    210 16 215 169 108 31 80 117 43 119 215 91 199 20 237 7 226 35 74
    120 73 87 96 163 98 230 176 138 149 119 114 43 12 168 179 253 36 5
    161 79 19 107 247 91 219 34 35 236 57 107 31 218 75 223 103 182 161
    124 90 161 8 30 243 1 255 11 61 217 179 50 167 21 174 33 217 53 112
    240 82 1 69 98 0 0 139 50 68 49 184 25 150 206 216 238 21 209 43 51
    69 19 64 163 243 29 160 58 12 8 73 242 203 135 82 74 10 145 169 188
    112 1 101 177 37 72 49 123 195 32 235 160 134 235 145 183 176 98 184
    102 235 145 244 136 28 104 134 249 2 165 12 153 55 125 231 77 123
    220 142 14 197 51 153 28 112 96 153 38 76 44 72 194 229 165 8 44 200
    15 63 120 176 61 124 226 51 86 160 7 239 135 198 199 104 121 36 58
    234 154 24 84 238 61 77 53 127 149 95 187 53 21 214 117 252 233 5 46
    172 122 3 28 115 193 204 169 71 135 234 94 176 6 227 161 120 125 8
    141 154 209 72 164 96 12 224 87 218 246 93 253 8 226 29 168 195 199
    149 108 3 77 226 84 118 73 148 20 251 16 37 111 103 230 191 32 31 81
    183 100 79 43 235 241 191 196 10 247 225 68 26 46 159 76 157 205 41
    162 81 101 245 34 210 120 108 221 20 241 19 4 87 205 99 239 199 37
    70 233 151 58 131 58 232 102 42 174 167 100 160 4 92 118 206 61 39
    109 86 25 250 190 194 193 180 239 121 139 231 162 161 27 167 52 97
    162 161 217 152 43 181 121 249 26 64 188 240 144 26 193 207 127 42 6
    81 216 148 251 46 140 93 29 80 192 37 86 79 88 2 231 1 231 56 133
    135 220 207 227 182 228 73 130 252 204 172 51 142 37 132 36 154 167
    243 139 72 121 101 142 82 136 184 247 238 32 248 53 88 89 138 208
    113 159 225 201 242 225 78 140 206 230 60 39 185 33 170 15 213 242
    153 62 166 80 19 187 79 8 210 253 110 238 246 98 242 226 186 132 151
    216 231 245 159 185 82 47 42 43 87 62 224 238 76 162 34 214 245 28
    118 58 42 115 193 61 97 163 34 127 216 156 37 253 50 221 203 9 103 9
    216 149 125 128 84 143 110 159 185 19 43 105 22 64 108 40 255 47 36
    98 81 141 109 65 198 62 239 192 189 28 145 56 36 150 243 19 61 87 17
    50 221 25 22 32 101 38 12 190 140 14 90 215 68 187 53 17 108 28 152
    20 9 176 63 210 55 202 172 229 126 14 62 20 57 202 184 73 95 18 20
    103 156 185 193 158 181 139 177 79 245 112 117 26 161 96 6 216 235
    114 190 119 205 236 38 39 222 73 169 84 165 217 58 255 236 49 237
    231 34 64 26 193 96 65 247 85 29 44 198 79 163 223 175 180 46 227
    244 10 158 54 51 109 131 73 69 243 90 64 242 31 91 173 5 184 139 60
    220 11 154 156 55 73 132 110 102 217 105 179 132 162 123 78 105 8 82
    227 68 35 103 176 239 109 214 48 33 80 196 21 116 182 34 172 224 143
    148 49 177 160 151 177 14 157 130 5 157 101 35 101 251 16 14 71 173
    172 110 177 139 253 242 234 227 167 7 4 172 171 34 143 139 178 241
    230 153 28 173 203 115 100 60 81 46 47 37 214 202 111 60 166 165 108
    181 193 116 16 158 177 53 225 211 103 137 191 90 69 164 73 138 177
    246 169 33 3 242 58 220 13 150 70 253 169 133 139 139 82 171 85 250
    2 30 25 11 250 232 212 96 143 125 234 4 252 243 31 195 35 229 52 194
    23 94 213 82 23 144 56 98 142 30 119 224 52 25 90 73 228 68 137 163
    27 127 46 19 215 197 117 29 18 117 67 91 117 66 21 212 119 184 175
    249 84 111 53 127 99 171 202 3 123 87 50 235 5 46 56 105 199 219 14
    213 197 69 233 34 81 238 223 84 11 54 178 41 62 80 223 210 195 19
    114 144 227 186 146 91 245 99 236 116 45 99 105 232 206 187 216 25
    112 165 190 222 57 225 27 180 145 212 202 179 54 4 157 75 246 96 168
    64 15 99 254 132 65 119 14 147 164 88 30 73 178 235 4 2 104 186 142
    64 232 194 207 238 235 71 53 39 141 197 45 201 69 1 97 31 208 178 84
    174 232 253 202 251 128 182 21 174 14 246 53 123 27 38 133 116 94
    182 15 11 111 80 67 228 38 7 199 89 74 185 64 150 235 87 236 229 136
    94 83 199 164 139 14 195 229 9 187 180 241 250 163 6 217 189 199 161
    190 82 238 215 11 20 71 142 108 78 241 135 139 97 247 187 60 202 69
    93 229 87 205 149 164 146 134 110 213 68 8 10 194 77 112 157 218 65
    111 60 42 62 83 133 113 153 90 104 131 105 28 98 56 110 77 136 230
    179 145 3 140 187 9 22 252 127 210 106 115 86 26 75 167 54 99 22 45
    136 110 191 58 245 226 77 244 110 58 82 140 106 24 147 206 43 125
    123 127 176 122 242 79 140 247 127 32 171 114 18 132 16 105 69 22
    254 142 87 114 75 9 147 255 103 40 10 106 228 176 246 195 40 114 151
    72 20 57 157 179 164 194 86 141 130 64 189 8 103 228 174 149 151 104
    62 104 58 194 93 35 58 73 34 5 46 224 57 205 40 8 65 38 96 171 147
    42 118 76 125 125 212 187 173 65 145 254 56 136 209 183 179 144 67
    106 180 59 49 242 207 201 89 19 65 156 156 101 47 73 102 187 113 216
    132 151 254 150 56 220 97 136 15 62 97 85 169 201 150 154 150 194 87
    219 224 151 114 81 31 66 162 32 90 23 170 196 85 69 118 198 234 193
    220 235 214 131 18 57 138 155 40 8 191 130 10 52 74 84 227 85 69 250
    38 229 133 243 153 199 227 111 217 79 141 62 250 159 215 199 150 223
    179 194 194 239 202 128 77 12 187 186 220 13 106 210 13 72 194 85
    253 160 187 134 145 227 222 156 150 117 143 180 51 184 39 169 48 127
    46 182 171 97 56 208 148 142 199 61 234 117 118 198 41 46 142 143
    145 77 242 145 27 47 197 205 103 44 22 64 174 42 15 11 125 94 13 155
    61 118 140 157 49 141 148 64 250 139 61 200 22 12 175 128 19 47 26
    196 80 160 176 67 10 31 191 164 89 242 145 237 80 211 20 52 186 102
    152 125 64 3 245 129 28 157 94 26 209 127 93 230 217 0 22 46 110 145
    250 155 93 242 201 132 134 202 193 156 24 63 162 56 120 75 167 83
    166 141 43 0 33 130 115 214 75 20 31 10 98 203 121 224 13 117 87 229
    89 43 143 7 31 159 167 106 93 197 10 53 75 119 14 78 76 59 151 219
    74 12 60 147 129 249 63 132 175 66 130 213 115 0 48 40 192 139 100
    117 76 41 49 3 131 121 110 94 117 210 163 59 1 223 38 45 79 145 214
    222 39 16 205 36 78 192 241 86 102 113 177 233 104 153 50 204 254
    248 130 238 252 135 237 19 144 179 43 33 135 190 232 245 207 50 41
    104 18 101 169 247 92 156 35 227 1 28 169 47 39 56 241 250 181 230
    243 221 233 210 161 15 126 148 116 167 29 42 37 74 117 66 66 92 51
    52 251 52 95 203 3 209 152 39 141 233 191 193 234 126 233 0 148 86
    171 252 139 10 123 208 55 182 27 239 76 52 64 248 208 123 77 237 161
    240 211 36 28 123 18 124 156 18 239 141 231 173 61 44 204 222 36 178
    187 76 180 214 33 36 124 211 14 0 37 241 234 10 254 26 152 120 146
    149 121 71 240 131 118 131 216 114 6 53 71 97 77 147 33 162 136 153
    142 135 255 66 162 150 59 240 115 170 106 176 5 87 87 103 210 88 94
    189 250 224 236 145 74 193 105 147 150 198 152 118 42 183 160 116
    128 195 115 235 28 181 184 132 16 89 119 51 225 118 190 21 90 4 177
    236 246 222 212 10 245 238 153 210 36 251 55 242 64 0 100 150 71 247
    162 134 207 58 77 124 212 142 66 60 89 40 139 22 137 100 96 18 104
    76 56 138 73 34 41 203 50 85 221 133 227 208 231 254 168 129 130 108
    150 184 196 84 144 131 52 137 166 99 145 221 240 238 29 188 104 218
    125 16 174 83 100 134 187 143 23 68 13 102 216 206 227 178 37 187 1
    160 24 154 4 127 144 152 214 132 45 142 253 179 193 188 198 43 78 53
    203 170 191 156 50 26 47 34 56 217 70 7 98 60 179 132 130 177 134 82
    5 179 148 111 59 216 75 19 126 241 77 224 134 105 39 120 35 253 213
    144 199 90 97 17 178 170 84 255 147 30 250 57 184 72 94 227 202 167
    78 181 128 78 39 87 12 168 53 156 232 220 140 41 127 1 129 205 180
    235 41 121 187 172 93 26 214 172 248 96 242 200 200 230 153 89 36
    235 86 82 132 98 19 233 49 124 47 8 75 74 245 152 24 239 180 205 114
    30 195 172 47 125 237 233 47 221 200 248 13 206 202 62 118 67 14 32
    109 72 147 235 133 188 171 178 189 206 200 133 102 198 144 135 112
    218 54 109 166 169 163 63 217 0 194 192 184 65 5 57 83 100 210 105
    67 58 188 206 133 52 253 130 240 4 104 150 62 187 14 80 254 76 24
    137 233 83 221 16 181 222 96 35 90 72 206 14 202 59 126 122 121 244
    30 15 26 246 79 104 81 102 91 206 155 156 57 115 128 178 16 66 120
    208 234 102 71 21 99 161 84 63 95 7 183 231 97 177 202 234 157 31 21
    14 176 113 94 123 38 116 159 223 150 69 33 67 34 145 249 197 230 171
    86 39 151 114 113 235 249 146 13 179 189 59 245 133 96 232 210 138
    204 240 160 173 177 252 58 110 247 56 244 109 155 46 63 117 225 147
    66 14 217 6 219 27 163 54 111 191 173 63 153 241 29 135 210 176 0
    198 228 148 28 119 249 174 207 248 20 79 143 195 167 159 96 214 14
    18 64 141 237 205 208 28 42 189 22 174 170 11 82 241 214 84 94 95 54
    78 43 79 104 239 180 194 29 32 4 139 233 245 134 194 2 33 132 141
    198 248 13 108 250 83 181 49 2 64 221 83 73 62 23 183 192 195 72 129
    100 191 86 14 119 166 97 146 244 27 97 200 116 75 153 48 8 127 6 226
    239 151 121 137 112 158 128 43 172 85 43 115 176 59 86 33 23 228 113
    70 215 152 164 85 164 227 193 40 28 249 3 203 26 123 231 12 220 250
    233 69 207 81 206 31 188 57 111 245 172 180 199 13 249 23 0 201 59
    27 234 14 80 189 27 188 227 208 113 56 221 100 128 62 215 163 36 57
    227 102 79 61 182 114 42 139 10 247 66 160 205 24 144 42 207 204 19
    177 10 47 49 171 45 187 73 164 169 191 88 60 162 242 124 47 48 11 25
    13 12 205 42 161 137 39 159 251 223 228 129 111 134 169 118 229 15
    227 76 206 201 112 4 18 141 179 78 173 213 77 174 13 173 144 98 24
    89 204 163 81 82 236 248 33 15 214 117 126 236 183 4 217 130 234 4
    171 95 189 81 13 68 62 165 105 97 54 47 71 165 223 48 202 72 232 7
    243</data></your_img>
</opencv_storage>
