<?xml version="1.0"?>
<opencv_storage>
<L2_diff>1.0447985451750974e+03</L2_diff>
<test_hist type_id="opencv-matrix">
  <rows>256</rows>
  <cols>1</cols>
  <dt>f</dt>
  <data>
    4.25525457e-01 4.32129890e-01 4.35017467e-01 4.40615594e-01
    4.45623815e-01 4.50656623e-01 4.52818751e-01 4.58117634e-01
    4.60329682e-01 4.65698183e-01 4.71493512e-01 4.76112634e-01
    4.78640318e-01 4.84456062e-01 4.86565530e-01 4.92341399e-01
    4.98643100e-01 5.02691388e-01 5.06717384e-01 5.09212434e-01
    5.14532626e-01 5.20099819e-01 5.25679410e-01 5.32007158e-01
    5.37031293e-01 5.37863314e-01 5.42002261e-01 5.48481822e-01
    5.52399039e-01 5.55537641e-01 5.60719013e-01 5.66910684e-01
    5.69370449e-01 5.74991405e-01 5.79514861e-01 5.83968818e-01
    5.90614915e-01 5.95853448e-01 5.97481132e-01 6.00085437e-01
    6.05264723e-01 6.06771648e-01 6.10938668e-01 6.15722358e-01
    6.17458463e-01 6.19996965e-01 6.21541679e-01 6.23144627e-01
    6.28801525e-01 6.31456017e-01 6.32230759e-01 6.36801064e-01
    6.40577793e-01 6.44701064e-01 6.46943510e-01 6.48568451e-01
    6.55487239e-01 6.56862080e-01 6.61470830e-01 6.61689937e-01
    6.66691840e-01 6.70820355e-01 6.75438881e-01 6.78354800e-01
    6.81656003e-01 6.87207937e-01 6.90039635e-01 6.94708586e-01
    7.00005829e-01 3.03454590e+02 7.90481689e+02 4.64967682e+02
    5.64908630e+02 2.61953125e+02 3.38898376e+02 7.68624512e+02
    1.38565643e+02 9.27962891e+02 2.42959229e+02 9.60582886e+02
    7.62651245e+02 3.44186096e+02 9.13727905e+02 2.56224060e+02
    2.64556854e+02 5.02412781e+02 3.79279114e+02 8.83443604e+02
    6.40462097e+02 4.51242493e+02 9.68295959e+02 6.74942871e+02
    9.03144409e+02 2.53114319e+02 5.95664978e+02 3.43295471e+02
    9.46877808e+02 8.26078552e+02 2.82804565e+02 8.68068420e+02
    5.89600403e+02 8.75131348e+02 5.07799561e+02 8.17274475e+02
    9.86074219e+02 5.56156494e+02 3.53619110e+02 6.97755737e+01
    9.05514526e+01 5.24463074e+02 6.00762024e+02 8.43261658e+02
    5.29521912e+02 9.42242126e+02 4.11962341e+02 7.98672546e+02
    7.14513489e+02 7.18021240e+02 3.08464966e+02 7.55978638e+02
    3.15588745e+02 7.65912659e+02 8.26805908e+02 6.59000854e+02
    3.60618652e+02 8.29718506e+02 3.00955170e+02 8.24029968e+02
    8.99049927e+02 5.77561890e+02 5.74383057e+02 3.55965149e+02
    7.59020630e+02 7.94257263e+02 7.96027771e+02 9.02763123e+02
    7.16780273e+02 1.18698639e+02 5.90491028e+02 9.24427979e+02
    5.58861267e+02 4.47776367e+02 7.39211304e+02 8.83353638e+02
    3.50929260e+02 8.01926270e+02 6.45347778e+02 6.35440308e+02
    9.48185608e+02 7.47369995e+02 2.32213989e+02 3.71549774e+02
    7.38914795e+02 2.14987579e+02 5.94498596e+02 6.82478149e+02
    2.47685074e+02 3.62165588e+02 2.20385223e+02 2.28685822e+02
    8.07059692e+02 3.78711121e+02 1.10528931e+02 6.52033630e+02
    5.38818481e+02 5.88256836e+02 3.19921204e+02 2.31823486e+02
    9.87092529e+02 1.96146851e+02 6.57520996e+02 3.12610474e+01
    7.13607483e+02 5.89007263e+02 6.58919128e+02 4.16007660e+02
    4.70979431e+02 7.92079346e+02 4.03988770e+02 6.66109131e+02
    7.55748657e+02 7.01263977e+02 7.48161926e+02 4.63042023e+02
    3.61540253e+02 6.82385864e+02 5.47596985e+02 9.59940918e+02
    3.22295349e+02 1.01747986e+02 2.23067169e+02 3.90908630e+02
    3.67270630e+02 7.15273926e+02 3.01068115e+02 8.30942261e+02
    8.84672974e+02 6.63672241e+02 5.30109131e+02 7.79877136e+02
    8.31216919e+02 9.50608521e+02 1.13382294e+02 9.72172607e+02
    8.44459839e+01 8.13812500e+02 9.37626953e+02 9.39945190e+02
    6.76770142e+02 1.21051971e+02 8.56363525e+02 8.54098267e+02
    5.24771606e+02 2.76934296e+02 8.59668579e+02 4.24081726e+02
    1.15238464e+02 5.24189392e+02 8.64291382e+02 3.44574585e+02
    1.43721832e+02 5.31800659e+02 6.33715759e+02 9.74439331e+02
    4.00897491e+02 6.43242188e+01 4.66751831e+02 6.95409851e+02
    3.35834351e+02 9.30531189e+02 2.73329407e+02 8.31574097e+02
    5.92882446e+02 9.30651855e+02 7.65893311e+02 8.02218689e+02
    2.19665161e+02 3.44491455e+02 9.28660034e+02 7.33829041e+02
    3.82307007e+02 7.34004211e+01 6.95573425e+02 4.43655243e+02
    8.84375000e+02 5.06212677e+02 3.50692444e+02 5.77205322e+02
    3.21962128e+02 6.45785522e+02 7.59907715e+02 9.25032043e+01
    7.43764526e+02 8.72228271e+02 7.57261597e+02 4.32034790e+02</data></test_hist>
<my_lkt type_id="opencv-matrix">
  <rows>256</rows>
  <cols>1</cols>
  <dt>u</dt>
  <data>
    1 2 3 3 5 7 7 8 9 10 11 12 13 14 14 15 16 17 18 19 19 20 21 22 22 24
    25 27 28 29 31 32 34 35 37 38 39 39 40 41 41 42 42 43 44 44 45 46 47
    47 49 50 51 52 53 54 54 56 57 57 58 59 60 62 62 63 63 64 64 64 66 67
    68 68 69 70 70 72 73 74 76 76 78 78 79 80 80 82 83 84 86 87 89 89 90
    91 92 94 94 96 97 99 100 101 103 104 104 105 105 106 107 108 109 111
    112 113 114 116 116 118 118 120 121 122 123 124 125 126 128 129 130
    131 132 133 135 136 138 138 139 141 142 142 144 145 146 147 148 150
    151 153 153 154 155 155 156 158 158 159 159 160 161 162 162 163 164
    165 166 166 168 168 169 169 171 172 173 174 174 176 176 178 179 180
    182 182 183 184 185 187 187 188 188 189 189 191 191 193 194 195 196
    198 199 201 201 203 203 204 206 208 209 209 211 212 213 214 215 216
    216 217 219 219 219 220 222 223 224 224 225 226 227 228 229 230 231
    233 234 236 236 237 239 240 241 241 242 243 244 245 246 247 247 249
    250 250 251 253 254 255</data></my_lkt>
<your_lkt type_id="opencv-matrix">
  <rows>256</rows>
  <cols>1</cols>
  <dt>u</dt>
  <data>
    1 2 3 3 5 7 7 8 8 10 11 12 13 14 14 15 16 17 18 19 19 19 21 22 22 24
    25 26 27 29 31 32 33 35 36 38 39 39 40 41 41 42 42 43 43 44 45 46 47
    47 48 50 51 51 53 54 54 55 57 57 58 58 60 61 62 62 63 63 64 64 65 66
    67 68 68 70 70 72 72 74 75 76 77 78 78 79 80 82 83 83 85 86 88 88 90
    90 92 93 94 95 96 98 99 100 102 103 104 104 104 105 106 108 109 110
    111 112 114 115 115 117 117 119 120 121 122 124 124 126 127 128 129
    130 131 133 134 136 137 137 138 140 141 142 143 145 145 147 148 149
    151 152 152 153 154 155 156 157 157 158 158 159 160 161 161 162 163
    164 165 165 167 167 169 169 170 171 172 173 174 175 176 177 179 69
    101 39 180 238 147 159 6 87 3 213 172 215 41 57 134 115 204 254 246
    123 131 78 158 32 87 244 46 218 179 173 76 182 209 21 57 252 61 129
    51 106 106 248 116 144 90 142 185 55 67 7 91 236 148 109 54 122 200
    208 138 78 36 147 14 40 235 61 251 60 47 209 174 7 83 231</data></your_lkt>
</opencv_storage>
