<?xml version="1.0"?>
<opencv_storage>
<L2_diff>1.1331751850442190e+03</L2_diff>
<test_hist type_id="opencv-matrix">
  <rows>256</rows>
  <cols>1</cols>
  <dt>f</dt>
  <data>
    4.79683319e+02 8.01543457e+02 6.42428345e+02 6.42896729e+01
    2.71784851e+02 7.14563843e+02 8.56576904e+02 5.76860229e+02
    3.04243225e+02 9.12756531e+02 5.85871277e+01 2.04336548e+00
    9.82681274e+00 5.69965149e+02 2.95715637e+02 7.68747192e+02
    7.57891541e+02 9.05849121e+02 5.68502808e+01 9.70331299e+02
    2.23538208e+01 1.50795013e+02 9.16617493e+02 6.17660034e+02
    2.69076813e+02 9.31205322e+02 1.17657776e+01 8.20279907e+02
    9.13561890e+02 7.10103638e+02 2.28915985e+02 3.78242126e+02
    4.21630737e+02 1.27507477e+02 1.65989868e+02 2.11131622e+02
    8.73519897e+00 3.76965881e+02 9.16544739e+02 9.70234802e+02
    7.70258911e+02 9.89442932e+02 4.65677734e+02 7.18736816e+02
    3.57478699e+02 4.22757141e+02 2.22888763e+02 9.22025269e+02
    9.36030945e+02 8.27907715e+01 3.64228027e+02 9.61404358e+02
    2.21145233e+02 3.86098511e+02 6.09679932e+02 7.12158020e+02
    4.37567749e+01 2.67104370e+02 9.64251831e+02 6.29907532e+02
    8.61893616e+01 5.88719116e+02 5.19099548e+02 6.80735107e+02
    9.19457031e+02 2.09162079e+02 7.31472839e+02 1.30158875e+02
    1.00782410e+02 1.08842407e+02 7.93012207e+02 9.21796021e+02
    8.08516846e+02 4.59415924e+02 7.91235168e+02 2.87755371e+02
    8.47546753e+02 6.78827881e+02 2.80063110e+02 8.07757935e+02
    9.04056824e+02 5.96262512e+02 4.24955292e+02 9.69504883e+02
    6.37947998e+02 7.12645752e+02 6.47233887e+02 5.16146912e+02
    3.73867096e+02 9.16267090e+02 9.82684082e+02 1.95856934e+02
    6.95699097e+02 1.83900513e+02 1.89397827e+02 5.37382568e+02
    3.31321228e+02 6.87030518e+02 4.36773621e+02 5.88831604e+02
    9.09277161e+02 3.10487488e+02 6.95023193e+01 7.82627441e+02
    7.47541809e+01 5.39687683e+02 3.03918976e+02 2.71090698e+02
    5.50812317e+02 5.14809631e+02 4.41307129e+02 6.46557434e+02
    6.17973328e+01 5.86619568e+02 9.57055664e+01 5.25274231e+02
    1.74787292e+01 8.35152161e+02 1.61746857e+02 4.07704346e+02
    1.26771759e+02 7.79351929e+02 2.46310944e+02 1.70548035e+02
    9.97623535e+02 4.42401123e+02 2.61955231e+02 5.25552307e+02
    4.71847595e+02 2.37027435e+02 6.94357605e+02 4.97470703e+01
    3.07347931e+02 7.43938660e+02 7.61303528e+02 5.03487244e+01
    9.39725159e+02 9.05763245e+02 3.77862610e+02 4.52880859e-01
    6.54479187e+02 6.33554810e+02 8.89097961e+02 4.99447021e+01
    3.74478149e+01 5.63787964e+02 3.80141602e+02 3.01628021e+02
    2.24861755e+01 7.94361816e+02 9.87231995e+02 3.17631836e+02
    2.70058502e+02 1.78580200e+02 3.45387451e+02 3.46255127e+02
    1.19633179e+01 9.65979858e+02 8.77092346e+02 1.69687683e+02
    8.29967651e+02 4.08728271e+02 6.22065186e+02 8.81682739e+01
    2.20076172e+02 5.87481689e+02 6.71994385e+02 8.65324768e+02
    3.81800842e+01 1.23591064e+02 1.12479370e+02 4.47500732e+02
    3.48697266e+02 4.38571106e+02 5.85868713e+02 2.60179657e+02
    1.52011108e+02 6.05403320e+02 6.51147461e+02 2.17460938e+01
    3.22943115e+02 4.33278259e+02 5.15115601e+02 6.18070068e+02
    2.14193512e+02 9.52658997e+01 3.44035522e+02 6.05764404e+02
    8.59192505e+02 6.63172485e+02 6.18317993e+02 3.64143311e+02
    1.16578613e+02 6.77358704e+02 2.53124695e+01 8.96641846e+01
    6.64102905e+02 1.58977966e+01 4.06141510e+02 2.09089203e+02
    1.08664825e+02 3.70354248e+02 2.52215393e+02 1.28207794e+02
    7.18776001e+02 7.40312988e+02 8.29781494e+01 3.12007690e+02
    6.71143311e+02 9.27085449e+02 7.68705566e+02 7.54522705e+02
    7.29366577e+02 9.48127563e+02 7.37123047e+02 2.55350327e+02
    7.24646240e+02 9.69491943e+02 1.33045441e+02 1.04636078e+02
    1.88418671e+02 2.07852173e+01 1.73334106e+02 3.15551758e+00
    9.13142395e+01 8.78915710e+02 7.44463684e+02 9.80513550e+02
    4.05568512e+02 2.78676147e+02 8.20458679e+01 7.24034424e+01
    4.15311523e+02 5.16165894e+02 1.11496887e+01 4.13137665e+02
    3.57538391e+02 8.61191406e+02 7.47896973e+02 1.37186523e+02
    6.14179871e+02 5.69135681e+02 3.01906433e+02 1.33283142e+02
    5.72761353e+02 8.15340210e+02 7.73374634e+02 1.66848206e+02
    3.22677063e+02 8.11843262e+02 3.99423981e+02 4.68603668e+02
    9.16281982e+02 6.16406738e+02 3.62317017e+02 4.96558472e+02</data></test_hist>
<my_lkt type_id="opencv-matrix">
  <rows>256</rows>
  <cols>1</cols>
  <dt>u</dt>
  <data>
    1 3 4 4 4 6 8 9 9 11 11 11 11 12 13 14 16 18 18 20 20 20 22 23 24 25
    25 27 29 30 31 31 32 32 33 33 33 34 36 38 39 41 42 43 44 45 45 47 49
    49 50 52 52 53 54 56 56 56 58 59 60 61 62 63 65 65 67 67 67 67 69 71
    72 73 75 75 77 78 79 80 82 83 84 86 87 89 90 91 92 94 96 96 97 98 98
    99 100 101 102 103 105 105 106 107 107 108 109 109 111 112 112 114
    114 115 115 116 116 118 118 119 119 121 122 122 124 125 126 127 128
    129 130 130 131 133 134 135 137 139 140 140 141 143 145 145 145 146
    147 148 148 149 152 152 153 153 154 155 155 157 159 160 161 162 164
    164 164 166 167 169 169 170 170 171 172 173 174 175 175 176 178 178
    179 180 181 182 183 183 184 185 187 188 190 191 191 192 193 193 194
    194 195 196 196 197 197 198 199 201 201 202 203 205 207 209 211 213
    214 215 217 219 219 219 220 220 220 220 220 222 224 226 227 228 228
    228 229 230 230 231 232 234 236 236 237 239 239 240 241 243 245 245
    246 248 249 250 252 253 254 255</data></my_lkt>
<your_lkt type_id="opencv-matrix">
  <rows>256</rows>
  <cols>1</cols>
  <dt>u</dt>
  <data>
    1 4 6 6 7 9 11 13 14 17 17 17 17 19 19 22 24 27 27 30 30 30 33 35 36
    38 38 41 44 46 46 47 49 49 50 50 50 51 54 57 59 62 64 66 67 68 69 71
    74 74 76 78 79 80 82 84 84 85 88 90 90 92 93 95 98 99 101 101 102
    102 104 107 109 111 113 114 116 118 119 122 124 126 127 130 132 134
    136 138 139 142 144 145 147 148 148 150 151 153 154 156 159 159 160
    162 162 164 165 166 167 169 170 172 172 174 174 176 176 178 179 180
    180 183 183 184 187 188 189 190 192 193 195 195 196 198 200 200 203
    206 207 207 209 211 213 214 214 215 216 217 217 220 223 224 224 225
    226 227 227 230 233 233 235 237 239 239 239 241 243 246 246 246 247
    248 249 250 252 253 253 255 3 8 8 11 14 18 22 24 24 27 31 38 43 47
    50 51 56 56 56 61 61 64 66 67 69 71 72 78 83 84 86 91 98 103 109 114
    121 126 128 134 141 142 142 144 144 145 145 146 152 158 165 168 170
    171 171 174 178 178 181 184 190 196 197 201 205 207 208 213 219 224
    225 228 234 237 240 247 251 254</data></your_lkt>
</opencv_storage>
