<?xml version="1.0"?>
<opencv_storage>
<L2_diff>2.7129319932501073e+01</L2_diff>
<test_hist type_id="opencv-matrix">
  <rows>256</rows>
  <cols>1</cols>
  <dt>f</dt>
  <data>
    3.00914429e+02 3.10589600e+02 5.65636108e+02 4.07414185e+02
    3.29536621e+02 2.66975342e+02 8.15235718e+02 3.04879700e+02
    1.63261719e+02 8.01984375e+02 4.79186401e+02 4.42588104e+02
    7.70545288e+02 7.03494141e+02 2.11157898e+02 4.47200317e+02
    5.46976501e+02 7.71171204e+02 3.88995728e+02 7.53524109e+02
    6.57780640e+02 6.55135132e+02 9.50314270e+02 4.24062897e+02
    2.93748413e+02 3.94404419e+02 6.93936462e+01 4.16912903e+02
    6.41324585e+02 9.62495605e+02 9.12780518e+02 3.57236816e+02
    5.27143982e+02 4.24227814e+02 6.40937256e+02 3.99251465e+02
    3.40424805e+02 2.15026886e+02 4.11367188e+02 5.48584045e+02
    7.64159668e+02 3.22465637e+02 7.74861389e+02 2.49335373e+02
    7.71321716e+02 9.22636719e+01 2.69083801e+02 8.79364258e+02
    1.77842224e+02 7.32832031e+02 5.99224426e+02 7.31422424e+02
    1.87357239e+02 3.43925842e+02 4.63319275e+02 7.54144287e+00
    1.64627319e+02 6.63575256e+02 7.01046753e+01 4.20810760e+02
    3.44817230e+02 4.72668762e+01 5.76653320e+02 9.85744995e+02
    7.69643311e+02 7.35718140e+02 8.46179138e+02 3.93317322e+02
    4.50608124e+02 3.78799988e+02 9.74826904e+02 9.89675049e+02
    6.27145203e+02 6.19762573e+02 3.45068176e+02 8.09183228e+02
    9.16369873e+02 8.59834106e+02 3.71267181e+02 2.40404663e+02
    8.36311646e+02 5.49464905e+02 4.06227997e+02 1.97213745e+00
    1.86460480e+02 2.33477844e+02 2.87594513e+02 5.97584900e+02
    4.64821289e+02 1.39593048e+02 5.44033203e+01 8.14075562e+02
    5.62266052e+02 8.84235840e+02 3.17564301e+02 2.06456482e+02
    4.08728333e+01 2.30067932e+02 1.27889496e+02 9.04323120e+01
    7.47351379e+01 7.29052551e+02 6.60362671e+02 1.43737854e+02
    2.60729309e+02 4.97657196e+02 1.81055847e+02 9.86438232e+02
    1.59591522e+02 2.16726898e+02 8.15192139e+02 5.59082703e+02
    1.95633423e+02 1.90261597e+02 9.01163208e+02 2.49299561e+02
    8.41619568e+02 3.10494873e+02 8.84599243e+02 1.37509094e+02
    1.48880585e+02 2.64275085e+02 9.07743652e+02 6.42133667e+02
    1.88682220e+02 7.25047058e+02 8.63204285e+02 8.41775818e+02
    8.48810181e+02 9.67076965e+02 5.94135986e+02 4.71041840e+02
    3.89577667e+02 9.52234985e+02 2.93808319e+02 3.27617340e+02
    3.66412048e+02 1.80245941e+02 9.87237854e+01 3.80430481e+02
    1.81941528e+01 8.45846191e+02 2.43070282e+02 5.92296143e+02
    3.26430664e+01 5.01979034e+02 4.25233643e+02 8.89104980e+02
    4.75250244e+00 4.72927307e+02 4.57350983e+02 2.29384430e+02
    7.88027466e+02 7.41179932e+02 9.90327881e+02 9.33911255e+02
    3.32018829e+02 5.23932068e+02 3.75179779e+02 2.92715454e+02
    1.40290619e+02 4.58350006e+02 3.15151031e+02 8.86064453e+02
    3.74961853e+02 2.19096222e+02 1.72702820e+02 2.01601624e+02
    4.11331604e+02 5.61983093e+02 9.60164124e+02 1.00033142e+02
    1.54558929e+02 9.01761719e+02 8.41438049e+02 4.69265686e+02
    7.05249390e+02 9.39142700e+02 4.90192627e+02 6.99880249e+02
    7.66652954e+02 8.79770142e+02 2.72786621e+02 3.93020630e+02
    2.27545258e+02 8.99354370e+02 6.12557983e+02 8.80234863e+02
    1.82468262e+02 5.46146545e+02 5.88358521e+02 5.89685669e+02
    7.11279663e+02 5.28230530e+02 2.46988831e+01 5.81383728e+02
    2.43781586e+02 5.87954895e+02 7.31632812e+02 7.34095703e+02
    8.86352173e+02 9.48122559e+02 5.43443848e+02 1.72835449e+02
    4.35005188e+01 7.71549988e+02 6.62650146e+01 5.45725098e+02
    7.23527527e+02 8.64618530e+02 5.21739990e+02 9.66740417e+02
    6.62724976e+02 8.83548584e+02 9.53680237e+02 2.10844025e+02
    7.10542114e+02 3.85187012e+02 9.21761230e+02 5.68811279e+02
    7.34260803e+02 4.38128906e+02 2.49053986e+02 7.14388550e+02
    9.29821106e+02 9.81020142e+02 9.78584534e+02 2.11073303e+02
    2.71664856e+02 1.21938538e+02 1.88378723e+02 9.92158081e+02
    2.26796295e+02 7.47239746e+02 8.78532104e+01 6.56362061e+02
    4.60327209e+02 7.59872620e+02 7.36218323e+02 4.34752472e+02
    2.16878357e+01 4.11021851e+02 6.17462524e+02 5.83334656e+02
    1.18180115e+02 3.02555664e+02 6.67837280e+02 5.02460968e+02
    7.46314880e+02 5.17850647e+02 4.05832214e+01 6.02534058e+02
    1.18499756e-01 4.75376068e+02 5.37808350e+02 6.18313049e+02</data></test_hist>
<my_lkt type_id="opencv-matrix">
  <rows>256</rows>
  <cols>1</cols>
  <dt>u</dt>
  <data>
    1 1 2 3 4 4 6 7 7 9 10 11 12 14 14 15 16 18 18 20 21 23 24 25 26 27
    27 28 29 31 33 34 35 35 37 38 38 39 40 41 42 43 44 45 47 47 47 49 49
    51 52 54 54 55 56 56 56 57 57 58 59 59 60 62 64 65 67 68 69 70 72 74
    75 76 77 78 80 82 83 83 85 86 87 87 87 88 88 90 91 91 91 93 94 96 96
    97 97 97 97 98 98 99 101 101 101 102 103 105 105 106 107 108 109 109
    111 111 113 114 116 116 116 117 119 120 120 122 123 125 127 129 130
    131 132 134 134 135 136 136 136 137 137 139 139 140 140 141 142 144
    144 145 146 146 148 149 151 153 153 154 155 156 156 157 157 159 160
    160 161 161 162 163 165 165 165 167 169 170 171 173 174 175 177 178
    179 180 180 182 183 185 185 186 187 188 190 191 191 192 193 194 195
    197 198 200 201 201 202 203 203 204 206 207 208 210 212 213 215 216
    217 218 219 221 222 223 223 225 227 228 230 231 231 232 232 234 234
    236 236 237 238 240 241 242 242 243 244 245 245 246 247 248 250 251
    251 252 252 253 254 255</data></my_lkt>
<your_lkt type_id="opencv-matrix">
  <rows>256</rows>
  <cols>1</cols>
  <dt>u</dt>
  <data>
    1 1 2 3 4 4 6 7 7 8 9 10 12 13 14 15 16 17 18 19 21 22 24 25 25 26
    26 27 28 30 32 33 34 35 36 37 37 38 39 40 41 42 44 44 46 46 46 48 48
    50 51 52 53 54 54 54 55 56 56 57 58 58 59 61 63 64 66 66 67 68 70 72
    73 75 75 77 79 80 81 82 83 84 85 85 85 86 87 88 89 89 89 91 92 94 94
    95 95 95 95 96 96 97 98 99 99 100 101 103 103 103 105 106 106 107
    109 109 111 111 113 113 114 114 116 117 118 119 121 123 124 126 127
    128 129 131 132 132 133 133 133 134 134 136 136 138 138 139 140 141
    141 142 143 144 145 147 149 150 151 152 153 154 154 155 155 157 158
    158 159 159 160 161 163 163 163 165 167 168 169 171 172 173 175 177
    177 178 178 180 181 183 184 185 186 187 188 189 190 191 191 192 194
    195 197 199 200 200 200 202 202 203 205 206 207 209 211 212 214 215
    216 217 219 220 221 222 223 224 226 228 230 230 231 231 231 233 234
    235 235 237 238 239 241 242 242 242 244 245 245 246 247 248 249 250
    251 252 252 253 254 255</data></your_lkt>
</opencv_storage>
