<?xml version="1.0"?>
<opencv_storage>
<L2_diff>8.1510735489259332e+01</L2_diff>
<test_hist type_id="opencv-matrix">
  <rows>256</rows>
  <cols>1</cols>
  <dt>f</dt>
  <data>
    4.35332865e-01 4.37071413e-01 4.38965797e-01 4.46715832e-01
    4.52328861e-01 4.58612621e-01 4.63648200e-01 4.65641886e-01
    4.69273150e-01 4.71617639e-01 4.79502380e-01 4.80834663e-01
    4.85509396e-01 4.93485481e-01 4.98270094e-01 4.99645174e-01
    5.07523060e-01 5.13704300e-01 5.14594257e-01 5.19866884e-01
    5.24200261e-01 5.31121612e-01 5.37273824e-01 5.41890979e-01
    5.49542367e-01 5.53078473e-01 5.60750186e-01 5.66072881e-01
    5.73709309e-01 5.76546490e-01 5.83774924e-01 5.84238768e-01
    5.88227987e-01 5.94207823e-01 6.00533724e-01 6.06221378e-01
    6.06619895e-01 6.14450932e-01 6.15749657e-01 6.16563261e-01
    6.22744381e-01 6.26908720e-01 6.30796254e-01 6.31821156e-01
    6.33091629e-01 6.36588037e-01 6.39369428e-01 6.39814317e-01
    6.46147490e-01 6.49094462e-01 6.52129173e-01 6.58294380e-01
    6.63130939e-01 6.63331628e-01 6.64474249e-01 6.66266441e-01
    6.68994129e-01 6.74096107e-01 6.74624264e-01 6.81693256e-01
    6.84662819e-01 6.85332716e-01 6.86199844e-01 6.87181711e-01
    6.91315293e-01 6.93659544e-01 6.97423816e-01 7.03826904e-01
    4.79067780e+02 7.51049622e+02 9.37091003e+02 7.79288574e+02
    1.26833374e+02 1.04689026e+01 9.54240784e+02 5.68092407e+02
    1.01435394e+02 5.95015625e+02 4.53262054e+02 7.32602539e+02
    2.23122650e+02 9.77124512e+02 6.07058716e+01 3.11461700e+02
    8.60600586e+02 3.76214966e+02 2.32884949e+02 7.26033203e+02
    3.51875946e+02 3.88662537e+02 5.28008728e+01 2.29041351e+02
    3.07968750e+01 2.56126099e+02 6.82916748e+02 1.64968811e+02
    4.26061646e+02 4.41904266e+02 2.81031067e+02 4.08778717e+02
    4.14142822e+02 1.88291321e+01 4.02930481e+02 6.89432983e+02
    9.58508728e+02 7.33828369e+02 2.32687439e+02 9.98490906e+02
    3.76245605e+02 7.57351196e+02 7.08327515e+02 9.43318359e+02
    9.81235718e+02 2.14774353e+02 2.34026672e+02 9.57415833e+02
    6.93413818e+02 7.76273865e+02 6.22080017e+02 2.46294983e+02
    4.48596069e+02 2.89628998e+02 9.74055908e+02 1.64585541e+02
    5.77501282e+02 9.85340637e+02 5.91076843e+02 1.69874512e+02
    9.73207886e+02 7.63608948e+02 1.09944855e+02 6.51360352e+02
    5.35327881e+02 8.55040283e+02 7.60026306e+02 5.70387146e+02
    9.45226318e+02 4.36837982e+02 9.47740540e+02 6.57548950e+02
    9.43382080e+02 3.50494202e+02 8.92981201e+02 5.73047791e+01
    4.92813873e+02 7.38728882e+02 7.81480530e+02 7.02632080e+02
    4.92351074e+01 9.67424683e+02 1.60443176e+02 1.00512421e+02
    7.63597168e+02 5.14445801e+02 4.80250031e+02 1.26616669e+02
    1.56951843e+02 4.31932739e+02 3.43603943e+02 5.49588623e+01
    7.82377136e+02 3.64059052e+02 3.74894806e+02 7.61631836e+02
    5.97492981e+02 2.47937927e+01 1.41154114e+02 2.21403809e+02
    3.36969604e+02 6.30281372e+02 6.52457275e+01 8.73277954e+02
    3.66853546e+02 8.27603455e+01 1.07123749e+02 1.21294189e+02
    5.10652374e+02 2.89602600e+02 4.65028503e+02 7.91016113e+02
    3.81124573e+01 8.99432739e+02 3.28213196e+02 2.57204041e+02
    6.02975952e+02 4.06304840e+02 8.51934875e+02 2.31805267e+02
    1.30219879e+02 8.27281616e+02 3.59490387e+02 1.59295959e+01
    3.30469727e+02 8.25257263e+01 6.81727356e+02 9.19730225e+02
    7.77715088e+02 7.44588867e+02 1.83245941e+02 3.72179352e+02
    1.95525513e+01 7.55691650e+02 4.22501343e+02 1.35465057e+02
    6.72516602e+02 4.18220703e+02 4.98804932e+01 2.73007202e+02
    6.99025696e+02 8.83903442e+02 4.06540009e+02 4.74376068e+02
    7.41605957e+02 1.39174683e+02 4.13831451e+02 2.39431244e+02
    1.78315430e+02 9.69235474e+02 5.58108582e+02 9.17411011e+02
    2.24136108e+02 3.08265076e+01 4.34172272e+02 2.41097168e+02
    7.25893921e+02 7.07033569e+02 3.24828247e+02 2.21877167e+02
    1.73416107e+02 1.73132935e+02 9.06359131e+02 4.90428925e+02
    8.11449707e+02 7.46967590e+02 6.10676270e+02 5.71803650e+02
    7.38743530e+02 7.99182739e+02 5.29909241e+02 5.64023071e+02
    2.91213074e+02 6.81837524e+02 4.25533752e+02 8.46705566e+02
    2.64288025e+01 7.64418213e+02 6.82867920e+02 4.75056946e+02
    2.50348267e+02 4.88699432e+02 3.96393433e+02 8.69115967e+02
    5.40062256e+02 5.07689514e+02 5.93945801e+02 3.13130859e+02</data></test_hist>
<my_lkt type_id="opencv-matrix">
  <rows>256</rows>
  <cols>1</cols>
  <dt>u</dt>
  <data>
    0 1 3 4 6 6 7 9 10 10 12 12 14 14 15 16 18 19 20 21 22 22 22 24 25
    26 28 28 29 30 32 33 33 35 35 36 36 37 37 37 38 38 39 41 41 42 43 45
    46 47 47 48 50 50 51 52 53 54 55 56 57 58 59 60 62 63 63 64 65 67 69
    71 71 71 73 74 74 75 76 78 78 80 80 81 83 83 84 85 86 87 87 88 88 88
    90 90 91 92 92 93 94 94 95 96 98 100 100 102 103 104 106 108 110 110
    111 113 114 116 117 117 118 119 121 121 122 124 126 126 128 130 130
    131 132 134 136 137 139 140 142 143 145 146 148 148 149 150 152 153
    154 156 156 156 158 159 160 160 160 161 162 162 164 165 165 167 168
    168 168 169 170 171 171 173 174 174 174 174 175 176 177 179 179 181
    181 182 183 184 186 186 186 188 189 189 190 190 191 193 195 196 197
    197 198 199 200 200 202 203 203 203 205 207 207 208 210 210 211 212
    212 214 215 217 218 218 218 219 221 222 223 223 223 224 226 227 228
    230 231 232 234 236 237 238 239 240 241 243 243 244 246 247 247 248
    249 251 252 253 254 255</data></my_lkt>
<your_lkt type_id="opencv-matrix">
  <rows>256</rows>
  <cols>1</cols>
  <dt>u</dt>
  <data>
    1 1 1 2 2 4 5 6 7 7 7 8 8 8 8 10 10 12 13 15 16 18 19 20 21 22 23 24
    24 26 27 29 31 32 32 34 35 37 38 40 41 43 45 46 47 47 49 50 51 52 53
    54 55 56 57 57 58 60 60 61 61 61 63 65 67 67 68 70 71 73 75 75 76 77
    78 79 81 82 84 85 87 87 87 89 89 90 90 91 91 93 94 96 97 97 99 101
    102 103 105 106 107 107 108 108 108 108 108 109 110 112 113 115 116
    117 117 118 119 120 122 123 123 125 126 127 128 129 131 132 133 134
    134 134 135 137 137 138 139 139 140 140 141 142 144 145 146 146 148
    149 151 151 152 154 155 155 157 157 159 160 161 161 161 163 164 166
    167 167 167 168 168 170 171 172 172 174 174 176 178 178 180 180 181
    181 182 184 185 186 186 187 188 189 190 191 193 194 195 195 197 199
    201 202 203 204 206 207 208 209 210 210 211 211 213 214 215 216 217
    218 219 220 220 221 221 222 223 225 227 229 229 229 229 230 230 230
    231 232 233 235 237 237 238 239 239 240 242 243 244 246 247 247 249
    249 251 252 253 254 255 255</data></your_lkt>
</opencv_storage>
