<?xml version="1.0"?>
<opencv_storage>
<L2_diff>1.1817846673569597e+03</L2_diff>
<test_hist type_id="opencv-matrix">
  <rows>256</rows>
  <cols>1</cols>
  <dt>f</dt>
  <data>
    6.39371704e+02 3.72201538e+01 8.92721863e+02 5.15158142e+02
    6.42234497e+02 2.72399048e+02 5.38016174e+02 1.49771362e+02
    7.85902100e+01 3.75921326e+02 5.88792480e+02 1.13239288e+02
    2.84556519e+02 3.29254761e+01 6.27765686e+02 6.83642944e+02
    7.35266785e+02 5.35921509e+02 8.35599487e+02 1.84026611e+02
    2.54498749e+02 8.37844238e+02 8.38622192e+02 4.42473846e+02
    4.91326813e+02 2.54543091e+02 2.01548462e+01 8.40546997e+02
    5.84997986e+02 3.92370972e+02 3.45219116e+01 4.29643646e+02
    9.57491638e+02 5.34463806e+02 8.38025269e+02 7.55284119e+02
    3.70649780e+02 5.96859497e+02 3.74619965e+02 5.85047119e+02
    9.69717041e+02 1.65950928e+01 6.11357483e+02 8.32891235e+02
    7.33471802e+02 4.79049683e+02 7.63223267e+00 3.44146057e+02
    1.58436188e+02 2.33203979e+02 5.48553467e+02 6.29941833e+02
    6.64929993e+02 3.95837555e+02 5.51208191e+01 7.60757935e+02
    6.87402283e+02 4.65536377e+02 1.38481476e+02 7.74246338e+02
    9.14145752e+02 4.43971466e+02 2.79951630e+02 8.60886963e+02
    1.78369904e+02 6.70163513e+02 6.02488281e+02 4.50687164e+02
    6.31273193e+02 8.03342102e+02 4.91946442e+02 9.15019714e+02
    9.53253174e+02 4.57278748e+02 8.08589600e+02 1.25988708e+02
    4.12607422e+02 5.03243500e+02 6.98758972e+02 8.07073608e+02
    5.95085815e+02 8.39786255e+02 4.19251953e+02 6.04316589e+02
    3.03339417e+02 1.11603149e+02 5.85205200e+02 4.52548065e+02
    3.30756592e+02 7.09142029e+02 8.09910400e+02 4.69290100e+02
    6.75744324e+01 1.26378998e+02 3.11507324e+02 4.12596130e+01
    3.13775940e+02 9.62490112e+02 8.52455200e+02 7.50836060e+02
    8.86979370e+02 7.20055298e+02 3.02681183e+02 3.14536255e+02
    4.81243286e+02 9.61351440e+02 1.25077209e+01 6.09501587e+02
    5.17825317e+02 2.23563995e+02 6.40591431e+00 8.24672241e+01
    6.45362915e+02 9.76836914e+02 9.82166870e+02 5.88462524e+01
    7.63645630e+01 1.74558533e+02 2.37135559e+02 7.42508850e+02
    8.27199402e+01 7.80271973e+02 4.17551086e+02 8.32060181e+02
    8.33443726e+02 3.68869324e+01 3.60828857e+02 2.85561554e+02
    8.38191772e+02 4.95209747e+02 4.68786316e+02 6.71451294e+02
    8.74596558e+02 1.05030334e+02 6.59611572e+02 8.31827637e+02
    9.86319275e+01 9.94778809e+02 6.55226257e+02 9.86899414e+02
    4.54814514e+02 8.38559143e+02 7.74549683e+02 2.94641510e+02
    5.90700378e+01 8.61475952e+02 5.51519226e+02 8.64579712e+02
    8.56604858e+02 1.26282257e+02 9.99800537e+02 3.18271973e+02
    1.29613495e+02 5.47562256e+01 9.93198364e+02 2.19594421e+02
    1.68351013e+02 8.62326111e+02 3.09024475e+02 9.83369873e+02
    6.13648743e+02 3.48573425e+02 2.91886749e+02 9.95088318e+02
    8.98148315e+02 3.87489014e+01 2.30641632e+02 2.08012390e+01
    6.16089172e+01 2.59663086e+01 7.76934082e+02 2.61621094e+01
    1.23452759e+02 8.67947693e+02 2.45661621e+02 3.34487640e+02
    7.95178223e+01 6.00794678e+01 1.76079498e+02 4.23173401e+02
    4.08911438e+02 9.36621887e+02 4.61313324e+02 2.90413574e+02
    6.34516785e+02 2.01013184e+00 2.56001953e+02 8.62238770e+02
    9.22619507e+02 2.35426605e+02 4.13543060e+02 8.70844849e+02
    9.16780457e+02 6.94512634e+02 9.72362427e+02 6.95757935e+02
    4.44791870e+02 4.37377869e+02 3.27474121e+02 5.39847351e+02
    2.75030823e+02 9.62215271e+01 5.85895935e+02 8.69016052e+02
    1.88137695e+02 7.78466797e+00 2.50511246e+02 8.98042236e+02
    8.54428589e+02 8.46465698e+02 4.79638367e+02 9.79993408e+02
    7.24850037e+02 2.65856323e+02 9.06541138e+02 9.47607788e+02
    8.82472290e+02 1.30871033e+02 6.62963318e+02 4.86178070e+02
    4.93442688e+02 2.63873047e+02 9.02776672e+02 4.68301422e+02
    4.98783905e+02 4.05443451e+02 9.33854370e+01 4.77022858e+02
    9.75734863e+02 1.27257324e+02 5.64501160e+02 6.19872131e+01
    6.18064819e+02 8.98708740e+02 5.96472534e+02 1.58027527e+02
    5.04564972e+02 9.82541809e+01 6.62650208e+02 3.59699066e+02
    8.74019897e+02 4.67601379e+02 7.75865112e+02 7.51539124e+02
    5.59553894e+02 4.81448273e+02 2.88468842e+02 6.51799011e+02
    5.61514343e+02 9.96277161e+02 1.27856934e+02 4.31151001e+02
    6.70091797e+02 9.47889526e+02 2.29265289e+02 9.11046631e+02</data></test_hist>
<my_lkt type_id="opencv-matrix">
  <rows>256</rows>
  <cols>1</cols>
  <dt>u</dt>
  <data>
    1 1 3 4 5 6 7 7 8 8 9 10 10 10 12 13 14 15 17 18 18 20 21 22 23 24
    24 25 27 27 28 28 30 31 33 35 35 36 37 38 40 40 42 43 45 46 46 46 47
    47 48 50 51 52 52 53 55 56 56 57 59 60 61 62 63 64 65 66 67 69 70 72
    74 75 76 77 77 78 80 81 83 84 85 86 87 87 88 89 90 91 93 94 94 94 95
    95 96 98 99 101 103 104 105 105 106 108 108 109 110 111 111 111 112
    114 116 116 116 117 117 119 119 121 121 123 125 125 125 126 128 129
    130 131 133 133 134 136 136 138 139 141 142 144 145 146 146 147 148
    150 152 152 154 155 155 155 157 157 158 159 160 162 163 164 164 166
    168 168 168 168 169 169 170 170 170 172 173 173 173 173 174 175 175
    177 178 179 180 180 180 182 184 184 185 187 189 190 192 193 194 195
    195 196 197 197 198 200 200 200 201 203 204 206 207 209 210 211 212
    214 216 216 217 218 219 220 222 222 223 224 224 225 227 227 229 229
    230 232 233 233 234 234 236 236 238 239 240 242 243 244 244 246 247
    249 249 250 251 253 253 255</data></my_lkt>
<your_lkt type_id="opencv-matrix">
  <rows>256</rows>
  <cols>1</cols>
  <dt>u</dt>
  <data>
    3 3 6 8 11 12 14 15 15 16 19 19 20 20 23 25 28 30 34 34 35 39 42 44
    46 47 47 50 52 54 54 56 60 62 65 68 69 72 73 76 79 79 82 85 88 90 90
    91 92 93 95 97 100 102 102 105 108 109 110 113 117 118 119 123 123
    126 128 130 133 136 138 141 145 147 150 151 152 154 157 160 163 166
    167 170 171 171 174 176 177 180 183 185 185 185 187 187 188 192 195
    198 202 204 206 207 209 213 213 215 217 218 218 218 221 225 229 229
    229 230 231 234 234 237 239 242 245 245 247 248 251 253 255 3 6 6 9
    12 13 17 19 23 25 28 31 32 33 36 38 42 45 45 49 51 51 51 55 56 57 60
    61 65 68 69 70 74 78 78 79 79 79 79 82 82 83 86 87 89 89 89 90 91 93
    97 99 100 102 102 103 107 110 111 113 116 120 123 126 129 131 133
    134 136 137 137 140 143 144 144 145 148 152 155 157 161 164 165 168
    172 176 176 179 181 183 184 187 189 191 193 193 195 199 199 201 202
    204 208 210 210 212 213 215 217 220 222 225 228 230 232 233 236 238
    242 243 244 247 251 252 255</data></your_lkt>
</opencv_storage>
