<?xml version="1.0"?>
<opencv_storage>
<L2_diff>1.0198039027185569e+01</L2_diff>
<test_hist type_id="opencv-matrix">
  <rows>256</rows>
  <cols>1</cols>
  <dt>f</dt>
  <data>
    7.06442322e+02 5.15289490e+02 1.80938019e+02 1.54072174e+02
    5.10873413e+00 5.40282959e+02 5.83990601e+02 7.56297119e+02
    7.19137329e+02 7.55313843e+02 8.38519531e+02 9.84687439e+02
    9.81979980e+02 6.84881897e+01 8.00682983e+02 9.73146912e+02
    5.60626892e+02 1.42179474e+02 9.25181946e+02 7.75847107e+02
    8.72804932e+02 2.45289062e+02 3.49242615e+02 4.92809174e+02
    9.47561890e+02 5.77172485e+02 4.11190430e+02 5.94281616e+02
    7.42076538e+02 4.27096436e+02 5.47550598e+02 5.61579041e+02
    1.21947052e+02 2.71367798e+02 8.20945923e+02 8.71575867e+02
    6.08711670e+02 3.28122284e+02 1.35451080e+02 1.54237488e+02
    8.46122559e+02 9.43848877e+02 5.58130127e+02 3.09136536e+02
    8.80890747e+02 2.29119354e+02 7.36731018e+02 5.15162964e+02
    5.77703247e+01 8.02762939e+02 3.49359650e+02 7.50174683e+02
    5.20172546e+02 4.36553101e+02 6.52045288e+02 6.85031921e+02
    5.16308716e+02 1.12913300e+02 5.78183228e+02 6.91467041e+02
    5.59747559e+02 3.47975769e+02 7.15933838e+02 5.22280579e+02
    2.34204437e+02 6.17625977e+02 4.64484528e+02 4.02280090e+02
    2.88488159e+02 4.98212830e+02 1.10259216e+02 2.63928406e+02
    5.87161255e+02 8.90377197e+02 3.17390747e+02 4.02736877e+02
    6.38227722e+02 3.54176208e+02 5.41259521e+02 1.92385681e+02
    6.15019653e+02 2.23219055e+02 2.73286804e+02 8.11868896e+01
    9.23526123e+02 8.24778931e+02 6.01941101e+02 1.09901123e+01
    2.93759613e+02 8.93323669e+01 7.19553650e+02 7.77310059e+02
    3.80228333e+02 3.49282959e+02 8.28265137e+02 3.28409973e+02
    3.53827271e+02 5.48036743e+02 1.08046692e+02 7.90604736e+02
    6.67909424e+02 4.86891266e+02 4.88674591e+02 5.89821045e+02
    8.70937500e+02 3.84652161e+02 4.35730103e+02 3.50329346e+02
    8.89427246e+02 2.14021942e+02 5.36662170e+02 5.25026489e+02
    3.38944824e+02 6.67073303e+02 3.73898346e+02 1.13124481e+02
    7.63710449e+02 6.44336609e+02 8.88614563e+02 8.03095459e+02
    6.41344299e+02 9.03222290e+02 1.11433441e+02 2.34915436e+02
    2.27297760e+02 8.38960205e+02 3.83576508e+02 4.56609009e+02
    8.92883728e+02 4.74829132e+02 3.78365173e+02 7.18750610e+02
    8.32283081e+02 4.03679626e+02 5.01270477e+02 2.88814819e+02
    3.48956757e+02 7.19439026e+02 5.83230164e+02 5.57235657e+02
    9.09448792e+02 6.50689087e+02 4.77324615e+02 8.64889038e+02
    3.72578094e+02 1.86056549e+02 5.76676453e+02 3.72755371e+02
    5.28007019e+02 1.17237366e+02 3.95293304e+02 3.71858276e+02
    6.23495117e+02 4.30667297e+02 7.45571899e+02 8.35673523e+02
    2.74086182e+02 8.82672241e+02 9.21865356e+02 5.24255310e+02
    5.29202332e+02 5.84730408e+02 1.97417511e+02 4.07852112e+02
    6.74584473e+02 5.94402466e+01 6.19165588e+02 2.95350037e+02
    1.86620697e+02 1.70968872e+02 3.05350586e+02 8.02773560e+02
    9.71029968e+01 1.97375610e+02 4.42737640e+02 7.35457275e+02
    6.76730469e+02 2.32499969e+02 9.48283569e+02 4.16524841e+02
    7.04397217e+02 2.58691101e+01 8.88332214e+02 1.46550415e+02
    9.44788513e+02 9.45404114e+02 4.97699524e+02 8.87452942e+02
    6.94037109e+02 3.09240662e+02 4.54755524e+02 6.28546143e+02
    3.88214478e+02 8.01349121e+02 6.67706848e+02 6.46435730e+02
    5.83155212e+02 5.19545776e+02 6.42464050e+02 1.35821381e+02
    9.47174744e+02 7.35915649e+02 6.39086609e+02 6.03594360e+02
    7.71666565e+02 5.28363892e+02 6.12172852e+02 6.86230469e+02
    6.23802673e+02 6.77301392e+02 6.30037292e+02 2.76401367e+01
    2.07415192e+02 9.08232605e+02 9.05851807e+02 7.69489014e+02
    6.79035339e+01 5.35002441e+01 5.23977051e+02 9.55328735e+02
    2.54600525e+01 7.00322266e+02 9.68417969e+01 5.48642578e+02
    7.86261230e+02 7.41189270e+02 9.51439697e+02 4.50035828e+02
    5.68549744e+02 3.32654907e+02 8.83046570e+02 8.74611084e+02
    5.73747864e+02 2.23393677e+02 7.11808716e+02 1.88591370e+02
    4.56282654e+01 3.64283966e+02 7.85149170e+02 5.45657104e+02
    8.50722351e+01 3.18703308e+02 1.59725830e+02 9.99242432e+02
    5.97438538e+02 4.59745087e+02 9.86310181e+02 9.34428345e+02
    9.70764832e+02 1.28234375e+02 1.52212128e+02 6.96245728e+01
    7.38807983e+02 4.90658264e+02 9.91036682e+01 8.49588745e+02</data></test_hist>
<my_lkt type_id="opencv-matrix">
  <rows>256</rows>
  <cols>1</cols>
  <dt>u</dt>
  <data>
    1 2 3 3 3 4 5 7 8 9 11 13 15 15 16 18 19 20 21 23 25 25 26 27 28 30
    30 31 33 34 35 36 36 37 38 40 41 42 42 42 44 46 47 47 49 49 51 52 52
    53 54 55 56 57 59 60 61 61 62 63 65 65 67 68 68 69 70 71 71 72 73 73
    74 76 77 77 79 79 80 81 82 82 83 83 85 86 87 87 88 88 90 91 92 92 94
    95 95 96 97 98 99 100 101 102 104 105 106 106 108 108 109 110 111
    112 113 113 115 116 118 119 120 122 122 123 123 125 126 126 128 129
    130 131 133 133 134 135 136 137 138 139 141 142 143 145 145 146 147
    147 148 149 149 150 151 152 153 155 156 157 159 160 161 162 162 163
    164 165 166 166 167 167 168 169 169 170 170 172 173 174 175 176 177
    177 179 179 181 183 184 186 187 188 188 190 190 192 193 194 195 196
    198 198 200 201 202 203 205 206 207 208 209 211 212 212 212 214 216
    217 217 217 218 220 220 222 222 223 224 226 227 228 229 230 232 233
    234 235 236 237 237 237 239 240 240 241 241 243 244 245 247 248 250
    250 251 251 252 253 253 255</data></my_lkt>
<your_lkt type_id="opencv-matrix">
  <rows>256</rows>
  <cols>1</cols>
  <dt>u</dt>
  <data>
    1 2 3 3 3 4 5 7 8 9 11 13 15 15 16 18 19 19 21 23 24 25 26 26 28 29
    30 31 33 33 35 36 36 36 38 40 41 41 42 42 43 45 46 47 49 49 50 51 52
    53 54 55 56 57 58 59 60 61 62 63 64 65 66 67 68 69 70 70 71 72 72 73
    74 75 76 77 78 79 80 80 81 82 82 82 84 86 87 87 87 88 89 90 91 92 93
    94 95 96 96 97 99 100 101 102 103 104 105 106 107 108 109 110 110
    112 112 112 114 115 117 118 120 121 121 122 122 124 125 126 127 128
    129 130 132 133 134 134 135 136 137 138 140 141 142 144 145 145 146
    147 148 148 149 149 151 151 153 154 155 157 158 159 160 161 162 163
    164 164 165 166 166 166 167 168 169 169 170 171 173 173 175 176 177
    177 179 179 181 183 183 185 186 187 188 189 190 191 193 194 195 196
    197 197 199 201 202 203 204 205 207 208 209 210 212 212 212 214 215
    217 217 217 218 220 220 221 222 223 224 225 227 228 229 230 232 233
    234 235 236 236 237 237 239 240 240 240 241 243 244 245 247 248 250
    250 251 251 252 253 253 255</data></your_lkt>
</opencv_storage>
