<?xml version="1.0"?>
<opencv_storage>
<L2_diff>2.3858673475279384e+03</L2_diff>
<test_hist type_id="opencv-matrix">
  <rows>256</rows>
  <cols>1</cols>
  <dt>f</dt>
  <data>
    6.08382263e+02 1.87220917e+02 2.23263519e+02 6.62596130e+02
    4.79927246e+02 8.19160400e+02 4.83671112e+02 1.39773956e+02
    8.59253845e+02 2.45076538e+02 1.98434906e+02 6.90581543e+02
    6.51658447e+02 1.28554688e+02 6.23939087e+02 9.98468750e+02
    9.48093994e+02 2.85638245e+02 1.94391937e+02 6.55445068e+02
    1.51638489e+01 7.23303223e+02 9.43075867e+02 4.61535614e+02
    3.73328613e+02 4.22000824e+02 8.66706848e+02 8.04134888e+02
    8.38021179e+02 5.07419159e+02 3.84697357e+02 4.23330688e+01
    4.74973755e+02 3.62841797e+00 5.50513672e+02 6.91997314e+02
    6.55996643e+02 9.26241211e+02 1.30588989e+01 6.34822083e+02
    6.62863281e+02 7.95227173e+02 3.36447632e+02 8.79088440e+02
    5.61732178e+01 4.58132507e+02 2.99100311e+02 5.97187195e+01
    5.19695862e+02 1.86676025e+00 1.66850677e+02 2.73429932e+02
    8.91446289e+02 8.34447021e+01 7.37850830e+02 3.39710754e+02
    2.67496307e+02 8.93173828e+02 2.07791626e+02 4.24774475e+01
    5.18796387e+02 8.05233643e+02 8.20977783e+02 4.27294250e+02
    3.05149689e+02 1.64351929e+02 6.24886719e+02 7.93383850e+02
    9.02059509e+02 7.67205811e+02 7.07411194e+02 3.37361725e+02
    6.39065918e+02 5.41784546e+02 4.38430511e+02 6.72325745e+02
    2.77925293e+02 1.09552246e+02 2.98656494e+02 2.08533813e+02
    7.63465759e+02 8.02327393e+02 5.18330017e+02 1.86630463e+02
    2.07058258e+02 6.67531433e+01 1.83825073e+02 5.67856323e+02
    2.89586792e+02 2.99528259e+02 8.82298706e+02 5.33314331e+02
    3.66219238e+02 1.65000885e+02 3.61377045e+02 3.27838257e+02
    2.36968140e+02 8.24374390e+02 2.89854675e+02 3.18618164e+02
    4.11014709e+02 4.27267151e+01 7.17312622e+02 2.80598022e+02
    6.53587952e+01 2.72423248e+02 4.14042084e+02 4.33542236e+02
    9.42355225e+02 4.52808258e+02 8.04277344e+01 3.25545624e+02
    3.62324707e+02 2.76677277e+02 2.71789246e+02 9.38455811e+02
    4.31973419e+02 7.28437744e+02 9.91839600e+02 3.73207489e+02
    7.54996338e+01 1.78236786e+02 6.69552734e+02 3.94270874e+02
    7.37459961e+02 3.95517761e+02 1.46766510e+02 5.53714661e+02
    1.44666718e+02 2.27447693e+02 3.30527405e+02 9.65238770e+02
    9.82671143e+02 5.14403625e+02 3.56755310e+02 8.63444092e+02
    5.40853760e+02 6.33570923e+02 2.15641266e+02 9.15443237e+02
    4.97312134e+02 5.82875916e+02 8.23517944e+02 7.59913635e+02
    5.03196442e+02 5.50759155e+02 5.77435791e+02 9.69416870e+02
    7.11885864e+02 5.88065552e+02 9.26750366e+02 8.62332153e+02
    4.13948975e+02 7.60769531e+02 7.11340942e+02 4.16406799e+02
    4.56387909e+02 7.08646484e+02 7.06106445e+02 7.52288818e+02
    6.53189087e+02 7.12203674e+02 3.59011810e+02 1.26325623e+02
    6.20273926e+02 3.96198090e+02 4.61347046e+01 7.05260132e+02
    2.17514709e+02 2.46009048e+02 8.26120911e+01 3.78084686e+02
    2.02292084e+02 9.56602539e+02 6.07684448e+02 6.47882080e+01
    6.93226074e+02 7.44390259e+02 8.99871460e+02 3.90328644e+02
    7.02788330e+02 9.18428955e+02 1.21474579e+02 5.80299438e+02
    5.16409363e+02 7.58559204e+02 4.83397675e+02 7.99549438e+02
    3.30057800e+02 5.81925110e+02 4.73899811e+02 7.88259155e+02
    5.06971283e+02 7.10259644e+02 5.76575684e+02 2.45658905e+02
    3.29667847e+02 6.36410583e+02 3.79124756e+01 7.32687500e+02
    5.71145935e+01 9.58050049e+02 4.01424805e+02 7.31365845e+02
    2.89644165e+02 5.05988892e+02 8.18963013e+01 5.37164917e+02
    1.56771149e+02 1.83975067e+02 4.50217743e+02 1.23009979e+02
    5.50658630e+02 1.59954529e+01 8.44120056e+02 5.73634644e+01
    4.23165466e+02 5.76312927e+02 7.37215271e+02 3.04407104e+02
    3.13687561e+02 5.34311462e+02 1.21440857e+02 3.07669006e+02
    6.30463501e+02 8.61676880e+02 5.99585571e+02 4.31305389e+02
    8.50360107e+02 7.79329529e+01 5.65254150e+02 2.51292099e+02
    2.78337555e+02 7.44873962e+02 5.43309204e+02 4.53090790e+02
    4.03574615e+02 4.63273682e+02 1.01826660e+02 3.81364014e+02
    1.03702820e+02 5.22841309e+02 8.63769287e+02 2.13985657e+02
    5.27997437e+01 4.46675995e+02 1.23681671e+02 2.31546967e+02
    9.47885742e+01 9.33302917e+02 5.26441956e+02 5.96702148e+02
    6.35936279e+02 8.86154541e+02 4.24796021e+02 1.95238831e+02</data></test_hist>
<my_lkt type_id="opencv-matrix">
  <rows>256</rows>
  <cols>1</cols>
  <dt>u</dt>
  <data>
    1 2 2 3 4 6 7 7 9 10 10 12 13 13 15 17 19 19 20 21 21 23 24 25 26 27
    29 31 32 33 34 34 35 35 36 38 39 41 41 42 44 46 46 48 48 49 50 50 51
    51 51 52 54 54 55 56 57 59 59 59 60 62 64 64 65 65 67 68 70 72 73 74
    75 76 77 79 79 80 80 81 82 84 85 85 86 86 86 87 88 89 91 92 92 93 94
    94 95 96 97 98 99 99 100 101 101 101 102 103 105 106 106 107 108 108
    109 111 112 113 115 116 116 117 118 119 120 121 121 123 123 123 124
    126 128 129 130 132 133 134 135 136 138 139 140 142 143 144 145 147
    149 150 152 154 155 156 158 159 160 161 163 164 165 167 168 168 169
    170 170 172 172 173 173 174 174 176 177 177 179 180 182 183 185 186
    187 188 189 191 192 193 194 195 196 198 199 200 201 202 203 204 204
    206 206 208 209 210 211 212 212 213 213 214 215 215 216 216 218 218
    219 220 222 222 223 224 224 225 226 228 229 230 232 232 233 234 234
    236 237 238 239 240 240 241 241 242 244 244 244 245 246 246 246 248
    249 251 252 254 255 255</data></my_lkt>
<your_lkt type_id="opencv-matrix">
  <rows>256</rows>
  <cols>1</cols>
  <dt>u</dt>
  <data>
    0 0 0 0 0 0 0 0 0 0 0 0 0 0 0 0 0 0 0 0 0 0 0 0 0 0 0 0 0 0 0 0 0 0
    0 0 0 0 0 0 0 0 0 0 0 0 0 0 0 0 0 0 0 0 0 0 0 0 0 0 0 0 0 0 0 0 0 0
    0 0 0 0 0 0 0 0 0 0 0 0 0 0 0 0 0 0 0 0 0 0 0 0 0 0 0 0 0 0 0 0 0 0
    0 0 0 0 0 0 0 0 0 0 0 0 0 0 0 0 0 0 0 0 0 0 0 0 0 0 0 0 0 0 0 0 0 0
    0 0 0 0 0 0 0 0 0 0 0 0 0 0 0 0 0 0 0 0 0 0 0 0 0 0 0 0 0 0 0 0 0 0
    0 0 0 0 0 0 0 0 0 0 0 0 0 0 0 0 0 0 0 0 0 0 0 0 0 0 0 0 0 0 0 0 0 0
    0 0 0 0 0 0 0 0 0 0 0 0 0 0 0 0 0 0 0 0 0 0 0 0 0 0 0 0 0 0 0 0 0 0
    0 0 0 0 0 0 0 0 0 0 0 0 0 0 0 0 0 0</data></your_lkt>
</opencv_storage>
