<?xml version="1.0"?>
<opencv_storage>
<my_calib_data>"%YAML:1.0&#x0a;---&#x0a;image-width: 41&#x0a;image-height: 60&#x0a;error: 1.9349920749664307e-01&#x0a;camera-matrix: !!opencv-matrix&#x0a;   rows: 3&#x0a;   cols: 3&#x0a;   dt: d&#x0a;   data: [ 4.9193617104937692e+02, 5.5942367388911020e+02,&#x0a;       1.8324079761691951e+02, 6.5499641761708779e+02,&#x0a;       1.9025386663859308e+02, 7.0439576489602939e+02,&#x0a;       9.5611507403622522e+02, 4.2409989597329468e+02,&#x0a;       1.8118521219494647e+02 ]&#x0a;distortion-coefficients: !!opencv-matrix&#x0a;   rows: 1&#x0a;   cols: 5&#x0a;   dt: d&#x0a;   data: [ -2.5739492724623669e-01, -2.3512573919961366e-01,&#x0a;       -7.5527567283449948e-01, -7.0381296397954440e-01,&#x0a;       -7.1168948354736561e-01 ]&#x0a;rvec: !!opencv-matrix&#x0a;   rows: 3&#x0a;   cols: 1&#x0a;   dt: d&#x0a;   data: [ 4.3872320340588888e-01, 2.7272315134999714e-01,&#x0a;       9.3359795113776878e-01 ]&#x0a;tvec: !!opencv-matrix&#x0a;   rows: 3&#x0a;   cols: 1&#x0a;   dt: d&#x0a;   data: [ 1.9282451607763473e-01, 4.6938171301000697e-02,&#x0a;       3.7373529829326446e-01 ]&#x0a;"</my_calib_data>
<your_calib_data>"%YAML:1.0&#x0a;---&#x0a;width: 41&#x0a;height: 60&#x0a;error: 1.9349920749664307e-01&#x0a;camera-matrix: !!opencv-matrix&#x0a;   rows: 3&#x0a;   cols: 3&#x0a;   dt: d&#x0a;   data: [ 4.9193617104937692e+02, 5.5942367388911020e+02,&#x0a;       1.8324079761691951e+02, 6.5499641761708779e+02,&#x0a;       1.9025386663859308e+02, 7.0439576489602939e+02,&#x0a;       9.5611507403622522e+02, 4.2409989597329468e+02,&#x0a;       1.8118521219494647e+02 ]&#x0a;distortion-coefficients: !!opencv-matrix&#x0a;   rows: 1&#x0a;   cols: 5&#x0a;   dt: d&#x0a;   data: [ -2.5739492724623669e-01, -2.3512573919961366e-01,&#x0a;       -7.5527567283449948e-01, -7.0381296397954440e-01,&#x0a;       -7.1168948354736561e-01 ]&#x0a;rvec: !!opencv-matrix&#x0a;   rows: 3&#x0a;   cols: 1&#x0a;   dt: d&#x0a;   data: [ 4.3872320340588888e-01, 2.7272315134999714e-01,&#x0a;       9.3359795113776878e-01 ]&#x0a;tvec: !!opencv-matrix&#x0a;   rows: 3&#x0a;   cols: 1&#x0a;   dt: d&#x0a;   data: [ 1.9282451607763473e-01, 4.6938171301000697e-02,&#x0a;       3.7373529829326446e-01 ]&#x0a;"</your_calib_data>
</opencv_storage>
