<?xml version="1.0"?>
<opencv_storage>
<my_calib_data>"%YAML:1.0&#x0a;---&#x0a;image-width: 146&#x0a;image-height: 245&#x0a;error: 3.2489296793937683e-01&#x0a;camera-matrix: !!opencv-matrix&#x0a;   rows: 3&#x0a;   cols: 3&#x0a;   dt: d&#x0a;   data: [ 1.8270245237456368e+02, 5.9254174089572120e+02,&#x0a;       6.5566121206845605e+02, 3.6502760870137081e+01,&#x0a;       9.4779273414058980e+02, 2.9308633888937356e+02,&#x0a;       8.4209212911526424e+02, 3.9541017993626480e+02,&#x0a;       9.9015896601329905e+02 ]&#x0a;distortion-coefficients: !!opencv-matrix&#x0a;   rows: 1&#x0a;   cols: 5&#x0a;   dt: d&#x0a;   data: [ 5.2333587150802630e-01, 3.8193237513943756e-01,&#x0a;       5.6407594456578758e-01, 9.7349969356949306e-01,&#x0a;       -2.1984617471690428e-02 ]&#x0a;rvec: !!opencv-matrix&#x0a;   rows: 3&#x0a;   cols: 1&#x0a;   dt: d&#x0a;   data: [ 2.9875280404441473e-01, 4.9147276086140523e-01,&#x0a;       7.6961027666960102e-01 ]&#x0a;tvec: !!opencv-matrix&#x0a;   rows: 3&#x0a;   cols: 1&#x0a;   dt: d&#x0a;   data: [ 6.9225755339987716e-01, 9.3437456569270105e-02,&#x0a;       1.5521358549023662e-01 ]&#x0a;"</my_calib_data>
<your_calib_data>"%YAML:1.0&#x0a;---&#x0a;"</your_calib_data>
</opencv_storage>
