<?xml version="1.0"?>
<opencv_storage>
<my_calib_data>"%YAML:1.0&#x0a;---&#x0a;image-width: 241&#x0a;image-height: 52&#x0a;error: 3.6894899606704712e-01&#x0a;camera-matrix: !!opencv-matrix&#x0a;   rows: 3&#x0a;   cols: 3&#x0a;   dt: d&#x0a;   data: [ 4.9547122179212278e+02, 4.5221022050020417e+02,&#x0a;       5.4624665224071930e+02, 9.5481062551225989e+01,&#x0a;       2.4608022313971261e+02, 9.0809931017539623e+02,&#x0a;       3.5787150598963274e+02, 3.5406282516938927e+02,&#x0a;       5.6500646211863477e+02 ]&#x0a;distortion-coefficients: !!opencv-matrix&#x0a;   rows: 1&#x0a;   cols: 5&#x0a;   dt: d&#x0a;   data: [ -4.6344870672077924e-02, -8.7089220530016043e-01,&#x0a;       6.1049471541655143e-01, 9.9705188269540834e-01,&#x0a;       -6.2251894805420693e-01 ]&#x0a;rvec: !!opencv-matrix&#x0a;   rows: 3&#x0a;   cols: 1&#x0a;   dt: d&#x0a;   data: [ 5.9169718824976203e-01, 2.2428403564005167e-01,&#x0a;       1.4803545961676878e-01 ]&#x0a;tvec: !!opencv-matrix&#x0a;   rows: 3&#x0a;   cols: 1&#x0a;   dt: d&#x0a;   data: [ 5.2999550444735477e-01, 6.7522918643175789e-01,&#x0a;       6.6620729052692718e-01 ]&#x0a;"</my_calib_data>
<your_calib_data>"%YAML:1.0&#x0a;---&#x0a;width: 241&#x0a;height: 52&#x0a;error: 3.6894899606704712e-01&#x0a;camera-matrix: !!opencv-matrix&#x0a;   rows: 3&#x0a;   cols: 3&#x0a;   dt: d&#x0a;   data: [ 4.9547122179212278e+02, 4.5221022050020417e+02,&#x0a;       5.4624665224071930e+02, 9.5481062551225989e+01,&#x0a;       2.4608022313971261e+02, 9.0809931017539623e+02,&#x0a;       3.5787150598963274e+02, 3.5406282516938927e+02,&#x0a;       5.6500646211863477e+02 ]&#x0a;distortion-coefficients: !!opencv-matrix&#x0a;   rows: 1&#x0a;   cols: 5&#x0a;   dt: d&#x0a;   data: [ -4.6344870672077924e-02, -8.7089220530016043e-01,&#x0a;       6.1049471541655143e-01, 9.9705188269540834e-01,&#x0a;       -6.2251894805420693e-01 ]&#x0a;rvec: !!opencv-matrix&#x0a;   rows: 3&#x0a;   cols: 1&#x0a;   dt: d&#x0a;   data: [ 5.9169718824976203e-01, 2.2428403564005167e-01,&#x0a;       1.4803545961676878e-01 ]&#x0a;tvec: !!opencv-matrix&#x0a;   rows: 3&#x0a;   cols: 1&#x0a;   dt: d&#x0a;   data: [ 5.2999550444735477e-01, 6.7522918643175789e-01,&#x0a;       6.6620729052692718e-01 ]&#x0a;"</your_calib_data>
</opencv_storage>
