<?xml version="1.0"?>
<opencv_storage>
<my_calib_data>"%YAML:1.0&#x0a;---&#x0a;image-width: 96&#x0a;image-height: 196&#x0a;error: 4.6342071890830994e-01&#x0a;camera-matrix: !!opencv-matrix&#x0a;   rows: 3&#x0a;   cols: 3&#x0a;   dt: d&#x0a;   data: [ 2.2188032274629785e+02, 4.6931738934945776e+02,&#x0a;       2.0392185448202395e+02, 7.3228918613926623e+02,&#x0a;       1.9198135292449706e+01, 2.7464294457685980e+01,&#x0a;       8.4530955215717927e+02, 4.8717277039188252e+02,&#x0a;       5.8281461055327168e+02 ]&#x0a;distortion-coefficients: !!opencv-matrix&#x0a;   rows: 1&#x0a;   cols: 5&#x0a;   dt: d&#x0a;   data: [ 2.1644662696882466e-01, -6.4462485299215377e-01,&#x0a;       -8.8637246207466103e-01, 3.0660857232265123e-02,&#x0a;       -5.4207329311647168e-01 ]&#x0a;rvec: !!opencv-matrix&#x0a;   rows: 3&#x0a;   cols: 1&#x0a;   dt: d&#x0a;   data: [ 1.2482801003076327e-01, 1.1388961426119937e-01,&#x0a;       2.0749439778628276e-01 ]&#x0a;tvec: !!opencv-matrix&#x0a;   rows: 3&#x0a;   cols: 1&#x0a;   dt: d&#x0a;   data: [ 5.1244429305337125e-01, 5.7820337685106027e-01,&#x0a;       3.1780705369911977e-01 ]&#x0a;"</my_calib_data>
<your_calib_data>"%YAML:1.0&#x0a;---&#x0a;width: 96&#x0a;height: 196&#x0a;error: 4.6342071890830994e-01&#x0a;camera-matrix: !!opencv-matrix&#x0a;   rows: 3&#x0a;   cols: 3&#x0a;   dt: d&#x0a;   data: [ 2.2188032274629785e+02, 4.6931738934945776e+02,&#x0a;       2.0392185448202395e+02, 7.3228918613926623e+02,&#x0a;       1.9198135292449706e+01, 2.7464294457685980e+01,&#x0a;       8.4530955215717927e+02, 4.8717277039188252e+02,&#x0a;       5.8281461055327168e+02 ]&#x0a;distortion-coefficients: !!opencv-matrix&#x0a;   rows: 1&#x0a;   cols: 5&#x0a;   dt: d&#x0a;   data: [ 2.1644662696882466e-01, -6.4462485299215377e-01,&#x0a;       -8.8637246207466103e-01, 3.0660857232265123e-02,&#x0a;       -5.4207329311647168e-01 ]&#x0a;rvec: !!opencv-matrix&#x0a;   rows: 3&#x0a;   cols: 1&#x0a;   dt: d&#x0a;   data: [ 1.2482801003076327e-01, 1.1388961426119937e-01,&#x0a;       2.0749439778628276e-01 ]&#x0a;tvec: !!opencv-matrix&#x0a;   rows: 3&#x0a;   cols: 1&#x0a;   dt: d&#x0a;   data: [ 5.1244429305337125e-01, 5.7820337685106027e-01,&#x0a;       3.1780705369911977e-01 ]&#x0a;"</your_calib_data>
</opencv_storage>
