<?xml version="1.0"?>
<opencv_storage>
<my_calib_data>"%YAML:1.0&#x0a;---&#x0a;image-width: 207&#x0a;image-height: 178&#x0a;error: 4.9564725160598755e-01&#x0a;camera-matrix: !!opencv-matrix&#x0a;   rows: 3&#x0a;   cols: 3&#x0a;   dt: d&#x0a;   data: [ 8.8483708019169580e+02, 8.6076466980697205e+02,&#x0a;       1.1990071122962888e+01, 9.7398480551701164e+02,&#x0a;       1.6769317085768819e+01, 1.2321763148091736e+02,&#x0a;       5.4310818333279917e+02, 3.5027314886492741e+02,&#x0a;       7.1672138521087459e+02 ]&#x0a;distortion-coefficients: !!opencv-matrix&#x0a;   rows: 1&#x0a;   cols: 5&#x0a;   dt: d&#x0a;   data: [ -1.6696027847864454e-02, 2.0814952888349999e-02,&#x0a;       1.5010627173357285e-01, -9.6408849159591814e-01,&#x0a;       -1.2996557145273752e-01 ]&#x0a;rvec: !!opencv-matrix&#x0a;   rows: 3&#x0a;   cols: 1&#x0a;   dt: d&#x0a;   data: [ 4.5697761324856018e-01, 1.9377864802442435e-01,&#x0a;       7.2823861024174119e-01 ]&#x0a;tvec: !!opencv-matrix&#x0a;   rows: 3&#x0a;   cols: 1&#x0a;   dt: d&#x0a;   data: [ 5.1667302828778672e-01, 5.4597975593436698e-01,&#x0a;       6.5683406895133367e-01 ]&#x0a;"</my_calib_data>
<your_calib_data>"%YAML:1.0&#x0a;---&#x0a;"</your_calib_data>
</opencv_storage>
