<?xml version="1.0"?>
<opencv_storage>
<my_calib_data>"%YAML:1.0&#x0a;---&#x0a;image-width: 174&#x0a;image-height: 177&#x0a;error: 2.2749792039394379e-01&#x0a;camera-matrix: !!opencv-matrix&#x0a;   rows: 3&#x0a;   cols: 3&#x0a;   dt: d&#x0a;   data: [ 8.4849929766005232e+01, 9.1179588243164858e+01,&#x0a;       4.3812371923885564e+01, 1.0803736869093086e+01,&#x0a;       6.7844274103486725e+01, 7.3983405844925073e+01,&#x0a;       5.1897110430444627e+02, 8.3781863120812841e+02,&#x0a;       1.7004038587389249e+02 ]&#x0a;distortion-coefficients: !!opencv-matrix&#x0a;   rows: 1&#x0a;   cols: 5&#x0a;   dt: d&#x0a;   data: [ -8.2976216094114363e-01, 1.1320935262711714e-01,&#x0a;       5.3355624762125808e-01, 5.4365579190603430e-01,&#x0a;       -1.8501747852955192e-01 ]&#x0a;rvec: !!opencv-matrix&#x0a;   rows: 3&#x0a;   cols: 1&#x0a;   dt: d&#x0a;   data: [ 9.8686916634440647e-01, 9.8169169772233000e-01,&#x0a;       8.0039444646497837e-01 ]&#x0a;tvec: !!opencv-matrix&#x0a;   rows: 3&#x0a;   cols: 1&#x0a;   dt: d&#x0a;   data: [ 5.1640929489232990e-02, 2.9355758999822096e-01,&#x0a;       3.2729689748248236e-01 ]&#x0a;"</my_calib_data>
<your_calib_data>"%YAML:1.0&#x0a;---&#x0a;width: 174&#x0a;height: 177&#x0a;error: 2.2749792039394379e-01&#x0a;camera-matrix: !!opencv-matrix&#x0a;   rows: 3&#x0a;   cols: 3&#x0a;   dt: d&#x0a;   data: [ 8.4849929766005232e+01, 9.1179588243164858e+01,&#x0a;       4.3812371923885564e+01, 1.0803736869093086e+01,&#x0a;       6.7844274103486725e+01, 7.3983405844925073e+01,&#x0a;       5.1897110430444627e+02, 8.3781863120812841e+02,&#x0a;       1.7004038587389249e+02 ]&#x0a;distortion-coefficients: !!opencv-matrix&#x0a;   rows: 1&#x0a;   cols: 5&#x0a;   dt: d&#x0a;   data: [ -8.2976216094114363e-01, 1.1320935262711714e-01,&#x0a;       5.3355624762125808e-01, 5.4365579190603430e-01,&#x0a;       -1.8501747852955192e-01 ]&#x0a;rvec: !!opencv-matrix&#x0a;   rows: 3&#x0a;   cols: 1&#x0a;   dt: d&#x0a;   data: [ 9.8686916634440647e-01, 9.8169169772233000e-01,&#x0a;       8.0039444646497837e-01 ]&#x0a;tvec: !!opencv-matrix&#x0a;   rows: 3&#x0a;   cols: 1&#x0a;   dt: d&#x0a;   data: [ 5.1640929489232990e-02, 2.9355758999822096e-01,&#x0a;       3.2729689748248236e-01 ]&#x0a;"</your_calib_data>
</opencv_storage>
