<?xml version="1.0"?>
<opencv_storage>
<my_calib_data>"%YAML:1.0&#x0a;---&#x0a;image-width: 88&#x0a;image-height: 92&#x0a;error: 6.5898996591567993e-01&#x0a;camera-matrix: !!opencv-matrix&#x0a;   rows: 3&#x0a;   cols: 3&#x0a;   dt: d&#x0a;   data: [ 4.9730206457215843e+02, 2.9848341386930576e+02,&#x0a;       3.5735517385748756e+02, 7.6308940836028012e+02,&#x0a;       2.0482435991408357e+02, 9.1578058285719726e+02,&#x0a;       2.9298914861939602e+02, 7.2709072049916142e+02,&#x0a;       2.9500288172164323e+02 ]&#x0a;distortion-coefficients: !!opencv-matrix&#x0a;   rows: 1&#x0a;   cols: 5&#x0a;   dt: d&#x0a;   data: [ -7.0045187428084765e-01, 1.8697335088164410e-01,&#x0a;       -9.4321353263656815e-01, -5.3048737556096537e-01,&#x0a;       5.8752774592724551e-02 ]&#x0a;rvec: !!opencv-matrix&#x0a;   rows: 3&#x0a;   cols: 1&#x0a;   dt: d&#x0a;   data: [ 3.7106503733165719e-01, 7.1346949409802596e-01,&#x0a;       1.9688124819821795e-01 ]&#x0a;tvec: !!opencv-matrix&#x0a;   rows: 3&#x0a;   cols: 1&#x0a;   dt: d&#x0a;   data: [ 6.1883250243863508e-01, 4.1906950811744526e-01,&#x0a;       2.2832232524902502e-01 ]&#x0a;"</my_calib_data>
<your_calib_data>"%YAML:1.0&#x0a;---&#x0a;"</your_calib_data>
</opencv_storage>
