<?xml version="1.0"?>
<opencv_storage>
<my_calib_data>"%YAML:1.0&#x0a;---&#x0a;image-width: 171&#x0a;image-height: 114&#x0a;error: 5.2789455652236938e-01&#x0a;camera-matrix: !!opencv-matrix&#x0a;   rows: 3&#x0a;   cols: 3&#x0a;   dt: d&#x0a;   data: [ 3.9556614533336682e+02, 8.5653647102146545e+02,&#x0a;       3.0317856635566329e+02, 2.5408166967771390e+02,&#x0a;       1.2565768527128876e+02, 5.8539324081659106e+02,&#x0a;       2.9645170692419799e+02, 5.7789856655810331e+02,&#x0a;       8.2694340010069766e+02 ]&#x0a;distortion-coefficients: !!opencv-matrix&#x0a;   rows: 1&#x0a;   cols: 5&#x0a;   dt: d&#x0a;   data: [ -9.9434074325624733e-01, -6.8608513870853816e-01,&#x0a;       1.6817967064541900e-01, 8.9267439538684834e-01,&#x0a;       -6.7985781308597848e-01 ]&#x0a;rvec: !!opencv-matrix&#x0a;   rows: 3&#x0a;   cols: 1&#x0a;   dt: d&#x0a;   data: [ 3.1454605787063072e-01, 6.1972686527061260e-01,&#x0a;       4.8162703917271021e-01 ]&#x0a;tvec: !!opencv-matrix&#x0a;   rows: 3&#x0a;   cols: 1&#x0a;   dt: d&#x0a;   data: [ 1.5771112473492993e-01, 8.9138606228814310e-01,&#x0a;       5.5777146210417472e-01 ]&#x0a;"</my_calib_data>
<your_calib_data>"%YAML:1.0&#x0a;---&#x0a;width: 171&#x0a;height: 114&#x0a;error: 5.2789455652236938e-01&#x0a;camera-matrix: !!opencv-matrix&#x0a;   rows: 3&#x0a;   cols: 3&#x0a;   dt: d&#x0a;   data: [ 3.9556614533336682e+02, 8.5653647102146545e+02,&#x0a;       3.0317856635566329e+02, 2.5408166967771390e+02,&#x0a;       1.2565768527128876e+02, 5.8539324081659106e+02,&#x0a;       2.9645170692419799e+02, 5.7789856655810331e+02,&#x0a;       8.2694340010069766e+02 ]&#x0a;distortion-coefficients: !!opencv-matrix&#x0a;   rows: 1&#x0a;   cols: 5&#x0a;   dt: d&#x0a;   data: [ -9.9434074325624733e-01, -6.8608513870853816e-01,&#x0a;       1.6817967064541900e-01, 8.9267439538684834e-01,&#x0a;       -6.7985781308597848e-01 ]&#x0a;rvec: !!opencv-matrix&#x0a;   rows: 3&#x0a;   cols: 1&#x0a;   dt: d&#x0a;   data: [ 3.1454605787063072e-01, 6.1972686527061260e-01,&#x0a;       4.8162703917271021e-01 ]&#x0a;tvec: !!opencv-matrix&#x0a;   rows: 3&#x0a;   cols: 1&#x0a;   dt: d&#x0a;   data: [ 1.5771112473492993e-01, 8.9138606228814310e-01,&#x0a;       5.5777146210417472e-01 ]&#x0a;"</your_calib_data>
</opencv_storage>
