<?xml version="1.0"?>
<opencv_storage>
<my_calib_data>"%YAML:1.0&#x0a;---&#x0a;image-width: 38&#x0a;image-height: 175&#x0a;error: 3.2482618093490601e-01&#x0a;camera-matrix: !!opencv-matrix&#x0a;   rows: 3&#x0a;   cols: 3&#x0a;   dt: d&#x0a;   data: [ 7.7419623898948657e+02, 5.5857514093139400e+01,&#x0a;       6.8795258071977798e+01, 7.1480572818582186e+02,&#x0a;       4.7096980903490930e+02, 3.4397056312664915e+01,&#x0a;       2.9026912211398917e+02, 3.0130720971299741e+02,&#x0a;       8.0473735178131960e+01 ]&#x0a;distortion-coefficients: !!opencv-matrix&#x0a;   rows: 1&#x0a;   cols: 5&#x0a;   dt: d&#x0a;   data: [ -7.6996903747185352e-01, 6.8182121477853097e-01,&#x0a;       -6.1249325735001503e-01, 3.8282491298054561e-01,&#x0a;       7.3734836661518366e-01 ]&#x0a;rvec: !!opencv-matrix&#x0a;   rows: 3&#x0a;   cols: 1&#x0a;   dt: d&#x0a;   data: [ 9.7114652357006204e-01, 5.8449826775323344e-02,&#x0a;       7.3024055420922540e-01 ]&#x0a;tvec: !!opencv-matrix&#x0a;   rows: 3&#x0a;   cols: 1&#x0a;   dt: d&#x0a;   data: [ 3.3004736253602157e-01, 6.0780514353069270e-01,&#x0a;       6.1633670262632434e-01 ]&#x0a;"</my_calib_data>
<your_calib_data>"%YAML:1.0&#x0a;---&#x0a;width: 38&#x0a;height: 175&#x0a;error: 3.2482618093490601e-01&#x0a;camera-matrix: !!opencv-matrix&#x0a;   rows: 3&#x0a;   cols: 3&#x0a;   dt: d&#x0a;   data: [ 7.7419623898948657e+02, 5.5857514093139400e+01,&#x0a;       6.8795258071977798e+01, 7.1480572818582186e+02,&#x0a;       4.7096980903490930e+02, 3.4397056312664915e+01,&#x0a;       2.9026912211398917e+02, 3.0130720971299741e+02,&#x0a;       8.0473735178131960e+01 ]&#x0a;distortion-coefficients: !!opencv-matrix&#x0a;   rows: 1&#x0a;   cols: 5&#x0a;   dt: d&#x0a;   data: [ -7.6996903747185352e-01, 6.8182121477853097e-01,&#x0a;       -6.1249325735001503e-01, 3.8282491298054561e-01,&#x0a;       7.3734836661518366e-01 ]&#x0a;rvec: !!opencv-matrix&#x0a;   rows: 3&#x0a;   cols: 1&#x0a;   dt: d&#x0a;   data: [ 9.7114652357006204e-01, 5.8449826775323344e-02,&#x0a;       7.3024055420922540e-01 ]&#x0a;tvec: !!opencv-matrix&#x0a;   rows: 3&#x0a;   cols: 1&#x0a;   dt: d&#x0a;   data: [ 3.3004736253602157e-01, 6.0780514353069270e-01,&#x0a;       6.1633670262632434e-01 ]&#x0a;"</your_calib_data>
</opencv_storage>
