<?xml version="1.0"?>
<opencv_storage>
<w>7</w>
<h>6</h>
<size>8.</size>
<L2_diff>1.9628550634216475e+02</L2_diff>
<my_points type_id="opencv-matrix">
  <rows>42</rows>
  <cols>1</cols>
  <dt>"3f"</dt>
  <data>
    8. 8. 0. 16. 8. 0. 24. 8. 0. 32. 8. 0. 40. 8. 0. 48. 8. 0. 56. 8. 0.
    8. 16. 0. 16. 16. 0. 24. 16. 0. 32. 16. 0. 40. 16. 0. 48. 16. 0. 56.
    16. 0. 8. 24. 0. 16. 24. 0. 24. 24. 0. 32. 24. 0. 40. 24. 0. 48. 24.
    0. 56. 24. 0. 8. 32. 0. 16. 32. 0. 24. 32. 0. 32. 32. 0. 40. 32. 0.
    48. 32. 0. 56. 32. 0. 8. 40. 0. 16. 40. 0. 24. 40. 0. 32. 40. 0. 40.
    40. 0. 48. 40. 0. 56. 40. 0. 8. 48. 0. 16. 48. 0. 24. 48. 0. 32. 48.
    0. 40. 48. 0. 48. 48. 0. 56. 48. 0.</data></my_points>
<your_points type_id="opencv-matrix">
  <rows>42</rows>
  <cols>1</cols>
  <dt>"3f"</dt>
  <data>
    8. 8. 0. 8. 16. 0. 8. 24. 0. 8. 32. 0. 8. 40. 0. 8. 48. 0. 8. 56. 0.
    16. 8. 0. 16. 16. 0. 16. 24. 0. 16. 32. 0. 16. 40. 0. 16. 48. 0. 16.
    56. 0. 24. 8. 0. 24. 16. 0. 24. 24. 0. 24. 32. 0. 24. 40. 0. 24. 48.
    0. 24. 56. 0. 32. 8. 0. 32. 16. 0. 32. 24. 0. 32. 32. 0. 32. 40. 0.
    32. 48. 0. 32. 56. 0. 40. 8. 0. 40. 16. 0. 40. 24. 0. 40. 32. 0. 40.
    40. 0. 40. 48. 0. 40. 56. 0. 48. 8. 0. 48. 16. 0. 48. 24. 0. 48. 32.
    0. 48. 40. 0. 48. 48. 0. 48. 56. 0.</data></your_points>
</opencv_storage>
