<?xml version="1.0"?>
<opencv_storage>
<my_calib_data>"%YAML:1.0&#x0a;---&#x0a;image-width: 127&#x0a;image-height: 73&#x0a;error: 4.3164622783660889e-01&#x0a;camera-matrix: !!opencv-matrix&#x0a;   rows: 3&#x0a;   cols: 3&#x0a;   dt: d&#x0a;   data: [ 6.3707351213465017e+02, 1.4066603065683182e+01,&#x0a;       5.1805440161807905e+02, 4.3497557659109771e+02,&#x0a;       5.0467049421432006e+02, 1.1480155470886478e+02,&#x0a;       3.2482497687362684e+02, 3.0318723800588566e+02,&#x0a;       8.5584284080631664e+02 ]&#x0a;distortion-coefficients: !!opencv-matrix&#x0a;   rows: 1&#x0a;   cols: 5&#x0a;   dt: d&#x0a;   data: [ -4.8420564022610574e-01, 3.2437899836103706e-01,&#x0a;       -7.2310026867441923e-01, 7.6744533964391604e-01,&#x0a;       9.9374627851513331e-01 ]&#x0a;rvec: !!opencv-matrix&#x0a;   rows: 3&#x0a;   cols: 1&#x0a;   dt: d&#x0a;   data: [ 6.6699149680366421e-01, 7.5079543822490025e-01,&#x0a;       6.0295760241411644e-01 ]&#x0a;tvec: !!opencv-matrix&#x0a;   rows: 3&#x0a;   cols: 1&#x0a;   dt: d&#x0a;   data: [ 7.1547116062134497e-01, 4.6344585581890912e-01,&#x0a;       5.2171015644778262e-01 ]&#x0a;"</my_calib_data>
<your_calib_data>"%YAML:1.0&#x0a;---&#x0a;width: 127&#x0a;height: 73&#x0a;error: 4.3164622783660889e-01&#x0a;camera-matrix: !!opencv-matrix&#x0a;   rows: 3&#x0a;   cols: 3&#x0a;   dt: d&#x0a;   data: [ 6.3707351213465017e+02, 1.4066603065683182e+01,&#x0a;       5.1805440161807905e+02, 4.3497557659109771e+02,&#x0a;       5.0467049421432006e+02, 1.1480155470886478e+02,&#x0a;       3.2482497687362684e+02, 3.0318723800588566e+02,&#x0a;       8.5584284080631664e+02 ]&#x0a;distortion-coefficients: !!opencv-matrix&#x0a;   rows: 1&#x0a;   cols: 5&#x0a;   dt: d&#x0a;   data: [ -4.8420564022610574e-01, 3.2437899836103706e-01,&#x0a;       -7.2310026867441923e-01, 7.6744533964391604e-01,&#x0a;       9.9374627851513331e-01 ]&#x0a;rvec: !!opencv-matrix&#x0a;   rows: 3&#x0a;   cols: 1&#x0a;   dt: d&#x0a;   data: [ 6.6699149680366421e-01, 7.5079543822490025e-01,&#x0a;       6.0295760241411644e-01 ]&#x0a;tvec: !!opencv-matrix&#x0a;   rows: 3&#x0a;   cols: 1&#x0a;   dt: d&#x0a;   data: [ 7.1547116062134497e-01, 4.6344585581890912e-01,&#x0a;       5.2171015644778262e-01 ]&#x0a;"</your_calib_data>
</opencv_storage>
